[2026-03-18T16:43:37.152+0100] {local_task_job_runner.py:123} INFO - ::group::Pre task execution logs
[2026-03-18T16:43:37.161+0100] {taskinstance.py:2614} INFO - Dependencies all met for dep_context=non-requeueable deps ti=<TaskInstance: ipo_pipeline_daily.ingest_full manual__2026-03-18T15:43:33.140733+00:00 [queued]>
[2026-03-18T16:43:37.166+0100] {taskinstance.py:2614} INFO - Dependencies all met for dep_context=requeueable deps ti=<TaskInstance: ipo_pipeline_daily.ingest_full manual__2026-03-18T15:43:33.140733+00:00 [queued]>
[2026-03-18T16:43:37.167+0100] {taskinstance.py:2867} INFO - Starting attempt 1 of 2
[2026-03-18T16:43:37.176+0100] {taskinstance.py:2890} INFO - Executing <Task(BashOperator): ingest_full> on 2026-03-18 15:43:33.140733+00:00
[2026-03-18T16:43:37.181+0100] {standard_task_runner.py:72} INFO - Started process 52299 to run task
[2026-03-18T16:43:37.187+0100] {standard_task_runner.py:104} INFO - Running: ['airflow', 'tasks', 'run', 'ipo_pipeline_daily', 'ingest_full', 'manual__2026-03-18T15:43:33.140733+00:00', '--job-id', '6', '--raw', '--subdir', 'DAGS_FOLDER/ipo_pipeline_dag.py', '--cfg-path', '/var/folders/rl/d1ygt19j75337nbnslvz22pm0000gn/T/tmp0m6blhz8']
[2026-03-18T16:43:37.190+0100] {standard_task_runner.py:105} INFO - Job 6: Subtask ingest_full
[2026-03-18T16:43:37.230+0100] {task_command.py:467} INFO - Running <TaskInstance: ipo_pipeline_daily.ingest_full manual__2026-03-18T15:43:33.140733+00:00 [running]> on host atanass-macbook-pro.local
[2026-03-18T16:43:37.282+0100] {taskinstance.py:3134} INFO - Exporting env vars: AIRFLOW_CTX_DAG_OWNER='atanas' AIRFLOW_CTX_DAG_ID='ipo_pipeline_daily' AIRFLOW_CTX_TASK_ID='ingest_full' AIRFLOW_CTX_EXECUTION_DATE='2026-03-18T15:43:33.140733+00:00' AIRFLOW_CTX_TRY_NUMBER='1' AIRFLOW_CTX_DAG_RUN_ID='manual__2026-03-18T15:43:33.140733+00:00'
[2026-03-18T16:43:37.284+0100] {logging_mixin.py:190} INFO - Task instance is in running state
[2026-03-18T16:43:37.285+0100] {logging_mixin.py:190} INFO -  Previous state of the Task instance: queued
[2026-03-18T16:43:37.285+0100] {logging_mixin.py:190} INFO - Current task name:ingest_full state:running start_date:2026-03-18 15:43:37.162304+00:00
[2026-03-18T16:43:37.286+0100] {logging_mixin.py:190} INFO - Dag name:ipo_pipeline_daily and current dag run status:running
[2026-03-18T16:43:37.286+0100] {taskinstance.py:732} INFO - ::endgroup::
[2026-03-18T16:43:37.288+0100] {subprocess.py:78} INFO - Tmp dir root location: /var/folders/rl/d1ygt19j75337nbnslvz22pm0000gn/T
[2026-03-18T16:43:37.289+0100] {subprocess.py:88} INFO - Running command: ['/bin/bash', '-c', 'bash -lc \'\n        cd /Users/atanasivanov/ipo-intel/ipo-intel &&\n        source .venv/bin/activate &&\n        set -a &&\n        source .env &&\n        set +a &&\n        export PYTHONPATH="/Users/atanasivanov/ipo-intel/ipo-intel" &&\n        python -m src.ingest.run_ingestion\n        \'']
[2026-03-18T16:43:37.294+0100] {subprocess.py:99} INFO - Output:
[2026-03-18T16:46:46.184+0100] {subprocess.py:106} INFO - 📥 IPO incremental window: 2025-03-18 -> 2026-04-01 | events=200
[2026-03-18T16:46:46.185+0100] {subprocess.py:106} INFO - 🏷️ Finnhub profiles: empty_payloads=10 so far (example symbol=BVXX)
[2026-03-18T16:46:46.186+0100] {subprocess.py:106} INFO - 🏷️ Finnhub profiles: empty_payloads=20 so far (example symbol=DTDT)
[2026-03-18T16:46:46.186+0100] {subprocess.py:106} INFO - 🏷️ Finnhub profiles: empty_payloads=29 so far (example symbol=HAMA)
[2026-03-18T16:46:46.187+0100] {subprocess.py:106} INFO - 🏷️ Finnhub profiles done: upserted=1 | empty=29 | failed=0
[2026-03-18T16:46:46.187+0100] {subprocess.py:106} INFO - 🏷️ Finnhub profiles upserted: 1 (attempted=30)
[2026-03-18T16:46:46.188+0100] {subprocess.py:106} INFO - ⚠️ Yahoo profile failed for ADBT: Too Many Requests. Rate limited. Try after a while.
[2026-03-18T16:46:46.188+0100] {subprocess.py:106} INFO - ⚠️ Yahoo profile failed for AED: Too Many Requests. Rate limited. Try after a while.
[2026-03-18T16:46:46.189+0100] {subprocess.py:106} INFO - ⚠️ Yahoo profile failed for AIAI: Too Many Requests. Rate limited. Try after a while.
[2026-03-18T16:46:46.190+0100] {subprocess.py:106} INFO - ⚠️ Yahoo profile failed for AIGO: Too Many Requests. Rate limited. Try after a while.
[2026-03-18T16:46:46.190+0100] {subprocess.py:106} INFO - ⚠️ Yahoo profile failed for AOJE: Too Many Requests. Rate limited. Try after a while.
[2026-03-18T16:46:46.191+0100] {subprocess.py:106} INFO - ⚠️ Yahoo profile failed for APEX: Too Many Requests. Rate limited. Try after a while.
[2026-03-18T16:46:46.192+0100] {subprocess.py:106} INFO - ⚠️ Yahoo profile failed for BAO: Too Many Requests. Rate limited. Try after a while.
[2026-03-18T16:46:46.193+0100] {subprocess.py:106} INFO - ⚠️ Yahoo profile failed for BGHL: Too Many Requests. Rate limited. Try after a while.
[2026-03-18T16:46:46.194+0100] {subprocess.py:106} INFO - ⚠️ Yahoo profile failed for BTFT: Too Many Requests. Rate limited. Try after a while.
[2026-03-18T16:46:46.194+0100] {subprocess.py:106} INFO - ⚠️ Yahoo profile failed for BVXX: Too Many Requests. Rate limited. Try after a while.
[2026-03-18T16:46:46.195+0100] {subprocess.py:106} INFO - ⚠️ Yahoo profile failed for BWGC: Too Many Requests. Rate limited. Try after a while.
[2026-03-18T16:46:46.195+0100] {subprocess.py:106} INFO - ⚠️ Yahoo profile failed for CCIL: Too Many Requests. Rate limited. Try after a while.
[2026-03-18T16:46:46.196+0100] {subprocess.py:106} INFO - ⚠️ Yahoo profile failed for CDN: Too Many Requests. Rate limited. Try after a while.
[2026-03-18T16:46:46.196+0100] {subprocess.py:106} INFO - ⚠️ Yahoo profile failed for CLBZ: Too Many Requests. Rate limited. Try after a while.
[2026-03-18T16:46:46.197+0100] {subprocess.py:106} INFO - ⚠️ Yahoo profile failed for CQFT: Too Many Requests. Rate limited. Try after a while.
[2026-03-18T16:46:46.197+0100] {subprocess.py:106} INFO - ⚠️ Yahoo profile failed for CYSC: Too Many Requests. Rate limited. Try after a while.
[2026-03-18T16:46:46.198+0100] {subprocess.py:106} INFO - ⚠️ Yahoo profile failed for DETX: Too Many Requests. Rate limited. Try after a while.
[2026-03-18T16:46:46.198+0100] {subprocess.py:106} INFO - ⚠️ Yahoo profile failed for DMNT: Too Many Requests. Rate limited. Try after a while.
[2026-03-18T16:46:46.199+0100] {subprocess.py:106} INFO - ⚠️ Yahoo profile failed for DNJF: Too Many Requests. Rate limited. Try after a while.
[2026-03-18T16:46:46.199+0100] {subprocess.py:106} INFO - ⚠️ Yahoo profile failed for DTDT: Too Many Requests. Rate limited. Try after a while.
[2026-03-18T16:46:46.200+0100] {subprocess.py:106} INFO - ⚠️ Yahoo profile failed for EOHC: Too Many Requests. Rate limited. Try after a while.
[2026-03-18T16:46:46.200+0100] {subprocess.py:106} INFO - ⚠️ Yahoo profile failed for EUPX: Too Many Requests. Rate limited. Try after a while.
[2026-03-18T16:46:46.201+0100] {subprocess.py:106} INFO - ⚠️ Yahoo profile failed for EVON: Too Many Requests. Rate limited. Try after a while.
[2026-03-18T16:46:46.201+0100] {subprocess.py:106} INFO - ⚠️ Yahoo profile failed for EVVO: Too Many Requests. Rate limited. Try after a while.
[2026-03-18T16:46:46.202+0100] {subprocess.py:106} INFO - ⚠️ Yahoo profile failed for FFLY: Too Many Requests. Rate limited. Try after a while.
[2026-03-18T16:46:46.202+0100] {subprocess.py:106} INFO - ⚠️ Yahoo profile failed for FVAV: Too Many Requests. Rate limited. Try after a while.
[2026-03-18T16:46:46.203+0100] {subprocess.py:106} INFO - ⚠️ Yahoo profile failed for GMTL: Too Many Requests. Rate limited. Try after a while.
[2026-03-18T16:46:46.204+0100] {subprocess.py:106} INFO - ⚠️ Yahoo profile failed for GRVT: Too Many Requests. Rate limited. Try after a while.
[2026-03-18T16:46:46.204+0100] {subprocess.py:106} INFO - ⚠️ Yahoo profile failed for GST: Too Many Requests. Rate limited. Try after a while.
[2026-03-18T16:46:46.205+0100] {subprocess.py:106} INFO - ⚠️ Yahoo profile failed for HAMA: Too Many Requests. Rate limited. Try after a while.
[2026-03-18T16:46:46.205+0100] {subprocess.py:106} INFO - ⚠️ Yahoo profile failed for HLXC: Too Many Requests. Rate limited. Try after a while.
[2026-03-18T16:46:46.206+0100] {subprocess.py:106} INFO - ⚠️ Yahoo profile failed for HQBB: Too Many Requests. Rate limited. Try after a while.
[2026-03-18T16:46:46.207+0100] {subprocess.py:106} INFO - ⚠️ Yahoo profile failed for HWEP: Too Many Requests. Rate limited. Try after a while.
[2026-03-18T16:46:46.208+0100] {subprocess.py:106} INFO - ⚠️ Yahoo profile failed for HYRD: Too Many Requests. Rate limited. Try after a while.
[2026-03-18T16:46:46.209+0100] {subprocess.py:106} INFO - ⚠️ Yahoo profile failed for IBL: Too Many Requests. Rate limited. Try after a while.
[2026-03-18T16:46:46.210+0100] {subprocess.py:106} INFO - ⚠️ Yahoo profile failed for INAI: Too Many Requests. Rate limited. Try after a while.
[2026-03-18T16:46:46.210+0100] {subprocess.py:106} INFO - ⚠️ Yahoo profile failed for INHI: Too Many Requests. Rate limited. Try after a while.
[2026-03-18T16:46:46.211+0100] {subprocess.py:106} INFO - ⚠️ Yahoo profile failed for INNP: Too Many Requests. Rate limited. Try after a while.
[2026-03-18T16:46:46.212+0100] {subprocess.py:106} INFO - ⚠️ Yahoo profile failed for JAN: Too Many Requests. Rate limited. Try after a while.
[2026-03-18T16:46:46.212+0100] {subprocess.py:106} INFO - ⚠️ Yahoo profile failed for JLZQ: Too Many Requests. Rate limited. Try after a while.
[2026-03-18T16:46:46.213+0100] {subprocess.py:106} INFO - ⚠️ Yahoo profile failed for KWF: Too Many Requests. Rate limited. Try after a while.
[2026-03-18T16:46:46.213+0100] {subprocess.py:106} INFO - ⚠️ Yahoo profile failed for LABT: Too Many Requests. Rate limited. Try after a while.
[2026-03-18T16:46:46.214+0100] {subprocess.py:106} INFO - ⚠️ Yahoo profile failed for LBRJ: Too Many Requests. Rate limited. Try after a while.
[2026-03-18T16:46:46.214+0100] {subprocess.py:106} INFO - ⚠️ Yahoo profile failed for LFTO: Too Many Requests. Rate limited. Try after a while.
[2026-03-18T16:46:46.215+0100] {subprocess.py:106} INFO - ⚠️ Yahoo profile failed for MARH: Too Many Requests. Rate limited. Try after a while.
[2026-03-18T16:46:46.216+0100] {subprocess.py:106} INFO - ⚠️ Yahoo profile failed for MAVG: Too Many Requests. Rate limited. Try after a while.
[2026-03-18T16:46:46.216+0100] {subprocess.py:106} INFO - ⚠️ Yahoo profile failed for MCL: Too Many Requests. Rate limited. Try after a while.
[2026-03-18T16:46:46.217+0100] {subprocess.py:106} INFO - ⚠️ Yahoo profile failed for MDHT: Too Many Requests. Rate limited. Try after a while.
[2026-03-18T16:46:46.217+0100] {subprocess.py:106} INFO - ⚠️ Yahoo profile failed for MEON: Too Many Requests. Rate limited. Try after a while.
[2026-03-18T16:46:46.218+0100] {subprocess.py:106} INFO - ⚠️ Yahoo profile failed for MTVE: Too Many Requests. Rate limited. Try after a while.
[2026-03-18T16:46:46.219+0100] {subprocess.py:106} INFO - 🏷️ Yahoo profiles done: upserted=0 | empty=0 | timeouts=0 | failed=50
[2026-03-18T16:46:46.219+0100] {subprocess.py:106} INFO - 🏷️ Yahoo profiles upserted: 0 (attempted=50)
[2026-03-18T16:46:46.220+0100] {subprocess.py:106} INFO - 🧭 Alpha mapping: nothing new to resolve
[2026-03-18T16:46:46.220+0100] {subprocess.py:106} INFO - 🧭 Yahoo mapping: nothing new to resolve
[2026-03-18T16:46:46.221+0100] {subprocess.py:106} INFO - ⚠️ Yahoo prices failed for FVAV->FVAV (2026-02-26): yfinance history failed for FVAV: Too Many Requests. Rate limited. Try after a while.
[2026-03-18T16:46:46.221+0100] {subprocess.py:106} INFO - 📈 Prices progress: 10/40 | rows=0 | with_data=0 | no_data=10 | failed=1 | yahoo_used=9 | alpha_used=0
[2026-03-18T16:46:46.222+0100] {subprocess.py:106} INFO - ⚠️ Yahoo prices failed for CEPS->CEPS (2026-02-05): yfinance history failed for CEPS: Too Many Requests. Rate limited. Try after a while.
[2026-03-18T16:46:46.223+0100] {subprocess.py:106} INFO - 📈 Prices progress: 20/40 | rows=0 | with_data=0 | no_data=20 | failed=2 | yahoo_used=18 | alpha_used=0
[2026-03-18T16:46:46.223+0100] {subprocess.py:106} INFO - 📈 Prices progress: 30/40 | rows=0 | with_data=0 | no_data=30 | failed=2 | yahoo_used=28 | alpha_used=0
[2026-03-18T16:46:46.224+0100] {subprocess.py:106} INFO - ⚠️ Yahoo prices failed for HLXC->HLXC (2026-01-23): yfinance history failed for HLXC: Too Many Requests. Rate limited. Try after a while.
[2026-03-18T16:46:46.225+0100] {subprocess.py:106} INFO - 📈 Prices progress: 40/40 | rows=0 | with_data=0 | no_data=40 | failed=3 | yahoo_used=37 | alpha_used=0
[2026-03-18T16:46:46.228+0100] {subprocess.py:106} INFO - ✅ Ingestion ok: ipos=200, fh_profiles=1, yh_profiles=0, prices_tickers=40, rows=0, with_data=0, no_data=40, failed=3, yahoo_used=37, alpha_used=0
[2026-03-18T16:46:46.322+0100] {subprocess.py:110} INFO - Command exited with return code 0
[2026-03-18T16:46:46.338+0100] {taskinstance.py:341} INFO - ::group::Post task execution logs
[2026-03-18T16:46:46.340+0100] {taskinstance.py:353} INFO - Marking task as SUCCESS. dag_id=ipo_pipeline_daily, task_id=ingest_full, run_id=manual__2026-03-18T15:43:33.140733+00:00, execution_date=20260318T154333, start_date=20260318T154337, end_date=20260318T154646
[2026-03-18T16:46:46.352+0100] {logging_mixin.py:190} INFO - Task instance in success state
[2026-03-18T16:46:46.352+0100] {logging_mixin.py:190} INFO -  Previous state of the Task instance: running
[2026-03-18T16:46:46.353+0100] {logging_mixin.py:190} INFO - Dag name:ipo_pipeline_daily queued_at:2026-03-18 15:43:33.150447+00:00
[2026-03-18T16:46:46.354+0100] {logging_mixin.py:190} INFO - Task hostname:atanass-macbook-pro.local operator:BashOperator
[2026-03-18T16:46:46.389+0100] {local_task_job_runner.py:266} INFO - Task exited with return code 0
[2026-03-18T16:46:46.411+0100] {taskinstance.py:3901} INFO - 1 downstream tasks scheduled from follow-on schedule check
[2026-03-18T16:46:46.412+0100] {local_task_job_runner.py:245} INFO - ::endgroup::
