[2026-03-18T16:15:31.544+0100] {processor.py:186} INFO - Started process (PID=44311) to work on /Users/atanasivanov/ipo-intel/ipo-intel/.venv_airflow/lib/python3.11/site-packages/airflow/example_dags/plugins/event_listener.py
[2026-03-18T16:15:31.545+0100] {processor.py:914} INFO - Processing file /Users/atanasivanov/ipo-intel/ipo-intel/.venv_airflow/lib/python3.11/site-packages/airflow/example_dags/plugins/event_listener.py for tasks to queue
[2026-03-18T16:15:31.546+0100] {logging_mixin.py:190} INFO - [2026-03-18T16:15:31.546+0100] {dagbag.py:588} INFO - Filling up the DagBag from /Users/atanasivanov/ipo-intel/ipo-intel/.venv_airflow/lib/python3.11/site-packages/airflow/example_dags/plugins/event_listener.py
[2026-03-18T16:15:31.547+0100] {processor.py:927} WARNING - No viable dags retrieved from /Users/atanasivanov/ipo-intel/ipo-intel/.venv_airflow/lib/python3.11/site-packages/airflow/example_dags/plugins/event_listener.py
[2026-03-18T16:15:31.628+0100] {processor.py:208} INFO - Processing /Users/atanasivanov/ipo-intel/ipo-intel/.venv_airflow/lib/python3.11/site-packages/airflow/example_dags/plugins/event_listener.py took 0.089 seconds
[2026-03-18T16:19:40.751+0100] {processor.py:186} INFO - Started process (PID=45165) to work on /Users/atanasivanov/ipo-intel/ipo-intel/.venv_airflow/lib/python3.11/site-packages/airflow/example_dags/plugins/event_listener.py
[2026-03-18T16:19:40.752+0100] {processor.py:914} INFO - Processing file /Users/atanasivanov/ipo-intel/ipo-intel/.venv_airflow/lib/python3.11/site-packages/airflow/example_dags/plugins/event_listener.py for tasks to queue
[2026-03-18T16:19:40.753+0100] {logging_mixin.py:190} INFO - [2026-03-18T16:19:40.753+0100] {dagbag.py:588} INFO - Filling up the DagBag from /Users/atanasivanov/ipo-intel/ipo-intel/.venv_airflow/lib/python3.11/site-packages/airflow/example_dags/plugins/event_listener.py
[2026-03-18T16:19:40.754+0100] {processor.py:927} WARNING - No viable dags retrieved from /Users/atanasivanov/ipo-intel/ipo-intel/.venv_airflow/lib/python3.11/site-packages/airflow/example_dags/plugins/event_listener.py
[2026-03-18T16:19:40.833+0100] {processor.py:208} INFO - Processing /Users/atanasivanov/ipo-intel/ipo-intel/.venv_airflow/lib/python3.11/site-packages/airflow/example_dags/plugins/event_listener.py took 0.087 seconds
[2026-03-18T16:22:20.068+0100] {processor.py:186} INFO - Started process (PID=45794) to work on /Users/atanasivanov/ipo-intel/ipo-intel/.venv_airflow/lib/python3.11/site-packages/airflow/example_dags/plugins/event_listener.py
[2026-03-18T16:22:20.069+0100] {processor.py:914} INFO - Processing file /Users/atanasivanov/ipo-intel/ipo-intel/.venv_airflow/lib/python3.11/site-packages/airflow/example_dags/plugins/event_listener.py for tasks to queue
[2026-03-18T16:22:20.070+0100] {logging_mixin.py:190} INFO - [2026-03-18T16:22:20.069+0100] {dagbag.py:588} INFO - Filling up the DagBag from /Users/atanasivanov/ipo-intel/ipo-intel/.venv_airflow/lib/python3.11/site-packages/airflow/example_dags/plugins/event_listener.py
[2026-03-18T16:22:20.071+0100] {processor.py:927} WARNING - No viable dags retrieved from /Users/atanasivanov/ipo-intel/ipo-intel/.venv_airflow/lib/python3.11/site-packages/airflow/example_dags/plugins/event_listener.py
[2026-03-18T16:22:20.159+0100] {processor.py:208} INFO - Processing /Users/atanasivanov/ipo-intel/ipo-intel/.venv_airflow/lib/python3.11/site-packages/airflow/example_dags/plugins/event_listener.py took 0.096 seconds
[2026-03-18T16:24:25.738+0100] {processor.py:186} INFO - Started process (PID=46250) to work on /Users/atanasivanov/ipo-intel/ipo-intel/.venv_airflow/lib/python3.11/site-packages/airflow/example_dags/plugins/event_listener.py
[2026-03-18T16:24:25.739+0100] {processor.py:914} INFO - Processing file /Users/atanasivanov/ipo-intel/ipo-intel/.venv_airflow/lib/python3.11/site-packages/airflow/example_dags/plugins/event_listener.py for tasks to queue
[2026-03-18T16:24:25.741+0100] {logging_mixin.py:190} INFO - [2026-03-18T16:24:25.740+0100] {dagbag.py:588} INFO - Filling up the DagBag from /Users/atanasivanov/ipo-intel/ipo-intel/.venv_airflow/lib/python3.11/site-packages/airflow/example_dags/plugins/event_listener.py
[2026-03-18T16:24:25.742+0100] {processor.py:927} WARNING - No viable dags retrieved from /Users/atanasivanov/ipo-intel/ipo-intel/.venv_airflow/lib/python3.11/site-packages/airflow/example_dags/plugins/event_listener.py
[2026-03-18T16:24:25.814+0100] {processor.py:208} INFO - Processing /Users/atanasivanov/ipo-intel/ipo-intel/.venv_airflow/lib/python3.11/site-packages/airflow/example_dags/plugins/event_listener.py took 0.081 seconds
[2026-03-18T16:26:27.008+0100] {processor.py:186} INFO - Started process (PID=46714) to work on /Users/atanasivanov/ipo-intel/ipo-intel/.venv_airflow/lib/python3.11/site-packages/airflow/example_dags/plugins/event_listener.py
[2026-03-18T16:26:27.009+0100] {processor.py:914} INFO - Processing file /Users/atanasivanov/ipo-intel/ipo-intel/.venv_airflow/lib/python3.11/site-packages/airflow/example_dags/plugins/event_listener.py for tasks to queue
[2026-03-18T16:26:27.010+0100] {logging_mixin.py:190} INFO - [2026-03-18T16:26:27.010+0100] {dagbag.py:588} INFO - Filling up the DagBag from /Users/atanasivanov/ipo-intel/ipo-intel/.venv_airflow/lib/python3.11/site-packages/airflow/example_dags/plugins/event_listener.py
[2026-03-18T16:26:27.012+0100] {processor.py:927} WARNING - No viable dags retrieved from /Users/atanasivanov/ipo-intel/ipo-intel/.venv_airflow/lib/python3.11/site-packages/airflow/example_dags/plugins/event_listener.py
[2026-03-18T16:26:27.091+0100] {processor.py:208} INFO - Processing /Users/atanasivanov/ipo-intel/ipo-intel/.venv_airflow/lib/python3.11/site-packages/airflow/example_dags/plugins/event_listener.py took 0.088 seconds
[2026-03-18T16:28:31.054+0100] {processor.py:186} INFO - Started process (PID=47859) to work on /Users/atanasivanov/ipo-intel/ipo-intel/.venv_airflow/lib/python3.11/site-packages/airflow/example_dags/plugins/event_listener.py
[2026-03-18T16:28:31.055+0100] {processor.py:914} INFO - Processing file /Users/atanasivanov/ipo-intel/ipo-intel/.venv_airflow/lib/python3.11/site-packages/airflow/example_dags/plugins/event_listener.py for tasks to queue
[2026-03-18T16:28:31.056+0100] {logging_mixin.py:190} INFO - [2026-03-18T16:28:31.056+0100] {dagbag.py:588} INFO - Filling up the DagBag from /Users/atanasivanov/ipo-intel/ipo-intel/.venv_airflow/lib/python3.11/site-packages/airflow/example_dags/plugins/event_listener.py
[2026-03-18T16:28:31.058+0100] {processor.py:927} WARNING - No viable dags retrieved from /Users/atanasivanov/ipo-intel/ipo-intel/.venv_airflow/lib/python3.11/site-packages/airflow/example_dags/plugins/event_listener.py
[2026-03-18T16:28:31.134+0100] {processor.py:208} INFO - Processing /Users/atanasivanov/ipo-intel/ipo-intel/.venv_airflow/lib/python3.11/site-packages/airflow/example_dags/plugins/event_listener.py took 0.085 seconds
[2026-03-18T16:30:31.596+0100] {processor.py:186} INFO - Started process (PID=48290) to work on /Users/atanasivanov/ipo-intel/ipo-intel/.venv_airflow/lib/python3.11/site-packages/airflow/example_dags/plugins/event_listener.py
[2026-03-18T16:30:31.598+0100] {processor.py:914} INFO - Processing file /Users/atanasivanov/ipo-intel/ipo-intel/.venv_airflow/lib/python3.11/site-packages/airflow/example_dags/plugins/event_listener.py for tasks to queue
[2026-03-18T16:30:31.600+0100] {logging_mixin.py:190} INFO - [2026-03-18T16:30:31.599+0100] {dagbag.py:588} INFO - Filling up the DagBag from /Users/atanasivanov/ipo-intel/ipo-intel/.venv_airflow/lib/python3.11/site-packages/airflow/example_dags/plugins/event_listener.py
[2026-03-18T16:30:31.602+0100] {processor.py:927} WARNING - No viable dags retrieved from /Users/atanasivanov/ipo-intel/ipo-intel/.venv_airflow/lib/python3.11/site-packages/airflow/example_dags/plugins/event_listener.py
[2026-03-18T16:30:31.683+0100] {processor.py:208} INFO - Processing /Users/atanasivanov/ipo-intel/ipo-intel/.venv_airflow/lib/python3.11/site-packages/airflow/example_dags/plugins/event_listener.py took 0.093 seconds
[2026-03-18T16:32:23.804+0100] {processor.py:186} INFO - Started process (PID=48697) to work on /Users/atanasivanov/ipo-intel/ipo-intel/.venv_airflow/lib/python3.11/site-packages/airflow/example_dags/plugins/event_listener.py
[2026-03-18T16:32:23.805+0100] {processor.py:914} INFO - Processing file /Users/atanasivanov/ipo-intel/ipo-intel/.venv_airflow/lib/python3.11/site-packages/airflow/example_dags/plugins/event_listener.py for tasks to queue
[2026-03-18T16:32:23.806+0100] {logging_mixin.py:190} INFO - [2026-03-18T16:32:23.805+0100] {dagbag.py:588} INFO - Filling up the DagBag from /Users/atanasivanov/ipo-intel/ipo-intel/.venv_airflow/lib/python3.11/site-packages/airflow/example_dags/plugins/event_listener.py
[2026-03-18T16:32:23.807+0100] {processor.py:927} WARNING - No viable dags retrieved from /Users/atanasivanov/ipo-intel/ipo-intel/.venv_airflow/lib/python3.11/site-packages/airflow/example_dags/plugins/event_listener.py
[2026-03-18T16:32:23.885+0100] {processor.py:208} INFO - Processing /Users/atanasivanov/ipo-intel/ipo-intel/.venv_airflow/lib/python3.11/site-packages/airflow/example_dags/plugins/event_listener.py took 0.086 seconds
[2026-03-18T16:34:15.050+0100] {processor.py:186} INFO - Started process (PID=49110) to work on /Users/atanasivanov/ipo-intel/ipo-intel/.venv_airflow/lib/python3.11/site-packages/airflow/example_dags/plugins/event_listener.py
[2026-03-18T16:34:15.051+0100] {processor.py:914} INFO - Processing file /Users/atanasivanov/ipo-intel/ipo-intel/.venv_airflow/lib/python3.11/site-packages/airflow/example_dags/plugins/event_listener.py for tasks to queue
[2026-03-18T16:34:15.052+0100] {logging_mixin.py:190} INFO - [2026-03-18T16:34:15.052+0100] {dagbag.py:588} INFO - Filling up the DagBag from /Users/atanasivanov/ipo-intel/ipo-intel/.venv_airflow/lib/python3.11/site-packages/airflow/example_dags/plugins/event_listener.py
[2026-03-18T16:34:15.053+0100] {processor.py:927} WARNING - No viable dags retrieved from /Users/atanasivanov/ipo-intel/ipo-intel/.venv_airflow/lib/python3.11/site-packages/airflow/example_dags/plugins/event_listener.py
[2026-03-18T16:34:15.125+0100] {processor.py:208} INFO - Processing /Users/atanasivanov/ipo-intel/ipo-intel/.venv_airflow/lib/python3.11/site-packages/airflow/example_dags/plugins/event_listener.py took 0.080 seconds
[2026-03-18T16:36:13.432+0100] {processor.py:186} INFO - Started process (PID=49538) to work on /Users/atanasivanov/ipo-intel/ipo-intel/.venv_airflow/lib/python3.11/site-packages/airflow/example_dags/plugins/event_listener.py
[2026-03-18T16:36:13.433+0100] {processor.py:914} INFO - Processing file /Users/atanasivanov/ipo-intel/ipo-intel/.venv_airflow/lib/python3.11/site-packages/airflow/example_dags/plugins/event_listener.py for tasks to queue
[2026-03-18T16:36:13.434+0100] {logging_mixin.py:190} INFO - [2026-03-18T16:36:13.433+0100] {dagbag.py:588} INFO - Filling up the DagBag from /Users/atanasivanov/ipo-intel/ipo-intel/.venv_airflow/lib/python3.11/site-packages/airflow/example_dags/plugins/event_listener.py
[2026-03-18T16:36:13.435+0100] {processor.py:927} WARNING - No viable dags retrieved from /Users/atanasivanov/ipo-intel/ipo-intel/.venv_airflow/lib/python3.11/site-packages/airflow/example_dags/plugins/event_listener.py
[2026-03-18T16:36:13.508+0100] {processor.py:208} INFO - Processing /Users/atanasivanov/ipo-intel/ipo-intel/.venv_airflow/lib/python3.11/site-packages/airflow/example_dags/plugins/event_listener.py took 0.081 seconds
[2026-03-18T16:38:04.114+0100] {processor.py:186} INFO - Started process (PID=49938) to work on /Users/atanasivanov/ipo-intel/ipo-intel/.venv_airflow/lib/python3.11/site-packages/airflow/example_dags/plugins/event_listener.py
[2026-03-18T16:38:04.115+0100] {processor.py:914} INFO - Processing file /Users/atanasivanov/ipo-intel/ipo-intel/.venv_airflow/lib/python3.11/site-packages/airflow/example_dags/plugins/event_listener.py for tasks to queue
[2026-03-18T16:38:04.116+0100] {logging_mixin.py:190} INFO - [2026-03-18T16:38:04.116+0100] {dagbag.py:588} INFO - Filling up the DagBag from /Users/atanasivanov/ipo-intel/ipo-intel/.venv_airflow/lib/python3.11/site-packages/airflow/example_dags/plugins/event_listener.py
[2026-03-18T16:38:04.117+0100] {processor.py:927} WARNING - No viable dags retrieved from /Users/atanasivanov/ipo-intel/ipo-intel/.venv_airflow/lib/python3.11/site-packages/airflow/example_dags/plugins/event_listener.py
[2026-03-18T16:38:04.196+0100] {processor.py:208} INFO - Processing /Users/atanasivanov/ipo-intel/ipo-intel/.venv_airflow/lib/python3.11/site-packages/airflow/example_dags/plugins/event_listener.py took 0.087 seconds
[2026-03-18T16:40:03.182+0100] {processor.py:186} INFO - Started process (PID=51008) to work on /Users/atanasivanov/ipo-intel/ipo-intel/.venv_airflow/lib/python3.11/site-packages/airflow/example_dags/plugins/event_listener.py
[2026-03-18T16:40:03.183+0100] {processor.py:914} INFO - Processing file /Users/atanasivanov/ipo-intel/ipo-intel/.venv_airflow/lib/python3.11/site-packages/airflow/example_dags/plugins/event_listener.py for tasks to queue
[2026-03-18T16:40:03.184+0100] {logging_mixin.py:190} INFO - [2026-03-18T16:40:03.184+0100] {dagbag.py:588} INFO - Filling up the DagBag from /Users/atanasivanov/ipo-intel/ipo-intel/.venv_airflow/lib/python3.11/site-packages/airflow/example_dags/plugins/event_listener.py
[2026-03-18T16:40:03.185+0100] {processor.py:927} WARNING - No viable dags retrieved from /Users/atanasivanov/ipo-intel/ipo-intel/.venv_airflow/lib/python3.11/site-packages/airflow/example_dags/plugins/event_listener.py
[2026-03-18T16:40:03.267+0100] {processor.py:208} INFO - Processing /Users/atanasivanov/ipo-intel/ipo-intel/.venv_airflow/lib/python3.11/site-packages/airflow/example_dags/plugins/event_listener.py took 0.090 seconds
[2026-03-18T16:42:05.961+0100] {processor.py:186} INFO - Started process (PID=51877) to work on /Users/atanasivanov/ipo-intel/ipo-intel/.venv_airflow/lib/python3.11/site-packages/airflow/example_dags/plugins/event_listener.py
[2026-03-18T16:42:05.962+0100] {processor.py:914} INFO - Processing file /Users/atanasivanov/ipo-intel/ipo-intel/.venv_airflow/lib/python3.11/site-packages/airflow/example_dags/plugins/event_listener.py for tasks to queue
[2026-03-18T16:42:05.963+0100] {logging_mixin.py:190} INFO - [2026-03-18T16:42:05.963+0100] {dagbag.py:588} INFO - Filling up the DagBag from /Users/atanasivanov/ipo-intel/ipo-intel/.venv_airflow/lib/python3.11/site-packages/airflow/example_dags/plugins/event_listener.py
[2026-03-18T16:42:05.965+0100] {processor.py:927} WARNING - No viable dags retrieved from /Users/atanasivanov/ipo-intel/ipo-intel/.venv_airflow/lib/python3.11/site-packages/airflow/example_dags/plugins/event_listener.py
[2026-03-18T16:42:06.040+0100] {processor.py:208} INFO - Processing /Users/atanasivanov/ipo-intel/ipo-intel/.venv_airflow/lib/python3.11/site-packages/airflow/example_dags/plugins/event_listener.py took 0.084 seconds
[2026-03-18T16:47:42.881+0100] {processor.py:186} INFO - Started process (PID=53139) to work on /Users/atanasivanov/ipo-intel/ipo-intel/.venv_airflow/lib/python3.11/site-packages/airflow/example_dags/plugins/event_listener.py
[2026-03-18T16:47:42.882+0100] {processor.py:914} INFO - Processing file /Users/atanasivanov/ipo-intel/ipo-intel/.venv_airflow/lib/python3.11/site-packages/airflow/example_dags/plugins/event_listener.py for tasks to queue
[2026-03-18T16:47:42.883+0100] {logging_mixin.py:190} INFO - [2026-03-18T16:47:42.883+0100] {dagbag.py:588} INFO - Filling up the DagBag from /Users/atanasivanov/ipo-intel/ipo-intel/.venv_airflow/lib/python3.11/site-packages/airflow/example_dags/plugins/event_listener.py
[2026-03-18T16:47:42.885+0100] {processor.py:927} WARNING - No viable dags retrieved from /Users/atanasivanov/ipo-intel/ipo-intel/.venv_airflow/lib/python3.11/site-packages/airflow/example_dags/plugins/event_listener.py
[2026-03-18T16:47:42.996+0100] {processor.py:208} INFO - Processing /Users/atanasivanov/ipo-intel/ipo-intel/.venv_airflow/lib/python3.11/site-packages/airflow/example_dags/plugins/event_listener.py took 0.121 seconds
[2026-03-18T16:50:12.100+0100] {processor.py:186} INFO - Started process (PID=53685) to work on /Users/atanasivanov/ipo-intel/ipo-intel/.venv_airflow/lib/python3.11/site-packages/airflow/example_dags/plugins/event_listener.py
[2026-03-18T16:50:12.102+0100] {processor.py:914} INFO - Processing file /Users/atanasivanov/ipo-intel/ipo-intel/.venv_airflow/lib/python3.11/site-packages/airflow/example_dags/plugins/event_listener.py for tasks to queue
[2026-03-18T16:50:12.103+0100] {logging_mixin.py:190} INFO - [2026-03-18T16:50:12.102+0100] {dagbag.py:588} INFO - Filling up the DagBag from /Users/atanasivanov/ipo-intel/ipo-intel/.venv_airflow/lib/python3.11/site-packages/airflow/example_dags/plugins/event_listener.py
[2026-03-18T16:50:12.104+0100] {processor.py:927} WARNING - No viable dags retrieved from /Users/atanasivanov/ipo-intel/ipo-intel/.venv_airflow/lib/python3.11/site-packages/airflow/example_dags/plugins/event_listener.py
[2026-03-18T16:50:12.176+0100] {processor.py:208} INFO - Processing /Users/atanasivanov/ipo-intel/ipo-intel/.venv_airflow/lib/python3.11/site-packages/airflow/example_dags/plugins/event_listener.py took 0.081 seconds
[2026-03-18T16:52:14.285+0100] {processor.py:186} INFO - Started process (PID=54134) to work on /Users/atanasivanov/ipo-intel/ipo-intel/.venv_airflow/lib/python3.11/site-packages/airflow/example_dags/plugins/event_listener.py
[2026-03-18T16:52:14.285+0100] {processor.py:914} INFO - Processing file /Users/atanasivanov/ipo-intel/ipo-intel/.venv_airflow/lib/python3.11/site-packages/airflow/example_dags/plugins/event_listener.py for tasks to queue
[2026-03-18T16:52:14.286+0100] {logging_mixin.py:190} INFO - [2026-03-18T16:52:14.286+0100] {dagbag.py:588} INFO - Filling up the DagBag from /Users/atanasivanov/ipo-intel/ipo-intel/.venv_airflow/lib/python3.11/site-packages/airflow/example_dags/plugins/event_listener.py
[2026-03-18T16:52:14.288+0100] {processor.py:927} WARNING - No viable dags retrieved from /Users/atanasivanov/ipo-intel/ipo-intel/.venv_airflow/lib/python3.11/site-packages/airflow/example_dags/plugins/event_listener.py
[2026-03-18T16:52:14.363+0100] {processor.py:208} INFO - Processing /Users/atanasivanov/ipo-intel/ipo-intel/.venv_airflow/lib/python3.11/site-packages/airflow/example_dags/plugins/event_listener.py took 0.083 seconds
[2026-03-18T16:54:20.286+0100] {processor.py:186} INFO - Started process (PID=54886) to work on /Users/atanasivanov/ipo-intel/ipo-intel/.venv_airflow/lib/python3.11/site-packages/airflow/example_dags/plugins/event_listener.py
[2026-03-18T16:54:20.287+0100] {processor.py:914} INFO - Processing file /Users/atanasivanov/ipo-intel/ipo-intel/.venv_airflow/lib/python3.11/site-packages/airflow/example_dags/plugins/event_listener.py for tasks to queue
[2026-03-18T16:54:20.288+0100] {logging_mixin.py:190} INFO - [2026-03-18T16:54:20.288+0100] {dagbag.py:588} INFO - Filling up the DagBag from /Users/atanasivanov/ipo-intel/ipo-intel/.venv_airflow/lib/python3.11/site-packages/airflow/example_dags/plugins/event_listener.py
[2026-03-18T16:54:20.289+0100] {processor.py:927} WARNING - No viable dags retrieved from /Users/atanasivanov/ipo-intel/ipo-intel/.venv_airflow/lib/python3.11/site-packages/airflow/example_dags/plugins/event_listener.py
[2026-03-18T16:54:20.370+0100] {processor.py:208} INFO - Processing /Users/atanasivanov/ipo-intel/ipo-intel/.venv_airflow/lib/python3.11/site-packages/airflow/example_dags/plugins/event_listener.py took 0.089 seconds
[2026-03-18T16:56:27.980+0100] {processor.py:186} INFO - Started process (PID=55356) to work on /Users/atanasivanov/ipo-intel/ipo-intel/.venv_airflow/lib/python3.11/site-packages/airflow/example_dags/plugins/event_listener.py
[2026-03-18T16:56:27.981+0100] {processor.py:914} INFO - Processing file /Users/atanasivanov/ipo-intel/ipo-intel/.venv_airflow/lib/python3.11/site-packages/airflow/example_dags/plugins/event_listener.py for tasks to queue
[2026-03-18T16:56:27.982+0100] {logging_mixin.py:190} INFO - [2026-03-18T16:56:27.982+0100] {dagbag.py:588} INFO - Filling up the DagBag from /Users/atanasivanov/ipo-intel/ipo-intel/.venv_airflow/lib/python3.11/site-packages/airflow/example_dags/plugins/event_listener.py
[2026-03-18T16:56:27.984+0100] {processor.py:927} WARNING - No viable dags retrieved from /Users/atanasivanov/ipo-intel/ipo-intel/.venv_airflow/lib/python3.11/site-packages/airflow/example_dags/plugins/event_listener.py
[2026-03-18T16:56:28.054+0100] {processor.py:208} INFO - Processing /Users/atanasivanov/ipo-intel/ipo-intel/.venv_airflow/lib/python3.11/site-packages/airflow/example_dags/plugins/event_listener.py took 0.079 seconds
[2026-03-18T16:58:30.481+0100] {processor.py:186} INFO - Started process (PID=55828) to work on /Users/atanasivanov/ipo-intel/ipo-intel/.venv_airflow/lib/python3.11/site-packages/airflow/example_dags/plugins/event_listener.py
[2026-03-18T16:58:30.482+0100] {processor.py:914} INFO - Processing file /Users/atanasivanov/ipo-intel/ipo-intel/.venv_airflow/lib/python3.11/site-packages/airflow/example_dags/plugins/event_listener.py for tasks to queue
[2026-03-18T16:58:30.483+0100] {logging_mixin.py:190} INFO - [2026-03-18T16:58:30.483+0100] {dagbag.py:588} INFO - Filling up the DagBag from /Users/atanasivanov/ipo-intel/ipo-intel/.venv_airflow/lib/python3.11/site-packages/airflow/example_dags/plugins/event_listener.py
[2026-03-18T16:58:30.485+0100] {processor.py:927} WARNING - No viable dags retrieved from /Users/atanasivanov/ipo-intel/ipo-intel/.venv_airflow/lib/python3.11/site-packages/airflow/example_dags/plugins/event_listener.py
[2026-03-18T16:58:30.563+0100] {processor.py:208} INFO - Processing /Users/atanasivanov/ipo-intel/ipo-intel/.venv_airflow/lib/python3.11/site-packages/airflow/example_dags/plugins/event_listener.py took 0.087 seconds
[2026-03-18T17:00:36.397+0100] {processor.py:186} INFO - Started process (PID=56281) to work on /Users/atanasivanov/ipo-intel/ipo-intel/.venv_airflow/lib/python3.11/site-packages/airflow/example_dags/plugins/event_listener.py
[2026-03-18T17:00:36.398+0100] {processor.py:914} INFO - Processing file /Users/atanasivanov/ipo-intel/ipo-intel/.venv_airflow/lib/python3.11/site-packages/airflow/example_dags/plugins/event_listener.py for tasks to queue
[2026-03-18T17:00:36.399+0100] {logging_mixin.py:190} INFO - [2026-03-18T17:00:36.399+0100] {dagbag.py:588} INFO - Filling up the DagBag from /Users/atanasivanov/ipo-intel/ipo-intel/.venv_airflow/lib/python3.11/site-packages/airflow/example_dags/plugins/event_listener.py
[2026-03-18T17:00:36.400+0100] {processor.py:927} WARNING - No viable dags retrieved from /Users/atanasivanov/ipo-intel/ipo-intel/.venv_airflow/lib/python3.11/site-packages/airflow/example_dags/plugins/event_listener.py
[2026-03-18T17:00:36.472+0100] {processor.py:208} INFO - Processing /Users/atanasivanov/ipo-intel/ipo-intel/.venv_airflow/lib/python3.11/site-packages/airflow/example_dags/plugins/event_listener.py took 0.081 seconds
[2026-03-18T17:02:29.532+0100] {processor.py:186} INFO - Started process (PID=56692) to work on /Users/atanasivanov/ipo-intel/ipo-intel/.venv_airflow/lib/python3.11/site-packages/airflow/example_dags/plugins/event_listener.py
[2026-03-18T17:02:29.533+0100] {processor.py:914} INFO - Processing file /Users/atanasivanov/ipo-intel/ipo-intel/.venv_airflow/lib/python3.11/site-packages/airflow/example_dags/plugins/event_listener.py for tasks to queue
[2026-03-18T17:02:29.534+0100] {logging_mixin.py:190} INFO - [2026-03-18T17:02:29.534+0100] {dagbag.py:588} INFO - Filling up the DagBag from /Users/atanasivanov/ipo-intel/ipo-intel/.venv_airflow/lib/python3.11/site-packages/airflow/example_dags/plugins/event_listener.py
[2026-03-18T17:02:29.535+0100] {processor.py:927} WARNING - No viable dags retrieved from /Users/atanasivanov/ipo-intel/ipo-intel/.venv_airflow/lib/python3.11/site-packages/airflow/example_dags/plugins/event_listener.py
[2026-03-18T17:02:29.608+0100] {processor.py:208} INFO - Processing /Users/atanasivanov/ipo-intel/ipo-intel/.venv_airflow/lib/python3.11/site-packages/airflow/example_dags/plugins/event_listener.py took 0.081 seconds
[2026-03-18T17:04:24.759+0100] {processor.py:186} INFO - Started process (PID=57111) to work on /Users/atanasivanov/ipo-intel/ipo-intel/.venv_airflow/lib/python3.11/site-packages/airflow/example_dags/plugins/event_listener.py
[2026-03-18T17:04:24.760+0100] {processor.py:914} INFO - Processing file /Users/atanasivanov/ipo-intel/ipo-intel/.venv_airflow/lib/python3.11/site-packages/airflow/example_dags/plugins/event_listener.py for tasks to queue
[2026-03-18T17:04:24.761+0100] {logging_mixin.py:190} INFO - [2026-03-18T17:04:24.761+0100] {dagbag.py:588} INFO - Filling up the DagBag from /Users/atanasivanov/ipo-intel/ipo-intel/.venv_airflow/lib/python3.11/site-packages/airflow/example_dags/plugins/event_listener.py
[2026-03-18T17:04:24.762+0100] {processor.py:927} WARNING - No viable dags retrieved from /Users/atanasivanov/ipo-intel/ipo-intel/.venv_airflow/lib/python3.11/site-packages/airflow/example_dags/plugins/event_listener.py
[2026-03-18T17:04:24.834+0100] {processor.py:208} INFO - Processing /Users/atanasivanov/ipo-intel/ipo-intel/.venv_airflow/lib/python3.11/site-packages/airflow/example_dags/plugins/event_listener.py took 0.081 seconds
[2026-03-18T17:06:22.467+0100] {processor.py:186} INFO - Started process (PID=57545) to work on /Users/atanasivanov/ipo-intel/ipo-intel/.venv_airflow/lib/python3.11/site-packages/airflow/example_dags/plugins/event_listener.py
[2026-03-18T17:06:22.468+0100] {processor.py:914} INFO - Processing file /Users/atanasivanov/ipo-intel/ipo-intel/.venv_airflow/lib/python3.11/site-packages/airflow/example_dags/plugins/event_listener.py for tasks to queue
[2026-03-18T17:06:22.469+0100] {logging_mixin.py:190} INFO - [2026-03-18T17:06:22.469+0100] {dagbag.py:588} INFO - Filling up the DagBag from /Users/atanasivanov/ipo-intel/ipo-intel/.venv_airflow/lib/python3.11/site-packages/airflow/example_dags/plugins/event_listener.py
[2026-03-18T17:06:22.470+0100] {processor.py:927} WARNING - No viable dags retrieved from /Users/atanasivanov/ipo-intel/ipo-intel/.venv_airflow/lib/python3.11/site-packages/airflow/example_dags/plugins/event_listener.py
[2026-03-18T17:06:22.544+0100] {processor.py:208} INFO - Processing /Users/atanasivanov/ipo-intel/ipo-intel/.venv_airflow/lib/python3.11/site-packages/airflow/example_dags/plugins/event_listener.py took 0.083 seconds
[2026-03-18T17:08:14.869+0100] {processor.py:186} INFO - Started process (PID=57956) to work on /Users/atanasivanov/ipo-intel/ipo-intel/.venv_airflow/lib/python3.11/site-packages/airflow/example_dags/plugins/event_listener.py
[2026-03-18T17:08:14.870+0100] {processor.py:914} INFO - Processing file /Users/atanasivanov/ipo-intel/ipo-intel/.venv_airflow/lib/python3.11/site-packages/airflow/example_dags/plugins/event_listener.py for tasks to queue
[2026-03-18T17:08:14.871+0100] {logging_mixin.py:190} INFO - [2026-03-18T17:08:14.871+0100] {dagbag.py:588} INFO - Filling up the DagBag from /Users/atanasivanov/ipo-intel/ipo-intel/.venv_airflow/lib/python3.11/site-packages/airflow/example_dags/plugins/event_listener.py
[2026-03-18T17:08:14.872+0100] {processor.py:927} WARNING - No viable dags retrieved from /Users/atanasivanov/ipo-intel/ipo-intel/.venv_airflow/lib/python3.11/site-packages/airflow/example_dags/plugins/event_listener.py
[2026-03-18T17:08:14.945+0100] {processor.py:208} INFO - Processing /Users/atanasivanov/ipo-intel/ipo-intel/.venv_airflow/lib/python3.11/site-packages/airflow/example_dags/plugins/event_listener.py took 0.081 seconds
[2026-03-18T17:10:15.241+0100] {processor.py:186} INFO - Started process (PID=58461) to work on /Users/atanasivanov/ipo-intel/ipo-intel/.venv_airflow/lib/python3.11/site-packages/airflow/example_dags/plugins/event_listener.py
[2026-03-18T17:10:15.242+0100] {processor.py:914} INFO - Processing file /Users/atanasivanov/ipo-intel/ipo-intel/.venv_airflow/lib/python3.11/site-packages/airflow/example_dags/plugins/event_listener.py for tasks to queue
[2026-03-18T17:10:15.243+0100] {logging_mixin.py:190} INFO - [2026-03-18T17:10:15.243+0100] {dagbag.py:588} INFO - Filling up the DagBag from /Users/atanasivanov/ipo-intel/ipo-intel/.venv_airflow/lib/python3.11/site-packages/airflow/example_dags/plugins/event_listener.py
[2026-03-18T17:10:15.245+0100] {processor.py:927} WARNING - No viable dags retrieved from /Users/atanasivanov/ipo-intel/ipo-intel/.venv_airflow/lib/python3.11/site-packages/airflow/example_dags/plugins/event_listener.py
[2026-03-18T17:10:15.320+0100] {processor.py:208} INFO - Processing /Users/atanasivanov/ipo-intel/ipo-intel/.venv_airflow/lib/python3.11/site-packages/airflow/example_dags/plugins/event_listener.py took 0.084 seconds
[2026-03-18T17:12:16.236+0100] {processor.py:186} INFO - Started process (PID=58916) to work on /Users/atanasivanov/ipo-intel/ipo-intel/.venv_airflow/lib/python3.11/site-packages/airflow/example_dags/plugins/event_listener.py
[2026-03-18T17:12:16.237+0100] {processor.py:914} INFO - Processing file /Users/atanasivanov/ipo-intel/ipo-intel/.venv_airflow/lib/python3.11/site-packages/airflow/example_dags/plugins/event_listener.py for tasks to queue
[2026-03-18T17:12:16.238+0100] {logging_mixin.py:190} INFO - [2026-03-18T17:12:16.238+0100] {dagbag.py:588} INFO - Filling up the DagBag from /Users/atanasivanov/ipo-intel/ipo-intel/.venv_airflow/lib/python3.11/site-packages/airflow/example_dags/plugins/event_listener.py
[2026-03-18T17:12:16.239+0100] {processor.py:927} WARNING - No viable dags retrieved from /Users/atanasivanov/ipo-intel/ipo-intel/.venv_airflow/lib/python3.11/site-packages/airflow/example_dags/plugins/event_listener.py
[2026-03-18T17:12:16.314+0100] {processor.py:208} INFO - Processing /Users/atanasivanov/ipo-intel/ipo-intel/.venv_airflow/lib/python3.11/site-packages/airflow/example_dags/plugins/event_listener.py took 0.083 seconds
[2026-03-18T17:14:23.603+0100] {processor.py:186} INFO - Started process (PID=59798) to work on /Users/atanasivanov/ipo-intel/ipo-intel/.venv_airflow/lib/python3.11/site-packages/airflow/example_dags/plugins/event_listener.py
[2026-03-18T17:14:23.604+0100] {processor.py:914} INFO - Processing file /Users/atanasivanov/ipo-intel/ipo-intel/.venv_airflow/lib/python3.11/site-packages/airflow/example_dags/plugins/event_listener.py for tasks to queue
[2026-03-18T17:14:23.605+0100] {logging_mixin.py:190} INFO - [2026-03-18T17:14:23.605+0100] {dagbag.py:588} INFO - Filling up the DagBag from /Users/atanasivanov/ipo-intel/ipo-intel/.venv_airflow/lib/python3.11/site-packages/airflow/example_dags/plugins/event_listener.py
[2026-03-18T17:14:23.606+0100] {processor.py:927} WARNING - No viable dags retrieved from /Users/atanasivanov/ipo-intel/ipo-intel/.venv_airflow/lib/python3.11/site-packages/airflow/example_dags/plugins/event_listener.py
[2026-03-18T17:14:23.680+0100] {processor.py:208} INFO - Processing /Users/atanasivanov/ipo-intel/ipo-intel/.venv_airflow/lib/python3.11/site-packages/airflow/example_dags/plugins/event_listener.py took 0.081 seconds
