[2026-03-18T16:15:25.815+0100] {processor.py:186} INFO - Started process (PID=44289) to work on /Users/atanasivanov/ipo-intel/ipo-intel/.venv_airflow/lib/python3.11/site-packages/airflow/example_dags/plugins/workday.py
[2026-03-18T16:15:25.816+0100] {processor.py:914} INFO - Processing file /Users/atanasivanov/ipo-intel/ipo-intel/.venv_airflow/lib/python3.11/site-packages/airflow/example_dags/plugins/workday.py for tasks to queue
[2026-03-18T16:15:25.817+0100] {logging_mixin.py:190} INFO - [2026-03-18T16:15:25.817+0100] {dagbag.py:588} INFO - Filling up the DagBag from /Users/atanasivanov/ipo-intel/ipo-intel/.venv_airflow/lib/python3.11/site-packages/airflow/example_dags/plugins/workday.py
[2026-03-18T16:15:25.819+0100] {logging_mixin.py:190} INFO - [2026-03-18T16:15:25.819+0100] {workday.py:41} WARNING - Could not import pandas. Holidays will not be considered.
[2026-03-18T16:15:25.820+0100] {processor.py:927} WARNING - No viable dags retrieved from /Users/atanasivanov/ipo-intel/ipo-intel/.venv_airflow/lib/python3.11/site-packages/airflow/example_dags/plugins/workday.py
[2026-03-18T16:15:25.893+0100] {processor.py:208} INFO - Processing /Users/atanasivanov/ipo-intel/ipo-intel/.venv_airflow/lib/python3.11/site-packages/airflow/example_dags/plugins/workday.py took 0.083 seconds
[2026-03-18T16:19:35.933+0100] {processor.py:186} INFO - Started process (PID=45142) to work on /Users/atanasivanov/ipo-intel/ipo-intel/.venv_airflow/lib/python3.11/site-packages/airflow/example_dags/plugins/workday.py
[2026-03-18T16:19:35.935+0100] {processor.py:914} INFO - Processing file /Users/atanasivanov/ipo-intel/ipo-intel/.venv_airflow/lib/python3.11/site-packages/airflow/example_dags/plugins/workday.py for tasks to queue
[2026-03-18T16:19:35.936+0100] {logging_mixin.py:190} INFO - [2026-03-18T16:19:35.935+0100] {dagbag.py:588} INFO - Filling up the DagBag from /Users/atanasivanov/ipo-intel/ipo-intel/.venv_airflow/lib/python3.11/site-packages/airflow/example_dags/plugins/workday.py
[2026-03-18T16:19:35.937+0100] {logging_mixin.py:190} INFO - [2026-03-18T16:19:35.937+0100] {workday.py:41} WARNING - Could not import pandas. Holidays will not be considered.
[2026-03-18T16:19:35.937+0100] {processor.py:927} WARNING - No viable dags retrieved from /Users/atanasivanov/ipo-intel/ipo-intel/.venv_airflow/lib/python3.11/site-packages/airflow/example_dags/plugins/workday.py
[2026-03-18T16:19:36.016+0100] {processor.py:208} INFO - Processing /Users/atanasivanov/ipo-intel/ipo-intel/.venv_airflow/lib/python3.11/site-packages/airflow/example_dags/plugins/workday.py took 0.088 seconds
[2026-03-18T16:22:14.854+0100] {processor.py:186} INFO - Started process (PID=45775) to work on /Users/atanasivanov/ipo-intel/ipo-intel/.venv_airflow/lib/python3.11/site-packages/airflow/example_dags/plugins/workday.py
[2026-03-18T16:22:14.855+0100] {processor.py:914} INFO - Processing file /Users/atanasivanov/ipo-intel/ipo-intel/.venv_airflow/lib/python3.11/site-packages/airflow/example_dags/plugins/workday.py for tasks to queue
[2026-03-18T16:22:14.856+0100] {logging_mixin.py:190} INFO - [2026-03-18T16:22:14.856+0100] {dagbag.py:588} INFO - Filling up the DagBag from /Users/atanasivanov/ipo-intel/ipo-intel/.venv_airflow/lib/python3.11/site-packages/airflow/example_dags/plugins/workday.py
[2026-03-18T16:22:14.857+0100] {logging_mixin.py:190} INFO - [2026-03-18T16:22:14.857+0100] {workday.py:41} WARNING - Could not import pandas. Holidays will not be considered.
[2026-03-18T16:22:14.858+0100] {processor.py:927} WARNING - No viable dags retrieved from /Users/atanasivanov/ipo-intel/ipo-intel/.venv_airflow/lib/python3.11/site-packages/airflow/example_dags/plugins/workday.py
[2026-03-18T16:22:14.933+0100] {processor.py:208} INFO - Processing /Users/atanasivanov/ipo-intel/ipo-intel/.venv_airflow/lib/python3.11/site-packages/airflow/example_dags/plugins/workday.py took 0.084 seconds
[2026-03-18T16:24:20.592+0100] {processor.py:186} INFO - Started process (PID=46228) to work on /Users/atanasivanov/ipo-intel/ipo-intel/.venv_airflow/lib/python3.11/site-packages/airflow/example_dags/plugins/workday.py
[2026-03-18T16:24:20.593+0100] {processor.py:914} INFO - Processing file /Users/atanasivanov/ipo-intel/ipo-intel/.venv_airflow/lib/python3.11/site-packages/airflow/example_dags/plugins/workday.py for tasks to queue
[2026-03-18T16:24:20.594+0100] {logging_mixin.py:190} INFO - [2026-03-18T16:24:20.594+0100] {dagbag.py:588} INFO - Filling up the DagBag from /Users/atanasivanov/ipo-intel/ipo-intel/.venv_airflow/lib/python3.11/site-packages/airflow/example_dags/plugins/workday.py
[2026-03-18T16:24:20.596+0100] {logging_mixin.py:190} INFO - [2026-03-18T16:24:20.596+0100] {workday.py:41} WARNING - Could not import pandas. Holidays will not be considered.
[2026-03-18T16:24:20.596+0100] {processor.py:927} WARNING - No viable dags retrieved from /Users/atanasivanov/ipo-intel/ipo-intel/.venv_airflow/lib/python3.11/site-packages/airflow/example_dags/plugins/workday.py
[2026-03-18T16:24:20.668+0100] {processor.py:208} INFO - Processing /Users/atanasivanov/ipo-intel/ipo-intel/.venv_airflow/lib/python3.11/site-packages/airflow/example_dags/plugins/workday.py took 0.081 seconds
[2026-03-18T16:26:22.784+0100] {processor.py:186} INFO - Started process (PID=46700) to work on /Users/atanasivanov/ipo-intel/ipo-intel/.venv_airflow/lib/python3.11/site-packages/airflow/example_dags/plugins/workday.py
[2026-03-18T16:26:22.785+0100] {processor.py:914} INFO - Processing file /Users/atanasivanov/ipo-intel/ipo-intel/.venv_airflow/lib/python3.11/site-packages/airflow/example_dags/plugins/workday.py for tasks to queue
[2026-03-18T16:26:22.785+0100] {logging_mixin.py:190} INFO - [2026-03-18T16:26:22.785+0100] {dagbag.py:588} INFO - Filling up the DagBag from /Users/atanasivanov/ipo-intel/ipo-intel/.venv_airflow/lib/python3.11/site-packages/airflow/example_dags/plugins/workday.py
[2026-03-18T16:26:22.787+0100] {logging_mixin.py:190} INFO - [2026-03-18T16:26:22.787+0100] {workday.py:41} WARNING - Could not import pandas. Holidays will not be considered.
[2026-03-18T16:26:22.787+0100] {processor.py:927} WARNING - No viable dags retrieved from /Users/atanasivanov/ipo-intel/ipo-intel/.venv_airflow/lib/python3.11/site-packages/airflow/example_dags/plugins/workday.py
[2026-03-18T16:26:22.862+0100] {processor.py:208} INFO - Processing /Users/atanasivanov/ipo-intel/ipo-intel/.venv_airflow/lib/python3.11/site-packages/airflow/example_dags/plugins/workday.py took 0.083 seconds
[2026-03-18T16:28:25.869+0100] {processor.py:186} INFO - Started process (PID=47840) to work on /Users/atanasivanov/ipo-intel/ipo-intel/.venv_airflow/lib/python3.11/site-packages/airflow/example_dags/plugins/workday.py
[2026-03-18T16:28:25.870+0100] {processor.py:914} INFO - Processing file /Users/atanasivanov/ipo-intel/ipo-intel/.venv_airflow/lib/python3.11/site-packages/airflow/example_dags/plugins/workday.py for tasks to queue
[2026-03-18T16:28:25.871+0100] {logging_mixin.py:190} INFO - [2026-03-18T16:28:25.871+0100] {dagbag.py:588} INFO - Filling up the DagBag from /Users/atanasivanov/ipo-intel/ipo-intel/.venv_airflow/lib/python3.11/site-packages/airflow/example_dags/plugins/workday.py
[2026-03-18T16:28:25.873+0100] {logging_mixin.py:190} INFO - [2026-03-18T16:28:25.872+0100] {workday.py:41} WARNING - Could not import pandas. Holidays will not be considered.
[2026-03-18T16:28:25.873+0100] {processor.py:927} WARNING - No viable dags retrieved from /Users/atanasivanov/ipo-intel/ipo-intel/.venv_airflow/lib/python3.11/site-packages/airflow/example_dags/plugins/workday.py
[2026-03-18T16:28:25.948+0100] {processor.py:208} INFO - Processing /Users/atanasivanov/ipo-intel/ipo-intel/.venv_airflow/lib/python3.11/site-packages/airflow/example_dags/plugins/workday.py took 0.083 seconds
[2026-03-18T16:30:27.684+0100] {processor.py:186} INFO - Started process (PID=48276) to work on /Users/atanasivanov/ipo-intel/ipo-intel/.venv_airflow/lib/python3.11/site-packages/airflow/example_dags/plugins/workday.py
[2026-03-18T16:30:27.685+0100] {processor.py:914} INFO - Processing file /Users/atanasivanov/ipo-intel/ipo-intel/.venv_airflow/lib/python3.11/site-packages/airflow/example_dags/plugins/workday.py for tasks to queue
[2026-03-18T16:30:27.686+0100] {logging_mixin.py:190} INFO - [2026-03-18T16:30:27.686+0100] {dagbag.py:588} INFO - Filling up the DagBag from /Users/atanasivanov/ipo-intel/ipo-intel/.venv_airflow/lib/python3.11/site-packages/airflow/example_dags/plugins/workday.py
[2026-03-18T16:30:27.687+0100] {logging_mixin.py:190} INFO - [2026-03-18T16:30:27.687+0100] {workday.py:41} WARNING - Could not import pandas. Holidays will not be considered.
[2026-03-18T16:30:27.688+0100] {processor.py:927} WARNING - No viable dags retrieved from /Users/atanasivanov/ipo-intel/ipo-intel/.venv_airflow/lib/python3.11/site-packages/airflow/example_dags/plugins/workday.py
[2026-03-18T16:30:27.760+0100] {processor.py:208} INFO - Processing /Users/atanasivanov/ipo-intel/ipo-intel/.venv_airflow/lib/python3.11/site-packages/airflow/example_dags/plugins/workday.py took 0.081 seconds
[2026-03-18T16:32:19.797+0100] {processor.py:186} INFO - Started process (PID=48680) to work on /Users/atanasivanov/ipo-intel/ipo-intel/.venv_airflow/lib/python3.11/site-packages/airflow/example_dags/plugins/workday.py
[2026-03-18T16:32:19.798+0100] {processor.py:914} INFO - Processing file /Users/atanasivanov/ipo-intel/ipo-intel/.venv_airflow/lib/python3.11/site-packages/airflow/example_dags/plugins/workday.py for tasks to queue
[2026-03-18T16:32:19.799+0100] {logging_mixin.py:190} INFO - [2026-03-18T16:32:19.799+0100] {dagbag.py:588} INFO - Filling up the DagBag from /Users/atanasivanov/ipo-intel/ipo-intel/.venv_airflow/lib/python3.11/site-packages/airflow/example_dags/plugins/workday.py
[2026-03-18T16:32:19.801+0100] {logging_mixin.py:190} INFO - [2026-03-18T16:32:19.801+0100] {workday.py:41} WARNING - Could not import pandas. Holidays will not be considered.
[2026-03-18T16:32:19.801+0100] {processor.py:927} WARNING - No viable dags retrieved from /Users/atanasivanov/ipo-intel/ipo-intel/.venv_airflow/lib/python3.11/site-packages/airflow/example_dags/plugins/workday.py
[2026-03-18T16:32:19.874+0100] {processor.py:208} INFO - Processing /Users/atanasivanov/ipo-intel/ipo-intel/.venv_airflow/lib/python3.11/site-packages/airflow/example_dags/plugins/workday.py took 0.081 seconds
[2026-03-18T16:34:11.032+0100] {processor.py:186} INFO - Started process (PID=49093) to work on /Users/atanasivanov/ipo-intel/ipo-intel/.venv_airflow/lib/python3.11/site-packages/airflow/example_dags/plugins/workday.py
[2026-03-18T16:34:11.033+0100] {processor.py:914} INFO - Processing file /Users/atanasivanov/ipo-intel/ipo-intel/.venv_airflow/lib/python3.11/site-packages/airflow/example_dags/plugins/workday.py for tasks to queue
[2026-03-18T16:34:11.033+0100] {logging_mixin.py:190} INFO - [2026-03-18T16:34:11.033+0100] {dagbag.py:588} INFO - Filling up the DagBag from /Users/atanasivanov/ipo-intel/ipo-intel/.venv_airflow/lib/python3.11/site-packages/airflow/example_dags/plugins/workday.py
[2026-03-18T16:34:11.035+0100] {logging_mixin.py:190} INFO - [2026-03-18T16:34:11.035+0100] {workday.py:41} WARNING - Could not import pandas. Holidays will not be considered.
[2026-03-18T16:34:11.036+0100] {processor.py:927} WARNING - No viable dags retrieved from /Users/atanasivanov/ipo-intel/ipo-intel/.venv_airflow/lib/python3.11/site-packages/airflow/example_dags/plugins/workday.py
[2026-03-18T16:34:11.107+0100] {processor.py:208} INFO - Processing /Users/atanasivanov/ipo-intel/ipo-intel/.venv_airflow/lib/python3.11/site-packages/airflow/example_dags/plugins/workday.py took 0.080 seconds
[2026-03-18T16:36:09.437+0100] {processor.py:186} INFO - Started process (PID=49521) to work on /Users/atanasivanov/ipo-intel/ipo-intel/.venv_airflow/lib/python3.11/site-packages/airflow/example_dags/plugins/workday.py
[2026-03-18T16:36:09.438+0100] {processor.py:914} INFO - Processing file /Users/atanasivanov/ipo-intel/ipo-intel/.venv_airflow/lib/python3.11/site-packages/airflow/example_dags/plugins/workday.py for tasks to queue
[2026-03-18T16:36:09.439+0100] {logging_mixin.py:190} INFO - [2026-03-18T16:36:09.439+0100] {dagbag.py:588} INFO - Filling up the DagBag from /Users/atanasivanov/ipo-intel/ipo-intel/.venv_airflow/lib/python3.11/site-packages/airflow/example_dags/plugins/workday.py
[2026-03-18T16:36:09.441+0100] {logging_mixin.py:190} INFO - [2026-03-18T16:36:09.441+0100] {workday.py:41} WARNING - Could not import pandas. Holidays will not be considered.
[2026-03-18T16:36:09.442+0100] {processor.py:927} WARNING - No viable dags retrieved from /Users/atanasivanov/ipo-intel/ipo-intel/.venv_airflow/lib/python3.11/site-packages/airflow/example_dags/plugins/workday.py
[2026-03-18T16:36:09.513+0100] {processor.py:208} INFO - Processing /Users/atanasivanov/ipo-intel/ipo-intel/.venv_airflow/lib/python3.11/site-packages/airflow/example_dags/plugins/workday.py took 0.080 seconds
[2026-03-18T16:38:00.091+0100] {processor.py:186} INFO - Started process (PID=49926) to work on /Users/atanasivanov/ipo-intel/ipo-intel/.venv_airflow/lib/python3.11/site-packages/airflow/example_dags/plugins/workday.py
[2026-03-18T16:38:00.092+0100] {processor.py:914} INFO - Processing file /Users/atanasivanov/ipo-intel/ipo-intel/.venv_airflow/lib/python3.11/site-packages/airflow/example_dags/plugins/workday.py for tasks to queue
[2026-03-18T16:38:00.093+0100] {logging_mixin.py:190} INFO - [2026-03-18T16:38:00.093+0100] {dagbag.py:588} INFO - Filling up the DagBag from /Users/atanasivanov/ipo-intel/ipo-intel/.venv_airflow/lib/python3.11/site-packages/airflow/example_dags/plugins/workday.py
[2026-03-18T16:38:00.095+0100] {logging_mixin.py:190} INFO - [2026-03-18T16:38:00.095+0100] {workday.py:41} WARNING - Could not import pandas. Holidays will not be considered.
[2026-03-18T16:38:00.095+0100] {processor.py:927} WARNING - No viable dags retrieved from /Users/atanasivanov/ipo-intel/ipo-intel/.venv_airflow/lib/python3.11/site-packages/airflow/example_dags/plugins/workday.py
[2026-03-18T16:38:00.167+0100] {processor.py:208} INFO - Processing /Users/atanasivanov/ipo-intel/ipo-intel/.venv_airflow/lib/python3.11/site-packages/airflow/example_dags/plugins/workday.py took 0.081 seconds
[2026-03-18T16:39:57.519+0100] {processor.py:186} INFO - Started process (PID=50985) to work on /Users/atanasivanov/ipo-intel/ipo-intel/.venv_airflow/lib/python3.11/site-packages/airflow/example_dags/plugins/workday.py
[2026-03-18T16:39:57.520+0100] {processor.py:914} INFO - Processing file /Users/atanasivanov/ipo-intel/ipo-intel/.venv_airflow/lib/python3.11/site-packages/airflow/example_dags/plugins/workday.py for tasks to queue
[2026-03-18T16:39:57.521+0100] {logging_mixin.py:190} INFO - [2026-03-18T16:39:57.520+0100] {dagbag.py:588} INFO - Filling up the DagBag from /Users/atanasivanov/ipo-intel/ipo-intel/.venv_airflow/lib/python3.11/site-packages/airflow/example_dags/plugins/workday.py
[2026-03-18T16:39:57.522+0100] {logging_mixin.py:190} INFO - [2026-03-18T16:39:57.522+0100] {workday.py:41} WARNING - Could not import pandas. Holidays will not be considered.
[2026-03-18T16:39:57.523+0100] {processor.py:927} WARNING - No viable dags retrieved from /Users/atanasivanov/ipo-intel/ipo-intel/.venv_airflow/lib/python3.11/site-packages/airflow/example_dags/plugins/workday.py
[2026-03-18T16:39:57.621+0100] {processor.py:208} INFO - Processing /Users/atanasivanov/ipo-intel/ipo-intel/.venv_airflow/lib/python3.11/site-packages/airflow/example_dags/plugins/workday.py took 0.108 seconds
[2026-03-18T16:42:00.541+0100] {processor.py:186} INFO - Started process (PID=51855) to work on /Users/atanasivanov/ipo-intel/ipo-intel/.venv_airflow/lib/python3.11/site-packages/airflow/example_dags/plugins/workday.py
[2026-03-18T16:42:00.542+0100] {processor.py:914} INFO - Processing file /Users/atanasivanov/ipo-intel/ipo-intel/.venv_airflow/lib/python3.11/site-packages/airflow/example_dags/plugins/workday.py for tasks to queue
[2026-03-18T16:42:00.543+0100] {logging_mixin.py:190} INFO - [2026-03-18T16:42:00.542+0100] {dagbag.py:588} INFO - Filling up the DagBag from /Users/atanasivanov/ipo-intel/ipo-intel/.venv_airflow/lib/python3.11/site-packages/airflow/example_dags/plugins/workday.py
[2026-03-18T16:42:00.544+0100] {logging_mixin.py:190} INFO - [2026-03-18T16:42:00.544+0100] {workday.py:41} WARNING - Could not import pandas. Holidays will not be considered.
[2026-03-18T16:42:00.544+0100] {processor.py:927} WARNING - No viable dags retrieved from /Users/atanasivanov/ipo-intel/ipo-intel/.venv_airflow/lib/python3.11/site-packages/airflow/example_dags/plugins/workday.py
[2026-03-18T16:42:00.622+0100] {processor.py:208} INFO - Processing /Users/atanasivanov/ipo-intel/ipo-intel/.venv_airflow/lib/python3.11/site-packages/airflow/example_dags/plugins/workday.py took 0.086 seconds
[2026-03-18T16:47:31.394+0100] {processor.py:186} INFO - Started process (PID=53082) to work on /Users/atanasivanov/ipo-intel/ipo-intel/.venv_airflow/lib/python3.11/site-packages/airflow/example_dags/plugins/workday.py
[2026-03-18T16:47:31.396+0100] {processor.py:914} INFO - Processing file /Users/atanasivanov/ipo-intel/ipo-intel/.venv_airflow/lib/python3.11/site-packages/airflow/example_dags/plugins/workday.py for tasks to queue
[2026-03-18T16:47:31.397+0100] {logging_mixin.py:190} INFO - [2026-03-18T16:47:31.396+0100] {dagbag.py:588} INFO - Filling up the DagBag from /Users/atanasivanov/ipo-intel/ipo-intel/.venv_airflow/lib/python3.11/site-packages/airflow/example_dags/plugins/workday.py
[2026-03-18T16:47:31.398+0100] {logging_mixin.py:190} INFO - [2026-03-18T16:47:31.398+0100] {workday.py:41} WARNING - Could not import pandas. Holidays will not be considered.
[2026-03-18T16:47:31.398+0100] {processor.py:927} WARNING - No viable dags retrieved from /Users/atanasivanov/ipo-intel/ipo-intel/.venv_airflow/lib/python3.11/site-packages/airflow/example_dags/plugins/workday.py
[2026-03-18T16:47:31.472+0100] {processor.py:208} INFO - Processing /Users/atanasivanov/ipo-intel/ipo-intel/.venv_airflow/lib/python3.11/site-packages/airflow/example_dags/plugins/workday.py took 0.083 seconds
[2026-03-18T16:50:08.071+0100] {processor.py:186} INFO - Started process (PID=53670) to work on /Users/atanasivanov/ipo-intel/ipo-intel/.venv_airflow/lib/python3.11/site-packages/airflow/example_dags/plugins/workday.py
[2026-03-18T16:50:08.072+0100] {processor.py:914} INFO - Processing file /Users/atanasivanov/ipo-intel/ipo-intel/.venv_airflow/lib/python3.11/site-packages/airflow/example_dags/plugins/workday.py for tasks to queue
[2026-03-18T16:50:08.073+0100] {logging_mixin.py:190} INFO - [2026-03-18T16:50:08.073+0100] {dagbag.py:588} INFO - Filling up the DagBag from /Users/atanasivanov/ipo-intel/ipo-intel/.venv_airflow/lib/python3.11/site-packages/airflow/example_dags/plugins/workday.py
[2026-03-18T16:50:08.074+0100] {logging_mixin.py:190} INFO - [2026-03-18T16:50:08.074+0100] {workday.py:41} WARNING - Could not import pandas. Holidays will not be considered.
[2026-03-18T16:50:08.075+0100] {processor.py:927} WARNING - No viable dags retrieved from /Users/atanasivanov/ipo-intel/ipo-intel/.venv_airflow/lib/python3.11/site-packages/airflow/example_dags/plugins/workday.py
[2026-03-18T16:50:08.146+0100] {processor.py:208} INFO - Processing /Users/atanasivanov/ipo-intel/ipo-intel/.venv_airflow/lib/python3.11/site-packages/airflow/example_dags/plugins/workday.py took 0.080 seconds
[2026-03-18T16:52:09.072+0100] {processor.py:186} INFO - Started process (PID=54116) to work on /Users/atanasivanov/ipo-intel/ipo-intel/.venv_airflow/lib/python3.11/site-packages/airflow/example_dags/plugins/workday.py
[2026-03-18T16:52:09.073+0100] {processor.py:914} INFO - Processing file /Users/atanasivanov/ipo-intel/ipo-intel/.venv_airflow/lib/python3.11/site-packages/airflow/example_dags/plugins/workday.py for tasks to queue
[2026-03-18T16:52:09.073+0100] {logging_mixin.py:190} INFO - [2026-03-18T16:52:09.073+0100] {dagbag.py:588} INFO - Filling up the DagBag from /Users/atanasivanov/ipo-intel/ipo-intel/.venv_airflow/lib/python3.11/site-packages/airflow/example_dags/plugins/workday.py
[2026-03-18T16:52:09.075+0100] {logging_mixin.py:190} INFO - [2026-03-18T16:52:09.075+0100] {workday.py:41} WARNING - Could not import pandas. Holidays will not be considered.
[2026-03-18T16:52:09.075+0100] {processor.py:927} WARNING - No viable dags retrieved from /Users/atanasivanov/ipo-intel/ipo-intel/.venv_airflow/lib/python3.11/site-packages/airflow/example_dags/plugins/workday.py
[2026-03-18T16:52:09.149+0100] {processor.py:208} INFO - Processing /Users/atanasivanov/ipo-intel/ipo-intel/.venv_airflow/lib/python3.11/site-packages/airflow/example_dags/plugins/workday.py took 0.082 seconds
[2026-03-18T16:54:14.694+0100] {processor.py:186} INFO - Started process (PID=54870) to work on /Users/atanasivanov/ipo-intel/ipo-intel/.venv_airflow/lib/python3.11/site-packages/airflow/example_dags/plugins/workday.py
[2026-03-18T16:54:14.695+0100] {processor.py:914} INFO - Processing file /Users/atanasivanov/ipo-intel/ipo-intel/.venv_airflow/lib/python3.11/site-packages/airflow/example_dags/plugins/workday.py for tasks to queue
[2026-03-18T16:54:14.696+0100] {logging_mixin.py:190} INFO - [2026-03-18T16:54:14.696+0100] {dagbag.py:588} INFO - Filling up the DagBag from /Users/atanasivanov/ipo-intel/ipo-intel/.venv_airflow/lib/python3.11/site-packages/airflow/example_dags/plugins/workday.py
[2026-03-18T16:54:14.698+0100] {logging_mixin.py:190} INFO - [2026-03-18T16:54:14.698+0100] {workday.py:41} WARNING - Could not import pandas. Holidays will not be considered.
[2026-03-18T16:54:14.699+0100] {processor.py:927} WARNING - No viable dags retrieved from /Users/atanasivanov/ipo-intel/ipo-intel/.venv_airflow/lib/python3.11/site-packages/airflow/example_dags/plugins/workday.py
[2026-03-18T16:54:14.786+0100] {processor.py:208} INFO - Processing /Users/atanasivanov/ipo-intel/ipo-intel/.venv_airflow/lib/python3.11/site-packages/airflow/example_dags/plugins/workday.py took 0.098 seconds
[2026-03-18T16:56:22.992+0100] {processor.py:186} INFO - Started process (PID=55339) to work on /Users/atanasivanov/ipo-intel/ipo-intel/.venv_airflow/lib/python3.11/site-packages/airflow/example_dags/plugins/workday.py
[2026-03-18T16:56:22.994+0100] {processor.py:914} INFO - Processing file /Users/atanasivanov/ipo-intel/ipo-intel/.venv_airflow/lib/python3.11/site-packages/airflow/example_dags/plugins/workday.py for tasks to queue
[2026-03-18T16:56:22.994+0100] {logging_mixin.py:190} INFO - [2026-03-18T16:56:22.994+0100] {dagbag.py:588} INFO - Filling up the DagBag from /Users/atanasivanov/ipo-intel/ipo-intel/.venv_airflow/lib/python3.11/site-packages/airflow/example_dags/plugins/workday.py
[2026-03-18T16:56:22.996+0100] {logging_mixin.py:190} INFO - [2026-03-18T16:56:22.996+0100] {workday.py:41} WARNING - Could not import pandas. Holidays will not be considered.
[2026-03-18T16:56:22.996+0100] {processor.py:927} WARNING - No viable dags retrieved from /Users/atanasivanov/ipo-intel/ipo-intel/.venv_airflow/lib/python3.11/site-packages/airflow/example_dags/plugins/workday.py
[2026-03-18T16:56:23.068+0100] {processor.py:208} INFO - Processing /Users/atanasivanov/ipo-intel/ipo-intel/.venv_airflow/lib/python3.11/site-packages/airflow/example_dags/plugins/workday.py took 0.081 seconds
[2026-03-18T16:58:25.347+0100] {processor.py:186} INFO - Started process (PID=55809) to work on /Users/atanasivanov/ipo-intel/ipo-intel/.venv_airflow/lib/python3.11/site-packages/airflow/example_dags/plugins/workday.py
[2026-03-18T16:58:25.348+0100] {processor.py:914} INFO - Processing file /Users/atanasivanov/ipo-intel/ipo-intel/.venv_airflow/lib/python3.11/site-packages/airflow/example_dags/plugins/workday.py for tasks to queue
[2026-03-18T16:58:25.349+0100] {logging_mixin.py:190} INFO - [2026-03-18T16:58:25.349+0100] {dagbag.py:588} INFO - Filling up the DagBag from /Users/atanasivanov/ipo-intel/ipo-intel/.venv_airflow/lib/python3.11/site-packages/airflow/example_dags/plugins/workday.py
[2026-03-18T16:58:25.350+0100] {logging_mixin.py:190} INFO - [2026-03-18T16:58:25.350+0100] {workday.py:41} WARNING - Could not import pandas. Holidays will not be considered.
[2026-03-18T16:58:25.351+0100] {processor.py:927} WARNING - No viable dags retrieved from /Users/atanasivanov/ipo-intel/ipo-intel/.venv_airflow/lib/python3.11/site-packages/airflow/example_dags/plugins/workday.py
[2026-03-18T16:58:25.426+0100] {processor.py:208} INFO - Processing /Users/atanasivanov/ipo-intel/ipo-intel/.venv_airflow/lib/python3.11/site-packages/airflow/example_dags/plugins/workday.py took 0.085 seconds
[2026-03-18T17:00:31.426+0100] {processor.py:186} INFO - Started process (PID=56259) to work on /Users/atanasivanov/ipo-intel/ipo-intel/.venv_airflow/lib/python3.11/site-packages/airflow/example_dags/plugins/workday.py
[2026-03-18T17:00:31.426+0100] {processor.py:914} INFO - Processing file /Users/atanasivanov/ipo-intel/ipo-intel/.venv_airflow/lib/python3.11/site-packages/airflow/example_dags/plugins/workday.py for tasks to queue
[2026-03-18T17:00:31.427+0100] {logging_mixin.py:190} INFO - [2026-03-18T17:00:31.427+0100] {dagbag.py:588} INFO - Filling up the DagBag from /Users/atanasivanov/ipo-intel/ipo-intel/.venv_airflow/lib/python3.11/site-packages/airflow/example_dags/plugins/workday.py
[2026-03-18T17:00:31.429+0100] {logging_mixin.py:190} INFO - [2026-03-18T17:00:31.428+0100] {workday.py:41} WARNING - Could not import pandas. Holidays will not be considered.
[2026-03-18T17:00:31.429+0100] {processor.py:927} WARNING - No viable dags retrieved from /Users/atanasivanov/ipo-intel/ipo-intel/.venv_airflow/lib/python3.11/site-packages/airflow/example_dags/plugins/workday.py
[2026-03-18T17:00:31.501+0100] {processor.py:208} INFO - Processing /Users/atanasivanov/ipo-intel/ipo-intel/.venv_airflow/lib/python3.11/site-packages/airflow/example_dags/plugins/workday.py took 0.080 seconds
[2026-03-18T17:02:26.007+0100] {processor.py:186} INFO - Started process (PID=56683) to work on /Users/atanasivanov/ipo-intel/ipo-intel/.venv_airflow/lib/python3.11/site-packages/airflow/example_dags/plugins/workday.py
[2026-03-18T17:02:26.007+0100] {processor.py:914} INFO - Processing file /Users/atanasivanov/ipo-intel/ipo-intel/.venv_airflow/lib/python3.11/site-packages/airflow/example_dags/plugins/workday.py for tasks to queue
[2026-03-18T17:02:26.008+0100] {logging_mixin.py:190} INFO - [2026-03-18T17:02:26.008+0100] {dagbag.py:588} INFO - Filling up the DagBag from /Users/atanasivanov/ipo-intel/ipo-intel/.venv_airflow/lib/python3.11/site-packages/airflow/example_dags/plugins/workday.py
[2026-03-18T17:02:26.010+0100] {logging_mixin.py:190} INFO - [2026-03-18T17:02:26.010+0100] {workday.py:41} WARNING - Could not import pandas. Holidays will not be considered.
[2026-03-18T17:02:26.010+0100] {processor.py:927} WARNING - No viable dags retrieved from /Users/atanasivanov/ipo-intel/ipo-intel/.venv_airflow/lib/python3.11/site-packages/airflow/example_dags/plugins/workday.py
[2026-03-18T17:02:26.087+0100] {processor.py:208} INFO - Processing /Users/atanasivanov/ipo-intel/ipo-intel/.venv_airflow/lib/python3.11/site-packages/airflow/example_dags/plugins/workday.py took 0.086 seconds
[2026-03-18T17:04:20.313+0100] {processor.py:186} INFO - Started process (PID=57094) to work on /Users/atanasivanov/ipo-intel/ipo-intel/.venv_airflow/lib/python3.11/site-packages/airflow/example_dags/plugins/workday.py
[2026-03-18T17:04:20.314+0100] {processor.py:914} INFO - Processing file /Users/atanasivanov/ipo-intel/ipo-intel/.venv_airflow/lib/python3.11/site-packages/airflow/example_dags/plugins/workday.py for tasks to queue
[2026-03-18T17:04:20.314+0100] {logging_mixin.py:190} INFO - [2026-03-18T17:04:20.314+0100] {dagbag.py:588} INFO - Filling up the DagBag from /Users/atanasivanov/ipo-intel/ipo-intel/.venv_airflow/lib/python3.11/site-packages/airflow/example_dags/plugins/workday.py
[2026-03-18T17:04:20.316+0100] {logging_mixin.py:190} INFO - [2026-03-18T17:04:20.315+0100] {workday.py:41} WARNING - Could not import pandas. Holidays will not be considered.
[2026-03-18T17:04:20.316+0100] {processor.py:927} WARNING - No viable dags retrieved from /Users/atanasivanov/ipo-intel/ipo-intel/.venv_airflow/lib/python3.11/site-packages/airflow/example_dags/plugins/workday.py
[2026-03-18T17:04:20.387+0100] {processor.py:208} INFO - Processing /Users/atanasivanov/ipo-intel/ipo-intel/.venv_airflow/lib/python3.11/site-packages/airflow/example_dags/plugins/workday.py took 0.080 seconds
[2026-03-18T17:06:18.407+0100] {processor.py:186} INFO - Started process (PID=57531) to work on /Users/atanasivanov/ipo-intel/ipo-intel/.venv_airflow/lib/python3.11/site-packages/airflow/example_dags/plugins/workday.py
[2026-03-18T17:06:18.408+0100] {processor.py:914} INFO - Processing file /Users/atanasivanov/ipo-intel/ipo-intel/.venv_airflow/lib/python3.11/site-packages/airflow/example_dags/plugins/workday.py for tasks to queue
[2026-03-18T17:06:18.409+0100] {logging_mixin.py:190} INFO - [2026-03-18T17:06:18.409+0100] {dagbag.py:588} INFO - Filling up the DagBag from /Users/atanasivanov/ipo-intel/ipo-intel/.venv_airflow/lib/python3.11/site-packages/airflow/example_dags/plugins/workday.py
[2026-03-18T17:06:18.410+0100] {logging_mixin.py:190} INFO - [2026-03-18T17:06:18.410+0100] {workday.py:41} WARNING - Could not import pandas. Holidays will not be considered.
[2026-03-18T17:06:18.411+0100] {processor.py:927} WARNING - No viable dags retrieved from /Users/atanasivanov/ipo-intel/ipo-intel/.venv_airflow/lib/python3.11/site-packages/airflow/example_dags/plugins/workday.py
[2026-03-18T17:06:18.483+0100] {processor.py:208} INFO - Processing /Users/atanasivanov/ipo-intel/ipo-intel/.venv_airflow/lib/python3.11/site-packages/airflow/example_dags/plugins/workday.py took 0.080 seconds
[2026-03-18T17:08:09.884+0100] {processor.py:186} INFO - Started process (PID=57939) to work on /Users/atanasivanov/ipo-intel/ipo-intel/.venv_airflow/lib/python3.11/site-packages/airflow/example_dags/plugins/workday.py
[2026-03-18T17:08:09.885+0100] {processor.py:914} INFO - Processing file /Users/atanasivanov/ipo-intel/ipo-intel/.venv_airflow/lib/python3.11/site-packages/airflow/example_dags/plugins/workday.py for tasks to queue
[2026-03-18T17:08:09.886+0100] {logging_mixin.py:190} INFO - [2026-03-18T17:08:09.886+0100] {dagbag.py:588} INFO - Filling up the DagBag from /Users/atanasivanov/ipo-intel/ipo-intel/.venv_airflow/lib/python3.11/site-packages/airflow/example_dags/plugins/workday.py
[2026-03-18T17:08:09.887+0100] {logging_mixin.py:190} INFO - [2026-03-18T17:08:09.887+0100] {workday.py:41} WARNING - Could not import pandas. Holidays will not be considered.
[2026-03-18T17:08:09.888+0100] {processor.py:927} WARNING - No viable dags retrieved from /Users/atanasivanov/ipo-intel/ipo-intel/.venv_airflow/lib/python3.11/site-packages/airflow/example_dags/plugins/workday.py
[2026-03-18T17:08:09.960+0100] {processor.py:208} INFO - Processing /Users/atanasivanov/ipo-intel/ipo-intel/.venv_airflow/lib/python3.11/site-packages/airflow/example_dags/plugins/workday.py took 0.081 seconds
[2026-03-18T17:10:10.470+0100] {processor.py:186} INFO - Started process (PID=58439) to work on /Users/atanasivanov/ipo-intel/ipo-intel/.venv_airflow/lib/python3.11/site-packages/airflow/example_dags/plugins/workday.py
[2026-03-18T17:10:10.471+0100] {processor.py:914} INFO - Processing file /Users/atanasivanov/ipo-intel/ipo-intel/.venv_airflow/lib/python3.11/site-packages/airflow/example_dags/plugins/workday.py for tasks to queue
[2026-03-18T17:10:10.472+0100] {logging_mixin.py:190} INFO - [2026-03-18T17:10:10.472+0100] {dagbag.py:588} INFO - Filling up the DagBag from /Users/atanasivanov/ipo-intel/ipo-intel/.venv_airflow/lib/python3.11/site-packages/airflow/example_dags/plugins/workday.py
[2026-03-18T17:10:10.474+0100] {logging_mixin.py:190} INFO - [2026-03-18T17:10:10.473+0100] {workday.py:41} WARNING - Could not import pandas. Holidays will not be considered.
[2026-03-18T17:10:10.474+0100] {processor.py:927} WARNING - No viable dags retrieved from /Users/atanasivanov/ipo-intel/ipo-intel/.venv_airflow/lib/python3.11/site-packages/airflow/example_dags/plugins/workday.py
[2026-03-18T17:10:10.546+0100] {processor.py:208} INFO - Processing /Users/atanasivanov/ipo-intel/ipo-intel/.venv_airflow/lib/python3.11/site-packages/airflow/example_dags/plugins/workday.py took 0.081 seconds
[2026-03-18T17:12:12.747+0100] {processor.py:186} INFO - Started process (PID=58894) to work on /Users/atanasivanov/ipo-intel/ipo-intel/.venv_airflow/lib/python3.11/site-packages/airflow/example_dags/plugins/workday.py
[2026-03-18T17:12:12.748+0100] {processor.py:914} INFO - Processing file /Users/atanasivanov/ipo-intel/ipo-intel/.venv_airflow/lib/python3.11/site-packages/airflow/example_dags/plugins/workday.py for tasks to queue
[2026-03-18T17:12:12.749+0100] {logging_mixin.py:190} INFO - [2026-03-18T17:12:12.748+0100] {dagbag.py:588} INFO - Filling up the DagBag from /Users/atanasivanov/ipo-intel/ipo-intel/.venv_airflow/lib/python3.11/site-packages/airflow/example_dags/plugins/workday.py
[2026-03-18T17:12:12.750+0100] {logging_mixin.py:190} INFO - [2026-03-18T17:12:12.750+0100] {workday.py:41} WARNING - Could not import pandas. Holidays will not be considered.
[2026-03-18T17:12:12.750+0100] {processor.py:927} WARNING - No viable dags retrieved from /Users/atanasivanov/ipo-intel/ipo-intel/.venv_airflow/lib/python3.11/site-packages/airflow/example_dags/plugins/workday.py
[2026-03-18T17:12:12.829+0100] {processor.py:208} INFO - Processing /Users/atanasivanov/ipo-intel/ipo-intel/.venv_airflow/lib/python3.11/site-packages/airflow/example_dags/plugins/workday.py took 0.087 seconds
[2026-03-18T17:14:19.078+0100] {processor.py:186} INFO - Started process (PID=59778) to work on /Users/atanasivanov/ipo-intel/ipo-intel/.venv_airflow/lib/python3.11/site-packages/airflow/example_dags/plugins/workday.py
[2026-03-18T17:14:19.079+0100] {processor.py:914} INFO - Processing file /Users/atanasivanov/ipo-intel/ipo-intel/.venv_airflow/lib/python3.11/site-packages/airflow/example_dags/plugins/workday.py for tasks to queue
[2026-03-18T17:14:19.080+0100] {logging_mixin.py:190} INFO - [2026-03-18T17:14:19.080+0100] {dagbag.py:588} INFO - Filling up the DagBag from /Users/atanasivanov/ipo-intel/ipo-intel/.venv_airflow/lib/python3.11/site-packages/airflow/example_dags/plugins/workday.py
[2026-03-18T17:14:19.082+0100] {logging_mixin.py:190} INFO - [2026-03-18T17:14:19.081+0100] {workday.py:41} WARNING - Could not import pandas. Holidays will not be considered.
[2026-03-18T17:14:19.082+0100] {processor.py:927} WARNING - No viable dags retrieved from /Users/atanasivanov/ipo-intel/ipo-intel/.venv_airflow/lib/python3.11/site-packages/airflow/example_dags/plugins/workday.py
[2026-03-18T17:14:19.157+0100] {processor.py:208} INFO - Processing /Users/atanasivanov/ipo-intel/ipo-intel/.venv_airflow/lib/python3.11/site-packages/airflow/example_dags/plugins/workday.py took 0.084 seconds
