[2026-03-18T16:47:23.420+0100] {local_task_job_runner.py:123} INFO - ::group::Pre task execution logs
[2026-03-18T16:47:23.431+0100] {taskinstance.py:2614} INFO - Dependencies all met for dep_context=non-requeueable deps ti=<TaskInstance: ipo_pipeline_daily.dbt_run manual__2026-03-18T15:43:33.140733+00:00 [queued]>
[2026-03-18T16:47:23.438+0100] {taskinstance.py:2614} INFO - Dependencies all met for dep_context=requeueable deps ti=<TaskInstance: ipo_pipeline_daily.dbt_run manual__2026-03-18T15:43:33.140733+00:00 [queued]>
[2026-03-18T16:47:23.438+0100] {taskinstance.py:2867} INFO - Starting attempt 1 of 2
[2026-03-18T16:47:23.447+0100] {taskinstance.py:2890} INFO - Executing <Task(BashOperator): dbt_run> on 2026-03-18 15:43:33.140733+00:00
[2026-03-18T16:47:23.452+0100] {standard_task_runner.py:72} INFO - Started process 53052 to run task
[2026-03-18T16:47:23.458+0100] {standard_task_runner.py:104} INFO - Running: ['airflow', 'tasks', 'run', 'ipo_pipeline_daily', 'dbt_run', 'manual__2026-03-18T15:43:33.140733+00:00', '--job-id', '8', '--raw', '--subdir', 'DAGS_FOLDER/ipo_pipeline_dag.py', '--cfg-path', '/var/folders/rl/d1ygt19j75337nbnslvz22pm0000gn/T/tmpo4j3zg_5']
[2026-03-18T16:47:23.460+0100] {standard_task_runner.py:105} INFO - Job 8: Subtask dbt_run
[2026-03-18T16:47:23.499+0100] {task_command.py:467} INFO - Running <TaskInstance: ipo_pipeline_daily.dbt_run manual__2026-03-18T15:43:33.140733+00:00 [running]> on host atanass-macbook-pro.local
[2026-03-18T16:47:23.554+0100] {taskinstance.py:3134} INFO - Exporting env vars: AIRFLOW_CTX_DAG_OWNER='atanas' AIRFLOW_CTX_DAG_ID='ipo_pipeline_daily' AIRFLOW_CTX_TASK_ID='dbt_run' AIRFLOW_CTX_EXECUTION_DATE='2026-03-18T15:43:33.140733+00:00' AIRFLOW_CTX_TRY_NUMBER='1' AIRFLOW_CTX_DAG_RUN_ID='manual__2026-03-18T15:43:33.140733+00:00'
[2026-03-18T16:47:23.555+0100] {logging_mixin.py:190} INFO - Task instance is in running state
[2026-03-18T16:47:23.556+0100] {logging_mixin.py:190} INFO -  Previous state of the Task instance: queued
[2026-03-18T16:47:23.556+0100] {logging_mixin.py:190} INFO - Current task name:dbt_run state:running start_date:2026-03-18 15:47:23.432133+00:00
[2026-03-18T16:47:23.557+0100] {logging_mixin.py:190} INFO - Dag name:ipo_pipeline_daily and current dag run status:running
[2026-03-18T16:47:23.557+0100] {taskinstance.py:732} INFO - ::endgroup::
[2026-03-18T16:47:23.559+0100] {subprocess.py:78} INFO - Tmp dir root location: /var/folders/rl/d1ygt19j75337nbnslvz22pm0000gn/T
[2026-03-18T16:47:23.560+0100] {subprocess.py:88} INFO - Running command: ['/bin/bash', '-c', "bash -lc '\n        cd /Users/atanasivanov/ipo-intel/ipo-intel/dbt &&\n        source /Users/atanasivanov/ipo-intel/ipo-intel/.venv/bin/activate &&\n        set -a &&\n        source /Users/atanasivanov/ipo-intel/ipo-intel/.env &&\n        set +a &&\n        dbt run\n        '"]
[2026-03-18T16:47:23.566+0100] {subprocess.py:99} INFO - Output:
[2026-03-18T16:47:25.415+0100] {subprocess.py:106} INFO - [0m15:47:25  Running with dbt=1.11.2
[2026-03-18T16:47:25.685+0100] {subprocess.py:106} INFO - [0m15:47:25  Registered adapter: postgres=1.10.0
[2026-03-18T16:47:26.268+0100] {subprocess.py:106} INFO - [0m15:47:26  Found 12 models, 17 data tests, 5 sources, 578 macros
[2026-03-18T16:47:26.273+0100] {subprocess.py:106} INFO - [0m15:47:26
[2026-03-18T16:47:26.274+0100] {subprocess.py:106} INFO - [0m15:47:26  Concurrency: 4 threads (target='dev')
[2026-03-18T16:47:26.275+0100] {subprocess.py:106} INFO - [0m15:47:26
[2026-03-18T16:47:26.494+0100] {subprocess.py:106} INFO - [0m15:47:26  1 of 12 START sql view model analytics_staging.stg_ipos_recent ................. [RUN]
[2026-03-18T16:47:26.496+0100] {subprocess.py:106} INFO - [0m15:47:26  2 of 12 START sql view model analytics_staging.stg_ipos_valid .................. [RUN]
[2026-03-18T16:47:26.720+0100] {subprocess.py:106} INFO - [0m15:47:26  2 of 12 OK created sql view model analytics_staging.stg_ipos_valid ............. [[32mCREATE VIEW[0m in 0.21s]
[2026-03-18T16:47:26.721+0100] {subprocess.py:106} INFO - [0m15:47:26  1 of 12 OK created sql view model analytics_staging.stg_ipos_recent ............ [[32mCREATE VIEW[0m in 0.22s]
[2026-03-18T16:47:26.725+0100] {subprocess.py:106} INFO - [0m15:47:26  3 of 12 START sql table model analytics_analytics.dim_industry ................. [RUN]
[2026-03-18T16:47:26.726+0100] {subprocess.py:106} INFO - [0m15:47:26  4 of 12 START sql view model analytics_staging.stg_prices_ipo_window_100d ...... [RUN]
[2026-03-18T16:47:26.813+0100] {subprocess.py:106} INFO - [0m15:47:26  4 of 12 OK created sql view model analytics_staging.stg_prices_ipo_window_100d . [[32mCREATE VIEW[0m in 0.08s]
[2026-03-18T16:47:26.817+0100] {subprocess.py:106} INFO - [0m15:47:26  5 of 12 START sql table model analytics_analytics.ipo_coverage ................. [RUN]
[2026-03-18T16:47:26.820+0100] {subprocess.py:106} INFO - [0m15:47:26  6 of 12 START sql view model analytics_staging.stg_prices_ipo_window_30d ....... [RUN]
[2026-03-18T16:47:26.952+0100] {subprocess.py:106} INFO - [0m15:47:26  3 of 12 OK created sql table model analytics_analytics.dim_industry ............ [[32mSELECT 35[0m in 0.22s]
[2026-03-18T16:47:26.980+0100] {subprocess.py:106} INFO - [0m15:47:26  6 of 12 OK created sql view model analytics_staging.stg_prices_ipo_window_30d .. [[32mCREATE VIEW[0m in 0.15s]
[2026-03-18T16:47:26.986+0100] {subprocess.py:106} INFO - [0m15:47:26  7 of 12 START sql table model analytics_analytics.ipo_metrics_30d .............. [RUN]
[2026-03-18T16:47:28.034+0100] {subprocess.py:106} INFO - [0m15:47:28  5 of 12 OK created sql table model analytics_analytics.ipo_coverage ............ [[32mSELECT 80[0m in 1.21s]
[2026-03-18T16:47:28.037+0100] {subprocess.py:106} INFO - [0m15:47:28  8 of 12 START sql table model analytics_analytics.ipo_coverage_summary ......... [RUN]
[2026-03-18T16:47:28.037+0100] {subprocess.py:106} INFO - [0m15:47:28  9 of 12 START sql table model analytics_analytics.ipo_metrics_100d ............. [RUN]
[2026-03-18T16:47:28.128+0100] {subprocess.py:106} INFO - [0m15:47:28  8 of 12 OK created sql table model analytics_analytics.ipo_coverage_summary .... [[32mSELECT 5[0m in 0.09s]
[2026-03-18T16:47:28.143+0100] {subprocess.py:106} INFO - [0m15:47:28  7 of 12 OK created sql table model analytics_analytics.ipo_metrics_30d ......... [[32mSELECT 80[0m in 1.15s]
[2026-03-18T16:47:28.146+0100] {subprocess.py:106} INFO - [0m15:47:28  10 of 12 START sql table model analytics_analytics.industry_benchmarks_30d ..... [RUN]
[2026-03-18T16:47:28.147+0100] {subprocess.py:106} INFO - [0m15:47:28  11 of 12 START sql table model analytics_analytics.ipo_coverage_summary_30d .... [RUN]
[2026-03-18T16:47:28.233+0100] {subprocess.py:106} INFO - [0m15:47:28  10 of 12 OK created sql table model analytics_analytics.industry_benchmarks_30d  [[32mSELECT 20[0m in 0.08s]
[2026-03-18T16:47:28.234+0100] {subprocess.py:106} INFO - [0m15:47:28  11 of 12 OK created sql table model analytics_analytics.ipo_coverage_summary_30d  [[32mSELECT 4[0m in 0.08s]
[2026-03-18T16:47:28.773+0100] {subprocess.py:106} INFO - [0m15:47:28  9 of 12 OK created sql table model analytics_analytics.ipo_metrics_100d ........ [[32mSELECT 80[0m in 0.73s]
[2026-03-18T16:47:28.775+0100] {subprocess.py:106} INFO - [0m15:47:28  12 of 12 START sql table model analytics_analytics.industry_benchmarks_100d .... [RUN]
[2026-03-18T16:47:28.824+0100] {subprocess.py:106} INFO - [0m15:47:28  12 of 12 OK created sql table model analytics_analytics.industry_benchmarks_100d  [[32mSELECT 28[0m in 0.05s]
[2026-03-18T16:47:28.843+0100] {subprocess.py:106} INFO - [0m15:47:28
[2026-03-18T16:47:28.844+0100] {subprocess.py:106} INFO - [0m15:47:28  Finished running 8 table models, 4 view models in 0 hours 0 minutes and 2.57 seconds (2.57s).
[2026-03-18T16:47:28.885+0100] {subprocess.py:106} INFO - [0m15:47:28
[2026-03-18T16:47:28.885+0100] {subprocess.py:106} INFO - [0m15:47:28  [32mCompleted successfully[0m
[2026-03-18T16:47:28.886+0100] {subprocess.py:106} INFO - [0m15:47:28
[2026-03-18T16:47:28.886+0100] {subprocess.py:106} INFO - [0m15:47:28  Done. PASS=12 WARN=0 ERROR=0 SKIP=0 NO-OP=0 TOTAL=12
[2026-03-18T16:47:29.730+0100] {subprocess.py:110} INFO - Command exited with return code 0
[2026-03-18T16:47:29.747+0100] {taskinstance.py:341} INFO - ::group::Post task execution logs
[2026-03-18T16:47:29.748+0100] {taskinstance.py:353} INFO - Marking task as SUCCESS. dag_id=ipo_pipeline_daily, task_id=dbt_run, run_id=manual__2026-03-18T15:43:33.140733+00:00, execution_date=20260318T154333, start_date=20260318T154723, end_date=20260318T154729
[2026-03-18T16:47:29.760+0100] {logging_mixin.py:190} INFO - Task instance in success state
[2026-03-18T16:47:29.761+0100] {logging_mixin.py:190} INFO -  Previous state of the Task instance: running
[2026-03-18T16:47:29.761+0100] {logging_mixin.py:190} INFO - Dag name:ipo_pipeline_daily queued_at:2026-03-18 15:43:33.150447+00:00
[2026-03-18T16:47:29.762+0100] {logging_mixin.py:190} INFO - Task hostname:atanass-macbook-pro.local operator:BashOperator
[2026-03-18T16:47:29.774+0100] {local_task_job_runner.py:266} INFO - Task exited with return code 0
[2026-03-18T16:47:29.790+0100] {taskinstance.py:3901} INFO - 1 downstream tasks scheduled from follow-on schedule check
[2026-03-18T16:47:29.791+0100] {local_task_job_runner.py:245} INFO - ::endgroup::
