[2026-03-18T16:15:23.171+0100] {processor.py:186} INFO - Started process (PID=44278) to work on /Users/atanasivanov/ipo-intel/ipo-intel/.venv_airflow/lib/python3.11/site-packages/airflow/example_dags/subdags/subdag.py
[2026-03-18T16:15:23.173+0100] {processor.py:914} INFO - Processing file /Users/atanasivanov/ipo-intel/ipo-intel/.venv_airflow/lib/python3.11/site-packages/airflow/example_dags/subdags/subdag.py for tasks to queue
[2026-03-18T16:15:23.174+0100] {logging_mixin.py:190} INFO - [2026-03-18T16:15:23.174+0100] {dagbag.py:588} INFO - Filling up the DagBag from /Users/atanasivanov/ipo-intel/ipo-intel/.venv_airflow/lib/python3.11/site-packages/airflow/example_dags/subdags/subdag.py
[2026-03-18T16:15:23.176+0100] {processor.py:927} WARNING - No viable dags retrieved from /Users/atanasivanov/ipo-intel/ipo-intel/.venv_airflow/lib/python3.11/site-packages/airflow/example_dags/subdags/subdag.py
[2026-03-18T16:15:23.266+0100] {processor.py:208} INFO - Processing /Users/atanasivanov/ipo-intel/ipo-intel/.venv_airflow/lib/python3.11/site-packages/airflow/example_dags/subdags/subdag.py took 0.102 seconds
[2026-03-18T16:19:28.165+0100] {processor.py:186} INFO - Started process (PID=45103) to work on /Users/atanasivanov/ipo-intel/ipo-intel/.venv_airflow/lib/python3.11/site-packages/airflow/example_dags/subdags/subdag.py
[2026-03-18T16:19:28.166+0100] {processor.py:914} INFO - Processing file /Users/atanasivanov/ipo-intel/ipo-intel/.venv_airflow/lib/python3.11/site-packages/airflow/example_dags/subdags/subdag.py for tasks to queue
[2026-03-18T16:19:28.167+0100] {logging_mixin.py:190} INFO - [2026-03-18T16:19:28.166+0100] {dagbag.py:588} INFO - Filling up the DagBag from /Users/atanasivanov/ipo-intel/ipo-intel/.venv_airflow/lib/python3.11/site-packages/airflow/example_dags/subdags/subdag.py
[2026-03-18T16:19:28.169+0100] {processor.py:927} WARNING - No viable dags retrieved from /Users/atanasivanov/ipo-intel/ipo-intel/.venv_airflow/lib/python3.11/site-packages/airflow/example_dags/subdags/subdag.py
[2026-03-18T16:19:28.262+0100] {processor.py:208} INFO - Processing /Users/atanasivanov/ipo-intel/ipo-intel/.venv_airflow/lib/python3.11/site-packages/airflow/example_dags/subdags/subdag.py took 0.103 seconds
[2026-03-18T16:22:12.152+0100] {processor.py:186} INFO - Started process (PID=45765) to work on /Users/atanasivanov/ipo-intel/ipo-intel/.venv_airflow/lib/python3.11/site-packages/airflow/example_dags/subdags/subdag.py
[2026-03-18T16:22:12.153+0100] {processor.py:914} INFO - Processing file /Users/atanasivanov/ipo-intel/ipo-intel/.venv_airflow/lib/python3.11/site-packages/airflow/example_dags/subdags/subdag.py for tasks to queue
[2026-03-18T16:22:12.154+0100] {logging_mixin.py:190} INFO - [2026-03-18T16:22:12.153+0100] {dagbag.py:588} INFO - Filling up the DagBag from /Users/atanasivanov/ipo-intel/ipo-intel/.venv_airflow/lib/python3.11/site-packages/airflow/example_dags/subdags/subdag.py
[2026-03-18T16:22:12.155+0100] {processor.py:927} WARNING - No viable dags retrieved from /Users/atanasivanov/ipo-intel/ipo-intel/.venv_airflow/lib/python3.11/site-packages/airflow/example_dags/subdags/subdag.py
[2026-03-18T16:22:12.230+0100] {processor.py:208} INFO - Processing /Users/atanasivanov/ipo-intel/ipo-intel/.venv_airflow/lib/python3.11/site-packages/airflow/example_dags/subdags/subdag.py took 0.083 seconds
[2026-03-18T16:24:18.023+0100] {processor.py:186} INFO - Started process (PID=46221) to work on /Users/atanasivanov/ipo-intel/ipo-intel/.venv_airflow/lib/python3.11/site-packages/airflow/example_dags/subdags/subdag.py
[2026-03-18T16:24:18.024+0100] {processor.py:914} INFO - Processing file /Users/atanasivanov/ipo-intel/ipo-intel/.venv_airflow/lib/python3.11/site-packages/airflow/example_dags/subdags/subdag.py for tasks to queue
[2026-03-18T16:24:18.025+0100] {logging_mixin.py:190} INFO - [2026-03-18T16:24:18.025+0100] {dagbag.py:588} INFO - Filling up the DagBag from /Users/atanasivanov/ipo-intel/ipo-intel/.venv_airflow/lib/python3.11/site-packages/airflow/example_dags/subdags/subdag.py
[2026-03-18T16:24:18.027+0100] {processor.py:927} WARNING - No viable dags retrieved from /Users/atanasivanov/ipo-intel/ipo-intel/.venv_airflow/lib/python3.11/site-packages/airflow/example_dags/subdags/subdag.py
[2026-03-18T16:24:18.100+0100] {processor.py:208} INFO - Processing /Users/atanasivanov/ipo-intel/ipo-intel/.venv_airflow/lib/python3.11/site-packages/airflow/example_dags/subdags/subdag.py took 0.082 seconds
[2026-03-18T16:26:20.217+0100] {processor.py:186} INFO - Started process (PID=46685) to work on /Users/atanasivanov/ipo-intel/ipo-intel/.venv_airflow/lib/python3.11/site-packages/airflow/example_dags/subdags/subdag.py
[2026-03-18T16:26:20.218+0100] {processor.py:914} INFO - Processing file /Users/atanasivanov/ipo-intel/ipo-intel/.venv_airflow/lib/python3.11/site-packages/airflow/example_dags/subdags/subdag.py for tasks to queue
[2026-03-18T16:26:20.219+0100] {logging_mixin.py:190} INFO - [2026-03-18T16:26:20.218+0100] {dagbag.py:588} INFO - Filling up the DagBag from /Users/atanasivanov/ipo-intel/ipo-intel/.venv_airflow/lib/python3.11/site-packages/airflow/example_dags/subdags/subdag.py
[2026-03-18T16:26:20.220+0100] {processor.py:927} WARNING - No viable dags retrieved from /Users/atanasivanov/ipo-intel/ipo-intel/.venv_airflow/lib/python3.11/site-packages/airflow/example_dags/subdags/subdag.py
[2026-03-18T16:26:20.296+0100] {processor.py:208} INFO - Processing /Users/atanasivanov/ipo-intel/ipo-intel/.venv_airflow/lib/python3.11/site-packages/airflow/example_dags/subdags/subdag.py took 0.085 seconds
[2026-03-18T16:28:23.099+0100] {processor.py:186} INFO - Started process (PID=47833) to work on /Users/atanasivanov/ipo-intel/ipo-intel/.venv_airflow/lib/python3.11/site-packages/airflow/example_dags/subdags/subdag.py
[2026-03-18T16:28:23.100+0100] {processor.py:914} INFO - Processing file /Users/atanasivanov/ipo-intel/ipo-intel/.venv_airflow/lib/python3.11/site-packages/airflow/example_dags/subdags/subdag.py for tasks to queue
[2026-03-18T16:28:23.101+0100] {logging_mixin.py:190} INFO - [2026-03-18T16:28:23.101+0100] {dagbag.py:588} INFO - Filling up the DagBag from /Users/atanasivanov/ipo-intel/ipo-intel/.venv_airflow/lib/python3.11/site-packages/airflow/example_dags/subdags/subdag.py
[2026-03-18T16:28:23.103+0100] {processor.py:927} WARNING - No viable dags retrieved from /Users/atanasivanov/ipo-intel/ipo-intel/.venv_airflow/lib/python3.11/site-packages/airflow/example_dags/subdags/subdag.py
[2026-03-18T16:28:23.183+0100] {processor.py:208} INFO - Processing /Users/atanasivanov/ipo-intel/ipo-intel/.venv_airflow/lib/python3.11/site-packages/airflow/example_dags/subdags/subdag.py took 0.088 seconds
[2026-03-18T16:30:25.189+0100] {processor.py:186} INFO - Started process (PID=48269) to work on /Users/atanasivanov/ipo-intel/ipo-intel/.venv_airflow/lib/python3.11/site-packages/airflow/example_dags/subdags/subdag.py
[2026-03-18T16:30:25.190+0100] {processor.py:914} INFO - Processing file /Users/atanasivanov/ipo-intel/ipo-intel/.venv_airflow/lib/python3.11/site-packages/airflow/example_dags/subdags/subdag.py for tasks to queue
[2026-03-18T16:30:25.191+0100] {logging_mixin.py:190} INFO - [2026-03-18T16:30:25.191+0100] {dagbag.py:588} INFO - Filling up the DagBag from /Users/atanasivanov/ipo-intel/ipo-intel/.venv_airflow/lib/python3.11/site-packages/airflow/example_dags/subdags/subdag.py
[2026-03-18T16:30:25.193+0100] {processor.py:927} WARNING - No viable dags retrieved from /Users/atanasivanov/ipo-intel/ipo-intel/.venv_airflow/lib/python3.11/site-packages/airflow/example_dags/subdags/subdag.py
[2026-03-18T16:30:25.267+0100] {processor.py:208} INFO - Processing /Users/atanasivanov/ipo-intel/ipo-intel/.venv_airflow/lib/python3.11/site-packages/airflow/example_dags/subdags/subdag.py took 0.082 seconds
[2026-03-18T16:32:17.311+0100] {processor.py:186} INFO - Started process (PID=48673) to work on /Users/atanasivanov/ipo-intel/ipo-intel/.venv_airflow/lib/python3.11/site-packages/airflow/example_dags/subdags/subdag.py
[2026-03-18T16:32:17.311+0100] {processor.py:914} INFO - Processing file /Users/atanasivanov/ipo-intel/ipo-intel/.venv_airflow/lib/python3.11/site-packages/airflow/example_dags/subdags/subdag.py for tasks to queue
[2026-03-18T16:32:17.312+0100] {logging_mixin.py:190} INFO - [2026-03-18T16:32:17.312+0100] {dagbag.py:588} INFO - Filling up the DagBag from /Users/atanasivanov/ipo-intel/ipo-intel/.venv_airflow/lib/python3.11/site-packages/airflow/example_dags/subdags/subdag.py
[2026-03-18T16:32:17.314+0100] {processor.py:927} WARNING - No viable dags retrieved from /Users/atanasivanov/ipo-intel/ipo-intel/.venv_airflow/lib/python3.11/site-packages/airflow/example_dags/subdags/subdag.py
[2026-03-18T16:32:17.392+0100] {processor.py:208} INFO - Processing /Users/atanasivanov/ipo-intel/ipo-intel/.venv_airflow/lib/python3.11/site-packages/airflow/example_dags/subdags/subdag.py took 0.087 seconds
[2026-03-18T16:34:08.556+0100] {processor.py:186} INFO - Started process (PID=49086) to work on /Users/atanasivanov/ipo-intel/ipo-intel/.venv_airflow/lib/python3.11/site-packages/airflow/example_dags/subdags/subdag.py
[2026-03-18T16:34:08.557+0100] {processor.py:914} INFO - Processing file /Users/atanasivanov/ipo-intel/ipo-intel/.venv_airflow/lib/python3.11/site-packages/airflow/example_dags/subdags/subdag.py for tasks to queue
[2026-03-18T16:34:08.558+0100] {logging_mixin.py:190} INFO - [2026-03-18T16:34:08.558+0100] {dagbag.py:588} INFO - Filling up the DagBag from /Users/atanasivanov/ipo-intel/ipo-intel/.venv_airflow/lib/python3.11/site-packages/airflow/example_dags/subdags/subdag.py
[2026-03-18T16:34:08.560+0100] {processor.py:927} WARNING - No viable dags retrieved from /Users/atanasivanov/ipo-intel/ipo-intel/.venv_airflow/lib/python3.11/site-packages/airflow/example_dags/subdags/subdag.py
[2026-03-18T16:34:08.633+0100] {processor.py:208} INFO - Processing /Users/atanasivanov/ipo-intel/ipo-intel/.venv_airflow/lib/python3.11/site-packages/airflow/example_dags/subdags/subdag.py took 0.081 seconds
[2026-03-18T16:36:06.956+0100] {processor.py:186} INFO - Started process (PID=49514) to work on /Users/atanasivanov/ipo-intel/ipo-intel/.venv_airflow/lib/python3.11/site-packages/airflow/example_dags/subdags/subdag.py
[2026-03-18T16:36:06.957+0100] {processor.py:914} INFO - Processing file /Users/atanasivanov/ipo-intel/ipo-intel/.venv_airflow/lib/python3.11/site-packages/airflow/example_dags/subdags/subdag.py for tasks to queue
[2026-03-18T16:36:06.958+0100] {logging_mixin.py:190} INFO - [2026-03-18T16:36:06.958+0100] {dagbag.py:588} INFO - Filling up the DagBag from /Users/atanasivanov/ipo-intel/ipo-intel/.venv_airflow/lib/python3.11/site-packages/airflow/example_dags/subdags/subdag.py
[2026-03-18T16:36:06.960+0100] {processor.py:927} WARNING - No viable dags retrieved from /Users/atanasivanov/ipo-intel/ipo-intel/.venv_airflow/lib/python3.11/site-packages/airflow/example_dags/subdags/subdag.py
[2026-03-18T16:36:07.035+0100] {processor.py:208} INFO - Processing /Users/atanasivanov/ipo-intel/ipo-intel/.venv_airflow/lib/python3.11/site-packages/airflow/example_dags/subdags/subdag.py took 0.084 seconds
[2026-03-18T16:37:57.591+0100] {processor.py:186} INFO - Started process (PID=49914) to work on /Users/atanasivanov/ipo-intel/ipo-intel/.venv_airflow/lib/python3.11/site-packages/airflow/example_dags/subdags/subdag.py
[2026-03-18T16:37:57.592+0100] {processor.py:914} INFO - Processing file /Users/atanasivanov/ipo-intel/ipo-intel/.venv_airflow/lib/python3.11/site-packages/airflow/example_dags/subdags/subdag.py for tasks to queue
[2026-03-18T16:37:57.593+0100] {logging_mixin.py:190} INFO - [2026-03-18T16:37:57.593+0100] {dagbag.py:588} INFO - Filling up the DagBag from /Users/atanasivanov/ipo-intel/ipo-intel/.venv_airflow/lib/python3.11/site-packages/airflow/example_dags/subdags/subdag.py
[2026-03-18T16:37:57.595+0100] {processor.py:927} WARNING - No viable dags retrieved from /Users/atanasivanov/ipo-intel/ipo-intel/.venv_airflow/lib/python3.11/site-packages/airflow/example_dags/subdags/subdag.py
[2026-03-18T16:37:57.669+0100] {processor.py:208} INFO - Processing /Users/atanasivanov/ipo-intel/ipo-intel/.venv_airflow/lib/python3.11/site-packages/airflow/example_dags/subdags/subdag.py took 0.083 seconds
[2026-03-18T16:39:54.859+0100] {processor.py:186} INFO - Started process (PID=50978) to work on /Users/atanasivanov/ipo-intel/ipo-intel/.venv_airflow/lib/python3.11/site-packages/airflow/example_dags/subdags/subdag.py
[2026-03-18T16:39:54.860+0100] {processor.py:914} INFO - Processing file /Users/atanasivanov/ipo-intel/ipo-intel/.venv_airflow/lib/python3.11/site-packages/airflow/example_dags/subdags/subdag.py for tasks to queue
[2026-03-18T16:39:54.861+0100] {logging_mixin.py:190} INFO - [2026-03-18T16:39:54.861+0100] {dagbag.py:588} INFO - Filling up the DagBag from /Users/atanasivanov/ipo-intel/ipo-intel/.venv_airflow/lib/python3.11/site-packages/airflow/example_dags/subdags/subdag.py
[2026-03-18T16:39:54.863+0100] {processor.py:927} WARNING - No viable dags retrieved from /Users/atanasivanov/ipo-intel/ipo-intel/.venv_airflow/lib/python3.11/site-packages/airflow/example_dags/subdags/subdag.py
[2026-03-18T16:39:54.942+0100] {processor.py:208} INFO - Processing /Users/atanasivanov/ipo-intel/ipo-intel/.venv_airflow/lib/python3.11/site-packages/airflow/example_dags/subdags/subdag.py took 0.089 seconds
[2026-03-18T16:41:57.874+0100] {processor.py:186} INFO - Started process (PID=51843) to work on /Users/atanasivanov/ipo-intel/ipo-intel/.venv_airflow/lib/python3.11/site-packages/airflow/example_dags/subdags/subdag.py
[2026-03-18T16:41:57.875+0100] {processor.py:914} INFO - Processing file /Users/atanasivanov/ipo-intel/ipo-intel/.venv_airflow/lib/python3.11/site-packages/airflow/example_dags/subdags/subdag.py for tasks to queue
[2026-03-18T16:41:57.876+0100] {logging_mixin.py:190} INFO - [2026-03-18T16:41:57.876+0100] {dagbag.py:588} INFO - Filling up the DagBag from /Users/atanasivanov/ipo-intel/ipo-intel/.venv_airflow/lib/python3.11/site-packages/airflow/example_dags/subdags/subdag.py
[2026-03-18T16:41:57.878+0100] {processor.py:927} WARNING - No viable dags retrieved from /Users/atanasivanov/ipo-intel/ipo-intel/.venv_airflow/lib/python3.11/site-packages/airflow/example_dags/subdags/subdag.py
[2026-03-18T16:41:57.958+0100] {processor.py:208} INFO - Processing /Users/atanasivanov/ipo-intel/ipo-intel/.venv_airflow/lib/python3.11/site-packages/airflow/example_dags/subdags/subdag.py took 0.089 seconds
[2026-03-18T16:47:21.232+0100] {processor.py:186} INFO - Started process (PID=53033) to work on /Users/atanasivanov/ipo-intel/ipo-intel/.venv_airflow/lib/python3.11/site-packages/airflow/example_dags/subdags/subdag.py
[2026-03-18T16:47:21.234+0100] {processor.py:914} INFO - Processing file /Users/atanasivanov/ipo-intel/ipo-intel/.venv_airflow/lib/python3.11/site-packages/airflow/example_dags/subdags/subdag.py for tasks to queue
[2026-03-18T16:47:21.235+0100] {logging_mixin.py:190} INFO - [2026-03-18T16:47:21.234+0100] {dagbag.py:588} INFO - Filling up the DagBag from /Users/atanasivanov/ipo-intel/ipo-intel/.venv_airflow/lib/python3.11/site-packages/airflow/example_dags/subdags/subdag.py
[2026-03-18T16:47:21.236+0100] {processor.py:927} WARNING - No viable dags retrieved from /Users/atanasivanov/ipo-intel/ipo-intel/.venv_airflow/lib/python3.11/site-packages/airflow/example_dags/subdags/subdag.py
[2026-03-18T16:47:21.309+0100] {processor.py:208} INFO - Processing /Users/atanasivanov/ipo-intel/ipo-intel/.venv_airflow/lib/python3.11/site-packages/airflow/example_dags/subdags/subdag.py took 0.081 seconds
[2026-03-18T16:50:05.600+0100] {processor.py:186} INFO - Started process (PID=53663) to work on /Users/atanasivanov/ipo-intel/ipo-intel/.venv_airflow/lib/python3.11/site-packages/airflow/example_dags/subdags/subdag.py
[2026-03-18T16:50:05.602+0100] {processor.py:914} INFO - Processing file /Users/atanasivanov/ipo-intel/ipo-intel/.venv_airflow/lib/python3.11/site-packages/airflow/example_dags/subdags/subdag.py for tasks to queue
[2026-03-18T16:50:05.603+0100] {logging_mixin.py:190} INFO - [2026-03-18T16:50:05.603+0100] {dagbag.py:588} INFO - Filling up the DagBag from /Users/atanasivanov/ipo-intel/ipo-intel/.venv_airflow/lib/python3.11/site-packages/airflow/example_dags/subdags/subdag.py
[2026-03-18T16:50:05.605+0100] {processor.py:927} WARNING - No viable dags retrieved from /Users/atanasivanov/ipo-intel/ipo-intel/.venv_airflow/lib/python3.11/site-packages/airflow/example_dags/subdags/subdag.py
[2026-03-18T16:50:05.678+0100] {processor.py:208} INFO - Processing /Users/atanasivanov/ipo-intel/ipo-intel/.venv_airflow/lib/python3.11/site-packages/airflow/example_dags/subdags/subdag.py took 0.083 seconds
[2026-03-18T16:52:06.524+0100] {processor.py:186} INFO - Started process (PID=54109) to work on /Users/atanasivanov/ipo-intel/ipo-intel/.venv_airflow/lib/python3.11/site-packages/airflow/example_dags/subdags/subdag.py
[2026-03-18T16:52:06.525+0100] {processor.py:914} INFO - Processing file /Users/atanasivanov/ipo-intel/ipo-intel/.venv_airflow/lib/python3.11/site-packages/airflow/example_dags/subdags/subdag.py for tasks to queue
[2026-03-18T16:52:06.526+0100] {logging_mixin.py:190} INFO - [2026-03-18T16:52:06.526+0100] {dagbag.py:588} INFO - Filling up the DagBag from /Users/atanasivanov/ipo-intel/ipo-intel/.venv_airflow/lib/python3.11/site-packages/airflow/example_dags/subdags/subdag.py
[2026-03-18T16:52:06.528+0100] {processor.py:927} WARNING - No viable dags retrieved from /Users/atanasivanov/ipo-intel/ipo-intel/.venv_airflow/lib/python3.11/site-packages/airflow/example_dags/subdags/subdag.py
[2026-03-18T16:52:06.601+0100] {processor.py:208} INFO - Processing /Users/atanasivanov/ipo-intel/ipo-intel/.venv_airflow/lib/python3.11/site-packages/airflow/example_dags/subdags/subdag.py took 0.082 seconds
[2026-03-18T16:54:11.744+0100] {processor.py:186} INFO - Started process (PID=54817) to work on /Users/atanasivanov/ipo-intel/ipo-intel/.venv_airflow/lib/python3.11/site-packages/airflow/example_dags/subdags/subdag.py
[2026-03-18T16:54:11.745+0100] {processor.py:914} INFO - Processing file /Users/atanasivanov/ipo-intel/ipo-intel/.venv_airflow/lib/python3.11/site-packages/airflow/example_dags/subdags/subdag.py for tasks to queue
[2026-03-18T16:54:11.746+0100] {logging_mixin.py:190} INFO - [2026-03-18T16:54:11.746+0100] {dagbag.py:588} INFO - Filling up the DagBag from /Users/atanasivanov/ipo-intel/ipo-intel/.venv_airflow/lib/python3.11/site-packages/airflow/example_dags/subdags/subdag.py
[2026-03-18T16:54:11.748+0100] {processor.py:927} WARNING - No viable dags retrieved from /Users/atanasivanov/ipo-intel/ipo-intel/.venv_airflow/lib/python3.11/site-packages/airflow/example_dags/subdags/subdag.py
[2026-03-18T16:54:11.827+0100] {processor.py:208} INFO - Processing /Users/atanasivanov/ipo-intel/ipo-intel/.venv_airflow/lib/python3.11/site-packages/airflow/example_dags/subdags/subdag.py took 0.090 seconds
[2026-03-18T16:56:20.490+0100] {processor.py:186} INFO - Started process (PID=55332) to work on /Users/atanasivanov/ipo-intel/ipo-intel/.venv_airflow/lib/python3.11/site-packages/airflow/example_dags/subdags/subdag.py
[2026-03-18T16:56:20.492+0100] {processor.py:914} INFO - Processing file /Users/atanasivanov/ipo-intel/ipo-intel/.venv_airflow/lib/python3.11/site-packages/airflow/example_dags/subdags/subdag.py for tasks to queue
[2026-03-18T16:56:20.493+0100] {logging_mixin.py:190} INFO - [2026-03-18T16:56:20.492+0100] {dagbag.py:588} INFO - Filling up the DagBag from /Users/atanasivanov/ipo-intel/ipo-intel/.venv_airflow/lib/python3.11/site-packages/airflow/example_dags/subdags/subdag.py
[2026-03-18T16:56:20.494+0100] {processor.py:927} WARNING - No viable dags retrieved from /Users/atanasivanov/ipo-intel/ipo-intel/.venv_airflow/lib/python3.11/site-packages/airflow/example_dags/subdags/subdag.py
[2026-03-18T16:56:20.565+0100] {processor.py:208} INFO - Processing /Users/atanasivanov/ipo-intel/ipo-intel/.venv_airflow/lib/python3.11/site-packages/airflow/example_dags/subdags/subdag.py took 0.079 seconds
[2026-03-18T16:58:22.632+0100] {processor.py:186} INFO - Started process (PID=55799) to work on /Users/atanasivanov/ipo-intel/ipo-intel/.venv_airflow/lib/python3.11/site-packages/airflow/example_dags/subdags/subdag.py
[2026-03-18T16:58:22.633+0100] {processor.py:914} INFO - Processing file /Users/atanasivanov/ipo-intel/ipo-intel/.venv_airflow/lib/python3.11/site-packages/airflow/example_dags/subdags/subdag.py for tasks to queue
[2026-03-18T16:58:22.634+0100] {logging_mixin.py:190} INFO - [2026-03-18T16:58:22.633+0100] {dagbag.py:588} INFO - Filling up the DagBag from /Users/atanasivanov/ipo-intel/ipo-intel/.venv_airflow/lib/python3.11/site-packages/airflow/example_dags/subdags/subdag.py
[2026-03-18T16:58:22.637+0100] {processor.py:927} WARNING - No viable dags retrieved from /Users/atanasivanov/ipo-intel/ipo-intel/.venv_airflow/lib/python3.11/site-packages/airflow/example_dags/subdags/subdag.py
[2026-03-18T16:58:22.712+0100] {processor.py:208} INFO - Processing /Users/atanasivanov/ipo-intel/ipo-intel/.venv_airflow/lib/python3.11/site-packages/airflow/example_dags/subdags/subdag.py took 0.085 seconds
[2026-03-18T17:00:28.874+0100] {processor.py:186} INFO - Started process (PID=56249) to work on /Users/atanasivanov/ipo-intel/ipo-intel/.venv_airflow/lib/python3.11/site-packages/airflow/example_dags/subdags/subdag.py
[2026-03-18T17:00:28.875+0100] {processor.py:914} INFO - Processing file /Users/atanasivanov/ipo-intel/ipo-intel/.venv_airflow/lib/python3.11/site-packages/airflow/example_dags/subdags/subdag.py for tasks to queue
[2026-03-18T17:00:28.876+0100] {logging_mixin.py:190} INFO - [2026-03-18T17:00:28.876+0100] {dagbag.py:588} INFO - Filling up the DagBag from /Users/atanasivanov/ipo-intel/ipo-intel/.venv_airflow/lib/python3.11/site-packages/airflow/example_dags/subdags/subdag.py
[2026-03-18T17:00:28.877+0100] {processor.py:927} WARNING - No viable dags retrieved from /Users/atanasivanov/ipo-intel/ipo-intel/.venv_airflow/lib/python3.11/site-packages/airflow/example_dags/subdags/subdag.py
[2026-03-18T17:00:28.975+0100] {processor.py:208} INFO - Processing /Users/atanasivanov/ipo-intel/ipo-intel/.venv_airflow/lib/python3.11/site-packages/airflow/example_dags/subdags/subdag.py took 0.106 seconds
[2026-03-18T17:02:23.545+0100] {processor.py:186} INFO - Started process (PID=56671) to work on /Users/atanasivanov/ipo-intel/ipo-intel/.venv_airflow/lib/python3.11/site-packages/airflow/example_dags/subdags/subdag.py
[2026-03-18T17:02:23.547+0100] {processor.py:914} INFO - Processing file /Users/atanasivanov/ipo-intel/ipo-intel/.venv_airflow/lib/python3.11/site-packages/airflow/example_dags/subdags/subdag.py for tasks to queue
[2026-03-18T17:02:23.548+0100] {logging_mixin.py:190} INFO - [2026-03-18T17:02:23.548+0100] {dagbag.py:588} INFO - Filling up the DagBag from /Users/atanasivanov/ipo-intel/ipo-intel/.venv_airflow/lib/python3.11/site-packages/airflow/example_dags/subdags/subdag.py
[2026-03-18T17:02:23.550+0100] {processor.py:927} WARNING - No viable dags retrieved from /Users/atanasivanov/ipo-intel/ipo-intel/.venv_airflow/lib/python3.11/site-packages/airflow/example_dags/subdags/subdag.py
[2026-03-18T17:02:23.620+0100] {processor.py:208} INFO - Processing /Users/atanasivanov/ipo-intel/ipo-intel/.venv_airflow/lib/python3.11/site-packages/airflow/example_dags/subdags/subdag.py took 0.079 seconds
[2026-03-18T17:04:18.216+0100] {processor.py:186} INFO - Started process (PID=57087) to work on /Users/atanasivanov/ipo-intel/ipo-intel/.venv_airflow/lib/python3.11/site-packages/airflow/example_dags/subdags/subdag.py
[2026-03-18T17:04:18.217+0100] {processor.py:914} INFO - Processing file /Users/atanasivanov/ipo-intel/ipo-intel/.venv_airflow/lib/python3.11/site-packages/airflow/example_dags/subdags/subdag.py for tasks to queue
[2026-03-18T17:04:18.218+0100] {logging_mixin.py:190} INFO - [2026-03-18T17:04:18.218+0100] {dagbag.py:588} INFO - Filling up the DagBag from /Users/atanasivanov/ipo-intel/ipo-intel/.venv_airflow/lib/python3.11/site-packages/airflow/example_dags/subdags/subdag.py
[2026-03-18T17:04:18.220+0100] {processor.py:927} WARNING - No viable dags retrieved from /Users/atanasivanov/ipo-intel/ipo-intel/.venv_airflow/lib/python3.11/site-packages/airflow/example_dags/subdags/subdag.py
[2026-03-18T17:04:18.291+0100] {processor.py:208} INFO - Processing /Users/atanasivanov/ipo-intel/ipo-intel/.venv_airflow/lib/python3.11/site-packages/airflow/example_dags/subdags/subdag.py took 0.080 seconds
[2026-03-18T17:06:15.951+0100] {processor.py:186} INFO - Started process (PID=57524) to work on /Users/atanasivanov/ipo-intel/ipo-intel/.venv_airflow/lib/python3.11/site-packages/airflow/example_dags/subdags/subdag.py
[2026-03-18T17:06:15.952+0100] {processor.py:914} INFO - Processing file /Users/atanasivanov/ipo-intel/ipo-intel/.venv_airflow/lib/python3.11/site-packages/airflow/example_dags/subdags/subdag.py for tasks to queue
[2026-03-18T17:06:15.954+0100] {logging_mixin.py:190} INFO - [2026-03-18T17:06:15.953+0100] {dagbag.py:588} INFO - Filling up the DagBag from /Users/atanasivanov/ipo-intel/ipo-intel/.venv_airflow/lib/python3.11/site-packages/airflow/example_dags/subdags/subdag.py
[2026-03-18T17:06:15.956+0100] {processor.py:927} WARNING - No viable dags retrieved from /Users/atanasivanov/ipo-intel/ipo-intel/.venv_airflow/lib/python3.11/site-packages/airflow/example_dags/subdags/subdag.py
[2026-03-18T17:06:16.027+0100] {processor.py:208} INFO - Processing /Users/atanasivanov/ipo-intel/ipo-intel/.venv_airflow/lib/python3.11/site-packages/airflow/example_dags/subdags/subdag.py took 0.081 seconds
[2026-03-18T17:08:07.405+0100] {processor.py:186} INFO - Started process (PID=57932) to work on /Users/atanasivanov/ipo-intel/ipo-intel/.venv_airflow/lib/python3.11/site-packages/airflow/example_dags/subdags/subdag.py
[2026-03-18T17:08:07.406+0100] {processor.py:914} INFO - Processing file /Users/atanasivanov/ipo-intel/ipo-intel/.venv_airflow/lib/python3.11/site-packages/airflow/example_dags/subdags/subdag.py for tasks to queue
[2026-03-18T17:08:07.407+0100] {logging_mixin.py:190} INFO - [2026-03-18T17:08:07.407+0100] {dagbag.py:588} INFO - Filling up the DagBag from /Users/atanasivanov/ipo-intel/ipo-intel/.venv_airflow/lib/python3.11/site-packages/airflow/example_dags/subdags/subdag.py
[2026-03-18T17:08:07.409+0100] {processor.py:927} WARNING - No viable dags retrieved from /Users/atanasivanov/ipo-intel/ipo-intel/.venv_airflow/lib/python3.11/site-packages/airflow/example_dags/subdags/subdag.py
[2026-03-18T17:08:07.480+0100] {processor.py:208} INFO - Processing /Users/atanasivanov/ipo-intel/ipo-intel/.venv_airflow/lib/python3.11/site-packages/airflow/example_dags/subdags/subdag.py took 0.081 seconds
[2026-03-18T17:10:07.869+0100] {processor.py:186} INFO - Started process (PID=58432) to work on /Users/atanasivanov/ipo-intel/ipo-intel/.venv_airflow/lib/python3.11/site-packages/airflow/example_dags/subdags/subdag.py
[2026-03-18T17:10:07.870+0100] {processor.py:914} INFO - Processing file /Users/atanasivanov/ipo-intel/ipo-intel/.venv_airflow/lib/python3.11/site-packages/airflow/example_dags/subdags/subdag.py for tasks to queue
[2026-03-18T17:10:07.871+0100] {logging_mixin.py:190} INFO - [2026-03-18T17:10:07.871+0100] {dagbag.py:588} INFO - Filling up the DagBag from /Users/atanasivanov/ipo-intel/ipo-intel/.venv_airflow/lib/python3.11/site-packages/airflow/example_dags/subdags/subdag.py
[2026-03-18T17:10:07.873+0100] {processor.py:927} WARNING - No viable dags retrieved from /Users/atanasivanov/ipo-intel/ipo-intel/.venv_airflow/lib/python3.11/site-packages/airflow/example_dags/subdags/subdag.py
[2026-03-18T17:10:07.976+0100] {processor.py:208} INFO - Processing /Users/atanasivanov/ipo-intel/ipo-intel/.venv_airflow/lib/python3.11/site-packages/airflow/example_dags/subdags/subdag.py took 0.114 seconds
[2026-03-18T17:12:10.002+0100] {processor.py:186} INFO - Started process (PID=58887) to work on /Users/atanasivanov/ipo-intel/ipo-intel/.venv_airflow/lib/python3.11/site-packages/airflow/example_dags/subdags/subdag.py
[2026-03-18T17:12:10.003+0100] {processor.py:914} INFO - Processing file /Users/atanasivanov/ipo-intel/ipo-intel/.venv_airflow/lib/python3.11/site-packages/airflow/example_dags/subdags/subdag.py for tasks to queue
[2026-03-18T17:12:10.004+0100] {logging_mixin.py:190} INFO - [2026-03-18T17:12:10.004+0100] {dagbag.py:588} INFO - Filling up the DagBag from /Users/atanasivanov/ipo-intel/ipo-intel/.venv_airflow/lib/python3.11/site-packages/airflow/example_dags/subdags/subdag.py
[2026-03-18T17:12:10.007+0100] {processor.py:927} WARNING - No viable dags retrieved from /Users/atanasivanov/ipo-intel/ipo-intel/.venv_airflow/lib/python3.11/site-packages/airflow/example_dags/subdags/subdag.py
[2026-03-18T17:12:10.104+0100] {processor.py:208} INFO - Processing /Users/atanasivanov/ipo-intel/ipo-intel/.venv_airflow/lib/python3.11/site-packages/airflow/example_dags/subdags/subdag.py took 0.109 seconds
[2026-03-18T17:14:16.537+0100] {processor.py:186} INFO - Started process (PID=59771) to work on /Users/atanasivanov/ipo-intel/ipo-intel/.venv_airflow/lib/python3.11/site-packages/airflow/example_dags/subdags/subdag.py
[2026-03-18T17:14:16.538+0100] {processor.py:914} INFO - Processing file /Users/atanasivanov/ipo-intel/ipo-intel/.venv_airflow/lib/python3.11/site-packages/airflow/example_dags/subdags/subdag.py for tasks to queue
[2026-03-18T17:14:16.539+0100] {logging_mixin.py:190} INFO - [2026-03-18T17:14:16.538+0100] {dagbag.py:588} INFO - Filling up the DagBag from /Users/atanasivanov/ipo-intel/ipo-intel/.venv_airflow/lib/python3.11/site-packages/airflow/example_dags/subdags/subdag.py
[2026-03-18T17:14:16.540+0100] {processor.py:927} WARNING - No viable dags retrieved from /Users/atanasivanov/ipo-intel/ipo-intel/.venv_airflow/lib/python3.11/site-packages/airflow/example_dags/subdags/subdag.py
[2026-03-18T17:14:16.627+0100] {processor.py:208} INFO - Processing /Users/atanasivanov/ipo-intel/ipo-intel/.venv_airflow/lib/python3.11/site-packages/airflow/example_dags/subdags/subdag.py took 0.096 seconds
