[2026-03-18T16:19:01.422+0100] {local_task_job_runner.py:123} INFO - ::group::Pre task execution logs
[2026-03-18T16:19:01.437+0100] {taskinstance.py:2614} INFO - Dependencies all met for dep_context=non-requeueable deps ti=<TaskInstance: ipo_pipeline_daily.backfill_prices manual__2026-03-18T15:16:23.952036+00:00 [queued]>
[2026-03-18T16:19:01.442+0100] {taskinstance.py:2614} INFO - Dependencies all met for dep_context=requeueable deps ti=<TaskInstance: ipo_pipeline_daily.backfill_prices manual__2026-03-18T15:16:23.952036+00:00 [queued]>
[2026-03-18T16:19:01.443+0100] {taskinstance.py:2867} INFO - Starting attempt 1 of 2
[2026-03-18T16:19:01.451+0100] {taskinstance.py:2890} INFO - Executing <Task(BashOperator): backfill_prices> on 2026-03-18 15:16:23.952036+00:00
[2026-03-18T16:19:01.455+0100] {standard_task_runner.py:72} INFO - Started process 45016 to run task
[2026-03-18T16:19:01.461+0100] {standard_task_runner.py:104} INFO - Running: ['airflow', 'tasks', 'run', 'ipo_pipeline_daily', 'backfill_prices', 'manual__2026-03-18T15:16:23.952036+00:00', '--job-id', '3', '--raw', '--subdir', 'DAGS_FOLDER/ipo_pipeline_dag.py', '--cfg-path', '/var/folders/rl/d1ygt19j75337nbnslvz22pm0000gn/T/tmpvh0g01jk']
[2026-03-18T16:19:01.463+0100] {standard_task_runner.py:105} INFO - Job 3: Subtask backfill_prices
[2026-03-18T16:19:01.494+0100] {task_command.py:467} INFO - Running <TaskInstance: ipo_pipeline_daily.backfill_prices manual__2026-03-18T15:16:23.952036+00:00 [running]> on host atanass-macbook-pro.local
[2026-03-18T16:19:01.536+0100] {taskinstance.py:3134} INFO - Exporting env vars: AIRFLOW_CTX_DAG_OWNER='atanas' AIRFLOW_CTX_DAG_ID='ipo_pipeline_daily' AIRFLOW_CTX_TASK_ID='backfill_prices' AIRFLOW_CTX_EXECUTION_DATE='2026-03-18T15:16:23.952036+00:00' AIRFLOW_CTX_TRY_NUMBER='1' AIRFLOW_CTX_DAG_RUN_ID='manual__2026-03-18T15:16:23.952036+00:00'
[2026-03-18T16:19:01.537+0100] {logging_mixin.py:190} INFO - Task instance is in running state
[2026-03-18T16:19:01.537+0100] {logging_mixin.py:190} INFO -  Previous state of the Task instance: queued
[2026-03-18T16:19:01.538+0100] {logging_mixin.py:190} INFO - Current task name:backfill_prices state:running start_date:2026-03-18 15:19:01.437672+00:00
[2026-03-18T16:19:01.538+0100] {logging_mixin.py:190} INFO - Dag name:ipo_pipeline_daily and current dag run status:running
[2026-03-18T16:19:01.539+0100] {taskinstance.py:732} INFO - ::endgroup::
[2026-03-18T16:19:01.540+0100] {subprocess.py:78} INFO - Tmp dir root location: /var/folders/rl/d1ygt19j75337nbnslvz22pm0000gn/T
[2026-03-18T16:19:01.541+0100] {subprocess.py:88} INFO - Running command: ['/bin/bash', '-c', 'bash -lc \'\n        cd /Users/atanasivanov/ipo-intel/ipo-intel &&\n        source .venv/bin/activate &&\n        set -a &&\n        source .env &&\n        set +a &&\n        export PYTHONPATH="/Users/atanasivanov/ipo-intel/ipo-intel" &&\n        python -m src.ingest.run_price_backfill\n        \'']
[2026-03-18T16:19:01.546+0100] {subprocess.py:99} INFO - Output:
[2026-03-18T16:19:04.805+0100] {subprocess.py:106} INFO - HTTP Error 404: {"quoteSummary":{"result":null,"error":{"code":"Not Found","description":"Quote not found for symbol: AIDX.TRT"}}}
[2026-03-18T16:19:05.040+0100] {subprocess.py:106} INFO - $AIDX.TRT: possibly delisted; no timezone found
[2026-03-18T16:19:06.726+0100] {subprocess.py:106} INFO - HTTP Error 404: {"quoteSummary":{"result":null,"error":{"code":"Not Found","description":"Quote not found for symbol: BRAI.LON"}}}
[2026-03-18T16:19:07.018+0100] {subprocess.py:106} INFO - $BRAI.LON: possibly delisted; no timezone found
[2026-03-18T16:19:07.906+0100] {subprocess.py:106} INFO - $BBBSF: possibly delisted; no price data found  (1d 2026-02-05 -> 2026-03-19)
[2026-03-18T16:19:08.927+0100] {subprocess.py:106} INFO - $CEPS.LON: possibly delisted; no timezone found
[2026-03-18T16:19:09.736+0100] {subprocess.py:106} INFO - $HLXCX: possibly delisted; no price data found  (1d 2026-01-23 -> 2026-03-19)
[2026-03-18T16:19:14.819+0100] {subprocess.py:106} INFO - $FFLYX: possibly delisted; no price data found  (1d 2025-11-28 -> 2026-03-09)
[2026-03-18T16:19:15.635+0100] {subprocess.py:106} INFO - $CBCAX: possibly delisted; no price data found  (1d 2025-11-20 -> 2026-03-01)
[2026-03-18T16:19:26.302+0100] {subprocess.py:106} INFO - 🔎 Backfill candidates selected: 30
[2026-03-18T16:19:26.302+0100] {subprocess.py:106} INFO - 📈 Backfill progress: 10/30 | rows=336 | with_data=5 | no_data=5 | failed=0 | yahoo_used=10 | alpha_used=0
[2026-03-18T16:19:26.303+0100] {subprocess.py:106} INFO - 📈 Backfill progress: 20/30 | rows=337 | with_data=6 | no_data=14 | failed=0 | yahoo_used=20 | alpha_used=0
[2026-03-18T16:19:26.303+0100] {subprocess.py:106} INFO - 📈 Backfill progress: 30/30 | rows=338 | with_data=7 | no_data=23 | failed=0 | yahoo_used=30 | alpha_used=0
[2026-03-18T16:19:26.304+0100] {subprocess.py:106} INFO - ✅ Backfill ok: attempted=30, rows=338, with_data=7, no_data=23, failed=0, yahoo_used=30, alpha_used=0
[2026-03-18T16:19:26.407+0100] {subprocess.py:110} INFO - Command exited with return code 0
[2026-03-18T16:19:26.423+0100] {taskinstance.py:341} INFO - ::group::Post task execution logs
[2026-03-18T16:19:26.424+0100] {taskinstance.py:353} INFO - Marking task as SUCCESS. dag_id=ipo_pipeline_daily, task_id=backfill_prices, run_id=manual__2026-03-18T15:16:23.952036+00:00, execution_date=20260318T151623, start_date=20260318T151901, end_date=20260318T151926
[2026-03-18T16:19:26.436+0100] {logging_mixin.py:190} INFO - Task instance in success state
[2026-03-18T16:19:26.437+0100] {logging_mixin.py:190} INFO -  Previous state of the Task instance: running
[2026-03-18T16:19:26.437+0100] {logging_mixin.py:190} INFO - Dag name:ipo_pipeline_daily queued_at:2026-03-18 15:16:23.982449+00:00
[2026-03-18T16:19:26.438+0100] {logging_mixin.py:190} INFO - Task hostname:atanass-macbook-pro.local operator:BashOperator
[2026-03-18T16:19:26.451+0100] {local_task_job_runner.py:266} INFO - Task exited with return code 0
[2026-03-18T16:19:26.468+0100] {taskinstance.py:3901} INFO - 1 downstream tasks scheduled from follow-on schedule check
[2026-03-18T16:19:26.469+0100] {local_task_job_runner.py:245} INFO - ::endgroup::
