[2026-03-18T16:46:52.170+0100] {local_task_job_runner.py:123} INFO - ::group::Pre task execution logs
[2026-03-18T16:46:52.180+0100] {taskinstance.py:2614} INFO - Dependencies all met for dep_context=non-requeueable deps ti=<TaskInstance: ipo_pipeline_daily.backfill_prices manual__2026-03-18T15:43:33.140733+00:00 [queued]>
[2026-03-18T16:46:52.185+0100] {taskinstance.py:2614} INFO - Dependencies all met for dep_context=requeueable deps ti=<TaskInstance: ipo_pipeline_daily.backfill_prices manual__2026-03-18T15:43:33.140733+00:00 [queued]>
[2026-03-18T16:46:52.185+0100] {taskinstance.py:2867} INFO - Starting attempt 1 of 2
[2026-03-18T16:46:52.194+0100] {taskinstance.py:2890} INFO - Executing <Task(BashOperator): backfill_prices> on 2026-03-18 15:43:33.140733+00:00
[2026-03-18T16:46:52.198+0100] {standard_task_runner.py:72} INFO - Started process 52952 to run task
[2026-03-18T16:46:52.204+0100] {standard_task_runner.py:104} INFO - Running: ['airflow', 'tasks', 'run', 'ipo_pipeline_daily', 'backfill_prices', 'manual__2026-03-18T15:43:33.140733+00:00', '--job-id', '7', '--raw', '--subdir', 'DAGS_FOLDER/ipo_pipeline_dag.py', '--cfg-path', '/var/folders/rl/d1ygt19j75337nbnslvz22pm0000gn/T/tmpiryenb06']
[2026-03-18T16:46:52.207+0100] {standard_task_runner.py:105} INFO - Job 7: Subtask backfill_prices
[2026-03-18T16:46:52.244+0100] {task_command.py:467} INFO - Running <TaskInstance: ipo_pipeline_daily.backfill_prices manual__2026-03-18T15:43:33.140733+00:00 [running]> on host atanass-macbook-pro.local
[2026-03-18T16:46:52.292+0100] {taskinstance.py:3134} INFO - Exporting env vars: AIRFLOW_CTX_DAG_OWNER='atanas' AIRFLOW_CTX_DAG_ID='ipo_pipeline_daily' AIRFLOW_CTX_TASK_ID='backfill_prices' AIRFLOW_CTX_EXECUTION_DATE='2026-03-18T15:43:33.140733+00:00' AIRFLOW_CTX_TRY_NUMBER='1' AIRFLOW_CTX_DAG_RUN_ID='manual__2026-03-18T15:43:33.140733+00:00'
[2026-03-18T16:46:52.294+0100] {logging_mixin.py:190} INFO - Task instance is in running state
[2026-03-18T16:46:52.294+0100] {logging_mixin.py:190} INFO -  Previous state of the Task instance: queued
[2026-03-18T16:46:52.295+0100] {logging_mixin.py:190} INFO - Current task name:backfill_prices state:running start_date:2026-03-18 15:46:52.180515+00:00
[2026-03-18T16:46:52.295+0100] {logging_mixin.py:190} INFO - Dag name:ipo_pipeline_daily and current dag run status:running
[2026-03-18T16:46:52.296+0100] {taskinstance.py:732} INFO - ::endgroup::
[2026-03-18T16:46:52.297+0100] {subprocess.py:78} INFO - Tmp dir root location: /var/folders/rl/d1ygt19j75337nbnslvz22pm0000gn/T
[2026-03-18T16:46:52.298+0100] {subprocess.py:88} INFO - Running command: ['/bin/bash', '-c', 'bash -lc \'\n        cd /Users/atanasivanov/ipo-intel/ipo-intel &&\n        source .venv/bin/activate &&\n        set -a &&\n        source .env &&\n        set +a &&\n        export PYTHONPATH="/Users/atanasivanov/ipo-intel/ipo-intel" &&\n        python -m src.ingest.run_price_backfill\n        \'']
[2026-03-18T16:46:52.303+0100] {subprocess.py:99} INFO - Output:
[2026-03-18T16:47:19.492+0100] {subprocess.py:106} INFO - 🔎 Backfill candidates selected: 30
[2026-03-18T16:47:19.493+0100] {subprocess.py:106} INFO - ⚠️ Yahoo backfill failed for AIDX->AIDX.TRT: yfinance history failed for AIDX.TRT: Too Many Requests. Rate limited. Try after a while.
[2026-03-18T16:47:19.494+0100] {subprocess.py:106} INFO - ⚠️ Yahoo backfill failed for BRAI->BRAI.LON: yfinance history failed for BRAI.LON: Too Many Requests. Rate limited. Try after a while.
[2026-03-18T16:47:19.495+0100] {subprocess.py:106} INFO - ⚠️ Yahoo backfill failed for BOBS->BBBSF: yfinance history failed for BBBSF: Too Many Requests. Rate limited. Try after a while.
[2026-03-18T16:47:19.495+0100] {subprocess.py:106} INFO - ⚠️ Yahoo backfill failed for CEPS->CEPS.LON: yfinance history failed for CEPS.LON: Too Many Requests. Rate limited. Try after a while.
[2026-03-18T16:47:19.496+0100] {subprocess.py:106} INFO - ⚠️ Yahoo backfill failed for HLXC->HLXCX: yfinance history failed for HLXCX: Too Many Requests. Rate limited. Try after a while.
[2026-03-18T16:47:19.496+0100] {subprocess.py:106} INFO - ⚠️ Yahoo backfill failed for FFLY->FFLYX: yfinance history failed for FFLYX: Too Many Requests. Rate limited. Try after a while.
[2026-03-18T16:47:19.497+0100] {subprocess.py:106} INFO - ⚠️ Yahoo backfill failed for CBC->CBCAX: yfinance history failed for CBCAX: Too Many Requests. Rate limited. Try after a while.
[2026-03-18T16:47:19.498+0100] {subprocess.py:106} INFO - 📈 Backfill progress: 10/30 | rows=0 | with_data=0 | no_data=10 | failed=7 | yahoo_used=3 | alpha_used=0
[2026-03-18T16:47:19.498+0100] {subprocess.py:106} INFO - ⚠️ Yahoo backfill failed for FVAV->FVAV: yfinance history failed for FVAV: Too Many Requests. Rate limited. Try after a while.
[2026-03-18T16:47:19.499+0100] {subprocess.py:106} INFO - 📈 Backfill progress: 20/30 | rows=0 | with_data=0 | no_data=20 | failed=8 | yahoo_used=12 | alpha_used=0
[2026-03-18T16:47:19.499+0100] {subprocess.py:106} INFO - ⚠️ Yahoo backfill failed for FPS->FPSIX: yfinance history failed for FPSIX: Too Many Requests. Rate limited. Try after a while.
[2026-03-18T16:47:19.500+0100] {subprocess.py:106} INFO - 📈 Backfill progress: 30/30 | rows=0 | with_data=0 | no_data=30 | failed=9 | yahoo_used=21 | alpha_used=0
[2026-03-18T16:47:19.500+0100] {subprocess.py:106} INFO - ✅ Backfill ok: attempted=30, rows=0, with_data=0, no_data=30, failed=9, yahoo_used=21, alpha_used=0
[2026-03-18T16:47:19.594+0100] {subprocess.py:110} INFO - Command exited with return code 0
[2026-03-18T16:47:19.611+0100] {taskinstance.py:341} INFO - ::group::Post task execution logs
[2026-03-18T16:47:19.612+0100] {taskinstance.py:353} INFO - Marking task as SUCCESS. dag_id=ipo_pipeline_daily, task_id=backfill_prices, run_id=manual__2026-03-18T15:43:33.140733+00:00, execution_date=20260318T154333, start_date=20260318T154652, end_date=20260318T154719
[2026-03-18T16:47:19.624+0100] {logging_mixin.py:190} INFO - Task instance in success state
[2026-03-18T16:47:19.625+0100] {logging_mixin.py:190} INFO -  Previous state of the Task instance: running
[2026-03-18T16:47:19.625+0100] {logging_mixin.py:190} INFO - Dag name:ipo_pipeline_daily queued_at:2026-03-18 15:43:33.150447+00:00
[2026-03-18T16:47:19.626+0100] {logging_mixin.py:190} INFO - Task hostname:atanass-macbook-pro.local operator:BashOperator
[2026-03-18T16:47:19.638+0100] {local_task_job_runner.py:266} INFO - Task exited with return code 0
[2026-03-18T16:47:19.656+0100] {taskinstance.py:3901} INFO - 1 downstream tasks scheduled from follow-on schedule check
[2026-03-18T16:47:19.657+0100] {local_task_job_runner.py:245} INFO - ::endgroup::
