[2026-03-18T16:15:20.119+0100] {processor.py:186} INFO - Started process (PID=44266) to work on /Users/atanasivanov/ipo-intel/ipo-intel/airflow/dags/ipo_pipeline_dag.py
[2026-03-18T16:15:20.121+0100] {processor.py:914} INFO - Processing file /Users/atanasivanov/ipo-intel/ipo-intel/airflow/dags/ipo_pipeline_dag.py for tasks to queue
[2026-03-18T16:15:20.122+0100] {logging_mixin.py:190} INFO - [2026-03-18T16:15:20.122+0100] {dagbag.py:588} INFO - Filling up the DagBag from /Users/atanasivanov/ipo-intel/ipo-intel/airflow/dags/ipo_pipeline_dag.py
[2026-03-18T16:15:20.131+0100] {processor.py:925} INFO - DAG(s) 'ipo_pipeline_daily' retrieved from /Users/atanasivanov/ipo-intel/ipo-intel/airflow/dags/ipo_pipeline_dag.py
[2026-03-18T16:15:20.330+0100] {logging_mixin.py:190} INFO - [2026-03-18T16:15:20.330+0100] {override.py:1912} INFO - Created Permission View: can read on DAG:ipo_pipeline_daily
[2026-03-18T16:15:20.340+0100] {logging_mixin.py:190} INFO - [2026-03-18T16:15:20.339+0100] {override.py:1912} INFO - Created Permission View: can edit on DAG:ipo_pipeline_daily
[2026-03-18T16:15:20.345+0100] {logging_mixin.py:190} INFO - [2026-03-18T16:15:20.345+0100] {override.py:1912} INFO - Created Permission View: can delete on DAG:ipo_pipeline_daily
[2026-03-18T16:15:20.352+0100] {logging_mixin.py:190} INFO - [2026-03-18T16:15:20.352+0100] {override.py:1912} INFO - Created Permission View: can read on DAG Run:ipo_pipeline_daily
[2026-03-18T16:15:20.357+0100] {logging_mixin.py:190} INFO - [2026-03-18T16:15:20.357+0100] {override.py:1912} INFO - Created Permission View: menu access on DAG Run:ipo_pipeline_daily
[2026-03-18T16:15:20.362+0100] {logging_mixin.py:190} INFO - [2026-03-18T16:15:20.362+0100] {override.py:1912} INFO - Created Permission View: can delete on DAG Run:ipo_pipeline_daily
[2026-03-18T16:15:20.367+0100] {logging_mixin.py:190} INFO - [2026-03-18T16:15:20.367+0100] {override.py:1912} INFO - Created Permission View: can create on DAG Run:ipo_pipeline_daily
[2026-03-18T16:15:20.367+0100] {logging_mixin.py:190} INFO - [2026-03-18T16:15:20.367+0100] {dag.py:3239} INFO - Sync 1 DAGs
[2026-03-18T16:15:20.377+0100] {logging_mixin.py:190} INFO - [2026-03-18T16:15:20.377+0100] {dag.py:3262} INFO - Creating ORM DAG for ipo_pipeline_daily
[2026-03-18T16:15:20.384+0100] {logging_mixin.py:190} INFO - [2026-03-18T16:15:20.384+0100] {dag.py:4180} INFO - Setting next_dagrun for ipo_pipeline_daily to 2026-03-18 08:00:00+00:00, run_after=2026-03-19 08:00:00+00:00
[2026-03-18T16:15:20.397+0100] {processor.py:208} INFO - Processing /Users/atanasivanov/ipo-intel/ipo-intel/airflow/dags/ipo_pipeline_dag.py took 0.283 seconds
[2026-03-18T16:18:59.195+0100] {processor.py:186} INFO - Started process (PID=44999) to work on /Users/atanasivanov/ipo-intel/ipo-intel/airflow/dags/ipo_pipeline_dag.py
[2026-03-18T16:18:59.196+0100] {processor.py:914} INFO - Processing file /Users/atanasivanov/ipo-intel/ipo-intel/airflow/dags/ipo_pipeline_dag.py for tasks to queue
[2026-03-18T16:18:59.197+0100] {logging_mixin.py:190} INFO - [2026-03-18T16:18:59.196+0100] {dagbag.py:588} INFO - Filling up the DagBag from /Users/atanasivanov/ipo-intel/ipo-intel/airflow/dags/ipo_pipeline_dag.py
[2026-03-18T16:18:59.205+0100] {processor.py:925} INFO - DAG(s) 'ipo_pipeline_daily' retrieved from /Users/atanasivanov/ipo-intel/ipo-intel/airflow/dags/ipo_pipeline_dag.py
[2026-03-18T16:18:59.285+0100] {logging_mixin.py:190} INFO - [2026-03-18T16:18:59.285+0100] {dag.py:3239} INFO - Sync 1 DAGs
[2026-03-18T16:18:59.299+0100] {logging_mixin.py:190} INFO - [2026-03-18T16:18:59.299+0100] {dag.py:4180} INFO - Setting next_dagrun for ipo_pipeline_daily to 2026-03-18 08:00:00+00:00, run_after=2026-03-19 08:00:00+00:00
[2026-03-18T16:18:59.313+0100] {processor.py:208} INFO - Processing /Users/atanasivanov/ipo-intel/ipo-intel/airflow/dags/ipo_pipeline_dag.py took 0.123 seconds
[2026-03-18T16:22:10.261+0100] {processor.py:186} INFO - Started process (PID=45758) to work on /Users/atanasivanov/ipo-intel/ipo-intel/airflow/dags/ipo_pipeline_dag.py
[2026-03-18T16:22:10.262+0100] {processor.py:914} INFO - Processing file /Users/atanasivanov/ipo-intel/ipo-intel/airflow/dags/ipo_pipeline_dag.py for tasks to queue
[2026-03-18T16:22:10.263+0100] {logging_mixin.py:190} INFO - [2026-03-18T16:22:10.263+0100] {dagbag.py:588} INFO - Filling up the DagBag from /Users/atanasivanov/ipo-intel/ipo-intel/airflow/dags/ipo_pipeline_dag.py
[2026-03-18T16:22:10.272+0100] {processor.py:925} INFO - DAG(s) 'ipo_pipeline_daily' retrieved from /Users/atanasivanov/ipo-intel/ipo-intel/airflow/dags/ipo_pipeline_dag.py
[2026-03-18T16:22:10.354+0100] {logging_mixin.py:190} INFO - [2026-03-18T16:22:10.353+0100] {dag.py:3239} INFO - Sync 1 DAGs
[2026-03-18T16:22:10.367+0100] {logging_mixin.py:190} INFO - [2026-03-18T16:22:10.367+0100] {dag.py:4180} INFO - Setting next_dagrun for ipo_pipeline_daily to 2026-03-18 08:00:00+00:00, run_after=2026-03-19 08:00:00+00:00
[2026-03-18T16:22:10.384+0100] {processor.py:208} INFO - Processing /Users/atanasivanov/ipo-intel/ipo-intel/airflow/dags/ipo_pipeline_dag.py took 0.128 seconds
[2026-03-18T16:24:15.361+0100] {processor.py:186} INFO - Started process (PID=46214) to work on /Users/atanasivanov/ipo-intel/ipo-intel/airflow/dags/ipo_pipeline_dag.py
[2026-03-18T16:24:15.362+0100] {processor.py:914} INFO - Processing file /Users/atanasivanov/ipo-intel/ipo-intel/airflow/dags/ipo_pipeline_dag.py for tasks to queue
[2026-03-18T16:24:15.363+0100] {logging_mixin.py:190} INFO - [2026-03-18T16:24:15.363+0100] {dagbag.py:588} INFO - Filling up the DagBag from /Users/atanasivanov/ipo-intel/ipo-intel/airflow/dags/ipo_pipeline_dag.py
[2026-03-18T16:24:15.371+0100] {processor.py:925} INFO - DAG(s) 'ipo_pipeline_daily' retrieved from /Users/atanasivanov/ipo-intel/ipo-intel/airflow/dags/ipo_pipeline_dag.py
[2026-03-18T16:24:15.451+0100] {logging_mixin.py:190} INFO - [2026-03-18T16:24:15.451+0100] {dag.py:3239} INFO - Sync 1 DAGs
[2026-03-18T16:24:15.465+0100] {logging_mixin.py:190} INFO - [2026-03-18T16:24:15.465+0100] {dag.py:4180} INFO - Setting next_dagrun for ipo_pipeline_daily to 2026-03-18 08:00:00+00:00, run_after=2026-03-19 08:00:00+00:00
[2026-03-18T16:24:15.480+0100] {processor.py:208} INFO - Processing /Users/atanasivanov/ipo-intel/ipo-intel/airflow/dags/ipo_pipeline_dag.py took 0.124 seconds
[2026-03-18T16:26:17.819+0100] {processor.py:186} INFO - Started process (PID=46678) to work on /Users/atanasivanov/ipo-intel/ipo-intel/airflow/dags/ipo_pipeline_dag.py
[2026-03-18T16:26:17.820+0100] {processor.py:914} INFO - Processing file /Users/atanasivanov/ipo-intel/ipo-intel/airflow/dags/ipo_pipeline_dag.py for tasks to queue
[2026-03-18T16:26:17.821+0100] {logging_mixin.py:190} INFO - [2026-03-18T16:26:17.821+0100] {dagbag.py:588} INFO - Filling up the DagBag from /Users/atanasivanov/ipo-intel/ipo-intel/airflow/dags/ipo_pipeline_dag.py
[2026-03-18T16:26:17.831+0100] {processor.py:925} INFO - DAG(s) 'ipo_pipeline_daily' retrieved from /Users/atanasivanov/ipo-intel/ipo-intel/airflow/dags/ipo_pipeline_dag.py
[2026-03-18T16:26:17.924+0100] {logging_mixin.py:190} INFO - [2026-03-18T16:26:17.924+0100] {dag.py:3239} INFO - Sync 1 DAGs
[2026-03-18T16:26:17.939+0100] {logging_mixin.py:190} INFO - [2026-03-18T16:26:17.938+0100] {dag.py:4180} INFO - Setting next_dagrun for ipo_pipeline_daily to 2026-03-18 08:00:00+00:00, run_after=2026-03-19 08:00:00+00:00
[2026-03-18T16:26:17.953+0100] {processor.py:208} INFO - Processing /Users/atanasivanov/ipo-intel/ipo-intel/airflow/dags/ipo_pipeline_dag.py took 0.139 seconds
[2026-03-18T16:28:20.270+0100] {processor.py:186} INFO - Started process (PID=47818) to work on /Users/atanasivanov/ipo-intel/ipo-intel/airflow/dags/ipo_pipeline_dag.py
[2026-03-18T16:28:20.271+0100] {processor.py:914} INFO - Processing file /Users/atanasivanov/ipo-intel/ipo-intel/airflow/dags/ipo_pipeline_dag.py for tasks to queue
[2026-03-18T16:28:20.272+0100] {logging_mixin.py:190} INFO - [2026-03-18T16:28:20.272+0100] {dagbag.py:588} INFO - Filling up the DagBag from /Users/atanasivanov/ipo-intel/ipo-intel/airflow/dags/ipo_pipeline_dag.py
[2026-03-18T16:28:20.280+0100] {processor.py:925} INFO - DAG(s) 'ipo_pipeline_daily' retrieved from /Users/atanasivanov/ipo-intel/ipo-intel/airflow/dags/ipo_pipeline_dag.py
[2026-03-18T16:28:20.362+0100] {logging_mixin.py:190} INFO - [2026-03-18T16:28:20.361+0100] {dag.py:3239} INFO - Sync 1 DAGs
[2026-03-18T16:28:20.375+0100] {logging_mixin.py:190} INFO - [2026-03-18T16:28:20.375+0100] {dag.py:4180} INFO - Setting next_dagrun for ipo_pipeline_daily to 2026-03-18 08:00:00+00:00, run_after=2026-03-19 08:00:00+00:00
[2026-03-18T16:28:20.390+0100] {processor.py:208} INFO - Processing /Users/atanasivanov/ipo-intel/ipo-intel/airflow/dags/ipo_pipeline_dag.py took 0.124 seconds
[2026-03-18T16:30:22.633+0100] {processor.py:186} INFO - Started process (PID=48259) to work on /Users/atanasivanov/ipo-intel/ipo-intel/airflow/dags/ipo_pipeline_dag.py
[2026-03-18T16:30:22.634+0100] {processor.py:914} INFO - Processing file /Users/atanasivanov/ipo-intel/ipo-intel/airflow/dags/ipo_pipeline_dag.py for tasks to queue
[2026-03-18T16:30:22.635+0100] {logging_mixin.py:190} INFO - [2026-03-18T16:30:22.635+0100] {dagbag.py:588} INFO - Filling up the DagBag from /Users/atanasivanov/ipo-intel/ipo-intel/airflow/dags/ipo_pipeline_dag.py
[2026-03-18T16:30:22.645+0100] {processor.py:925} INFO - DAG(s) 'ipo_pipeline_daily' retrieved from /Users/atanasivanov/ipo-intel/ipo-intel/airflow/dags/ipo_pipeline_dag.py
[2026-03-18T16:30:22.724+0100] {logging_mixin.py:190} INFO - [2026-03-18T16:30:22.724+0100] {dag.py:3239} INFO - Sync 1 DAGs
[2026-03-18T16:30:22.737+0100] {logging_mixin.py:190} INFO - [2026-03-18T16:30:22.737+0100] {dag.py:4180} INFO - Setting next_dagrun for ipo_pipeline_daily to 2026-03-18 08:00:00+00:00, run_after=2026-03-19 08:00:00+00:00
[2026-03-18T16:30:22.751+0100] {processor.py:208} INFO - Processing /Users/atanasivanov/ipo-intel/ipo-intel/airflow/dags/ipo_pipeline_dag.py took 0.123 seconds
[2026-03-18T16:32:14.771+0100] {processor.py:186} INFO - Started process (PID=48666) to work on /Users/atanasivanov/ipo-intel/ipo-intel/airflow/dags/ipo_pipeline_dag.py
[2026-03-18T16:32:14.772+0100] {processor.py:914} INFO - Processing file /Users/atanasivanov/ipo-intel/ipo-intel/airflow/dags/ipo_pipeline_dag.py for tasks to queue
[2026-03-18T16:32:14.773+0100] {logging_mixin.py:190} INFO - [2026-03-18T16:32:14.773+0100] {dagbag.py:588} INFO - Filling up the DagBag from /Users/atanasivanov/ipo-intel/ipo-intel/airflow/dags/ipo_pipeline_dag.py
[2026-03-18T16:32:14.781+0100] {processor.py:925} INFO - DAG(s) 'ipo_pipeline_daily' retrieved from /Users/atanasivanov/ipo-intel/ipo-intel/airflow/dags/ipo_pipeline_dag.py
[2026-03-18T16:32:14.862+0100] {logging_mixin.py:190} INFO - [2026-03-18T16:32:14.862+0100] {dag.py:3239} INFO - Sync 1 DAGs
[2026-03-18T16:32:14.876+0100] {logging_mixin.py:190} INFO - [2026-03-18T16:32:14.876+0100] {dag.py:4180} INFO - Setting next_dagrun for ipo_pipeline_daily to 2026-03-18 08:00:00+00:00, run_after=2026-03-19 08:00:00+00:00
[2026-03-18T16:32:14.891+0100] {processor.py:208} INFO - Processing /Users/atanasivanov/ipo-intel/ipo-intel/airflow/dags/ipo_pipeline_dag.py took 0.124 seconds
[2026-03-18T16:34:06.026+0100] {processor.py:186} INFO - Started process (PID=49074) to work on /Users/atanasivanov/ipo-intel/ipo-intel/airflow/dags/ipo_pipeline_dag.py
[2026-03-18T16:34:06.026+0100] {processor.py:914} INFO - Processing file /Users/atanasivanov/ipo-intel/ipo-intel/airflow/dags/ipo_pipeline_dag.py for tasks to queue
[2026-03-18T16:34:06.027+0100] {logging_mixin.py:190} INFO - [2026-03-18T16:34:06.027+0100] {dagbag.py:588} INFO - Filling up the DagBag from /Users/atanasivanov/ipo-intel/ipo-intel/airflow/dags/ipo_pipeline_dag.py
[2026-03-18T16:34:06.036+0100] {processor.py:925} INFO - DAG(s) 'ipo_pipeline_daily' retrieved from /Users/atanasivanov/ipo-intel/ipo-intel/airflow/dags/ipo_pipeline_dag.py
[2026-03-18T16:34:06.115+0100] {logging_mixin.py:190} INFO - [2026-03-18T16:34:06.115+0100] {dag.py:3239} INFO - Sync 1 DAGs
[2026-03-18T16:34:06.128+0100] {logging_mixin.py:190} INFO - [2026-03-18T16:34:06.128+0100] {dag.py:4180} INFO - Setting next_dagrun for ipo_pipeline_daily to 2026-03-18 08:00:00+00:00, run_after=2026-03-19 08:00:00+00:00
[2026-03-18T16:34:06.143+0100] {processor.py:208} INFO - Processing /Users/atanasivanov/ipo-intel/ipo-intel/airflow/dags/ipo_pipeline_dag.py took 0.123 seconds
[2026-03-18T16:36:04.398+0100] {processor.py:186} INFO - Started process (PID=49507) to work on /Users/atanasivanov/ipo-intel/ipo-intel/airflow/dags/ipo_pipeline_dag.py
[2026-03-18T16:36:04.399+0100] {processor.py:914} INFO - Processing file /Users/atanasivanov/ipo-intel/ipo-intel/airflow/dags/ipo_pipeline_dag.py for tasks to queue
[2026-03-18T16:36:04.400+0100] {logging_mixin.py:190} INFO - [2026-03-18T16:36:04.400+0100] {dagbag.py:588} INFO - Filling up the DagBag from /Users/atanasivanov/ipo-intel/ipo-intel/airflow/dags/ipo_pipeline_dag.py
[2026-03-18T16:36:04.409+0100] {processor.py:925} INFO - DAG(s) 'ipo_pipeline_daily' retrieved from /Users/atanasivanov/ipo-intel/ipo-intel/airflow/dags/ipo_pipeline_dag.py
[2026-03-18T16:36:04.488+0100] {logging_mixin.py:190} INFO - [2026-03-18T16:36:04.488+0100] {dag.py:3239} INFO - Sync 1 DAGs
[2026-03-18T16:36:04.502+0100] {logging_mixin.py:190} INFO - [2026-03-18T16:36:04.501+0100] {dag.py:4180} INFO - Setting next_dagrun for ipo_pipeline_daily to 2026-03-18 08:00:00+00:00, run_after=2026-03-19 08:00:00+00:00
[2026-03-18T16:36:04.516+0100] {processor.py:208} INFO - Processing /Users/atanasivanov/ipo-intel/ipo-intel/airflow/dags/ipo_pipeline_dag.py took 0.122 seconds
[2026-03-18T16:37:55.050+0100] {processor.py:186} INFO - Started process (PID=49907) to work on /Users/atanasivanov/ipo-intel/ipo-intel/airflow/dags/ipo_pipeline_dag.py
[2026-03-18T16:37:55.051+0100] {processor.py:914} INFO - Processing file /Users/atanasivanov/ipo-intel/ipo-intel/airflow/dags/ipo_pipeline_dag.py for tasks to queue
[2026-03-18T16:37:55.052+0100] {logging_mixin.py:190} INFO - [2026-03-18T16:37:55.052+0100] {dagbag.py:588} INFO - Filling up the DagBag from /Users/atanasivanov/ipo-intel/ipo-intel/airflow/dags/ipo_pipeline_dag.py
[2026-03-18T16:37:55.061+0100] {processor.py:925} INFO - DAG(s) 'ipo_pipeline_daily' retrieved from /Users/atanasivanov/ipo-intel/ipo-intel/airflow/dags/ipo_pipeline_dag.py
[2026-03-18T16:37:55.143+0100] {logging_mixin.py:190} INFO - [2026-03-18T16:37:55.143+0100] {dag.py:3239} INFO - Sync 1 DAGs
[2026-03-18T16:37:55.156+0100] {logging_mixin.py:190} INFO - [2026-03-18T16:37:55.156+0100] {dag.py:4180} INFO - Setting next_dagrun for ipo_pipeline_daily to 2026-03-18 08:00:00+00:00, run_after=2026-03-19 08:00:00+00:00
[2026-03-18T16:37:55.171+0100] {processor.py:208} INFO - Processing /Users/atanasivanov/ipo-intel/ipo-intel/airflow/dags/ipo_pipeline_dag.py took 0.127 seconds
[2026-03-18T16:39:52.434+0100] {processor.py:186} INFO - Started process (PID=50966) to work on /Users/atanasivanov/ipo-intel/ipo-intel/airflow/dags/ipo_pipeline_dag.py
[2026-03-18T16:39:52.435+0100] {processor.py:914} INFO - Processing file /Users/atanasivanov/ipo-intel/ipo-intel/airflow/dags/ipo_pipeline_dag.py for tasks to queue
[2026-03-18T16:39:52.436+0100] {logging_mixin.py:190} INFO - [2026-03-18T16:39:52.436+0100] {dagbag.py:588} INFO - Filling up the DagBag from /Users/atanasivanov/ipo-intel/ipo-intel/airflow/dags/ipo_pipeline_dag.py
[2026-03-18T16:39:52.445+0100] {processor.py:925} INFO - DAG(s) 'ipo_pipeline_daily' retrieved from /Users/atanasivanov/ipo-intel/ipo-intel/airflow/dags/ipo_pipeline_dag.py
[2026-03-18T16:39:52.527+0100] {logging_mixin.py:190} INFO - [2026-03-18T16:39:52.527+0100] {dag.py:3239} INFO - Sync 1 DAGs
[2026-03-18T16:39:52.542+0100] {logging_mixin.py:190} INFO - [2026-03-18T16:39:52.542+0100] {dag.py:4180} INFO - Setting next_dagrun for ipo_pipeline_daily to 2026-03-18 08:00:00+00:00, run_after=2026-03-19 08:00:00+00:00
[2026-03-18T16:39:52.560+0100] {processor.py:208} INFO - Processing /Users/atanasivanov/ipo-intel/ipo-intel/airflow/dags/ipo_pipeline_dag.py took 0.130 seconds
[2026-03-18T16:41:55.035+0100] {processor.py:186} INFO - Started process (PID=51831) to work on /Users/atanasivanov/ipo-intel/ipo-intel/airflow/dags/ipo_pipeline_dag.py
[2026-03-18T16:41:55.036+0100] {processor.py:914} INFO - Processing file /Users/atanasivanov/ipo-intel/ipo-intel/airflow/dags/ipo_pipeline_dag.py for tasks to queue
[2026-03-18T16:41:55.037+0100] {logging_mixin.py:190} INFO - [2026-03-18T16:41:55.037+0100] {dagbag.py:588} INFO - Filling up the DagBag from /Users/atanasivanov/ipo-intel/ipo-intel/airflow/dags/ipo_pipeline_dag.py
[2026-03-18T16:41:55.046+0100] {processor.py:925} INFO - DAG(s) 'ipo_pipeline_daily' retrieved from /Users/atanasivanov/ipo-intel/ipo-intel/airflow/dags/ipo_pipeline_dag.py
[2026-03-18T16:41:55.128+0100] {logging_mixin.py:190} INFO - [2026-03-18T16:41:55.128+0100] {dag.py:3239} INFO - Sync 1 DAGs
[2026-03-18T16:41:55.141+0100] {logging_mixin.py:190} INFO - [2026-03-18T16:41:55.141+0100] {dag.py:4180} INFO - Setting next_dagrun for ipo_pipeline_daily to 2026-03-18 08:00:00+00:00, run_after=2026-03-19 08:00:00+00:00
[2026-03-18T16:41:55.155+0100] {processor.py:208} INFO - Processing /Users/atanasivanov/ipo-intel/ipo-intel/airflow/dags/ipo_pipeline_dag.py took 0.125 seconds
[2026-03-18T16:46:49.791+0100] {processor.py:186} INFO - Started process (PID=52933) to work on /Users/atanasivanov/ipo-intel/ipo-intel/airflow/dags/ipo_pipeline_dag.py
[2026-03-18T16:46:49.793+0100] {processor.py:914} INFO - Processing file /Users/atanasivanov/ipo-intel/ipo-intel/airflow/dags/ipo_pipeline_dag.py for tasks to queue
[2026-03-18T16:46:49.794+0100] {logging_mixin.py:190} INFO - [2026-03-18T16:46:49.794+0100] {dagbag.py:588} INFO - Filling up the DagBag from /Users/atanasivanov/ipo-intel/ipo-intel/airflow/dags/ipo_pipeline_dag.py
[2026-03-18T16:46:49.804+0100] {processor.py:925} INFO - DAG(s) 'ipo_pipeline_daily' retrieved from /Users/atanasivanov/ipo-intel/ipo-intel/airflow/dags/ipo_pipeline_dag.py
[2026-03-18T16:46:49.899+0100] {logging_mixin.py:190} INFO - [2026-03-18T16:46:49.898+0100] {dag.py:3239} INFO - Sync 1 DAGs
[2026-03-18T16:46:49.915+0100] {logging_mixin.py:190} INFO - [2026-03-18T16:46:49.914+0100] {dag.py:4180} INFO - Setting next_dagrun for ipo_pipeline_daily to 2026-03-18 08:00:00+00:00, run_after=2026-03-19 08:00:00+00:00
[2026-03-18T16:46:49.931+0100] {processor.py:208} INFO - Processing /Users/atanasivanov/ipo-intel/ipo-intel/airflow/dags/ipo_pipeline_dag.py took 0.146 seconds
[2026-03-18T16:50:02.985+0100] {processor.py:186} INFO - Started process (PID=53653) to work on /Users/atanasivanov/ipo-intel/ipo-intel/airflow/dags/ipo_pipeline_dag.py
[2026-03-18T16:50:02.986+0100] {processor.py:914} INFO - Processing file /Users/atanasivanov/ipo-intel/ipo-intel/airflow/dags/ipo_pipeline_dag.py for tasks to queue
[2026-03-18T16:50:02.988+0100] {logging_mixin.py:190} INFO - [2026-03-18T16:50:02.987+0100] {dagbag.py:588} INFO - Filling up the DagBag from /Users/atanasivanov/ipo-intel/ipo-intel/airflow/dags/ipo_pipeline_dag.py
[2026-03-18T16:50:02.998+0100] {processor.py:925} INFO - DAG(s) 'ipo_pipeline_daily' retrieved from /Users/atanasivanov/ipo-intel/ipo-intel/airflow/dags/ipo_pipeline_dag.py
[2026-03-18T16:50:03.102+0100] {logging_mixin.py:190} INFO - [2026-03-18T16:50:03.102+0100] {dag.py:3239} INFO - Sync 1 DAGs
[2026-03-18T16:50:03.118+0100] {logging_mixin.py:190} INFO - [2026-03-18T16:50:03.118+0100] {dag.py:4180} INFO - Setting next_dagrun for ipo_pipeline_daily to 2026-03-18 08:00:00+00:00, run_after=2026-03-19 08:00:00+00:00
[2026-03-18T16:50:03.133+0100] {processor.py:208} INFO - Processing /Users/atanasivanov/ipo-intel/ipo-intel/airflow/dags/ipo_pipeline_dag.py took 0.154 seconds
[2026-03-18T16:52:03.939+0100] {processor.py:186} INFO - Started process (PID=54097) to work on /Users/atanasivanov/ipo-intel/ipo-intel/airflow/dags/ipo_pipeline_dag.py
[2026-03-18T16:52:03.941+0100] {processor.py:914} INFO - Processing file /Users/atanasivanov/ipo-intel/ipo-intel/airflow/dags/ipo_pipeline_dag.py for tasks to queue
[2026-03-18T16:52:03.942+0100] {logging_mixin.py:190} INFO - [2026-03-18T16:52:03.942+0100] {dagbag.py:588} INFO - Filling up the DagBag from /Users/atanasivanov/ipo-intel/ipo-intel/airflow/dags/ipo_pipeline_dag.py
[2026-03-18T16:52:03.951+0100] {processor.py:925} INFO - DAG(s) 'ipo_pipeline_daily' retrieved from /Users/atanasivanov/ipo-intel/ipo-intel/airflow/dags/ipo_pipeline_dag.py
[2026-03-18T16:52:04.032+0100] {logging_mixin.py:190} INFO - [2026-03-18T16:52:04.032+0100] {dag.py:3239} INFO - Sync 1 DAGs
[2026-03-18T16:52:04.046+0100] {logging_mixin.py:190} INFO - [2026-03-18T16:52:04.046+0100] {dag.py:4180} INFO - Setting next_dagrun for ipo_pipeline_daily to 2026-03-18 08:00:00+00:00, run_after=2026-03-19 08:00:00+00:00
[2026-03-18T16:52:04.060+0100] {processor.py:208} INFO - Processing /Users/atanasivanov/ipo-intel/ipo-intel/airflow/dags/ipo_pipeline_dag.py took 0.126 seconds
[2026-03-18T16:54:09.021+0100] {processor.py:186} INFO - Started process (PID=54756) to work on /Users/atanasivanov/ipo-intel/ipo-intel/airflow/dags/ipo_pipeline_dag.py
[2026-03-18T16:54:09.022+0100] {processor.py:914} INFO - Processing file /Users/atanasivanov/ipo-intel/ipo-intel/airflow/dags/ipo_pipeline_dag.py for tasks to queue
[2026-03-18T16:54:09.023+0100] {logging_mixin.py:190} INFO - [2026-03-18T16:54:09.023+0100] {dagbag.py:588} INFO - Filling up the DagBag from /Users/atanasivanov/ipo-intel/ipo-intel/airflow/dags/ipo_pipeline_dag.py
[2026-03-18T16:54:09.034+0100] {processor.py:925} INFO - DAG(s) 'ipo_pipeline_daily' retrieved from /Users/atanasivanov/ipo-intel/ipo-intel/airflow/dags/ipo_pipeline_dag.py
[2026-03-18T16:54:09.132+0100] {logging_mixin.py:190} INFO - [2026-03-18T16:54:09.132+0100] {dag.py:3239} INFO - Sync 1 DAGs
[2026-03-18T16:54:09.148+0100] {logging_mixin.py:190} INFO - [2026-03-18T16:54:09.148+0100] {dag.py:4180} INFO - Setting next_dagrun for ipo_pipeline_daily to 2026-03-18 08:00:00+00:00, run_after=2026-03-19 08:00:00+00:00
[2026-03-18T16:54:09.164+0100] {processor.py:208} INFO - Processing /Users/atanasivanov/ipo-intel/ipo-intel/airflow/dags/ipo_pipeline_dag.py took 0.148 seconds
[2026-03-18T16:56:17.811+0100] {processor.py:186} INFO - Started process (PID=55320) to work on /Users/atanasivanov/ipo-intel/ipo-intel/airflow/dags/ipo_pipeline_dag.py
[2026-03-18T16:56:17.811+0100] {processor.py:914} INFO - Processing file /Users/atanasivanov/ipo-intel/ipo-intel/airflow/dags/ipo_pipeline_dag.py for tasks to queue
[2026-03-18T16:56:17.812+0100] {logging_mixin.py:190} INFO - [2026-03-18T16:56:17.812+0100] {dagbag.py:588} INFO - Filling up the DagBag from /Users/atanasivanov/ipo-intel/ipo-intel/airflow/dags/ipo_pipeline_dag.py
[2026-03-18T16:56:17.820+0100] {processor.py:925} INFO - DAG(s) 'ipo_pipeline_daily' retrieved from /Users/atanasivanov/ipo-intel/ipo-intel/airflow/dags/ipo_pipeline_dag.py
[2026-03-18T16:56:17.901+0100] {logging_mixin.py:190} INFO - [2026-03-18T16:56:17.901+0100] {dag.py:3239} INFO - Sync 1 DAGs
[2026-03-18T16:56:17.916+0100] {logging_mixin.py:190} INFO - [2026-03-18T16:56:17.916+0100] {dag.py:4180} INFO - Setting next_dagrun for ipo_pipeline_daily to 2026-03-18 08:00:00+00:00, run_after=2026-03-19 08:00:00+00:00
[2026-03-18T16:56:17.930+0100] {processor.py:208} INFO - Processing /Users/atanasivanov/ipo-intel/ipo-intel/airflow/dags/ipo_pipeline_dag.py took 0.125 seconds
[2026-03-18T16:58:20.018+0100] {processor.py:186} INFO - Started process (PID=55787) to work on /Users/atanasivanov/ipo-intel/ipo-intel/airflow/dags/ipo_pipeline_dag.py
[2026-03-18T16:58:20.019+0100] {processor.py:914} INFO - Processing file /Users/atanasivanov/ipo-intel/ipo-intel/airflow/dags/ipo_pipeline_dag.py for tasks to queue
[2026-03-18T16:58:20.020+0100] {logging_mixin.py:190} INFO - [2026-03-18T16:58:20.019+0100] {dagbag.py:588} INFO - Filling up the DagBag from /Users/atanasivanov/ipo-intel/ipo-intel/airflow/dags/ipo_pipeline_dag.py
[2026-03-18T16:58:20.028+0100] {processor.py:925} INFO - DAG(s) 'ipo_pipeline_daily' retrieved from /Users/atanasivanov/ipo-intel/ipo-intel/airflow/dags/ipo_pipeline_dag.py
[2026-03-18T16:58:20.112+0100] {logging_mixin.py:190} INFO - [2026-03-18T16:58:20.112+0100] {dag.py:3239} INFO - Sync 1 DAGs
[2026-03-18T16:58:20.126+0100] {logging_mixin.py:190} INFO - [2026-03-18T16:58:20.126+0100] {dag.py:4180} INFO - Setting next_dagrun for ipo_pipeline_daily to 2026-03-18 08:00:00+00:00, run_after=2026-03-19 08:00:00+00:00
[2026-03-18T16:58:20.141+0100] {processor.py:208} INFO - Processing /Users/atanasivanov/ipo-intel/ipo-intel/airflow/dags/ipo_pipeline_dag.py took 0.129 seconds
[2026-03-18T17:00:26.329+0100] {processor.py:186} INFO - Started process (PID=56242) to work on /Users/atanasivanov/ipo-intel/ipo-intel/airflow/dags/ipo_pipeline_dag.py
[2026-03-18T17:00:26.330+0100] {processor.py:914} INFO - Processing file /Users/atanasivanov/ipo-intel/ipo-intel/airflow/dags/ipo_pipeline_dag.py for tasks to queue
[2026-03-18T17:00:26.331+0100] {logging_mixin.py:190} INFO - [2026-03-18T17:00:26.330+0100] {dagbag.py:588} INFO - Filling up the DagBag from /Users/atanasivanov/ipo-intel/ipo-intel/airflow/dags/ipo_pipeline_dag.py
[2026-03-18T17:00:26.339+0100] {processor.py:925} INFO - DAG(s) 'ipo_pipeline_daily' retrieved from /Users/atanasivanov/ipo-intel/ipo-intel/airflow/dags/ipo_pipeline_dag.py
[2026-03-18T17:00:26.421+0100] {logging_mixin.py:190} INFO - [2026-03-18T17:00:26.420+0100] {dag.py:3239} INFO - Sync 1 DAGs
[2026-03-18T17:00:26.435+0100] {logging_mixin.py:190} INFO - [2026-03-18T17:00:26.434+0100] {dag.py:4180} INFO - Setting next_dagrun for ipo_pipeline_daily to 2026-03-18 08:00:00+00:00, run_after=2026-03-19 08:00:00+00:00
[2026-03-18T17:00:26.448+0100] {processor.py:208} INFO - Processing /Users/atanasivanov/ipo-intel/ipo-intel/airflow/dags/ipo_pipeline_dag.py took 0.124 seconds
[2026-03-18T17:02:21.005+0100] {processor.py:186} INFO - Started process (PID=56661) to work on /Users/atanasivanov/ipo-intel/ipo-intel/airflow/dags/ipo_pipeline_dag.py
[2026-03-18T17:02:21.006+0100] {processor.py:914} INFO - Processing file /Users/atanasivanov/ipo-intel/ipo-intel/airflow/dags/ipo_pipeline_dag.py for tasks to queue
[2026-03-18T17:02:21.007+0100] {logging_mixin.py:190} INFO - [2026-03-18T17:02:21.007+0100] {dagbag.py:588} INFO - Filling up the DagBag from /Users/atanasivanov/ipo-intel/ipo-intel/airflow/dags/ipo_pipeline_dag.py
[2026-03-18T17:02:21.015+0100] {processor.py:925} INFO - DAG(s) 'ipo_pipeline_daily' retrieved from /Users/atanasivanov/ipo-intel/ipo-intel/airflow/dags/ipo_pipeline_dag.py
[2026-03-18T17:02:21.096+0100] {logging_mixin.py:190} INFO - [2026-03-18T17:02:21.095+0100] {dag.py:3239} INFO - Sync 1 DAGs
[2026-03-18T17:02:21.110+0100] {logging_mixin.py:190} INFO - [2026-03-18T17:02:21.109+0100] {dag.py:4180} INFO - Setting next_dagrun for ipo_pipeline_daily to 2026-03-18 08:00:00+00:00, run_after=2026-03-19 08:00:00+00:00
[2026-03-18T17:02:21.123+0100] {processor.py:208} INFO - Processing /Users/atanasivanov/ipo-intel/ipo-intel/airflow/dags/ipo_pipeline_dag.py took 0.124 seconds
[2026-03-18T17:04:15.676+0100] {processor.py:186} INFO - Started process (PID=57080) to work on /Users/atanasivanov/ipo-intel/ipo-intel/airflow/dags/ipo_pipeline_dag.py
[2026-03-18T17:04:15.676+0100] {processor.py:914} INFO - Processing file /Users/atanasivanov/ipo-intel/ipo-intel/airflow/dags/ipo_pipeline_dag.py for tasks to queue
[2026-03-18T17:04:15.677+0100] {logging_mixin.py:190} INFO - [2026-03-18T17:04:15.677+0100] {dagbag.py:588} INFO - Filling up the DagBag from /Users/atanasivanov/ipo-intel/ipo-intel/airflow/dags/ipo_pipeline_dag.py
[2026-03-18T17:04:15.686+0100] {processor.py:925} INFO - DAG(s) 'ipo_pipeline_daily' retrieved from /Users/atanasivanov/ipo-intel/ipo-intel/airflow/dags/ipo_pipeline_dag.py
[2026-03-18T17:04:15.769+0100] {logging_mixin.py:190} INFO - [2026-03-18T17:04:15.768+0100] {dag.py:3239} INFO - Sync 1 DAGs
[2026-03-18T17:04:15.783+0100] {logging_mixin.py:190} INFO - [2026-03-18T17:04:15.783+0100] {dag.py:4180} INFO - Setting next_dagrun for ipo_pipeline_daily to 2026-03-18 08:00:00+00:00, run_after=2026-03-19 08:00:00+00:00
[2026-03-18T17:04:15.798+0100] {processor.py:208} INFO - Processing /Users/atanasivanov/ipo-intel/ipo-intel/airflow/dags/ipo_pipeline_dag.py took 0.127 seconds
[2026-03-18T17:06:13.394+0100] {processor.py:186} INFO - Started process (PID=57517) to work on /Users/atanasivanov/ipo-intel/ipo-intel/airflow/dags/ipo_pipeline_dag.py
[2026-03-18T17:06:13.395+0100] {processor.py:914} INFO - Processing file /Users/atanasivanov/ipo-intel/ipo-intel/airflow/dags/ipo_pipeline_dag.py for tasks to queue
[2026-03-18T17:06:13.396+0100] {logging_mixin.py:190} INFO - [2026-03-18T17:06:13.396+0100] {dagbag.py:588} INFO - Filling up the DagBag from /Users/atanasivanov/ipo-intel/ipo-intel/airflow/dags/ipo_pipeline_dag.py
[2026-03-18T17:06:13.405+0100] {processor.py:925} INFO - DAG(s) 'ipo_pipeline_daily' retrieved from /Users/atanasivanov/ipo-intel/ipo-intel/airflow/dags/ipo_pipeline_dag.py
[2026-03-18T17:06:13.483+0100] {logging_mixin.py:190} INFO - [2026-03-18T17:06:13.483+0100] {dag.py:3239} INFO - Sync 1 DAGs
[2026-03-18T17:06:13.497+0100] {logging_mixin.py:190} INFO - [2026-03-18T17:06:13.497+0100] {dag.py:4180} INFO - Setting next_dagrun for ipo_pipeline_daily to 2026-03-18 08:00:00+00:00, run_after=2026-03-19 08:00:00+00:00
[2026-03-18T17:06:13.511+0100] {processor.py:208} INFO - Processing /Users/atanasivanov/ipo-intel/ipo-intel/airflow/dags/ipo_pipeline_dag.py took 0.122 seconds
[2026-03-18T17:08:05.533+0100] {processor.py:186} INFO - Started process (PID=57925) to work on /Users/atanasivanov/ipo-intel/ipo-intel/airflow/dags/ipo_pipeline_dag.py
[2026-03-18T17:08:05.534+0100] {processor.py:914} INFO - Processing file /Users/atanasivanov/ipo-intel/ipo-intel/airflow/dags/ipo_pipeline_dag.py for tasks to queue
[2026-03-18T17:08:05.535+0100] {logging_mixin.py:190} INFO - [2026-03-18T17:08:05.534+0100] {dagbag.py:588} INFO - Filling up the DagBag from /Users/atanasivanov/ipo-intel/ipo-intel/airflow/dags/ipo_pipeline_dag.py
[2026-03-18T17:08:05.543+0100] {processor.py:925} INFO - DAG(s) 'ipo_pipeline_daily' retrieved from /Users/atanasivanov/ipo-intel/ipo-intel/airflow/dags/ipo_pipeline_dag.py
[2026-03-18T17:08:05.623+0100] {logging_mixin.py:190} INFO - [2026-03-18T17:08:05.623+0100] {dag.py:3239} INFO - Sync 1 DAGs
[2026-03-18T17:08:05.636+0100] {logging_mixin.py:190} INFO - [2026-03-18T17:08:05.636+0100] {dag.py:4180} INFO - Setting next_dagrun for ipo_pipeline_daily to 2026-03-18 08:00:00+00:00, run_after=2026-03-19 08:00:00+00:00
[2026-03-18T17:08:05.653+0100] {processor.py:208} INFO - Processing /Users/atanasivanov/ipo-intel/ipo-intel/airflow/dags/ipo_pipeline_dag.py took 0.125 seconds
[2026-03-18T17:10:05.073+0100] {processor.py:186} INFO - Started process (PID=58415) to work on /Users/atanasivanov/ipo-intel/ipo-intel/airflow/dags/ipo_pipeline_dag.py
[2026-03-18T17:10:05.074+0100] {processor.py:914} INFO - Processing file /Users/atanasivanov/ipo-intel/ipo-intel/airflow/dags/ipo_pipeline_dag.py for tasks to queue
[2026-03-18T17:10:05.075+0100] {logging_mixin.py:190} INFO - [2026-03-18T17:10:05.075+0100] {dagbag.py:588} INFO - Filling up the DagBag from /Users/atanasivanov/ipo-intel/ipo-intel/airflow/dags/ipo_pipeline_dag.py
[2026-03-18T17:10:05.084+0100] {processor.py:925} INFO - DAG(s) 'ipo_pipeline_daily' retrieved from /Users/atanasivanov/ipo-intel/ipo-intel/airflow/dags/ipo_pipeline_dag.py
[2026-03-18T17:10:05.164+0100] {logging_mixin.py:190} INFO - [2026-03-18T17:10:05.164+0100] {dag.py:3239} INFO - Sync 1 DAGs
[2026-03-18T17:10:05.178+0100] {logging_mixin.py:190} INFO - [2026-03-18T17:10:05.178+0100] {dag.py:4180} INFO - Setting next_dagrun for ipo_pipeline_daily to 2026-03-18 08:00:00+00:00, run_after=2026-03-19 08:00:00+00:00
[2026-03-18T17:10:05.192+0100] {processor.py:208} INFO - Processing /Users/atanasivanov/ipo-intel/ipo-intel/airflow/dags/ipo_pipeline_dag.py took 0.124 seconds
[2026-03-18T17:12:07.183+0100] {processor.py:186} INFO - Started process (PID=58880) to work on /Users/atanasivanov/ipo-intel/ipo-intel/airflow/dags/ipo_pipeline_dag.py
[2026-03-18T17:12:07.184+0100] {processor.py:914} INFO - Processing file /Users/atanasivanov/ipo-intel/ipo-intel/airflow/dags/ipo_pipeline_dag.py for tasks to queue
[2026-03-18T17:12:07.185+0100] {logging_mixin.py:190} INFO - [2026-03-18T17:12:07.184+0100] {dagbag.py:588} INFO - Filling up the DagBag from /Users/atanasivanov/ipo-intel/ipo-intel/airflow/dags/ipo_pipeline_dag.py
[2026-03-18T17:12:07.193+0100] {processor.py:925} INFO - DAG(s) 'ipo_pipeline_daily' retrieved from /Users/atanasivanov/ipo-intel/ipo-intel/airflow/dags/ipo_pipeline_dag.py
[2026-03-18T17:12:07.272+0100] {logging_mixin.py:190} INFO - [2026-03-18T17:12:07.272+0100] {dag.py:3239} INFO - Sync 1 DAGs
[2026-03-18T17:12:07.286+0100] {logging_mixin.py:190} INFO - [2026-03-18T17:12:07.285+0100] {dag.py:4180} INFO - Setting next_dagrun for ipo_pipeline_daily to 2026-03-18 08:00:00+00:00, run_after=2026-03-19 08:00:00+00:00
[2026-03-18T17:12:07.305+0100] {processor.py:208} INFO - Processing /Users/atanasivanov/ipo-intel/ipo-intel/airflow/dags/ipo_pipeline_dag.py took 0.126 seconds
[2026-03-18T17:14:14.712+0100] {processor.py:186} INFO - Started process (PID=59764) to work on /Users/atanasivanov/ipo-intel/ipo-intel/airflow/dags/ipo_pipeline_dag.py
[2026-03-18T17:14:14.714+0100] {processor.py:914} INFO - Processing file /Users/atanasivanov/ipo-intel/ipo-intel/airflow/dags/ipo_pipeline_dag.py for tasks to queue
[2026-03-18T17:14:14.715+0100] {logging_mixin.py:190} INFO - [2026-03-18T17:14:14.715+0100] {dagbag.py:588} INFO - Filling up the DagBag from /Users/atanasivanov/ipo-intel/ipo-intel/airflow/dags/ipo_pipeline_dag.py
[2026-03-18T17:14:14.724+0100] {processor.py:925} INFO - DAG(s) 'ipo_pipeline_daily' retrieved from /Users/atanasivanov/ipo-intel/ipo-intel/airflow/dags/ipo_pipeline_dag.py
[2026-03-18T17:14:14.813+0100] {logging_mixin.py:190} INFO - [2026-03-18T17:14:14.813+0100] {dag.py:3239} INFO - Sync 1 DAGs
[2026-03-18T17:14:14.830+0100] {logging_mixin.py:190} INFO - [2026-03-18T17:14:14.829+0100] {dag.py:4180} INFO - Setting next_dagrun for ipo_pipeline_daily to 2026-03-18 08:00:00+00:00, run_after=2026-03-19 08:00:00+00:00
[2026-03-18T17:14:14.848+0100] {processor.py:208} INFO - Processing /Users/atanasivanov/ipo-intel/ipo-intel/airflow/dags/ipo_pipeline_dag.py took 0.141 seconds
