[2026-03-18T16:21:29.859+0100] {processor.py:186} INFO - Started process (PID=45600) to work on /Users/atanasivanov/ipo-intel/ipo-intel/.venv_airflow/lib/python3.11/site-packages/airflow/example_dags/example_display_name.py
[2026-03-18T16:21:29.860+0100] {processor.py:914} INFO - Processing file /Users/atanasivanov/ipo-intel/ipo-intel/.venv_airflow/lib/python3.11/site-packages/airflow/example_dags/example_display_name.py for tasks to queue
[2026-03-18T16:21:29.861+0100] {logging_mixin.py:190} INFO - [2026-03-18T16:21:29.861+0100] {dagbag.py:588} INFO - Filling up the DagBag from /Users/atanasivanov/ipo-intel/ipo-intel/.venv_airflow/lib/python3.11/site-packages/airflow/example_dags/example_display_name.py
[2026-03-18T16:21:29.899+0100] {processor.py:925} INFO - DAG(s) 'example_display_name' retrieved from /Users/atanasivanov/ipo-intel/ipo-intel/.venv_airflow/lib/python3.11/site-packages/airflow/example_dags/example_display_name.py
[2026-03-18T16:21:30.142+0100] {logging_mixin.py:190} INFO - [2026-03-18T16:21:30.141+0100] {override.py:1912} INFO - Created Permission View: can delete on DAG:example_display_name
[2026-03-18T16:21:30.150+0100] {logging_mixin.py:190} INFO - [2026-03-18T16:21:30.150+0100] {override.py:1912} INFO - Created Permission View: can edit on DAG:example_display_name
[2026-03-18T16:21:30.156+0100] {logging_mixin.py:190} INFO - [2026-03-18T16:21:30.155+0100] {override.py:1912} INFO - Created Permission View: can read on DAG:example_display_name
[2026-03-18T16:21:30.164+0100] {logging_mixin.py:190} INFO - [2026-03-18T16:21:30.164+0100] {override.py:1912} INFO - Created Permission View: can create on DAG Run:example_display_name
[2026-03-18T16:21:30.169+0100] {logging_mixin.py:190} INFO - [2026-03-18T16:21:30.169+0100] {override.py:1912} INFO - Created Permission View: can delete on DAG Run:example_display_name
[2026-03-18T16:21:30.175+0100] {logging_mixin.py:190} INFO - [2026-03-18T16:21:30.175+0100] {override.py:1912} INFO - Created Permission View: menu access on DAG Run:example_display_name
[2026-03-18T16:21:30.181+0100] {logging_mixin.py:190} INFO - [2026-03-18T16:21:30.180+0100] {override.py:1912} INFO - Created Permission View: can read on DAG Run:example_display_name
[2026-03-18T16:21:30.181+0100] {logging_mixin.py:190} INFO - [2026-03-18T16:21:30.181+0100] {dag.py:3239} INFO - Sync 1 DAGs
[2026-03-18T16:21:30.191+0100] {logging_mixin.py:190} INFO - [2026-03-18T16:21:30.191+0100] {dag.py:3262} INFO - Creating ORM DAG for example_display_name
[2026-03-18T16:21:30.191+0100] {logging_mixin.py:190} INFO - [2026-03-18T16:21:30.191+0100] {dag.py:4180} INFO - Setting next_dagrun for example_display_name to None, run_after=None
[2026-03-18T16:21:30.206+0100] {processor.py:208} INFO - Processing /Users/atanasivanov/ipo-intel/ipo-intel/.venv_airflow/lib/python3.11/site-packages/airflow/example_dags/example_display_name.py took 0.353 seconds
[2026-03-18T16:24:07.195+0100] {processor.py:186} INFO - Started process (PID=46185) to work on /Users/atanasivanov/ipo-intel/ipo-intel/.venv_airflow/lib/python3.11/site-packages/airflow/example_dags/example_display_name.py
[2026-03-18T16:24:07.196+0100] {processor.py:914} INFO - Processing file /Users/atanasivanov/ipo-intel/ipo-intel/.venv_airflow/lib/python3.11/site-packages/airflow/example_dags/example_display_name.py for tasks to queue
[2026-03-18T16:24:07.197+0100] {logging_mixin.py:190} INFO - [2026-03-18T16:24:07.197+0100] {dagbag.py:588} INFO - Filling up the DagBag from /Users/atanasivanov/ipo-intel/ipo-intel/.venv_airflow/lib/python3.11/site-packages/airflow/example_dags/example_display_name.py
[2026-03-18T16:24:07.230+0100] {processor.py:925} INFO - DAG(s) 'example_display_name' retrieved from /Users/atanasivanov/ipo-intel/ipo-intel/.venv_airflow/lib/python3.11/site-packages/airflow/example_dags/example_display_name.py
[2026-03-18T16:24:07.305+0100] {logging_mixin.py:190} INFO - [2026-03-18T16:24:07.305+0100] {dag.py:3239} INFO - Sync 1 DAGs
[2026-03-18T16:24:07.364+0100] {logging_mixin.py:190} INFO - [2026-03-18T16:24:07.364+0100] {dag.py:4180} INFO - Setting next_dagrun for example_display_name to None, run_after=None
[2026-03-18T16:24:07.382+0100] {processor.py:208} INFO - Processing /Users/atanasivanov/ipo-intel/ipo-intel/.venv_airflow/lib/python3.11/site-packages/airflow/example_dags/example_display_name.py took 0.192 seconds
[2026-03-18T16:28:12.410+0100] {processor.py:186} INFO - Started process (PID=47780) to work on /Users/atanasivanov/ipo-intel/ipo-intel/.venv_airflow/lib/python3.11/site-packages/airflow/example_dags/example_display_name.py
[2026-03-18T16:28:12.411+0100] {processor.py:914} INFO - Processing file /Users/atanasivanov/ipo-intel/ipo-intel/.venv_airflow/lib/python3.11/site-packages/airflow/example_dags/example_display_name.py for tasks to queue
[2026-03-18T16:28:12.412+0100] {logging_mixin.py:190} INFO - [2026-03-18T16:28:12.411+0100] {dagbag.py:588} INFO - Filling up the DagBag from /Users/atanasivanov/ipo-intel/ipo-intel/.venv_airflow/lib/python3.11/site-packages/airflow/example_dags/example_display_name.py
[2026-03-18T16:28:12.442+0100] {processor.py:925} INFO - DAG(s) 'example_display_name' retrieved from /Users/atanasivanov/ipo-intel/ipo-intel/.venv_airflow/lib/python3.11/site-packages/airflow/example_dags/example_display_name.py
[2026-03-18T16:28:12.521+0100] {logging_mixin.py:190} INFO - [2026-03-18T16:28:12.520+0100] {dag.py:3239} INFO - Sync 1 DAGs
[2026-03-18T16:28:12.588+0100] {logging_mixin.py:190} INFO - [2026-03-18T16:28:12.588+0100] {dag.py:4180} INFO - Setting next_dagrun for example_display_name to None, run_after=None
[2026-03-18T16:28:12.611+0100] {processor.py:208} INFO - Processing /Users/atanasivanov/ipo-intel/ipo-intel/.venv_airflow/lib/python3.11/site-packages/airflow/example_dags/example_display_name.py took 0.205 seconds
[2026-03-18T16:32:06.685+0100] {processor.py:186} INFO - Started process (PID=48637) to work on /Users/atanasivanov/ipo-intel/ipo-intel/.venv_airflow/lib/python3.11/site-packages/airflow/example_dags/example_display_name.py
[2026-03-18T16:32:06.687+0100] {processor.py:914} INFO - Processing file /Users/atanasivanov/ipo-intel/ipo-intel/.venv_airflow/lib/python3.11/site-packages/airflow/example_dags/example_display_name.py for tasks to queue
[2026-03-18T16:32:06.688+0100] {logging_mixin.py:190} INFO - [2026-03-18T16:32:06.688+0100] {dagbag.py:588} INFO - Filling up the DagBag from /Users/atanasivanov/ipo-intel/ipo-intel/.venv_airflow/lib/python3.11/site-packages/airflow/example_dags/example_display_name.py
[2026-03-18T16:32:06.720+0100] {processor.py:925} INFO - DAG(s) 'example_display_name' retrieved from /Users/atanasivanov/ipo-intel/ipo-intel/.venv_airflow/lib/python3.11/site-packages/airflow/example_dags/example_display_name.py
[2026-03-18T16:32:06.793+0100] {logging_mixin.py:190} INFO - [2026-03-18T16:32:06.792+0100] {dag.py:3239} INFO - Sync 1 DAGs
[2026-03-18T16:32:06.850+0100] {logging_mixin.py:190} INFO - [2026-03-18T16:32:06.850+0100] {dag.py:4180} INFO - Setting next_dagrun for example_display_name to None, run_after=None
[2026-03-18T16:32:06.867+0100] {processor.py:208} INFO - Processing /Users/atanasivanov/ipo-intel/ipo-intel/.venv_airflow/lib/python3.11/site-packages/airflow/example_dags/example_display_name.py took 0.187 seconds
[2026-03-18T16:35:56.490+0100] {processor.py:186} INFO - Started process (PID=49478) to work on /Users/atanasivanov/ipo-intel/ipo-intel/.venv_airflow/lib/python3.11/site-packages/airflow/example_dags/example_display_name.py
[2026-03-18T16:35:56.492+0100] {processor.py:914} INFO - Processing file /Users/atanasivanov/ipo-intel/ipo-intel/.venv_airflow/lib/python3.11/site-packages/airflow/example_dags/example_display_name.py for tasks to queue
[2026-03-18T16:35:56.493+0100] {logging_mixin.py:190} INFO - [2026-03-18T16:35:56.493+0100] {dagbag.py:588} INFO - Filling up the DagBag from /Users/atanasivanov/ipo-intel/ipo-intel/.venv_airflow/lib/python3.11/site-packages/airflow/example_dags/example_display_name.py
[2026-03-18T16:35:56.525+0100] {processor.py:925} INFO - DAG(s) 'example_display_name' retrieved from /Users/atanasivanov/ipo-intel/ipo-intel/.venv_airflow/lib/python3.11/site-packages/airflow/example_dags/example_display_name.py
[2026-03-18T16:35:56.599+0100] {logging_mixin.py:190} INFO - [2026-03-18T16:35:56.599+0100] {dag.py:3239} INFO - Sync 1 DAGs
[2026-03-18T16:35:56.660+0100] {logging_mixin.py:190} INFO - [2026-03-18T16:35:56.659+0100] {dag.py:4180} INFO - Setting next_dagrun for example_display_name to None, run_after=None
[2026-03-18T16:35:56.676+0100] {processor.py:208} INFO - Processing /Users/atanasivanov/ipo-intel/ipo-intel/.venv_airflow/lib/python3.11/site-packages/airflow/example_dags/example_display_name.py took 0.191 seconds
[2026-03-18T16:39:43.831+0100] {processor.py:186} INFO - Started process (PID=50922) to work on /Users/atanasivanov/ipo-intel/ipo-intel/.venv_airflow/lib/python3.11/site-packages/airflow/example_dags/example_display_name.py
[2026-03-18T16:39:43.832+0100] {processor.py:914} INFO - Processing file /Users/atanasivanov/ipo-intel/ipo-intel/.venv_airflow/lib/python3.11/site-packages/airflow/example_dags/example_display_name.py for tasks to queue
[2026-03-18T16:39:43.833+0100] {logging_mixin.py:190} INFO - [2026-03-18T16:39:43.832+0100] {dagbag.py:588} INFO - Filling up the DagBag from /Users/atanasivanov/ipo-intel/ipo-intel/.venv_airflow/lib/python3.11/site-packages/airflow/example_dags/example_display_name.py
[2026-03-18T16:39:43.869+0100] {processor.py:925} INFO - DAG(s) 'example_display_name' retrieved from /Users/atanasivanov/ipo-intel/ipo-intel/.venv_airflow/lib/python3.11/site-packages/airflow/example_dags/example_display_name.py
[2026-03-18T16:39:43.955+0100] {logging_mixin.py:190} INFO - [2026-03-18T16:39:43.955+0100] {dag.py:3239} INFO - Sync 1 DAGs
[2026-03-18T16:39:44.019+0100] {logging_mixin.py:190} INFO - [2026-03-18T16:39:44.019+0100] {dag.py:4180} INFO - Setting next_dagrun for example_display_name to None, run_after=None
[2026-03-18T16:39:44.044+0100] {processor.py:208} INFO - Processing /Users/atanasivanov/ipo-intel/ipo-intel/.venv_airflow/lib/python3.11/site-packages/airflow/example_dags/example_display_name.py took 0.220 seconds
[2026-03-18T16:49:25.317+0100] {processor.py:186} INFO - Started process (PID=53519) to work on /Users/atanasivanov/ipo-intel/ipo-intel/.venv_airflow/lib/python3.11/site-packages/airflow/example_dags/example_display_name.py
[2026-03-18T16:49:25.318+0100] {processor.py:914} INFO - Processing file /Users/atanasivanov/ipo-intel/ipo-intel/.venv_airflow/lib/python3.11/site-packages/airflow/example_dags/example_display_name.py for tasks to queue
[2026-03-18T16:49:25.319+0100] {logging_mixin.py:190} INFO - [2026-03-18T16:49:25.319+0100] {dagbag.py:588} INFO - Filling up the DagBag from /Users/atanasivanov/ipo-intel/ipo-intel/.venv_airflow/lib/python3.11/site-packages/airflow/example_dags/example_display_name.py
[2026-03-18T16:49:25.354+0100] {processor.py:925} INFO - DAG(s) 'example_display_name' retrieved from /Users/atanasivanov/ipo-intel/ipo-intel/.venv_airflow/lib/python3.11/site-packages/airflow/example_dags/example_display_name.py
[2026-03-18T16:49:25.431+0100] {logging_mixin.py:190} INFO - [2026-03-18T16:49:25.431+0100] {dag.py:3239} INFO - Sync 1 DAGs
[2026-03-18T16:49:25.496+0100] {logging_mixin.py:190} INFO - [2026-03-18T16:49:25.496+0100] {dag.py:4180} INFO - Setting next_dagrun for example_display_name to None, run_after=None
[2026-03-18T16:49:25.515+0100] {processor.py:208} INFO - Processing /Users/atanasivanov/ipo-intel/ipo-intel/.venv_airflow/lib/python3.11/site-packages/airflow/example_dags/example_display_name.py took 0.202 seconds
[2026-03-18T16:51:56.424+0100] {processor.py:186} INFO - Started process (PID=54073) to work on /Users/atanasivanov/ipo-intel/ipo-intel/.venv_airflow/lib/python3.11/site-packages/airflow/example_dags/example_display_name.py
[2026-03-18T16:51:56.425+0100] {processor.py:914} INFO - Processing file /Users/atanasivanov/ipo-intel/ipo-intel/.venv_airflow/lib/python3.11/site-packages/airflow/example_dags/example_display_name.py for tasks to queue
[2026-03-18T16:51:56.426+0100] {logging_mixin.py:190} INFO - [2026-03-18T16:51:56.426+0100] {dagbag.py:588} INFO - Filling up the DagBag from /Users/atanasivanov/ipo-intel/ipo-intel/.venv_airflow/lib/python3.11/site-packages/airflow/example_dags/example_display_name.py
[2026-03-18T16:51:56.465+0100] {processor.py:925} INFO - DAG(s) 'example_display_name' retrieved from /Users/atanasivanov/ipo-intel/ipo-intel/.venv_airflow/lib/python3.11/site-packages/airflow/example_dags/example_display_name.py
[2026-03-18T16:51:56.541+0100] {logging_mixin.py:190} INFO - [2026-03-18T16:51:56.541+0100] {dag.py:3239} INFO - Sync 1 DAGs
[2026-03-18T16:51:56.601+0100] {logging_mixin.py:190} INFO - [2026-03-18T16:51:56.601+0100] {dag.py:4180} INFO - Setting next_dagrun for example_display_name to None, run_after=None
[2026-03-18T16:51:56.620+0100] {processor.py:208} INFO - Processing /Users/atanasivanov/ipo-intel/ipo-intel/.venv_airflow/lib/python3.11/site-packages/airflow/example_dags/example_display_name.py took 0.201 seconds
[2026-03-18T16:56:09.759+0100] {processor.py:186} INFO - Started process (PID=55289) to work on /Users/atanasivanov/ipo-intel/ipo-intel/.venv_airflow/lib/python3.11/site-packages/airflow/example_dags/example_display_name.py
[2026-03-18T16:56:09.760+0100] {processor.py:914} INFO - Processing file /Users/atanasivanov/ipo-intel/ipo-intel/.venv_airflow/lib/python3.11/site-packages/airflow/example_dags/example_display_name.py for tasks to queue
[2026-03-18T16:56:09.761+0100] {logging_mixin.py:190} INFO - [2026-03-18T16:56:09.761+0100] {dagbag.py:588} INFO - Filling up the DagBag from /Users/atanasivanov/ipo-intel/ipo-intel/.venv_airflow/lib/python3.11/site-packages/airflow/example_dags/example_display_name.py
[2026-03-18T16:56:09.795+0100] {processor.py:925} INFO - DAG(s) 'example_display_name' retrieved from /Users/atanasivanov/ipo-intel/ipo-intel/.venv_airflow/lib/python3.11/site-packages/airflow/example_dags/example_display_name.py
[2026-03-18T16:56:09.873+0100] {logging_mixin.py:190} INFO - [2026-03-18T16:56:09.873+0100] {dag.py:3239} INFO - Sync 1 DAGs
[2026-03-18T16:56:09.934+0100] {logging_mixin.py:190} INFO - [2026-03-18T16:56:09.933+0100] {dag.py:4180} INFO - Setting next_dagrun for example_display_name to None, run_after=None
[2026-03-18T16:56:09.951+0100] {processor.py:208} INFO - Processing /Users/atanasivanov/ipo-intel/ipo-intel/.venv_airflow/lib/python3.11/site-packages/airflow/example_dags/example_display_name.py took 0.197 seconds
[2026-03-18T17:00:17.818+0100] {processor.py:186} INFO - Started process (PID=56206) to work on /Users/atanasivanov/ipo-intel/ipo-intel/.venv_airflow/lib/python3.11/site-packages/airflow/example_dags/example_display_name.py
[2026-03-18T17:00:17.820+0100] {processor.py:914} INFO - Processing file /Users/atanasivanov/ipo-intel/ipo-intel/.venv_airflow/lib/python3.11/site-packages/airflow/example_dags/example_display_name.py for tasks to queue
[2026-03-18T17:00:17.821+0100] {logging_mixin.py:190} INFO - [2026-03-18T17:00:17.821+0100] {dagbag.py:588} INFO - Filling up the DagBag from /Users/atanasivanov/ipo-intel/ipo-intel/.venv_airflow/lib/python3.11/site-packages/airflow/example_dags/example_display_name.py
[2026-03-18T17:00:17.858+0100] {processor.py:925} INFO - DAG(s) 'example_display_name' retrieved from /Users/atanasivanov/ipo-intel/ipo-intel/.venv_airflow/lib/python3.11/site-packages/airflow/example_dags/example_display_name.py
[2026-03-18T17:00:17.941+0100] {logging_mixin.py:190} INFO - [2026-03-18T17:00:17.940+0100] {dag.py:3239} INFO - Sync 1 DAGs
[2026-03-18T17:00:18.007+0100] {logging_mixin.py:190} INFO - [2026-03-18T17:00:18.007+0100] {dag.py:4180} INFO - Setting next_dagrun for example_display_name to None, run_after=None
[2026-03-18T17:00:18.025+0100] {processor.py:208} INFO - Processing /Users/atanasivanov/ipo-intel/ipo-intel/.venv_airflow/lib/python3.11/site-packages/airflow/example_dags/example_display_name.py took 0.214 seconds
[2026-03-18T17:04:07.566+0100] {processor.py:186} INFO - Started process (PID=57051) to work on /Users/atanasivanov/ipo-intel/ipo-intel/.venv_airflow/lib/python3.11/site-packages/airflow/example_dags/example_display_name.py
[2026-03-18T17:04:07.567+0100] {processor.py:914} INFO - Processing file /Users/atanasivanov/ipo-intel/ipo-intel/.venv_airflow/lib/python3.11/site-packages/airflow/example_dags/example_display_name.py for tasks to queue
[2026-03-18T17:04:07.568+0100] {logging_mixin.py:190} INFO - [2026-03-18T17:04:07.567+0100] {dagbag.py:588} INFO - Filling up the DagBag from /Users/atanasivanov/ipo-intel/ipo-intel/.venv_airflow/lib/python3.11/site-packages/airflow/example_dags/example_display_name.py
[2026-03-18T17:04:07.597+0100] {processor.py:925} INFO - DAG(s) 'example_display_name' retrieved from /Users/atanasivanov/ipo-intel/ipo-intel/.venv_airflow/lib/python3.11/site-packages/airflow/example_dags/example_display_name.py
[2026-03-18T17:04:07.669+0100] {logging_mixin.py:190} INFO - [2026-03-18T17:04:07.669+0100] {dag.py:3239} INFO - Sync 1 DAGs
[2026-03-18T17:04:07.726+0100] {logging_mixin.py:190} INFO - [2026-03-18T17:04:07.726+0100] {dag.py:4180} INFO - Setting next_dagrun for example_display_name to None, run_after=None
[2026-03-18T17:04:07.742+0100] {processor.py:208} INFO - Processing /Users/atanasivanov/ipo-intel/ipo-intel/.venv_airflow/lib/python3.11/site-packages/airflow/example_dags/example_display_name.py took 0.182 seconds
[2026-03-18T17:07:58.072+0100] {processor.py:186} INFO - Started process (PID=57896) to work on /Users/atanasivanov/ipo-intel/ipo-intel/.venv_airflow/lib/python3.11/site-packages/airflow/example_dags/example_display_name.py
[2026-03-18T17:07:58.073+0100] {processor.py:914} INFO - Processing file /Users/atanasivanov/ipo-intel/ipo-intel/.venv_airflow/lib/python3.11/site-packages/airflow/example_dags/example_display_name.py for tasks to queue
[2026-03-18T17:07:58.074+0100] {logging_mixin.py:190} INFO - [2026-03-18T17:07:58.074+0100] {dagbag.py:588} INFO - Filling up the DagBag from /Users/atanasivanov/ipo-intel/ipo-intel/.venv_airflow/lib/python3.11/site-packages/airflow/example_dags/example_display_name.py
[2026-03-18T17:07:58.108+0100] {processor.py:925} INFO - DAG(s) 'example_display_name' retrieved from /Users/atanasivanov/ipo-intel/ipo-intel/.venv_airflow/lib/python3.11/site-packages/airflow/example_dags/example_display_name.py
[2026-03-18T17:07:58.182+0100] {logging_mixin.py:190} INFO - [2026-03-18T17:07:58.181+0100] {dag.py:3239} INFO - Sync 1 DAGs
[2026-03-18T17:07:58.238+0100] {logging_mixin.py:190} INFO - [2026-03-18T17:07:58.237+0100] {dag.py:4180} INFO - Setting next_dagrun for example_display_name to None, run_after=None
[2026-03-18T17:07:58.255+0100] {processor.py:208} INFO - Processing /Users/atanasivanov/ipo-intel/ipo-intel/.venv_airflow/lib/python3.11/site-packages/airflow/example_dags/example_display_name.py took 0.188 seconds
[2026-03-18T17:11:59.260+0100] {processor.py:186} INFO - Started process (PID=58851) to work on /Users/atanasivanov/ipo-intel/ipo-intel/.venv_airflow/lib/python3.11/site-packages/airflow/example_dags/example_display_name.py
[2026-03-18T17:11:59.261+0100] {processor.py:914} INFO - Processing file /Users/atanasivanov/ipo-intel/ipo-intel/.venv_airflow/lib/python3.11/site-packages/airflow/example_dags/example_display_name.py for tasks to queue
[2026-03-18T17:11:59.263+0100] {logging_mixin.py:190} INFO - [2026-03-18T17:11:59.262+0100] {dagbag.py:588} INFO - Filling up the DagBag from /Users/atanasivanov/ipo-intel/ipo-intel/.venv_airflow/lib/python3.11/site-packages/airflow/example_dags/example_display_name.py
[2026-03-18T17:11:59.293+0100] {processor.py:925} INFO - DAG(s) 'example_display_name' retrieved from /Users/atanasivanov/ipo-intel/ipo-intel/.venv_airflow/lib/python3.11/site-packages/airflow/example_dags/example_display_name.py
[2026-03-18T17:11:59.365+0100] {logging_mixin.py:190} INFO - [2026-03-18T17:11:59.364+0100] {dag.py:3239} INFO - Sync 1 DAGs
[2026-03-18T17:11:59.422+0100] {logging_mixin.py:190} INFO - [2026-03-18T17:11:59.422+0100] {dag.py:4180} INFO - Setting next_dagrun for example_display_name to None, run_after=None
[2026-03-18T17:11:59.440+0100] {processor.py:208} INFO - Processing /Users/atanasivanov/ipo-intel/ipo-intel/.venv_airflow/lib/python3.11/site-packages/airflow/example_dags/example_display_name.py took 0.185 seconds
[2026-03-18T17:16:09.881+0100] {processor.py:186} INFO - Started process (PID=61715) to work on /Users/atanasivanov/ipo-intel/ipo-intel/.venv_airflow/lib/python3.11/site-packages/airflow/example_dags/example_display_name.py
[2026-03-18T17:16:09.882+0100] {processor.py:914} INFO - Processing file /Users/atanasivanov/ipo-intel/ipo-intel/.venv_airflow/lib/python3.11/site-packages/airflow/example_dags/example_display_name.py for tasks to queue
[2026-03-18T17:16:09.883+0100] {logging_mixin.py:190} INFO - [2026-03-18T17:16:09.883+0100] {dagbag.py:588} INFO - Filling up the DagBag from /Users/atanasivanov/ipo-intel/ipo-intel/.venv_airflow/lib/python3.11/site-packages/airflow/example_dags/example_display_name.py
[2026-03-18T17:16:09.920+0100] {processor.py:925} INFO - DAG(s) 'example_display_name' retrieved from /Users/atanasivanov/ipo-intel/ipo-intel/.venv_airflow/lib/python3.11/site-packages/airflow/example_dags/example_display_name.py
[2026-03-18T17:16:10.001+0100] {logging_mixin.py:190} INFO - [2026-03-18T17:16:10.000+0100] {dag.py:3239} INFO - Sync 1 DAGs
[2026-03-18T17:16:10.063+0100] {logging_mixin.py:190} INFO - [2026-03-18T17:16:10.062+0100] {dag.py:4180} INFO - Setting next_dagrun for example_display_name to None, run_after=None
[2026-03-18T17:16:10.080+0100] {processor.py:208} INFO - Processing /Users/atanasivanov/ipo-intel/ipo-intel/.venv_airflow/lib/python3.11/site-packages/airflow/example_dags/example_display_name.py took 0.204 seconds
