[2026-03-18T16:15:53.290+0100] {processor.py:186} INFO - Started process (PID=44402) to work on /Users/atanasivanov/ipo-intel/ipo-intel/.venv_airflow/lib/python3.11/site-packages/airflow/example_dags/example_xcom.py
[2026-03-18T16:15:53.291+0100] {processor.py:914} INFO - Processing file /Users/atanasivanov/ipo-intel/ipo-intel/.venv_airflow/lib/python3.11/site-packages/airflow/example_dags/example_xcom.py for tasks to queue
[2026-03-18T16:15:53.292+0100] {logging_mixin.py:190} INFO - [2026-03-18T16:15:53.292+0100] {dagbag.py:588} INFO - Filling up the DagBag from /Users/atanasivanov/ipo-intel/ipo-intel/.venv_airflow/lib/python3.11/site-packages/airflow/example_dags/example_xcom.py
[2026-03-18T16:15:53.331+0100] {processor.py:925} INFO - DAG(s) 'example_xcom' retrieved from /Users/atanasivanov/ipo-intel/ipo-intel/.venv_airflow/lib/python3.11/site-packages/airflow/example_dags/example_xcom.py
[2026-03-18T16:15:53.562+0100] {logging_mixin.py:190} INFO - [2026-03-18T16:15:53.561+0100] {override.py:1912} INFO - Created Permission View: can read on DAG:example_xcom
[2026-03-18T16:15:53.569+0100] {logging_mixin.py:190} INFO - [2026-03-18T16:15:53.569+0100] {override.py:1912} INFO - Created Permission View: can delete on DAG:example_xcom
[2026-03-18T16:15:53.574+0100] {logging_mixin.py:190} INFO - [2026-03-18T16:15:53.574+0100] {override.py:1912} INFO - Created Permission View: can edit on DAG:example_xcom
[2026-03-18T16:15:53.581+0100] {logging_mixin.py:190} INFO - [2026-03-18T16:15:53.581+0100] {override.py:1912} INFO - Created Permission View: menu access on DAG Run:example_xcom
[2026-03-18T16:15:53.586+0100] {logging_mixin.py:190} INFO - [2026-03-18T16:15:53.586+0100] {override.py:1912} INFO - Created Permission View: can read on DAG Run:example_xcom
[2026-03-18T16:15:53.591+0100] {logging_mixin.py:190} INFO - [2026-03-18T16:15:53.591+0100] {override.py:1912} INFO - Created Permission View: can delete on DAG Run:example_xcom
[2026-03-18T16:15:53.596+0100] {logging_mixin.py:190} INFO - [2026-03-18T16:15:53.596+0100] {override.py:1912} INFO - Created Permission View: can create on DAG Run:example_xcom
[2026-03-18T16:15:53.597+0100] {logging_mixin.py:190} INFO - [2026-03-18T16:15:53.596+0100] {dag.py:3239} INFO - Sync 1 DAGs
[2026-03-18T16:15:53.606+0100] {logging_mixin.py:190} INFO - [2026-03-18T16:15:53.606+0100] {dag.py:3262} INFO - Creating ORM DAG for example_xcom
[2026-03-18T16:15:53.613+0100] {logging_mixin.py:190} INFO - [2026-03-18T16:15:53.613+0100] {dag.py:4180} INFO - Setting next_dagrun for example_xcom to 2021-01-01 00:00:00+00:00, run_after=2021-01-01 00:00:00+00:00
[2026-03-18T16:15:53.625+0100] {processor.py:208} INFO - Processing /Users/atanasivanov/ipo-intel/ipo-intel/.venv_airflow/lib/python3.11/site-packages/airflow/example_dags/example_xcom.py took 0.341 seconds
[2026-03-18T16:20:05.218+0100] {processor.py:186} INFO - Started process (PID=45265) to work on /Users/atanasivanov/ipo-intel/ipo-intel/.venv_airflow/lib/python3.11/site-packages/airflow/example_dags/example_xcom.py
[2026-03-18T16:20:05.219+0100] {processor.py:914} INFO - Processing file /Users/atanasivanov/ipo-intel/ipo-intel/.venv_airflow/lib/python3.11/site-packages/airflow/example_dags/example_xcom.py for tasks to queue
[2026-03-18T16:20:05.220+0100] {logging_mixin.py:190} INFO - [2026-03-18T16:20:05.220+0100] {dagbag.py:588} INFO - Filling up the DagBag from /Users/atanasivanov/ipo-intel/ipo-intel/.venv_airflow/lib/python3.11/site-packages/airflow/example_dags/example_xcom.py
[2026-03-18T16:20:05.257+0100] {processor.py:925} INFO - DAG(s) 'example_xcom' retrieved from /Users/atanasivanov/ipo-intel/ipo-intel/.venv_airflow/lib/python3.11/site-packages/airflow/example_dags/example_xcom.py
[2026-03-18T16:20:05.339+0100] {logging_mixin.py:190} INFO - [2026-03-18T16:20:05.339+0100] {dag.py:3239} INFO - Sync 1 DAGs
[2026-03-18T16:20:05.406+0100] {logging_mixin.py:190} INFO - [2026-03-18T16:20:05.406+0100] {dag.py:4180} INFO - Setting next_dagrun for example_xcom to 2021-01-01 00:00:00+00:00, run_after=2021-01-01 00:00:00+00:00
[2026-03-18T16:20:05.422+0100] {processor.py:208} INFO - Processing /Users/atanasivanov/ipo-intel/ipo-intel/.venv_airflow/lib/python3.11/site-packages/airflow/example_dags/example_xcom.py took 0.209 seconds
[2026-03-18T16:22:44.006+0100] {processor.py:186} INFO - Started process (PID=45890) to work on /Users/atanasivanov/ipo-intel/ipo-intel/.venv_airflow/lib/python3.11/site-packages/airflow/example_dags/example_xcom.py
[2026-03-18T16:22:44.007+0100] {processor.py:914} INFO - Processing file /Users/atanasivanov/ipo-intel/ipo-intel/.venv_airflow/lib/python3.11/site-packages/airflow/example_dags/example_xcom.py for tasks to queue
[2026-03-18T16:22:44.008+0100] {logging_mixin.py:190} INFO - [2026-03-18T16:22:44.007+0100] {dagbag.py:588} INFO - Filling up the DagBag from /Users/atanasivanov/ipo-intel/ipo-intel/.venv_airflow/lib/python3.11/site-packages/airflow/example_dags/example_xcom.py
[2026-03-18T16:22:44.049+0100] {processor.py:925} INFO - DAG(s) 'example_xcom' retrieved from /Users/atanasivanov/ipo-intel/ipo-intel/.venv_airflow/lib/python3.11/site-packages/airflow/example_dags/example_xcom.py
[2026-03-18T16:22:44.137+0100] {logging_mixin.py:190} INFO - [2026-03-18T16:22:44.137+0100] {dag.py:3239} INFO - Sync 1 DAGs
[2026-03-18T16:22:44.205+0100] {logging_mixin.py:190} INFO - [2026-03-18T16:22:44.205+0100] {dag.py:4180} INFO - Setting next_dagrun for example_xcom to 2021-01-01 00:00:00+00:00, run_after=2021-01-01 00:00:00+00:00
[2026-03-18T16:22:44.223+0100] {processor.py:208} INFO - Processing /Users/atanasivanov/ipo-intel/ipo-intel/.venv_airflow/lib/python3.11/site-packages/airflow/example_dags/example_xcom.py took 0.221 seconds
[2026-03-18T16:24:51.475+0100] {processor.py:186} INFO - Started process (PID=46354) to work on /Users/atanasivanov/ipo-intel/ipo-intel/.venv_airflow/lib/python3.11/site-packages/airflow/example_dags/example_xcom.py
[2026-03-18T16:24:51.476+0100] {processor.py:914} INFO - Processing file /Users/atanasivanov/ipo-intel/ipo-intel/.venv_airflow/lib/python3.11/site-packages/airflow/example_dags/example_xcom.py for tasks to queue
[2026-03-18T16:24:51.477+0100] {logging_mixin.py:190} INFO - [2026-03-18T16:24:51.477+0100] {dagbag.py:588} INFO - Filling up the DagBag from /Users/atanasivanov/ipo-intel/ipo-intel/.venv_airflow/lib/python3.11/site-packages/airflow/example_dags/example_xcom.py
[2026-03-18T16:24:51.520+0100] {processor.py:925} INFO - DAG(s) 'example_xcom' retrieved from /Users/atanasivanov/ipo-intel/ipo-intel/.venv_airflow/lib/python3.11/site-packages/airflow/example_dags/example_xcom.py
[2026-03-18T16:24:51.602+0100] {logging_mixin.py:190} INFO - [2026-03-18T16:24:51.602+0100] {dag.py:3239} INFO - Sync 1 DAGs
[2026-03-18T16:24:51.668+0100] {logging_mixin.py:190} INFO - [2026-03-18T16:24:51.668+0100] {dag.py:4180} INFO - Setting next_dagrun for example_xcom to 2021-01-01 00:00:00+00:00, run_after=2021-01-01 00:00:00+00:00
[2026-03-18T16:24:51.685+0100] {processor.py:208} INFO - Processing /Users/atanasivanov/ipo-intel/ipo-intel/.venv_airflow/lib/python3.11/site-packages/airflow/example_dags/example_xcom.py took 0.216 seconds
[2026-03-18T16:26:52.091+0100] {processor.py:186} INFO - Started process (PID=46801) to work on /Users/atanasivanov/ipo-intel/ipo-intel/.venv_airflow/lib/python3.11/site-packages/airflow/example_dags/example_xcom.py
[2026-03-18T16:26:52.092+0100] {processor.py:914} INFO - Processing file /Users/atanasivanov/ipo-intel/ipo-intel/.venv_airflow/lib/python3.11/site-packages/airflow/example_dags/example_xcom.py for tasks to queue
[2026-03-18T16:26:52.094+0100] {logging_mixin.py:190} INFO - [2026-03-18T16:26:52.093+0100] {dagbag.py:588} INFO - Filling up the DagBag from /Users/atanasivanov/ipo-intel/ipo-intel/.venv_airflow/lib/python3.11/site-packages/airflow/example_dags/example_xcom.py
[2026-03-18T16:26:52.130+0100] {processor.py:925} INFO - DAG(s) 'example_xcom' retrieved from /Users/atanasivanov/ipo-intel/ipo-intel/.venv_airflow/lib/python3.11/site-packages/airflow/example_dags/example_xcom.py
[2026-03-18T16:26:52.207+0100] {logging_mixin.py:190} INFO - [2026-03-18T16:26:52.207+0100] {dag.py:3239} INFO - Sync 1 DAGs
[2026-03-18T16:26:52.271+0100] {logging_mixin.py:190} INFO - [2026-03-18T16:26:52.271+0100] {dag.py:4180} INFO - Setting next_dagrun for example_xcom to 2021-01-01 00:00:00+00:00, run_after=2021-01-01 00:00:00+00:00
[2026-03-18T16:26:52.287+0100] {processor.py:208} INFO - Processing /Users/atanasivanov/ipo-intel/ipo-intel/.venv_airflow/lib/python3.11/site-packages/airflow/example_dags/example_xcom.py took 0.202 seconds
[2026-03-18T16:28:54.893+0100] {processor.py:186} INFO - Started process (PID=47943) to work on /Users/atanasivanov/ipo-intel/ipo-intel/.venv_airflow/lib/python3.11/site-packages/airflow/example_dags/example_xcom.py
[2026-03-18T16:28:54.894+0100] {processor.py:914} INFO - Processing file /Users/atanasivanov/ipo-intel/ipo-intel/.venv_airflow/lib/python3.11/site-packages/airflow/example_dags/example_xcom.py for tasks to queue
[2026-03-18T16:28:54.895+0100] {logging_mixin.py:190} INFO - [2026-03-18T16:28:54.895+0100] {dagbag.py:588} INFO - Filling up the DagBag from /Users/atanasivanov/ipo-intel/ipo-intel/.venv_airflow/lib/python3.11/site-packages/airflow/example_dags/example_xcom.py
[2026-03-18T16:28:54.927+0100] {processor.py:925} INFO - DAG(s) 'example_xcom' retrieved from /Users/atanasivanov/ipo-intel/ipo-intel/.venv_airflow/lib/python3.11/site-packages/airflow/example_dags/example_xcom.py
[2026-03-18T16:28:55.004+0100] {logging_mixin.py:190} INFO - [2026-03-18T16:28:55.004+0100] {dag.py:3239} INFO - Sync 1 DAGs
[2026-03-18T16:28:55.066+0100] {logging_mixin.py:190} INFO - [2026-03-18T16:28:55.066+0100] {dag.py:4180} INFO - Setting next_dagrun for example_xcom to 2021-01-01 00:00:00+00:00, run_after=2021-01-01 00:00:00+00:00
[2026-03-18T16:28:55.081+0100] {processor.py:208} INFO - Processing /Users/atanasivanov/ipo-intel/ipo-intel/.venv_airflow/lib/python3.11/site-packages/airflow/example_dags/example_xcom.py took 0.194 seconds
[2026-03-18T16:30:52.529+0100] {processor.py:186} INFO - Started process (PID=48366) to work on /Users/atanasivanov/ipo-intel/ipo-intel/.venv_airflow/lib/python3.11/site-packages/airflow/example_dags/example_xcom.py
[2026-03-18T16:30:52.530+0100] {processor.py:914} INFO - Processing file /Users/atanasivanov/ipo-intel/ipo-intel/.venv_airflow/lib/python3.11/site-packages/airflow/example_dags/example_xcom.py for tasks to queue
[2026-03-18T16:30:52.531+0100] {logging_mixin.py:190} INFO - [2026-03-18T16:30:52.530+0100] {dagbag.py:588} INFO - Filling up the DagBag from /Users/atanasivanov/ipo-intel/ipo-intel/.venv_airflow/lib/python3.11/site-packages/airflow/example_dags/example_xcom.py
[2026-03-18T16:30:52.565+0100] {processor.py:925} INFO - DAG(s) 'example_xcom' retrieved from /Users/atanasivanov/ipo-intel/ipo-intel/.venv_airflow/lib/python3.11/site-packages/airflow/example_dags/example_xcom.py
[2026-03-18T16:30:52.643+0100] {logging_mixin.py:190} INFO - [2026-03-18T16:30:52.642+0100] {dag.py:3239} INFO - Sync 1 DAGs
[2026-03-18T16:30:52.707+0100] {logging_mixin.py:190} INFO - [2026-03-18T16:30:52.706+0100] {dag.py:4180} INFO - Setting next_dagrun for example_xcom to 2021-01-01 00:00:00+00:00, run_after=2021-01-01 00:00:00+00:00
[2026-03-18T16:30:52.724+0100] {processor.py:208} INFO - Processing /Users/atanasivanov/ipo-intel/ipo-intel/.venv_airflow/lib/python3.11/site-packages/airflow/example_dags/example_xcom.py took 0.200 seconds
[2026-03-18T16:32:44.801+0100] {processor.py:186} INFO - Started process (PID=48771) to work on /Users/atanasivanov/ipo-intel/ipo-intel/.venv_airflow/lib/python3.11/site-packages/airflow/example_dags/example_xcom.py
[2026-03-18T16:32:44.801+0100] {processor.py:914} INFO - Processing file /Users/atanasivanov/ipo-intel/ipo-intel/.venv_airflow/lib/python3.11/site-packages/airflow/example_dags/example_xcom.py for tasks to queue
[2026-03-18T16:32:44.802+0100] {logging_mixin.py:190} INFO - [2026-03-18T16:32:44.802+0100] {dagbag.py:588} INFO - Filling up the DagBag from /Users/atanasivanov/ipo-intel/ipo-intel/.venv_airflow/lib/python3.11/site-packages/airflow/example_dags/example_xcom.py
[2026-03-18T16:32:44.838+0100] {processor.py:925} INFO - DAG(s) 'example_xcom' retrieved from /Users/atanasivanov/ipo-intel/ipo-intel/.venv_airflow/lib/python3.11/site-packages/airflow/example_dags/example_xcom.py
[2026-03-18T16:32:44.919+0100] {logging_mixin.py:190} INFO - [2026-03-18T16:32:44.918+0100] {dag.py:3239} INFO - Sync 1 DAGs
[2026-03-18T16:32:44.982+0100] {logging_mixin.py:190} INFO - [2026-03-18T16:32:44.981+0100] {dag.py:4180} INFO - Setting next_dagrun for example_xcom to 2021-01-01 00:00:00+00:00, run_after=2021-01-01 00:00:00+00:00
[2026-03-18T16:32:44.998+0100] {processor.py:208} INFO - Processing /Users/atanasivanov/ipo-intel/ipo-intel/.venv_airflow/lib/python3.11/site-packages/airflow/example_dags/example_xcom.py took 0.203 seconds
[2026-03-18T16:34:38.517+0100] {processor.py:186} INFO - Started process (PID=49191) to work on /Users/atanasivanov/ipo-intel/ipo-intel/.venv_airflow/lib/python3.11/site-packages/airflow/example_dags/example_xcom.py
[2026-03-18T16:34:38.518+0100] {processor.py:914} INFO - Processing file /Users/atanasivanov/ipo-intel/ipo-intel/.venv_airflow/lib/python3.11/site-packages/airflow/example_dags/example_xcom.py for tasks to queue
[2026-03-18T16:34:38.519+0100] {logging_mixin.py:190} INFO - [2026-03-18T16:34:38.519+0100] {dagbag.py:588} INFO - Filling up the DagBag from /Users/atanasivanov/ipo-intel/ipo-intel/.venv_airflow/lib/python3.11/site-packages/airflow/example_dags/example_xcom.py
[2026-03-18T16:34:38.551+0100] {processor.py:925} INFO - DAG(s) 'example_xcom' retrieved from /Users/atanasivanov/ipo-intel/ipo-intel/.venv_airflow/lib/python3.11/site-packages/airflow/example_dags/example_xcom.py
[2026-03-18T16:34:38.630+0100] {logging_mixin.py:190} INFO - [2026-03-18T16:34:38.629+0100] {dag.py:3239} INFO - Sync 1 DAGs
[2026-03-18T16:34:38.694+0100] {logging_mixin.py:190} INFO - [2026-03-18T16:34:38.693+0100] {dag.py:4180} INFO - Setting next_dagrun for example_xcom to 2021-01-01 00:00:00+00:00, run_after=2021-01-01 00:00:00+00:00
[2026-03-18T16:34:38.708+0100] {processor.py:208} INFO - Processing /Users/atanasivanov/ipo-intel/ipo-intel/.venv_airflow/lib/python3.11/site-packages/airflow/example_dags/example_xcom.py took 0.196 seconds
[2026-03-18T16:36:34.276+0100] {processor.py:186} INFO - Started process (PID=49612) to work on /Users/atanasivanov/ipo-intel/ipo-intel/.venv_airflow/lib/python3.11/site-packages/airflow/example_dags/example_xcom.py
[2026-03-18T16:36:34.277+0100] {processor.py:914} INFO - Processing file /Users/atanasivanov/ipo-intel/ipo-intel/.venv_airflow/lib/python3.11/site-packages/airflow/example_dags/example_xcom.py for tasks to queue
[2026-03-18T16:36:34.278+0100] {logging_mixin.py:190} INFO - [2026-03-18T16:36:34.278+0100] {dagbag.py:588} INFO - Filling up the DagBag from /Users/atanasivanov/ipo-intel/ipo-intel/.venv_airflow/lib/python3.11/site-packages/airflow/example_dags/example_xcom.py
[2026-03-18T16:36:34.312+0100] {processor.py:925} INFO - DAG(s) 'example_xcom' retrieved from /Users/atanasivanov/ipo-intel/ipo-intel/.venv_airflow/lib/python3.11/site-packages/airflow/example_dags/example_xcom.py
[2026-03-18T16:36:34.388+0100] {logging_mixin.py:190} INFO - [2026-03-18T16:36:34.388+0100] {dag.py:3239} INFO - Sync 1 DAGs
[2026-03-18T16:36:34.450+0100] {logging_mixin.py:190} INFO - [2026-03-18T16:36:34.450+0100] {dag.py:4180} INFO - Setting next_dagrun for example_xcom to 2021-01-01 00:00:00+00:00, run_after=2021-01-01 00:00:00+00:00
[2026-03-18T16:36:34.467+0100] {processor.py:208} INFO - Processing /Users/atanasivanov/ipo-intel/ipo-intel/.venv_airflow/lib/python3.11/site-packages/airflow/example_dags/example_xcom.py took 0.196 seconds
[2026-03-18T16:38:25.979+0100] {processor.py:186} INFO - Started process (PID=50017) to work on /Users/atanasivanov/ipo-intel/ipo-intel/.venv_airflow/lib/python3.11/site-packages/airflow/example_dags/example_xcom.py
[2026-03-18T16:38:25.980+0100] {processor.py:914} INFO - Processing file /Users/atanasivanov/ipo-intel/ipo-intel/.venv_airflow/lib/python3.11/site-packages/airflow/example_dags/example_xcom.py for tasks to queue
[2026-03-18T16:38:25.980+0100] {logging_mixin.py:190} INFO - [2026-03-18T16:38:25.980+0100] {dagbag.py:588} INFO - Filling up the DagBag from /Users/atanasivanov/ipo-intel/ipo-intel/.venv_airflow/lib/python3.11/site-packages/airflow/example_dags/example_xcom.py
[2026-03-18T16:38:26.017+0100] {processor.py:925} INFO - DAG(s) 'example_xcom' retrieved from /Users/atanasivanov/ipo-intel/ipo-intel/.venv_airflow/lib/python3.11/site-packages/airflow/example_dags/example_xcom.py
[2026-03-18T16:38:26.095+0100] {logging_mixin.py:190} INFO - [2026-03-18T16:38:26.095+0100] {dag.py:3239} INFO - Sync 1 DAGs
[2026-03-18T16:38:26.158+0100] {logging_mixin.py:190} INFO - [2026-03-18T16:38:26.158+0100] {dag.py:4180} INFO - Setting next_dagrun for example_xcom to 2021-01-01 00:00:00+00:00, run_after=2021-01-01 00:00:00+00:00
[2026-03-18T16:38:26.174+0100] {processor.py:208} INFO - Processing /Users/atanasivanov/ipo-intel/ipo-intel/.venv_airflow/lib/python3.11/site-packages/airflow/example_dags/example_xcom.py took 0.201 seconds
[2026-03-18T16:40:26.968+0100] {processor.py:186} INFO - Started process (PID=51328) to work on /Users/atanasivanov/ipo-intel/ipo-intel/.venv_airflow/lib/python3.11/site-packages/airflow/example_dags/example_xcom.py
[2026-03-18T16:40:26.969+0100] {processor.py:914} INFO - Processing file /Users/atanasivanov/ipo-intel/ipo-intel/.venv_airflow/lib/python3.11/site-packages/airflow/example_dags/example_xcom.py for tasks to queue
[2026-03-18T16:40:26.970+0100] {logging_mixin.py:190} INFO - [2026-03-18T16:40:26.969+0100] {dagbag.py:588} INFO - Filling up the DagBag from /Users/atanasivanov/ipo-intel/ipo-intel/.venv_airflow/lib/python3.11/site-packages/airflow/example_dags/example_xcom.py
[2026-03-18T16:40:27.006+0100] {processor.py:925} INFO - DAG(s) 'example_xcom' retrieved from /Users/atanasivanov/ipo-intel/ipo-intel/.venv_airflow/lib/python3.11/site-packages/airflow/example_dags/example_xcom.py
[2026-03-18T16:40:27.086+0100] {logging_mixin.py:190} INFO - [2026-03-18T16:40:27.086+0100] {dag.py:3239} INFO - Sync 1 DAGs
[2026-03-18T16:40:27.152+0100] {logging_mixin.py:190} INFO - [2026-03-18T16:40:27.151+0100] {dag.py:4180} INFO - Setting next_dagrun for example_xcom to 2021-01-01 00:00:00+00:00, run_after=2021-01-01 00:00:00+00:00
[2026-03-18T16:40:27.168+0100] {processor.py:208} INFO - Processing /Users/atanasivanov/ipo-intel/ipo-intel/.venv_airflow/lib/python3.11/site-packages/airflow/example_dags/example_xcom.py took 0.206 seconds
[2026-03-18T16:42:30.117+0100] {processor.py:186} INFO - Started process (PID=51990) to work on /Users/atanasivanov/ipo-intel/ipo-intel/.venv_airflow/lib/python3.11/site-packages/airflow/example_dags/example_xcom.py
[2026-03-18T16:42:30.118+0100] {processor.py:914} INFO - Processing file /Users/atanasivanov/ipo-intel/ipo-intel/.venv_airflow/lib/python3.11/site-packages/airflow/example_dags/example_xcom.py for tasks to queue
[2026-03-18T16:42:30.119+0100] {logging_mixin.py:190} INFO - [2026-03-18T16:42:30.119+0100] {dagbag.py:588} INFO - Filling up the DagBag from /Users/atanasivanov/ipo-intel/ipo-intel/.venv_airflow/lib/python3.11/site-packages/airflow/example_dags/example_xcom.py
[2026-03-18T16:42:30.157+0100] {processor.py:925} INFO - DAG(s) 'example_xcom' retrieved from /Users/atanasivanov/ipo-intel/ipo-intel/.venv_airflow/lib/python3.11/site-packages/airflow/example_dags/example_xcom.py
[2026-03-18T16:42:30.239+0100] {logging_mixin.py:190} INFO - [2026-03-18T16:42:30.239+0100] {dag.py:3239} INFO - Sync 1 DAGs
[2026-03-18T16:42:30.305+0100] {logging_mixin.py:190} INFO - [2026-03-18T16:42:30.305+0100] {dag.py:4180} INFO - Setting next_dagrun for example_xcom to 2021-01-01 00:00:00+00:00, run_after=2021-01-01 00:00:00+00:00
[2026-03-18T16:42:30.322+0100] {processor.py:208} INFO - Processing /Users/atanasivanov/ipo-intel/ipo-intel/.venv_airflow/lib/python3.11/site-packages/airflow/example_dags/example_xcom.py took 0.210 seconds
[2026-03-18T16:48:06.763+0100] {processor.py:186} INFO - Started process (PID=53236) to work on /Users/atanasivanov/ipo-intel/ipo-intel/.venv_airflow/lib/python3.11/site-packages/airflow/example_dags/example_xcom.py
[2026-03-18T16:48:06.764+0100] {processor.py:914} INFO - Processing file /Users/atanasivanov/ipo-intel/ipo-intel/.venv_airflow/lib/python3.11/site-packages/airflow/example_dags/example_xcom.py for tasks to queue
[2026-03-18T16:48:06.765+0100] {logging_mixin.py:190} INFO - [2026-03-18T16:48:06.765+0100] {dagbag.py:588} INFO - Filling up the DagBag from /Users/atanasivanov/ipo-intel/ipo-intel/.venv_airflow/lib/python3.11/site-packages/airflow/example_dags/example_xcom.py
[2026-03-18T16:48:06.807+0100] {processor.py:925} INFO - DAG(s) 'example_xcom' retrieved from /Users/atanasivanov/ipo-intel/ipo-intel/.venv_airflow/lib/python3.11/site-packages/airflow/example_dags/example_xcom.py
[2026-03-18T16:48:06.898+0100] {logging_mixin.py:190} INFO - [2026-03-18T16:48:06.898+0100] {dag.py:3239} INFO - Sync 1 DAGs
[2026-03-18T16:48:06.973+0100] {logging_mixin.py:190} INFO - [2026-03-18T16:48:06.973+0100] {dag.py:4180} INFO - Setting next_dagrun for example_xcom to 2021-01-01 00:00:00+00:00, run_after=2021-01-01 00:00:00+00:00
[2026-03-18T16:48:06.991+0100] {processor.py:208} INFO - Processing /Users/atanasivanov/ipo-intel/ipo-intel/.venv_airflow/lib/python3.11/site-packages/airflow/example_dags/example_xcom.py took 0.235 seconds
[2026-03-18T16:50:35.657+0100] {processor.py:186} INFO - Started process (PID=53772) to work on /Users/atanasivanov/ipo-intel/ipo-intel/.venv_airflow/lib/python3.11/site-packages/airflow/example_dags/example_xcom.py
[2026-03-18T16:50:35.658+0100] {processor.py:914} INFO - Processing file /Users/atanasivanov/ipo-intel/ipo-intel/.venv_airflow/lib/python3.11/site-packages/airflow/example_dags/example_xcom.py for tasks to queue
[2026-03-18T16:50:35.659+0100] {logging_mixin.py:190} INFO - [2026-03-18T16:50:35.659+0100] {dagbag.py:588} INFO - Filling up the DagBag from /Users/atanasivanov/ipo-intel/ipo-intel/.venv_airflow/lib/python3.11/site-packages/airflow/example_dags/example_xcom.py
[2026-03-18T16:50:35.697+0100] {processor.py:925} INFO - DAG(s) 'example_xcom' retrieved from /Users/atanasivanov/ipo-intel/ipo-intel/.venv_airflow/lib/python3.11/site-packages/airflow/example_dags/example_xcom.py
[2026-03-18T16:50:35.776+0100] {logging_mixin.py:190} INFO - [2026-03-18T16:50:35.776+0100] {dag.py:3239} INFO - Sync 1 DAGs
[2026-03-18T16:50:35.840+0100] {logging_mixin.py:190} INFO - [2026-03-18T16:50:35.840+0100] {dag.py:4180} INFO - Setting next_dagrun for example_xcom to 2021-01-01 00:00:00+00:00, run_after=2021-01-01 00:00:00+00:00
[2026-03-18T16:50:35.859+0100] {processor.py:208} INFO - Processing /Users/atanasivanov/ipo-intel/ipo-intel/.venv_airflow/lib/python3.11/site-packages/airflow/example_dags/example_xcom.py took 0.207 seconds
[2026-03-18T16:52:37.980+0100] {processor.py:186} INFO - Started process (PID=54218) to work on /Users/atanasivanov/ipo-intel/ipo-intel/.venv_airflow/lib/python3.11/site-packages/airflow/example_dags/example_xcom.py
[2026-03-18T16:52:37.981+0100] {processor.py:914} INFO - Processing file /Users/atanasivanov/ipo-intel/ipo-intel/.venv_airflow/lib/python3.11/site-packages/airflow/example_dags/example_xcom.py for tasks to queue
[2026-03-18T16:52:37.982+0100] {logging_mixin.py:190} INFO - [2026-03-18T16:52:37.982+0100] {dagbag.py:588} INFO - Filling up the DagBag from /Users/atanasivanov/ipo-intel/ipo-intel/.venv_airflow/lib/python3.11/site-packages/airflow/example_dags/example_xcom.py
[2026-03-18T16:52:38.018+0100] {processor.py:925} INFO - DAG(s) 'example_xcom' retrieved from /Users/atanasivanov/ipo-intel/ipo-intel/.venv_airflow/lib/python3.11/site-packages/airflow/example_dags/example_xcom.py
[2026-03-18T16:52:38.095+0100] {logging_mixin.py:190} INFO - [2026-03-18T16:52:38.095+0100] {dag.py:3239} INFO - Sync 1 DAGs
[2026-03-18T16:52:38.160+0100] {logging_mixin.py:190} INFO - [2026-03-18T16:52:38.159+0100] {dag.py:4180} INFO - Setting next_dagrun for example_xcom to 2021-01-01 00:00:00+00:00, run_after=2021-01-01 00:00:00+00:00
[2026-03-18T16:52:38.178+0100] {processor.py:208} INFO - Processing /Users/atanasivanov/ipo-intel/ipo-intel/.venv_airflow/lib/python3.11/site-packages/airflow/example_dags/example_xcom.py took 0.203 seconds
[2026-03-18T16:54:45.411+0100] {processor.py:186} INFO - Started process (PID=54991) to work on /Users/atanasivanov/ipo-intel/ipo-intel/.venv_airflow/lib/python3.11/site-packages/airflow/example_dags/example_xcom.py
[2026-03-18T16:54:45.412+0100] {processor.py:914} INFO - Processing file /Users/atanasivanov/ipo-intel/ipo-intel/.venv_airflow/lib/python3.11/site-packages/airflow/example_dags/example_xcom.py for tasks to queue
[2026-03-18T16:54:45.413+0100] {logging_mixin.py:190} INFO - [2026-03-18T16:54:45.413+0100] {dagbag.py:588} INFO - Filling up the DagBag from /Users/atanasivanov/ipo-intel/ipo-intel/.venv_airflow/lib/python3.11/site-packages/airflow/example_dags/example_xcom.py
[2026-03-18T16:54:45.445+0100] {processor.py:925} INFO - DAG(s) 'example_xcom' retrieved from /Users/atanasivanov/ipo-intel/ipo-intel/.venv_airflow/lib/python3.11/site-packages/airflow/example_dags/example_xcom.py
[2026-03-18T16:54:45.522+0100] {logging_mixin.py:190} INFO - [2026-03-18T16:54:45.521+0100] {dag.py:3239} INFO - Sync 1 DAGs
[2026-03-18T16:54:45.584+0100] {logging_mixin.py:190} INFO - [2026-03-18T16:54:45.583+0100] {dag.py:4180} INFO - Setting next_dagrun for example_xcom to 2021-01-01 00:00:00+00:00, run_after=2021-01-01 00:00:00+00:00
[2026-03-18T16:54:45.598+0100] {processor.py:208} INFO - Processing /Users/atanasivanov/ipo-intel/ipo-intel/.venv_airflow/lib/python3.11/site-packages/airflow/example_dags/example_xcom.py took 0.192 seconds
[2026-03-18T16:56:50.648+0100] {processor.py:186} INFO - Started process (PID=55437) to work on /Users/atanasivanov/ipo-intel/ipo-intel/.venv_airflow/lib/python3.11/site-packages/airflow/example_dags/example_xcom.py
[2026-03-18T16:56:50.648+0100] {processor.py:914} INFO - Processing file /Users/atanasivanov/ipo-intel/ipo-intel/.venv_airflow/lib/python3.11/site-packages/airflow/example_dags/example_xcom.py for tasks to queue
[2026-03-18T16:56:50.650+0100] {logging_mixin.py:190} INFO - [2026-03-18T16:56:50.649+0100] {dagbag.py:588} INFO - Filling up the DagBag from /Users/atanasivanov/ipo-intel/ipo-intel/.venv_airflow/lib/python3.11/site-packages/airflow/example_dags/example_xcom.py
[2026-03-18T16:56:50.685+0100] {processor.py:925} INFO - DAG(s) 'example_xcom' retrieved from /Users/atanasivanov/ipo-intel/ipo-intel/.venv_airflow/lib/python3.11/site-packages/airflow/example_dags/example_xcom.py
[2026-03-18T16:56:50.764+0100] {logging_mixin.py:190} INFO - [2026-03-18T16:56:50.764+0100] {dag.py:3239} INFO - Sync 1 DAGs
[2026-03-18T16:56:50.830+0100] {logging_mixin.py:190} INFO - [2026-03-18T16:56:50.830+0100] {dag.py:4180} INFO - Setting next_dagrun for example_xcom to 2021-01-01 00:00:00+00:00, run_after=2021-01-01 00:00:00+00:00
[2026-03-18T16:56:50.846+0100] {processor.py:208} INFO - Processing /Users/atanasivanov/ipo-intel/ipo-intel/.venv_airflow/lib/python3.11/site-packages/airflow/example_dags/example_xcom.py took 0.204 seconds
[2026-03-18T16:58:54.260+0100] {processor.py:186} INFO - Started process (PID=55910) to work on /Users/atanasivanov/ipo-intel/ipo-intel/.venv_airflow/lib/python3.11/site-packages/airflow/example_dags/example_xcom.py
[2026-03-18T16:58:54.261+0100] {processor.py:914} INFO - Processing file /Users/atanasivanov/ipo-intel/ipo-intel/.venv_airflow/lib/python3.11/site-packages/airflow/example_dags/example_xcom.py for tasks to queue
[2026-03-18T16:58:54.262+0100] {logging_mixin.py:190} INFO - [2026-03-18T16:58:54.262+0100] {dagbag.py:588} INFO - Filling up the DagBag from /Users/atanasivanov/ipo-intel/ipo-intel/.venv_airflow/lib/python3.11/site-packages/airflow/example_dags/example_xcom.py
[2026-03-18T16:58:54.299+0100] {processor.py:925} INFO - DAG(s) 'example_xcom' retrieved from /Users/atanasivanov/ipo-intel/ipo-intel/.venv_airflow/lib/python3.11/site-packages/airflow/example_dags/example_xcom.py
[2026-03-18T16:58:54.381+0100] {logging_mixin.py:190} INFO - [2026-03-18T16:58:54.381+0100] {dag.py:3239} INFO - Sync 1 DAGs
[2026-03-18T16:58:54.446+0100] {logging_mixin.py:190} INFO - [2026-03-18T16:58:54.445+0100] {dag.py:4180} INFO - Setting next_dagrun for example_xcom to 2021-01-01 00:00:00+00:00, run_after=2021-01-01 00:00:00+00:00
[2026-03-18T16:58:54.462+0100] {processor.py:208} INFO - Processing /Users/atanasivanov/ipo-intel/ipo-intel/.venv_airflow/lib/python3.11/site-packages/airflow/example_dags/example_xcom.py took 0.207 seconds
[2026-03-18T17:00:57.128+0100] {processor.py:186} INFO - Started process (PID=56357) to work on /Users/atanasivanov/ipo-intel/ipo-intel/.venv_airflow/lib/python3.11/site-packages/airflow/example_dags/example_xcom.py
[2026-03-18T17:00:57.128+0100] {processor.py:914} INFO - Processing file /Users/atanasivanov/ipo-intel/ipo-intel/.venv_airflow/lib/python3.11/site-packages/airflow/example_dags/example_xcom.py for tasks to queue
[2026-03-18T17:00:57.129+0100] {logging_mixin.py:190} INFO - [2026-03-18T17:00:57.129+0100] {dagbag.py:588} INFO - Filling up the DagBag from /Users/atanasivanov/ipo-intel/ipo-intel/.venv_airflow/lib/python3.11/site-packages/airflow/example_dags/example_xcom.py
[2026-03-18T17:00:57.161+0100] {processor.py:925} INFO - DAG(s) 'example_xcom' retrieved from /Users/atanasivanov/ipo-intel/ipo-intel/.venv_airflow/lib/python3.11/site-packages/airflow/example_dags/example_xcom.py
[2026-03-18T17:00:57.237+0100] {logging_mixin.py:190} INFO - [2026-03-18T17:00:57.237+0100] {dag.py:3239} INFO - Sync 1 DAGs
[2026-03-18T17:00:57.300+0100] {logging_mixin.py:190} INFO - [2026-03-18T17:00:57.300+0100] {dag.py:4180} INFO - Setting next_dagrun for example_xcom to 2021-01-01 00:00:00+00:00, run_after=2021-01-01 00:00:00+00:00
[2026-03-18T17:00:57.315+0100] {processor.py:208} INFO - Processing /Users/atanasivanov/ipo-intel/ipo-intel/.venv_airflow/lib/python3.11/site-packages/airflow/example_dags/example_xcom.py took 0.193 seconds
[2026-03-18T17:02:51.084+0100] {processor.py:186} INFO - Started process (PID=56772) to work on /Users/atanasivanov/ipo-intel/ipo-intel/.venv_airflow/lib/python3.11/site-packages/airflow/example_dags/example_xcom.py
[2026-03-18T17:02:51.085+0100] {processor.py:914} INFO - Processing file /Users/atanasivanov/ipo-intel/ipo-intel/.venv_airflow/lib/python3.11/site-packages/airflow/example_dags/example_xcom.py for tasks to queue
[2026-03-18T17:02:51.086+0100] {logging_mixin.py:190} INFO - [2026-03-18T17:02:51.085+0100] {dagbag.py:588} INFO - Filling up the DagBag from /Users/atanasivanov/ipo-intel/ipo-intel/.venv_airflow/lib/python3.11/site-packages/airflow/example_dags/example_xcom.py
[2026-03-18T17:02:51.117+0100] {processor.py:925} INFO - DAG(s) 'example_xcom' retrieved from /Users/atanasivanov/ipo-intel/ipo-intel/.venv_airflow/lib/python3.11/site-packages/airflow/example_dags/example_xcom.py
[2026-03-18T17:02:51.194+0100] {logging_mixin.py:190} INFO - [2026-03-18T17:02:51.194+0100] {dag.py:3239} INFO - Sync 1 DAGs
[2026-03-18T17:02:51.258+0100] {logging_mixin.py:190} INFO - [2026-03-18T17:02:51.258+0100] {dag.py:4180} INFO - Setting next_dagrun for example_xcom to 2021-01-01 00:00:00+00:00, run_after=2021-01-01 00:00:00+00:00
[2026-03-18T17:02:51.274+0100] {processor.py:208} INFO - Processing /Users/atanasivanov/ipo-intel/ipo-intel/.venv_airflow/lib/python3.11/site-packages/airflow/example_dags/example_xcom.py took 0.195 seconds
[2026-03-18T17:04:46.730+0100] {processor.py:186} INFO - Started process (PID=57191) to work on /Users/atanasivanov/ipo-intel/ipo-intel/.venv_airflow/lib/python3.11/site-packages/airflow/example_dags/example_xcom.py
[2026-03-18T17:04:46.731+0100] {processor.py:914} INFO - Processing file /Users/atanasivanov/ipo-intel/ipo-intel/.venv_airflow/lib/python3.11/site-packages/airflow/example_dags/example_xcom.py for tasks to queue
[2026-03-18T17:04:46.732+0100] {logging_mixin.py:190} INFO - [2026-03-18T17:04:46.732+0100] {dagbag.py:588} INFO - Filling up the DagBag from /Users/atanasivanov/ipo-intel/ipo-intel/.venv_airflow/lib/python3.11/site-packages/airflow/example_dags/example_xcom.py
[2026-03-18T17:04:46.763+0100] {processor.py:925} INFO - DAG(s) 'example_xcom' retrieved from /Users/atanasivanov/ipo-intel/ipo-intel/.venv_airflow/lib/python3.11/site-packages/airflow/example_dags/example_xcom.py
[2026-03-18T17:04:46.841+0100] {logging_mixin.py:190} INFO - [2026-03-18T17:04:46.841+0100] {dag.py:3239} INFO - Sync 1 DAGs
[2026-03-18T17:04:46.904+0100] {logging_mixin.py:190} INFO - [2026-03-18T17:04:46.903+0100] {dag.py:4180} INFO - Setting next_dagrun for example_xcom to 2021-01-01 00:00:00+00:00, run_after=2021-01-01 00:00:00+00:00
[2026-03-18T17:04:46.919+0100] {processor.py:208} INFO - Processing /Users/atanasivanov/ipo-intel/ipo-intel/.venv_airflow/lib/python3.11/site-packages/airflow/example_dags/example_xcom.py took 0.194 seconds
[2026-03-18T17:06:46.110+0100] {processor.py:186} INFO - Started process (PID=57632) to work on /Users/atanasivanov/ipo-intel/ipo-intel/.venv_airflow/lib/python3.11/site-packages/airflow/example_dags/example_xcom.py
[2026-03-18T17:06:46.111+0100] {processor.py:914} INFO - Processing file /Users/atanasivanov/ipo-intel/ipo-intel/.venv_airflow/lib/python3.11/site-packages/airflow/example_dags/example_xcom.py for tasks to queue
[2026-03-18T17:06:46.112+0100] {logging_mixin.py:190} INFO - [2026-03-18T17:06:46.112+0100] {dagbag.py:588} INFO - Filling up the DagBag from /Users/atanasivanov/ipo-intel/ipo-intel/.venv_airflow/lib/python3.11/site-packages/airflow/example_dags/example_xcom.py
[2026-03-18T17:06:46.149+0100] {processor.py:925} INFO - DAG(s) 'example_xcom' retrieved from /Users/atanasivanov/ipo-intel/ipo-intel/.venv_airflow/lib/python3.11/site-packages/airflow/example_dags/example_xcom.py
[2026-03-18T17:06:46.230+0100] {logging_mixin.py:190} INFO - [2026-03-18T17:06:46.230+0100] {dag.py:3239} INFO - Sync 1 DAGs
[2026-03-18T17:06:46.296+0100] {logging_mixin.py:190} INFO - [2026-03-18T17:06:46.295+0100] {dag.py:4180} INFO - Setting next_dagrun for example_xcom to 2021-01-01 00:00:00+00:00, run_after=2021-01-01 00:00:00+00:00
[2026-03-18T17:06:46.312+0100] {processor.py:208} INFO - Processing /Users/atanasivanov/ipo-intel/ipo-intel/.venv_airflow/lib/python3.11/site-packages/airflow/example_dags/example_xcom.py took 0.206 seconds
[2026-03-18T17:08:37.295+0100] {processor.py:186} INFO - Started process (PID=58035) to work on /Users/atanasivanov/ipo-intel/ipo-intel/.venv_airflow/lib/python3.11/site-packages/airflow/example_dags/example_xcom.py
[2026-03-18T17:08:37.296+0100] {processor.py:914} INFO - Processing file /Users/atanasivanov/ipo-intel/ipo-intel/.venv_airflow/lib/python3.11/site-packages/airflow/example_dags/example_xcom.py for tasks to queue
[2026-03-18T17:08:37.297+0100] {logging_mixin.py:190} INFO - [2026-03-18T17:08:37.297+0100] {dagbag.py:588} INFO - Filling up the DagBag from /Users/atanasivanov/ipo-intel/ipo-intel/.venv_airflow/lib/python3.11/site-packages/airflow/example_dags/example_xcom.py
[2026-03-18T17:08:37.336+0100] {processor.py:925} INFO - DAG(s) 'example_xcom' retrieved from /Users/atanasivanov/ipo-intel/ipo-intel/.venv_airflow/lib/python3.11/site-packages/airflow/example_dags/example_xcom.py
[2026-03-18T17:08:37.415+0100] {logging_mixin.py:190} INFO - [2026-03-18T17:08:37.415+0100] {dag.py:3239} INFO - Sync 1 DAGs
[2026-03-18T17:08:37.481+0100] {logging_mixin.py:190} INFO - [2026-03-18T17:08:37.481+0100] {dag.py:4180} INFO - Setting next_dagrun for example_xcom to 2021-01-01 00:00:00+00:00, run_after=2021-01-01 00:00:00+00:00
[2026-03-18T17:08:37.498+0100] {processor.py:208} INFO - Processing /Users/atanasivanov/ipo-intel/ipo-intel/.venv_airflow/lib/python3.11/site-packages/airflow/example_dags/example_xcom.py took 0.209 seconds
[2026-03-18T17:10:38.590+0100] {processor.py:186} INFO - Started process (PID=58558) to work on /Users/atanasivanov/ipo-intel/ipo-intel/.venv_airflow/lib/python3.11/site-packages/airflow/example_dags/example_xcom.py
[2026-03-18T17:10:38.591+0100] {processor.py:914} INFO - Processing file /Users/atanasivanov/ipo-intel/ipo-intel/.venv_airflow/lib/python3.11/site-packages/airflow/example_dags/example_xcom.py for tasks to queue
[2026-03-18T17:10:38.592+0100] {logging_mixin.py:190} INFO - [2026-03-18T17:10:38.592+0100] {dagbag.py:588} INFO - Filling up the DagBag from /Users/atanasivanov/ipo-intel/ipo-intel/.venv_airflow/lib/python3.11/site-packages/airflow/example_dags/example_xcom.py
[2026-03-18T17:10:38.629+0100] {processor.py:925} INFO - DAG(s) 'example_xcom' retrieved from /Users/atanasivanov/ipo-intel/ipo-intel/.venv_airflow/lib/python3.11/site-packages/airflow/example_dags/example_xcom.py
[2026-03-18T17:10:38.721+0100] {logging_mixin.py:190} INFO - [2026-03-18T17:10:38.721+0100] {dag.py:3239} INFO - Sync 1 DAGs
[2026-03-18T17:10:38.790+0100] {logging_mixin.py:190} INFO - [2026-03-18T17:10:38.790+0100] {dag.py:4180} INFO - Setting next_dagrun for example_xcom to 2021-01-01 00:00:00+00:00, run_after=2021-01-01 00:00:00+00:00
[2026-03-18T17:10:38.810+0100] {processor.py:208} INFO - Processing /Users/atanasivanov/ipo-intel/ipo-intel/.venv_airflow/lib/python3.11/site-packages/airflow/example_dags/example_xcom.py took 0.226 seconds
[2026-03-18T17:12:41.127+0100] {processor.py:186} INFO - Started process (PID=59223) to work on /Users/atanasivanov/ipo-intel/ipo-intel/.venv_airflow/lib/python3.11/site-packages/airflow/example_dags/example_xcom.py
[2026-03-18T17:12:41.128+0100] {processor.py:914} INFO - Processing file /Users/atanasivanov/ipo-intel/ipo-intel/.venv_airflow/lib/python3.11/site-packages/airflow/example_dags/example_xcom.py for tasks to queue
[2026-03-18T17:12:41.129+0100] {logging_mixin.py:190} INFO - [2026-03-18T17:12:41.129+0100] {dagbag.py:588} INFO - Filling up the DagBag from /Users/atanasivanov/ipo-intel/ipo-intel/.venv_airflow/lib/python3.11/site-packages/airflow/example_dags/example_xcom.py
[2026-03-18T17:12:41.163+0100] {processor.py:925} INFO - DAG(s) 'example_xcom' retrieved from /Users/atanasivanov/ipo-intel/ipo-intel/.venv_airflow/lib/python3.11/site-packages/airflow/example_dags/example_xcom.py
[2026-03-18T17:12:41.241+0100] {logging_mixin.py:190} INFO - [2026-03-18T17:12:41.241+0100] {dag.py:3239} INFO - Sync 1 DAGs
[2026-03-18T17:12:41.307+0100] {logging_mixin.py:190} INFO - [2026-03-18T17:12:41.307+0100] {dag.py:4180} INFO - Setting next_dagrun for example_xcom to 2021-01-01 00:00:00+00:00, run_after=2021-01-01 00:00:00+00:00
[2026-03-18T17:12:41.325+0100] {processor.py:208} INFO - Processing /Users/atanasivanov/ipo-intel/ipo-intel/.venv_airflow/lib/python3.11/site-packages/airflow/example_dags/example_xcom.py took 0.203 seconds
[2026-03-18T17:14:45.983+0100] {processor.py:186} INFO - Started process (PID=59880) to work on /Users/atanasivanov/ipo-intel/ipo-intel/.venv_airflow/lib/python3.11/site-packages/airflow/example_dags/example_xcom.py
[2026-03-18T17:14:45.985+0100] {processor.py:914} INFO - Processing file /Users/atanasivanov/ipo-intel/ipo-intel/.venv_airflow/lib/python3.11/site-packages/airflow/example_dags/example_xcom.py for tasks to queue
[2026-03-18T17:14:45.986+0100] {logging_mixin.py:190} INFO - [2026-03-18T17:14:45.985+0100] {dagbag.py:588} INFO - Filling up the DagBag from /Users/atanasivanov/ipo-intel/ipo-intel/.venv_airflow/lib/python3.11/site-packages/airflow/example_dags/example_xcom.py
[2026-03-18T17:14:46.027+0100] {processor.py:925} INFO - DAG(s) 'example_xcom' retrieved from /Users/atanasivanov/ipo-intel/ipo-intel/.venv_airflow/lib/python3.11/site-packages/airflow/example_dags/example_xcom.py
[2026-03-18T17:14:46.118+0100] {logging_mixin.py:190} INFO - [2026-03-18T17:14:46.117+0100] {dag.py:3239} INFO - Sync 1 DAGs
[2026-03-18T17:14:46.183+0100] {logging_mixin.py:190} INFO - [2026-03-18T17:14:46.182+0100] {dag.py:4180} INFO - Setting next_dagrun for example_xcom to 2021-01-01 00:00:00+00:00, run_after=2021-01-01 00:00:00+00:00
[2026-03-18T17:14:46.198+0100] {processor.py:208} INFO - Processing /Users/atanasivanov/ipo-intel/ipo-intel/.venv_airflow/lib/python3.11/site-packages/airflow/example_dags/example_xcom.py took 0.221 seconds
