[2026-03-18T16:21:53.536+0100] {processor.py:186} INFO - Started process (PID=45697) to work on /Users/atanasivanov/ipo-intel/ipo-intel/.venv_airflow/lib/python3.11/site-packages/airflow/example_dags/example_branch_operator.py
[2026-03-18T16:21:53.537+0100] {processor.py:914} INFO - Processing file /Users/atanasivanov/ipo-intel/ipo-intel/.venv_airflow/lib/python3.11/site-packages/airflow/example_dags/example_branch_operator.py for tasks to queue
[2026-03-18T16:21:53.538+0100] {logging_mixin.py:190} INFO - [2026-03-18T16:21:53.538+0100] {dagbag.py:588} INFO - Filling up the DagBag from /Users/atanasivanov/ipo-intel/ipo-intel/.venv_airflow/lib/python3.11/site-packages/airflow/example_dags/example_branch_operator.py
[2026-03-18T16:21:53.559+0100] {processor.py:927} WARNING - No viable dags retrieved from /Users/atanasivanov/ipo-intel/ipo-intel/.venv_airflow/lib/python3.11/site-packages/airflow/example_dags/example_branch_operator.py
[2026-03-18T16:21:53.635+0100] {processor.py:208} INFO - Processing /Users/atanasivanov/ipo-intel/ipo-intel/.venv_airflow/lib/python3.11/site-packages/airflow/example_dags/example_branch_operator.py took 0.105 seconds
[2026-03-18T16:26:01.970+0100] {processor.py:186} INFO - Started process (PID=46618) to work on /Users/atanasivanov/ipo-intel/ipo-intel/.venv_airflow/lib/python3.11/site-packages/airflow/example_dags/example_branch_operator.py
[2026-03-18T16:26:01.970+0100] {processor.py:914} INFO - Processing file /Users/atanasivanov/ipo-intel/ipo-intel/.venv_airflow/lib/python3.11/site-packages/airflow/example_dags/example_branch_operator.py for tasks to queue
[2026-03-18T16:26:01.971+0100] {logging_mixin.py:190} INFO - [2026-03-18T16:26:01.971+0100] {dagbag.py:588} INFO - Filling up the DagBag from /Users/atanasivanov/ipo-intel/ipo-intel/.venv_airflow/lib/python3.11/site-packages/airflow/example_dags/example_branch_operator.py
[2026-03-18T16:26:01.990+0100] {processor.py:927} WARNING - No viable dags retrieved from /Users/atanasivanov/ipo-intel/ipo-intel/.venv_airflow/lib/python3.11/site-packages/airflow/example_dags/example_branch_operator.py
[2026-03-18T16:26:02.061+0100] {processor.py:208} INFO - Processing /Users/atanasivanov/ipo-intel/ipo-intel/.venv_airflow/lib/python3.11/site-packages/airflow/example_dags/example_branch_operator.py took 0.097 seconds
[2026-03-18T16:30:07.118+0100] {processor.py:186} INFO - Started process (PID=48202) to work on /Users/atanasivanov/ipo-intel/ipo-intel/.venv_airflow/lib/python3.11/site-packages/airflow/example_dags/example_branch_operator.py
[2026-03-18T16:30:07.119+0100] {processor.py:914} INFO - Processing file /Users/atanasivanov/ipo-intel/ipo-intel/.venv_airflow/lib/python3.11/site-packages/airflow/example_dags/example_branch_operator.py for tasks to queue
[2026-03-18T16:30:07.120+0100] {logging_mixin.py:190} INFO - [2026-03-18T16:30:07.120+0100] {dagbag.py:588} INFO - Filling up the DagBag from /Users/atanasivanov/ipo-intel/ipo-intel/.venv_airflow/lib/python3.11/site-packages/airflow/example_dags/example_branch_operator.py
[2026-03-18T16:30:07.139+0100] {processor.py:927} WARNING - No viable dags retrieved from /Users/atanasivanov/ipo-intel/ipo-intel/.venv_airflow/lib/python3.11/site-packages/airflow/example_dags/example_branch_operator.py
[2026-03-18T16:30:07.210+0100] {processor.py:208} INFO - Processing /Users/atanasivanov/ipo-intel/ipo-intel/.venv_airflow/lib/python3.11/site-packages/airflow/example_dags/example_branch_operator.py took 0.097 seconds
[2026-03-18T16:33:50.499+0100] {processor.py:186} INFO - Started process (PID=49021) to work on /Users/atanasivanov/ipo-intel/ipo-intel/.venv_airflow/lib/python3.11/site-packages/airflow/example_dags/example_branch_operator.py
[2026-03-18T16:33:50.500+0100] {processor.py:914} INFO - Processing file /Users/atanasivanov/ipo-intel/ipo-intel/.venv_airflow/lib/python3.11/site-packages/airflow/example_dags/example_branch_operator.py for tasks to queue
[2026-03-18T16:33:50.501+0100] {logging_mixin.py:190} INFO - [2026-03-18T16:33:50.501+0100] {dagbag.py:588} INFO - Filling up the DagBag from /Users/atanasivanov/ipo-intel/ipo-intel/.venv_airflow/lib/python3.11/site-packages/airflow/example_dags/example_branch_operator.py
[2026-03-18T16:33:50.520+0100] {processor.py:927} WARNING - No viable dags retrieved from /Users/atanasivanov/ipo-intel/ipo-intel/.venv_airflow/lib/python3.11/site-packages/airflow/example_dags/example_branch_operator.py
[2026-03-18T16:33:50.591+0100] {processor.py:208} INFO - Processing /Users/atanasivanov/ipo-intel/ipo-intel/.venv_airflow/lib/python3.11/site-packages/airflow/example_dags/example_branch_operator.py took 0.096 seconds
[2026-03-18T16:37:39.636+0100] {processor.py:186} INFO - Started process (PID=49847) to work on /Users/atanasivanov/ipo-intel/ipo-intel/.venv_airflow/lib/python3.11/site-packages/airflow/example_dags/example_branch_operator.py
[2026-03-18T16:37:39.637+0100] {processor.py:914} INFO - Processing file /Users/atanasivanov/ipo-intel/ipo-intel/.venv_airflow/lib/python3.11/site-packages/airflow/example_dags/example_branch_operator.py for tasks to queue
[2026-03-18T16:37:39.638+0100] {logging_mixin.py:190} INFO - [2026-03-18T16:37:39.638+0100] {dagbag.py:588} INFO - Filling up the DagBag from /Users/atanasivanov/ipo-intel/ipo-intel/.venv_airflow/lib/python3.11/site-packages/airflow/example_dags/example_branch_operator.py
[2026-03-18T16:37:39.659+0100] {processor.py:927} WARNING - No viable dags retrieved from /Users/atanasivanov/ipo-intel/ipo-intel/.venv_airflow/lib/python3.11/site-packages/airflow/example_dags/example_branch_operator.py
[2026-03-18T16:37:39.728+0100] {processor.py:208} INFO - Processing /Users/atanasivanov/ipo-intel/ipo-intel/.venv_airflow/lib/python3.11/site-packages/airflow/example_dags/example_branch_operator.py took 0.096 seconds
[2026-03-18T16:41:38.681+0100] {processor.py:186} INFO - Started process (PID=51750) to work on /Users/atanasivanov/ipo-intel/ipo-intel/.venv_airflow/lib/python3.11/site-packages/airflow/example_dags/example_branch_operator.py
[2026-03-18T16:41:38.682+0100] {processor.py:914} INFO - Processing file /Users/atanasivanov/ipo-intel/ipo-intel/.venv_airflow/lib/python3.11/site-packages/airflow/example_dags/example_branch_operator.py for tasks to queue
[2026-03-18T16:41:38.683+0100] {logging_mixin.py:190} INFO - [2026-03-18T16:41:38.683+0100] {dagbag.py:588} INFO - Filling up the DagBag from /Users/atanasivanov/ipo-intel/ipo-intel/.venv_airflow/lib/python3.11/site-packages/airflow/example_dags/example_branch_operator.py
[2026-03-18T16:41:38.703+0100] {processor.py:927} WARNING - No viable dags retrieved from /Users/atanasivanov/ipo-intel/ipo-intel/.venv_airflow/lib/python3.11/site-packages/airflow/example_dags/example_branch_operator.py
[2026-03-18T16:41:38.775+0100] {processor.py:208} INFO - Processing /Users/atanasivanov/ipo-intel/ipo-intel/.venv_airflow/lib/python3.11/site-packages/airflow/example_dags/example_branch_operator.py took 0.098 seconds
[2026-03-18T16:49:47.135+0100] {processor.py:186} INFO - Started process (PID=53596) to work on /Users/atanasivanov/ipo-intel/ipo-intel/.venv_airflow/lib/python3.11/site-packages/airflow/example_dags/example_branch_operator.py
[2026-03-18T16:49:47.136+0100] {processor.py:914} INFO - Processing file /Users/atanasivanov/ipo-intel/ipo-intel/.venv_airflow/lib/python3.11/site-packages/airflow/example_dags/example_branch_operator.py for tasks to queue
[2026-03-18T16:49:47.138+0100] {logging_mixin.py:190} INFO - [2026-03-18T16:49:47.137+0100] {dagbag.py:588} INFO - Filling up the DagBag from /Users/atanasivanov/ipo-intel/ipo-intel/.venv_airflow/lib/python3.11/site-packages/airflow/example_dags/example_branch_operator.py
[2026-03-18T16:49:47.157+0100] {processor.py:927} WARNING - No viable dags retrieved from /Users/atanasivanov/ipo-intel/ipo-intel/.venv_airflow/lib/python3.11/site-packages/airflow/example_dags/example_branch_operator.py
[2026-03-18T16:49:47.225+0100] {processor.py:208} INFO - Processing /Users/atanasivanov/ipo-intel/ipo-intel/.venv_airflow/lib/python3.11/site-packages/airflow/example_dags/example_branch_operator.py took 0.094 seconds
[2026-03-18T16:53:52.059+0100] {processor.py:186} INFO - Started process (PID=54592) to work on /Users/atanasivanov/ipo-intel/ipo-intel/.venv_airflow/lib/python3.11/site-packages/airflow/example_dags/example_branch_operator.py
[2026-03-18T16:53:52.061+0100] {processor.py:914} INFO - Processing file /Users/atanasivanov/ipo-intel/ipo-intel/.venv_airflow/lib/python3.11/site-packages/airflow/example_dags/example_branch_operator.py for tasks to queue
[2026-03-18T16:53:52.063+0100] {logging_mixin.py:190} INFO - [2026-03-18T16:53:52.062+0100] {dagbag.py:588} INFO - Filling up the DagBag from /Users/atanasivanov/ipo-intel/ipo-intel/.venv_airflow/lib/python3.11/site-packages/airflow/example_dags/example_branch_operator.py
[2026-03-18T16:53:52.088+0100] {processor.py:927} WARNING - No viable dags retrieved from /Users/atanasivanov/ipo-intel/ipo-intel/.venv_airflow/lib/python3.11/site-packages/airflow/example_dags/example_branch_operator.py
[2026-03-18T16:53:52.172+0100] {processor.py:208} INFO - Processing /Users/atanasivanov/ipo-intel/ipo-intel/.venv_airflow/lib/python3.11/site-packages/airflow/example_dags/example_branch_operator.py took 0.123 seconds
[2026-03-18T16:58:04.200+0100] {processor.py:186} INFO - Started process (PID=55737) to work on /Users/atanasivanov/ipo-intel/ipo-intel/.venv_airflow/lib/python3.11/site-packages/airflow/example_dags/example_branch_operator.py
[2026-03-18T16:58:04.201+0100] {processor.py:914} INFO - Processing file /Users/atanasivanov/ipo-intel/ipo-intel/.venv_airflow/lib/python3.11/site-packages/airflow/example_dags/example_branch_operator.py for tasks to queue
[2026-03-18T16:58:04.202+0100] {logging_mixin.py:190} INFO - [2026-03-18T16:58:04.202+0100] {dagbag.py:588} INFO - Filling up the DagBag from /Users/atanasivanov/ipo-intel/ipo-intel/.venv_airflow/lib/python3.11/site-packages/airflow/example_dags/example_branch_operator.py
[2026-03-18T16:58:04.223+0100] {processor.py:927} WARNING - No viable dags retrieved from /Users/atanasivanov/ipo-intel/ipo-intel/.venv_airflow/lib/python3.11/site-packages/airflow/example_dags/example_branch_operator.py
[2026-03-18T16:58:04.300+0100] {processor.py:208} INFO - Processing /Users/atanasivanov/ipo-intel/ipo-intel/.venv_airflow/lib/python3.11/site-packages/airflow/example_dags/example_branch_operator.py took 0.105 seconds
[2026-03-18T17:02:05.447+0100] {processor.py:186} INFO - Started process (PID=56605) to work on /Users/atanasivanov/ipo-intel/ipo-intel/.venv_airflow/lib/python3.11/site-packages/airflow/example_dags/example_branch_operator.py
[2026-03-18T17:02:05.449+0100] {processor.py:914} INFO - Processing file /Users/atanasivanov/ipo-intel/ipo-intel/.venv_airflow/lib/python3.11/site-packages/airflow/example_dags/example_branch_operator.py for tasks to queue
[2026-03-18T17:02:05.450+0100] {logging_mixin.py:190} INFO - [2026-03-18T17:02:05.450+0100] {dagbag.py:588} INFO - Filling up the DagBag from /Users/atanasivanov/ipo-intel/ipo-intel/.venv_airflow/lib/python3.11/site-packages/airflow/example_dags/example_branch_operator.py
[2026-03-18T17:02:05.467+0100] {processor.py:927} WARNING - No viable dags retrieved from /Users/atanasivanov/ipo-intel/ipo-intel/.venv_airflow/lib/python3.11/site-packages/airflow/example_dags/example_branch_operator.py
[2026-03-18T17:02:05.536+0100] {processor.py:208} INFO - Processing /Users/atanasivanov/ipo-intel/ipo-intel/.venv_airflow/lib/python3.11/site-packages/airflow/example_dags/example_branch_operator.py took 0.093 seconds
[2026-03-18T17:05:57.844+0100] {processor.py:186} INFO - Started process (PID=57459) to work on /Users/atanasivanov/ipo-intel/ipo-intel/.venv_airflow/lib/python3.11/site-packages/airflow/example_dags/example_branch_operator.py
[2026-03-18T17:05:57.845+0100] {processor.py:914} INFO - Processing file /Users/atanasivanov/ipo-intel/ipo-intel/.venv_airflow/lib/python3.11/site-packages/airflow/example_dags/example_branch_operator.py for tasks to queue
[2026-03-18T17:05:57.846+0100] {logging_mixin.py:190} INFO - [2026-03-18T17:05:57.846+0100] {dagbag.py:588} INFO - Filling up the DagBag from /Users/atanasivanov/ipo-intel/ipo-intel/.venv_airflow/lib/python3.11/site-packages/airflow/example_dags/example_branch_operator.py
[2026-03-18T17:05:57.865+0100] {processor.py:927} WARNING - No viable dags retrieved from /Users/atanasivanov/ipo-intel/ipo-intel/.venv_airflow/lib/python3.11/site-packages/airflow/example_dags/example_branch_operator.py
[2026-03-18T17:05:57.934+0100] {processor.py:208} INFO - Processing /Users/atanasivanov/ipo-intel/ipo-intel/.venv_airflow/lib/python3.11/site-packages/airflow/example_dags/example_branch_operator.py took 0.095 seconds
[2026-03-18T17:09:48.607+0100] {processor.py:186} INFO - Started process (PID=58345) to work on /Users/atanasivanov/ipo-intel/ipo-intel/.venv_airflow/lib/python3.11/site-packages/airflow/example_dags/example_branch_operator.py
[2026-03-18T17:09:48.608+0100] {processor.py:914} INFO - Processing file /Users/atanasivanov/ipo-intel/ipo-intel/.venv_airflow/lib/python3.11/site-packages/airflow/example_dags/example_branch_operator.py for tasks to queue
[2026-03-18T17:09:48.609+0100] {logging_mixin.py:190} INFO - [2026-03-18T17:09:48.609+0100] {dagbag.py:588} INFO - Filling up the DagBag from /Users/atanasivanov/ipo-intel/ipo-intel/.venv_airflow/lib/python3.11/site-packages/airflow/example_dags/example_branch_operator.py
[2026-03-18T17:09:48.627+0100] {processor.py:927} WARNING - No viable dags retrieved from /Users/atanasivanov/ipo-intel/ipo-intel/.venv_airflow/lib/python3.11/site-packages/airflow/example_dags/example_branch_operator.py
[2026-03-18T17:09:48.698+0100] {processor.py:208} INFO - Processing /Users/atanasivanov/ipo-intel/ipo-intel/.venv_airflow/lib/python3.11/site-packages/airflow/example_dags/example_branch_operator.py took 0.095 seconds
[2026-03-18T17:13:58.291+0100] {processor.py:186} INFO - Started process (PID=59704) to work on /Users/atanasivanov/ipo-intel/ipo-intel/.venv_airflow/lib/python3.11/site-packages/airflow/example_dags/example_branch_operator.py
[2026-03-18T17:13:58.292+0100] {processor.py:914} INFO - Processing file /Users/atanasivanov/ipo-intel/ipo-intel/.venv_airflow/lib/python3.11/site-packages/airflow/example_dags/example_branch_operator.py for tasks to queue
[2026-03-18T17:13:58.293+0100] {logging_mixin.py:190} INFO - [2026-03-18T17:13:58.293+0100] {dagbag.py:588} INFO - Filling up the DagBag from /Users/atanasivanov/ipo-intel/ipo-intel/.venv_airflow/lib/python3.11/site-packages/airflow/example_dags/example_branch_operator.py
[2026-03-18T17:13:58.312+0100] {processor.py:927} WARNING - No viable dags retrieved from /Users/atanasivanov/ipo-intel/ipo-intel/.venv_airflow/lib/python3.11/site-packages/airflow/example_dags/example_branch_operator.py
[2026-03-18T17:13:58.383+0100] {processor.py:208} INFO - Processing /Users/atanasivanov/ipo-intel/ipo-intel/.venv_airflow/lib/python3.11/site-packages/airflow/example_dags/example_branch_operator.py took 0.097 seconds
