[2026-03-18T16:16:04.805+0100] {processor.py:186} INFO - Started process (PID=44446) to work on /Users/atanasivanov/ipo-intel/ipo-intel/.venv_airflow/lib/python3.11/site-packages/airflow/example_dags/example_time_delta_sensor_async.py
[2026-03-18T16:16:04.806+0100] {processor.py:914} INFO - Processing file /Users/atanasivanov/ipo-intel/ipo-intel/.venv_airflow/lib/python3.11/site-packages/airflow/example_dags/example_time_delta_sensor_async.py for tasks to queue
[2026-03-18T16:16:04.807+0100] {logging_mixin.py:190} INFO - [2026-03-18T16:16:04.807+0100] {dagbag.py:588} INFO - Filling up the DagBag from /Users/atanasivanov/ipo-intel/ipo-intel/.venv_airflow/lib/python3.11/site-packages/airflow/example_dags/example_time_delta_sensor_async.py
[2026-03-18T16:16:04.815+0100] {processor.py:925} INFO - DAG(s) 'example_time_delta_sensor_async' retrieved from /Users/atanasivanov/ipo-intel/ipo-intel/.venv_airflow/lib/python3.11/site-packages/airflow/example_dags/example_time_delta_sensor_async.py
[2026-03-18T16:16:04.900+0100] {logging_mixin.py:190} INFO - [2026-03-18T16:16:04.900+0100] {workday.py:41} WARNING - Could not import pandas. Holidays will not be considered.
[2026-03-18T16:16:05.049+0100] {logging_mixin.py:190} INFO - [2026-03-18T16:16:05.049+0100] {override.py:1912} INFO - Created Permission View: can delete on DAG:example_time_delta_sensor_async
[2026-03-18T16:16:05.059+0100] {logging_mixin.py:190} INFO - [2026-03-18T16:16:05.059+0100] {override.py:1912} INFO - Created Permission View: can edit on DAG:example_time_delta_sensor_async
[2026-03-18T16:16:05.065+0100] {logging_mixin.py:190} INFO - [2026-03-18T16:16:05.065+0100] {override.py:1912} INFO - Created Permission View: can read on DAG:example_time_delta_sensor_async
[2026-03-18T16:16:05.074+0100] {logging_mixin.py:190} INFO - [2026-03-18T16:16:05.073+0100] {override.py:1912} INFO - Created Permission View: menu access on DAG Run:example_time_delta_sensor_async
[2026-03-18T16:16:05.080+0100] {logging_mixin.py:190} INFO - [2026-03-18T16:16:05.080+0100] {override.py:1912} INFO - Created Permission View: can delete on DAG Run:example_time_delta_sensor_async
[2026-03-18T16:16:05.085+0100] {logging_mixin.py:190} INFO - [2026-03-18T16:16:05.085+0100] {override.py:1912} INFO - Created Permission View: can create on DAG Run:example_time_delta_sensor_async
[2026-03-18T16:16:05.091+0100] {logging_mixin.py:190} INFO - [2026-03-18T16:16:05.091+0100] {override.py:1912} INFO - Created Permission View: can read on DAG Run:example_time_delta_sensor_async
[2026-03-18T16:16:05.091+0100] {logging_mixin.py:190} INFO - [2026-03-18T16:16:05.091+0100] {dag.py:3239} INFO - Sync 1 DAGs
[2026-03-18T16:16:05.101+0100] {logging_mixin.py:190} INFO - [2026-03-18T16:16:05.101+0100] {dag.py:3262} INFO - Creating ORM DAG for example_time_delta_sensor_async
[2026-03-18T16:16:05.101+0100] {logging_mixin.py:190} INFO - [2026-03-18T16:16:05.101+0100] {dag.py:4180} INFO - Setting next_dagrun for example_time_delta_sensor_async to None, run_after=None
[2026-03-18T16:16:05.115+0100] {processor.py:208} INFO - Processing /Users/atanasivanov/ipo-intel/ipo-intel/.venv_airflow/lib/python3.11/site-packages/airflow/example_dags/example_time_delta_sensor_async.py took 0.314 seconds
[2026-03-18T16:20:16.337+0100] {processor.py:186} INFO - Started process (PID=45310) to work on /Users/atanasivanov/ipo-intel/ipo-intel/.venv_airflow/lib/python3.11/site-packages/airflow/example_dags/example_time_delta_sensor_async.py
[2026-03-18T16:20:16.338+0100] {processor.py:914} INFO - Processing file /Users/atanasivanov/ipo-intel/ipo-intel/.venv_airflow/lib/python3.11/site-packages/airflow/example_dags/example_time_delta_sensor_async.py for tasks to queue
[2026-03-18T16:20:16.339+0100] {logging_mixin.py:190} INFO - [2026-03-18T16:20:16.339+0100] {dagbag.py:588} INFO - Filling up the DagBag from /Users/atanasivanov/ipo-intel/ipo-intel/.venv_airflow/lib/python3.11/site-packages/airflow/example_dags/example_time_delta_sensor_async.py
[2026-03-18T16:20:16.346+0100] {processor.py:925} INFO - DAG(s) 'example_time_delta_sensor_async' retrieved from /Users/atanasivanov/ipo-intel/ipo-intel/.venv_airflow/lib/python3.11/site-packages/airflow/example_dags/example_time_delta_sensor_async.py
[2026-03-18T16:20:16.423+0100] {logging_mixin.py:190} INFO - [2026-03-18T16:20:16.423+0100] {workday.py:41} WARNING - Could not import pandas. Holidays will not be considered.
[2026-03-18T16:20:16.440+0100] {logging_mixin.py:190} INFO - [2026-03-18T16:20:16.439+0100] {dag.py:3239} INFO - Sync 1 DAGs
[2026-03-18T16:20:16.448+0100] {logging_mixin.py:190} INFO - [2026-03-18T16:20:16.448+0100] {dag.py:4180} INFO - Setting next_dagrun for example_time_delta_sensor_async to None, run_after=None
[2026-03-18T16:20:16.462+0100] {processor.py:208} INFO - Processing /Users/atanasivanov/ipo-intel/ipo-intel/.venv_airflow/lib/python3.11/site-packages/airflow/example_dags/example_time_delta_sensor_async.py took 0.130 seconds
[2026-03-18T16:22:54.984+0100] {processor.py:186} INFO - Started process (PID=45928) to work on /Users/atanasivanov/ipo-intel/ipo-intel/.venv_airflow/lib/python3.11/site-packages/airflow/example_dags/example_time_delta_sensor_async.py
[2026-03-18T16:22:54.986+0100] {processor.py:914} INFO - Processing file /Users/atanasivanov/ipo-intel/ipo-intel/.venv_airflow/lib/python3.11/site-packages/airflow/example_dags/example_time_delta_sensor_async.py for tasks to queue
[2026-03-18T16:22:54.987+0100] {logging_mixin.py:190} INFO - [2026-03-18T16:22:54.987+0100] {dagbag.py:588} INFO - Filling up the DagBag from /Users/atanasivanov/ipo-intel/ipo-intel/.venv_airflow/lib/python3.11/site-packages/airflow/example_dags/example_time_delta_sensor_async.py
[2026-03-18T16:22:54.994+0100] {processor.py:925} INFO - DAG(s) 'example_time_delta_sensor_async' retrieved from /Users/atanasivanov/ipo-intel/ipo-intel/.venv_airflow/lib/python3.11/site-packages/airflow/example_dags/example_time_delta_sensor_async.py
[2026-03-18T16:22:55.068+0100] {logging_mixin.py:190} INFO - [2026-03-18T16:22:55.068+0100] {workday.py:41} WARNING - Could not import pandas. Holidays will not be considered.
[2026-03-18T16:22:55.084+0100] {logging_mixin.py:190} INFO - [2026-03-18T16:22:55.084+0100] {dag.py:3239} INFO - Sync 1 DAGs
[2026-03-18T16:22:55.092+0100] {logging_mixin.py:190} INFO - [2026-03-18T16:22:55.092+0100] {dag.py:4180} INFO - Setting next_dagrun for example_time_delta_sensor_async to None, run_after=None
[2026-03-18T16:22:55.105+0100] {processor.py:208} INFO - Processing /Users/atanasivanov/ipo-intel/ipo-intel/.venv_airflow/lib/python3.11/site-packages/airflow/example_dags/example_time_delta_sensor_async.py took 0.127 seconds
[2026-03-18T16:25:00.442+0100] {processor.py:186} INFO - Started process (PID=46385) to work on /Users/atanasivanov/ipo-intel/ipo-intel/.venv_airflow/lib/python3.11/site-packages/airflow/example_dags/example_time_delta_sensor_async.py
[2026-03-18T16:25:00.443+0100] {processor.py:914} INFO - Processing file /Users/atanasivanov/ipo-intel/ipo-intel/.venv_airflow/lib/python3.11/site-packages/airflow/example_dags/example_time_delta_sensor_async.py for tasks to queue
[2026-03-18T16:25:00.445+0100] {logging_mixin.py:190} INFO - [2026-03-18T16:25:00.444+0100] {dagbag.py:588} INFO - Filling up the DagBag from /Users/atanasivanov/ipo-intel/ipo-intel/.venv_airflow/lib/python3.11/site-packages/airflow/example_dags/example_time_delta_sensor_async.py
[2026-03-18T16:25:00.451+0100] {processor.py:925} INFO - DAG(s) 'example_time_delta_sensor_async' retrieved from /Users/atanasivanov/ipo-intel/ipo-intel/.venv_airflow/lib/python3.11/site-packages/airflow/example_dags/example_time_delta_sensor_async.py
[2026-03-18T16:25:00.522+0100] {logging_mixin.py:190} INFO - [2026-03-18T16:25:00.522+0100] {workday.py:41} WARNING - Could not import pandas. Holidays will not be considered.
[2026-03-18T16:25:00.538+0100] {logging_mixin.py:190} INFO - [2026-03-18T16:25:00.538+0100] {dag.py:3239} INFO - Sync 1 DAGs
[2026-03-18T16:25:00.546+0100] {logging_mixin.py:190} INFO - [2026-03-18T16:25:00.546+0100] {dag.py:4180} INFO - Setting next_dagrun for example_time_delta_sensor_async to None, run_after=None
[2026-03-18T16:25:00.559+0100] {processor.py:208} INFO - Processing /Users/atanasivanov/ipo-intel/ipo-intel/.venv_airflow/lib/python3.11/site-packages/airflow/example_dags/example_time_delta_sensor_async.py took 0.121 seconds
[2026-03-18T16:27:02.433+0100] {processor.py:186} INFO - Started process (PID=46837) to work on /Users/atanasivanov/ipo-intel/ipo-intel/.venv_airflow/lib/python3.11/site-packages/airflow/example_dags/example_time_delta_sensor_async.py
[2026-03-18T16:27:02.434+0100] {processor.py:914} INFO - Processing file /Users/atanasivanov/ipo-intel/ipo-intel/.venv_airflow/lib/python3.11/site-packages/airflow/example_dags/example_time_delta_sensor_async.py for tasks to queue
[2026-03-18T16:27:02.435+0100] {logging_mixin.py:190} INFO - [2026-03-18T16:27:02.435+0100] {dagbag.py:588} INFO - Filling up the DagBag from /Users/atanasivanov/ipo-intel/ipo-intel/.venv_airflow/lib/python3.11/site-packages/airflow/example_dags/example_time_delta_sensor_async.py
[2026-03-18T16:27:02.442+0100] {processor.py:925} INFO - DAG(s) 'example_time_delta_sensor_async' retrieved from /Users/atanasivanov/ipo-intel/ipo-intel/.venv_airflow/lib/python3.11/site-packages/airflow/example_dags/example_time_delta_sensor_async.py
[2026-03-18T16:27:02.515+0100] {logging_mixin.py:190} INFO - [2026-03-18T16:27:02.515+0100] {workday.py:41} WARNING - Could not import pandas. Holidays will not be considered.
[2026-03-18T16:27:02.532+0100] {logging_mixin.py:190} INFO - [2026-03-18T16:27:02.532+0100] {dag.py:3239} INFO - Sync 1 DAGs
[2026-03-18T16:27:02.541+0100] {logging_mixin.py:190} INFO - [2026-03-18T16:27:02.540+0100] {dag.py:4180} INFO - Setting next_dagrun for example_time_delta_sensor_async to None, run_after=None
[2026-03-18T16:27:02.560+0100] {processor.py:208} INFO - Processing /Users/atanasivanov/ipo-intel/ipo-intel/.venv_airflow/lib/python3.11/site-packages/airflow/example_dags/example_time_delta_sensor_async.py took 0.132 seconds
[2026-03-18T16:29:06.264+0100] {processor.py:186} INFO - Started process (PID=47984) to work on /Users/atanasivanov/ipo-intel/ipo-intel/.venv_airflow/lib/python3.11/site-packages/airflow/example_dags/example_time_delta_sensor_async.py
[2026-03-18T16:29:06.265+0100] {processor.py:914} INFO - Processing file /Users/atanasivanov/ipo-intel/ipo-intel/.venv_airflow/lib/python3.11/site-packages/airflow/example_dags/example_time_delta_sensor_async.py for tasks to queue
[2026-03-18T16:29:06.266+0100] {logging_mixin.py:190} INFO - [2026-03-18T16:29:06.266+0100] {dagbag.py:588} INFO - Filling up the DagBag from /Users/atanasivanov/ipo-intel/ipo-intel/.venv_airflow/lib/python3.11/site-packages/airflow/example_dags/example_time_delta_sensor_async.py
[2026-03-18T16:29:06.274+0100] {processor.py:925} INFO - DAG(s) 'example_time_delta_sensor_async' retrieved from /Users/atanasivanov/ipo-intel/ipo-intel/.venv_airflow/lib/python3.11/site-packages/airflow/example_dags/example_time_delta_sensor_async.py
[2026-03-18T16:29:06.357+0100] {logging_mixin.py:190} INFO - [2026-03-18T16:29:06.357+0100] {workday.py:41} WARNING - Could not import pandas. Holidays will not be considered.
[2026-03-18T16:29:06.374+0100] {logging_mixin.py:190} INFO - [2026-03-18T16:29:06.374+0100] {dag.py:3239} INFO - Sync 1 DAGs
[2026-03-18T16:29:06.383+0100] {logging_mixin.py:190} INFO - [2026-03-18T16:29:06.383+0100] {dag.py:4180} INFO - Setting next_dagrun for example_time_delta_sensor_async to None, run_after=None
[2026-03-18T16:29:06.397+0100] {processor.py:208} INFO - Processing /Users/atanasivanov/ipo-intel/ipo-intel/.venv_airflow/lib/python3.11/site-packages/airflow/example_dags/example_time_delta_sensor_async.py took 0.138 seconds
[2026-03-18T16:31:01.688+0100] {processor.py:186} INFO - Started process (PID=48402) to work on /Users/atanasivanov/ipo-intel/ipo-intel/.venv_airflow/lib/python3.11/site-packages/airflow/example_dags/example_time_delta_sensor_async.py
[2026-03-18T16:31:01.689+0100] {processor.py:914} INFO - Processing file /Users/atanasivanov/ipo-intel/ipo-intel/.venv_airflow/lib/python3.11/site-packages/airflow/example_dags/example_time_delta_sensor_async.py for tasks to queue
[2026-03-18T16:31:01.690+0100] {logging_mixin.py:190} INFO - [2026-03-18T16:31:01.690+0100] {dagbag.py:588} INFO - Filling up the DagBag from /Users/atanasivanov/ipo-intel/ipo-intel/.venv_airflow/lib/python3.11/site-packages/airflow/example_dags/example_time_delta_sensor_async.py
[2026-03-18T16:31:01.697+0100] {processor.py:925} INFO - DAG(s) 'example_time_delta_sensor_async' retrieved from /Users/atanasivanov/ipo-intel/ipo-intel/.venv_airflow/lib/python3.11/site-packages/airflow/example_dags/example_time_delta_sensor_async.py
[2026-03-18T16:31:01.770+0100] {logging_mixin.py:190} INFO - [2026-03-18T16:31:01.770+0100] {workday.py:41} WARNING - Could not import pandas. Holidays will not be considered.
[2026-03-18T16:31:01.786+0100] {logging_mixin.py:190} INFO - [2026-03-18T16:31:01.786+0100] {dag.py:3239} INFO - Sync 1 DAGs
[2026-03-18T16:31:01.794+0100] {logging_mixin.py:190} INFO - [2026-03-18T16:31:01.794+0100] {dag.py:4180} INFO - Setting next_dagrun for example_time_delta_sensor_async to None, run_after=None
[2026-03-18T16:31:01.807+0100] {processor.py:208} INFO - Processing /Users/atanasivanov/ipo-intel/ipo-intel/.venv_airflow/lib/python3.11/site-packages/airflow/example_dags/example_time_delta_sensor_async.py took 0.123 seconds
[2026-03-18T16:32:54.882+0100] {processor.py:186} INFO - Started process (PID=48809) to work on /Users/atanasivanov/ipo-intel/ipo-intel/.venv_airflow/lib/python3.11/site-packages/airflow/example_dags/example_time_delta_sensor_async.py
[2026-03-18T16:32:54.883+0100] {processor.py:914} INFO - Processing file /Users/atanasivanov/ipo-intel/ipo-intel/.venv_airflow/lib/python3.11/site-packages/airflow/example_dags/example_time_delta_sensor_async.py for tasks to queue
[2026-03-18T16:32:54.884+0100] {logging_mixin.py:190} INFO - [2026-03-18T16:32:54.884+0100] {dagbag.py:588} INFO - Filling up the DagBag from /Users/atanasivanov/ipo-intel/ipo-intel/.venv_airflow/lib/python3.11/site-packages/airflow/example_dags/example_time_delta_sensor_async.py
[2026-03-18T16:32:54.893+0100] {processor.py:925} INFO - DAG(s) 'example_time_delta_sensor_async' retrieved from /Users/atanasivanov/ipo-intel/ipo-intel/.venv_airflow/lib/python3.11/site-packages/airflow/example_dags/example_time_delta_sensor_async.py
[2026-03-18T16:32:54.970+0100] {logging_mixin.py:190} INFO - [2026-03-18T16:32:54.970+0100] {workday.py:41} WARNING - Could not import pandas. Holidays will not be considered.
[2026-03-18T16:32:54.986+0100] {logging_mixin.py:190} INFO - [2026-03-18T16:32:54.986+0100] {dag.py:3239} INFO - Sync 1 DAGs
[2026-03-18T16:32:54.994+0100] {logging_mixin.py:190} INFO - [2026-03-18T16:32:54.994+0100] {dag.py:4180} INFO - Setting next_dagrun for example_time_delta_sensor_async to None, run_after=None
[2026-03-18T16:32:55.009+0100] {processor.py:208} INFO - Processing /Users/atanasivanov/ipo-intel/ipo-intel/.venv_airflow/lib/python3.11/site-packages/airflow/example_dags/example_time_delta_sensor_async.py took 0.132 seconds
[2026-03-18T16:34:48.994+0100] {processor.py:186} INFO - Started process (PID=49232) to work on /Users/atanasivanov/ipo-intel/ipo-intel/.venv_airflow/lib/python3.11/site-packages/airflow/example_dags/example_time_delta_sensor_async.py
[2026-03-18T16:34:48.995+0100] {processor.py:914} INFO - Processing file /Users/atanasivanov/ipo-intel/ipo-intel/.venv_airflow/lib/python3.11/site-packages/airflow/example_dags/example_time_delta_sensor_async.py for tasks to queue
[2026-03-18T16:34:48.996+0100] {logging_mixin.py:190} INFO - [2026-03-18T16:34:48.996+0100] {dagbag.py:588} INFO - Filling up the DagBag from /Users/atanasivanov/ipo-intel/ipo-intel/.venv_airflow/lib/python3.11/site-packages/airflow/example_dags/example_time_delta_sensor_async.py
[2026-03-18T16:34:49.003+0100] {processor.py:925} INFO - DAG(s) 'example_time_delta_sensor_async' retrieved from /Users/atanasivanov/ipo-intel/ipo-intel/.venv_airflow/lib/python3.11/site-packages/airflow/example_dags/example_time_delta_sensor_async.py
[2026-03-18T16:34:49.075+0100] {logging_mixin.py:190} INFO - [2026-03-18T16:34:49.075+0100] {workday.py:41} WARNING - Could not import pandas. Holidays will not be considered.
[2026-03-18T16:34:49.091+0100] {logging_mixin.py:190} INFO - [2026-03-18T16:34:49.091+0100] {dag.py:3239} INFO - Sync 1 DAGs
[2026-03-18T16:34:49.099+0100] {logging_mixin.py:190} INFO - [2026-03-18T16:34:49.099+0100] {dag.py:4180} INFO - Setting next_dagrun for example_time_delta_sensor_async to None, run_after=None
[2026-03-18T16:34:49.112+0100] {processor.py:208} INFO - Processing /Users/atanasivanov/ipo-intel/ipo-intel/.venv_airflow/lib/python3.11/site-packages/airflow/example_dags/example_time_delta_sensor_async.py took 0.123 seconds
[2026-03-18T16:36:43.395+0100] {processor.py:186} INFO - Started process (PID=49648) to work on /Users/atanasivanov/ipo-intel/ipo-intel/.venv_airflow/lib/python3.11/site-packages/airflow/example_dags/example_time_delta_sensor_async.py
[2026-03-18T16:36:43.396+0100] {processor.py:914} INFO - Processing file /Users/atanasivanov/ipo-intel/ipo-intel/.venv_airflow/lib/python3.11/site-packages/airflow/example_dags/example_time_delta_sensor_async.py for tasks to queue
[2026-03-18T16:36:43.397+0100] {logging_mixin.py:190} INFO - [2026-03-18T16:36:43.397+0100] {dagbag.py:588} INFO - Filling up the DagBag from /Users/atanasivanov/ipo-intel/ipo-intel/.venv_airflow/lib/python3.11/site-packages/airflow/example_dags/example_time_delta_sensor_async.py
[2026-03-18T16:36:43.404+0100] {processor.py:925} INFO - DAG(s) 'example_time_delta_sensor_async' retrieved from /Users/atanasivanov/ipo-intel/ipo-intel/.venv_airflow/lib/python3.11/site-packages/airflow/example_dags/example_time_delta_sensor_async.py
[2026-03-18T16:36:43.476+0100] {logging_mixin.py:190} INFO - [2026-03-18T16:36:43.476+0100] {workday.py:41} WARNING - Could not import pandas. Holidays will not be considered.
[2026-03-18T16:36:43.492+0100] {logging_mixin.py:190} INFO - [2026-03-18T16:36:43.492+0100] {dag.py:3239} INFO - Sync 1 DAGs
[2026-03-18T16:36:43.499+0100] {logging_mixin.py:190} INFO - [2026-03-18T16:36:43.499+0100] {dag.py:4180} INFO - Setting next_dagrun for example_time_delta_sensor_async to None, run_after=None
[2026-03-18T16:36:43.512+0100] {processor.py:208} INFO - Processing /Users/atanasivanov/ipo-intel/ipo-intel/.venv_airflow/lib/python3.11/site-packages/airflow/example_dags/example_time_delta_sensor_async.py took 0.122 seconds
[2026-03-18T16:38:35.154+0100] {processor.py:186} INFO - Started process (PID=50053) to work on /Users/atanasivanov/ipo-intel/ipo-intel/.venv_airflow/lib/python3.11/site-packages/airflow/example_dags/example_time_delta_sensor_async.py
[2026-03-18T16:38:35.156+0100] {processor.py:914} INFO - Processing file /Users/atanasivanov/ipo-intel/ipo-intel/.venv_airflow/lib/python3.11/site-packages/airflow/example_dags/example_time_delta_sensor_async.py for tasks to queue
[2026-03-18T16:38:35.157+0100] {logging_mixin.py:190} INFO - [2026-03-18T16:38:35.157+0100] {dagbag.py:588} INFO - Filling up the DagBag from /Users/atanasivanov/ipo-intel/ipo-intel/.venv_airflow/lib/python3.11/site-packages/airflow/example_dags/example_time_delta_sensor_async.py
[2026-03-18T16:38:35.164+0100] {processor.py:925} INFO - DAG(s) 'example_time_delta_sensor_async' retrieved from /Users/atanasivanov/ipo-intel/ipo-intel/.venv_airflow/lib/python3.11/site-packages/airflow/example_dags/example_time_delta_sensor_async.py
[2026-03-18T16:38:35.236+0100] {logging_mixin.py:190} INFO - [2026-03-18T16:38:35.236+0100] {workday.py:41} WARNING - Could not import pandas. Holidays will not be considered.
[2026-03-18T16:38:35.252+0100] {logging_mixin.py:190} INFO - [2026-03-18T16:38:35.251+0100] {dag.py:3239} INFO - Sync 1 DAGs
[2026-03-18T16:38:35.259+0100] {logging_mixin.py:190} INFO - [2026-03-18T16:38:35.259+0100] {dag.py:4180} INFO - Setting next_dagrun for example_time_delta_sensor_async to None, run_after=None
[2026-03-18T16:38:35.272+0100] {processor.py:208} INFO - Processing /Users/atanasivanov/ipo-intel/ipo-intel/.venv_airflow/lib/python3.11/site-packages/airflow/example_dags/example_time_delta_sensor_async.py took 0.122 seconds
[2026-03-18T16:40:36.614+0100] {processor.py:186} INFO - Started process (PID=51371) to work on /Users/atanasivanov/ipo-intel/ipo-intel/.venv_airflow/lib/python3.11/site-packages/airflow/example_dags/example_time_delta_sensor_async.py
[2026-03-18T16:40:36.615+0100] {processor.py:914} INFO - Processing file /Users/atanasivanov/ipo-intel/ipo-intel/.venv_airflow/lib/python3.11/site-packages/airflow/example_dags/example_time_delta_sensor_async.py for tasks to queue
[2026-03-18T16:40:36.616+0100] {logging_mixin.py:190} INFO - [2026-03-18T16:40:36.616+0100] {dagbag.py:588} INFO - Filling up the DagBag from /Users/atanasivanov/ipo-intel/ipo-intel/.venv_airflow/lib/python3.11/site-packages/airflow/example_dags/example_time_delta_sensor_async.py
[2026-03-18T16:40:36.623+0100] {processor.py:925} INFO - DAG(s) 'example_time_delta_sensor_async' retrieved from /Users/atanasivanov/ipo-intel/ipo-intel/.venv_airflow/lib/python3.11/site-packages/airflow/example_dags/example_time_delta_sensor_async.py
[2026-03-18T16:40:36.704+0100] {logging_mixin.py:190} INFO - [2026-03-18T16:40:36.704+0100] {workday.py:41} WARNING - Could not import pandas. Holidays will not be considered.
[2026-03-18T16:40:36.722+0100] {logging_mixin.py:190} INFO - [2026-03-18T16:40:36.722+0100] {dag.py:3239} INFO - Sync 1 DAGs
[2026-03-18T16:40:36.730+0100] {logging_mixin.py:190} INFO - [2026-03-18T16:40:36.730+0100] {dag.py:4180} INFO - Setting next_dagrun for example_time_delta_sensor_async to None, run_after=None
[2026-03-18T16:40:36.743+0100] {processor.py:208} INFO - Processing /Users/atanasivanov/ipo-intel/ipo-intel/.venv_airflow/lib/python3.11/site-packages/airflow/example_dags/example_time_delta_sensor_async.py took 0.134 seconds
[2026-03-18T16:42:40.741+0100] {processor.py:186} INFO - Started process (PID=52056) to work on /Users/atanasivanov/ipo-intel/ipo-intel/.venv_airflow/lib/python3.11/site-packages/airflow/example_dags/example_time_delta_sensor_async.py
[2026-03-18T16:42:40.742+0100] {processor.py:914} INFO - Processing file /Users/atanasivanov/ipo-intel/ipo-intel/.venv_airflow/lib/python3.11/site-packages/airflow/example_dags/example_time_delta_sensor_async.py for tasks to queue
[2026-03-18T16:42:40.743+0100] {logging_mixin.py:190} INFO - [2026-03-18T16:42:40.742+0100] {dagbag.py:588} INFO - Filling up the DagBag from /Users/atanasivanov/ipo-intel/ipo-intel/.venv_airflow/lib/python3.11/site-packages/airflow/example_dags/example_time_delta_sensor_async.py
[2026-03-18T16:42:40.750+0100] {processor.py:925} INFO - DAG(s) 'example_time_delta_sensor_async' retrieved from /Users/atanasivanov/ipo-intel/ipo-intel/.venv_airflow/lib/python3.11/site-packages/airflow/example_dags/example_time_delta_sensor_async.py
[2026-03-18T16:42:40.823+0100] {logging_mixin.py:190} INFO - [2026-03-18T16:42:40.823+0100] {workday.py:41} WARNING - Could not import pandas. Holidays will not be considered.
[2026-03-18T16:42:40.839+0100] {logging_mixin.py:190} INFO - [2026-03-18T16:42:40.838+0100] {dag.py:3239} INFO - Sync 1 DAGs
[2026-03-18T16:42:40.846+0100] {logging_mixin.py:190} INFO - [2026-03-18T16:42:40.846+0100] {dag.py:4180} INFO - Setting next_dagrun for example_time_delta_sensor_async to None, run_after=None
[2026-03-18T16:42:40.860+0100] {processor.py:208} INFO - Processing /Users/atanasivanov/ipo-intel/ipo-intel/.venv_airflow/lib/python3.11/site-packages/airflow/example_dags/example_time_delta_sensor_async.py took 0.125 seconds
[2026-03-18T16:48:18.099+0100] {processor.py:186} INFO - Started process (PID=53274) to work on /Users/atanasivanov/ipo-intel/ipo-intel/.venv_airflow/lib/python3.11/site-packages/airflow/example_dags/example_time_delta_sensor_async.py
[2026-03-18T16:48:18.100+0100] {processor.py:914} INFO - Processing file /Users/atanasivanov/ipo-intel/ipo-intel/.venv_airflow/lib/python3.11/site-packages/airflow/example_dags/example_time_delta_sensor_async.py for tasks to queue
[2026-03-18T16:48:18.101+0100] {logging_mixin.py:190} INFO - [2026-03-18T16:48:18.101+0100] {dagbag.py:588} INFO - Filling up the DagBag from /Users/atanasivanov/ipo-intel/ipo-intel/.venv_airflow/lib/python3.11/site-packages/airflow/example_dags/example_time_delta_sensor_async.py
[2026-03-18T16:48:18.110+0100] {processor.py:925} INFO - DAG(s) 'example_time_delta_sensor_async' retrieved from /Users/atanasivanov/ipo-intel/ipo-intel/.venv_airflow/lib/python3.11/site-packages/airflow/example_dags/example_time_delta_sensor_async.py
[2026-03-18T16:48:18.212+0100] {logging_mixin.py:190} INFO - [2026-03-18T16:48:18.212+0100] {workday.py:41} WARNING - Could not import pandas. Holidays will not be considered.
[2026-03-18T16:48:18.233+0100] {logging_mixin.py:190} INFO - [2026-03-18T16:48:18.233+0100] {dag.py:3239} INFO - Sync 1 DAGs
[2026-03-18T16:48:18.244+0100] {logging_mixin.py:190} INFO - [2026-03-18T16:48:18.244+0100] {dag.py:4180} INFO - Setting next_dagrun for example_time_delta_sensor_async to None, run_after=None
[2026-03-18T16:48:18.265+0100] {processor.py:208} INFO - Processing /Users/atanasivanov/ipo-intel/ipo-intel/.venv_airflow/lib/python3.11/site-packages/airflow/example_dags/example_time_delta_sensor_async.py took 0.174 seconds
[2026-03-18T16:50:46.074+0100] {processor.py:186} INFO - Started process (PID=53808) to work on /Users/atanasivanov/ipo-intel/ipo-intel/.venv_airflow/lib/python3.11/site-packages/airflow/example_dags/example_time_delta_sensor_async.py
[2026-03-18T16:50:46.075+0100] {processor.py:914} INFO - Processing file /Users/atanasivanov/ipo-intel/ipo-intel/.venv_airflow/lib/python3.11/site-packages/airflow/example_dags/example_time_delta_sensor_async.py for tasks to queue
[2026-03-18T16:50:46.075+0100] {logging_mixin.py:190} INFO - [2026-03-18T16:50:46.075+0100] {dagbag.py:588} INFO - Filling up the DagBag from /Users/atanasivanov/ipo-intel/ipo-intel/.venv_airflow/lib/python3.11/site-packages/airflow/example_dags/example_time_delta_sensor_async.py
[2026-03-18T16:50:46.082+0100] {processor.py:925} INFO - DAG(s) 'example_time_delta_sensor_async' retrieved from /Users/atanasivanov/ipo-intel/ipo-intel/.venv_airflow/lib/python3.11/site-packages/airflow/example_dags/example_time_delta_sensor_async.py
[2026-03-18T16:50:46.154+0100] {logging_mixin.py:190} INFO - [2026-03-18T16:50:46.154+0100] {workday.py:41} WARNING - Could not import pandas. Holidays will not be considered.
[2026-03-18T16:50:46.170+0100] {logging_mixin.py:190} INFO - [2026-03-18T16:50:46.170+0100] {dag.py:3239} INFO - Sync 1 DAGs
[2026-03-18T16:50:46.178+0100] {logging_mixin.py:190} INFO - [2026-03-18T16:50:46.178+0100] {dag.py:4180} INFO - Setting next_dagrun for example_time_delta_sensor_async to None, run_after=None
[2026-03-18T16:50:46.191+0100] {processor.py:208} INFO - Processing /Users/atanasivanov/ipo-intel/ipo-intel/.venv_airflow/lib/python3.11/site-packages/airflow/example_dags/example_time_delta_sensor_async.py took 0.123 seconds
[2026-03-18T16:52:48.765+0100] {processor.py:186} INFO - Started process (PID=54255) to work on /Users/atanasivanov/ipo-intel/ipo-intel/.venv_airflow/lib/python3.11/site-packages/airflow/example_dags/example_time_delta_sensor_async.py
[2026-03-18T16:52:48.766+0100] {processor.py:914} INFO - Processing file /Users/atanasivanov/ipo-intel/ipo-intel/.venv_airflow/lib/python3.11/site-packages/airflow/example_dags/example_time_delta_sensor_async.py for tasks to queue
[2026-03-18T16:52:48.767+0100] {logging_mixin.py:190} INFO - [2026-03-18T16:52:48.767+0100] {dagbag.py:588} INFO - Filling up the DagBag from /Users/atanasivanov/ipo-intel/ipo-intel/.venv_airflow/lib/python3.11/site-packages/airflow/example_dags/example_time_delta_sensor_async.py
[2026-03-18T16:52:48.774+0100] {processor.py:925} INFO - DAG(s) 'example_time_delta_sensor_async' retrieved from /Users/atanasivanov/ipo-intel/ipo-intel/.venv_airflow/lib/python3.11/site-packages/airflow/example_dags/example_time_delta_sensor_async.py
[2026-03-18T16:52:48.848+0100] {logging_mixin.py:190} INFO - [2026-03-18T16:52:48.848+0100] {workday.py:41} WARNING - Could not import pandas. Holidays will not be considered.
[2026-03-18T16:52:48.864+0100] {logging_mixin.py:190} INFO - [2026-03-18T16:52:48.864+0100] {dag.py:3239} INFO - Sync 1 DAGs
[2026-03-18T16:52:48.872+0100] {logging_mixin.py:190} INFO - [2026-03-18T16:52:48.872+0100] {dag.py:4180} INFO - Setting next_dagrun for example_time_delta_sensor_async to None, run_after=None
[2026-03-18T16:52:48.885+0100] {processor.py:208} INFO - Processing /Users/atanasivanov/ipo-intel/ipo-intel/.venv_airflow/lib/python3.11/site-packages/airflow/example_dags/example_time_delta_sensor_async.py took 0.125 seconds
[2026-03-18T16:54:55.954+0100] {processor.py:186} INFO - Started process (PID=55029) to work on /Users/atanasivanov/ipo-intel/ipo-intel/.venv_airflow/lib/python3.11/site-packages/airflow/example_dags/example_time_delta_sensor_async.py
[2026-03-18T16:54:55.955+0100] {processor.py:914} INFO - Processing file /Users/atanasivanov/ipo-intel/ipo-intel/.venv_airflow/lib/python3.11/site-packages/airflow/example_dags/example_time_delta_sensor_async.py for tasks to queue
[2026-03-18T16:54:55.956+0100] {logging_mixin.py:190} INFO - [2026-03-18T16:54:55.956+0100] {dagbag.py:588} INFO - Filling up the DagBag from /Users/atanasivanov/ipo-intel/ipo-intel/.venv_airflow/lib/python3.11/site-packages/airflow/example_dags/example_time_delta_sensor_async.py
[2026-03-18T16:54:55.964+0100] {processor.py:925} INFO - DAG(s) 'example_time_delta_sensor_async' retrieved from /Users/atanasivanov/ipo-intel/ipo-intel/.venv_airflow/lib/python3.11/site-packages/airflow/example_dags/example_time_delta_sensor_async.py
[2026-03-18T16:54:56.057+0100] {logging_mixin.py:190} INFO - [2026-03-18T16:54:56.057+0100] {workday.py:41} WARNING - Could not import pandas. Holidays will not be considered.
[2026-03-18T16:54:56.077+0100] {logging_mixin.py:190} INFO - [2026-03-18T16:54:56.076+0100] {dag.py:3239} INFO - Sync 1 DAGs
[2026-03-18T16:54:56.086+0100] {logging_mixin.py:190} INFO - [2026-03-18T16:54:56.086+0100] {dag.py:4180} INFO - Setting next_dagrun for example_time_delta_sensor_async to None, run_after=None
[2026-03-18T16:54:56.101+0100] {processor.py:208} INFO - Processing /Users/atanasivanov/ipo-intel/ipo-intel/.venv_airflow/lib/python3.11/site-packages/airflow/example_dags/example_time_delta_sensor_async.py took 0.153 seconds
[2026-03-18T16:57:01.031+0100] {processor.py:186} INFO - Started process (PID=55483) to work on /Users/atanasivanov/ipo-intel/ipo-intel/.venv_airflow/lib/python3.11/site-packages/airflow/example_dags/example_time_delta_sensor_async.py
[2026-03-18T16:57:01.032+0100] {processor.py:914} INFO - Processing file /Users/atanasivanov/ipo-intel/ipo-intel/.venv_airflow/lib/python3.11/site-packages/airflow/example_dags/example_time_delta_sensor_async.py for tasks to queue
[2026-03-18T16:57:01.033+0100] {logging_mixin.py:190} INFO - [2026-03-18T16:57:01.033+0100] {dagbag.py:588} INFO - Filling up the DagBag from /Users/atanasivanov/ipo-intel/ipo-intel/.venv_airflow/lib/python3.11/site-packages/airflow/example_dags/example_time_delta_sensor_async.py
[2026-03-18T16:57:01.040+0100] {processor.py:925} INFO - DAG(s) 'example_time_delta_sensor_async' retrieved from /Users/atanasivanov/ipo-intel/ipo-intel/.venv_airflow/lib/python3.11/site-packages/airflow/example_dags/example_time_delta_sensor_async.py
[2026-03-18T16:57:01.111+0100] {logging_mixin.py:190} INFO - [2026-03-18T16:57:01.110+0100] {workday.py:41} WARNING - Could not import pandas. Holidays will not be considered.
[2026-03-18T16:57:01.126+0100] {logging_mixin.py:190} INFO - [2026-03-18T16:57:01.126+0100] {dag.py:3239} INFO - Sync 1 DAGs
[2026-03-18T16:57:01.134+0100] {logging_mixin.py:190} INFO - [2026-03-18T16:57:01.134+0100] {dag.py:4180} INFO - Setting next_dagrun for example_time_delta_sensor_async to None, run_after=None
[2026-03-18T16:57:01.147+0100] {processor.py:208} INFO - Processing /Users/atanasivanov/ipo-intel/ipo-intel/.venv_airflow/lib/python3.11/site-packages/airflow/example_dags/example_time_delta_sensor_async.py took 0.121 seconds
[2026-03-18T16:59:04.903+0100] {processor.py:186} INFO - Started process (PID=55953) to work on /Users/atanasivanov/ipo-intel/ipo-intel/.venv_airflow/lib/python3.11/site-packages/airflow/example_dags/example_time_delta_sensor_async.py
[2026-03-18T16:59:04.908+0100] {processor.py:914} INFO - Processing file /Users/atanasivanov/ipo-intel/ipo-intel/.venv_airflow/lib/python3.11/site-packages/airflow/example_dags/example_time_delta_sensor_async.py for tasks to queue
[2026-03-18T16:59:04.910+0100] {logging_mixin.py:190} INFO - [2026-03-18T16:59:04.910+0100] {dagbag.py:588} INFO - Filling up the DagBag from /Users/atanasivanov/ipo-intel/ipo-intel/.venv_airflow/lib/python3.11/site-packages/airflow/example_dags/example_time_delta_sensor_async.py
[2026-03-18T16:59:04.936+0100] {processor.py:925} INFO - DAG(s) 'example_time_delta_sensor_async' retrieved from /Users/atanasivanov/ipo-intel/ipo-intel/.venv_airflow/lib/python3.11/site-packages/airflow/example_dags/example_time_delta_sensor_async.py
[2026-03-18T16:59:05.023+0100] {logging_mixin.py:190} INFO - [2026-03-18T16:59:05.023+0100] {workday.py:41} WARNING - Could not import pandas. Holidays will not be considered.
[2026-03-18T16:59:05.039+0100] {logging_mixin.py:190} INFO - [2026-03-18T16:59:05.039+0100] {dag.py:3239} INFO - Sync 1 DAGs
[2026-03-18T16:59:05.047+0100] {logging_mixin.py:190} INFO - [2026-03-18T16:59:05.047+0100] {dag.py:4180} INFO - Setting next_dagrun for example_time_delta_sensor_async to None, run_after=None
[2026-03-18T16:59:05.060+0100] {processor.py:208} INFO - Processing /Users/atanasivanov/ipo-intel/ipo-intel/.venv_airflow/lib/python3.11/site-packages/airflow/example_dags/example_time_delta_sensor_async.py took 0.163 seconds
[2026-03-18T17:01:07.383+0100] {processor.py:186} INFO - Started process (PID=56393) to work on /Users/atanasivanov/ipo-intel/ipo-intel/.venv_airflow/lib/python3.11/site-packages/airflow/example_dags/example_time_delta_sensor_async.py
[2026-03-18T17:01:07.384+0100] {processor.py:914} INFO - Processing file /Users/atanasivanov/ipo-intel/ipo-intel/.venv_airflow/lib/python3.11/site-packages/airflow/example_dags/example_time_delta_sensor_async.py for tasks to queue
[2026-03-18T17:01:07.385+0100] {logging_mixin.py:190} INFO - [2026-03-18T17:01:07.385+0100] {dagbag.py:588} INFO - Filling up the DagBag from /Users/atanasivanov/ipo-intel/ipo-intel/.venv_airflow/lib/python3.11/site-packages/airflow/example_dags/example_time_delta_sensor_async.py
[2026-03-18T17:01:07.393+0100] {processor.py:925} INFO - DAG(s) 'example_time_delta_sensor_async' retrieved from /Users/atanasivanov/ipo-intel/ipo-intel/.venv_airflow/lib/python3.11/site-packages/airflow/example_dags/example_time_delta_sensor_async.py
[2026-03-18T17:01:07.465+0100] {logging_mixin.py:190} INFO - [2026-03-18T17:01:07.464+0100] {workday.py:41} WARNING - Could not import pandas. Holidays will not be considered.
[2026-03-18T17:01:07.481+0100] {logging_mixin.py:190} INFO - [2026-03-18T17:01:07.480+0100] {dag.py:3239} INFO - Sync 1 DAGs
[2026-03-18T17:01:07.488+0100] {logging_mixin.py:190} INFO - [2026-03-18T17:01:07.488+0100] {dag.py:4180} INFO - Setting next_dagrun for example_time_delta_sensor_async to None, run_after=None
[2026-03-18T17:01:07.501+0100] {processor.py:208} INFO - Processing /Users/atanasivanov/ipo-intel/ipo-intel/.venv_airflow/lib/python3.11/site-packages/airflow/example_dags/example_time_delta_sensor_async.py took 0.124 seconds
[2026-03-18T17:03:01.324+0100] {processor.py:186} INFO - Started process (PID=56810) to work on /Users/atanasivanov/ipo-intel/ipo-intel/.venv_airflow/lib/python3.11/site-packages/airflow/example_dags/example_time_delta_sensor_async.py
[2026-03-18T17:03:01.325+0100] {processor.py:914} INFO - Processing file /Users/atanasivanov/ipo-intel/ipo-intel/.venv_airflow/lib/python3.11/site-packages/airflow/example_dags/example_time_delta_sensor_async.py for tasks to queue
[2026-03-18T17:03:01.326+0100] {logging_mixin.py:190} INFO - [2026-03-18T17:03:01.326+0100] {dagbag.py:588} INFO - Filling up the DagBag from /Users/atanasivanov/ipo-intel/ipo-intel/.venv_airflow/lib/python3.11/site-packages/airflow/example_dags/example_time_delta_sensor_async.py
[2026-03-18T17:03:01.332+0100] {processor.py:925} INFO - DAG(s) 'example_time_delta_sensor_async' retrieved from /Users/atanasivanov/ipo-intel/ipo-intel/.venv_airflow/lib/python3.11/site-packages/airflow/example_dags/example_time_delta_sensor_async.py
[2026-03-18T17:03:01.406+0100] {logging_mixin.py:190} INFO - [2026-03-18T17:03:01.405+0100] {workday.py:41} WARNING - Could not import pandas. Holidays will not be considered.
[2026-03-18T17:03:01.422+0100] {logging_mixin.py:190} INFO - [2026-03-18T17:03:01.422+0100] {dag.py:3239} INFO - Sync 1 DAGs
[2026-03-18T17:03:01.430+0100] {logging_mixin.py:190} INFO - [2026-03-18T17:03:01.430+0100] {dag.py:4180} INFO - Setting next_dagrun for example_time_delta_sensor_async to None, run_after=None
[2026-03-18T17:03:01.443+0100] {processor.py:208} INFO - Processing /Users/atanasivanov/ipo-intel/ipo-intel/.venv_airflow/lib/python3.11/site-packages/airflow/example_dags/example_time_delta_sensor_async.py took 0.124 seconds
[2026-03-18T17:04:57.166+0100] {processor.py:186} INFO - Started process (PID=57238) to work on /Users/atanasivanov/ipo-intel/ipo-intel/.venv_airflow/lib/python3.11/site-packages/airflow/example_dags/example_time_delta_sensor_async.py
[2026-03-18T17:04:57.167+0100] {processor.py:914} INFO - Processing file /Users/atanasivanov/ipo-intel/ipo-intel/.venv_airflow/lib/python3.11/site-packages/airflow/example_dags/example_time_delta_sensor_async.py for tasks to queue
[2026-03-18T17:04:57.168+0100] {logging_mixin.py:190} INFO - [2026-03-18T17:04:57.168+0100] {dagbag.py:588} INFO - Filling up the DagBag from /Users/atanasivanov/ipo-intel/ipo-intel/.venv_airflow/lib/python3.11/site-packages/airflow/example_dags/example_time_delta_sensor_async.py
[2026-03-18T17:04:57.176+0100] {processor.py:925} INFO - DAG(s) 'example_time_delta_sensor_async' retrieved from /Users/atanasivanov/ipo-intel/ipo-intel/.venv_airflow/lib/python3.11/site-packages/airflow/example_dags/example_time_delta_sensor_async.py
[2026-03-18T17:04:57.267+0100] {logging_mixin.py:190} INFO - [2026-03-18T17:04:57.267+0100] {workday.py:41} WARNING - Could not import pandas. Holidays will not be considered.
[2026-03-18T17:04:57.286+0100] {logging_mixin.py:190} INFO - [2026-03-18T17:04:57.286+0100] {dag.py:3239} INFO - Sync 1 DAGs
[2026-03-18T17:04:57.295+0100] {logging_mixin.py:190} INFO - [2026-03-18T17:04:57.295+0100] {dag.py:4180} INFO - Setting next_dagrun for example_time_delta_sensor_async to None, run_after=None
[2026-03-18T17:04:57.311+0100] {processor.py:208} INFO - Processing /Users/atanasivanov/ipo-intel/ipo-intel/.venv_airflow/lib/python3.11/site-packages/airflow/example_dags/example_time_delta_sensor_async.py took 0.150 seconds
[2026-03-18T17:06:56.158+0100] {processor.py:186} INFO - Started process (PID=57670) to work on /Users/atanasivanov/ipo-intel/ipo-intel/.venv_airflow/lib/python3.11/site-packages/airflow/example_dags/example_time_delta_sensor_async.py
[2026-03-18T17:06:56.159+0100] {processor.py:914} INFO - Processing file /Users/atanasivanov/ipo-intel/ipo-intel/.venv_airflow/lib/python3.11/site-packages/airflow/example_dags/example_time_delta_sensor_async.py for tasks to queue
[2026-03-18T17:06:56.160+0100] {logging_mixin.py:190} INFO - [2026-03-18T17:06:56.160+0100] {dagbag.py:588} INFO - Filling up the DagBag from /Users/atanasivanov/ipo-intel/ipo-intel/.venv_airflow/lib/python3.11/site-packages/airflow/example_dags/example_time_delta_sensor_async.py
[2026-03-18T17:06:56.167+0100] {processor.py:925} INFO - DAG(s) 'example_time_delta_sensor_async' retrieved from /Users/atanasivanov/ipo-intel/ipo-intel/.venv_airflow/lib/python3.11/site-packages/airflow/example_dags/example_time_delta_sensor_async.py
[2026-03-18T17:06:56.239+0100] {logging_mixin.py:190} INFO - [2026-03-18T17:06:56.238+0100] {workday.py:41} WARNING - Could not import pandas. Holidays will not be considered.
[2026-03-18T17:06:56.254+0100] {logging_mixin.py:190} INFO - [2026-03-18T17:06:56.254+0100] {dag.py:3239} INFO - Sync 1 DAGs
[2026-03-18T17:06:56.262+0100] {logging_mixin.py:190} INFO - [2026-03-18T17:06:56.262+0100] {dag.py:4180} INFO - Setting next_dagrun for example_time_delta_sensor_async to None, run_after=None
[2026-03-18T17:06:56.275+0100] {processor.py:208} INFO - Processing /Users/atanasivanov/ipo-intel/ipo-intel/.venv_airflow/lib/python3.11/site-packages/airflow/example_dags/example_time_delta_sensor_async.py took 0.123 seconds
[2026-03-18T17:08:48.306+0100] {processor.py:186} INFO - Started process (PID=58076) to work on /Users/atanasivanov/ipo-intel/ipo-intel/.venv_airflow/lib/python3.11/site-packages/airflow/example_dags/example_time_delta_sensor_async.py
[2026-03-18T17:08:48.308+0100] {processor.py:914} INFO - Processing file /Users/atanasivanov/ipo-intel/ipo-intel/.venv_airflow/lib/python3.11/site-packages/airflow/example_dags/example_time_delta_sensor_async.py for tasks to queue
[2026-03-18T17:08:48.309+0100] {logging_mixin.py:190} INFO - [2026-03-18T17:08:48.309+0100] {dagbag.py:588} INFO - Filling up the DagBag from /Users/atanasivanov/ipo-intel/ipo-intel/.venv_airflow/lib/python3.11/site-packages/airflow/example_dags/example_time_delta_sensor_async.py
[2026-03-18T17:08:48.318+0100] {processor.py:925} INFO - DAG(s) 'example_time_delta_sensor_async' retrieved from /Users/atanasivanov/ipo-intel/ipo-intel/.venv_airflow/lib/python3.11/site-packages/airflow/example_dags/example_time_delta_sensor_async.py
[2026-03-18T17:08:48.413+0100] {logging_mixin.py:190} INFO - [2026-03-18T17:08:48.413+0100] {workday.py:41} WARNING - Could not import pandas. Holidays will not be considered.
[2026-03-18T17:08:48.435+0100] {logging_mixin.py:190} INFO - [2026-03-18T17:08:48.435+0100] {dag.py:3239} INFO - Sync 1 DAGs
[2026-03-18T17:08:48.446+0100] {logging_mixin.py:190} INFO - [2026-03-18T17:08:48.445+0100] {dag.py:4180} INFO - Setting next_dagrun for example_time_delta_sensor_async to None, run_after=None
[2026-03-18T17:08:48.465+0100] {processor.py:208} INFO - Processing /Users/atanasivanov/ipo-intel/ipo-intel/.venv_airflow/lib/python3.11/site-packages/airflow/example_dags/example_time_delta_sensor_async.py took 0.164 seconds
[2026-03-18T17:10:49.144+0100] {processor.py:186} INFO - Started process (PID=58594) to work on /Users/atanasivanov/ipo-intel/ipo-intel/.venv_airflow/lib/python3.11/site-packages/airflow/example_dags/example_time_delta_sensor_async.py
[2026-03-18T17:10:49.145+0100] {processor.py:914} INFO - Processing file /Users/atanasivanov/ipo-intel/ipo-intel/.venv_airflow/lib/python3.11/site-packages/airflow/example_dags/example_time_delta_sensor_async.py for tasks to queue
[2026-03-18T17:10:49.146+0100] {logging_mixin.py:190} INFO - [2026-03-18T17:10:49.146+0100] {dagbag.py:588} INFO - Filling up the DagBag from /Users/atanasivanov/ipo-intel/ipo-intel/.venv_airflow/lib/python3.11/site-packages/airflow/example_dags/example_time_delta_sensor_async.py
[2026-03-18T17:10:49.152+0100] {processor.py:925} INFO - DAG(s) 'example_time_delta_sensor_async' retrieved from /Users/atanasivanov/ipo-intel/ipo-intel/.venv_airflow/lib/python3.11/site-packages/airflow/example_dags/example_time_delta_sensor_async.py
[2026-03-18T17:10:49.224+0100] {logging_mixin.py:190} INFO - [2026-03-18T17:10:49.224+0100] {workday.py:41} WARNING - Could not import pandas. Holidays will not be considered.
[2026-03-18T17:10:49.240+0100] {logging_mixin.py:190} INFO - [2026-03-18T17:10:49.240+0100] {dag.py:3239} INFO - Sync 1 DAGs
[2026-03-18T17:10:49.248+0100] {logging_mixin.py:190} INFO - [2026-03-18T17:10:49.248+0100] {dag.py:4180} INFO - Setting next_dagrun for example_time_delta_sensor_async to None, run_after=None
[2026-03-18T17:10:49.261+0100] {processor.py:208} INFO - Processing /Users/atanasivanov/ipo-intel/ipo-intel/.venv_airflow/lib/python3.11/site-packages/airflow/example_dags/example_time_delta_sensor_async.py took 0.121 seconds
[2026-03-18T17:12:52.302+0100] {processor.py:186} INFO - Started process (PID=59279) to work on /Users/atanasivanov/ipo-intel/ipo-intel/.venv_airflow/lib/python3.11/site-packages/airflow/example_dags/example_time_delta_sensor_async.py
[2026-03-18T17:12:52.303+0100] {processor.py:914} INFO - Processing file /Users/atanasivanov/ipo-intel/ipo-intel/.venv_airflow/lib/python3.11/site-packages/airflow/example_dags/example_time_delta_sensor_async.py for tasks to queue
[2026-03-18T17:12:52.304+0100] {logging_mixin.py:190} INFO - [2026-03-18T17:12:52.303+0100] {dagbag.py:588} INFO - Filling up the DagBag from /Users/atanasivanov/ipo-intel/ipo-intel/.venv_airflow/lib/python3.11/site-packages/airflow/example_dags/example_time_delta_sensor_async.py
[2026-03-18T17:12:52.312+0100] {processor.py:925} INFO - DAG(s) 'example_time_delta_sensor_async' retrieved from /Users/atanasivanov/ipo-intel/ipo-intel/.venv_airflow/lib/python3.11/site-packages/airflow/example_dags/example_time_delta_sensor_async.py
[2026-03-18T17:12:52.405+0100] {logging_mixin.py:190} INFO - [2026-03-18T17:12:52.404+0100] {workday.py:41} WARNING - Could not import pandas. Holidays will not be considered.
[2026-03-18T17:12:52.424+0100] {logging_mixin.py:190} INFO - [2026-03-18T17:12:52.424+0100] {dag.py:3239} INFO - Sync 1 DAGs
[2026-03-18T17:12:52.433+0100] {logging_mixin.py:190} INFO - [2026-03-18T17:12:52.433+0100] {dag.py:4180} INFO - Setting next_dagrun for example_time_delta_sensor_async to None, run_after=None
[2026-03-18T17:12:52.449+0100] {processor.py:208} INFO - Processing /Users/atanasivanov/ipo-intel/ipo-intel/.venv_airflow/lib/python3.11/site-packages/airflow/example_dags/example_time_delta_sensor_async.py took 0.152 seconds
[2026-03-18T17:14:56.911+0100] {processor.py:186} INFO - Started process (PID=59924) to work on /Users/atanasivanov/ipo-intel/ipo-intel/.venv_airflow/lib/python3.11/site-packages/airflow/example_dags/example_time_delta_sensor_async.py
[2026-03-18T17:14:56.913+0100] {processor.py:914} INFO - Processing file /Users/atanasivanov/ipo-intel/ipo-intel/.venv_airflow/lib/python3.11/site-packages/airflow/example_dags/example_time_delta_sensor_async.py for tasks to queue
[2026-03-18T17:14:56.914+0100] {logging_mixin.py:190} INFO - [2026-03-18T17:14:56.914+0100] {dagbag.py:588} INFO - Filling up the DagBag from /Users/atanasivanov/ipo-intel/ipo-intel/.venv_airflow/lib/python3.11/site-packages/airflow/example_dags/example_time_delta_sensor_async.py
[2026-03-18T17:14:56.923+0100] {processor.py:925} INFO - DAG(s) 'example_time_delta_sensor_async' retrieved from /Users/atanasivanov/ipo-intel/ipo-intel/.venv_airflow/lib/python3.11/site-packages/airflow/example_dags/example_time_delta_sensor_async.py
[2026-03-18T17:14:57.002+0100] {logging_mixin.py:190} INFO - [2026-03-18T17:14:57.001+0100] {workday.py:41} WARNING - Could not import pandas. Holidays will not be considered.
[2026-03-18T17:14:57.018+0100] {logging_mixin.py:190} INFO - [2026-03-18T17:14:57.018+0100] {dag.py:3239} INFO - Sync 1 DAGs
[2026-03-18T17:14:57.026+0100] {logging_mixin.py:190} INFO - [2026-03-18T17:14:57.026+0100] {dag.py:4180} INFO - Setting next_dagrun for example_time_delta_sensor_async to None, run_after=None
[2026-03-18T17:14:57.041+0100] {processor.py:208} INFO - Processing /Users/atanasivanov/ipo-intel/ipo-intel/.venv_airflow/lib/python3.11/site-packages/airflow/example_dags/example_time_delta_sensor_async.py took 0.136 seconds
