[2026-03-18T16:21:04.139+0100] {processor.py:186} INFO - Started process (PID=45505) to work on /Users/atanasivanov/ipo-intel/ipo-intel/.venv_airflow/lib/python3.11/site-packages/airflow/example_dags/example_nested_branch_dag.py
[2026-03-18T16:21:04.140+0100] {processor.py:914} INFO - Processing file /Users/atanasivanov/ipo-intel/ipo-intel/.venv_airflow/lib/python3.11/site-packages/airflow/example_dags/example_nested_branch_dag.py for tasks to queue
[2026-03-18T16:21:04.141+0100] {logging_mixin.py:190} INFO - [2026-03-18T16:21:04.141+0100] {dagbag.py:588} INFO - Filling up the DagBag from /Users/atanasivanov/ipo-intel/ipo-intel/.venv_airflow/lib/python3.11/site-packages/airflow/example_dags/example_nested_branch_dag.py
[2026-03-18T16:21:04.179+0100] {processor.py:925} INFO - DAG(s) 'example_nested_branch_dag' retrieved from /Users/atanasivanov/ipo-intel/ipo-intel/.venv_airflow/lib/python3.11/site-packages/airflow/example_dags/example_nested_branch_dag.py
[2026-03-18T16:21:04.394+0100] {logging_mixin.py:190} INFO - [2026-03-18T16:21:04.393+0100] {override.py:1912} INFO - Created Permission View: can read on DAG:example_nested_branch_dag
[2026-03-18T16:21:04.401+0100] {logging_mixin.py:190} INFO - [2026-03-18T16:21:04.401+0100] {override.py:1912} INFO - Created Permission View: can edit on DAG:example_nested_branch_dag
[2026-03-18T16:21:04.406+0100] {logging_mixin.py:190} INFO - [2026-03-18T16:21:04.406+0100] {override.py:1912} INFO - Created Permission View: can delete on DAG:example_nested_branch_dag
[2026-03-18T16:21:04.413+0100] {logging_mixin.py:190} INFO - [2026-03-18T16:21:04.413+0100] {override.py:1912} INFO - Created Permission View: can read on DAG Run:example_nested_branch_dag
[2026-03-18T16:21:04.418+0100] {logging_mixin.py:190} INFO - [2026-03-18T16:21:04.418+0100] {override.py:1912} INFO - Created Permission View: menu access on DAG Run:example_nested_branch_dag
[2026-03-18T16:21:04.424+0100] {logging_mixin.py:190} INFO - [2026-03-18T16:21:04.423+0100] {override.py:1912} INFO - Created Permission View: can create on DAG Run:example_nested_branch_dag
[2026-03-18T16:21:04.428+0100] {logging_mixin.py:190} INFO - [2026-03-18T16:21:04.428+0100] {override.py:1912} INFO - Created Permission View: can delete on DAG Run:example_nested_branch_dag
[2026-03-18T16:21:04.429+0100] {logging_mixin.py:190} INFO - [2026-03-18T16:21:04.429+0100] {dag.py:3239} INFO - Sync 1 DAGs
[2026-03-18T16:21:04.439+0100] {logging_mixin.py:190} INFO - [2026-03-18T16:21:04.439+0100] {dag.py:3262} INFO - Creating ORM DAG for example_nested_branch_dag
[2026-03-18T16:21:04.448+0100] {logging_mixin.py:190} INFO - [2026-03-18T16:21:04.448+0100] {dag.py:4180} INFO - Setting next_dagrun for example_nested_branch_dag to 2026-03-17 00:00:00+00:00, run_after=2026-03-18 00:00:00+00:00
[2026-03-18T16:21:04.462+0100] {processor.py:208} INFO - Processing /Users/atanasivanov/ipo-intel/ipo-intel/.venv_airflow/lib/python3.11/site-packages/airflow/example_dags/example_nested_branch_dag.py took 0.328 seconds
[2026-03-18T16:23:43.703+0100] {processor.py:186} INFO - Started process (PID=46099) to work on /Users/atanasivanov/ipo-intel/ipo-intel/.venv_airflow/lib/python3.11/site-packages/airflow/example_dags/example_nested_branch_dag.py
[2026-03-18T16:23:43.704+0100] {processor.py:914} INFO - Processing file /Users/atanasivanov/ipo-intel/ipo-intel/.venv_airflow/lib/python3.11/site-packages/airflow/example_dags/example_nested_branch_dag.py for tasks to queue
[2026-03-18T16:23:43.705+0100] {logging_mixin.py:190} INFO - [2026-03-18T16:23:43.705+0100] {dagbag.py:588} INFO - Filling up the DagBag from /Users/atanasivanov/ipo-intel/ipo-intel/.venv_airflow/lib/python3.11/site-packages/airflow/example_dags/example_nested_branch_dag.py
[2026-03-18T16:23:43.745+0100] {processor.py:925} INFO - DAG(s) 'example_nested_branch_dag' retrieved from /Users/atanasivanov/ipo-intel/ipo-intel/.venv_airflow/lib/python3.11/site-packages/airflow/example_dags/example_nested_branch_dag.py
[2026-03-18T16:23:43.826+0100] {logging_mixin.py:190} INFO - [2026-03-18T16:23:43.826+0100] {dag.py:3239} INFO - Sync 1 DAGs
[2026-03-18T16:23:43.892+0100] {logging_mixin.py:190} INFO - [2026-03-18T16:23:43.891+0100] {dag.py:4180} INFO - Setting next_dagrun for example_nested_branch_dag to 2026-03-17 00:00:00+00:00, run_after=2026-03-18 00:00:00+00:00
[2026-03-18T16:23:43.910+0100] {processor.py:208} INFO - Processing /Users/atanasivanov/ipo-intel/ipo-intel/.venv_airflow/lib/python3.11/site-packages/airflow/example_dags/example_nested_branch_dag.py took 0.213 seconds
[2026-03-18T16:25:45.373+0100] {processor.py:186} INFO - Started process (PID=46561) to work on /Users/atanasivanov/ipo-intel/ipo-intel/.venv_airflow/lib/python3.11/site-packages/airflow/example_dags/example_nested_branch_dag.py
[2026-03-18T16:25:45.374+0100] {processor.py:914} INFO - Processing file /Users/atanasivanov/ipo-intel/ipo-intel/.venv_airflow/lib/python3.11/site-packages/airflow/example_dags/example_nested_branch_dag.py for tasks to queue
[2026-03-18T16:25:45.375+0100] {logging_mixin.py:190} INFO - [2026-03-18T16:25:45.374+0100] {dagbag.py:588} INFO - Filling up the DagBag from /Users/atanasivanov/ipo-intel/ipo-intel/.venv_airflow/lib/python3.11/site-packages/airflow/example_dags/example_nested_branch_dag.py
[2026-03-18T16:25:45.412+0100] {processor.py:925} INFO - DAG(s) 'example_nested_branch_dag' retrieved from /Users/atanasivanov/ipo-intel/ipo-intel/.venv_airflow/lib/python3.11/site-packages/airflow/example_dags/example_nested_branch_dag.py
[2026-03-18T16:25:45.488+0100] {logging_mixin.py:190} INFO - [2026-03-18T16:25:45.488+0100] {dag.py:3239} INFO - Sync 1 DAGs
[2026-03-18T16:25:45.555+0100] {logging_mixin.py:190} INFO - [2026-03-18T16:25:45.554+0100] {dag.py:4180} INFO - Setting next_dagrun for example_nested_branch_dag to 2026-03-17 00:00:00+00:00, run_after=2026-03-18 00:00:00+00:00
[2026-03-18T16:25:45.571+0100] {processor.py:208} INFO - Processing /Users/atanasivanov/ipo-intel/ipo-intel/.venv_airflow/lib/python3.11/site-packages/airflow/example_dags/example_nested_branch_dag.py took 0.203 seconds
[2026-03-18T16:27:50.175+0100] {processor.py:186} INFO - Started process (PID=47693) to work on /Users/atanasivanov/ipo-intel/ipo-intel/.venv_airflow/lib/python3.11/site-packages/airflow/example_dags/example_nested_branch_dag.py
[2026-03-18T16:27:50.176+0100] {processor.py:914} INFO - Processing file /Users/atanasivanov/ipo-intel/ipo-intel/.venv_airflow/lib/python3.11/site-packages/airflow/example_dags/example_nested_branch_dag.py for tasks to queue
[2026-03-18T16:27:50.177+0100] {logging_mixin.py:190} INFO - [2026-03-18T16:27:50.177+0100] {dagbag.py:588} INFO - Filling up the DagBag from /Users/atanasivanov/ipo-intel/ipo-intel/.venv_airflow/lib/python3.11/site-packages/airflow/example_dags/example_nested_branch_dag.py
[2026-03-18T16:27:50.218+0100] {processor.py:925} INFO - DAG(s) 'example_nested_branch_dag' retrieved from /Users/atanasivanov/ipo-intel/ipo-intel/.venv_airflow/lib/python3.11/site-packages/airflow/example_dags/example_nested_branch_dag.py
[2026-03-18T16:27:50.302+0100] {logging_mixin.py:190} INFO - [2026-03-18T16:27:50.302+0100] {dag.py:3239} INFO - Sync 1 DAGs
[2026-03-18T16:27:50.375+0100] {logging_mixin.py:190} INFO - [2026-03-18T16:27:50.375+0100] {dag.py:4180} INFO - Setting next_dagrun for example_nested_branch_dag to 2026-03-17 00:00:00+00:00, run_after=2026-03-18 00:00:00+00:00
[2026-03-18T16:27:50.393+0100] {processor.py:208} INFO - Processing /Users/atanasivanov/ipo-intel/ipo-intel/.venv_airflow/lib/python3.11/site-packages/airflow/example_dags/example_nested_branch_dag.py took 0.223 seconds
[2026-03-18T16:31:43.522+0100] {processor.py:186} INFO - Started process (PID=48551) to work on /Users/atanasivanov/ipo-intel/ipo-intel/.venv_airflow/lib/python3.11/site-packages/airflow/example_dags/example_nested_branch_dag.py
[2026-03-18T16:31:43.523+0100] {processor.py:914} INFO - Processing file /Users/atanasivanov/ipo-intel/ipo-intel/.venv_airflow/lib/python3.11/site-packages/airflow/example_dags/example_nested_branch_dag.py for tasks to queue
[2026-03-18T16:31:43.524+0100] {logging_mixin.py:190} INFO - [2026-03-18T16:31:43.524+0100] {dagbag.py:588} INFO - Filling up the DagBag from /Users/atanasivanov/ipo-intel/ipo-intel/.venv_airflow/lib/python3.11/site-packages/airflow/example_dags/example_nested_branch_dag.py
[2026-03-18T16:31:43.560+0100] {processor.py:925} INFO - DAG(s) 'example_nested_branch_dag' retrieved from /Users/atanasivanov/ipo-intel/ipo-intel/.venv_airflow/lib/python3.11/site-packages/airflow/example_dags/example_nested_branch_dag.py
[2026-03-18T16:31:43.636+0100] {logging_mixin.py:190} INFO - [2026-03-18T16:31:43.636+0100] {dag.py:3239} INFO - Sync 1 DAGs
[2026-03-18T16:31:43.704+0100] {logging_mixin.py:190} INFO - [2026-03-18T16:31:43.703+0100] {dag.py:4180} INFO - Setting next_dagrun for example_nested_branch_dag to 2026-03-17 00:00:00+00:00, run_after=2026-03-18 00:00:00+00:00
[2026-03-18T16:31:43.720+0100] {processor.py:208} INFO - Processing /Users/atanasivanov/ipo-intel/ipo-intel/.venv_airflow/lib/python3.11/site-packages/airflow/example_dags/example_nested_branch_dag.py took 0.203 seconds
[2026-03-18T16:35:33.380+0100] {processor.py:186} INFO - Started process (PID=49392) to work on /Users/atanasivanov/ipo-intel/ipo-intel/.venv_airflow/lib/python3.11/site-packages/airflow/example_dags/example_nested_branch_dag.py
[2026-03-18T16:35:33.380+0100] {processor.py:914} INFO - Processing file /Users/atanasivanov/ipo-intel/ipo-intel/.venv_airflow/lib/python3.11/site-packages/airflow/example_dags/example_nested_branch_dag.py for tasks to queue
[2026-03-18T16:35:33.381+0100] {logging_mixin.py:190} INFO - [2026-03-18T16:35:33.381+0100] {dagbag.py:588} INFO - Filling up the DagBag from /Users/atanasivanov/ipo-intel/ipo-intel/.venv_airflow/lib/python3.11/site-packages/airflow/example_dags/example_nested_branch_dag.py
[2026-03-18T16:35:33.417+0100] {processor.py:925} INFO - DAG(s) 'example_nested_branch_dag' retrieved from /Users/atanasivanov/ipo-intel/ipo-intel/.venv_airflow/lib/python3.11/site-packages/airflow/example_dags/example_nested_branch_dag.py
[2026-03-18T16:35:33.493+0100] {logging_mixin.py:190} INFO - [2026-03-18T16:35:33.493+0100] {dag.py:3239} INFO - Sync 1 DAGs
[2026-03-18T16:35:33.557+0100] {logging_mixin.py:190} INFO - [2026-03-18T16:35:33.557+0100] {dag.py:4180} INFO - Setting next_dagrun for example_nested_branch_dag to 2026-03-17 00:00:00+00:00, run_after=2026-03-18 00:00:00+00:00
[2026-03-18T16:35:33.574+0100] {processor.py:208} INFO - Processing /Users/atanasivanov/ipo-intel/ipo-intel/.venv_airflow/lib/python3.11/site-packages/airflow/example_dags/example_nested_branch_dag.py took 0.199 seconds
[2026-03-18T16:39:18.597+0100] {processor.py:186} INFO - Started process (PID=50437) to work on /Users/atanasivanov/ipo-intel/ipo-intel/.venv_airflow/lib/python3.11/site-packages/airflow/example_dags/example_nested_branch_dag.py
[2026-03-18T16:39:18.598+0100] {processor.py:914} INFO - Processing file /Users/atanasivanov/ipo-intel/ipo-intel/.venv_airflow/lib/python3.11/site-packages/airflow/example_dags/example_nested_branch_dag.py for tasks to queue
[2026-03-18T16:39:18.599+0100] {logging_mixin.py:190} INFO - [2026-03-18T16:39:18.599+0100] {dagbag.py:588} INFO - Filling up the DagBag from /Users/atanasivanov/ipo-intel/ipo-intel/.venv_airflow/lib/python3.11/site-packages/airflow/example_dags/example_nested_branch_dag.py
[2026-03-18T16:39:18.637+0100] {processor.py:925} INFO - DAG(s) 'example_nested_branch_dag' retrieved from /Users/atanasivanov/ipo-intel/ipo-intel/.venv_airflow/lib/python3.11/site-packages/airflow/example_dags/example_nested_branch_dag.py
[2026-03-18T16:39:18.727+0100] {logging_mixin.py:190} INFO - [2026-03-18T16:39:18.727+0100] {dag.py:3239} INFO - Sync 1 DAGs
[2026-03-18T16:39:18.795+0100] {logging_mixin.py:190} INFO - [2026-03-18T16:39:18.795+0100] {dag.py:4180} INFO - Setting next_dagrun for example_nested_branch_dag to 2026-03-17 00:00:00+00:00, run_after=2026-03-18 00:00:00+00:00
[2026-03-18T16:39:18.811+0100] {processor.py:208} INFO - Processing /Users/atanasivanov/ipo-intel/ipo-intel/.venv_airflow/lib/python3.11/site-packages/airflow/example_dags/example_nested_branch_dag.py took 0.220 seconds
[2026-03-18T16:41:22.372+0100] {processor.py:186} INFO - Started process (PID=51677) to work on /Users/atanasivanov/ipo-intel/ipo-intel/.venv_airflow/lib/python3.11/site-packages/airflow/example_dags/example_nested_branch_dag.py
[2026-03-18T16:41:22.373+0100] {processor.py:914} INFO - Processing file /Users/atanasivanov/ipo-intel/ipo-intel/.venv_airflow/lib/python3.11/site-packages/airflow/example_dags/example_nested_branch_dag.py for tasks to queue
[2026-03-18T16:41:22.374+0100] {logging_mixin.py:190} INFO - [2026-03-18T16:41:22.374+0100] {dagbag.py:588} INFO - Filling up the DagBag from /Users/atanasivanov/ipo-intel/ipo-intel/.venv_airflow/lib/python3.11/site-packages/airflow/example_dags/example_nested_branch_dag.py
[2026-03-18T16:41:22.411+0100] {processor.py:925} INFO - DAG(s) 'example_nested_branch_dag' retrieved from /Users/atanasivanov/ipo-intel/ipo-intel/.venv_airflow/lib/python3.11/site-packages/airflow/example_dags/example_nested_branch_dag.py
[2026-03-18T16:41:22.490+0100] {logging_mixin.py:190} INFO - [2026-03-18T16:41:22.490+0100] {dag.py:3239} INFO - Sync 1 DAGs
[2026-03-18T16:41:22.559+0100] {logging_mixin.py:190} INFO - [2026-03-18T16:41:22.559+0100] {dag.py:4180} INFO - Setting next_dagrun for example_nested_branch_dag to 2026-03-17 00:00:00+00:00, run_after=2026-03-18 00:00:00+00:00
[2026-03-18T16:41:22.576+0100] {processor.py:208} INFO - Processing /Users/atanasivanov/ipo-intel/ipo-intel/.venv_airflow/lib/python3.11/site-packages/airflow/example_dags/example_nested_branch_dag.py took 0.209 seconds
[2026-03-18T16:43:29.281+0100] {processor.py:186} INFO - Started process (PID=52257) to work on /Users/atanasivanov/ipo-intel/ipo-intel/.venv_airflow/lib/python3.11/site-packages/airflow/example_dags/example_nested_branch_dag.py
[2026-03-18T16:43:29.282+0100] {processor.py:914} INFO - Processing file /Users/atanasivanov/ipo-intel/ipo-intel/.venv_airflow/lib/python3.11/site-packages/airflow/example_dags/example_nested_branch_dag.py for tasks to queue
[2026-03-18T16:43:29.283+0100] {logging_mixin.py:190} INFO - [2026-03-18T16:43:29.283+0100] {dagbag.py:588} INFO - Filling up the DagBag from /Users/atanasivanov/ipo-intel/ipo-intel/.venv_airflow/lib/python3.11/site-packages/airflow/example_dags/example_nested_branch_dag.py
[2026-03-18T16:43:29.321+0100] {processor.py:925} INFO - DAG(s) 'example_nested_branch_dag' retrieved from /Users/atanasivanov/ipo-intel/ipo-intel/.venv_airflow/lib/python3.11/site-packages/airflow/example_dags/example_nested_branch_dag.py
[2026-03-18T16:43:29.405+0100] {logging_mixin.py:190} INFO - [2026-03-18T16:43:29.405+0100] {dag.py:3239} INFO - Sync 1 DAGs
[2026-03-18T16:43:29.475+0100] {logging_mixin.py:190} INFO - [2026-03-18T16:43:29.474+0100] {dag.py:4180} INFO - Setting next_dagrun for example_nested_branch_dag to 2026-03-17 00:00:00+00:00, run_after=2026-03-18 00:00:00+00:00
[2026-03-18T16:43:29.492+0100] {processor.py:208} INFO - Processing /Users/atanasivanov/ipo-intel/ipo-intel/.venv_airflow/lib/python3.11/site-packages/airflow/example_dags/example_nested_branch_dag.py took 0.216 seconds
[2026-03-18T16:49:03.998+0100] {processor.py:186} INFO - Started process (PID=53445) to work on /Users/atanasivanov/ipo-intel/ipo-intel/.venv_airflow/lib/python3.11/site-packages/airflow/example_dags/example_nested_branch_dag.py
[2026-03-18T16:49:03.999+0100] {processor.py:914} INFO - Processing file /Users/atanasivanov/ipo-intel/ipo-intel/.venv_airflow/lib/python3.11/site-packages/airflow/example_dags/example_nested_branch_dag.py for tasks to queue
[2026-03-18T16:49:04.000+0100] {logging_mixin.py:190} INFO - [2026-03-18T16:49:04.000+0100] {dagbag.py:588} INFO - Filling up the DagBag from /Users/atanasivanov/ipo-intel/ipo-intel/.venv_airflow/lib/python3.11/site-packages/airflow/example_dags/example_nested_branch_dag.py
[2026-03-18T16:49:04.036+0100] {processor.py:925} INFO - DAG(s) 'example_nested_branch_dag' retrieved from /Users/atanasivanov/ipo-intel/ipo-intel/.venv_airflow/lib/python3.11/site-packages/airflow/example_dags/example_nested_branch_dag.py
[2026-03-18T16:49:04.118+0100] {logging_mixin.py:190} INFO - [2026-03-18T16:49:04.118+0100] {dag.py:3239} INFO - Sync 1 DAGs
[2026-03-18T16:49:04.185+0100] {logging_mixin.py:190} INFO - [2026-03-18T16:49:04.185+0100] {dag.py:4180} INFO - Setting next_dagrun for example_nested_branch_dag to 2026-03-17 00:00:00+00:00, run_after=2026-03-18 00:00:00+00:00
[2026-03-18T16:49:04.202+0100] {processor.py:208} INFO - Processing /Users/atanasivanov/ipo-intel/ipo-intel/.venv_airflow/lib/python3.11/site-packages/airflow/example_dags/example_nested_branch_dag.py took 0.208 seconds
[2026-03-18T16:51:34.714+0100] {processor.py:186} INFO - Started process (PID=53990) to work on /Users/atanasivanov/ipo-intel/ipo-intel/.venv_airflow/lib/python3.11/site-packages/airflow/example_dags/example_nested_branch_dag.py
[2026-03-18T16:51:34.716+0100] {processor.py:914} INFO - Processing file /Users/atanasivanov/ipo-intel/ipo-intel/.venv_airflow/lib/python3.11/site-packages/airflow/example_dags/example_nested_branch_dag.py for tasks to queue
[2026-03-18T16:51:34.717+0100] {logging_mixin.py:190} INFO - [2026-03-18T16:51:34.716+0100] {dagbag.py:588} INFO - Filling up the DagBag from /Users/atanasivanov/ipo-intel/ipo-intel/.venv_airflow/lib/python3.11/site-packages/airflow/example_dags/example_nested_branch_dag.py
[2026-03-18T16:51:34.757+0100] {processor.py:925} INFO - DAG(s) 'example_nested_branch_dag' retrieved from /Users/atanasivanov/ipo-intel/ipo-intel/.venv_airflow/lib/python3.11/site-packages/airflow/example_dags/example_nested_branch_dag.py
[2026-03-18T16:51:34.836+0100] {logging_mixin.py:190} INFO - [2026-03-18T16:51:34.836+0100] {dag.py:3239} INFO - Sync 1 DAGs
[2026-03-18T16:51:34.904+0100] {logging_mixin.py:190} INFO - [2026-03-18T16:51:34.904+0100] {dag.py:4180} INFO - Setting next_dagrun for example_nested_branch_dag to 2026-03-17 00:00:00+00:00, run_after=2026-03-18 00:00:00+00:00
[2026-03-18T16:51:34.921+0100] {processor.py:208} INFO - Processing /Users/atanasivanov/ipo-intel/ipo-intel/.venv_airflow/lib/python3.11/site-packages/airflow/example_dags/example_nested_branch_dag.py took 0.213 seconds
[2026-03-18T16:55:45.589+0100] {processor.py:186} INFO - Started process (PID=55203) to work on /Users/atanasivanov/ipo-intel/ipo-intel/.venv_airflow/lib/python3.11/site-packages/airflow/example_dags/example_nested_branch_dag.py
[2026-03-18T16:55:45.590+0100] {processor.py:914} INFO - Processing file /Users/atanasivanov/ipo-intel/ipo-intel/.venv_airflow/lib/python3.11/site-packages/airflow/example_dags/example_nested_branch_dag.py for tasks to queue
[2026-03-18T16:55:45.591+0100] {logging_mixin.py:190} INFO - [2026-03-18T16:55:45.591+0100] {dagbag.py:588} INFO - Filling up the DagBag from /Users/atanasivanov/ipo-intel/ipo-intel/.venv_airflow/lib/python3.11/site-packages/airflow/example_dags/example_nested_branch_dag.py
[2026-03-18T16:55:45.623+0100] {processor.py:925} INFO - DAG(s) 'example_nested_branch_dag' retrieved from /Users/atanasivanov/ipo-intel/ipo-intel/.venv_airflow/lib/python3.11/site-packages/airflow/example_dags/example_nested_branch_dag.py
[2026-03-18T16:55:45.700+0100] {logging_mixin.py:190} INFO - [2026-03-18T16:55:45.699+0100] {dag.py:3239} INFO - Sync 1 DAGs
[2026-03-18T16:55:45.764+0100] {logging_mixin.py:190} INFO - [2026-03-18T16:55:45.764+0100] {dag.py:4180} INFO - Setting next_dagrun for example_nested_branch_dag to 2026-03-17 00:00:00+00:00, run_after=2026-03-18 00:00:00+00:00
[2026-03-18T16:55:45.780+0100] {processor.py:208} INFO - Processing /Users/atanasivanov/ipo-intel/ipo-intel/.venv_airflow/lib/python3.11/site-packages/airflow/example_dags/example_nested_branch_dag.py took 0.196 seconds
[2026-03-18T16:57:47.994+0100] {processor.py:186} INFO - Started process (PID=55676) to work on /Users/atanasivanov/ipo-intel/ipo-intel/.venv_airflow/lib/python3.11/site-packages/airflow/example_dags/example_nested_branch_dag.py
[2026-03-18T16:57:47.996+0100] {processor.py:914} INFO - Processing file /Users/atanasivanov/ipo-intel/ipo-intel/.venv_airflow/lib/python3.11/site-packages/airflow/example_dags/example_nested_branch_dag.py for tasks to queue
[2026-03-18T16:57:47.997+0100] {logging_mixin.py:190} INFO - [2026-03-18T16:57:47.997+0100] {dagbag.py:588} INFO - Filling up the DagBag from /Users/atanasivanov/ipo-intel/ipo-intel/.venv_airflow/lib/python3.11/site-packages/airflow/example_dags/example_nested_branch_dag.py
[2026-03-18T16:57:48.032+0100] {processor.py:925} INFO - DAG(s) 'example_nested_branch_dag' retrieved from /Users/atanasivanov/ipo-intel/ipo-intel/.venv_airflow/lib/python3.11/site-packages/airflow/example_dags/example_nested_branch_dag.py
[2026-03-18T16:57:48.113+0100] {logging_mixin.py:190} INFO - [2026-03-18T16:57:48.113+0100] {dag.py:3239} INFO - Sync 1 DAGs
[2026-03-18T16:57:48.180+0100] {logging_mixin.py:190} INFO - [2026-03-18T16:57:48.180+0100] {dag.py:4180} INFO - Setting next_dagrun for example_nested_branch_dag to 2026-03-17 00:00:00+00:00, run_after=2026-03-18 00:00:00+00:00
[2026-03-18T16:57:48.197+0100] {processor.py:208} INFO - Processing /Users/atanasivanov/ipo-intel/ipo-intel/.venv_airflow/lib/python3.11/site-packages/airflow/example_dags/example_nested_branch_dag.py took 0.207 seconds
[2026-03-18T16:59:53.543+0100] {processor.py:186} INFO - Started process (PID=56120) to work on /Users/atanasivanov/ipo-intel/ipo-intel/.venv_airflow/lib/python3.11/site-packages/airflow/example_dags/example_nested_branch_dag.py
[2026-03-18T16:59:53.545+0100] {processor.py:914} INFO - Processing file /Users/atanasivanov/ipo-intel/ipo-intel/.venv_airflow/lib/python3.11/site-packages/airflow/example_dags/example_nested_branch_dag.py for tasks to queue
[2026-03-18T16:59:53.546+0100] {logging_mixin.py:190} INFO - [2026-03-18T16:59:53.546+0100] {dagbag.py:588} INFO - Filling up the DagBag from /Users/atanasivanov/ipo-intel/ipo-intel/.venv_airflow/lib/python3.11/site-packages/airflow/example_dags/example_nested_branch_dag.py
[2026-03-18T16:59:53.583+0100] {processor.py:925} INFO - DAG(s) 'example_nested_branch_dag' retrieved from /Users/atanasivanov/ipo-intel/ipo-intel/.venv_airflow/lib/python3.11/site-packages/airflow/example_dags/example_nested_branch_dag.py
[2026-03-18T16:59:53.664+0100] {logging_mixin.py:190} INFO - [2026-03-18T16:59:53.664+0100] {dag.py:3239} INFO - Sync 1 DAGs
[2026-03-18T16:59:53.733+0100] {logging_mixin.py:190} INFO - [2026-03-18T16:59:53.733+0100] {dag.py:4180} INFO - Setting next_dagrun for example_nested_branch_dag to 2026-03-17 00:00:00+00:00, run_after=2026-03-18 00:00:00+00:00
[2026-03-18T16:59:53.750+0100] {processor.py:208} INFO - Processing /Users/atanasivanov/ipo-intel/ipo-intel/.venv_airflow/lib/python3.11/site-packages/airflow/example_dags/example_nested_branch_dag.py took 0.212 seconds
[2026-03-18T17:01:49.579+0100] {processor.py:186} INFO - Started process (PID=56546) to work on /Users/atanasivanov/ipo-intel/ipo-intel/.venv_airflow/lib/python3.11/site-packages/airflow/example_dags/example_nested_branch_dag.py
[2026-03-18T17:01:49.580+0100] {processor.py:914} INFO - Processing file /Users/atanasivanov/ipo-intel/ipo-intel/.venv_airflow/lib/python3.11/site-packages/airflow/example_dags/example_nested_branch_dag.py for tasks to queue
[2026-03-18T17:01:49.581+0100] {logging_mixin.py:190} INFO - [2026-03-18T17:01:49.580+0100] {dagbag.py:588} INFO - Filling up the DagBag from /Users/atanasivanov/ipo-intel/ipo-intel/.venv_airflow/lib/python3.11/site-packages/airflow/example_dags/example_nested_branch_dag.py
[2026-03-18T17:01:49.614+0100] {processor.py:925} INFO - DAG(s) 'example_nested_branch_dag' retrieved from /Users/atanasivanov/ipo-intel/ipo-intel/.venv_airflow/lib/python3.11/site-packages/airflow/example_dags/example_nested_branch_dag.py
[2026-03-18T17:01:49.690+0100] {logging_mixin.py:190} INFO - [2026-03-18T17:01:49.690+0100] {dag.py:3239} INFO - Sync 1 DAGs
[2026-03-18T17:01:49.755+0100] {logging_mixin.py:190} INFO - [2026-03-18T17:01:49.755+0100] {dag.py:4180} INFO - Setting next_dagrun for example_nested_branch_dag to 2026-03-17 00:00:00+00:00, run_after=2026-03-18 00:00:00+00:00
[2026-03-18T17:01:49.770+0100] {processor.py:208} INFO - Processing /Users/atanasivanov/ipo-intel/ipo-intel/.venv_airflow/lib/python3.11/site-packages/airflow/example_dags/example_nested_branch_dag.py took 0.197 seconds
[2026-03-18T17:05:41.599+0100] {processor.py:186} INFO - Started process (PID=57395) to work on /Users/atanasivanov/ipo-intel/ipo-intel/.venv_airflow/lib/python3.11/site-packages/airflow/example_dags/example_nested_branch_dag.py
[2026-03-18T17:05:41.600+0100] {processor.py:914} INFO - Processing file /Users/atanasivanov/ipo-intel/ipo-intel/.venv_airflow/lib/python3.11/site-packages/airflow/example_dags/example_nested_branch_dag.py for tasks to queue
[2026-03-18T17:05:41.601+0100] {logging_mixin.py:190} INFO - [2026-03-18T17:05:41.601+0100] {dagbag.py:588} INFO - Filling up the DagBag from /Users/atanasivanov/ipo-intel/ipo-intel/.venv_airflow/lib/python3.11/site-packages/airflow/example_dags/example_nested_branch_dag.py
[2026-03-18T17:05:41.641+0100] {processor.py:925} INFO - DAG(s) 'example_nested_branch_dag' retrieved from /Users/atanasivanov/ipo-intel/ipo-intel/.venv_airflow/lib/python3.11/site-packages/airflow/example_dags/example_nested_branch_dag.py
[2026-03-18T17:05:41.742+0100] {logging_mixin.py:190} INFO - [2026-03-18T17:05:41.741+0100] {dag.py:3239} INFO - Sync 1 DAGs
[2026-03-18T17:05:41.816+0100] {logging_mixin.py:190} INFO - [2026-03-18T17:05:41.816+0100] {dag.py:4180} INFO - Setting next_dagrun for example_nested_branch_dag to 2026-03-17 00:00:00+00:00, run_after=2026-03-18 00:00:00+00:00
[2026-03-18T17:05:41.834+0100] {processor.py:208} INFO - Processing /Users/atanasivanov/ipo-intel/ipo-intel/.venv_airflow/lib/python3.11/site-packages/airflow/example_dags/example_nested_branch_dag.py took 0.242 seconds
[2026-03-18T17:07:37.285+0100] {processor.py:186} INFO - Started process (PID=57820) to work on /Users/atanasivanov/ipo-intel/ipo-intel/.venv_airflow/lib/python3.11/site-packages/airflow/example_dags/example_nested_branch_dag.py
[2026-03-18T17:07:37.286+0100] {processor.py:914} INFO - Processing file /Users/atanasivanov/ipo-intel/ipo-intel/.venv_airflow/lib/python3.11/site-packages/airflow/example_dags/example_nested_branch_dag.py for tasks to queue
[2026-03-18T17:07:37.287+0100] {logging_mixin.py:190} INFO - [2026-03-18T17:07:37.286+0100] {dagbag.py:588} INFO - Filling up the DagBag from /Users/atanasivanov/ipo-intel/ipo-intel/.venv_airflow/lib/python3.11/site-packages/airflow/example_dags/example_nested_branch_dag.py
[2026-03-18T17:07:37.322+0100] {processor.py:925} INFO - DAG(s) 'example_nested_branch_dag' retrieved from /Users/atanasivanov/ipo-intel/ipo-intel/.venv_airflow/lib/python3.11/site-packages/airflow/example_dags/example_nested_branch_dag.py
[2026-03-18T17:07:37.398+0100] {logging_mixin.py:190} INFO - [2026-03-18T17:07:37.398+0100] {dag.py:3239} INFO - Sync 1 DAGs
[2026-03-18T17:07:37.462+0100] {logging_mixin.py:190} INFO - [2026-03-18T17:07:37.462+0100] {dag.py:4180} INFO - Setting next_dagrun for example_nested_branch_dag to 2026-03-17 00:00:00+00:00, run_after=2026-03-18 00:00:00+00:00
[2026-03-18T17:07:37.479+0100] {processor.py:208} INFO - Processing /Users/atanasivanov/ipo-intel/ipo-intel/.venv_airflow/lib/python3.11/site-packages/airflow/example_dags/example_nested_branch_dag.py took 0.199 seconds
[2026-03-18T17:11:36.195+0100] {processor.py:186} INFO - Started process (PID=58762) to work on /Users/atanasivanov/ipo-intel/ipo-intel/.venv_airflow/lib/python3.11/site-packages/airflow/example_dags/example_nested_branch_dag.py
[2026-03-18T17:11:36.196+0100] {processor.py:914} INFO - Processing file /Users/atanasivanov/ipo-intel/ipo-intel/.venv_airflow/lib/python3.11/site-packages/airflow/example_dags/example_nested_branch_dag.py for tasks to queue
[2026-03-18T17:11:36.197+0100] {logging_mixin.py:190} INFO - [2026-03-18T17:11:36.197+0100] {dagbag.py:588} INFO - Filling up the DagBag from /Users/atanasivanov/ipo-intel/ipo-intel/.venv_airflow/lib/python3.11/site-packages/airflow/example_dags/example_nested_branch_dag.py
[2026-03-18T17:11:36.232+0100] {processor.py:925} INFO - DAG(s) 'example_nested_branch_dag' retrieved from /Users/atanasivanov/ipo-intel/ipo-intel/.venv_airflow/lib/python3.11/site-packages/airflow/example_dags/example_nested_branch_dag.py
[2026-03-18T17:11:36.307+0100] {logging_mixin.py:190} INFO - [2026-03-18T17:11:36.307+0100] {dag.py:3239} INFO - Sync 1 DAGs
[2026-03-18T17:11:36.376+0100] {logging_mixin.py:190} INFO - [2026-03-18T17:11:36.376+0100] {dag.py:4180} INFO - Setting next_dagrun for example_nested_branch_dag to 2026-03-17 00:00:00+00:00, run_after=2026-03-18 00:00:00+00:00
[2026-03-18T17:11:36.393+0100] {processor.py:208} INFO - Processing /Users/atanasivanov/ipo-intel/ipo-intel/.venv_airflow/lib/python3.11/site-packages/airflow/example_dags/example_nested_branch_dag.py took 0.203 seconds
[2026-03-18T17:15:45.278+0100] {processor.py:186} INFO - Started process (PID=61176) to work on /Users/atanasivanov/ipo-intel/ipo-intel/.venv_airflow/lib/python3.11/site-packages/airflow/example_dags/example_nested_branch_dag.py
[2026-03-18T17:15:45.279+0100] {processor.py:914} INFO - Processing file /Users/atanasivanov/ipo-intel/ipo-intel/.venv_airflow/lib/python3.11/site-packages/airflow/example_dags/example_nested_branch_dag.py for tasks to queue
[2026-03-18T17:15:45.280+0100] {logging_mixin.py:190} INFO - [2026-03-18T17:15:45.280+0100] {dagbag.py:588} INFO - Filling up the DagBag from /Users/atanasivanov/ipo-intel/ipo-intel/.venv_airflow/lib/python3.11/site-packages/airflow/example_dags/example_nested_branch_dag.py
[2026-03-18T17:15:45.318+0100] {processor.py:925} INFO - DAG(s) 'example_nested_branch_dag' retrieved from /Users/atanasivanov/ipo-intel/ipo-intel/.venv_airflow/lib/python3.11/site-packages/airflow/example_dags/example_nested_branch_dag.py
[2026-03-18T17:15:45.400+0100] {logging_mixin.py:190} INFO - [2026-03-18T17:15:45.400+0100] {dag.py:3239} INFO - Sync 1 DAGs
[2026-03-18T17:15:45.469+0100] {logging_mixin.py:190} INFO - [2026-03-18T17:15:45.468+0100] {dag.py:4180} INFO - Setting next_dagrun for example_nested_branch_dag to 2026-03-17 00:00:00+00:00, run_after=2026-03-18 00:00:00+00:00
[2026-03-18T17:15:45.484+0100] {processor.py:208} INFO - Processing /Users/atanasivanov/ipo-intel/ipo-intel/.venv_airflow/lib/python3.11/site-packages/airflow/example_dags/example_nested_branch_dag.py took 0.211 seconds
