[2026-03-18T16:21:47.970+0100] {processor.py:186} INFO - Started process (PID=45673) to work on /Users/atanasivanov/ipo-intel/ipo-intel/.venv_airflow/lib/python3.11/site-packages/airflow/example_dags/example_branch_python_dop_operator_3.py
[2026-03-18T16:21:47.971+0100] {processor.py:914} INFO - Processing file /Users/atanasivanov/ipo-intel/ipo-intel/.venv_airflow/lib/python3.11/site-packages/airflow/example_dags/example_branch_python_dop_operator_3.py for tasks to queue
[2026-03-18T16:21:47.972+0100] {logging_mixin.py:190} INFO - [2026-03-18T16:21:47.972+0100] {dagbag.py:588} INFO - Filling up the DagBag from /Users/atanasivanov/ipo-intel/ipo-intel/.venv_airflow/lib/python3.11/site-packages/airflow/example_dags/example_branch_python_dop_operator_3.py
[2026-03-18T16:21:48.010+0100] {processor.py:925} INFO - DAG(s) 'example_branch_dop_operator_v3' retrieved from /Users/atanasivanov/ipo-intel/ipo-intel/.venv_airflow/lib/python3.11/site-packages/airflow/example_dags/example_branch_python_dop_operator_3.py
[2026-03-18T16:21:48.223+0100] {logging_mixin.py:190} INFO - [2026-03-18T16:21:48.222+0100] {override.py:1912} INFO - Created Permission View: can read on DAG:example_branch_dop_operator_v3
[2026-03-18T16:21:48.232+0100] {logging_mixin.py:190} INFO - [2026-03-18T16:21:48.231+0100] {override.py:1912} INFO - Created Permission View: can delete on DAG:example_branch_dop_operator_v3
[2026-03-18T16:21:48.237+0100] {logging_mixin.py:190} INFO - [2026-03-18T16:21:48.237+0100] {override.py:1912} INFO - Created Permission View: can edit on DAG:example_branch_dop_operator_v3
[2026-03-18T16:21:48.244+0100] {logging_mixin.py:190} INFO - [2026-03-18T16:21:48.244+0100] {override.py:1912} INFO - Created Permission View: can read on DAG Run:example_branch_dop_operator_v3
[2026-03-18T16:21:48.249+0100] {logging_mixin.py:190} INFO - [2026-03-18T16:21:48.249+0100] {override.py:1912} INFO - Created Permission View: can create on DAG Run:example_branch_dop_operator_v3
[2026-03-18T16:21:48.254+0100] {logging_mixin.py:190} INFO - [2026-03-18T16:21:48.254+0100] {override.py:1912} INFO - Created Permission View: can delete on DAG Run:example_branch_dop_operator_v3
[2026-03-18T16:21:48.259+0100] {logging_mixin.py:190} INFO - [2026-03-18T16:21:48.259+0100] {override.py:1912} INFO - Created Permission View: menu access on DAG Run:example_branch_dop_operator_v3
[2026-03-18T16:21:48.259+0100] {logging_mixin.py:190} INFO - [2026-03-18T16:21:48.259+0100] {dag.py:3239} INFO - Sync 1 DAGs
[2026-03-18T16:21:48.269+0100] {logging_mixin.py:190} INFO - [2026-03-18T16:21:48.269+0100] {dag.py:3262} INFO - Creating ORM DAG for example_branch_dop_operator_v3
[2026-03-18T16:21:48.280+0100] {logging_mixin.py:190} INFO - [2026-03-18T16:21:48.280+0100] {dag.py:4180} INFO - Setting next_dagrun for example_branch_dop_operator_v3 to 2026-03-18 15:20:00+00:00, run_after=2026-03-18 15:21:00+00:00
[2026-03-18T16:21:48.293+0100] {processor.py:208} INFO - Processing /Users/atanasivanov/ipo-intel/ipo-intel/.venv_airflow/lib/python3.11/site-packages/airflow/example_dags/example_branch_python_dop_operator_3.py took 0.328 seconds
[2026-03-18T16:25:56.759+0100] {processor.py:186} INFO - Started process (PID=46604) to work on /Users/atanasivanov/ipo-intel/ipo-intel/.venv_airflow/lib/python3.11/site-packages/airflow/example_dags/example_branch_python_dop_operator_3.py
[2026-03-18T16:25:56.759+0100] {processor.py:914} INFO - Processing file /Users/atanasivanov/ipo-intel/ipo-intel/.venv_airflow/lib/python3.11/site-packages/airflow/example_dags/example_branch_python_dop_operator_3.py for tasks to queue
[2026-03-18T16:25:56.760+0100] {logging_mixin.py:190} INFO - [2026-03-18T16:25:56.760+0100] {dagbag.py:588} INFO - Filling up the DagBag from /Users/atanasivanov/ipo-intel/ipo-intel/.venv_airflow/lib/python3.11/site-packages/airflow/example_dags/example_branch_python_dop_operator_3.py
[2026-03-18T16:25:56.797+0100] {processor.py:925} INFO - DAG(s) 'example_branch_dop_operator_v3' retrieved from /Users/atanasivanov/ipo-intel/ipo-intel/.venv_airflow/lib/python3.11/site-packages/airflow/example_dags/example_branch_python_dop_operator_3.py
[2026-03-18T16:25:56.889+0100] {logging_mixin.py:190} INFO - [2026-03-18T16:25:56.888+0100] {dag.py:3239} INFO - Sync 1 DAGs
[2026-03-18T16:25:56.959+0100] {logging_mixin.py:190} INFO - [2026-03-18T16:25:56.958+0100] {dag.py:4180} INFO - Setting next_dagrun for example_branch_dop_operator_v3 to 2026-03-18 15:24:00+00:00, run_after=2026-03-18 15:25:00+00:00
[2026-03-18T16:25:56.975+0100] {processor.py:208} INFO - Processing /Users/atanasivanov/ipo-intel/ipo-intel/.venv_airflow/lib/python3.11/site-packages/airflow/example_dags/example_branch_python_dop_operator_3.py took 0.222 seconds
[2026-03-18T16:30:01.972+0100] {processor.py:186} INFO - Started process (PID=48180) to work on /Users/atanasivanov/ipo-intel/ipo-intel/.venv_airflow/lib/python3.11/site-packages/airflow/example_dags/example_branch_python_dop_operator_3.py
[2026-03-18T16:30:01.973+0100] {processor.py:914} INFO - Processing file /Users/atanasivanov/ipo-intel/ipo-intel/.venv_airflow/lib/python3.11/site-packages/airflow/example_dags/example_branch_python_dop_operator_3.py for tasks to queue
[2026-03-18T16:30:01.974+0100] {logging_mixin.py:190} INFO - [2026-03-18T16:30:01.974+0100] {dagbag.py:588} INFO - Filling up the DagBag from /Users/atanasivanov/ipo-intel/ipo-intel/.venv_airflow/lib/python3.11/site-packages/airflow/example_dags/example_branch_python_dop_operator_3.py
[2026-03-18T16:30:02.011+0100] {processor.py:925} INFO - DAG(s) 'example_branch_dop_operator_v3' retrieved from /Users/atanasivanov/ipo-intel/ipo-intel/.venv_airflow/lib/python3.11/site-packages/airflow/example_dags/example_branch_python_dop_operator_3.py
[2026-03-18T16:30:02.089+0100] {logging_mixin.py:190} INFO - [2026-03-18T16:30:02.088+0100] {dag.py:3239} INFO - Sync 1 DAGs
[2026-03-18T16:30:02.157+0100] {logging_mixin.py:190} INFO - [2026-03-18T16:30:02.157+0100] {dag.py:4180} INFO - Setting next_dagrun for example_branch_dop_operator_v3 to 2026-03-18 15:29:00+00:00, run_after=2026-03-18 15:30:00+00:00
[2026-03-18T16:30:02.174+0100] {processor.py:208} INFO - Processing /Users/atanasivanov/ipo-intel/ipo-intel/.venv_airflow/lib/python3.11/site-packages/airflow/example_dags/example_branch_python_dop_operator_3.py took 0.207 seconds
[2026-03-18T16:33:45.402+0100] {processor.py:186} INFO - Started process (PID=49000) to work on /Users/atanasivanov/ipo-intel/ipo-intel/.venv_airflow/lib/python3.11/site-packages/airflow/example_dags/example_branch_python_dop_operator_3.py
[2026-03-18T16:33:45.403+0100] {processor.py:914} INFO - Processing file /Users/atanasivanov/ipo-intel/ipo-intel/.venv_airflow/lib/python3.11/site-packages/airflow/example_dags/example_branch_python_dop_operator_3.py for tasks to queue
[2026-03-18T16:33:45.404+0100] {logging_mixin.py:190} INFO - [2026-03-18T16:33:45.404+0100] {dagbag.py:588} INFO - Filling up the DagBag from /Users/atanasivanov/ipo-intel/ipo-intel/.venv_airflow/lib/python3.11/site-packages/airflow/example_dags/example_branch_python_dop_operator_3.py
[2026-03-18T16:33:45.439+0100] {processor.py:925} INFO - DAG(s) 'example_branch_dop_operator_v3' retrieved from /Users/atanasivanov/ipo-intel/ipo-intel/.venv_airflow/lib/python3.11/site-packages/airflow/example_dags/example_branch_python_dop_operator_3.py
[2026-03-18T16:33:45.514+0100] {logging_mixin.py:190} INFO - [2026-03-18T16:33:45.513+0100] {dag.py:3239} INFO - Sync 1 DAGs
[2026-03-18T16:33:45.585+0100] {logging_mixin.py:190} INFO - [2026-03-18T16:33:45.584+0100] {dag.py:4180} INFO - Setting next_dagrun for example_branch_dop_operator_v3 to 2026-03-18 15:32:00+00:00, run_after=2026-03-18 15:33:00+00:00
[2026-03-18T16:33:45.602+0100] {processor.py:208} INFO - Processing /Users/atanasivanov/ipo-intel/ipo-intel/.venv_airflow/lib/python3.11/site-packages/airflow/example_dags/example_branch_python_dop_operator_3.py took 0.205 seconds
[2026-03-18T16:37:34.528+0100] {processor.py:186} INFO - Started process (PID=49833) to work on /Users/atanasivanov/ipo-intel/ipo-intel/.venv_airflow/lib/python3.11/site-packages/airflow/example_dags/example_branch_python_dop_operator_3.py
[2026-03-18T16:37:34.529+0100] {processor.py:914} INFO - Processing file /Users/atanasivanov/ipo-intel/ipo-intel/.venv_airflow/lib/python3.11/site-packages/airflow/example_dags/example_branch_python_dop_operator_3.py for tasks to queue
[2026-03-18T16:37:34.530+0100] {logging_mixin.py:190} INFO - [2026-03-18T16:37:34.530+0100] {dagbag.py:588} INFO - Filling up the DagBag from /Users/atanasivanov/ipo-intel/ipo-intel/.venv_airflow/lib/python3.11/site-packages/airflow/example_dags/example_branch_python_dop_operator_3.py
[2026-03-18T16:37:34.567+0100] {processor.py:925} INFO - DAG(s) 'example_branch_dop_operator_v3' retrieved from /Users/atanasivanov/ipo-intel/ipo-intel/.venv_airflow/lib/python3.11/site-packages/airflow/example_dags/example_branch_python_dop_operator_3.py
[2026-03-18T16:37:34.642+0100] {logging_mixin.py:190} INFO - [2026-03-18T16:37:34.641+0100] {dag.py:3239} INFO - Sync 1 DAGs
[2026-03-18T16:37:34.712+0100] {logging_mixin.py:190} INFO - [2026-03-18T16:37:34.712+0100] {dag.py:4180} INFO - Setting next_dagrun for example_branch_dop_operator_v3 to 2026-03-18 15:36:00+00:00, run_after=2026-03-18 15:37:00+00:00
[2026-03-18T16:37:34.729+0100] {processor.py:208} INFO - Processing /Users/atanasivanov/ipo-intel/ipo-intel/.venv_airflow/lib/python3.11/site-packages/airflow/example_dags/example_branch_python_dop_operator_3.py took 0.206 seconds
[2026-03-18T16:41:33.515+0100] {processor.py:186} INFO - Started process (PID=51726) to work on /Users/atanasivanov/ipo-intel/ipo-intel/.venv_airflow/lib/python3.11/site-packages/airflow/example_dags/example_branch_python_dop_operator_3.py
[2026-03-18T16:41:33.516+0100] {processor.py:914} INFO - Processing file /Users/atanasivanov/ipo-intel/ipo-intel/.venv_airflow/lib/python3.11/site-packages/airflow/example_dags/example_branch_python_dop_operator_3.py for tasks to queue
[2026-03-18T16:41:33.516+0100] {logging_mixin.py:190} INFO - [2026-03-18T16:41:33.516+0100] {dagbag.py:588} INFO - Filling up the DagBag from /Users/atanasivanov/ipo-intel/ipo-intel/.venv_airflow/lib/python3.11/site-packages/airflow/example_dags/example_branch_python_dop_operator_3.py
[2026-03-18T16:41:33.553+0100] {processor.py:925} INFO - DAG(s) 'example_branch_dop_operator_v3' retrieved from /Users/atanasivanov/ipo-intel/ipo-intel/.venv_airflow/lib/python3.11/site-packages/airflow/example_dags/example_branch_python_dop_operator_3.py
[2026-03-18T16:41:33.631+0100] {logging_mixin.py:190} INFO - [2026-03-18T16:41:33.630+0100] {dag.py:3239} INFO - Sync 1 DAGs
[2026-03-18T16:41:33.702+0100] {logging_mixin.py:190} INFO - [2026-03-18T16:41:33.702+0100] {dag.py:4180} INFO - Setting next_dagrun for example_branch_dop_operator_v3 to 2026-03-18 15:40:00+00:00, run_after=2026-03-18 15:41:00+00:00
[2026-03-18T16:41:33.720+0100] {processor.py:208} INFO - Processing /Users/atanasivanov/ipo-intel/ipo-intel/.venv_airflow/lib/python3.11/site-packages/airflow/example_dags/example_branch_python_dop_operator_3.py took 0.210 seconds
[2026-03-18T16:49:42.015+0100] {processor.py:186} INFO - Started process (PID=53579) to work on /Users/atanasivanov/ipo-intel/ipo-intel/.venv_airflow/lib/python3.11/site-packages/airflow/example_dags/example_branch_python_dop_operator_3.py
[2026-03-18T16:49:42.016+0100] {processor.py:914} INFO - Processing file /Users/atanasivanov/ipo-intel/ipo-intel/.venv_airflow/lib/python3.11/site-packages/airflow/example_dags/example_branch_python_dop_operator_3.py for tasks to queue
[2026-03-18T16:49:42.017+0100] {logging_mixin.py:190} INFO - [2026-03-18T16:49:42.017+0100] {dagbag.py:588} INFO - Filling up the DagBag from /Users/atanasivanov/ipo-intel/ipo-intel/.venv_airflow/lib/python3.11/site-packages/airflow/example_dags/example_branch_python_dop_operator_3.py
[2026-03-18T16:49:42.059+0100] {processor.py:925} INFO - DAG(s) 'example_branch_dop_operator_v3' retrieved from /Users/atanasivanov/ipo-intel/ipo-intel/.venv_airflow/lib/python3.11/site-packages/airflow/example_dags/example_branch_python_dop_operator_3.py
[2026-03-18T16:49:42.135+0100] {logging_mixin.py:190} INFO - [2026-03-18T16:49:42.134+0100] {dag.py:3239} INFO - Sync 1 DAGs
[2026-03-18T16:49:42.203+0100] {logging_mixin.py:190} INFO - [2026-03-18T16:49:42.202+0100] {dag.py:4180} INFO - Setting next_dagrun for example_branch_dop_operator_v3 to 2026-03-18 15:48:00+00:00, run_after=2026-03-18 15:49:00+00:00
[2026-03-18T16:49:42.220+0100] {processor.py:208} INFO - Processing /Users/atanasivanov/ipo-intel/ipo-intel/.venv_airflow/lib/python3.11/site-packages/airflow/example_dags/example_branch_python_dop_operator_3.py took 0.210 seconds
[2026-03-18T16:53:46.991+0100] {processor.py:186} INFO - Started process (PID=54564) to work on /Users/atanasivanov/ipo-intel/ipo-intel/.venv_airflow/lib/python3.11/site-packages/airflow/example_dags/example_branch_python_dop_operator_3.py
[2026-03-18T16:53:46.992+0100] {processor.py:914} INFO - Processing file /Users/atanasivanov/ipo-intel/ipo-intel/.venv_airflow/lib/python3.11/site-packages/airflow/example_dags/example_branch_python_dop_operator_3.py for tasks to queue
[2026-03-18T16:53:46.994+0100] {logging_mixin.py:190} INFO - [2026-03-18T16:53:46.994+0100] {dagbag.py:588} INFO - Filling up the DagBag from /Users/atanasivanov/ipo-intel/ipo-intel/.venv_airflow/lib/python3.11/site-packages/airflow/example_dags/example_branch_python_dop_operator_3.py
[2026-03-18T16:53:47.032+0100] {processor.py:925} INFO - DAG(s) 'example_branch_dop_operator_v3' retrieved from /Users/atanasivanov/ipo-intel/ipo-intel/.venv_airflow/lib/python3.11/site-packages/airflow/example_dags/example_branch_python_dop_operator_3.py
[2026-03-18T16:53:47.110+0100] {logging_mixin.py:190} INFO - [2026-03-18T16:53:47.109+0100] {dag.py:3239} INFO - Sync 1 DAGs
[2026-03-18T16:53:47.184+0100] {logging_mixin.py:190} INFO - [2026-03-18T16:53:47.183+0100] {dag.py:4180} INFO - Setting next_dagrun for example_branch_dop_operator_v3 to 2026-03-18 15:52:00+00:00, run_after=2026-03-18 15:53:00+00:00
[2026-03-18T16:53:47.202+0100] {processor.py:208} INFO - Processing /Users/atanasivanov/ipo-intel/ipo-intel/.venv_airflow/lib/python3.11/site-packages/airflow/example_dags/example_branch_python_dop_operator_3.py took 0.216 seconds
[2026-03-18T16:57:58.698+0100] {processor.py:186} INFO - Started process (PID=55715) to work on /Users/atanasivanov/ipo-intel/ipo-intel/.venv_airflow/lib/python3.11/site-packages/airflow/example_dags/example_branch_python_dop_operator_3.py
[2026-03-18T16:57:58.699+0100] {processor.py:914} INFO - Processing file /Users/atanasivanov/ipo-intel/ipo-intel/.venv_airflow/lib/python3.11/site-packages/airflow/example_dags/example_branch_python_dop_operator_3.py for tasks to queue
[2026-03-18T16:57:58.700+0100] {logging_mixin.py:190} INFO - [2026-03-18T16:57:58.700+0100] {dagbag.py:588} INFO - Filling up the DagBag from /Users/atanasivanov/ipo-intel/ipo-intel/.venv_airflow/lib/python3.11/site-packages/airflow/example_dags/example_branch_python_dop_operator_3.py
[2026-03-18T16:57:58.738+0100] {processor.py:925} INFO - DAG(s) 'example_branch_dop_operator_v3' retrieved from /Users/atanasivanov/ipo-intel/ipo-intel/.venv_airflow/lib/python3.11/site-packages/airflow/example_dags/example_branch_python_dop_operator_3.py
[2026-03-18T16:57:58.823+0100] {logging_mixin.py:190} INFO - [2026-03-18T16:57:58.822+0100] {dag.py:3239} INFO - Sync 1 DAGs
[2026-03-18T16:57:58.895+0100] {logging_mixin.py:190} INFO - [2026-03-18T16:57:58.895+0100] {dag.py:4180} INFO - Setting next_dagrun for example_branch_dop_operator_v3 to 2026-03-18 15:56:00+00:00, run_after=2026-03-18 15:57:00+00:00
[2026-03-18T16:57:58.912+0100] {processor.py:208} INFO - Processing /Users/atanasivanov/ipo-intel/ipo-intel/.venv_airflow/lib/python3.11/site-packages/airflow/example_dags/example_branch_python_dop_operator_3.py took 0.220 seconds
[2026-03-18T17:02:00.211+0100] {processor.py:186} INFO - Started process (PID=56586) to work on /Users/atanasivanov/ipo-intel/ipo-intel/.venv_airflow/lib/python3.11/site-packages/airflow/example_dags/example_branch_python_dop_operator_3.py
[2026-03-18T17:02:00.212+0100] {processor.py:914} INFO - Processing file /Users/atanasivanov/ipo-intel/ipo-intel/.venv_airflow/lib/python3.11/site-packages/airflow/example_dags/example_branch_python_dop_operator_3.py for tasks to queue
[2026-03-18T17:02:00.213+0100] {logging_mixin.py:190} INFO - [2026-03-18T17:02:00.213+0100] {dagbag.py:588} INFO - Filling up the DagBag from /Users/atanasivanov/ipo-intel/ipo-intel/.venv_airflow/lib/python3.11/site-packages/airflow/example_dags/example_branch_python_dop_operator_3.py
[2026-03-18T17:02:00.249+0100] {processor.py:925} INFO - DAG(s) 'example_branch_dop_operator_v3' retrieved from /Users/atanasivanov/ipo-intel/ipo-intel/.venv_airflow/lib/python3.11/site-packages/airflow/example_dags/example_branch_python_dop_operator_3.py
[2026-03-18T17:02:00.328+0100] {logging_mixin.py:190} INFO - [2026-03-18T17:02:00.327+0100] {dag.py:3239} INFO - Sync 1 DAGs
[2026-03-18T17:02:00.396+0100] {logging_mixin.py:190} INFO - [2026-03-18T17:02:00.396+0100] {dag.py:4180} INFO - Setting next_dagrun for example_branch_dop_operator_v3 to 2026-03-18 16:01:00+00:00, run_after=2026-03-18 16:02:00+00:00
[2026-03-18T17:02:00.413+0100] {processor.py:208} INFO - Processing /Users/atanasivanov/ipo-intel/ipo-intel/.venv_airflow/lib/python3.11/site-packages/airflow/example_dags/example_branch_python_dop_operator_3.py took 0.207 seconds
[2026-03-18T17:05:52.720+0100] {processor.py:186} INFO - Started process (PID=57435) to work on /Users/atanasivanov/ipo-intel/ipo-intel/.venv_airflow/lib/python3.11/site-packages/airflow/example_dags/example_branch_python_dop_operator_3.py
[2026-03-18T17:05:52.721+0100] {processor.py:914} INFO - Processing file /Users/atanasivanov/ipo-intel/ipo-intel/.venv_airflow/lib/python3.11/site-packages/airflow/example_dags/example_branch_python_dop_operator_3.py for tasks to queue
[2026-03-18T17:05:52.722+0100] {logging_mixin.py:190} INFO - [2026-03-18T17:05:52.722+0100] {dagbag.py:588} INFO - Filling up the DagBag from /Users/atanasivanov/ipo-intel/ipo-intel/.venv_airflow/lib/python3.11/site-packages/airflow/example_dags/example_branch_python_dop_operator_3.py
[2026-03-18T17:05:52.755+0100] {processor.py:925} INFO - DAG(s) 'example_branch_dop_operator_v3' retrieved from /Users/atanasivanov/ipo-intel/ipo-intel/.venv_airflow/lib/python3.11/site-packages/airflow/example_dags/example_branch_python_dop_operator_3.py
[2026-03-18T17:05:52.830+0100] {logging_mixin.py:190} INFO - [2026-03-18T17:05:52.829+0100] {dag.py:3239} INFO - Sync 1 DAGs
[2026-03-18T17:05:52.902+0100] {logging_mixin.py:190} INFO - [2026-03-18T17:05:52.901+0100] {dag.py:4180} INFO - Setting next_dagrun for example_branch_dop_operator_v3 to 2026-03-18 16:04:00+00:00, run_after=2026-03-18 16:05:00+00:00
[2026-03-18T17:05:52.918+0100] {processor.py:208} INFO - Processing /Users/atanasivanov/ipo-intel/ipo-intel/.venv_airflow/lib/python3.11/site-packages/airflow/example_dags/example_branch_python_dop_operator_3.py took 0.203 seconds
[2026-03-18T17:09:43.419+0100] {processor.py:186} INFO - Started process (PID=58323) to work on /Users/atanasivanov/ipo-intel/ipo-intel/.venv_airflow/lib/python3.11/site-packages/airflow/example_dags/example_branch_python_dop_operator_3.py
[2026-03-18T17:09:43.420+0100] {processor.py:914} INFO - Processing file /Users/atanasivanov/ipo-intel/ipo-intel/.venv_airflow/lib/python3.11/site-packages/airflow/example_dags/example_branch_python_dop_operator_3.py for tasks to queue
[2026-03-18T17:09:43.421+0100] {logging_mixin.py:190} INFO - [2026-03-18T17:09:43.421+0100] {dagbag.py:588} INFO - Filling up the DagBag from /Users/atanasivanov/ipo-intel/ipo-intel/.venv_airflow/lib/python3.11/site-packages/airflow/example_dags/example_branch_python_dop_operator_3.py
[2026-03-18T17:09:43.457+0100] {processor.py:925} INFO - DAG(s) 'example_branch_dop_operator_v3' retrieved from /Users/atanasivanov/ipo-intel/ipo-intel/.venv_airflow/lib/python3.11/site-packages/airflow/example_dags/example_branch_python_dop_operator_3.py
[2026-03-18T17:09:43.534+0100] {logging_mixin.py:190} INFO - [2026-03-18T17:09:43.533+0100] {dag.py:3239} INFO - Sync 1 DAGs
[2026-03-18T17:09:43.602+0100] {logging_mixin.py:190} INFO - [2026-03-18T17:09:43.602+0100] {dag.py:4180} INFO - Setting next_dagrun for example_branch_dop_operator_v3 to 2026-03-18 16:08:00+00:00, run_after=2026-03-18 16:09:00+00:00
[2026-03-18T17:09:43.619+0100] {processor.py:208} INFO - Processing /Users/atanasivanov/ipo-intel/ipo-intel/.venv_airflow/lib/python3.11/site-packages/airflow/example_dags/example_branch_python_dop_operator_3.py took 0.205 seconds
[2026-03-18T17:13:52.498+0100] {processor.py:186} INFO - Started process (PID=59668) to work on /Users/atanasivanov/ipo-intel/ipo-intel/.venv_airflow/lib/python3.11/site-packages/airflow/example_dags/example_branch_python_dop_operator_3.py
[2026-03-18T17:13:52.499+0100] {processor.py:914} INFO - Processing file /Users/atanasivanov/ipo-intel/ipo-intel/.venv_airflow/lib/python3.11/site-packages/airflow/example_dags/example_branch_python_dop_operator_3.py for tasks to queue
[2026-03-18T17:13:52.500+0100] {logging_mixin.py:190} INFO - [2026-03-18T17:13:52.500+0100] {dagbag.py:588} INFO - Filling up the DagBag from /Users/atanasivanov/ipo-intel/ipo-intel/.venv_airflow/lib/python3.11/site-packages/airflow/example_dags/example_branch_python_dop_operator_3.py
[2026-03-18T17:13:52.538+0100] {processor.py:925} INFO - DAG(s) 'example_branch_dop_operator_v3' retrieved from /Users/atanasivanov/ipo-intel/ipo-intel/.venv_airflow/lib/python3.11/site-packages/airflow/example_dags/example_branch_python_dop_operator_3.py
[2026-03-18T17:13:52.615+0100] {logging_mixin.py:190} INFO - [2026-03-18T17:13:52.614+0100] {dag.py:3239} INFO - Sync 1 DAGs
[2026-03-18T17:13:52.689+0100] {logging_mixin.py:190} INFO - [2026-03-18T17:13:52.688+0100] {dag.py:4180} INFO - Setting next_dagrun for example_branch_dop_operator_v3 to 2026-03-18 16:12:00+00:00, run_after=2026-03-18 16:13:00+00:00
[2026-03-18T17:13:52.712+0100] {processor.py:208} INFO - Processing /Users/atanasivanov/ipo-intel/ipo-intel/.venv_airflow/lib/python3.11/site-packages/airflow/example_dags/example_branch_python_dop_operator_3.py took 0.219 seconds
