[2026-03-18T16:21:17.579+0100] {processor.py:186} INFO - Started process (PID=45554) to work on /Users/atanasivanov/ipo-intel/ipo-intel/.venv_airflow/lib/python3.11/site-packages/airflow/example_dags/example_inlet_event_extra.py
[2026-03-18T16:21:17.581+0100] {processor.py:914} INFO - Processing file /Users/atanasivanov/ipo-intel/ipo-intel/.venv_airflow/lib/python3.11/site-packages/airflow/example_dags/example_inlet_event_extra.py for tasks to queue
[2026-03-18T16:21:17.582+0100] {logging_mixin.py:190} INFO - [2026-03-18T16:21:17.582+0100] {dagbag.py:588} INFO - Filling up the DagBag from /Users/atanasivanov/ipo-intel/ipo-intel/.venv_airflow/lib/python3.11/site-packages/airflow/example_dags/example_inlet_event_extra.py
[2026-03-18T16:21:17.658+0100] {processor.py:925} INFO - DAG(s) 'read_dataset_event_from_classic', 'read_dataset_event' retrieved from /Users/atanasivanov/ipo-intel/ipo-intel/.venv_airflow/lib/python3.11/site-packages/airflow/example_dags/example_inlet_event_extra.py
[2026-03-18T16:21:17.898+0100] {logging_mixin.py:190} INFO - [2026-03-18T16:21:17.898+0100] {override.py:1912} INFO - Created Permission View: can edit on DAG:read_dataset_event_from_classic
[2026-03-18T16:21:17.906+0100] {logging_mixin.py:190} INFO - [2026-03-18T16:21:17.906+0100] {override.py:1912} INFO - Created Permission View: can delete on DAG:read_dataset_event_from_classic
[2026-03-18T16:21:17.913+0100] {logging_mixin.py:190} INFO - [2026-03-18T16:21:17.913+0100] {override.py:1912} INFO - Created Permission View: can read on DAG:read_dataset_event_from_classic
[2026-03-18T16:21:17.921+0100] {logging_mixin.py:190} INFO - [2026-03-18T16:21:17.920+0100] {override.py:1912} INFO - Created Permission View: can create on DAG Run:read_dataset_event_from_classic
[2026-03-18T16:21:17.926+0100] {logging_mixin.py:190} INFO - [2026-03-18T16:21:17.926+0100] {override.py:1912} INFO - Created Permission View: can delete on DAG Run:read_dataset_event_from_classic
[2026-03-18T16:21:17.932+0100] {logging_mixin.py:190} INFO - [2026-03-18T16:21:17.931+0100] {override.py:1912} INFO - Created Permission View: can read on DAG Run:read_dataset_event_from_classic
[2026-03-18T16:21:17.937+0100] {logging_mixin.py:190} INFO - [2026-03-18T16:21:17.936+0100] {override.py:1912} INFO - Created Permission View: menu access on DAG Run:read_dataset_event_from_classic
[2026-03-18T16:21:17.948+0100] {logging_mixin.py:190} INFO - [2026-03-18T16:21:17.947+0100] {override.py:1912} INFO - Created Permission View: can edit on DAG:read_dataset_event
[2026-03-18T16:21:17.953+0100] {logging_mixin.py:190} INFO - [2026-03-18T16:21:17.953+0100] {override.py:1912} INFO - Created Permission View: can delete on DAG:read_dataset_event
[2026-03-18T16:21:17.958+0100] {logging_mixin.py:190} INFO - [2026-03-18T16:21:17.958+0100] {override.py:1912} INFO - Created Permission View: can read on DAG:read_dataset_event
[2026-03-18T16:21:17.965+0100] {logging_mixin.py:190} INFO - [2026-03-18T16:21:17.965+0100] {override.py:1912} INFO - Created Permission View: can create on DAG Run:read_dataset_event
[2026-03-18T16:21:17.970+0100] {logging_mixin.py:190} INFO - [2026-03-18T16:21:17.970+0100] {override.py:1912} INFO - Created Permission View: can delete on DAG Run:read_dataset_event
[2026-03-18T16:21:17.975+0100] {logging_mixin.py:190} INFO - [2026-03-18T16:21:17.975+0100] {override.py:1912} INFO - Created Permission View: can read on DAG Run:read_dataset_event
[2026-03-18T16:21:17.981+0100] {logging_mixin.py:190} INFO - [2026-03-18T16:21:17.980+0100] {override.py:1912} INFO - Created Permission View: menu access on DAG Run:read_dataset_event
[2026-03-18T16:21:17.981+0100] {logging_mixin.py:190} INFO - [2026-03-18T16:21:17.981+0100] {dag.py:3239} INFO - Sync 2 DAGs
[2026-03-18T16:21:17.992+0100] {logging_mixin.py:190} INFO - [2026-03-18T16:21:17.992+0100] {dag.py:3262} INFO - Creating ORM DAG for read_dataset_event
[2026-03-18T16:21:17.992+0100] {logging_mixin.py:190} INFO - [2026-03-18T16:21:17.992+0100] {dag.py:3262} INFO - Creating ORM DAG for read_dataset_event_from_classic
[2026-03-18T16:21:18.001+0100] {logging_mixin.py:190} INFO - [2026-03-18T16:21:18.001+0100] {dag.py:4180} INFO - Setting next_dagrun for read_dataset_event to 2026-03-17 00:00:00+00:00, run_after=2026-03-18 00:00:00+00:00
[2026-03-18T16:21:18.003+0100] {logging_mixin.py:190} INFO - [2026-03-18T16:21:18.003+0100] {dag.py:4180} INFO - Setting next_dagrun for read_dataset_event_from_classic to 2026-03-17 00:00:00+00:00, run_after=2026-03-18 00:00:00+00:00
[2026-03-18T16:21:18.018+0100] {processor.py:208} INFO - Processing /Users/atanasivanov/ipo-intel/ipo-intel/.venv_airflow/lib/python3.11/site-packages/airflow/example_dags/example_inlet_event_extra.py took 0.444 seconds
[2026-03-18T16:23:56.731+0100] {processor.py:186} INFO - Started process (PID=46149) to work on /Users/atanasivanov/ipo-intel/ipo-intel/.venv_airflow/lib/python3.11/site-packages/airflow/example_dags/example_inlet_event_extra.py
[2026-03-18T16:23:56.731+0100] {processor.py:914} INFO - Processing file /Users/atanasivanov/ipo-intel/ipo-intel/.venv_airflow/lib/python3.11/site-packages/airflow/example_dags/example_inlet_event_extra.py for tasks to queue
[2026-03-18T16:23:56.732+0100] {logging_mixin.py:190} INFO - [2026-03-18T16:23:56.732+0100] {dagbag.py:588} INFO - Filling up the DagBag from /Users/atanasivanov/ipo-intel/ipo-intel/.venv_airflow/lib/python3.11/site-packages/airflow/example_dags/example_inlet_event_extra.py
[2026-03-18T16:23:56.793+0100] {processor.py:925} INFO - DAG(s) 'read_dataset_event', 'read_dataset_event_from_classic' retrieved from /Users/atanasivanov/ipo-intel/ipo-intel/.venv_airflow/lib/python3.11/site-packages/airflow/example_dags/example_inlet_event_extra.py
[2026-03-18T16:23:56.931+0100] {logging_mixin.py:190} INFO - [2026-03-18T16:23:56.931+0100] {dag.py:3239} INFO - Sync 2 DAGs
[2026-03-18T16:23:56.950+0100] {logging_mixin.py:190} INFO - [2026-03-18T16:23:56.950+0100] {dag.py:4180} INFO - Setting next_dagrun for read_dataset_event to 2026-03-17 00:00:00+00:00, run_after=2026-03-18 00:00:00+00:00
[2026-03-18T16:23:56.955+0100] {logging_mixin.py:190} INFO - [2026-03-18T16:23:56.955+0100] {dag.py:4180} INFO - Setting next_dagrun for read_dataset_event_from_classic to 2026-03-17 00:00:00+00:00, run_after=2026-03-18 00:00:00+00:00
[2026-03-18T16:23:56.969+0100] {processor.py:208} INFO - Processing /Users/atanasivanov/ipo-intel/ipo-intel/.venv_airflow/lib/python3.11/site-packages/airflow/example_dags/example_inlet_event_extra.py took 0.244 seconds
[2026-03-18T16:28:03.889+0100] {processor.py:186} INFO - Started process (PID=47752) to work on /Users/atanasivanov/ipo-intel/ipo-intel/.venv_airflow/lib/python3.11/site-packages/airflow/example_dags/example_inlet_event_extra.py
[2026-03-18T16:28:03.890+0100] {processor.py:914} INFO - Processing file /Users/atanasivanov/ipo-intel/ipo-intel/.venv_airflow/lib/python3.11/site-packages/airflow/example_dags/example_inlet_event_extra.py for tasks to queue
[2026-03-18T16:28:03.892+0100] {logging_mixin.py:190} INFO - [2026-03-18T16:28:03.891+0100] {dagbag.py:588} INFO - Filling up the DagBag from /Users/atanasivanov/ipo-intel/ipo-intel/.venv_airflow/lib/python3.11/site-packages/airflow/example_dags/example_inlet_event_extra.py
[2026-03-18T16:28:03.954+0100] {processor.py:925} INFO - DAG(s) 'read_dataset_event_from_classic', 'read_dataset_event' retrieved from /Users/atanasivanov/ipo-intel/ipo-intel/.venv_airflow/lib/python3.11/site-packages/airflow/example_dags/example_inlet_event_extra.py
[2026-03-18T16:28:04.080+0100] {logging_mixin.py:190} INFO - [2026-03-18T16:28:04.079+0100] {dag.py:3239} INFO - Sync 2 DAGs
[2026-03-18T16:28:04.099+0100] {logging_mixin.py:190} INFO - [2026-03-18T16:28:04.099+0100] {dag.py:4180} INFO - Setting next_dagrun for read_dataset_event to 2026-03-17 00:00:00+00:00, run_after=2026-03-18 00:00:00+00:00
[2026-03-18T16:28:04.103+0100] {logging_mixin.py:190} INFO - [2026-03-18T16:28:04.103+0100] {dag.py:4180} INFO - Setting next_dagrun for read_dataset_event_from_classic to 2026-03-17 00:00:00+00:00, run_after=2026-03-18 00:00:00+00:00
[2026-03-18T16:28:04.118+0100] {processor.py:208} INFO - Processing /Users/atanasivanov/ipo-intel/ipo-intel/.venv_airflow/lib/python3.11/site-packages/airflow/example_dags/example_inlet_event_extra.py took 0.234 seconds
[2026-03-18T16:31:56.276+0100] {processor.py:186} INFO - Started process (PID=48601) to work on /Users/atanasivanov/ipo-intel/ipo-intel/.venv_airflow/lib/python3.11/site-packages/airflow/example_dags/example_inlet_event_extra.py
[2026-03-18T16:31:56.277+0100] {processor.py:914} INFO - Processing file /Users/atanasivanov/ipo-intel/ipo-intel/.venv_airflow/lib/python3.11/site-packages/airflow/example_dags/example_inlet_event_extra.py for tasks to queue
[2026-03-18T16:31:56.278+0100] {logging_mixin.py:190} INFO - [2026-03-18T16:31:56.277+0100] {dagbag.py:588} INFO - Filling up the DagBag from /Users/atanasivanov/ipo-intel/ipo-intel/.venv_airflow/lib/python3.11/site-packages/airflow/example_dags/example_inlet_event_extra.py
[2026-03-18T16:31:56.339+0100] {processor.py:925} INFO - DAG(s) 'read_dataset_event', 'read_dataset_event_from_classic' retrieved from /Users/atanasivanov/ipo-intel/ipo-intel/.venv_airflow/lib/python3.11/site-packages/airflow/example_dags/example_inlet_event_extra.py
[2026-03-18T16:31:56.465+0100] {logging_mixin.py:190} INFO - [2026-03-18T16:31:56.464+0100] {dag.py:3239} INFO - Sync 2 DAGs
[2026-03-18T16:31:56.484+0100] {logging_mixin.py:190} INFO - [2026-03-18T16:31:56.483+0100] {dag.py:4180} INFO - Setting next_dagrun for read_dataset_event to 2026-03-17 00:00:00+00:00, run_after=2026-03-18 00:00:00+00:00
[2026-03-18T16:31:56.488+0100] {logging_mixin.py:190} INFO - [2026-03-18T16:31:56.488+0100] {dag.py:4180} INFO - Setting next_dagrun for read_dataset_event_from_classic to 2026-03-17 00:00:00+00:00, run_after=2026-03-18 00:00:00+00:00
[2026-03-18T16:31:56.503+0100] {processor.py:208} INFO - Processing /Users/atanasivanov/ipo-intel/ipo-intel/.venv_airflow/lib/python3.11/site-packages/airflow/example_dags/example_inlet_event_extra.py took 0.232 seconds
[2026-03-18T16:35:46.132+0100] {processor.py:186} INFO - Started process (PID=49440) to work on /Users/atanasivanov/ipo-intel/ipo-intel/.venv_airflow/lib/python3.11/site-packages/airflow/example_dags/example_inlet_event_extra.py
[2026-03-18T16:35:46.133+0100] {processor.py:914} INFO - Processing file /Users/atanasivanov/ipo-intel/ipo-intel/.venv_airflow/lib/python3.11/site-packages/airflow/example_dags/example_inlet_event_extra.py for tasks to queue
[2026-03-18T16:35:46.134+0100] {logging_mixin.py:190} INFO - [2026-03-18T16:35:46.134+0100] {dagbag.py:588} INFO - Filling up the DagBag from /Users/atanasivanov/ipo-intel/ipo-intel/.venv_airflow/lib/python3.11/site-packages/airflow/example_dags/example_inlet_event_extra.py
[2026-03-18T16:35:46.196+0100] {processor.py:925} INFO - DAG(s) 'read_dataset_event', 'read_dataset_event_from_classic' retrieved from /Users/atanasivanov/ipo-intel/ipo-intel/.venv_airflow/lib/python3.11/site-packages/airflow/example_dags/example_inlet_event_extra.py
[2026-03-18T16:35:46.319+0100] {logging_mixin.py:190} INFO - [2026-03-18T16:35:46.319+0100] {dag.py:3239} INFO - Sync 2 DAGs
[2026-03-18T16:35:46.338+0100] {logging_mixin.py:190} INFO - [2026-03-18T16:35:46.338+0100] {dag.py:4180} INFO - Setting next_dagrun for read_dataset_event to 2026-03-17 00:00:00+00:00, run_after=2026-03-18 00:00:00+00:00
[2026-03-18T16:35:46.343+0100] {logging_mixin.py:190} INFO - [2026-03-18T16:35:46.342+0100] {dag.py:4180} INFO - Setting next_dagrun for read_dataset_event_from_classic to 2026-03-17 00:00:00+00:00, run_after=2026-03-18 00:00:00+00:00
[2026-03-18T16:35:46.357+0100] {processor.py:208} INFO - Processing /Users/atanasivanov/ipo-intel/ipo-intel/.venv_airflow/lib/python3.11/site-packages/airflow/example_dags/example_inlet_event_extra.py took 0.230 seconds
[2026-03-18T16:39:32.447+0100] {processor.py:186} INFO - Started process (PID=50553) to work on /Users/atanasivanov/ipo-intel/ipo-intel/.venv_airflow/lib/python3.11/site-packages/airflow/example_dags/example_inlet_event_extra.py
[2026-03-18T16:39:32.449+0100] {processor.py:914} INFO - Processing file /Users/atanasivanov/ipo-intel/ipo-intel/.venv_airflow/lib/python3.11/site-packages/airflow/example_dags/example_inlet_event_extra.py for tasks to queue
[2026-03-18T16:39:32.450+0100] {logging_mixin.py:190} INFO - [2026-03-18T16:39:32.450+0100] {dagbag.py:588} INFO - Filling up the DagBag from /Users/atanasivanov/ipo-intel/ipo-intel/.venv_airflow/lib/python3.11/site-packages/airflow/example_dags/example_inlet_event_extra.py
[2026-03-18T16:39:32.510+0100] {processor.py:925} INFO - DAG(s) 'read_dataset_event_from_classic', 'read_dataset_event' retrieved from /Users/atanasivanov/ipo-intel/ipo-intel/.venv_airflow/lib/python3.11/site-packages/airflow/example_dags/example_inlet_event_extra.py
[2026-03-18T16:39:32.635+0100] {logging_mixin.py:190} INFO - [2026-03-18T16:39:32.635+0100] {dag.py:3239} INFO - Sync 2 DAGs
[2026-03-18T16:39:32.654+0100] {logging_mixin.py:190} INFO - [2026-03-18T16:39:32.654+0100] {dag.py:4180} INFO - Setting next_dagrun for read_dataset_event to 2026-03-17 00:00:00+00:00, run_after=2026-03-18 00:00:00+00:00
[2026-03-18T16:39:32.659+0100] {logging_mixin.py:190} INFO - [2026-03-18T16:39:32.658+0100] {dag.py:4180} INFO - Setting next_dagrun for read_dataset_event_from_classic to 2026-03-17 00:00:00+00:00, run_after=2026-03-18 00:00:00+00:00
[2026-03-18T16:39:32.673+0100] {processor.py:208} INFO - Processing /Users/atanasivanov/ipo-intel/ipo-intel/.venv_airflow/lib/python3.11/site-packages/airflow/example_dags/example_inlet_event_extra.py took 0.231 seconds
[2026-03-18T16:49:15.257+0100] {processor.py:186} INFO - Started process (PID=53483) to work on /Users/atanasivanov/ipo-intel/ipo-intel/.venv_airflow/lib/python3.11/site-packages/airflow/example_dags/example_inlet_event_extra.py
[2026-03-18T16:49:15.258+0100] {processor.py:914} INFO - Processing file /Users/atanasivanov/ipo-intel/ipo-intel/.venv_airflow/lib/python3.11/site-packages/airflow/example_dags/example_inlet_event_extra.py for tasks to queue
[2026-03-18T16:49:15.259+0100] {logging_mixin.py:190} INFO - [2026-03-18T16:49:15.259+0100] {dagbag.py:588} INFO - Filling up the DagBag from /Users/atanasivanov/ipo-intel/ipo-intel/.venv_airflow/lib/python3.11/site-packages/airflow/example_dags/example_inlet_event_extra.py
[2026-03-18T16:49:15.318+0100] {processor.py:925} INFO - DAG(s) 'read_dataset_event_from_classic', 'read_dataset_event' retrieved from /Users/atanasivanov/ipo-intel/ipo-intel/.venv_airflow/lib/python3.11/site-packages/airflow/example_dags/example_inlet_event_extra.py
[2026-03-18T16:49:15.440+0100] {logging_mixin.py:190} INFO - [2026-03-18T16:49:15.440+0100] {dag.py:3239} INFO - Sync 2 DAGs
[2026-03-18T16:49:15.459+0100] {logging_mixin.py:190} INFO - [2026-03-18T16:49:15.459+0100] {dag.py:4180} INFO - Setting next_dagrun for read_dataset_event to 2026-03-17 00:00:00+00:00, run_after=2026-03-18 00:00:00+00:00
[2026-03-18T16:49:15.463+0100] {logging_mixin.py:190} INFO - [2026-03-18T16:49:15.463+0100] {dag.py:4180} INFO - Setting next_dagrun for read_dataset_event_from_classic to 2026-03-17 00:00:00+00:00, run_after=2026-03-18 00:00:00+00:00
[2026-03-18T16:49:15.478+0100] {processor.py:208} INFO - Processing /Users/atanasivanov/ipo-intel/ipo-intel/.venv_airflow/lib/python3.11/site-packages/airflow/example_dags/example_inlet_event_extra.py took 0.226 seconds
[2026-03-18T16:51:47.712+0100] {processor.py:186} INFO - Started process (PID=54033) to work on /Users/atanasivanov/ipo-intel/ipo-intel/.venv_airflow/lib/python3.11/site-packages/airflow/example_dags/example_inlet_event_extra.py
[2026-03-18T16:51:47.713+0100] {processor.py:914} INFO - Processing file /Users/atanasivanov/ipo-intel/ipo-intel/.venv_airflow/lib/python3.11/site-packages/airflow/example_dags/example_inlet_event_extra.py for tasks to queue
[2026-03-18T16:51:47.714+0100] {logging_mixin.py:190} INFO - [2026-03-18T16:51:47.714+0100] {dagbag.py:588} INFO - Filling up the DagBag from /Users/atanasivanov/ipo-intel/ipo-intel/.venv_airflow/lib/python3.11/site-packages/airflow/example_dags/example_inlet_event_extra.py
[2026-03-18T16:51:47.782+0100] {processor.py:925} INFO - DAG(s) 'read_dataset_event', 'read_dataset_event_from_classic' retrieved from /Users/atanasivanov/ipo-intel/ipo-intel/.venv_airflow/lib/python3.11/site-packages/airflow/example_dags/example_inlet_event_extra.py
[2026-03-18T16:51:47.910+0100] {logging_mixin.py:190} INFO - [2026-03-18T16:51:47.910+0100] {dag.py:3239} INFO - Sync 2 DAGs
[2026-03-18T16:51:47.937+0100] {logging_mixin.py:190} INFO - [2026-03-18T16:51:47.936+0100] {dag.py:4180} INFO - Setting next_dagrun for read_dataset_event to 2026-03-17 00:00:00+00:00, run_after=2026-03-18 00:00:00+00:00
[2026-03-18T16:51:47.941+0100] {logging_mixin.py:190} INFO - [2026-03-18T16:51:47.941+0100] {dag.py:4180} INFO - Setting next_dagrun for read_dataset_event_from_classic to 2026-03-17 00:00:00+00:00, run_after=2026-03-18 00:00:00+00:00
[2026-03-18T16:51:47.956+0100] {processor.py:208} INFO - Processing /Users/atanasivanov/ipo-intel/ipo-intel/.venv_airflow/lib/python3.11/site-packages/airflow/example_dags/example_inlet_event_extra.py took 0.249 seconds
[2026-03-18T16:55:59.213+0100] {processor.py:186} INFO - Started process (PID=55253) to work on /Users/atanasivanov/ipo-intel/ipo-intel/.venv_airflow/lib/python3.11/site-packages/airflow/example_dags/example_inlet_event_extra.py
[2026-03-18T16:55:59.214+0100] {processor.py:914} INFO - Processing file /Users/atanasivanov/ipo-intel/ipo-intel/.venv_airflow/lib/python3.11/site-packages/airflow/example_dags/example_inlet_event_extra.py for tasks to queue
[2026-03-18T16:55:59.215+0100] {logging_mixin.py:190} INFO - [2026-03-18T16:55:59.214+0100] {dagbag.py:588} INFO - Filling up the DagBag from /Users/atanasivanov/ipo-intel/ipo-intel/.venv_airflow/lib/python3.11/site-packages/airflow/example_dags/example_inlet_event_extra.py
[2026-03-18T16:55:59.272+0100] {processor.py:925} INFO - DAG(s) 'read_dataset_event_from_classic', 'read_dataset_event' retrieved from /Users/atanasivanov/ipo-intel/ipo-intel/.venv_airflow/lib/python3.11/site-packages/airflow/example_dags/example_inlet_event_extra.py
[2026-03-18T16:55:59.412+0100] {logging_mixin.py:190} INFO - [2026-03-18T16:55:59.411+0100] {dag.py:3239} INFO - Sync 2 DAGs
[2026-03-18T16:55:59.434+0100] {logging_mixin.py:190} INFO - [2026-03-18T16:55:59.433+0100] {dag.py:4180} INFO - Setting next_dagrun for read_dataset_event to 2026-03-17 00:00:00+00:00, run_after=2026-03-18 00:00:00+00:00
[2026-03-18T16:55:59.438+0100] {logging_mixin.py:190} INFO - [2026-03-18T16:55:59.438+0100] {dag.py:4180} INFO - Setting next_dagrun for read_dataset_event_from_classic to 2026-03-17 00:00:00+00:00, run_after=2026-03-18 00:00:00+00:00
[2026-03-18T16:55:59.454+0100] {processor.py:208} INFO - Processing /Users/atanasivanov/ipo-intel/ipo-intel/.venv_airflow/lib/python3.11/site-packages/airflow/example_dags/example_inlet_event_extra.py took 0.246 seconds
[2026-03-18T17:00:06.596+0100] {processor.py:186} INFO - Started process (PID=56170) to work on /Users/atanasivanov/ipo-intel/ipo-intel/.venv_airflow/lib/python3.11/site-packages/airflow/example_dags/example_inlet_event_extra.py
[2026-03-18T17:00:06.597+0100] {processor.py:914} INFO - Processing file /Users/atanasivanov/ipo-intel/ipo-intel/.venv_airflow/lib/python3.11/site-packages/airflow/example_dags/example_inlet_event_extra.py for tasks to queue
[2026-03-18T17:00:06.598+0100] {logging_mixin.py:190} INFO - [2026-03-18T17:00:06.598+0100] {dagbag.py:588} INFO - Filling up the DagBag from /Users/atanasivanov/ipo-intel/ipo-intel/.venv_airflow/lib/python3.11/site-packages/airflow/example_dags/example_inlet_event_extra.py
[2026-03-18T17:00:06.666+0100] {processor.py:925} INFO - DAG(s) 'read_dataset_event', 'read_dataset_event_from_classic' retrieved from /Users/atanasivanov/ipo-intel/ipo-intel/.venv_airflow/lib/python3.11/site-packages/airflow/example_dags/example_inlet_event_extra.py
[2026-03-18T17:00:06.795+0100] {logging_mixin.py:190} INFO - [2026-03-18T17:00:06.795+0100] {dag.py:3239} INFO - Sync 2 DAGs
[2026-03-18T17:00:06.815+0100] {logging_mixin.py:190} INFO - [2026-03-18T17:00:06.815+0100] {dag.py:4180} INFO - Setting next_dagrun for read_dataset_event to 2026-03-17 00:00:00+00:00, run_after=2026-03-18 00:00:00+00:00
[2026-03-18T17:00:06.820+0100] {logging_mixin.py:190} INFO - [2026-03-18T17:00:06.820+0100] {dag.py:4180} INFO - Setting next_dagrun for read_dataset_event_from_classic to 2026-03-17 00:00:00+00:00, run_after=2026-03-18 00:00:00+00:00
[2026-03-18T17:00:06.833+0100] {processor.py:208} INFO - Processing /Users/atanasivanov/ipo-intel/ipo-intel/.venv_airflow/lib/python3.11/site-packages/airflow/example_dags/example_inlet_event_extra.py took 0.244 seconds
[2026-03-18T17:03:58.519+0100] {processor.py:186} INFO - Started process (PID=57015) to work on /Users/atanasivanov/ipo-intel/ipo-intel/.venv_airflow/lib/python3.11/site-packages/airflow/example_dags/example_inlet_event_extra.py
[2026-03-18T17:03:58.520+0100] {processor.py:914} INFO - Processing file /Users/atanasivanov/ipo-intel/ipo-intel/.venv_airflow/lib/python3.11/site-packages/airflow/example_dags/example_inlet_event_extra.py for tasks to queue
[2026-03-18T17:03:58.521+0100] {logging_mixin.py:190} INFO - [2026-03-18T17:03:58.521+0100] {dagbag.py:588} INFO - Filling up the DagBag from /Users/atanasivanov/ipo-intel/ipo-intel/.venv_airflow/lib/python3.11/site-packages/airflow/example_dags/example_inlet_event_extra.py
[2026-03-18T17:03:58.579+0100] {processor.py:925} INFO - DAG(s) 'read_dataset_event', 'read_dataset_event_from_classic' retrieved from /Users/atanasivanov/ipo-intel/ipo-intel/.venv_airflow/lib/python3.11/site-packages/airflow/example_dags/example_inlet_event_extra.py
[2026-03-18T17:03:58.702+0100] {logging_mixin.py:190} INFO - [2026-03-18T17:03:58.702+0100] {dag.py:3239} INFO - Sync 2 DAGs
[2026-03-18T17:03:58.719+0100] {logging_mixin.py:190} INFO - [2026-03-18T17:03:58.719+0100] {dag.py:4180} INFO - Setting next_dagrun for read_dataset_event to 2026-03-17 00:00:00+00:00, run_after=2026-03-18 00:00:00+00:00
[2026-03-18T17:03:58.723+0100] {logging_mixin.py:190} INFO - [2026-03-18T17:03:58.723+0100] {dag.py:4180} INFO - Setting next_dagrun for read_dataset_event_from_classic to 2026-03-17 00:00:00+00:00, run_after=2026-03-18 00:00:00+00:00
[2026-03-18T17:03:58.736+0100] {processor.py:208} INFO - Processing /Users/atanasivanov/ipo-intel/ipo-intel/.venv_airflow/lib/python3.11/site-packages/airflow/example_dags/example_inlet_event_extra.py took 0.223 seconds
[2026-03-18T17:07:48.891+0100] {processor.py:186} INFO - Started process (PID=57863) to work on /Users/atanasivanov/ipo-intel/ipo-intel/.venv_airflow/lib/python3.11/site-packages/airflow/example_dags/example_inlet_event_extra.py
[2026-03-18T17:07:48.891+0100] {processor.py:914} INFO - Processing file /Users/atanasivanov/ipo-intel/ipo-intel/.venv_airflow/lib/python3.11/site-packages/airflow/example_dags/example_inlet_event_extra.py for tasks to queue
[2026-03-18T17:07:48.892+0100] {logging_mixin.py:190} INFO - [2026-03-18T17:07:48.892+0100] {dagbag.py:588} INFO - Filling up the DagBag from /Users/atanasivanov/ipo-intel/ipo-intel/.venv_airflow/lib/python3.11/site-packages/airflow/example_dags/example_inlet_event_extra.py
[2026-03-18T17:07:48.950+0100] {processor.py:925} INFO - DAG(s) 'read_dataset_event', 'read_dataset_event_from_classic' retrieved from /Users/atanasivanov/ipo-intel/ipo-intel/.venv_airflow/lib/python3.11/site-packages/airflow/example_dags/example_inlet_event_extra.py
[2026-03-18T17:07:49.074+0100] {logging_mixin.py:190} INFO - [2026-03-18T17:07:49.074+0100] {dag.py:3239} INFO - Sync 2 DAGs
[2026-03-18T17:07:49.093+0100] {logging_mixin.py:190} INFO - [2026-03-18T17:07:49.092+0100] {dag.py:4180} INFO - Setting next_dagrun for read_dataset_event to 2026-03-17 00:00:00+00:00, run_after=2026-03-18 00:00:00+00:00
[2026-03-18T17:07:49.097+0100] {logging_mixin.py:190} INFO - [2026-03-18T17:07:49.097+0100] {dag.py:4180} INFO - Setting next_dagrun for read_dataset_event_from_classic to 2026-03-17 00:00:00+00:00, run_after=2026-03-18 00:00:00+00:00
[2026-03-18T17:07:49.112+0100] {processor.py:208} INFO - Processing /Users/atanasivanov/ipo-intel/ipo-intel/.venv_airflow/lib/python3.11/site-packages/airflow/example_dags/example_inlet_event_extra.py took 0.228 seconds
[2026-03-18T17:11:48.896+0100] {processor.py:186} INFO - Started process (PID=58811) to work on /Users/atanasivanov/ipo-intel/ipo-intel/.venv_airflow/lib/python3.11/site-packages/airflow/example_dags/example_inlet_event_extra.py
[2026-03-18T17:11:48.897+0100] {processor.py:914} INFO - Processing file /Users/atanasivanov/ipo-intel/ipo-intel/.venv_airflow/lib/python3.11/site-packages/airflow/example_dags/example_inlet_event_extra.py for tasks to queue
[2026-03-18T17:11:48.898+0100] {logging_mixin.py:190} INFO - [2026-03-18T17:11:48.898+0100] {dagbag.py:588} INFO - Filling up the DagBag from /Users/atanasivanov/ipo-intel/ipo-intel/.venv_airflow/lib/python3.11/site-packages/airflow/example_dags/example_inlet_event_extra.py
[2026-03-18T17:11:48.958+0100] {processor.py:925} INFO - DAG(s) 'read_dataset_event', 'read_dataset_event_from_classic' retrieved from /Users/atanasivanov/ipo-intel/ipo-intel/.venv_airflow/lib/python3.11/site-packages/airflow/example_dags/example_inlet_event_extra.py
[2026-03-18T17:11:49.083+0100] {logging_mixin.py:190} INFO - [2026-03-18T17:11:49.083+0100] {dag.py:3239} INFO - Sync 2 DAGs
[2026-03-18T17:11:49.102+0100] {logging_mixin.py:190} INFO - [2026-03-18T17:11:49.102+0100] {dag.py:4180} INFO - Setting next_dagrun for read_dataset_event to 2026-03-17 00:00:00+00:00, run_after=2026-03-18 00:00:00+00:00
[2026-03-18T17:11:49.106+0100] {logging_mixin.py:190} INFO - [2026-03-18T17:11:49.106+0100] {dag.py:4180} INFO - Setting next_dagrun for read_dataset_event_from_classic to 2026-03-17 00:00:00+00:00, run_after=2026-03-18 00:00:00+00:00
[2026-03-18T17:11:49.121+0100] {processor.py:208} INFO - Processing /Users/atanasivanov/ipo-intel/ipo-intel/.venv_airflow/lib/python3.11/site-packages/airflow/example_dags/example_inlet_event_extra.py took 0.230 seconds
