[2026-03-18T16:15:50.309+0100] {processor.py:186} INFO - Started process (PID=44387) to work on /Users/atanasivanov/ipo-intel/ipo-intel/.venv_airflow/lib/python3.11/site-packages/airflow/example_dags/example_xcomargs.py
[2026-03-18T16:15:50.310+0100] {processor.py:914} INFO - Processing file /Users/atanasivanov/ipo-intel/ipo-intel/.venv_airflow/lib/python3.11/site-packages/airflow/example_dags/example_xcomargs.py for tasks to queue
[2026-03-18T16:15:50.311+0100] {logging_mixin.py:190} INFO - [2026-03-18T16:15:50.311+0100] {dagbag.py:588} INFO - Filling up the DagBag from /Users/atanasivanov/ipo-intel/ipo-intel/.venv_airflow/lib/python3.11/site-packages/airflow/example_dags/example_xcomargs.py
[2026-03-18T16:15:50.353+0100] {processor.py:925} INFO - DAG(s) 'example_xcom_args', 'example_xcom_args_with_operators' retrieved from /Users/atanasivanov/ipo-intel/ipo-intel/.venv_airflow/lib/python3.11/site-packages/airflow/example_dags/example_xcomargs.py
[2026-03-18T16:15:50.575+0100] {logging_mixin.py:190} INFO - [2026-03-18T16:15:50.575+0100] {override.py:1912} INFO - Created Permission View: can delete on DAG:example_xcom_args
[2026-03-18T16:15:50.583+0100] {logging_mixin.py:190} INFO - [2026-03-18T16:15:50.583+0100] {override.py:1912} INFO - Created Permission View: can edit on DAG:example_xcom_args
[2026-03-18T16:15:50.590+0100] {logging_mixin.py:190} INFO - [2026-03-18T16:15:50.589+0100] {override.py:1912} INFO - Created Permission View: can read on DAG:example_xcom_args
[2026-03-18T16:15:50.597+0100] {logging_mixin.py:190} INFO - [2026-03-18T16:15:50.596+0100] {override.py:1912} INFO - Created Permission View: can delete on DAG Run:example_xcom_args
[2026-03-18T16:15:50.602+0100] {logging_mixin.py:190} INFO - [2026-03-18T16:15:50.602+0100] {override.py:1912} INFO - Created Permission View: menu access on DAG Run:example_xcom_args
[2026-03-18T16:15:50.609+0100] {logging_mixin.py:190} INFO - [2026-03-18T16:15:50.608+0100] {override.py:1912} INFO - Created Permission View: can create on DAG Run:example_xcom_args
[2026-03-18T16:15:50.614+0100] {logging_mixin.py:190} INFO - [2026-03-18T16:15:50.614+0100] {override.py:1912} INFO - Created Permission View: can read on DAG Run:example_xcom_args
[2026-03-18T16:15:50.627+0100] {logging_mixin.py:190} INFO - [2026-03-18T16:15:50.627+0100] {override.py:1912} INFO - Created Permission View: can delete on DAG:example_xcom_args_with_operators
[2026-03-18T16:15:50.632+0100] {logging_mixin.py:190} INFO - [2026-03-18T16:15:50.631+0100] {override.py:1912} INFO - Created Permission View: can edit on DAG:example_xcom_args_with_operators
[2026-03-18T16:15:50.638+0100] {logging_mixin.py:190} INFO - [2026-03-18T16:15:50.637+0100] {override.py:1912} INFO - Created Permission View: can read on DAG:example_xcom_args_with_operators
[2026-03-18T16:15:50.645+0100] {logging_mixin.py:190} INFO - [2026-03-18T16:15:50.644+0100] {override.py:1912} INFO - Created Permission View: can delete on DAG Run:example_xcom_args_with_operators
[2026-03-18T16:15:50.650+0100] {logging_mixin.py:190} INFO - [2026-03-18T16:15:50.650+0100] {override.py:1912} INFO - Created Permission View: menu access on DAG Run:example_xcom_args_with_operators
[2026-03-18T16:15:50.656+0100] {logging_mixin.py:190} INFO - [2026-03-18T16:15:50.656+0100] {override.py:1912} INFO - Created Permission View: can create on DAG Run:example_xcom_args_with_operators
[2026-03-18T16:15:50.661+0100] {logging_mixin.py:190} INFO - [2026-03-18T16:15:50.661+0100] {override.py:1912} INFO - Created Permission View: can read on DAG Run:example_xcom_args_with_operators
[2026-03-18T16:15:50.662+0100] {logging_mixin.py:190} INFO - [2026-03-18T16:15:50.662+0100] {dag.py:3239} INFO - Sync 2 DAGs
[2026-03-18T16:15:50.673+0100] {logging_mixin.py:190} INFO - [2026-03-18T16:15:50.673+0100] {dag.py:3262} INFO - Creating ORM DAG for example_xcom_args_with_operators
[2026-03-18T16:15:50.674+0100] {logging_mixin.py:190} INFO - [2026-03-18T16:15:50.673+0100] {dag.py:3262} INFO - Creating ORM DAG for example_xcom_args
[2026-03-18T16:15:50.674+0100] {logging_mixin.py:190} INFO - [2026-03-18T16:15:50.674+0100] {dag.py:4180} INFO - Setting next_dagrun for example_xcom_args to None, run_after=None
[2026-03-18T16:15:50.674+0100] {logging_mixin.py:190} INFO - [2026-03-18T16:15:50.674+0100] {dag.py:4180} INFO - Setting next_dagrun for example_xcom_args_with_operators to None, run_after=None
[2026-03-18T16:15:50.691+0100] {processor.py:208} INFO - Processing /Users/atanasivanov/ipo-intel/ipo-intel/.venv_airflow/lib/python3.11/site-packages/airflow/example_dags/example_xcomargs.py took 0.387 seconds
[2026-03-18T16:20:02.396+0100] {processor.py:186} INFO - Started process (PID=45250) to work on /Users/atanasivanov/ipo-intel/ipo-intel/.venv_airflow/lib/python3.11/site-packages/airflow/example_dags/example_xcomargs.py
[2026-03-18T16:20:02.397+0100] {processor.py:914} INFO - Processing file /Users/atanasivanov/ipo-intel/ipo-intel/.venv_airflow/lib/python3.11/site-packages/airflow/example_dags/example_xcomargs.py for tasks to queue
[2026-03-18T16:20:02.398+0100] {logging_mixin.py:190} INFO - [2026-03-18T16:20:02.398+0100] {dagbag.py:588} INFO - Filling up the DagBag from /Users/atanasivanov/ipo-intel/ipo-intel/.venv_airflow/lib/python3.11/site-packages/airflow/example_dags/example_xcomargs.py
[2026-03-18T16:20:02.436+0100] {processor.py:925} INFO - DAG(s) 'example_xcom_args_with_operators', 'example_xcom_args' retrieved from /Users/atanasivanov/ipo-intel/ipo-intel/.venv_airflow/lib/python3.11/site-packages/airflow/example_dags/example_xcomargs.py
[2026-03-18T16:20:02.521+0100] {logging_mixin.py:190} INFO - [2026-03-18T16:20:02.521+0100] {dag.py:3239} INFO - Sync 2 DAGs
[2026-03-18T16:20:02.582+0100] {logging_mixin.py:190} INFO - [2026-03-18T16:20:02.582+0100] {dag.py:4180} INFO - Setting next_dagrun for example_xcom_args to None, run_after=None
[2026-03-18T16:20:02.585+0100] {logging_mixin.py:190} INFO - [2026-03-18T16:20:02.585+0100] {dag.py:4180} INFO - Setting next_dagrun for example_xcom_args_with_operators to None, run_after=None
[2026-03-18T16:20:02.600+0100] {processor.py:208} INFO - Processing /Users/atanasivanov/ipo-intel/ipo-intel/.venv_airflow/lib/python3.11/site-packages/airflow/example_dags/example_xcomargs.py took 0.209 seconds
[2026-03-18T16:22:41.251+0100] {processor.py:186} INFO - Started process (PID=45880) to work on /Users/atanasivanov/ipo-intel/ipo-intel/.venv_airflow/lib/python3.11/site-packages/airflow/example_dags/example_xcomargs.py
[2026-03-18T16:22:41.252+0100] {processor.py:914} INFO - Processing file /Users/atanasivanov/ipo-intel/ipo-intel/.venv_airflow/lib/python3.11/site-packages/airflow/example_dags/example_xcomargs.py for tasks to queue
[2026-03-18T16:22:41.252+0100] {logging_mixin.py:190} INFO - [2026-03-18T16:22:41.252+0100] {dagbag.py:588} INFO - Filling up the DagBag from /Users/atanasivanov/ipo-intel/ipo-intel/.venv_airflow/lib/python3.11/site-packages/airflow/example_dags/example_xcomargs.py
[2026-03-18T16:22:41.286+0100] {processor.py:925} INFO - DAG(s) 'example_xcom_args', 'example_xcom_args_with_operators' retrieved from /Users/atanasivanov/ipo-intel/ipo-intel/.venv_airflow/lib/python3.11/site-packages/airflow/example_dags/example_xcomargs.py
[2026-03-18T16:22:41.366+0100] {logging_mixin.py:190} INFO - [2026-03-18T16:22:41.365+0100] {dag.py:3239} INFO - Sync 2 DAGs
[2026-03-18T16:22:41.427+0100] {logging_mixin.py:190} INFO - [2026-03-18T16:22:41.427+0100] {dag.py:4180} INFO - Setting next_dagrun for example_xcom_args to None, run_after=None
[2026-03-18T16:22:41.430+0100] {logging_mixin.py:190} INFO - [2026-03-18T16:22:41.430+0100] {dag.py:4180} INFO - Setting next_dagrun for example_xcom_args_with_operators to None, run_after=None
[2026-03-18T16:22:41.450+0100] {processor.py:208} INFO - Processing /Users/atanasivanov/ipo-intel/ipo-intel/.venv_airflow/lib/python3.11/site-packages/airflow/example_dags/example_xcomargs.py took 0.205 seconds
[2026-03-18T16:24:48.780+0100] {processor.py:186} INFO - Started process (PID=46342) to work on /Users/atanasivanov/ipo-intel/ipo-intel/.venv_airflow/lib/python3.11/site-packages/airflow/example_dags/example_xcomargs.py
[2026-03-18T16:24:48.781+0100] {processor.py:914} INFO - Processing file /Users/atanasivanov/ipo-intel/ipo-intel/.venv_airflow/lib/python3.11/site-packages/airflow/example_dags/example_xcomargs.py for tasks to queue
[2026-03-18T16:24:48.782+0100] {logging_mixin.py:190} INFO - [2026-03-18T16:24:48.782+0100] {dagbag.py:588} INFO - Filling up the DagBag from /Users/atanasivanov/ipo-intel/ipo-intel/.venv_airflow/lib/python3.11/site-packages/airflow/example_dags/example_xcomargs.py
[2026-03-18T16:24:48.818+0100] {processor.py:925} INFO - DAG(s) 'example_xcom_args', 'example_xcom_args_with_operators' retrieved from /Users/atanasivanov/ipo-intel/ipo-intel/.venv_airflow/lib/python3.11/site-packages/airflow/example_dags/example_xcomargs.py
[2026-03-18T16:24:48.895+0100] {logging_mixin.py:190} INFO - [2026-03-18T16:24:48.895+0100] {dag.py:3239} INFO - Sync 2 DAGs
[2026-03-18T16:24:48.956+0100] {logging_mixin.py:190} INFO - [2026-03-18T16:24:48.955+0100] {dag.py:4180} INFO - Setting next_dagrun for example_xcom_args to None, run_after=None
[2026-03-18T16:24:48.959+0100] {logging_mixin.py:190} INFO - [2026-03-18T16:24:48.958+0100] {dag.py:4180} INFO - Setting next_dagrun for example_xcom_args_with_operators to None, run_after=None
[2026-03-18T16:24:48.974+0100] {processor.py:208} INFO - Processing /Users/atanasivanov/ipo-intel/ipo-intel/.venv_airflow/lib/python3.11/site-packages/airflow/example_dags/example_xcomargs.py took 0.198 seconds
[2026-03-18T16:26:49.321+0100] {processor.py:186} INFO - Started process (PID=46794) to work on /Users/atanasivanov/ipo-intel/ipo-intel/.venv_airflow/lib/python3.11/site-packages/airflow/example_dags/example_xcomargs.py
[2026-03-18T16:26:49.322+0100] {processor.py:914} INFO - Processing file /Users/atanasivanov/ipo-intel/ipo-intel/.venv_airflow/lib/python3.11/site-packages/airflow/example_dags/example_xcomargs.py for tasks to queue
[2026-03-18T16:26:49.323+0100] {logging_mixin.py:190} INFO - [2026-03-18T16:26:49.323+0100] {dagbag.py:588} INFO - Filling up the DagBag from /Users/atanasivanov/ipo-intel/ipo-intel/.venv_airflow/lib/python3.11/site-packages/airflow/example_dags/example_xcomargs.py
[2026-03-18T16:26:49.358+0100] {processor.py:925} INFO - DAG(s) 'example_xcom_args_with_operators', 'example_xcom_args' retrieved from /Users/atanasivanov/ipo-intel/ipo-intel/.venv_airflow/lib/python3.11/site-packages/airflow/example_dags/example_xcomargs.py
[2026-03-18T16:26:49.439+0100] {logging_mixin.py:190} INFO - [2026-03-18T16:26:49.439+0100] {dag.py:3239} INFO - Sync 2 DAGs
[2026-03-18T16:26:49.501+0100] {logging_mixin.py:190} INFO - [2026-03-18T16:26:49.501+0100] {dag.py:4180} INFO - Setting next_dagrun for example_xcom_args to None, run_after=None
[2026-03-18T16:26:49.505+0100] {logging_mixin.py:190} INFO - [2026-03-18T16:26:49.504+0100] {dag.py:4180} INFO - Setting next_dagrun for example_xcom_args_with_operators to None, run_after=None
[2026-03-18T16:26:49.520+0100] {processor.py:208} INFO - Processing /Users/atanasivanov/ipo-intel/ipo-intel/.venv_airflow/lib/python3.11/site-packages/airflow/example_dags/example_xcomargs.py took 0.204 seconds
[2026-03-18T16:28:52.156+0100] {processor.py:186} INFO - Started process (PID=47933) to work on /Users/atanasivanov/ipo-intel/ipo-intel/.venv_airflow/lib/python3.11/site-packages/airflow/example_dags/example_xcomargs.py
[2026-03-18T16:28:52.157+0100] {processor.py:914} INFO - Processing file /Users/atanasivanov/ipo-intel/ipo-intel/.venv_airflow/lib/python3.11/site-packages/airflow/example_dags/example_xcomargs.py for tasks to queue
[2026-03-18T16:28:52.158+0100] {logging_mixin.py:190} INFO - [2026-03-18T16:28:52.158+0100] {dagbag.py:588} INFO - Filling up the DagBag from /Users/atanasivanov/ipo-intel/ipo-intel/.venv_airflow/lib/python3.11/site-packages/airflow/example_dags/example_xcomargs.py
[2026-03-18T16:28:52.189+0100] {processor.py:925} INFO - DAG(s) 'example_xcom_args_with_operators', 'example_xcom_args' retrieved from /Users/atanasivanov/ipo-intel/ipo-intel/.venv_airflow/lib/python3.11/site-packages/airflow/example_dags/example_xcomargs.py
[2026-03-18T16:28:52.268+0100] {logging_mixin.py:190} INFO - [2026-03-18T16:28:52.268+0100] {dag.py:3239} INFO - Sync 2 DAGs
[2026-03-18T16:28:52.324+0100] {logging_mixin.py:190} INFO - [2026-03-18T16:28:52.324+0100] {dag.py:4180} INFO - Setting next_dagrun for example_xcom_args to None, run_after=None
[2026-03-18T16:28:52.327+0100] {logging_mixin.py:190} INFO - [2026-03-18T16:28:52.327+0100] {dag.py:4180} INFO - Setting next_dagrun for example_xcom_args_with_operators to None, run_after=None
[2026-03-18T16:28:52.341+0100] {processor.py:208} INFO - Processing /Users/atanasivanov/ipo-intel/ipo-intel/.venv_airflow/lib/python3.11/site-packages/airflow/example_dags/example_xcomargs.py took 0.190 seconds
[2026-03-18T16:30:49.894+0100] {processor.py:186} INFO - Started process (PID=48359) to work on /Users/atanasivanov/ipo-intel/ipo-intel/.venv_airflow/lib/python3.11/site-packages/airflow/example_dags/example_xcomargs.py
[2026-03-18T16:30:49.895+0100] {processor.py:914} INFO - Processing file /Users/atanasivanov/ipo-intel/ipo-intel/.venv_airflow/lib/python3.11/site-packages/airflow/example_dags/example_xcomargs.py for tasks to queue
[2026-03-18T16:30:49.896+0100] {logging_mixin.py:190} INFO - [2026-03-18T16:30:49.896+0100] {dagbag.py:588} INFO - Filling up the DagBag from /Users/atanasivanov/ipo-intel/ipo-intel/.venv_airflow/lib/python3.11/site-packages/airflow/example_dags/example_xcomargs.py
[2026-03-18T16:30:49.933+0100] {processor.py:925} INFO - DAG(s) 'example_xcom_args_with_operators', 'example_xcom_args' retrieved from /Users/atanasivanov/ipo-intel/ipo-intel/.venv_airflow/lib/python3.11/site-packages/airflow/example_dags/example_xcomargs.py
[2026-03-18T16:30:50.014+0100] {logging_mixin.py:190} INFO - [2026-03-18T16:30:50.013+0100] {dag.py:3239} INFO - Sync 2 DAGs
[2026-03-18T16:30:50.076+0100] {logging_mixin.py:190} INFO - [2026-03-18T16:30:50.076+0100] {dag.py:4180} INFO - Setting next_dagrun for example_xcom_args to None, run_after=None
[2026-03-18T16:30:50.079+0100] {logging_mixin.py:190} INFO - [2026-03-18T16:30:50.079+0100] {dag.py:4180} INFO - Setting next_dagrun for example_xcom_args_with_operators to None, run_after=None
[2026-03-18T16:30:50.094+0100] {processor.py:208} INFO - Processing /Users/atanasivanov/ipo-intel/ipo-intel/.venv_airflow/lib/python3.11/site-packages/airflow/example_dags/example_xcomargs.py took 0.206 seconds
[2026-03-18T16:32:42.554+0100] {processor.py:186} INFO - Started process (PID=48761) to work on /Users/atanasivanov/ipo-intel/ipo-intel/.venv_airflow/lib/python3.11/site-packages/airflow/example_dags/example_xcomargs.py
[2026-03-18T16:32:42.555+0100] {processor.py:914} INFO - Processing file /Users/atanasivanov/ipo-intel/ipo-intel/.venv_airflow/lib/python3.11/site-packages/airflow/example_dags/example_xcomargs.py for tasks to queue
[2026-03-18T16:32:42.556+0100] {logging_mixin.py:190} INFO - [2026-03-18T16:32:42.556+0100] {dagbag.py:588} INFO - Filling up the DagBag from /Users/atanasivanov/ipo-intel/ipo-intel/.venv_airflow/lib/python3.11/site-packages/airflow/example_dags/example_xcomargs.py
[2026-03-18T16:32:42.592+0100] {processor.py:925} INFO - DAG(s) 'example_xcom_args', 'example_xcom_args_with_operators' retrieved from /Users/atanasivanov/ipo-intel/ipo-intel/.venv_airflow/lib/python3.11/site-packages/airflow/example_dags/example_xcomargs.py
[2026-03-18T16:32:42.672+0100] {logging_mixin.py:190} INFO - [2026-03-18T16:32:42.671+0100] {dag.py:3239} INFO - Sync 2 DAGs
[2026-03-18T16:32:42.730+0100] {logging_mixin.py:190} INFO - [2026-03-18T16:32:42.730+0100] {dag.py:4180} INFO - Setting next_dagrun for example_xcom_args to None, run_after=None
[2026-03-18T16:32:42.733+0100] {logging_mixin.py:190} INFO - [2026-03-18T16:32:42.733+0100] {dag.py:4180} INFO - Setting next_dagrun for example_xcom_args_with_operators to None, run_after=None
[2026-03-18T16:32:42.748+0100] {processor.py:208} INFO - Processing /Users/atanasivanov/ipo-intel/ipo-intel/.venv_airflow/lib/python3.11/site-packages/airflow/example_dags/example_xcomargs.py took 0.199 seconds
[2026-03-18T16:34:35.677+0100] {processor.py:186} INFO - Started process (PID=49184) to work on /Users/atanasivanov/ipo-intel/ipo-intel/.venv_airflow/lib/python3.11/site-packages/airflow/example_dags/example_xcomargs.py
[2026-03-18T16:34:35.678+0100] {processor.py:914} INFO - Processing file /Users/atanasivanov/ipo-intel/ipo-intel/.venv_airflow/lib/python3.11/site-packages/airflow/example_dags/example_xcomargs.py for tasks to queue
[2026-03-18T16:34:35.679+0100] {logging_mixin.py:190} INFO - [2026-03-18T16:34:35.679+0100] {dagbag.py:588} INFO - Filling up the DagBag from /Users/atanasivanov/ipo-intel/ipo-intel/.venv_airflow/lib/python3.11/site-packages/airflow/example_dags/example_xcomargs.py
[2026-03-18T16:34:35.714+0100] {processor.py:925} INFO - DAG(s) 'example_xcom_args_with_operators', 'example_xcom_args' retrieved from /Users/atanasivanov/ipo-intel/ipo-intel/.venv_airflow/lib/python3.11/site-packages/airflow/example_dags/example_xcomargs.py
[2026-03-18T16:34:35.792+0100] {logging_mixin.py:190} INFO - [2026-03-18T16:34:35.791+0100] {dag.py:3239} INFO - Sync 2 DAGs
[2026-03-18T16:34:35.851+0100] {logging_mixin.py:190} INFO - [2026-03-18T16:34:35.851+0100] {dag.py:4180} INFO - Setting next_dagrun for example_xcom_args to None, run_after=None
[2026-03-18T16:34:35.854+0100] {logging_mixin.py:190} INFO - [2026-03-18T16:34:35.854+0100] {dag.py:4180} INFO - Setting next_dagrun for example_xcom_args_with_operators to None, run_after=None
[2026-03-18T16:34:35.868+0100] {processor.py:208} INFO - Processing /Users/atanasivanov/ipo-intel/ipo-intel/.venv_airflow/lib/python3.11/site-packages/airflow/example_dags/example_xcomargs.py took 0.195 seconds
[2026-03-18T16:36:31.675+0100] {processor.py:186} INFO - Started process (PID=49602) to work on /Users/atanasivanov/ipo-intel/ipo-intel/.venv_airflow/lib/python3.11/site-packages/airflow/example_dags/example_xcomargs.py
[2026-03-18T16:36:31.676+0100] {processor.py:914} INFO - Processing file /Users/atanasivanov/ipo-intel/ipo-intel/.venv_airflow/lib/python3.11/site-packages/airflow/example_dags/example_xcomargs.py for tasks to queue
[2026-03-18T16:36:31.677+0100] {logging_mixin.py:190} INFO - [2026-03-18T16:36:31.677+0100] {dagbag.py:588} INFO - Filling up the DagBag from /Users/atanasivanov/ipo-intel/ipo-intel/.venv_airflow/lib/python3.11/site-packages/airflow/example_dags/example_xcomargs.py
[2026-03-18T16:36:31.718+0100] {processor.py:925} INFO - DAG(s) 'example_xcom_args', 'example_xcom_args_with_operators' retrieved from /Users/atanasivanov/ipo-intel/ipo-intel/.venv_airflow/lib/python3.11/site-packages/airflow/example_dags/example_xcomargs.py
[2026-03-18T16:36:31.798+0100] {logging_mixin.py:190} INFO - [2026-03-18T16:36:31.798+0100] {dag.py:3239} INFO - Sync 2 DAGs
[2026-03-18T16:36:31.856+0100] {logging_mixin.py:190} INFO - [2026-03-18T16:36:31.856+0100] {dag.py:4180} INFO - Setting next_dagrun for example_xcom_args to None, run_after=None
[2026-03-18T16:36:31.859+0100] {logging_mixin.py:190} INFO - [2026-03-18T16:36:31.859+0100] {dag.py:4180} INFO - Setting next_dagrun for example_xcom_args_with_operators to None, run_after=None
[2026-03-18T16:36:31.874+0100] {processor.py:208} INFO - Processing /Users/atanasivanov/ipo-intel/ipo-intel/.venv_airflow/lib/python3.11/site-packages/airflow/example_dags/example_xcomargs.py took 0.204 seconds
[2026-03-18T16:38:23.377+0100] {processor.py:186} INFO - Started process (PID=50010) to work on /Users/atanasivanov/ipo-intel/ipo-intel/.venv_airflow/lib/python3.11/site-packages/airflow/example_dags/example_xcomargs.py
[2026-03-18T16:38:23.378+0100] {processor.py:914} INFO - Processing file /Users/atanasivanov/ipo-intel/ipo-intel/.venv_airflow/lib/python3.11/site-packages/airflow/example_dags/example_xcomargs.py for tasks to queue
[2026-03-18T16:38:23.379+0100] {logging_mixin.py:190} INFO - [2026-03-18T16:38:23.379+0100] {dagbag.py:588} INFO - Filling up the DagBag from /Users/atanasivanov/ipo-intel/ipo-intel/.venv_airflow/lib/python3.11/site-packages/airflow/example_dags/example_xcomargs.py
[2026-03-18T16:38:23.415+0100] {processor.py:925} INFO - DAG(s) 'example_xcom_args_with_operators', 'example_xcom_args' retrieved from /Users/atanasivanov/ipo-intel/ipo-intel/.venv_airflow/lib/python3.11/site-packages/airflow/example_dags/example_xcomargs.py
[2026-03-18T16:38:23.496+0100] {logging_mixin.py:190} INFO - [2026-03-18T16:38:23.495+0100] {dag.py:3239} INFO - Sync 2 DAGs
[2026-03-18T16:38:23.553+0100] {logging_mixin.py:190} INFO - [2026-03-18T16:38:23.552+0100] {dag.py:4180} INFO - Setting next_dagrun for example_xcom_args to None, run_after=None
[2026-03-18T16:38:23.556+0100] {logging_mixin.py:190} INFO - [2026-03-18T16:38:23.555+0100] {dag.py:4180} INFO - Setting next_dagrun for example_xcom_args_with_operators to None, run_after=None
[2026-03-18T16:38:23.571+0100] {processor.py:208} INFO - Processing /Users/atanasivanov/ipo-intel/ipo-intel/.venv_airflow/lib/python3.11/site-packages/airflow/example_dags/example_xcomargs.py took 0.199 seconds
[2026-03-18T16:40:24.890+0100] {processor.py:186} INFO - Started process (PID=51319) to work on /Users/atanasivanov/ipo-intel/ipo-intel/.venv_airflow/lib/python3.11/site-packages/airflow/example_dags/example_xcomargs.py
[2026-03-18T16:40:24.891+0100] {processor.py:914} INFO - Processing file /Users/atanasivanov/ipo-intel/ipo-intel/.venv_airflow/lib/python3.11/site-packages/airflow/example_dags/example_xcomargs.py for tasks to queue
[2026-03-18T16:40:24.892+0100] {logging_mixin.py:190} INFO - [2026-03-18T16:40:24.892+0100] {dagbag.py:588} INFO - Filling up the DagBag from /Users/atanasivanov/ipo-intel/ipo-intel/.venv_airflow/lib/python3.11/site-packages/airflow/example_dags/example_xcomargs.py
[2026-03-18T16:40:24.931+0100] {processor.py:925} INFO - DAG(s) 'example_xcom_args_with_operators', 'example_xcom_args' retrieved from /Users/atanasivanov/ipo-intel/ipo-intel/.venv_airflow/lib/python3.11/site-packages/airflow/example_dags/example_xcomargs.py
[2026-03-18T16:40:25.015+0100] {logging_mixin.py:190} INFO - [2026-03-18T16:40:25.015+0100] {dag.py:3239} INFO - Sync 2 DAGs
[2026-03-18T16:40:25.075+0100] {logging_mixin.py:190} INFO - [2026-03-18T16:40:25.075+0100] {dag.py:4180} INFO - Setting next_dagrun for example_xcom_args to None, run_after=None
[2026-03-18T16:40:25.078+0100] {logging_mixin.py:190} INFO - [2026-03-18T16:40:25.078+0100] {dag.py:4180} INFO - Setting next_dagrun for example_xcom_args_with_operators to None, run_after=None
[2026-03-18T16:40:25.093+0100] {processor.py:208} INFO - Processing /Users/atanasivanov/ipo-intel/ipo-intel/.venv_airflow/lib/python3.11/site-packages/airflow/example_dags/example_xcomargs.py took 0.208 seconds
[2026-03-18T16:42:27.390+0100] {processor.py:186} INFO - Started process (PID=51979) to work on /Users/atanasivanov/ipo-intel/ipo-intel/.venv_airflow/lib/python3.11/site-packages/airflow/example_dags/example_xcomargs.py
[2026-03-18T16:42:27.391+0100] {processor.py:914} INFO - Processing file /Users/atanasivanov/ipo-intel/ipo-intel/.venv_airflow/lib/python3.11/site-packages/airflow/example_dags/example_xcomargs.py for tasks to queue
[2026-03-18T16:42:27.392+0100] {logging_mixin.py:190} INFO - [2026-03-18T16:42:27.392+0100] {dagbag.py:588} INFO - Filling up the DagBag from /Users/atanasivanov/ipo-intel/ipo-intel/.venv_airflow/lib/python3.11/site-packages/airflow/example_dags/example_xcomargs.py
[2026-03-18T16:42:27.429+0100] {processor.py:925} INFO - DAG(s) 'example_xcom_args', 'example_xcom_args_with_operators' retrieved from /Users/atanasivanov/ipo-intel/ipo-intel/.venv_airflow/lib/python3.11/site-packages/airflow/example_dags/example_xcomargs.py
[2026-03-18T16:42:27.507+0100] {logging_mixin.py:190} INFO - [2026-03-18T16:42:27.507+0100] {dag.py:3239} INFO - Sync 2 DAGs
[2026-03-18T16:42:27.565+0100] {logging_mixin.py:190} INFO - [2026-03-18T16:42:27.565+0100] {dag.py:4180} INFO - Setting next_dagrun for example_xcom_args to None, run_after=None
[2026-03-18T16:42:27.568+0100] {logging_mixin.py:190} INFO - [2026-03-18T16:42:27.568+0100] {dag.py:4180} INFO - Setting next_dagrun for example_xcom_args_with_operators to None, run_after=None
[2026-03-18T16:42:27.584+0100] {processor.py:208} INFO - Processing /Users/atanasivanov/ipo-intel/ipo-intel/.venv_airflow/lib/python3.11/site-packages/airflow/example_dags/example_xcomargs.py took 0.199 seconds
[2026-03-18T16:48:04.054+0100] {processor.py:186} INFO - Started process (PID=53224) to work on /Users/atanasivanov/ipo-intel/ipo-intel/.venv_airflow/lib/python3.11/site-packages/airflow/example_dags/example_xcomargs.py
[2026-03-18T16:48:04.056+0100] {processor.py:914} INFO - Processing file /Users/atanasivanov/ipo-intel/ipo-intel/.venv_airflow/lib/python3.11/site-packages/airflow/example_dags/example_xcomargs.py for tasks to queue
[2026-03-18T16:48:04.057+0100] {logging_mixin.py:190} INFO - [2026-03-18T16:48:04.056+0100] {dagbag.py:588} INFO - Filling up the DagBag from /Users/atanasivanov/ipo-intel/ipo-intel/.venv_airflow/lib/python3.11/site-packages/airflow/example_dags/example_xcomargs.py
[2026-03-18T16:48:04.090+0100] {processor.py:925} INFO - DAG(s) 'example_xcom_args_with_operators', 'example_xcom_args' retrieved from /Users/atanasivanov/ipo-intel/ipo-intel/.venv_airflow/lib/python3.11/site-packages/airflow/example_dags/example_xcomargs.py
[2026-03-18T16:48:04.168+0100] {logging_mixin.py:190} INFO - [2026-03-18T16:48:04.168+0100] {dag.py:3239} INFO - Sync 2 DAGs
[2026-03-18T16:48:04.226+0100] {logging_mixin.py:190} INFO - [2026-03-18T16:48:04.225+0100] {dag.py:4180} INFO - Setting next_dagrun for example_xcom_args to None, run_after=None
[2026-03-18T16:48:04.229+0100] {logging_mixin.py:190} INFO - [2026-03-18T16:48:04.229+0100] {dag.py:4180} INFO - Setting next_dagrun for example_xcom_args_with_operators to None, run_after=None
[2026-03-18T16:48:04.243+0100] {processor.py:208} INFO - Processing /Users/atanasivanov/ipo-intel/ipo-intel/.venv_airflow/lib/python3.11/site-packages/airflow/example_dags/example_xcomargs.py took 0.194 seconds
[2026-03-18T16:50:33.029+0100] {processor.py:186} INFO - Started process (PID=53762) to work on /Users/atanasivanov/ipo-intel/ipo-intel/.venv_airflow/lib/python3.11/site-packages/airflow/example_dags/example_xcomargs.py
[2026-03-18T16:50:33.030+0100] {processor.py:914} INFO - Processing file /Users/atanasivanov/ipo-intel/ipo-intel/.venv_airflow/lib/python3.11/site-packages/airflow/example_dags/example_xcomargs.py for tasks to queue
[2026-03-18T16:50:33.031+0100] {logging_mixin.py:190} INFO - [2026-03-18T16:50:33.030+0100] {dagbag.py:588} INFO - Filling up the DagBag from /Users/atanasivanov/ipo-intel/ipo-intel/.venv_airflow/lib/python3.11/site-packages/airflow/example_dags/example_xcomargs.py
[2026-03-18T16:50:33.067+0100] {processor.py:925} INFO - DAG(s) 'example_xcom_args_with_operators', 'example_xcom_args' retrieved from /Users/atanasivanov/ipo-intel/ipo-intel/.venv_airflow/lib/python3.11/site-packages/airflow/example_dags/example_xcomargs.py
[2026-03-18T16:50:33.146+0100] {logging_mixin.py:190} INFO - [2026-03-18T16:50:33.146+0100] {dag.py:3239} INFO - Sync 2 DAGs
[2026-03-18T16:50:33.202+0100] {logging_mixin.py:190} INFO - [2026-03-18T16:50:33.202+0100] {dag.py:4180} INFO - Setting next_dagrun for example_xcom_args to None, run_after=None
[2026-03-18T16:50:33.205+0100] {logging_mixin.py:190} INFO - [2026-03-18T16:50:33.205+0100] {dag.py:4180} INFO - Setting next_dagrun for example_xcom_args_with_operators to None, run_after=None
[2026-03-18T16:50:33.220+0100] {processor.py:208} INFO - Processing /Users/atanasivanov/ipo-intel/ipo-intel/.venv_airflow/lib/python3.11/site-packages/airflow/example_dags/example_xcomargs.py took 0.196 seconds
[2026-03-18T16:52:35.277+0100] {processor.py:186} INFO - Started process (PID=54211) to work on /Users/atanasivanov/ipo-intel/ipo-intel/.venv_airflow/lib/python3.11/site-packages/airflow/example_dags/example_xcomargs.py
[2026-03-18T16:52:35.277+0100] {processor.py:914} INFO - Processing file /Users/atanasivanov/ipo-intel/ipo-intel/.venv_airflow/lib/python3.11/site-packages/airflow/example_dags/example_xcomargs.py for tasks to queue
[2026-03-18T16:52:35.278+0100] {logging_mixin.py:190} INFO - [2026-03-18T16:52:35.278+0100] {dagbag.py:588} INFO - Filling up the DagBag from /Users/atanasivanov/ipo-intel/ipo-intel/.venv_airflow/lib/python3.11/site-packages/airflow/example_dags/example_xcomargs.py
[2026-03-18T16:52:35.314+0100] {processor.py:925} INFO - DAG(s) 'example_xcom_args', 'example_xcom_args_with_operators' retrieved from /Users/atanasivanov/ipo-intel/ipo-intel/.venv_airflow/lib/python3.11/site-packages/airflow/example_dags/example_xcomargs.py
[2026-03-18T16:52:35.393+0100] {logging_mixin.py:190} INFO - [2026-03-18T16:52:35.393+0100] {dag.py:3239} INFO - Sync 2 DAGs
[2026-03-18T16:52:35.452+0100] {logging_mixin.py:190} INFO - [2026-03-18T16:52:35.451+0100] {dag.py:4180} INFO - Setting next_dagrun for example_xcom_args to None, run_after=None
[2026-03-18T16:52:35.455+0100] {logging_mixin.py:190} INFO - [2026-03-18T16:52:35.455+0100] {dag.py:4180} INFO - Setting next_dagrun for example_xcom_args_with_operators to None, run_after=None
[2026-03-18T16:52:35.469+0100] {processor.py:208} INFO - Processing /Users/atanasivanov/ipo-intel/ipo-intel/.venv_airflow/lib/python3.11/site-packages/airflow/example_dags/example_xcomargs.py took 0.198 seconds
[2026-03-18T16:54:42.498+0100] {processor.py:186} INFO - Started process (PID=54976) to work on /Users/atanasivanov/ipo-intel/ipo-intel/.venv_airflow/lib/python3.11/site-packages/airflow/example_dags/example_xcomargs.py
[2026-03-18T16:54:42.500+0100] {processor.py:914} INFO - Processing file /Users/atanasivanov/ipo-intel/ipo-intel/.venv_airflow/lib/python3.11/site-packages/airflow/example_dags/example_xcomargs.py for tasks to queue
[2026-03-18T16:54:42.501+0100] {logging_mixin.py:190} INFO - [2026-03-18T16:54:42.501+0100] {dagbag.py:588} INFO - Filling up the DagBag from /Users/atanasivanov/ipo-intel/ipo-intel/.venv_airflow/lib/python3.11/site-packages/airflow/example_dags/example_xcomargs.py
[2026-03-18T16:54:42.535+0100] {processor.py:925} INFO - DAG(s) 'example_xcom_args', 'example_xcom_args_with_operators' retrieved from /Users/atanasivanov/ipo-intel/ipo-intel/.venv_airflow/lib/python3.11/site-packages/airflow/example_dags/example_xcomargs.py
[2026-03-18T16:54:42.661+0100] {logging_mixin.py:190} INFO - [2026-03-18T16:54:42.660+0100] {dag.py:3239} INFO - Sync 2 DAGs
[2026-03-18T16:54:42.733+0100] {logging_mixin.py:190} INFO - [2026-03-18T16:54:42.733+0100] {dag.py:4180} INFO - Setting next_dagrun for example_xcom_args to None, run_after=None
[2026-03-18T16:54:42.737+0100] {logging_mixin.py:190} INFO - [2026-03-18T16:54:42.737+0100] {dag.py:4180} INFO - Setting next_dagrun for example_xcom_args_with_operators to None, run_after=None
[2026-03-18T16:54:42.754+0100] {processor.py:208} INFO - Processing /Users/atanasivanov/ipo-intel/ipo-intel/.venv_airflow/lib/python3.11/site-packages/airflow/example_dags/example_xcomargs.py took 0.261 seconds
[2026-03-18T16:56:47.981+0100] {processor.py:186} INFO - Started process (PID=55428) to work on /Users/atanasivanov/ipo-intel/ipo-intel/.venv_airflow/lib/python3.11/site-packages/airflow/example_dags/example_xcomargs.py
[2026-03-18T16:56:47.982+0100] {processor.py:914} INFO - Processing file /Users/atanasivanov/ipo-intel/ipo-intel/.venv_airflow/lib/python3.11/site-packages/airflow/example_dags/example_xcomargs.py for tasks to queue
[2026-03-18T16:56:47.983+0100] {logging_mixin.py:190} INFO - [2026-03-18T16:56:47.983+0100] {dagbag.py:588} INFO - Filling up the DagBag from /Users/atanasivanov/ipo-intel/ipo-intel/.venv_airflow/lib/python3.11/site-packages/airflow/example_dags/example_xcomargs.py
[2026-03-18T16:56:48.015+0100] {processor.py:925} INFO - DAG(s) 'example_xcom_args', 'example_xcom_args_with_operators' retrieved from /Users/atanasivanov/ipo-intel/ipo-intel/.venv_airflow/lib/python3.11/site-packages/airflow/example_dags/example_xcomargs.py
[2026-03-18T16:56:48.093+0100] {logging_mixin.py:190} INFO - [2026-03-18T16:56:48.093+0100] {dag.py:3239} INFO - Sync 2 DAGs
[2026-03-18T16:56:48.149+0100] {logging_mixin.py:190} INFO - [2026-03-18T16:56:48.148+0100] {dag.py:4180} INFO - Setting next_dagrun for example_xcom_args to None, run_after=None
[2026-03-18T16:56:48.152+0100] {logging_mixin.py:190} INFO - [2026-03-18T16:56:48.151+0100] {dag.py:4180} INFO - Setting next_dagrun for example_xcom_args_with_operators to None, run_after=None
[2026-03-18T16:56:48.165+0100] {processor.py:208} INFO - Processing /Users/atanasivanov/ipo-intel/ipo-intel/.venv_airflow/lib/python3.11/site-packages/airflow/example_dags/example_xcomargs.py took 0.190 seconds
[2026-03-18T16:58:51.538+0100] {processor.py:186} INFO - Started process (PID=55900) to work on /Users/atanasivanov/ipo-intel/ipo-intel/.venv_airflow/lib/python3.11/site-packages/airflow/example_dags/example_xcomargs.py
[2026-03-18T16:58:51.539+0100] {processor.py:914} INFO - Processing file /Users/atanasivanov/ipo-intel/ipo-intel/.venv_airflow/lib/python3.11/site-packages/airflow/example_dags/example_xcomargs.py for tasks to queue
[2026-03-18T16:58:51.540+0100] {logging_mixin.py:190} INFO - [2026-03-18T16:58:51.540+0100] {dagbag.py:588} INFO - Filling up the DagBag from /Users/atanasivanov/ipo-intel/ipo-intel/.venv_airflow/lib/python3.11/site-packages/airflow/example_dags/example_xcomargs.py
[2026-03-18T16:58:51.575+0100] {processor.py:925} INFO - DAG(s) 'example_xcom_args_with_operators', 'example_xcom_args' retrieved from /Users/atanasivanov/ipo-intel/ipo-intel/.venv_airflow/lib/python3.11/site-packages/airflow/example_dags/example_xcomargs.py
[2026-03-18T16:58:51.656+0100] {logging_mixin.py:190} INFO - [2026-03-18T16:58:51.656+0100] {dag.py:3239} INFO - Sync 2 DAGs
[2026-03-18T16:58:51.718+0100] {logging_mixin.py:190} INFO - [2026-03-18T16:58:51.717+0100] {dag.py:4180} INFO - Setting next_dagrun for example_xcom_args to None, run_after=None
[2026-03-18T16:58:51.721+0100] {logging_mixin.py:190} INFO - [2026-03-18T16:58:51.721+0100] {dag.py:4180} INFO - Setting next_dagrun for example_xcom_args_with_operators to None, run_after=None
[2026-03-18T16:58:51.736+0100] {processor.py:208} INFO - Processing /Users/atanasivanov/ipo-intel/ipo-intel/.venv_airflow/lib/python3.11/site-packages/airflow/example_dags/example_xcomargs.py took 0.204 seconds
[2026-03-18T17:00:54.524+0100] {processor.py:186} INFO - Started process (PID=56343) to work on /Users/atanasivanov/ipo-intel/ipo-intel/.venv_airflow/lib/python3.11/site-packages/airflow/example_dags/example_xcomargs.py
[2026-03-18T17:00:54.525+0100] {processor.py:914} INFO - Processing file /Users/atanasivanov/ipo-intel/ipo-intel/.venv_airflow/lib/python3.11/site-packages/airflow/example_dags/example_xcomargs.py for tasks to queue
[2026-03-18T17:00:54.526+0100] {logging_mixin.py:190} INFO - [2026-03-18T17:00:54.526+0100] {dagbag.py:588} INFO - Filling up the DagBag from /Users/atanasivanov/ipo-intel/ipo-intel/.venv_airflow/lib/python3.11/site-packages/airflow/example_dags/example_xcomargs.py
[2026-03-18T17:00:54.559+0100] {processor.py:925} INFO - DAG(s) 'example_xcom_args', 'example_xcom_args_with_operators' retrieved from /Users/atanasivanov/ipo-intel/ipo-intel/.venv_airflow/lib/python3.11/site-packages/airflow/example_dags/example_xcomargs.py
[2026-03-18T17:00:54.637+0100] {logging_mixin.py:190} INFO - [2026-03-18T17:00:54.637+0100] {dag.py:3239} INFO - Sync 2 DAGs
[2026-03-18T17:00:54.696+0100] {logging_mixin.py:190} INFO - [2026-03-18T17:00:54.696+0100] {dag.py:4180} INFO - Setting next_dagrun for example_xcom_args to None, run_after=None
[2026-03-18T17:00:54.699+0100] {logging_mixin.py:190} INFO - [2026-03-18T17:00:54.699+0100] {dag.py:4180} INFO - Setting next_dagrun for example_xcom_args_with_operators to None, run_after=None
[2026-03-18T17:00:54.713+0100] {processor.py:208} INFO - Processing /Users/atanasivanov/ipo-intel/ipo-intel/.venv_airflow/lib/python3.11/site-packages/airflow/example_dags/example_xcomargs.py took 0.194 seconds
[2026-03-18T17:02:48.480+0100] {processor.py:186} INFO - Started process (PID=56765) to work on /Users/atanasivanov/ipo-intel/ipo-intel/.venv_airflow/lib/python3.11/site-packages/airflow/example_dags/example_xcomargs.py
[2026-03-18T17:02:48.481+0100] {processor.py:914} INFO - Processing file /Users/atanasivanov/ipo-intel/ipo-intel/.venv_airflow/lib/python3.11/site-packages/airflow/example_dags/example_xcomargs.py for tasks to queue
[2026-03-18T17:02:48.481+0100] {logging_mixin.py:190} INFO - [2026-03-18T17:02:48.481+0100] {dagbag.py:588} INFO - Filling up the DagBag from /Users/atanasivanov/ipo-intel/ipo-intel/.venv_airflow/lib/python3.11/site-packages/airflow/example_dags/example_xcomargs.py
[2026-03-18T17:02:48.514+0100] {processor.py:925} INFO - DAG(s) 'example_xcom_args', 'example_xcom_args_with_operators' retrieved from /Users/atanasivanov/ipo-intel/ipo-intel/.venv_airflow/lib/python3.11/site-packages/airflow/example_dags/example_xcomargs.py
[2026-03-18T17:02:48.592+0100] {logging_mixin.py:190} INFO - [2026-03-18T17:02:48.591+0100] {dag.py:3239} INFO - Sync 2 DAGs
[2026-03-18T17:02:48.650+0100] {logging_mixin.py:190} INFO - [2026-03-18T17:02:48.650+0100] {dag.py:4180} INFO - Setting next_dagrun for example_xcom_args to None, run_after=None
[2026-03-18T17:02:48.653+0100] {logging_mixin.py:190} INFO - [2026-03-18T17:02:48.653+0100] {dag.py:4180} INFO - Setting next_dagrun for example_xcom_args_with_operators to None, run_after=None
[2026-03-18T17:02:48.667+0100] {processor.py:208} INFO - Processing /Users/atanasivanov/ipo-intel/ipo-intel/.venv_airflow/lib/python3.11/site-packages/airflow/example_dags/example_xcomargs.py took 0.192 seconds
[2026-03-18T17:04:44.134+0100] {processor.py:186} INFO - Started process (PID=57184) to work on /Users/atanasivanov/ipo-intel/ipo-intel/.venv_airflow/lib/python3.11/site-packages/airflow/example_dags/example_xcomargs.py
[2026-03-18T17:04:44.134+0100] {processor.py:914} INFO - Processing file /Users/atanasivanov/ipo-intel/ipo-intel/.venv_airflow/lib/python3.11/site-packages/airflow/example_dags/example_xcomargs.py for tasks to queue
[2026-03-18T17:04:44.135+0100] {logging_mixin.py:190} INFO - [2026-03-18T17:04:44.135+0100] {dagbag.py:588} INFO - Filling up the DagBag from /Users/atanasivanov/ipo-intel/ipo-intel/.venv_airflow/lib/python3.11/site-packages/airflow/example_dags/example_xcomargs.py
[2026-03-18T17:04:44.168+0100] {processor.py:925} INFO - DAG(s) 'example_xcom_args_with_operators', 'example_xcom_args' retrieved from /Users/atanasivanov/ipo-intel/ipo-intel/.venv_airflow/lib/python3.11/site-packages/airflow/example_dags/example_xcomargs.py
[2026-03-18T17:04:44.244+0100] {logging_mixin.py:190} INFO - [2026-03-18T17:04:44.244+0100] {dag.py:3239} INFO - Sync 2 DAGs
[2026-03-18T17:04:44.313+0100] {logging_mixin.py:190} INFO - [2026-03-18T17:04:44.312+0100] {dag.py:4180} INFO - Setting next_dagrun for example_xcom_args to None, run_after=None
[2026-03-18T17:04:44.315+0100] {logging_mixin.py:190} INFO - [2026-03-18T17:04:44.315+0100] {dag.py:4180} INFO - Setting next_dagrun for example_xcom_args_with_operators to None, run_after=None
[2026-03-18T17:04:44.329+0100] {processor.py:208} INFO - Processing /Users/atanasivanov/ipo-intel/ipo-intel/.venv_airflow/lib/python3.11/site-packages/airflow/example_dags/example_xcomargs.py took 0.201 seconds
[2026-03-18T17:06:43.373+0100] {processor.py:186} INFO - Started process (PID=57617) to work on /Users/atanasivanov/ipo-intel/ipo-intel/.venv_airflow/lib/python3.11/site-packages/airflow/example_dags/example_xcomargs.py
[2026-03-18T17:06:43.374+0100] {processor.py:914} INFO - Processing file /Users/atanasivanov/ipo-intel/ipo-intel/.venv_airflow/lib/python3.11/site-packages/airflow/example_dags/example_xcomargs.py for tasks to queue
[2026-03-18T17:06:43.375+0100] {logging_mixin.py:190} INFO - [2026-03-18T17:06:43.375+0100] {dagbag.py:588} INFO - Filling up the DagBag from /Users/atanasivanov/ipo-intel/ipo-intel/.venv_airflow/lib/python3.11/site-packages/airflow/example_dags/example_xcomargs.py
[2026-03-18T17:06:43.408+0100] {processor.py:925} INFO - DAG(s) 'example_xcom_args_with_operators', 'example_xcom_args' retrieved from /Users/atanasivanov/ipo-intel/ipo-intel/.venv_airflow/lib/python3.11/site-packages/airflow/example_dags/example_xcomargs.py
[2026-03-18T17:06:43.484+0100] {logging_mixin.py:190} INFO - [2026-03-18T17:06:43.484+0100] {dag.py:3239} INFO - Sync 2 DAGs
[2026-03-18T17:06:43.541+0100] {logging_mixin.py:190} INFO - [2026-03-18T17:06:43.541+0100] {dag.py:4180} INFO - Setting next_dagrun for example_xcom_args to None, run_after=None
[2026-03-18T17:06:43.544+0100] {logging_mixin.py:190} INFO - [2026-03-18T17:06:43.544+0100] {dag.py:4180} INFO - Setting next_dagrun for example_xcom_args_with_operators to None, run_after=None
[2026-03-18T17:06:43.560+0100] {processor.py:208} INFO - Processing /Users/atanasivanov/ipo-intel/ipo-intel/.venv_airflow/lib/python3.11/site-packages/airflow/example_dags/example_xcomargs.py took 0.192 seconds
[2026-03-18T17:08:34.548+0100] {processor.py:186} INFO - Started process (PID=58028) to work on /Users/atanasivanov/ipo-intel/ipo-intel/.venv_airflow/lib/python3.11/site-packages/airflow/example_dags/example_xcomargs.py
[2026-03-18T17:08:34.549+0100] {processor.py:914} INFO - Processing file /Users/atanasivanov/ipo-intel/ipo-intel/.venv_airflow/lib/python3.11/site-packages/airflow/example_dags/example_xcomargs.py for tasks to queue
[2026-03-18T17:08:34.550+0100] {logging_mixin.py:190} INFO - [2026-03-18T17:08:34.549+0100] {dagbag.py:588} INFO - Filling up the DagBag from /Users/atanasivanov/ipo-intel/ipo-intel/.venv_airflow/lib/python3.11/site-packages/airflow/example_dags/example_xcomargs.py
[2026-03-18T17:08:34.587+0100] {processor.py:925} INFO - DAG(s) 'example_xcom_args_with_operators', 'example_xcom_args' retrieved from /Users/atanasivanov/ipo-intel/ipo-intel/.venv_airflow/lib/python3.11/site-packages/airflow/example_dags/example_xcomargs.py
[2026-03-18T17:08:34.681+0100] {logging_mixin.py:190} INFO - [2026-03-18T17:08:34.681+0100] {dag.py:3239} INFO - Sync 2 DAGs
[2026-03-18T17:08:34.747+0100] {logging_mixin.py:190} INFO - [2026-03-18T17:08:34.746+0100] {dag.py:4180} INFO - Setting next_dagrun for example_xcom_args to None, run_after=None
[2026-03-18T17:08:34.750+0100] {logging_mixin.py:190} INFO - [2026-03-18T17:08:34.750+0100] {dag.py:4180} INFO - Setting next_dagrun for example_xcom_args_with_operators to None, run_after=None
[2026-03-18T17:08:34.769+0100] {processor.py:208} INFO - Processing /Users/atanasivanov/ipo-intel/ipo-intel/.venv_airflow/lib/python3.11/site-packages/airflow/example_dags/example_xcomargs.py took 0.226 seconds
[2026-03-18T17:10:35.856+0100] {processor.py:186} INFO - Started process (PID=58551) to work on /Users/atanasivanov/ipo-intel/ipo-intel/.venv_airflow/lib/python3.11/site-packages/airflow/example_dags/example_xcomargs.py
[2026-03-18T17:10:35.857+0100] {processor.py:914} INFO - Processing file /Users/atanasivanov/ipo-intel/ipo-intel/.venv_airflow/lib/python3.11/site-packages/airflow/example_dags/example_xcomargs.py for tasks to queue
[2026-03-18T17:10:35.858+0100] {logging_mixin.py:190} INFO - [2026-03-18T17:10:35.858+0100] {dagbag.py:588} INFO - Filling up the DagBag from /Users/atanasivanov/ipo-intel/ipo-intel/.venv_airflow/lib/python3.11/site-packages/airflow/example_dags/example_xcomargs.py
[2026-03-18T17:10:35.896+0100] {processor.py:925} INFO - DAG(s) 'example_xcom_args', 'example_xcom_args_with_operators' retrieved from /Users/atanasivanov/ipo-intel/ipo-intel/.venv_airflow/lib/python3.11/site-packages/airflow/example_dags/example_xcomargs.py
[2026-03-18T17:10:35.981+0100] {logging_mixin.py:190} INFO - [2026-03-18T17:10:35.981+0100] {dag.py:3239} INFO - Sync 2 DAGs
[2026-03-18T17:10:36.042+0100] {logging_mixin.py:190} INFO - [2026-03-18T17:10:36.041+0100] {dag.py:4180} INFO - Setting next_dagrun for example_xcom_args to None, run_after=None
[2026-03-18T17:10:36.045+0100] {logging_mixin.py:190} INFO - [2026-03-18T17:10:36.045+0100] {dag.py:4180} INFO - Setting next_dagrun for example_xcom_args_with_operators to None, run_after=None
[2026-03-18T17:10:36.060+0100] {processor.py:208} INFO - Processing /Users/atanasivanov/ipo-intel/ipo-intel/.venv_airflow/lib/python3.11/site-packages/airflow/example_dags/example_xcomargs.py took 0.211 seconds
[2026-03-18T17:12:38.402+0100] {processor.py:186} INFO - Started process (PID=59207) to work on /Users/atanasivanov/ipo-intel/ipo-intel/.venv_airflow/lib/python3.11/site-packages/airflow/example_dags/example_xcomargs.py
[2026-03-18T17:12:38.403+0100] {processor.py:914} INFO - Processing file /Users/atanasivanov/ipo-intel/ipo-intel/.venv_airflow/lib/python3.11/site-packages/airflow/example_dags/example_xcomargs.py for tasks to queue
[2026-03-18T17:12:38.404+0100] {logging_mixin.py:190} INFO - [2026-03-18T17:12:38.404+0100] {dagbag.py:588} INFO - Filling up the DagBag from /Users/atanasivanov/ipo-intel/ipo-intel/.venv_airflow/lib/python3.11/site-packages/airflow/example_dags/example_xcomargs.py
[2026-03-18T17:12:38.440+0100] {processor.py:925} INFO - DAG(s) 'example_xcom_args', 'example_xcom_args_with_operators' retrieved from /Users/atanasivanov/ipo-intel/ipo-intel/.venv_airflow/lib/python3.11/site-packages/airflow/example_dags/example_xcomargs.py
[2026-03-18T17:12:38.519+0100] {logging_mixin.py:190} INFO - [2026-03-18T17:12:38.519+0100] {dag.py:3239} INFO - Sync 2 DAGs
[2026-03-18T17:12:38.581+0100] {logging_mixin.py:190} INFO - [2026-03-18T17:12:38.581+0100] {dag.py:4180} INFO - Setting next_dagrun for example_xcom_args to None, run_after=None
[2026-03-18T17:12:38.584+0100] {logging_mixin.py:190} INFO - [2026-03-18T17:12:38.584+0100] {dag.py:4180} INFO - Setting next_dagrun for example_xcom_args_with_operators to None, run_after=None
[2026-03-18T17:12:38.599+0100] {processor.py:208} INFO - Processing /Users/atanasivanov/ipo-intel/ipo-intel/.venv_airflow/lib/python3.11/site-packages/airflow/example_dags/example_xcomargs.py took 0.203 seconds
[2026-03-18T17:14:42.981+0100] {processor.py:186} INFO - Started process (PID=59865) to work on /Users/atanasivanov/ipo-intel/ipo-intel/.venv_airflow/lib/python3.11/site-packages/airflow/example_dags/example_xcomargs.py
[2026-03-18T17:14:42.982+0100] {processor.py:914} INFO - Processing file /Users/atanasivanov/ipo-intel/ipo-intel/.venv_airflow/lib/python3.11/site-packages/airflow/example_dags/example_xcomargs.py for tasks to queue
[2026-03-18T17:14:42.983+0100] {logging_mixin.py:190} INFO - [2026-03-18T17:14:42.983+0100] {dagbag.py:588} INFO - Filling up the DagBag from /Users/atanasivanov/ipo-intel/ipo-intel/.venv_airflow/lib/python3.11/site-packages/airflow/example_dags/example_xcomargs.py
[2026-03-18T17:14:43.022+0100] {processor.py:925} INFO - DAG(s) 'example_xcom_args_with_operators', 'example_xcom_args' retrieved from /Users/atanasivanov/ipo-intel/ipo-intel/.venv_airflow/lib/python3.11/site-packages/airflow/example_dags/example_xcomargs.py
[2026-03-18T17:14:43.105+0100] {logging_mixin.py:190} INFO - [2026-03-18T17:14:43.105+0100] {dag.py:3239} INFO - Sync 2 DAGs
[2026-03-18T17:14:43.168+0100] {logging_mixin.py:190} INFO - [2026-03-18T17:14:43.167+0100] {dag.py:4180} INFO - Setting next_dagrun for example_xcom_args to None, run_after=None
[2026-03-18T17:14:43.171+0100] {logging_mixin.py:190} INFO - [2026-03-18T17:14:43.170+0100] {dag.py:4180} INFO - Setting next_dagrun for example_xcom_args_with_operators to None, run_after=None
[2026-03-18T17:14:43.186+0100] {processor.py:208} INFO - Processing /Users/atanasivanov/ipo-intel/ipo-intel/.venv_airflow/lib/python3.11/site-packages/airflow/example_dags/example_xcomargs.py took 0.211 seconds
