[2026-03-18T16:15:56.254+0100] {processor.py:186} INFO - Started process (PID=44409) to work on /Users/atanasivanov/ipo-intel/ipo-intel/.venv_airflow/lib/python3.11/site-packages/airflow/example_dags/example_workday_timetable.py
[2026-03-18T16:15:56.255+0100] {processor.py:914} INFO - Processing file /Users/atanasivanov/ipo-intel/ipo-intel/.venv_airflow/lib/python3.11/site-packages/airflow/example_dags/example_workday_timetable.py for tasks to queue
[2026-03-18T16:15:56.256+0100] {logging_mixin.py:190} INFO - [2026-03-18T16:15:56.256+0100] {dagbag.py:588} INFO - Filling up the DagBag from /Users/atanasivanov/ipo-intel/ipo-intel/.venv_airflow/lib/python3.11/site-packages/airflow/example_dags/example_workday_timetable.py
[2026-03-18T16:15:56.258+0100] {logging_mixin.py:190} INFO - [2026-03-18T16:15:56.258+0100] {workday.py:41} WARNING - Could not import pandas. Holidays will not be considered.
[2026-03-18T16:15:56.263+0100] {processor.py:925} INFO - DAG(s) 'example_workday_timetable' retrieved from /Users/atanasivanov/ipo-intel/ipo-intel/.venv_airflow/lib/python3.11/site-packages/airflow/example_dags/example_workday_timetable.py
[2026-03-18T16:15:56.341+0100] {logging_mixin.py:190} INFO - [2026-03-18T16:15:56.340+0100] {workday.py:41} WARNING - Could not import pandas. Holidays will not be considered.
[2026-03-18T16:15:56.482+0100] {logging_mixin.py:190} INFO - [2026-03-18T16:15:56.482+0100] {override.py:1912} INFO - Created Permission View: can edit on DAG:example_workday_timetable
[2026-03-18T16:15:56.492+0100] {logging_mixin.py:190} INFO - [2026-03-18T16:15:56.491+0100] {override.py:1912} INFO - Created Permission View: can read on DAG:example_workday_timetable
[2026-03-18T16:15:56.497+0100] {logging_mixin.py:190} INFO - [2026-03-18T16:15:56.497+0100] {override.py:1912} INFO - Created Permission View: can delete on DAG:example_workday_timetable
[2026-03-18T16:15:56.504+0100] {logging_mixin.py:190} INFO - [2026-03-18T16:15:56.504+0100] {override.py:1912} INFO - Created Permission View: can create on DAG Run:example_workday_timetable
[2026-03-18T16:15:56.509+0100] {logging_mixin.py:190} INFO - [2026-03-18T16:15:56.509+0100] {override.py:1912} INFO - Created Permission View: can read on DAG Run:example_workday_timetable
[2026-03-18T16:15:56.514+0100] {logging_mixin.py:190} INFO - [2026-03-18T16:15:56.513+0100] {override.py:1912} INFO - Created Permission View: can delete on DAG Run:example_workday_timetable
[2026-03-18T16:15:56.518+0100] {logging_mixin.py:190} INFO - [2026-03-18T16:15:56.518+0100] {override.py:1912} INFO - Created Permission View: menu access on DAG Run:example_workday_timetable
[2026-03-18T16:15:56.519+0100] {logging_mixin.py:190} INFO - [2026-03-18T16:15:56.519+0100] {dag.py:3239} INFO - Sync 1 DAGs
[2026-03-18T16:15:56.528+0100] {logging_mixin.py:190} INFO - [2026-03-18T16:15:56.528+0100] {dag.py:3262} INFO - Creating ORM DAG for example_workday_timetable
[2026-03-18T16:15:56.534+0100] {logging_mixin.py:190} INFO - [2026-03-18T16:15:56.534+0100] {dag.py:4180} INFO - Setting next_dagrun for example_workday_timetable to 2021-01-01 00:00:00+00:00, run_after=2021-01-02 00:00:00+00:00
[2026-03-18T16:15:56.548+0100] {processor.py:208} INFO - Processing /Users/atanasivanov/ipo-intel/ipo-intel/.venv_airflow/lib/python3.11/site-packages/airflow/example_dags/example_workday_timetable.py took 0.300 seconds
[2026-03-18T16:20:08.533+0100] {processor.py:186} INFO - Started process (PID=45274) to work on /Users/atanasivanov/ipo-intel/ipo-intel/.venv_airflow/lib/python3.11/site-packages/airflow/example_dags/example_workday_timetable.py
[2026-03-18T16:20:08.535+0100] {processor.py:914} INFO - Processing file /Users/atanasivanov/ipo-intel/ipo-intel/.venv_airflow/lib/python3.11/site-packages/airflow/example_dags/example_workday_timetable.py for tasks to queue
[2026-03-18T16:20:08.536+0100] {logging_mixin.py:190} INFO - [2026-03-18T16:20:08.536+0100] {dagbag.py:588} INFO - Filling up the DagBag from /Users/atanasivanov/ipo-intel/ipo-intel/.venv_airflow/lib/python3.11/site-packages/airflow/example_dags/example_workday_timetable.py
[2026-03-18T16:20:08.538+0100] {logging_mixin.py:190} INFO - [2026-03-18T16:20:08.538+0100] {workday.py:41} WARNING - Could not import pandas. Holidays will not be considered.
[2026-03-18T16:20:08.544+0100] {processor.py:925} INFO - DAG(s) 'example_workday_timetable' retrieved from /Users/atanasivanov/ipo-intel/ipo-intel/.venv_airflow/lib/python3.11/site-packages/airflow/example_dags/example_workday_timetable.py
[2026-03-18T16:20:08.621+0100] {logging_mixin.py:190} INFO - [2026-03-18T16:20:08.621+0100] {workday.py:41} WARNING - Could not import pandas. Holidays will not be considered.
[2026-03-18T16:20:08.638+0100] {logging_mixin.py:190} INFO - [2026-03-18T16:20:08.637+0100] {dag.py:3239} INFO - Sync 1 DAGs
[2026-03-18T16:20:08.651+0100] {logging_mixin.py:190} INFO - [2026-03-18T16:20:08.650+0100] {dag.py:4180} INFO - Setting next_dagrun for example_workday_timetable to 2021-01-01 00:00:00+00:00, run_after=2021-01-02 00:00:00+00:00
[2026-03-18T16:20:08.665+0100] {processor.py:208} INFO - Processing /Users/atanasivanov/ipo-intel/ipo-intel/.venv_airflow/lib/python3.11/site-packages/airflow/example_dags/example_workday_timetable.py took 0.137 seconds
[2026-03-18T16:22:46.731+0100] {processor.py:186} INFO - Started process (PID=45899) to work on /Users/atanasivanov/ipo-intel/ipo-intel/.venv_airflow/lib/python3.11/site-packages/airflow/example_dags/example_workday_timetable.py
[2026-03-18T16:22:46.732+0100] {processor.py:914} INFO - Processing file /Users/atanasivanov/ipo-intel/ipo-intel/.venv_airflow/lib/python3.11/site-packages/airflow/example_dags/example_workday_timetable.py for tasks to queue
[2026-03-18T16:22:46.733+0100] {logging_mixin.py:190} INFO - [2026-03-18T16:22:46.733+0100] {dagbag.py:588} INFO - Filling up the DagBag from /Users/atanasivanov/ipo-intel/ipo-intel/.venv_airflow/lib/python3.11/site-packages/airflow/example_dags/example_workday_timetable.py
[2026-03-18T16:22:46.736+0100] {logging_mixin.py:190} INFO - [2026-03-18T16:22:46.736+0100] {workday.py:41} WARNING - Could not import pandas. Holidays will not be considered.
[2026-03-18T16:22:46.741+0100] {processor.py:925} INFO - DAG(s) 'example_workday_timetable' retrieved from /Users/atanasivanov/ipo-intel/ipo-intel/.venv_airflow/lib/python3.11/site-packages/airflow/example_dags/example_workday_timetable.py
[2026-03-18T16:22:46.816+0100] {logging_mixin.py:190} INFO - [2026-03-18T16:22:46.816+0100] {workday.py:41} WARNING - Could not import pandas. Holidays will not be considered.
[2026-03-18T16:22:46.833+0100] {logging_mixin.py:190} INFO - [2026-03-18T16:22:46.832+0100] {dag.py:3239} INFO - Sync 1 DAGs
[2026-03-18T16:22:46.846+0100] {logging_mixin.py:190} INFO - [2026-03-18T16:22:46.846+0100] {dag.py:4180} INFO - Setting next_dagrun for example_workday_timetable to 2021-01-01 00:00:00+00:00, run_after=2021-01-02 00:00:00+00:00
[2026-03-18T16:22:46.860+0100] {processor.py:208} INFO - Processing /Users/atanasivanov/ipo-intel/ipo-intel/.venv_airflow/lib/python3.11/site-packages/airflow/example_dags/example_workday_timetable.py took 0.134 seconds
[2026-03-18T16:24:53.452+0100] {processor.py:186} INFO - Started process (PID=46364) to work on /Users/atanasivanov/ipo-intel/ipo-intel/.venv_airflow/lib/python3.11/site-packages/airflow/example_dags/example_workday_timetable.py
[2026-03-18T16:24:53.452+0100] {processor.py:914} INFO - Processing file /Users/atanasivanov/ipo-intel/ipo-intel/.venv_airflow/lib/python3.11/site-packages/airflow/example_dags/example_workday_timetable.py for tasks to queue
[2026-03-18T16:24:53.453+0100] {logging_mixin.py:190} INFO - [2026-03-18T16:24:53.453+0100] {dagbag.py:588} INFO - Filling up the DagBag from /Users/atanasivanov/ipo-intel/ipo-intel/.venv_airflow/lib/python3.11/site-packages/airflow/example_dags/example_workday_timetable.py
[2026-03-18T16:24:53.456+0100] {logging_mixin.py:190} INFO - [2026-03-18T16:24:53.455+0100] {workday.py:41} WARNING - Could not import pandas. Holidays will not be considered.
[2026-03-18T16:24:53.460+0100] {processor.py:925} INFO - DAG(s) 'example_workday_timetable' retrieved from /Users/atanasivanov/ipo-intel/ipo-intel/.venv_airflow/lib/python3.11/site-packages/airflow/example_dags/example_workday_timetable.py
[2026-03-18T16:24:53.534+0100] {logging_mixin.py:190} INFO - [2026-03-18T16:24:53.534+0100] {workday.py:41} WARNING - Could not import pandas. Holidays will not be considered.
[2026-03-18T16:24:53.553+0100] {logging_mixin.py:190} INFO - [2026-03-18T16:24:53.553+0100] {dag.py:3239} INFO - Sync 1 DAGs
[2026-03-18T16:24:53.566+0100] {logging_mixin.py:190} INFO - [2026-03-18T16:24:53.565+0100] {dag.py:4180} INFO - Setting next_dagrun for example_workday_timetable to 2021-01-01 00:00:00+00:00, run_after=2021-01-02 00:00:00+00:00
[2026-03-18T16:24:53.580+0100] {processor.py:208} INFO - Processing /Users/atanasivanov/ipo-intel/ipo-intel/.venv_airflow/lib/python3.11/site-packages/airflow/example_dags/example_workday_timetable.py took 0.134 seconds
[2026-03-18T16:26:54.808+0100] {processor.py:186} INFO - Started process (PID=46811) to work on /Users/atanasivanov/ipo-intel/ipo-intel/.venv_airflow/lib/python3.11/site-packages/airflow/example_dags/example_workday_timetable.py
[2026-03-18T16:26:54.809+0100] {processor.py:914} INFO - Processing file /Users/atanasivanov/ipo-intel/ipo-intel/.venv_airflow/lib/python3.11/site-packages/airflow/example_dags/example_workday_timetable.py for tasks to queue
[2026-03-18T16:26:54.810+0100] {logging_mixin.py:190} INFO - [2026-03-18T16:26:54.810+0100] {dagbag.py:588} INFO - Filling up the DagBag from /Users/atanasivanov/ipo-intel/ipo-intel/.venv_airflow/lib/python3.11/site-packages/airflow/example_dags/example_workday_timetable.py
[2026-03-18T16:26:54.812+0100] {logging_mixin.py:190} INFO - [2026-03-18T16:26:54.812+0100] {workday.py:41} WARNING - Could not import pandas. Holidays will not be considered.
[2026-03-18T16:26:54.817+0100] {processor.py:925} INFO - DAG(s) 'example_workday_timetable' retrieved from /Users/atanasivanov/ipo-intel/ipo-intel/.venv_airflow/lib/python3.11/site-packages/airflow/example_dags/example_workday_timetable.py
[2026-03-18T16:26:54.890+0100] {logging_mixin.py:190} INFO - [2026-03-18T16:26:54.890+0100] {workday.py:41} WARNING - Could not import pandas. Holidays will not be considered.
[2026-03-18T16:26:54.907+0100] {logging_mixin.py:190} INFO - [2026-03-18T16:26:54.907+0100] {dag.py:3239} INFO - Sync 1 DAGs
[2026-03-18T16:26:54.920+0100] {logging_mixin.py:190} INFO - [2026-03-18T16:26:54.920+0100] {dag.py:4180} INFO - Setting next_dagrun for example_workday_timetable to 2021-01-01 00:00:00+00:00, run_after=2021-01-02 00:00:00+00:00
[2026-03-18T16:26:54.933+0100] {processor.py:208} INFO - Processing /Users/atanasivanov/ipo-intel/ipo-intel/.venv_airflow/lib/python3.11/site-packages/airflow/example_dags/example_workday_timetable.py took 0.130 seconds
[2026-03-18T16:28:57.557+0100] {processor.py:186} INFO - Started process (PID=47955) to work on /Users/atanasivanov/ipo-intel/ipo-intel/.venv_airflow/lib/python3.11/site-packages/airflow/example_dags/example_workday_timetable.py
[2026-03-18T16:28:57.558+0100] {processor.py:914} INFO - Processing file /Users/atanasivanov/ipo-intel/ipo-intel/.venv_airflow/lib/python3.11/site-packages/airflow/example_dags/example_workday_timetable.py for tasks to queue
[2026-03-18T16:28:57.559+0100] {logging_mixin.py:190} INFO - [2026-03-18T16:28:57.559+0100] {dagbag.py:588} INFO - Filling up the DagBag from /Users/atanasivanov/ipo-intel/ipo-intel/.venv_airflow/lib/python3.11/site-packages/airflow/example_dags/example_workday_timetable.py
[2026-03-18T16:28:57.561+0100] {logging_mixin.py:190} INFO - [2026-03-18T16:28:57.561+0100] {workday.py:41} WARNING - Could not import pandas. Holidays will not be considered.
[2026-03-18T16:28:57.565+0100] {processor.py:925} INFO - DAG(s) 'example_workday_timetable' retrieved from /Users/atanasivanov/ipo-intel/ipo-intel/.venv_airflow/lib/python3.11/site-packages/airflow/example_dags/example_workday_timetable.py
[2026-03-18T16:28:57.637+0100] {logging_mixin.py:190} INFO - [2026-03-18T16:28:57.637+0100] {workday.py:41} WARNING - Could not import pandas. Holidays will not be considered.
[2026-03-18T16:28:57.653+0100] {logging_mixin.py:190} INFO - [2026-03-18T16:28:57.653+0100] {dag.py:3239} INFO - Sync 1 DAGs
[2026-03-18T16:28:57.667+0100] {logging_mixin.py:190} INFO - [2026-03-18T16:28:57.666+0100] {dag.py:4180} INFO - Setting next_dagrun for example_workday_timetable to 2021-01-01 00:00:00+00:00, run_after=2021-01-02 00:00:00+00:00
[2026-03-18T16:28:57.680+0100] {processor.py:208} INFO - Processing /Users/atanasivanov/ipo-intel/ipo-intel/.venv_airflow/lib/python3.11/site-packages/airflow/example_dags/example_workday_timetable.py took 0.129 seconds
[2026-03-18T16:30:54.731+0100] {processor.py:186} INFO - Started process (PID=48376) to work on /Users/atanasivanov/ipo-intel/ipo-intel/.venv_airflow/lib/python3.11/site-packages/airflow/example_dags/example_workday_timetable.py
[2026-03-18T16:30:54.732+0100] {processor.py:914} INFO - Processing file /Users/atanasivanov/ipo-intel/ipo-intel/.venv_airflow/lib/python3.11/site-packages/airflow/example_dags/example_workday_timetable.py for tasks to queue
[2026-03-18T16:30:54.733+0100] {logging_mixin.py:190} INFO - [2026-03-18T16:30:54.733+0100] {dagbag.py:588} INFO - Filling up the DagBag from /Users/atanasivanov/ipo-intel/ipo-intel/.venv_airflow/lib/python3.11/site-packages/airflow/example_dags/example_workday_timetable.py
[2026-03-18T16:30:54.736+0100] {logging_mixin.py:190} INFO - [2026-03-18T16:30:54.736+0100] {workday.py:41} WARNING - Could not import pandas. Holidays will not be considered.
[2026-03-18T16:30:54.741+0100] {processor.py:925} INFO - DAG(s) 'example_workday_timetable' retrieved from /Users/atanasivanov/ipo-intel/ipo-intel/.venv_airflow/lib/python3.11/site-packages/airflow/example_dags/example_workday_timetable.py
[2026-03-18T16:30:54.813+0100] {logging_mixin.py:190} INFO - [2026-03-18T16:30:54.812+0100] {workday.py:41} WARNING - Could not import pandas. Holidays will not be considered.
[2026-03-18T16:30:54.828+0100] {logging_mixin.py:190} INFO - [2026-03-18T16:30:54.828+0100] {dag.py:3239} INFO - Sync 1 DAGs
[2026-03-18T16:30:54.842+0100] {logging_mixin.py:190} INFO - [2026-03-18T16:30:54.842+0100] {dag.py:4180} INFO - Setting next_dagrun for example_workday_timetable to 2021-01-01 00:00:00+00:00, run_after=2021-01-02 00:00:00+00:00
[2026-03-18T16:30:54.856+0100] {processor.py:208} INFO - Processing /Users/atanasivanov/ipo-intel/ipo-intel/.venv_airflow/lib/python3.11/site-packages/airflow/example_dags/example_workday_timetable.py took 0.130 seconds
[2026-03-18T16:32:47.411+0100] {processor.py:186} INFO - Started process (PID=48783) to work on /Users/atanasivanov/ipo-intel/ipo-intel/.venv_airflow/lib/python3.11/site-packages/airflow/example_dags/example_workday_timetable.py
[2026-03-18T16:32:47.412+0100] {processor.py:914} INFO - Processing file /Users/atanasivanov/ipo-intel/ipo-intel/.venv_airflow/lib/python3.11/site-packages/airflow/example_dags/example_workday_timetable.py for tasks to queue
[2026-03-18T16:32:47.413+0100] {logging_mixin.py:190} INFO - [2026-03-18T16:32:47.413+0100] {dagbag.py:588} INFO - Filling up the DagBag from /Users/atanasivanov/ipo-intel/ipo-intel/.venv_airflow/lib/python3.11/site-packages/airflow/example_dags/example_workday_timetable.py
[2026-03-18T16:32:47.415+0100] {logging_mixin.py:190} INFO - [2026-03-18T16:32:47.415+0100] {workday.py:41} WARNING - Could not import pandas. Holidays will not be considered.
[2026-03-18T16:32:47.420+0100] {processor.py:925} INFO - DAG(s) 'example_workday_timetable' retrieved from /Users/atanasivanov/ipo-intel/ipo-intel/.venv_airflow/lib/python3.11/site-packages/airflow/example_dags/example_workday_timetable.py
[2026-03-18T16:32:47.491+0100] {logging_mixin.py:190} INFO - [2026-03-18T16:32:47.491+0100] {workday.py:41} WARNING - Could not import pandas. Holidays will not be considered.
[2026-03-18T16:32:47.507+0100] {logging_mixin.py:190} INFO - [2026-03-18T16:32:47.507+0100] {dag.py:3239} INFO - Sync 1 DAGs
[2026-03-18T16:32:47.519+0100] {logging_mixin.py:190} INFO - [2026-03-18T16:32:47.519+0100] {dag.py:4180} INFO - Setting next_dagrun for example_workday_timetable to 2021-01-01 00:00:00+00:00, run_after=2021-01-02 00:00:00+00:00
[2026-03-18T16:32:47.533+0100] {processor.py:208} INFO - Processing /Users/atanasivanov/ipo-intel/ipo-intel/.venv_airflow/lib/python3.11/site-packages/airflow/example_dags/example_workday_timetable.py took 0.127 seconds
[2026-03-18T16:34:41.218+0100] {processor.py:186} INFO - Started process (PID=49203) to work on /Users/atanasivanov/ipo-intel/ipo-intel/.venv_airflow/lib/python3.11/site-packages/airflow/example_dags/example_workday_timetable.py
[2026-03-18T16:34:41.219+0100] {processor.py:914} INFO - Processing file /Users/atanasivanov/ipo-intel/ipo-intel/.venv_airflow/lib/python3.11/site-packages/airflow/example_dags/example_workday_timetable.py for tasks to queue
[2026-03-18T16:34:41.220+0100] {logging_mixin.py:190} INFO - [2026-03-18T16:34:41.220+0100] {dagbag.py:588} INFO - Filling up the DagBag from /Users/atanasivanov/ipo-intel/ipo-intel/.venv_airflow/lib/python3.11/site-packages/airflow/example_dags/example_workday_timetable.py
[2026-03-18T16:34:41.223+0100] {logging_mixin.py:190} INFO - [2026-03-18T16:34:41.223+0100] {workday.py:41} WARNING - Could not import pandas. Holidays will not be considered.
[2026-03-18T16:34:41.228+0100] {processor.py:925} INFO - DAG(s) 'example_workday_timetable' retrieved from /Users/atanasivanov/ipo-intel/ipo-intel/.venv_airflow/lib/python3.11/site-packages/airflow/example_dags/example_workday_timetable.py
[2026-03-18T16:34:41.301+0100] {logging_mixin.py:190} INFO - [2026-03-18T16:34:41.301+0100] {workday.py:41} WARNING - Could not import pandas. Holidays will not be considered.
[2026-03-18T16:34:41.317+0100] {logging_mixin.py:190} INFO - [2026-03-18T16:34:41.316+0100] {dag.py:3239} INFO - Sync 1 DAGs
[2026-03-18T16:34:41.329+0100] {logging_mixin.py:190} INFO - [2026-03-18T16:34:41.329+0100] {dag.py:4180} INFO - Setting next_dagrun for example_workday_timetable to 2021-01-01 00:00:00+00:00, run_after=2021-01-02 00:00:00+00:00
[2026-03-18T16:34:41.343+0100] {processor.py:208} INFO - Processing /Users/atanasivanov/ipo-intel/ipo-intel/.venv_airflow/lib/python3.11/site-packages/airflow/example_dags/example_workday_timetable.py took 0.130 seconds
[2026-03-18T16:36:36.875+0100] {processor.py:186} INFO - Started process (PID=49624) to work on /Users/atanasivanov/ipo-intel/ipo-intel/.venv_airflow/lib/python3.11/site-packages/airflow/example_dags/example_workday_timetable.py
[2026-03-18T16:36:36.876+0100] {processor.py:914} INFO - Processing file /Users/atanasivanov/ipo-intel/ipo-intel/.venv_airflow/lib/python3.11/site-packages/airflow/example_dags/example_workday_timetable.py for tasks to queue
[2026-03-18T16:36:36.877+0100] {logging_mixin.py:190} INFO - [2026-03-18T16:36:36.876+0100] {dagbag.py:588} INFO - Filling up the DagBag from /Users/atanasivanov/ipo-intel/ipo-intel/.venv_airflow/lib/python3.11/site-packages/airflow/example_dags/example_workday_timetable.py
[2026-03-18T16:36:36.879+0100] {logging_mixin.py:190} INFO - [2026-03-18T16:36:36.879+0100] {workday.py:41} WARNING - Could not import pandas. Holidays will not be considered.
[2026-03-18T16:36:36.884+0100] {processor.py:925} INFO - DAG(s) 'example_workday_timetable' retrieved from /Users/atanasivanov/ipo-intel/ipo-intel/.venv_airflow/lib/python3.11/site-packages/airflow/example_dags/example_workday_timetable.py
[2026-03-18T16:36:36.956+0100] {logging_mixin.py:190} INFO - [2026-03-18T16:36:36.956+0100] {workday.py:41} WARNING - Could not import pandas. Holidays will not be considered.
[2026-03-18T16:36:36.972+0100] {logging_mixin.py:190} INFO - [2026-03-18T16:36:36.972+0100] {dag.py:3239} INFO - Sync 1 DAGs
[2026-03-18T16:36:36.985+0100] {logging_mixin.py:190} INFO - [2026-03-18T16:36:36.985+0100] {dag.py:4180} INFO - Setting next_dagrun for example_workday_timetable to 2021-01-01 00:00:00+00:00, run_after=2021-01-02 00:00:00+00:00
[2026-03-18T16:36:36.999+0100] {processor.py:208} INFO - Processing /Users/atanasivanov/ipo-intel/ipo-intel/.venv_airflow/lib/python3.11/site-packages/airflow/example_dags/example_workday_timetable.py took 0.129 seconds
[2026-03-18T16:38:28.154+0100] {processor.py:186} INFO - Started process (PID=50024) to work on /Users/atanasivanov/ipo-intel/ipo-intel/.venv_airflow/lib/python3.11/site-packages/airflow/example_dags/example_workday_timetable.py
[2026-03-18T16:38:28.156+0100] {processor.py:914} INFO - Processing file /Users/atanasivanov/ipo-intel/ipo-intel/.venv_airflow/lib/python3.11/site-packages/airflow/example_dags/example_workday_timetable.py for tasks to queue
[2026-03-18T16:38:28.157+0100] {logging_mixin.py:190} INFO - [2026-03-18T16:38:28.156+0100] {dagbag.py:588} INFO - Filling up the DagBag from /Users/atanasivanov/ipo-intel/ipo-intel/.venv_airflow/lib/python3.11/site-packages/airflow/example_dags/example_workday_timetable.py
[2026-03-18T16:38:28.159+0100] {logging_mixin.py:190} INFO - [2026-03-18T16:38:28.159+0100] {workday.py:41} WARNING - Could not import pandas. Holidays will not be considered.
[2026-03-18T16:38:28.164+0100] {processor.py:925} INFO - DAG(s) 'example_workday_timetable' retrieved from /Users/atanasivanov/ipo-intel/ipo-intel/.venv_airflow/lib/python3.11/site-packages/airflow/example_dags/example_workday_timetable.py
[2026-03-18T16:38:28.240+0100] {logging_mixin.py:190} INFO - [2026-03-18T16:38:28.240+0100] {workday.py:41} WARNING - Could not import pandas. Holidays will not be considered.
[2026-03-18T16:38:28.256+0100] {logging_mixin.py:190} INFO - [2026-03-18T16:38:28.256+0100] {dag.py:3239} INFO - Sync 1 DAGs
[2026-03-18T16:38:28.269+0100] {logging_mixin.py:190} INFO - [2026-03-18T16:38:28.268+0100] {dag.py:4180} INFO - Setting next_dagrun for example_workday_timetable to 2021-01-01 00:00:00+00:00, run_after=2021-01-02 00:00:00+00:00
[2026-03-18T16:38:28.282+0100] {processor.py:208} INFO - Processing /Users/atanasivanov/ipo-intel/ipo-intel/.venv_airflow/lib/python3.11/site-packages/airflow/example_dags/example_workday_timetable.py took 0.133 seconds
[2026-03-18T16:40:29.819+0100] {processor.py:186} INFO - Started process (PID=51342) to work on /Users/atanasivanov/ipo-intel/ipo-intel/.venv_airflow/lib/python3.11/site-packages/airflow/example_dags/example_workday_timetable.py
[2026-03-18T16:40:29.820+0100] {processor.py:914} INFO - Processing file /Users/atanasivanov/ipo-intel/ipo-intel/.venv_airflow/lib/python3.11/site-packages/airflow/example_dags/example_workday_timetable.py for tasks to queue
[2026-03-18T16:40:29.821+0100] {logging_mixin.py:190} INFO - [2026-03-18T16:40:29.821+0100] {dagbag.py:588} INFO - Filling up the DagBag from /Users/atanasivanov/ipo-intel/ipo-intel/.venv_airflow/lib/python3.11/site-packages/airflow/example_dags/example_workday_timetable.py
[2026-03-18T16:40:29.823+0100] {logging_mixin.py:190} INFO - [2026-03-18T16:40:29.823+0100] {workday.py:41} WARNING - Could not import pandas. Holidays will not be considered.
[2026-03-18T16:40:29.829+0100] {processor.py:925} INFO - DAG(s) 'example_workday_timetable' retrieved from /Users/atanasivanov/ipo-intel/ipo-intel/.venv_airflow/lib/python3.11/site-packages/airflow/example_dags/example_workday_timetable.py
[2026-03-18T16:40:29.923+0100] {logging_mixin.py:190} INFO - [2026-03-18T16:40:29.923+0100] {workday.py:41} WARNING - Could not import pandas. Holidays will not be considered.
[2026-03-18T16:40:29.941+0100] {logging_mixin.py:190} INFO - [2026-03-18T16:40:29.940+0100] {dag.py:3239} INFO - Sync 1 DAGs
[2026-03-18T16:40:29.955+0100] {logging_mixin.py:190} INFO - [2026-03-18T16:40:29.954+0100] {dag.py:4180} INFO - Setting next_dagrun for example_workday_timetable to 2021-01-01 00:00:00+00:00, run_after=2021-01-02 00:00:00+00:00
[2026-03-18T16:40:29.970+0100] {processor.py:208} INFO - Processing /Users/atanasivanov/ipo-intel/ipo-intel/.venv_airflow/lib/python3.11/site-packages/airflow/example_dags/example_workday_timetable.py took 0.157 seconds
[2026-03-18T16:42:32.905+0100] {processor.py:186} INFO - Started process (PID=52002) to work on /Users/atanasivanov/ipo-intel/ipo-intel/.venv_airflow/lib/python3.11/site-packages/airflow/example_dags/example_workday_timetable.py
[2026-03-18T16:42:32.906+0100] {processor.py:914} INFO - Processing file /Users/atanasivanov/ipo-intel/ipo-intel/.venv_airflow/lib/python3.11/site-packages/airflow/example_dags/example_workday_timetable.py for tasks to queue
[2026-03-18T16:42:32.908+0100] {logging_mixin.py:190} INFO - [2026-03-18T16:42:32.908+0100] {dagbag.py:588} INFO - Filling up the DagBag from /Users/atanasivanov/ipo-intel/ipo-intel/.venv_airflow/lib/python3.11/site-packages/airflow/example_dags/example_workday_timetable.py
[2026-03-18T16:42:32.910+0100] {logging_mixin.py:190} INFO - [2026-03-18T16:42:32.910+0100] {workday.py:41} WARNING - Could not import pandas. Holidays will not be considered.
[2026-03-18T16:42:32.915+0100] {processor.py:925} INFO - DAG(s) 'example_workday_timetable' retrieved from /Users/atanasivanov/ipo-intel/ipo-intel/.venv_airflow/lib/python3.11/site-packages/airflow/example_dags/example_workday_timetable.py
[2026-03-18T16:42:32.988+0100] {logging_mixin.py:190} INFO - [2026-03-18T16:42:32.988+0100] {workday.py:41} WARNING - Could not import pandas. Holidays will not be considered.
[2026-03-18T16:42:33.004+0100] {logging_mixin.py:190} INFO - [2026-03-18T16:42:33.004+0100] {dag.py:3239} INFO - Sync 1 DAGs
[2026-03-18T16:42:33.017+0100] {logging_mixin.py:190} INFO - [2026-03-18T16:42:33.017+0100] {dag.py:4180} INFO - Setting next_dagrun for example_workday_timetable to 2021-01-01 00:00:00+00:00, run_after=2021-01-02 00:00:00+00:00
[2026-03-18T16:42:33.030+0100] {processor.py:208} INFO - Processing /Users/atanasivanov/ipo-intel/ipo-intel/.venv_airflow/lib/python3.11/site-packages/airflow/example_dags/example_workday_timetable.py took 0.130 seconds
[2026-03-18T16:48:09.626+0100] {processor.py:186} INFO - Started process (PID=53243) to work on /Users/atanasivanov/ipo-intel/ipo-intel/.venv_airflow/lib/python3.11/site-packages/airflow/example_dags/example_workday_timetable.py
[2026-03-18T16:48:09.627+0100] {processor.py:914} INFO - Processing file /Users/atanasivanov/ipo-intel/ipo-intel/.venv_airflow/lib/python3.11/site-packages/airflow/example_dags/example_workday_timetable.py for tasks to queue
[2026-03-18T16:48:09.628+0100] {logging_mixin.py:190} INFO - [2026-03-18T16:48:09.628+0100] {dagbag.py:588} INFO - Filling up the DagBag from /Users/atanasivanov/ipo-intel/ipo-intel/.venv_airflow/lib/python3.11/site-packages/airflow/example_dags/example_workday_timetable.py
[2026-03-18T16:48:09.630+0100] {logging_mixin.py:190} INFO - [2026-03-18T16:48:09.630+0100] {workday.py:41} WARNING - Could not import pandas. Holidays will not be considered.
[2026-03-18T16:48:09.635+0100] {processor.py:925} INFO - DAG(s) 'example_workday_timetable' retrieved from /Users/atanasivanov/ipo-intel/ipo-intel/.venv_airflow/lib/python3.11/site-packages/airflow/example_dags/example_workday_timetable.py
[2026-03-18T16:48:09.709+0100] {logging_mixin.py:190} INFO - [2026-03-18T16:48:09.709+0100] {workday.py:41} WARNING - Could not import pandas. Holidays will not be considered.
[2026-03-18T16:48:09.725+0100] {logging_mixin.py:190} INFO - [2026-03-18T16:48:09.725+0100] {dag.py:3239} INFO - Sync 1 DAGs
[2026-03-18T16:48:09.738+0100] {logging_mixin.py:190} INFO - [2026-03-18T16:48:09.738+0100] {dag.py:4180} INFO - Setting next_dagrun for example_workday_timetable to 2021-01-01 00:00:00+00:00, run_after=2021-01-02 00:00:00+00:00
[2026-03-18T16:48:09.754+0100] {processor.py:208} INFO - Processing /Users/atanasivanov/ipo-intel/ipo-intel/.venv_airflow/lib/python3.11/site-packages/airflow/example_dags/example_workday_timetable.py took 0.133 seconds
[2026-03-18T16:50:38.274+0100] {processor.py:186} INFO - Started process (PID=53779) to work on /Users/atanasivanov/ipo-intel/ipo-intel/.venv_airflow/lib/python3.11/site-packages/airflow/example_dags/example_workday_timetable.py
[2026-03-18T16:50:38.275+0100] {processor.py:914} INFO - Processing file /Users/atanasivanov/ipo-intel/ipo-intel/.venv_airflow/lib/python3.11/site-packages/airflow/example_dags/example_workday_timetable.py for tasks to queue
[2026-03-18T16:50:38.276+0100] {logging_mixin.py:190} INFO - [2026-03-18T16:50:38.276+0100] {dagbag.py:588} INFO - Filling up the DagBag from /Users/atanasivanov/ipo-intel/ipo-intel/.venv_airflow/lib/python3.11/site-packages/airflow/example_dags/example_workday_timetable.py
[2026-03-18T16:50:38.278+0100] {logging_mixin.py:190} INFO - [2026-03-18T16:50:38.278+0100] {workday.py:41} WARNING - Could not import pandas. Holidays will not be considered.
[2026-03-18T16:50:38.283+0100] {processor.py:925} INFO - DAG(s) 'example_workday_timetable' retrieved from /Users/atanasivanov/ipo-intel/ipo-intel/.venv_airflow/lib/python3.11/site-packages/airflow/example_dags/example_workday_timetable.py
[2026-03-18T16:50:38.354+0100] {logging_mixin.py:190} INFO - [2026-03-18T16:50:38.353+0100] {workday.py:41} WARNING - Could not import pandas. Holidays will not be considered.
[2026-03-18T16:50:38.369+0100] {logging_mixin.py:190} INFO - [2026-03-18T16:50:38.369+0100] {dag.py:3239} INFO - Sync 1 DAGs
[2026-03-18T16:50:38.381+0100] {logging_mixin.py:190} INFO - [2026-03-18T16:50:38.381+0100] {dag.py:4180} INFO - Setting next_dagrun for example_workday_timetable to 2021-01-01 00:00:00+00:00, run_after=2021-01-02 00:00:00+00:00
[2026-03-18T16:50:38.394+0100] {processor.py:208} INFO - Processing /Users/atanasivanov/ipo-intel/ipo-intel/.venv_airflow/lib/python3.11/site-packages/airflow/example_dags/example_workday_timetable.py took 0.125 seconds
[2026-03-18T16:52:40.720+0100] {processor.py:186} INFO - Started process (PID=54226) to work on /Users/atanasivanov/ipo-intel/ipo-intel/.venv_airflow/lib/python3.11/site-packages/airflow/example_dags/example_workday_timetable.py
[2026-03-18T16:52:40.721+0100] {processor.py:914} INFO - Processing file /Users/atanasivanov/ipo-intel/ipo-intel/.venv_airflow/lib/python3.11/site-packages/airflow/example_dags/example_workday_timetable.py for tasks to queue
[2026-03-18T16:52:40.722+0100] {logging_mixin.py:190} INFO - [2026-03-18T16:52:40.722+0100] {dagbag.py:588} INFO - Filling up the DagBag from /Users/atanasivanov/ipo-intel/ipo-intel/.venv_airflow/lib/python3.11/site-packages/airflow/example_dags/example_workday_timetable.py
[2026-03-18T16:52:40.724+0100] {logging_mixin.py:190} INFO - [2026-03-18T16:52:40.724+0100] {workday.py:41} WARNING - Could not import pandas. Holidays will not be considered.
[2026-03-18T16:52:40.729+0100] {processor.py:925} INFO - DAG(s) 'example_workday_timetable' retrieved from /Users/atanasivanov/ipo-intel/ipo-intel/.venv_airflow/lib/python3.11/site-packages/airflow/example_dags/example_workday_timetable.py
[2026-03-18T16:52:40.802+0100] {logging_mixin.py:190} INFO - [2026-03-18T16:52:40.802+0100] {workday.py:41} WARNING - Could not import pandas. Holidays will not be considered.
[2026-03-18T16:52:40.818+0100] {logging_mixin.py:190} INFO - [2026-03-18T16:52:40.817+0100] {dag.py:3239} INFO - Sync 1 DAGs
[2026-03-18T16:52:40.830+0100] {logging_mixin.py:190} INFO - [2026-03-18T16:52:40.830+0100] {dag.py:4180} INFO - Setting next_dagrun for example_workday_timetable to 2021-01-01 00:00:00+00:00, run_after=2021-01-02 00:00:00+00:00
[2026-03-18T16:52:40.844+0100] {processor.py:208} INFO - Processing /Users/atanasivanov/ipo-intel/ipo-intel/.venv_airflow/lib/python3.11/site-packages/airflow/example_dags/example_workday_timetable.py took 0.128 seconds
[2026-03-18T16:54:48.182+0100] {processor.py:186} INFO - Started process (PID=54998) to work on /Users/atanasivanov/ipo-intel/ipo-intel/.venv_airflow/lib/python3.11/site-packages/airflow/example_dags/example_workday_timetable.py
[2026-03-18T16:54:48.183+0100] {processor.py:914} INFO - Processing file /Users/atanasivanov/ipo-intel/ipo-intel/.venv_airflow/lib/python3.11/site-packages/airflow/example_dags/example_workday_timetable.py for tasks to queue
[2026-03-18T16:54:48.184+0100] {logging_mixin.py:190} INFO - [2026-03-18T16:54:48.184+0100] {dagbag.py:588} INFO - Filling up the DagBag from /Users/atanasivanov/ipo-intel/ipo-intel/.venv_airflow/lib/python3.11/site-packages/airflow/example_dags/example_workday_timetable.py
[2026-03-18T16:54:48.187+0100] {logging_mixin.py:190} INFO - [2026-03-18T16:54:48.187+0100] {workday.py:41} WARNING - Could not import pandas. Holidays will not be considered.
[2026-03-18T16:54:48.194+0100] {processor.py:925} INFO - DAG(s) 'example_workday_timetable' retrieved from /Users/atanasivanov/ipo-intel/ipo-intel/.venv_airflow/lib/python3.11/site-packages/airflow/example_dags/example_workday_timetable.py
[2026-03-18T16:54:48.287+0100] {logging_mixin.py:190} INFO - [2026-03-18T16:54:48.287+0100] {workday.py:41} WARNING - Could not import pandas. Holidays will not be considered.
[2026-03-18T16:54:48.307+0100] {logging_mixin.py:190} INFO - [2026-03-18T16:54:48.306+0100] {dag.py:3239} INFO - Sync 1 DAGs
[2026-03-18T16:54:48.322+0100] {logging_mixin.py:190} INFO - [2026-03-18T16:54:48.322+0100] {dag.py:4180} INFO - Setting next_dagrun for example_workday_timetable to 2021-01-01 00:00:00+00:00, run_after=2021-01-02 00:00:00+00:00
[2026-03-18T16:54:48.340+0100] {processor.py:208} INFO - Processing /Users/atanasivanov/ipo-intel/ipo-intel/.venv_airflow/lib/python3.11/site-packages/airflow/example_dags/example_workday_timetable.py took 0.166 seconds
[2026-03-18T16:56:53.377+0100] {processor.py:186} INFO - Started process (PID=55452) to work on /Users/atanasivanov/ipo-intel/ipo-intel/.venv_airflow/lib/python3.11/site-packages/airflow/example_dags/example_workday_timetable.py
[2026-03-18T16:56:53.378+0100] {processor.py:914} INFO - Processing file /Users/atanasivanov/ipo-intel/ipo-intel/.venv_airflow/lib/python3.11/site-packages/airflow/example_dags/example_workday_timetable.py for tasks to queue
[2026-03-18T16:56:53.379+0100] {logging_mixin.py:190} INFO - [2026-03-18T16:56:53.379+0100] {dagbag.py:588} INFO - Filling up the DagBag from /Users/atanasivanov/ipo-intel/ipo-intel/.venv_airflow/lib/python3.11/site-packages/airflow/example_dags/example_workday_timetable.py
[2026-03-18T16:56:53.381+0100] {logging_mixin.py:190} INFO - [2026-03-18T16:56:53.381+0100] {workday.py:41} WARNING - Could not import pandas. Holidays will not be considered.
[2026-03-18T16:56:53.388+0100] {processor.py:925} INFO - DAG(s) 'example_workday_timetable' retrieved from /Users/atanasivanov/ipo-intel/ipo-intel/.venv_airflow/lib/python3.11/site-packages/airflow/example_dags/example_workday_timetable.py
[2026-03-18T16:56:53.471+0100] {logging_mixin.py:190} INFO - [2026-03-18T16:56:53.471+0100] {workday.py:41} WARNING - Could not import pandas. Holidays will not be considered.
[2026-03-18T16:56:53.489+0100] {logging_mixin.py:190} INFO - [2026-03-18T16:56:53.489+0100] {dag.py:3239} INFO - Sync 1 DAGs
[2026-03-18T16:56:53.505+0100] {logging_mixin.py:190} INFO - [2026-03-18T16:56:53.504+0100] {dag.py:4180} INFO - Setting next_dagrun for example_workday_timetable to 2021-01-01 00:00:00+00:00, run_after=2021-01-02 00:00:00+00:00
[2026-03-18T16:56:53.522+0100] {processor.py:208} INFO - Processing /Users/atanasivanov/ipo-intel/ipo-intel/.venv_airflow/lib/python3.11/site-packages/airflow/example_dags/example_workday_timetable.py took 0.150 seconds
[2026-03-18T16:58:56.950+0100] {processor.py:186} INFO - Started process (PID=55924) to work on /Users/atanasivanov/ipo-intel/ipo-intel/.venv_airflow/lib/python3.11/site-packages/airflow/example_dags/example_workday_timetable.py
[2026-03-18T16:58:56.951+0100] {processor.py:914} INFO - Processing file /Users/atanasivanov/ipo-intel/ipo-intel/.venv_airflow/lib/python3.11/site-packages/airflow/example_dags/example_workday_timetable.py for tasks to queue
[2026-03-18T16:58:56.952+0100] {logging_mixin.py:190} INFO - [2026-03-18T16:58:56.952+0100] {dagbag.py:588} INFO - Filling up the DagBag from /Users/atanasivanov/ipo-intel/ipo-intel/.venv_airflow/lib/python3.11/site-packages/airflow/example_dags/example_workday_timetable.py
[2026-03-18T16:58:56.954+0100] {logging_mixin.py:190} INFO - [2026-03-18T16:58:56.954+0100] {workday.py:41} WARNING - Could not import pandas. Holidays will not be considered.
[2026-03-18T16:58:56.959+0100] {processor.py:925} INFO - DAG(s) 'example_workday_timetable' retrieved from /Users/atanasivanov/ipo-intel/ipo-intel/.venv_airflow/lib/python3.11/site-packages/airflow/example_dags/example_workday_timetable.py
[2026-03-18T16:58:57.042+0100] {logging_mixin.py:190} INFO - [2026-03-18T16:58:57.042+0100] {workday.py:41} WARNING - Could not import pandas. Holidays will not be considered.
[2026-03-18T16:58:57.058+0100] {logging_mixin.py:190} INFO - [2026-03-18T16:58:57.058+0100] {dag.py:3239} INFO - Sync 1 DAGs
[2026-03-18T16:58:57.072+0100] {logging_mixin.py:190} INFO - [2026-03-18T16:58:57.071+0100] {dag.py:4180} INFO - Setting next_dagrun for example_workday_timetable to 2021-01-01 00:00:00+00:00, run_after=2021-01-02 00:00:00+00:00
[2026-03-18T16:58:57.086+0100] {processor.py:208} INFO - Processing /Users/atanasivanov/ipo-intel/ipo-intel/.venv_airflow/lib/python3.11/site-packages/airflow/example_dags/example_workday_timetable.py took 0.141 seconds
[2026-03-18T17:00:59.715+0100] {processor.py:186} INFO - Started process (PID=56364) to work on /Users/atanasivanov/ipo-intel/ipo-intel/.venv_airflow/lib/python3.11/site-packages/airflow/example_dags/example_workday_timetable.py
[2026-03-18T17:00:59.716+0100] {processor.py:914} INFO - Processing file /Users/atanasivanov/ipo-intel/ipo-intel/.venv_airflow/lib/python3.11/site-packages/airflow/example_dags/example_workday_timetable.py for tasks to queue
[2026-03-18T17:00:59.717+0100] {logging_mixin.py:190} INFO - [2026-03-18T17:00:59.717+0100] {dagbag.py:588} INFO - Filling up the DagBag from /Users/atanasivanov/ipo-intel/ipo-intel/.venv_airflow/lib/python3.11/site-packages/airflow/example_dags/example_workday_timetable.py
[2026-03-18T17:00:59.719+0100] {logging_mixin.py:190} INFO - [2026-03-18T17:00:59.719+0100] {workday.py:41} WARNING - Could not import pandas. Holidays will not be considered.
[2026-03-18T17:00:59.723+0100] {processor.py:925} INFO - DAG(s) 'example_workday_timetable' retrieved from /Users/atanasivanov/ipo-intel/ipo-intel/.venv_airflow/lib/python3.11/site-packages/airflow/example_dags/example_workday_timetable.py
[2026-03-18T17:00:59.794+0100] {logging_mixin.py:190} INFO - [2026-03-18T17:00:59.794+0100] {workday.py:41} WARNING - Could not import pandas. Holidays will not be considered.
[2026-03-18T17:00:59.810+0100] {logging_mixin.py:190} INFO - [2026-03-18T17:00:59.810+0100] {dag.py:3239} INFO - Sync 1 DAGs
[2026-03-18T17:00:59.822+0100] {logging_mixin.py:190} INFO - [2026-03-18T17:00:59.822+0100] {dag.py:4180} INFO - Setting next_dagrun for example_workday_timetable to 2021-01-01 00:00:00+00:00, run_after=2021-01-02 00:00:00+00:00
[2026-03-18T17:00:59.836+0100] {processor.py:208} INFO - Processing /Users/atanasivanov/ipo-intel/ipo-intel/.venv_airflow/lib/python3.11/site-packages/airflow/example_dags/example_workday_timetable.py took 0.126 seconds
[2026-03-18T17:02:53.695+0100] {processor.py:186} INFO - Started process (PID=56782) to work on /Users/atanasivanov/ipo-intel/ipo-intel/.venv_airflow/lib/python3.11/site-packages/airflow/example_dags/example_workday_timetable.py
[2026-03-18T17:02:53.696+0100] {processor.py:914} INFO - Processing file /Users/atanasivanov/ipo-intel/ipo-intel/.venv_airflow/lib/python3.11/site-packages/airflow/example_dags/example_workday_timetable.py for tasks to queue
[2026-03-18T17:02:53.698+0100] {logging_mixin.py:190} INFO - [2026-03-18T17:02:53.697+0100] {dagbag.py:588} INFO - Filling up the DagBag from /Users/atanasivanov/ipo-intel/ipo-intel/.venv_airflow/lib/python3.11/site-packages/airflow/example_dags/example_workday_timetable.py
[2026-03-18T17:02:53.700+0100] {logging_mixin.py:190} INFO - [2026-03-18T17:02:53.700+0100] {workday.py:41} WARNING - Could not import pandas. Holidays will not be considered.
[2026-03-18T17:02:53.704+0100] {processor.py:925} INFO - DAG(s) 'example_workday_timetable' retrieved from /Users/atanasivanov/ipo-intel/ipo-intel/.venv_airflow/lib/python3.11/site-packages/airflow/example_dags/example_workday_timetable.py
[2026-03-18T17:02:53.774+0100] {logging_mixin.py:190} INFO - [2026-03-18T17:02:53.774+0100] {workday.py:41} WARNING - Could not import pandas. Holidays will not be considered.
[2026-03-18T17:02:53.790+0100] {logging_mixin.py:190} INFO - [2026-03-18T17:02:53.790+0100] {dag.py:3239} INFO - Sync 1 DAGs
[2026-03-18T17:02:53.803+0100] {logging_mixin.py:190} INFO - [2026-03-18T17:02:53.803+0100] {dag.py:4180} INFO - Setting next_dagrun for example_workday_timetable to 2021-01-01 00:00:00+00:00, run_after=2021-01-02 00:00:00+00:00
[2026-03-18T17:02:53.816+0100] {processor.py:208} INFO - Processing /Users/atanasivanov/ipo-intel/ipo-intel/.venv_airflow/lib/python3.11/site-packages/airflow/example_dags/example_workday_timetable.py took 0.127 seconds
[2026-03-18T17:04:49.308+0100] {processor.py:186} INFO - Started process (PID=57199) to work on /Users/atanasivanov/ipo-intel/ipo-intel/.venv_airflow/lib/python3.11/site-packages/airflow/example_dags/example_workday_timetable.py
[2026-03-18T17:04:49.310+0100] {processor.py:914} INFO - Processing file /Users/atanasivanov/ipo-intel/ipo-intel/.venv_airflow/lib/python3.11/site-packages/airflow/example_dags/example_workday_timetable.py for tasks to queue
[2026-03-18T17:04:49.311+0100] {logging_mixin.py:190} INFO - [2026-03-18T17:04:49.311+0100] {dagbag.py:588} INFO - Filling up the DagBag from /Users/atanasivanov/ipo-intel/ipo-intel/.venv_airflow/lib/python3.11/site-packages/airflow/example_dags/example_workday_timetable.py
[2026-03-18T17:04:49.313+0100] {logging_mixin.py:190} INFO - [2026-03-18T17:04:49.313+0100] {workday.py:41} WARNING - Could not import pandas. Holidays will not be considered.
[2026-03-18T17:04:49.317+0100] {processor.py:925} INFO - DAG(s) 'example_workday_timetable' retrieved from /Users/atanasivanov/ipo-intel/ipo-intel/.venv_airflow/lib/python3.11/site-packages/airflow/example_dags/example_workday_timetable.py
[2026-03-18T17:04:49.388+0100] {logging_mixin.py:190} INFO - [2026-03-18T17:04:49.388+0100] {workday.py:41} WARNING - Could not import pandas. Holidays will not be considered.
[2026-03-18T17:04:49.404+0100] {logging_mixin.py:190} INFO - [2026-03-18T17:04:49.404+0100] {dag.py:3239} INFO - Sync 1 DAGs
[2026-03-18T17:04:49.417+0100] {logging_mixin.py:190} INFO - [2026-03-18T17:04:49.417+0100] {dag.py:4180} INFO - Setting next_dagrun for example_workday_timetable to 2021-01-01 00:00:00+00:00, run_after=2021-01-02 00:00:00+00:00
[2026-03-18T17:04:49.430+0100] {processor.py:208} INFO - Processing /Users/atanasivanov/ipo-intel/ipo-intel/.venv_airflow/lib/python3.11/site-packages/airflow/example_dags/example_workday_timetable.py took 0.127 seconds
[2026-03-18T17:06:48.808+0100] {processor.py:186} INFO - Started process (PID=57639) to work on /Users/atanasivanov/ipo-intel/ipo-intel/.venv_airflow/lib/python3.11/site-packages/airflow/example_dags/example_workday_timetable.py
[2026-03-18T17:06:48.810+0100] {processor.py:914} INFO - Processing file /Users/atanasivanov/ipo-intel/ipo-intel/.venv_airflow/lib/python3.11/site-packages/airflow/example_dags/example_workday_timetable.py for tasks to queue
[2026-03-18T17:06:48.811+0100] {logging_mixin.py:190} INFO - [2026-03-18T17:06:48.811+0100] {dagbag.py:588} INFO - Filling up the DagBag from /Users/atanasivanov/ipo-intel/ipo-intel/.venv_airflow/lib/python3.11/site-packages/airflow/example_dags/example_workday_timetable.py
[2026-03-18T17:06:48.813+0100] {logging_mixin.py:190} INFO - [2026-03-18T17:06:48.813+0100] {workday.py:41} WARNING - Could not import pandas. Holidays will not be considered.
[2026-03-18T17:06:48.818+0100] {processor.py:925} INFO - DAG(s) 'example_workday_timetable' retrieved from /Users/atanasivanov/ipo-intel/ipo-intel/.venv_airflow/lib/python3.11/site-packages/airflow/example_dags/example_workday_timetable.py
[2026-03-18T17:06:48.891+0100] {logging_mixin.py:190} INFO - [2026-03-18T17:06:48.891+0100] {workday.py:41} WARNING - Could not import pandas. Holidays will not be considered.
[2026-03-18T17:06:48.907+0100] {logging_mixin.py:190} INFO - [2026-03-18T17:06:48.907+0100] {dag.py:3239} INFO - Sync 1 DAGs
[2026-03-18T17:06:48.920+0100] {logging_mixin.py:190} INFO - [2026-03-18T17:06:48.920+0100] {dag.py:4180} INFO - Setting next_dagrun for example_workday_timetable to 2021-01-01 00:00:00+00:00, run_after=2021-01-02 00:00:00+00:00
[2026-03-18T17:06:48.934+0100] {processor.py:208} INFO - Processing /Users/atanasivanov/ipo-intel/ipo-intel/.venv_airflow/lib/python3.11/site-packages/airflow/example_dags/example_workday_timetable.py took 0.131 seconds
[2026-03-18T17:08:40.014+0100] {processor.py:186} INFO - Started process (PID=58047) to work on /Users/atanasivanov/ipo-intel/ipo-intel/.venv_airflow/lib/python3.11/site-packages/airflow/example_dags/example_workday_timetable.py
[2026-03-18T17:08:40.015+0100] {processor.py:914} INFO - Processing file /Users/atanasivanov/ipo-intel/ipo-intel/.venv_airflow/lib/python3.11/site-packages/airflow/example_dags/example_workday_timetable.py for tasks to queue
[2026-03-18T17:08:40.016+0100] {logging_mixin.py:190} INFO - [2026-03-18T17:08:40.016+0100] {dagbag.py:588} INFO - Filling up the DagBag from /Users/atanasivanov/ipo-intel/ipo-intel/.venv_airflow/lib/python3.11/site-packages/airflow/example_dags/example_workday_timetable.py
[2026-03-18T17:08:40.018+0100] {logging_mixin.py:190} INFO - [2026-03-18T17:08:40.018+0100] {workday.py:41} WARNING - Could not import pandas. Holidays will not be considered.
[2026-03-18T17:08:40.024+0100] {processor.py:925} INFO - DAG(s) 'example_workday_timetable' retrieved from /Users/atanasivanov/ipo-intel/ipo-intel/.venv_airflow/lib/python3.11/site-packages/airflow/example_dags/example_workday_timetable.py
[2026-03-18T17:08:40.103+0100] {logging_mixin.py:190} INFO - [2026-03-18T17:08:40.103+0100] {workday.py:41} WARNING - Could not import pandas. Holidays will not be considered.
[2026-03-18T17:08:40.119+0100] {logging_mixin.py:190} INFO - [2026-03-18T17:08:40.119+0100] {dag.py:3239} INFO - Sync 1 DAGs
[2026-03-18T17:08:40.132+0100] {logging_mixin.py:190} INFO - [2026-03-18T17:08:40.131+0100] {dag.py:4180} INFO - Setting next_dagrun for example_workday_timetable to 2021-01-01 00:00:00+00:00, run_after=2021-01-02 00:00:00+00:00
[2026-03-18T17:08:40.146+0100] {processor.py:208} INFO - Processing /Users/atanasivanov/ipo-intel/ipo-intel/.venv_airflow/lib/python3.11/site-packages/airflow/example_dags/example_workday_timetable.py took 0.139 seconds
[2026-03-18T17:10:41.250+0100] {processor.py:186} INFO - Started process (PID=58565) to work on /Users/atanasivanov/ipo-intel/ipo-intel/.venv_airflow/lib/python3.11/site-packages/airflow/example_dags/example_workday_timetable.py
[2026-03-18T17:10:41.251+0100] {processor.py:914} INFO - Processing file /Users/atanasivanov/ipo-intel/ipo-intel/.venv_airflow/lib/python3.11/site-packages/airflow/example_dags/example_workday_timetable.py for tasks to queue
[2026-03-18T17:10:41.252+0100] {logging_mixin.py:190} INFO - [2026-03-18T17:10:41.252+0100] {dagbag.py:588} INFO - Filling up the DagBag from /Users/atanasivanov/ipo-intel/ipo-intel/.venv_airflow/lib/python3.11/site-packages/airflow/example_dags/example_workday_timetable.py
[2026-03-18T17:10:41.255+0100] {logging_mixin.py:190} INFO - [2026-03-18T17:10:41.255+0100] {workday.py:41} WARNING - Could not import pandas. Holidays will not be considered.
[2026-03-18T17:10:41.262+0100] {processor.py:925} INFO - DAG(s) 'example_workday_timetable' retrieved from /Users/atanasivanov/ipo-intel/ipo-intel/.venv_airflow/lib/python3.11/site-packages/airflow/example_dags/example_workday_timetable.py
[2026-03-18T17:10:41.341+0100] {logging_mixin.py:190} INFO - [2026-03-18T17:10:41.341+0100] {workday.py:41} WARNING - Could not import pandas. Holidays will not be considered.
[2026-03-18T17:10:41.357+0100] {logging_mixin.py:190} INFO - [2026-03-18T17:10:41.357+0100] {dag.py:3239} INFO - Sync 1 DAGs
[2026-03-18T17:10:41.369+0100] {logging_mixin.py:190} INFO - [2026-03-18T17:10:41.369+0100] {dag.py:4180} INFO - Setting next_dagrun for example_workday_timetable to 2021-01-01 00:00:00+00:00, run_after=2021-01-02 00:00:00+00:00
[2026-03-18T17:10:41.383+0100] {processor.py:208} INFO - Processing /Users/atanasivanov/ipo-intel/ipo-intel/.venv_airflow/lib/python3.11/site-packages/airflow/example_dags/example_workday_timetable.py took 0.140 seconds
[2026-03-18T17:12:43.927+0100] {processor.py:186} INFO - Started process (PID=59243) to work on /Users/atanasivanov/ipo-intel/ipo-intel/.venv_airflow/lib/python3.11/site-packages/airflow/example_dags/example_workday_timetable.py
[2026-03-18T17:12:43.928+0100] {processor.py:914} INFO - Processing file /Users/atanasivanov/ipo-intel/ipo-intel/.venv_airflow/lib/python3.11/site-packages/airflow/example_dags/example_workday_timetable.py for tasks to queue
[2026-03-18T17:12:43.929+0100] {logging_mixin.py:190} INFO - [2026-03-18T17:12:43.929+0100] {dagbag.py:588} INFO - Filling up the DagBag from /Users/atanasivanov/ipo-intel/ipo-intel/.venv_airflow/lib/python3.11/site-packages/airflow/example_dags/example_workday_timetable.py
[2026-03-18T17:12:43.931+0100] {logging_mixin.py:190} INFO - [2026-03-18T17:12:43.931+0100] {workday.py:41} WARNING - Could not import pandas. Holidays will not be considered.
[2026-03-18T17:12:43.937+0100] {processor.py:925} INFO - DAG(s) 'example_workday_timetable' retrieved from /Users/atanasivanov/ipo-intel/ipo-intel/.venv_airflow/lib/python3.11/site-packages/airflow/example_dags/example_workday_timetable.py
[2026-03-18T17:12:44.028+0100] {logging_mixin.py:190} INFO - [2026-03-18T17:12:44.028+0100] {workday.py:41} WARNING - Could not import pandas. Holidays will not be considered.
[2026-03-18T17:12:44.052+0100] {logging_mixin.py:190} INFO - [2026-03-18T17:12:44.052+0100] {dag.py:3239} INFO - Sync 1 DAGs
[2026-03-18T17:12:44.075+0100] {logging_mixin.py:190} INFO - [2026-03-18T17:12:44.074+0100] {dag.py:4180} INFO - Setting next_dagrun for example_workday_timetable to 2021-01-01 00:00:00+00:00, run_after=2021-01-02 00:00:00+00:00
[2026-03-18T17:12:44.095+0100] {processor.py:208} INFO - Processing /Users/atanasivanov/ipo-intel/ipo-intel/.venv_airflow/lib/python3.11/site-packages/airflow/example_dags/example_workday_timetable.py took 0.173 seconds
[2026-03-18T17:14:48.679+0100] {processor.py:186} INFO - Started process (PID=59895) to work on /Users/atanasivanov/ipo-intel/ipo-intel/.venv_airflow/lib/python3.11/site-packages/airflow/example_dags/example_workday_timetable.py
[2026-03-18T17:14:48.680+0100] {processor.py:914} INFO - Processing file /Users/atanasivanov/ipo-intel/ipo-intel/.venv_airflow/lib/python3.11/site-packages/airflow/example_dags/example_workday_timetable.py for tasks to queue
[2026-03-18T17:14:48.681+0100] {logging_mixin.py:190} INFO - [2026-03-18T17:14:48.681+0100] {dagbag.py:588} INFO - Filling up the DagBag from /Users/atanasivanov/ipo-intel/ipo-intel/.venv_airflow/lib/python3.11/site-packages/airflow/example_dags/example_workday_timetable.py
[2026-03-18T17:14:48.684+0100] {logging_mixin.py:190} INFO - [2026-03-18T17:14:48.683+0100] {workday.py:41} WARNING - Could not import pandas. Holidays will not be considered.
[2026-03-18T17:14:48.689+0100] {processor.py:925} INFO - DAG(s) 'example_workday_timetable' retrieved from /Users/atanasivanov/ipo-intel/ipo-intel/.venv_airflow/lib/python3.11/site-packages/airflow/example_dags/example_workday_timetable.py
[2026-03-18T17:14:48.770+0100] {logging_mixin.py:190} INFO - [2026-03-18T17:14:48.769+0100] {workday.py:41} WARNING - Could not import pandas. Holidays will not be considered.
[2026-03-18T17:14:48.786+0100] {logging_mixin.py:190} INFO - [2026-03-18T17:14:48.786+0100] {dag.py:3239} INFO - Sync 1 DAGs
[2026-03-18T17:14:48.800+0100] {logging_mixin.py:190} INFO - [2026-03-18T17:14:48.800+0100] {dag.py:4180} INFO - Setting next_dagrun for example_workday_timetable to 2021-01-01 00:00:00+00:00, run_after=2021-01-02 00:00:00+00:00
[2026-03-18T17:14:48.814+0100] {processor.py:208} INFO - Processing /Users/atanasivanov/ipo-intel/ipo-intel/.venv_airflow/lib/python3.11/site-packages/airflow/example_dags/example_workday_timetable.py took 0.141 seconds
