[2026-03-18T16:22:05.339+0100] {processor.py:186} INFO - Started process (PID=45744) to work on /Users/atanasivanov/ipo-intel/ipo-intel/.venv_airflow/lib/python3.11/site-packages/airflow/example_dags/example_bash_operator.py
[2026-03-18T16:22:05.340+0100] {processor.py:914} INFO - Processing file /Users/atanasivanov/ipo-intel/ipo-intel/.venv_airflow/lib/python3.11/site-packages/airflow/example_dags/example_bash_operator.py for tasks to queue
[2026-03-18T16:22:05.341+0100] {logging_mixin.py:190} INFO - [2026-03-18T16:22:05.341+0100] {dagbag.py:588} INFO - Filling up the DagBag from /Users/atanasivanov/ipo-intel/ipo-intel/.venv_airflow/lib/python3.11/site-packages/airflow/example_dags/example_bash_operator.py
[2026-03-18T16:22:05.352+0100] {processor.py:925} INFO - DAG(s) 'example_bash_operator' retrieved from /Users/atanasivanov/ipo-intel/ipo-intel/.venv_airflow/lib/python3.11/site-packages/airflow/example_dags/example_bash_operator.py
[2026-03-18T16:22:05.596+0100] {logging_mixin.py:190} INFO - [2026-03-18T16:22:05.595+0100] {override.py:1912} INFO - Created Permission View: can read on DAG:example_bash_operator
[2026-03-18T16:22:05.605+0100] {logging_mixin.py:190} INFO - [2026-03-18T16:22:05.605+0100] {override.py:1912} INFO - Created Permission View: can delete on DAG:example_bash_operator
[2026-03-18T16:22:05.611+0100] {logging_mixin.py:190} INFO - [2026-03-18T16:22:05.611+0100] {override.py:1912} INFO - Created Permission View: can edit on DAG:example_bash_operator
[2026-03-18T16:22:05.619+0100] {logging_mixin.py:190} INFO - [2026-03-18T16:22:05.619+0100] {override.py:1912} INFO - Created Permission View: can read on DAG Run:example_bash_operator
[2026-03-18T16:22:05.625+0100] {logging_mixin.py:190} INFO - [2026-03-18T16:22:05.625+0100] {override.py:1912} INFO - Created Permission View: can delete on DAG Run:example_bash_operator
[2026-03-18T16:22:05.630+0100] {logging_mixin.py:190} INFO - [2026-03-18T16:22:05.630+0100] {override.py:1912} INFO - Created Permission View: menu access on DAG Run:example_bash_operator
[2026-03-18T16:22:05.636+0100] {logging_mixin.py:190} INFO - [2026-03-18T16:22:05.635+0100] {override.py:1912} INFO - Created Permission View: can create on DAG Run:example_bash_operator
[2026-03-18T16:22:05.636+0100] {logging_mixin.py:190} INFO - [2026-03-18T16:22:05.636+0100] {dag.py:3239} INFO - Sync 1 DAGs
[2026-03-18T16:22:05.646+0100] {logging_mixin.py:190} INFO - [2026-03-18T16:22:05.646+0100] {dag.py:3262} INFO - Creating ORM DAG for example_bash_operator
[2026-03-18T16:22:05.655+0100] {logging_mixin.py:190} INFO - [2026-03-18T16:22:05.655+0100] {dag.py:4180} INFO - Setting next_dagrun for example_bash_operator to 2026-03-17 00:00:00+00:00, run_after=2026-03-18 00:00:00+00:00
[2026-03-18T16:22:05.669+0100] {processor.py:208} INFO - Processing /Users/atanasivanov/ipo-intel/ipo-intel/.venv_airflow/lib/python3.11/site-packages/airflow/example_dags/example_bash_operator.py took 0.335 seconds
[2026-03-18T16:26:11.098+0100] {processor.py:186} INFO - Started process (PID=46656) to work on /Users/atanasivanov/ipo-intel/ipo-intel/.venv_airflow/lib/python3.11/site-packages/airflow/example_dags/example_bash_operator.py
[2026-03-18T16:26:11.099+0100] {processor.py:914} INFO - Processing file /Users/atanasivanov/ipo-intel/ipo-intel/.venv_airflow/lib/python3.11/site-packages/airflow/example_dags/example_bash_operator.py for tasks to queue
[2026-03-18T16:26:11.100+0100] {logging_mixin.py:190} INFO - [2026-03-18T16:26:11.100+0100] {dagbag.py:588} INFO - Filling up the DagBag from /Users/atanasivanov/ipo-intel/ipo-intel/.venv_airflow/lib/python3.11/site-packages/airflow/example_dags/example_bash_operator.py
[2026-03-18T16:26:11.112+0100] {processor.py:925} INFO - DAG(s) 'example_bash_operator' retrieved from /Users/atanasivanov/ipo-intel/ipo-intel/.venv_airflow/lib/python3.11/site-packages/airflow/example_dags/example_bash_operator.py
[2026-03-18T16:26:11.199+0100] {logging_mixin.py:190} INFO - [2026-03-18T16:26:11.199+0100] {dag.py:3239} INFO - Sync 1 DAGs
[2026-03-18T16:26:11.213+0100] {logging_mixin.py:190} INFO - [2026-03-18T16:26:11.213+0100] {dag.py:4180} INFO - Setting next_dagrun for example_bash_operator to 2026-03-17 00:00:00+00:00, run_after=2026-03-18 00:00:00+00:00
[2026-03-18T16:26:11.227+0100] {processor.py:208} INFO - Processing /Users/atanasivanov/ipo-intel/ipo-intel/.venv_airflow/lib/python3.11/site-packages/airflow/example_dags/example_bash_operator.py took 0.134 seconds
[2026-03-18T16:30:17.305+0100] {processor.py:186} INFO - Started process (PID=48238) to work on /Users/atanasivanov/ipo-intel/ipo-intel/.venv_airflow/lib/python3.11/site-packages/airflow/example_dags/example_bash_operator.py
[2026-03-18T16:30:17.306+0100] {processor.py:914} INFO - Processing file /Users/atanasivanov/ipo-intel/ipo-intel/.venv_airflow/lib/python3.11/site-packages/airflow/example_dags/example_bash_operator.py for tasks to queue
[2026-03-18T16:30:17.307+0100] {logging_mixin.py:190} INFO - [2026-03-18T16:30:17.307+0100] {dagbag.py:588} INFO - Filling up the DagBag from /Users/atanasivanov/ipo-intel/ipo-intel/.venv_airflow/lib/python3.11/site-packages/airflow/example_dags/example_bash_operator.py
[2026-03-18T16:30:17.318+0100] {processor.py:925} INFO - DAG(s) 'example_bash_operator' retrieved from /Users/atanasivanov/ipo-intel/ipo-intel/.venv_airflow/lib/python3.11/site-packages/airflow/example_dags/example_bash_operator.py
[2026-03-18T16:30:17.404+0100] {logging_mixin.py:190} INFO - [2026-03-18T16:30:17.404+0100] {dag.py:3239} INFO - Sync 1 DAGs
[2026-03-18T16:30:17.418+0100] {logging_mixin.py:190} INFO - [2026-03-18T16:30:17.418+0100] {dag.py:4180} INFO - Setting next_dagrun for example_bash_operator to 2026-03-17 00:00:00+00:00, run_after=2026-03-18 00:00:00+00:00
[2026-03-18T16:30:17.436+0100] {processor.py:208} INFO - Processing /Users/atanasivanov/ipo-intel/ipo-intel/.venv_airflow/lib/python3.11/site-packages/airflow/example_dags/example_bash_operator.py took 0.136 seconds
[2026-03-18T16:34:00.687+0100] {processor.py:186} INFO - Started process (PID=49057) to work on /Users/atanasivanov/ipo-intel/ipo-intel/.venv_airflow/lib/python3.11/site-packages/airflow/example_dags/example_bash_operator.py
[2026-03-18T16:34:00.688+0100] {processor.py:914} INFO - Processing file /Users/atanasivanov/ipo-intel/ipo-intel/.venv_airflow/lib/python3.11/site-packages/airflow/example_dags/example_bash_operator.py for tasks to queue
[2026-03-18T16:34:00.689+0100] {logging_mixin.py:190} INFO - [2026-03-18T16:34:00.689+0100] {dagbag.py:588} INFO - Filling up the DagBag from /Users/atanasivanov/ipo-intel/ipo-intel/.venv_airflow/lib/python3.11/site-packages/airflow/example_dags/example_bash_operator.py
[2026-03-18T16:34:00.701+0100] {processor.py:925} INFO - DAG(s) 'example_bash_operator' retrieved from /Users/atanasivanov/ipo-intel/ipo-intel/.venv_airflow/lib/python3.11/site-packages/airflow/example_dags/example_bash_operator.py
[2026-03-18T16:34:00.785+0100] {logging_mixin.py:190} INFO - [2026-03-18T16:34:00.784+0100] {dag.py:3239} INFO - Sync 1 DAGs
[2026-03-18T16:34:00.798+0100] {logging_mixin.py:190} INFO - [2026-03-18T16:34:00.798+0100] {dag.py:4180} INFO - Setting next_dagrun for example_bash_operator to 2026-03-17 00:00:00+00:00, run_after=2026-03-18 00:00:00+00:00
[2026-03-18T16:34:00.811+0100] {processor.py:208} INFO - Processing /Users/atanasivanov/ipo-intel/ipo-intel/.venv_airflow/lib/python3.11/site-packages/airflow/example_dags/example_bash_operator.py took 0.129 seconds
[2026-03-18T16:37:49.761+0100] {processor.py:186} INFO - Started process (PID=49883) to work on /Users/atanasivanov/ipo-intel/ipo-intel/.venv_airflow/lib/python3.11/site-packages/airflow/example_dags/example_bash_operator.py
[2026-03-18T16:37:49.762+0100] {processor.py:914} INFO - Processing file /Users/atanasivanov/ipo-intel/ipo-intel/.venv_airflow/lib/python3.11/site-packages/airflow/example_dags/example_bash_operator.py for tasks to queue
[2026-03-18T16:37:49.763+0100] {logging_mixin.py:190} INFO - [2026-03-18T16:37:49.762+0100] {dagbag.py:588} INFO - Filling up the DagBag from /Users/atanasivanov/ipo-intel/ipo-intel/.venv_airflow/lib/python3.11/site-packages/airflow/example_dags/example_bash_operator.py
[2026-03-18T16:37:49.774+0100] {processor.py:925} INFO - DAG(s) 'example_bash_operator' retrieved from /Users/atanasivanov/ipo-intel/ipo-intel/.venv_airflow/lib/python3.11/site-packages/airflow/example_dags/example_bash_operator.py
[2026-03-18T16:37:49.859+0100] {logging_mixin.py:190} INFO - [2026-03-18T16:37:49.859+0100] {dag.py:3239} INFO - Sync 1 DAGs
[2026-03-18T16:37:49.873+0100] {logging_mixin.py:190} INFO - [2026-03-18T16:37:49.872+0100] {dag.py:4180} INFO - Setting next_dagrun for example_bash_operator to 2026-03-17 00:00:00+00:00, run_after=2026-03-18 00:00:00+00:00
[2026-03-18T16:37:49.887+0100] {processor.py:208} INFO - Processing /Users/atanasivanov/ipo-intel/ipo-intel/.venv_airflow/lib/python3.11/site-packages/airflow/example_dags/example_bash_operator.py took 0.131 seconds
[2026-03-18T16:41:49.547+0100] {processor.py:186} INFO - Started process (PID=51797) to work on /Users/atanasivanov/ipo-intel/ipo-intel/.venv_airflow/lib/python3.11/site-packages/airflow/example_dags/example_bash_operator.py
[2026-03-18T16:41:49.548+0100] {processor.py:914} INFO - Processing file /Users/atanasivanov/ipo-intel/ipo-intel/.venv_airflow/lib/python3.11/site-packages/airflow/example_dags/example_bash_operator.py for tasks to queue
[2026-03-18T16:41:49.550+0100] {logging_mixin.py:190} INFO - [2026-03-18T16:41:49.549+0100] {dagbag.py:588} INFO - Filling up the DagBag from /Users/atanasivanov/ipo-intel/ipo-intel/.venv_airflow/lib/python3.11/site-packages/airflow/example_dags/example_bash_operator.py
[2026-03-18T16:41:49.562+0100] {processor.py:925} INFO - DAG(s) 'example_bash_operator' retrieved from /Users/atanasivanov/ipo-intel/ipo-intel/.venv_airflow/lib/python3.11/site-packages/airflow/example_dags/example_bash_operator.py
[2026-03-18T16:41:49.647+0100] {logging_mixin.py:190} INFO - [2026-03-18T16:41:49.647+0100] {dag.py:3239} INFO - Sync 1 DAGs
[2026-03-18T16:41:49.660+0100] {logging_mixin.py:190} INFO - [2026-03-18T16:41:49.660+0100] {dag.py:4180} INFO - Setting next_dagrun for example_bash_operator to 2026-03-17 00:00:00+00:00, run_after=2026-03-18 00:00:00+00:00
[2026-03-18T16:41:49.675+0100] {processor.py:208} INFO - Processing /Users/atanasivanov/ipo-intel/ipo-intel/.venv_airflow/lib/python3.11/site-packages/airflow/example_dags/example_bash_operator.py took 0.133 seconds
[2026-03-18T16:49:57.707+0100] {processor.py:186} INFO - Started process (PID=53634) to work on /Users/atanasivanov/ipo-intel/ipo-intel/.venv_airflow/lib/python3.11/site-packages/airflow/example_dags/example_bash_operator.py
[2026-03-18T16:49:57.708+0100] {processor.py:914} INFO - Processing file /Users/atanasivanov/ipo-intel/ipo-intel/.venv_airflow/lib/python3.11/site-packages/airflow/example_dags/example_bash_operator.py for tasks to queue
[2026-03-18T16:49:57.709+0100] {logging_mixin.py:190} INFO - [2026-03-18T16:49:57.709+0100] {dagbag.py:588} INFO - Filling up the DagBag from /Users/atanasivanov/ipo-intel/ipo-intel/.venv_airflow/lib/python3.11/site-packages/airflow/example_dags/example_bash_operator.py
[2026-03-18T16:49:57.721+0100] {processor.py:925} INFO - DAG(s) 'example_bash_operator' retrieved from /Users/atanasivanov/ipo-intel/ipo-intel/.venv_airflow/lib/python3.11/site-packages/airflow/example_dags/example_bash_operator.py
[2026-03-18T16:49:57.813+0100] {logging_mixin.py:190} INFO - [2026-03-18T16:49:57.812+0100] {dag.py:3239} INFO - Sync 1 DAGs
[2026-03-18T16:49:57.827+0100] {logging_mixin.py:190} INFO - [2026-03-18T16:49:57.827+0100] {dag.py:4180} INFO - Setting next_dagrun for example_bash_operator to 2026-03-17 00:00:00+00:00, run_after=2026-03-18 00:00:00+00:00
[2026-03-18T16:49:57.842+0100] {processor.py:208} INFO - Processing /Users/atanasivanov/ipo-intel/ipo-intel/.venv_airflow/lib/python3.11/site-packages/airflow/example_dags/example_bash_operator.py took 0.141 seconds
[2026-03-18T16:54:03.372+0100] {processor.py:186} INFO - Started process (PID=54728) to work on /Users/atanasivanov/ipo-intel/ipo-intel/.venv_airflow/lib/python3.11/site-packages/airflow/example_dags/example_bash_operator.py
[2026-03-18T16:54:03.373+0100] {processor.py:914} INFO - Processing file /Users/atanasivanov/ipo-intel/ipo-intel/.venv_airflow/lib/python3.11/site-packages/airflow/example_dags/example_bash_operator.py for tasks to queue
[2026-03-18T16:54:03.374+0100] {logging_mixin.py:190} INFO - [2026-03-18T16:54:03.374+0100] {dagbag.py:588} INFO - Filling up the DagBag from /Users/atanasivanov/ipo-intel/ipo-intel/.venv_airflow/lib/python3.11/site-packages/airflow/example_dags/example_bash_operator.py
[2026-03-18T16:54:03.385+0100] {processor.py:925} INFO - DAG(s) 'example_bash_operator' retrieved from /Users/atanasivanov/ipo-intel/ipo-intel/.venv_airflow/lib/python3.11/site-packages/airflow/example_dags/example_bash_operator.py
[2026-03-18T16:54:03.480+0100] {logging_mixin.py:190} INFO - [2026-03-18T16:54:03.479+0100] {dag.py:3239} INFO - Sync 1 DAGs
[2026-03-18T16:54:03.497+0100] {logging_mixin.py:190} INFO - [2026-03-18T16:54:03.496+0100] {dag.py:4180} INFO - Setting next_dagrun for example_bash_operator to 2026-03-17 00:00:00+00:00, run_after=2026-03-18 00:00:00+00:00
[2026-03-18T16:54:03.512+0100] {processor.py:208} INFO - Processing /Users/atanasivanov/ipo-intel/ipo-intel/.venv_airflow/lib/python3.11/site-packages/airflow/example_dags/example_bash_operator.py took 0.145 seconds
[2026-03-18T16:58:14.642+0100] {processor.py:186} INFO - Started process (PID=55773) to work on /Users/atanasivanov/ipo-intel/ipo-intel/.venv_airflow/lib/python3.11/site-packages/airflow/example_dags/example_bash_operator.py
[2026-03-18T16:58:14.643+0100] {processor.py:914} INFO - Processing file /Users/atanasivanov/ipo-intel/ipo-intel/.venv_airflow/lib/python3.11/site-packages/airflow/example_dags/example_bash_operator.py for tasks to queue
[2026-03-18T16:58:14.645+0100] {logging_mixin.py:190} INFO - [2026-03-18T16:58:14.644+0100] {dagbag.py:588} INFO - Filling up the DagBag from /Users/atanasivanov/ipo-intel/ipo-intel/.venv_airflow/lib/python3.11/site-packages/airflow/example_dags/example_bash_operator.py
[2026-03-18T16:58:14.656+0100] {processor.py:925} INFO - DAG(s) 'example_bash_operator' retrieved from /Users/atanasivanov/ipo-intel/ipo-intel/.venv_airflow/lib/python3.11/site-packages/airflow/example_dags/example_bash_operator.py
[2026-03-18T16:58:14.745+0100] {logging_mixin.py:190} INFO - [2026-03-18T16:58:14.745+0100] {dag.py:3239} INFO - Sync 1 DAGs
[2026-03-18T16:58:14.759+0100] {logging_mixin.py:190} INFO - [2026-03-18T16:58:14.759+0100] {dag.py:4180} INFO - Setting next_dagrun for example_bash_operator to 2026-03-17 00:00:00+00:00, run_after=2026-03-18 00:00:00+00:00
[2026-03-18T16:58:14.774+0100] {processor.py:208} INFO - Processing /Users/atanasivanov/ipo-intel/ipo-intel/.venv_airflow/lib/python3.11/site-packages/airflow/example_dags/example_bash_operator.py took 0.137 seconds
[2026-03-18T17:02:15.755+0100] {processor.py:186} INFO - Started process (PID=56641) to work on /Users/atanasivanov/ipo-intel/ipo-intel/.venv_airflow/lib/python3.11/site-packages/airflow/example_dags/example_bash_operator.py
[2026-03-18T17:02:15.756+0100] {processor.py:914} INFO - Processing file /Users/atanasivanov/ipo-intel/ipo-intel/.venv_airflow/lib/python3.11/site-packages/airflow/example_dags/example_bash_operator.py for tasks to queue
[2026-03-18T17:02:15.757+0100] {logging_mixin.py:190} INFO - [2026-03-18T17:02:15.757+0100] {dagbag.py:588} INFO - Filling up the DagBag from /Users/atanasivanov/ipo-intel/ipo-intel/.venv_airflow/lib/python3.11/site-packages/airflow/example_dags/example_bash_operator.py
[2026-03-18T17:02:15.767+0100] {processor.py:925} INFO - DAG(s) 'example_bash_operator' retrieved from /Users/atanasivanov/ipo-intel/ipo-intel/.venv_airflow/lib/python3.11/site-packages/airflow/example_dags/example_bash_operator.py
[2026-03-18T17:02:15.851+0100] {logging_mixin.py:190} INFO - [2026-03-18T17:02:15.850+0100] {dag.py:3239} INFO - Sync 1 DAGs
[2026-03-18T17:02:15.864+0100] {logging_mixin.py:190} INFO - [2026-03-18T17:02:15.864+0100] {dag.py:4180} INFO - Setting next_dagrun for example_bash_operator to 2026-03-17 00:00:00+00:00, run_after=2026-03-18 00:00:00+00:00
[2026-03-18T17:02:15.878+0100] {processor.py:208} INFO - Processing /Users/atanasivanov/ipo-intel/ipo-intel/.venv_airflow/lib/python3.11/site-packages/airflow/example_dags/example_bash_operator.py took 0.129 seconds
[2026-03-18T17:06:08.104+0100] {processor.py:186} INFO - Started process (PID=57495) to work on /Users/atanasivanov/ipo-intel/ipo-intel/.venv_airflow/lib/python3.11/site-packages/airflow/example_dags/example_bash_operator.py
[2026-03-18T17:06:08.106+0100] {processor.py:914} INFO - Processing file /Users/atanasivanov/ipo-intel/ipo-intel/.venv_airflow/lib/python3.11/site-packages/airflow/example_dags/example_bash_operator.py for tasks to queue
[2026-03-18T17:06:08.107+0100] {logging_mixin.py:190} INFO - [2026-03-18T17:06:08.107+0100] {dagbag.py:588} INFO - Filling up the DagBag from /Users/atanasivanov/ipo-intel/ipo-intel/.venv_airflow/lib/python3.11/site-packages/airflow/example_dags/example_bash_operator.py
[2026-03-18T17:06:08.118+0100] {processor.py:925} INFO - DAG(s) 'example_bash_operator' retrieved from /Users/atanasivanov/ipo-intel/ipo-intel/.venv_airflow/lib/python3.11/site-packages/airflow/example_dags/example_bash_operator.py
[2026-03-18T17:06:08.204+0100] {logging_mixin.py:190} INFO - [2026-03-18T17:06:08.204+0100] {dag.py:3239} INFO - Sync 1 DAGs
[2026-03-18T17:06:08.218+0100] {logging_mixin.py:190} INFO - [2026-03-18T17:06:08.218+0100] {dag.py:4180} INFO - Setting next_dagrun for example_bash_operator to 2026-03-17 00:00:00+00:00, run_after=2026-03-18 00:00:00+00:00
[2026-03-18T17:06:08.231+0100] {processor.py:208} INFO - Processing /Users/atanasivanov/ipo-intel/ipo-intel/.venv_airflow/lib/python3.11/site-packages/airflow/example_dags/example_bash_operator.py took 0.133 seconds
[2026-03-18T17:09:59.224+0100] {processor.py:186} INFO - Started process (PID=58393) to work on /Users/atanasivanov/ipo-intel/ipo-intel/.venv_airflow/lib/python3.11/site-packages/airflow/example_dags/example_bash_operator.py
[2026-03-18T17:09:59.225+0100] {processor.py:914} INFO - Processing file /Users/atanasivanov/ipo-intel/ipo-intel/.venv_airflow/lib/python3.11/site-packages/airflow/example_dags/example_bash_operator.py for tasks to queue
[2026-03-18T17:09:59.226+0100] {logging_mixin.py:190} INFO - [2026-03-18T17:09:59.226+0100] {dagbag.py:588} INFO - Filling up the DagBag from /Users/atanasivanov/ipo-intel/ipo-intel/.venv_airflow/lib/python3.11/site-packages/airflow/example_dags/example_bash_operator.py
[2026-03-18T17:09:59.241+0100] {processor.py:925} INFO - DAG(s) 'example_bash_operator' retrieved from /Users/atanasivanov/ipo-intel/ipo-intel/.venv_airflow/lib/python3.11/site-packages/airflow/example_dags/example_bash_operator.py
[2026-03-18T17:09:59.434+0100] {logging_mixin.py:190} INFO - [2026-03-18T17:09:59.434+0100] {dag.py:3239} INFO - Sync 1 DAGs
[2026-03-18T17:09:59.453+0100] {logging_mixin.py:190} INFO - [2026-03-18T17:09:59.452+0100] {dag.py:4180} INFO - Setting next_dagrun for example_bash_operator to 2026-03-17 00:00:00+00:00, run_after=2026-03-18 00:00:00+00:00
[2026-03-18T17:09:59.470+0100] {processor.py:208} INFO - Processing /Users/atanasivanov/ipo-intel/ipo-intel/.venv_airflow/lib/python3.11/site-packages/airflow/example_dags/example_bash_operator.py took 0.251 seconds
[2026-03-18T17:14:09.158+0100] {processor.py:186} INFO - Started process (PID=59742) to work on /Users/atanasivanov/ipo-intel/ipo-intel/.venv_airflow/lib/python3.11/site-packages/airflow/example_dags/example_bash_operator.py
[2026-03-18T17:14:09.174+0100] {processor.py:914} INFO - Processing file /Users/atanasivanov/ipo-intel/ipo-intel/.venv_airflow/lib/python3.11/site-packages/airflow/example_dags/example_bash_operator.py for tasks to queue
[2026-03-18T17:14:09.175+0100] {logging_mixin.py:190} INFO - [2026-03-18T17:14:09.175+0100] {dagbag.py:588} INFO - Filling up the DagBag from /Users/atanasivanov/ipo-intel/ipo-intel/.venv_airflow/lib/python3.11/site-packages/airflow/example_dags/example_bash_operator.py
[2026-03-18T17:14:09.188+0100] {processor.py:925} INFO - DAG(s) 'example_bash_operator' retrieved from /Users/atanasivanov/ipo-intel/ipo-intel/.venv_airflow/lib/python3.11/site-packages/airflow/example_dags/example_bash_operator.py
[2026-03-18T17:14:09.278+0100] {logging_mixin.py:190} INFO - [2026-03-18T17:14:09.278+0100] {dag.py:3239} INFO - Sync 1 DAGs
[2026-03-18T17:14:09.291+0100] {logging_mixin.py:190} INFO - [2026-03-18T17:14:09.291+0100] {dag.py:4180} INFO - Setting next_dagrun for example_bash_operator to 2026-03-17 00:00:00+00:00, run_after=2026-03-18 00:00:00+00:00
[2026-03-18T17:14:09.305+0100] {processor.py:208} INFO - Processing /Users/atanasivanov/ipo-intel/ipo-intel/.venv_airflow/lib/python3.11/site-packages/airflow/example_dags/example_bash_operator.py took 0.153 seconds
