[2026-03-18T16:21:36.365+0100] {processor.py:186} INFO - Started process (PID=45624) to work on /Users/atanasivanov/ipo-intel/ipo-intel/.venv_airflow/lib/python3.11/site-packages/airflow/example_dags/example_dataset_alias_with_no_taskflow.py
[2026-03-18T16:21:36.366+0100] {processor.py:914} INFO - Processing file /Users/atanasivanov/ipo-intel/ipo-intel/.venv_airflow/lib/python3.11/site-packages/airflow/example_dags/example_dataset_alias_with_no_taskflow.py for tasks to queue
[2026-03-18T16:21:36.367+0100] {logging_mixin.py:190} INFO - [2026-03-18T16:21:36.367+0100] {dagbag.py:588} INFO - Filling up the DagBag from /Users/atanasivanov/ipo-intel/ipo-intel/.venv_airflow/lib/python3.11/site-packages/airflow/example_dags/example_dataset_alias_with_no_taskflow.py
[2026-03-18T16:21:36.493+0100] {processor.py:925} INFO - DAG(s) 'dataset_alias_example_alias_consumer_with_no_taskflow', 'dataset_alias_example_alias_producer_with_no_taskflow', 'dataset_s3_bucket_consumer_with_no_taskflow', 'dataset_s3_bucket_producer_with_no_taskflow' retrieved from /Users/atanasivanov/ipo-intel/ipo-intel/.venv_airflow/lib/python3.11/site-packages/airflow/example_dags/example_dataset_alias_with_no_taskflow.py
[2026-03-18T16:21:36.638+0100] {logging_mixin.py:190} INFO - [2026-03-18T16:21:36.638+0100] {override.py:1912} INFO - Created Permission View: can edit on DAG:dataset_alias_example_alias_consumer_with_no_taskflow
[2026-03-18T16:21:36.646+0100] {logging_mixin.py:190} INFO - [2026-03-18T16:21:36.646+0100] {override.py:1912} INFO - Created Permission View: can delete on DAG:dataset_alias_example_alias_consumer_with_no_taskflow
[2026-03-18T16:21:36.651+0100] {logging_mixin.py:190} INFO - [2026-03-18T16:21:36.651+0100] {override.py:1912} INFO - Created Permission View: can read on DAG:dataset_alias_example_alias_consumer_with_no_taskflow
[2026-03-18T16:21:36.658+0100] {logging_mixin.py:190} INFO - [2026-03-18T16:21:36.658+0100] {override.py:1912} INFO - Created Permission View: can create on DAG Run:dataset_alias_example_alias_consumer_with_no_taskflow
[2026-03-18T16:21:36.663+0100] {logging_mixin.py:190} INFO - [2026-03-18T16:21:36.663+0100] {override.py:1912} INFO - Created Permission View: can delete on DAG Run:dataset_alias_example_alias_consumer_with_no_taskflow
[2026-03-18T16:21:36.668+0100] {logging_mixin.py:190} INFO - [2026-03-18T16:21:36.668+0100] {override.py:1912} INFO - Created Permission View: can read on DAG Run:dataset_alias_example_alias_consumer_with_no_taskflow
[2026-03-18T16:21:36.673+0100] {logging_mixin.py:190} INFO - [2026-03-18T16:21:36.673+0100] {override.py:1912} INFO - Created Permission View: menu access on DAG Run:dataset_alias_example_alias_consumer_with_no_taskflow
[2026-03-18T16:21:36.684+0100] {logging_mixin.py:190} INFO - [2026-03-18T16:21:36.684+0100] {override.py:1912} INFO - Created Permission View: can edit on DAG:dataset_alias_example_alias_producer_with_no_taskflow
[2026-03-18T16:21:36.690+0100] {logging_mixin.py:190} INFO - [2026-03-18T16:21:36.689+0100] {override.py:1912} INFO - Created Permission View: can delete on DAG:dataset_alias_example_alias_producer_with_no_taskflow
[2026-03-18T16:21:36.695+0100] {logging_mixin.py:190} INFO - [2026-03-18T16:21:36.695+0100] {override.py:1912} INFO - Created Permission View: can read on DAG:dataset_alias_example_alias_producer_with_no_taskflow
[2026-03-18T16:21:36.701+0100] {logging_mixin.py:190} INFO - [2026-03-18T16:21:36.701+0100] {override.py:1912} INFO - Created Permission View: can create on DAG Run:dataset_alias_example_alias_producer_with_no_taskflow
[2026-03-18T16:21:36.707+0100] {logging_mixin.py:190} INFO - [2026-03-18T16:21:36.706+0100] {override.py:1912} INFO - Created Permission View: can delete on DAG Run:dataset_alias_example_alias_producer_with_no_taskflow
[2026-03-18T16:21:36.711+0100] {logging_mixin.py:190} INFO - [2026-03-18T16:21:36.711+0100] {override.py:1912} INFO - Created Permission View: can read on DAG Run:dataset_alias_example_alias_producer_with_no_taskflow
[2026-03-18T16:21:36.716+0100] {logging_mixin.py:190} INFO - [2026-03-18T16:21:36.716+0100] {override.py:1912} INFO - Created Permission View: menu access on DAG Run:dataset_alias_example_alias_producer_with_no_taskflow
[2026-03-18T16:21:36.726+0100] {logging_mixin.py:190} INFO - [2026-03-18T16:21:36.726+0100] {override.py:1912} INFO - Created Permission View: can edit on DAG:dataset_s3_bucket_consumer_with_no_taskflow
[2026-03-18T16:21:36.731+0100] {logging_mixin.py:190} INFO - [2026-03-18T16:21:36.731+0100] {override.py:1912} INFO - Created Permission View: can delete on DAG:dataset_s3_bucket_consumer_with_no_taskflow
[2026-03-18T16:21:36.736+0100] {logging_mixin.py:190} INFO - [2026-03-18T16:21:36.736+0100] {override.py:1912} INFO - Created Permission View: can read on DAG:dataset_s3_bucket_consumer_with_no_taskflow
[2026-03-18T16:21:36.743+0100] {logging_mixin.py:190} INFO - [2026-03-18T16:21:36.743+0100] {override.py:1912} INFO - Created Permission View: can create on DAG Run:dataset_s3_bucket_consumer_with_no_taskflow
[2026-03-18T16:21:36.748+0100] {logging_mixin.py:190} INFO - [2026-03-18T16:21:36.748+0100] {override.py:1912} INFO - Created Permission View: can delete on DAG Run:dataset_s3_bucket_consumer_with_no_taskflow
[2026-03-18T16:21:36.753+0100] {logging_mixin.py:190} INFO - [2026-03-18T16:21:36.753+0100] {override.py:1912} INFO - Created Permission View: can read on DAG Run:dataset_s3_bucket_consumer_with_no_taskflow
[2026-03-18T16:21:36.758+0100] {logging_mixin.py:190} INFO - [2026-03-18T16:21:36.758+0100] {override.py:1912} INFO - Created Permission View: menu access on DAG Run:dataset_s3_bucket_consumer_with_no_taskflow
[2026-03-18T16:21:36.768+0100] {logging_mixin.py:190} INFO - [2026-03-18T16:21:36.768+0100] {override.py:1912} INFO - Created Permission View: can edit on DAG:dataset_s3_bucket_producer_with_no_taskflow
[2026-03-18T16:21:36.773+0100] {logging_mixin.py:190} INFO - [2026-03-18T16:21:36.773+0100] {override.py:1912} INFO - Created Permission View: can delete on DAG:dataset_s3_bucket_producer_with_no_taskflow
[2026-03-18T16:21:36.778+0100] {logging_mixin.py:190} INFO - [2026-03-18T16:21:36.778+0100] {override.py:1912} INFO - Created Permission View: can read on DAG:dataset_s3_bucket_producer_with_no_taskflow
[2026-03-18T16:21:36.785+0100] {logging_mixin.py:190} INFO - [2026-03-18T16:21:36.785+0100] {override.py:1912} INFO - Created Permission View: can create on DAG Run:dataset_s3_bucket_producer_with_no_taskflow
[2026-03-18T16:21:36.790+0100] {logging_mixin.py:190} INFO - [2026-03-18T16:21:36.790+0100] {override.py:1912} INFO - Created Permission View: can delete on DAG Run:dataset_s3_bucket_producer_with_no_taskflow
[2026-03-18T16:21:36.795+0100] {logging_mixin.py:190} INFO - [2026-03-18T16:21:36.795+0100] {override.py:1912} INFO - Created Permission View: can read on DAG Run:dataset_s3_bucket_producer_with_no_taskflow
[2026-03-18T16:21:36.800+0100] {logging_mixin.py:190} INFO - [2026-03-18T16:21:36.800+0100] {override.py:1912} INFO - Created Permission View: menu access on DAG Run:dataset_s3_bucket_producer_with_no_taskflow
[2026-03-18T16:21:36.801+0100] {logging_mixin.py:190} INFO - [2026-03-18T16:21:36.800+0100] {dag.py:3239} INFO - Sync 4 DAGs
[2026-03-18T16:21:36.810+0100] {logging_mixin.py:190} INFO - [2026-03-18T16:21:36.810+0100] {dag.py:3262} INFO - Creating ORM DAG for dataset_s3_bucket_consumer_with_no_taskflow
[2026-03-18T16:21:36.810+0100] {logging_mixin.py:190} INFO - [2026-03-18T16:21:36.810+0100] {dag.py:3262} INFO - Creating ORM DAG for dataset_alias_example_alias_consumer_with_no_taskflow
[2026-03-18T16:21:36.811+0100] {logging_mixin.py:190} INFO - [2026-03-18T16:21:36.811+0100] {dag.py:3262} INFO - Creating ORM DAG for dataset_alias_example_alias_producer_with_no_taskflow
[2026-03-18T16:21:36.811+0100] {logging_mixin.py:190} INFO - [2026-03-18T16:21:36.811+0100] {dag.py:3262} INFO - Creating ORM DAG for dataset_s3_bucket_producer_with_no_taskflow
[2026-03-18T16:21:36.818+0100] {logging_mixin.py:190} INFO - [2026-03-18T16:21:36.818+0100] {dag.py:4180} INFO - Setting next_dagrun for dataset_alias_example_alias_consumer_with_no_taskflow to None, run_after=None
[2026-03-18T16:21:36.819+0100] {logging_mixin.py:190} INFO - [2026-03-18T16:21:36.819+0100] {dag.py:4180} INFO - Setting next_dagrun for dataset_alias_example_alias_producer_with_no_taskflow to None, run_after=None
[2026-03-18T16:21:36.819+0100] {logging_mixin.py:190} INFO - [2026-03-18T16:21:36.819+0100] {dag.py:4180} INFO - Setting next_dagrun for dataset_s3_bucket_consumer_with_no_taskflow to None, run_after=None
[2026-03-18T16:21:36.820+0100] {logging_mixin.py:190} INFO - [2026-03-18T16:21:36.820+0100] {dag.py:4180} INFO - Setting next_dagrun for dataset_s3_bucket_producer_with_no_taskflow to None, run_after=None
[2026-03-18T16:21:36.831+0100] {logging_mixin.py:190} INFO - [2026-03-18T16:21:36.831+0100] {workday.py:41} WARNING - Could not import pandas. Holidays will not be considered.
[2026-03-18T16:21:36.844+0100] {processor.py:208} INFO - Processing /Users/atanasivanov/ipo-intel/ipo-intel/.venv_airflow/lib/python3.11/site-packages/airflow/example_dags/example_dataset_alias_with_no_taskflow.py took 0.484 seconds
[2026-03-18T16:24:12.656+0100] {processor.py:186} INFO - Started process (PID=46207) to work on /Users/atanasivanov/ipo-intel/ipo-intel/.venv_airflow/lib/python3.11/site-packages/airflow/example_dags/example_dataset_alias_with_no_taskflow.py
[2026-03-18T16:24:12.657+0100] {processor.py:914} INFO - Processing file /Users/atanasivanov/ipo-intel/ipo-intel/.venv_airflow/lib/python3.11/site-packages/airflow/example_dags/example_dataset_alias_with_no_taskflow.py for tasks to queue
[2026-03-18T16:24:12.658+0100] {logging_mixin.py:190} INFO - [2026-03-18T16:24:12.657+0100] {dagbag.py:588} INFO - Filling up the DagBag from /Users/atanasivanov/ipo-intel/ipo-intel/.venv_airflow/lib/python3.11/site-packages/airflow/example_dags/example_dataset_alias_with_no_taskflow.py
[2026-03-18T16:24:12.778+0100] {processor.py:925} INFO - DAG(s) 'dataset_s3_bucket_producer_with_no_taskflow', 'dataset_alias_example_alias_consumer_with_no_taskflow', 'dataset_alias_example_alias_producer_with_no_taskflow', 'dataset_s3_bucket_consumer_with_no_taskflow' retrieved from /Users/atanasivanov/ipo-intel/ipo-intel/.venv_airflow/lib/python3.11/site-packages/airflow/example_dags/example_dataset_alias_with_no_taskflow.py
[2026-03-18T16:24:12.798+0100] {logging_mixin.py:190} INFO - [2026-03-18T16:24:12.797+0100] {dag.py:3239} INFO - Sync 4 DAGs
[2026-03-18T16:24:12.869+0100] {logging_mixin.py:190} INFO - [2026-03-18T16:24:12.869+0100] {dag.py:4180} INFO - Setting next_dagrun for dataset_alias_example_alias_consumer_with_no_taskflow to None, run_after=None
[2026-03-18T16:24:12.872+0100] {logging_mixin.py:190} INFO - [2026-03-18T16:24:12.871+0100] {dag.py:4180} INFO - Setting next_dagrun for dataset_alias_example_alias_producer_with_no_taskflow to None, run_after=None
[2026-03-18T16:24:12.872+0100] {logging_mixin.py:190} INFO - [2026-03-18T16:24:12.872+0100] {dag.py:4180} INFO - Setting next_dagrun for dataset_s3_bucket_consumer_with_no_taskflow to None, run_after=None
[2026-03-18T16:24:12.873+0100] {logging_mixin.py:190} INFO - [2026-03-18T16:24:12.873+0100] {dag.py:4180} INFO - Setting next_dagrun for dataset_s3_bucket_producer_with_no_taskflow to None, run_after=None
[2026-03-18T16:24:12.894+0100] {processor.py:208} INFO - Processing /Users/atanasivanov/ipo-intel/ipo-intel/.venv_airflow/lib/python3.11/site-packages/airflow/example_dags/example_dataset_alias_with_no_taskflow.py took 0.243 seconds
[2026-03-18T16:28:17.437+0100] {processor.py:186} INFO - Started process (PID=47802) to work on /Users/atanasivanov/ipo-intel/ipo-intel/.venv_airflow/lib/python3.11/site-packages/airflow/example_dags/example_dataset_alias_with_no_taskflow.py
[2026-03-18T16:28:17.438+0100] {processor.py:914} INFO - Processing file /Users/atanasivanov/ipo-intel/ipo-intel/.venv_airflow/lib/python3.11/site-packages/airflow/example_dags/example_dataset_alias_with_no_taskflow.py for tasks to queue
[2026-03-18T16:28:17.439+0100] {logging_mixin.py:190} INFO - [2026-03-18T16:28:17.438+0100] {dagbag.py:588} INFO - Filling up the DagBag from /Users/atanasivanov/ipo-intel/ipo-intel/.venv_airflow/lib/python3.11/site-packages/airflow/example_dags/example_dataset_alias_with_no_taskflow.py
[2026-03-18T16:28:17.592+0100] {processor.py:925} INFO - DAG(s) 'dataset_alias_example_alias_producer_with_no_taskflow', 'dataset_s3_bucket_producer_with_no_taskflow', 'dataset_alias_example_alias_consumer_with_no_taskflow', 'dataset_s3_bucket_consumer_with_no_taskflow' retrieved from /Users/atanasivanov/ipo-intel/ipo-intel/.venv_airflow/lib/python3.11/site-packages/airflow/example_dags/example_dataset_alias_with_no_taskflow.py
[2026-03-18T16:28:17.615+0100] {logging_mixin.py:190} INFO - [2026-03-18T16:28:17.614+0100] {dag.py:3239} INFO - Sync 4 DAGs
[2026-03-18T16:28:17.689+0100] {logging_mixin.py:190} INFO - [2026-03-18T16:28:17.689+0100] {dag.py:4180} INFO - Setting next_dagrun for dataset_alias_example_alias_consumer_with_no_taskflow to None, run_after=None
[2026-03-18T16:28:17.691+0100] {logging_mixin.py:190} INFO - [2026-03-18T16:28:17.691+0100] {dag.py:4180} INFO - Setting next_dagrun for dataset_alias_example_alias_producer_with_no_taskflow to None, run_after=None
[2026-03-18T16:28:17.692+0100] {logging_mixin.py:190} INFO - [2026-03-18T16:28:17.692+0100] {dag.py:4180} INFO - Setting next_dagrun for dataset_s3_bucket_consumer_with_no_taskflow to None, run_after=None
[2026-03-18T16:28:17.693+0100] {logging_mixin.py:190} INFO - [2026-03-18T16:28:17.693+0100] {dag.py:4180} INFO - Setting next_dagrun for dataset_s3_bucket_producer_with_no_taskflow to None, run_after=None
[2026-03-18T16:28:17.713+0100] {processor.py:208} INFO - Processing /Users/atanasivanov/ipo-intel/ipo-intel/.venv_airflow/lib/python3.11/site-packages/airflow/example_dags/example_dataset_alias_with_no_taskflow.py took 0.283 seconds
[2026-03-18T16:32:12.093+0100] {processor.py:186} INFO - Started process (PID=48651) to work on /Users/atanasivanov/ipo-intel/ipo-intel/.venv_airflow/lib/python3.11/site-packages/airflow/example_dags/example_dataset_alias_with_no_taskflow.py
[2026-03-18T16:32:12.094+0100] {processor.py:914} INFO - Processing file /Users/atanasivanov/ipo-intel/ipo-intel/.venv_airflow/lib/python3.11/site-packages/airflow/example_dags/example_dataset_alias_with_no_taskflow.py for tasks to queue
[2026-03-18T16:32:12.095+0100] {logging_mixin.py:190} INFO - [2026-03-18T16:32:12.095+0100] {dagbag.py:588} INFO - Filling up the DagBag from /Users/atanasivanov/ipo-intel/ipo-intel/.venv_airflow/lib/python3.11/site-packages/airflow/example_dags/example_dataset_alias_with_no_taskflow.py
[2026-03-18T16:32:12.213+0100] {processor.py:925} INFO - DAG(s) 'dataset_s3_bucket_consumer_with_no_taskflow', 'dataset_alias_example_alias_producer_with_no_taskflow', 'dataset_alias_example_alias_consumer_with_no_taskflow', 'dataset_s3_bucket_producer_with_no_taskflow' retrieved from /Users/atanasivanov/ipo-intel/ipo-intel/.venv_airflow/lib/python3.11/site-packages/airflow/example_dags/example_dataset_alias_with_no_taskflow.py
[2026-03-18T16:32:12.230+0100] {logging_mixin.py:190} INFO - [2026-03-18T16:32:12.230+0100] {dag.py:3239} INFO - Sync 4 DAGs
[2026-03-18T16:32:12.295+0100] {logging_mixin.py:190} INFO - [2026-03-18T16:32:12.294+0100] {dag.py:4180} INFO - Setting next_dagrun for dataset_alias_example_alias_consumer_with_no_taskflow to None, run_after=None
[2026-03-18T16:32:12.297+0100] {logging_mixin.py:190} INFO - [2026-03-18T16:32:12.296+0100] {dag.py:4180} INFO - Setting next_dagrun for dataset_alias_example_alias_producer_with_no_taskflow to None, run_after=None
[2026-03-18T16:32:12.297+0100] {logging_mixin.py:190} INFO - [2026-03-18T16:32:12.297+0100] {dag.py:4180} INFO - Setting next_dagrun for dataset_s3_bucket_consumer_with_no_taskflow to None, run_after=None
[2026-03-18T16:32:12.298+0100] {logging_mixin.py:190} INFO - [2026-03-18T16:32:12.298+0100] {dag.py:4180} INFO - Setting next_dagrun for dataset_s3_bucket_producer_with_no_taskflow to None, run_after=None
[2026-03-18T16:32:12.317+0100] {processor.py:208} INFO - Processing /Users/atanasivanov/ipo-intel/ipo-intel/.venv_airflow/lib/python3.11/site-packages/airflow/example_dags/example_dataset_alias_with_no_taskflow.py took 0.229 seconds
[2026-03-18T16:36:01.753+0100] {processor.py:186} INFO - Started process (PID=49492) to work on /Users/atanasivanov/ipo-intel/ipo-intel/.venv_airflow/lib/python3.11/site-packages/airflow/example_dags/example_dataset_alias_with_no_taskflow.py
[2026-03-18T16:36:01.754+0100] {processor.py:914} INFO - Processing file /Users/atanasivanov/ipo-intel/ipo-intel/.venv_airflow/lib/python3.11/site-packages/airflow/example_dags/example_dataset_alias_with_no_taskflow.py for tasks to queue
[2026-03-18T16:36:01.755+0100] {logging_mixin.py:190} INFO - [2026-03-18T16:36:01.755+0100] {dagbag.py:588} INFO - Filling up the DagBag from /Users/atanasivanov/ipo-intel/ipo-intel/.venv_airflow/lib/python3.11/site-packages/airflow/example_dags/example_dataset_alias_with_no_taskflow.py
[2026-03-18T16:36:01.873+0100] {processor.py:925} INFO - DAG(s) 'dataset_alias_example_alias_producer_with_no_taskflow', 'dataset_s3_bucket_consumer_with_no_taskflow', 'dataset_s3_bucket_producer_with_no_taskflow', 'dataset_alias_example_alias_consumer_with_no_taskflow' retrieved from /Users/atanasivanov/ipo-intel/ipo-intel/.venv_airflow/lib/python3.11/site-packages/airflow/example_dags/example_dataset_alias_with_no_taskflow.py
[2026-03-18T16:36:01.890+0100] {logging_mixin.py:190} INFO - [2026-03-18T16:36:01.889+0100] {dag.py:3239} INFO - Sync 4 DAGs
[2026-03-18T16:36:01.954+0100] {logging_mixin.py:190} INFO - [2026-03-18T16:36:01.954+0100] {dag.py:4180} INFO - Setting next_dagrun for dataset_alias_example_alias_consumer_with_no_taskflow to None, run_after=None
[2026-03-18T16:36:01.956+0100] {logging_mixin.py:190} INFO - [2026-03-18T16:36:01.956+0100] {dag.py:4180} INFO - Setting next_dagrun for dataset_alias_example_alias_producer_with_no_taskflow to None, run_after=None
[2026-03-18T16:36:01.957+0100] {logging_mixin.py:190} INFO - [2026-03-18T16:36:01.957+0100] {dag.py:4180} INFO - Setting next_dagrun for dataset_s3_bucket_consumer_with_no_taskflow to None, run_after=None
[2026-03-18T16:36:01.958+0100] {logging_mixin.py:190} INFO - [2026-03-18T16:36:01.958+0100] {dag.py:4180} INFO - Setting next_dagrun for dataset_s3_bucket_producer_with_no_taskflow to None, run_after=None
[2026-03-18T16:36:01.977+0100] {processor.py:208} INFO - Processing /Users/atanasivanov/ipo-intel/ipo-intel/.venv_airflow/lib/python3.11/site-packages/airflow/example_dags/example_dataset_alias_with_no_taskflow.py took 0.228 seconds
[2026-03-18T16:39:49.596+0100] {processor.py:186} INFO - Started process (PID=50950) to work on /Users/atanasivanov/ipo-intel/ipo-intel/.venv_airflow/lib/python3.11/site-packages/airflow/example_dags/example_dataset_alias_with_no_taskflow.py
[2026-03-18T16:39:49.598+0100] {processor.py:914} INFO - Processing file /Users/atanasivanov/ipo-intel/ipo-intel/.venv_airflow/lib/python3.11/site-packages/airflow/example_dags/example_dataset_alias_with_no_taskflow.py for tasks to queue
[2026-03-18T16:39:49.599+0100] {logging_mixin.py:190} INFO - [2026-03-18T16:39:49.599+0100] {dagbag.py:588} INFO - Filling up the DagBag from /Users/atanasivanov/ipo-intel/ipo-intel/.venv_airflow/lib/python3.11/site-packages/airflow/example_dags/example_dataset_alias_with_no_taskflow.py
[2026-03-18T16:39:49.725+0100] {processor.py:925} INFO - DAG(s) 'dataset_s3_bucket_producer_with_no_taskflow', 'dataset_alias_example_alias_producer_with_no_taskflow', 'dataset_s3_bucket_consumer_with_no_taskflow', 'dataset_alias_example_alias_consumer_with_no_taskflow' retrieved from /Users/atanasivanov/ipo-intel/ipo-intel/.venv_airflow/lib/python3.11/site-packages/airflow/example_dags/example_dataset_alias_with_no_taskflow.py
[2026-03-18T16:39:49.744+0100] {logging_mixin.py:190} INFO - [2026-03-18T16:39:49.744+0100] {dag.py:3239} INFO - Sync 4 DAGs
[2026-03-18T16:39:49.811+0100] {logging_mixin.py:190} INFO - [2026-03-18T16:39:49.811+0100] {dag.py:4180} INFO - Setting next_dagrun for dataset_alias_example_alias_consumer_with_no_taskflow to None, run_after=None
[2026-03-18T16:39:49.814+0100] {logging_mixin.py:190} INFO - [2026-03-18T16:39:49.814+0100] {dag.py:4180} INFO - Setting next_dagrun for dataset_alias_example_alias_producer_with_no_taskflow to None, run_after=None
[2026-03-18T16:39:49.815+0100] {logging_mixin.py:190} INFO - [2026-03-18T16:39:49.815+0100] {dag.py:4180} INFO - Setting next_dagrun for dataset_s3_bucket_consumer_with_no_taskflow to None, run_after=None
[2026-03-18T16:39:49.816+0100] {logging_mixin.py:190} INFO - [2026-03-18T16:39:49.815+0100] {dag.py:4180} INFO - Setting next_dagrun for dataset_s3_bucket_producer_with_no_taskflow to None, run_after=None
[2026-03-18T16:39:49.834+0100] {processor.py:208} INFO - Processing /Users/atanasivanov/ipo-intel/ipo-intel/.venv_airflow/lib/python3.11/site-packages/airflow/example_dags/example_dataset_alias_with_no_taskflow.py took 0.243 seconds
[2026-03-18T16:49:30.773+0100] {processor.py:186} INFO - Started process (PID=53538) to work on /Users/atanasivanov/ipo-intel/ipo-intel/.venv_airflow/lib/python3.11/site-packages/airflow/example_dags/example_dataset_alias_with_no_taskflow.py
[2026-03-18T16:49:30.775+0100] {processor.py:914} INFO - Processing file /Users/atanasivanov/ipo-intel/ipo-intel/.venv_airflow/lib/python3.11/site-packages/airflow/example_dags/example_dataset_alias_with_no_taskflow.py for tasks to queue
[2026-03-18T16:49:30.776+0100] {logging_mixin.py:190} INFO - [2026-03-18T16:49:30.776+0100] {dagbag.py:588} INFO - Filling up the DagBag from /Users/atanasivanov/ipo-intel/ipo-intel/.venv_airflow/lib/python3.11/site-packages/airflow/example_dags/example_dataset_alias_with_no_taskflow.py
[2026-03-18T16:49:30.927+0100] {processor.py:925} INFO - DAG(s) 'dataset_alias_example_alias_consumer_with_no_taskflow', 'dataset_s3_bucket_consumer_with_no_taskflow', 'dataset_s3_bucket_producer_with_no_taskflow', 'dataset_alias_example_alias_producer_with_no_taskflow' retrieved from /Users/atanasivanov/ipo-intel/ipo-intel/.venv_airflow/lib/python3.11/site-packages/airflow/example_dags/example_dataset_alias_with_no_taskflow.py
[2026-03-18T16:49:30.949+0100] {logging_mixin.py:190} INFO - [2026-03-18T16:49:30.949+0100] {dag.py:3239} INFO - Sync 4 DAGs
[2026-03-18T16:49:31.018+0100] {logging_mixin.py:190} INFO - [2026-03-18T16:49:31.018+0100] {dag.py:4180} INFO - Setting next_dagrun for dataset_alias_example_alias_consumer_with_no_taskflow to None, run_after=None
[2026-03-18T16:49:31.020+0100] {logging_mixin.py:190} INFO - [2026-03-18T16:49:31.020+0100] {dag.py:4180} INFO - Setting next_dagrun for dataset_alias_example_alias_producer_with_no_taskflow to None, run_after=None
[2026-03-18T16:49:31.021+0100] {logging_mixin.py:190} INFO - [2026-03-18T16:49:31.021+0100] {dag.py:4180} INFO - Setting next_dagrun for dataset_s3_bucket_consumer_with_no_taskflow to None, run_after=None
[2026-03-18T16:49:31.022+0100] {logging_mixin.py:190} INFO - [2026-03-18T16:49:31.022+0100] {dag.py:4180} INFO - Setting next_dagrun for dataset_s3_bucket_producer_with_no_taskflow to None, run_after=None
[2026-03-18T16:49:31.041+0100] {processor.py:208} INFO - Processing /Users/atanasivanov/ipo-intel/ipo-intel/.venv_airflow/lib/python3.11/site-packages/airflow/example_dags/example_dataset_alias_with_no_taskflow.py took 0.273 seconds
[2026-03-18T16:52:01.220+0100] {processor.py:186} INFO - Started process (PID=54087) to work on /Users/atanasivanov/ipo-intel/ipo-intel/.venv_airflow/lib/python3.11/site-packages/airflow/example_dags/example_dataset_alias_with_no_taskflow.py
[2026-03-18T16:52:01.221+0100] {processor.py:914} INFO - Processing file /Users/atanasivanov/ipo-intel/ipo-intel/.venv_airflow/lib/python3.11/site-packages/airflow/example_dags/example_dataset_alias_with_no_taskflow.py for tasks to queue
[2026-03-18T16:52:01.222+0100] {logging_mixin.py:190} INFO - [2026-03-18T16:52:01.221+0100] {dagbag.py:588} INFO - Filling up the DagBag from /Users/atanasivanov/ipo-intel/ipo-intel/.venv_airflow/lib/python3.11/site-packages/airflow/example_dags/example_dataset_alias_with_no_taskflow.py
[2026-03-18T16:52:01.340+0100] {processor.py:925} INFO - DAG(s) 'dataset_s3_bucket_consumer_with_no_taskflow', 'dataset_alias_example_alias_producer_with_no_taskflow', 'dataset_s3_bucket_producer_with_no_taskflow', 'dataset_alias_example_alias_consumer_with_no_taskflow' retrieved from /Users/atanasivanov/ipo-intel/ipo-intel/.venv_airflow/lib/python3.11/site-packages/airflow/example_dags/example_dataset_alias_with_no_taskflow.py
[2026-03-18T16:52:01.361+0100] {logging_mixin.py:190} INFO - [2026-03-18T16:52:01.360+0100] {dag.py:3239} INFO - Sync 4 DAGs
[2026-03-18T16:52:01.427+0100] {logging_mixin.py:190} INFO - [2026-03-18T16:52:01.427+0100] {dag.py:4180} INFO - Setting next_dagrun for dataset_alias_example_alias_consumer_with_no_taskflow to None, run_after=None
[2026-03-18T16:52:01.429+0100] {logging_mixin.py:190} INFO - [2026-03-18T16:52:01.429+0100] {dag.py:4180} INFO - Setting next_dagrun for dataset_alias_example_alias_producer_with_no_taskflow to None, run_after=None
[2026-03-18T16:52:01.430+0100] {logging_mixin.py:190} INFO - [2026-03-18T16:52:01.430+0100] {dag.py:4180} INFO - Setting next_dagrun for dataset_s3_bucket_consumer_with_no_taskflow to None, run_after=None
[2026-03-18T16:52:01.431+0100] {logging_mixin.py:190} INFO - [2026-03-18T16:52:01.431+0100] {dag.py:4180} INFO - Setting next_dagrun for dataset_s3_bucket_producer_with_no_taskflow to None, run_after=None
[2026-03-18T16:52:01.450+0100] {processor.py:208} INFO - Processing /Users/atanasivanov/ipo-intel/ipo-intel/.venv_airflow/lib/python3.11/site-packages/airflow/example_dags/example_dataset_alias_with_no_taskflow.py took 0.235 seconds
[2026-03-18T16:56:15.124+0100] {processor.py:186} INFO - Started process (PID=55312) to work on /Users/atanasivanov/ipo-intel/ipo-intel/.venv_airflow/lib/python3.11/site-packages/airflow/example_dags/example_dataset_alias_with_no_taskflow.py
[2026-03-18T16:56:15.125+0100] {processor.py:914} INFO - Processing file /Users/atanasivanov/ipo-intel/ipo-intel/.venv_airflow/lib/python3.11/site-packages/airflow/example_dags/example_dataset_alias_with_no_taskflow.py for tasks to queue
[2026-03-18T16:56:15.126+0100] {logging_mixin.py:190} INFO - [2026-03-18T16:56:15.126+0100] {dagbag.py:588} INFO - Filling up the DagBag from /Users/atanasivanov/ipo-intel/ipo-intel/.venv_airflow/lib/python3.11/site-packages/airflow/example_dags/example_dataset_alias_with_no_taskflow.py
[2026-03-18T16:56:15.246+0100] {processor.py:925} INFO - DAG(s) 'dataset_alias_example_alias_consumer_with_no_taskflow', 'dataset_s3_bucket_consumer_with_no_taskflow', 'dataset_s3_bucket_producer_with_no_taskflow', 'dataset_alias_example_alias_producer_with_no_taskflow' retrieved from /Users/atanasivanov/ipo-intel/ipo-intel/.venv_airflow/lib/python3.11/site-packages/airflow/example_dags/example_dataset_alias_with_no_taskflow.py
[2026-03-18T16:56:15.264+0100] {logging_mixin.py:190} INFO - [2026-03-18T16:56:15.263+0100] {dag.py:3239} INFO - Sync 4 DAGs
[2026-03-18T16:56:15.329+0100] {logging_mixin.py:190} INFO - [2026-03-18T16:56:15.328+0100] {dag.py:4180} INFO - Setting next_dagrun for dataset_alias_example_alias_consumer_with_no_taskflow to None, run_after=None
[2026-03-18T16:56:15.331+0100] {logging_mixin.py:190} INFO - [2026-03-18T16:56:15.330+0100] {dag.py:4180} INFO - Setting next_dagrun for dataset_alias_example_alias_producer_with_no_taskflow to None, run_after=None
[2026-03-18T16:56:15.332+0100] {logging_mixin.py:190} INFO - [2026-03-18T16:56:15.331+0100] {dag.py:4180} INFO - Setting next_dagrun for dataset_s3_bucket_consumer_with_no_taskflow to None, run_after=None
[2026-03-18T16:56:15.332+0100] {logging_mixin.py:190} INFO - [2026-03-18T16:56:15.332+0100] {dag.py:4180} INFO - Setting next_dagrun for dataset_s3_bucket_producer_with_no_taskflow to None, run_after=None
[2026-03-18T16:56:15.350+0100] {processor.py:208} INFO - Processing /Users/atanasivanov/ipo-intel/ipo-intel/.venv_airflow/lib/python3.11/site-packages/airflow/example_dags/example_dataset_alias_with_no_taskflow.py took 0.231 seconds
[2026-03-18T17:00:23.660+0100] {processor.py:186} INFO - Started process (PID=56230) to work on /Users/atanasivanov/ipo-intel/ipo-intel/.venv_airflow/lib/python3.11/site-packages/airflow/example_dags/example_dataset_alias_with_no_taskflow.py
[2026-03-18T17:00:23.661+0100] {processor.py:914} INFO - Processing file /Users/atanasivanov/ipo-intel/ipo-intel/.venv_airflow/lib/python3.11/site-packages/airflow/example_dags/example_dataset_alias_with_no_taskflow.py for tasks to queue
[2026-03-18T17:00:23.662+0100] {logging_mixin.py:190} INFO - [2026-03-18T17:00:23.662+0100] {dagbag.py:588} INFO - Filling up the DagBag from /Users/atanasivanov/ipo-intel/ipo-intel/.venv_airflow/lib/python3.11/site-packages/airflow/example_dags/example_dataset_alias_with_no_taskflow.py
[2026-03-18T17:00:23.779+0100] {processor.py:925} INFO - DAG(s) 'dataset_s3_bucket_consumer_with_no_taskflow', 'dataset_s3_bucket_producer_with_no_taskflow', 'dataset_alias_example_alias_producer_with_no_taskflow', 'dataset_alias_example_alias_consumer_with_no_taskflow' retrieved from /Users/atanasivanov/ipo-intel/ipo-intel/.venv_airflow/lib/python3.11/site-packages/airflow/example_dags/example_dataset_alias_with_no_taskflow.py
[2026-03-18T17:00:23.796+0100] {logging_mixin.py:190} INFO - [2026-03-18T17:00:23.796+0100] {dag.py:3239} INFO - Sync 4 DAGs
[2026-03-18T17:00:23.859+0100] {logging_mixin.py:190} INFO - [2026-03-18T17:00:23.859+0100] {dag.py:4180} INFO - Setting next_dagrun for dataset_alias_example_alias_consumer_with_no_taskflow to None, run_after=None
[2026-03-18T17:00:23.861+0100] {logging_mixin.py:190} INFO - [2026-03-18T17:00:23.861+0100] {dag.py:4180} INFO - Setting next_dagrun for dataset_alias_example_alias_producer_with_no_taskflow to None, run_after=None
[2026-03-18T17:00:23.862+0100] {logging_mixin.py:190} INFO - [2026-03-18T17:00:23.862+0100] {dag.py:4180} INFO - Setting next_dagrun for dataset_s3_bucket_consumer_with_no_taskflow to None, run_after=None
[2026-03-18T17:00:23.863+0100] {logging_mixin.py:190} INFO - [2026-03-18T17:00:23.863+0100] {dag.py:4180} INFO - Setting next_dagrun for dataset_s3_bucket_producer_with_no_taskflow to None, run_after=None
[2026-03-18T17:00:23.880+0100] {processor.py:208} INFO - Processing /Users/atanasivanov/ipo-intel/ipo-intel/.venv_airflow/lib/python3.11/site-packages/airflow/example_dags/example_dataset_alias_with_no_taskflow.py took 0.225 seconds
[2026-03-18T17:04:13.037+0100] {processor.py:186} INFO - Started process (PID=57065) to work on /Users/atanasivanov/ipo-intel/ipo-intel/.venv_airflow/lib/python3.11/site-packages/airflow/example_dags/example_dataset_alias_with_no_taskflow.py
[2026-03-18T17:04:13.038+0100] {processor.py:914} INFO - Processing file /Users/atanasivanov/ipo-intel/ipo-intel/.venv_airflow/lib/python3.11/site-packages/airflow/example_dags/example_dataset_alias_with_no_taskflow.py for tasks to queue
[2026-03-18T17:04:13.039+0100] {logging_mixin.py:190} INFO - [2026-03-18T17:04:13.039+0100] {dagbag.py:588} INFO - Filling up the DagBag from /Users/atanasivanov/ipo-intel/ipo-intel/.venv_airflow/lib/python3.11/site-packages/airflow/example_dags/example_dataset_alias_with_no_taskflow.py
[2026-03-18T17:04:13.156+0100] {processor.py:925} INFO - DAG(s) 'dataset_s3_bucket_producer_with_no_taskflow', 'dataset_alias_example_alias_producer_with_no_taskflow', 'dataset_alias_example_alias_consumer_with_no_taskflow', 'dataset_s3_bucket_consumer_with_no_taskflow' retrieved from /Users/atanasivanov/ipo-intel/ipo-intel/.venv_airflow/lib/python3.11/site-packages/airflow/example_dags/example_dataset_alias_with_no_taskflow.py
[2026-03-18T17:04:13.173+0100] {logging_mixin.py:190} INFO - [2026-03-18T17:04:13.173+0100] {dag.py:3239} INFO - Sync 4 DAGs
[2026-03-18T17:04:13.234+0100] {logging_mixin.py:190} INFO - [2026-03-18T17:04:13.234+0100] {dag.py:4180} INFO - Setting next_dagrun for dataset_alias_example_alias_consumer_with_no_taskflow to None, run_after=None
[2026-03-18T17:04:13.236+0100] {logging_mixin.py:190} INFO - [2026-03-18T17:04:13.236+0100] {dag.py:4180} INFO - Setting next_dagrun for dataset_alias_example_alias_producer_with_no_taskflow to None, run_after=None
[2026-03-18T17:04:13.237+0100] {logging_mixin.py:190} INFO - [2026-03-18T17:04:13.237+0100] {dag.py:4180} INFO - Setting next_dagrun for dataset_s3_bucket_consumer_with_no_taskflow to None, run_after=None
[2026-03-18T17:04:13.238+0100] {logging_mixin.py:190} INFO - [2026-03-18T17:04:13.238+0100] {dag.py:4180} INFO - Setting next_dagrun for dataset_s3_bucket_producer_with_no_taskflow to None, run_after=None
[2026-03-18T17:04:13.254+0100] {processor.py:208} INFO - Processing /Users/atanasivanov/ipo-intel/ipo-intel/.venv_airflow/lib/python3.11/site-packages/airflow/example_dags/example_dataset_alias_with_no_taskflow.py took 0.222 seconds
[2026-03-18T17:08:03.379+0100] {processor.py:186} INFO - Started process (PID=57915) to work on /Users/atanasivanov/ipo-intel/ipo-intel/.venv_airflow/lib/python3.11/site-packages/airflow/example_dags/example_dataset_alias_with_no_taskflow.py
[2026-03-18T17:08:03.380+0100] {processor.py:914} INFO - Processing file /Users/atanasivanov/ipo-intel/ipo-intel/.venv_airflow/lib/python3.11/site-packages/airflow/example_dags/example_dataset_alias_with_no_taskflow.py for tasks to queue
[2026-03-18T17:08:03.381+0100] {logging_mixin.py:190} INFO - [2026-03-18T17:08:03.381+0100] {dagbag.py:588} INFO - Filling up the DagBag from /Users/atanasivanov/ipo-intel/ipo-intel/.venv_airflow/lib/python3.11/site-packages/airflow/example_dags/example_dataset_alias_with_no_taskflow.py
[2026-03-18T17:08:03.502+0100] {processor.py:925} INFO - DAG(s) 'dataset_s3_bucket_consumer_with_no_taskflow', 'dataset_alias_example_alias_consumer_with_no_taskflow', 'dataset_alias_example_alias_producer_with_no_taskflow', 'dataset_s3_bucket_producer_with_no_taskflow' retrieved from /Users/atanasivanov/ipo-intel/ipo-intel/.venv_airflow/lib/python3.11/site-packages/airflow/example_dags/example_dataset_alias_with_no_taskflow.py
[2026-03-18T17:08:03.519+0100] {logging_mixin.py:190} INFO - [2026-03-18T17:08:03.519+0100] {dag.py:3239} INFO - Sync 4 DAGs
[2026-03-18T17:08:03.584+0100] {logging_mixin.py:190} INFO - [2026-03-18T17:08:03.584+0100] {dag.py:4180} INFO - Setting next_dagrun for dataset_alias_example_alias_consumer_with_no_taskflow to None, run_after=None
[2026-03-18T17:08:03.586+0100] {logging_mixin.py:190} INFO - [2026-03-18T17:08:03.586+0100] {dag.py:4180} INFO - Setting next_dagrun for dataset_alias_example_alias_producer_with_no_taskflow to None, run_after=None
[2026-03-18T17:08:03.587+0100] {logging_mixin.py:190} INFO - [2026-03-18T17:08:03.587+0100] {dag.py:4180} INFO - Setting next_dagrun for dataset_s3_bucket_consumer_with_no_taskflow to None, run_after=None
[2026-03-18T17:08:03.588+0100] {logging_mixin.py:190} INFO - [2026-03-18T17:08:03.587+0100] {dag.py:4180} INFO - Setting next_dagrun for dataset_s3_bucket_producer_with_no_taskflow to None, run_after=None
[2026-03-18T17:08:03.606+0100] {processor.py:208} INFO - Processing /Users/atanasivanov/ipo-intel/ipo-intel/.venv_airflow/lib/python3.11/site-packages/airflow/example_dags/example_dataset_alias_with_no_taskflow.py took 0.232 seconds
[2026-03-18T17:12:04.558+0100] {processor.py:186} INFO - Started process (PID=58868) to work on /Users/atanasivanov/ipo-intel/ipo-intel/.venv_airflow/lib/python3.11/site-packages/airflow/example_dags/example_dataset_alias_with_no_taskflow.py
[2026-03-18T17:12:04.559+0100] {processor.py:914} INFO - Processing file /Users/atanasivanov/ipo-intel/ipo-intel/.venv_airflow/lib/python3.11/site-packages/airflow/example_dags/example_dataset_alias_with_no_taskflow.py for tasks to queue
[2026-03-18T17:12:04.560+0100] {logging_mixin.py:190} INFO - [2026-03-18T17:12:04.560+0100] {dagbag.py:588} INFO - Filling up the DagBag from /Users/atanasivanov/ipo-intel/ipo-intel/.venv_airflow/lib/python3.11/site-packages/airflow/example_dags/example_dataset_alias_with_no_taskflow.py
[2026-03-18T17:12:04.685+0100] {processor.py:925} INFO - DAG(s) 'dataset_s3_bucket_producer_with_no_taskflow', 'dataset_alias_example_alias_producer_with_no_taskflow', 'dataset_alias_example_alias_consumer_with_no_taskflow', 'dataset_s3_bucket_consumer_with_no_taskflow' retrieved from /Users/atanasivanov/ipo-intel/ipo-intel/.venv_airflow/lib/python3.11/site-packages/airflow/example_dags/example_dataset_alias_with_no_taskflow.py
[2026-03-18T17:12:04.702+0100] {logging_mixin.py:190} INFO - [2026-03-18T17:12:04.701+0100] {dag.py:3239} INFO - Sync 4 DAGs
[2026-03-18T17:12:04.766+0100] {logging_mixin.py:190} INFO - [2026-03-18T17:12:04.766+0100] {dag.py:4180} INFO - Setting next_dagrun for dataset_alias_example_alias_consumer_with_no_taskflow to None, run_after=None
[2026-03-18T17:12:04.769+0100] {logging_mixin.py:190} INFO - [2026-03-18T17:12:04.769+0100] {dag.py:4180} INFO - Setting next_dagrun for dataset_alias_example_alias_producer_with_no_taskflow to None, run_after=None
[2026-03-18T17:12:04.770+0100] {logging_mixin.py:190} INFO - [2026-03-18T17:12:04.770+0100] {dag.py:4180} INFO - Setting next_dagrun for dataset_s3_bucket_consumer_with_no_taskflow to None, run_after=None
[2026-03-18T17:12:04.771+0100] {logging_mixin.py:190} INFO - [2026-03-18T17:12:04.771+0100] {dag.py:4180} INFO - Setting next_dagrun for dataset_s3_bucket_producer_with_no_taskflow to None, run_after=None
[2026-03-18T17:12:04.789+0100] {processor.py:208} INFO - Processing /Users/atanasivanov/ipo-intel/ipo-intel/.venv_airflow/lib/python3.11/site-packages/airflow/example_dags/example_dataset_alias_with_no_taskflow.py took 0.237 seconds
