[2026-03-18T16:20:56.862+0100] {processor.py:186} INFO - Started process (PID=45474) to work on /Users/atanasivanov/ipo-intel/ipo-intel/.venv_airflow/lib/python3.11/site-packages/airflow/example_dags/example_params_ui_tutorial.py
[2026-03-18T16:20:56.863+0100] {processor.py:914} INFO - Processing file /Users/atanasivanov/ipo-intel/ipo-intel/.venv_airflow/lib/python3.11/site-packages/airflow/example_dags/example_params_ui_tutorial.py for tasks to queue
[2026-03-18T16:20:56.864+0100] {logging_mixin.py:190} INFO - [2026-03-18T16:20:56.864+0100] {dagbag.py:588} INFO - Filling up the DagBag from /Users/atanasivanov/ipo-intel/ipo-intel/.venv_airflow/lib/python3.11/site-packages/airflow/example_dags/example_params_ui_tutorial.py
[2026-03-18T16:20:56.903+0100] {processor.py:925} INFO - DAG(s) 'example_params_ui_tutorial' retrieved from /Users/atanasivanov/ipo-intel/ipo-intel/.venv_airflow/lib/python3.11/site-packages/airflow/example_dags/example_params_ui_tutorial.py
[2026-03-18T16:20:57.138+0100] {logging_mixin.py:190} INFO - [2026-03-18T16:20:57.138+0100] {override.py:1912} INFO - Created Permission View: can delete on DAG:example_params_ui_tutorial
[2026-03-18T16:20:57.146+0100] {logging_mixin.py:190} INFO - [2026-03-18T16:20:57.146+0100] {override.py:1912} INFO - Created Permission View: can read on DAG:example_params_ui_tutorial
[2026-03-18T16:20:57.151+0100] {logging_mixin.py:190} INFO - [2026-03-18T16:20:57.151+0100] {override.py:1912} INFO - Created Permission View: can edit on DAG:example_params_ui_tutorial
[2026-03-18T16:20:57.158+0100] {logging_mixin.py:190} INFO - [2026-03-18T16:20:57.158+0100] {override.py:1912} INFO - Created Permission View: can delete on DAG Run:example_params_ui_tutorial
[2026-03-18T16:20:57.163+0100] {logging_mixin.py:190} INFO - [2026-03-18T16:20:57.163+0100] {override.py:1912} INFO - Created Permission View: can read on DAG Run:example_params_ui_tutorial
[2026-03-18T16:20:57.168+0100] {logging_mixin.py:190} INFO - [2026-03-18T16:20:57.168+0100] {override.py:1912} INFO - Created Permission View: menu access on DAG Run:example_params_ui_tutorial
[2026-03-18T16:20:57.173+0100] {logging_mixin.py:190} INFO - [2026-03-18T16:20:57.173+0100] {override.py:1912} INFO - Created Permission View: can create on DAG Run:example_params_ui_tutorial
[2026-03-18T16:20:57.174+0100] {logging_mixin.py:190} INFO - [2026-03-18T16:20:57.174+0100] {dag.py:3239} INFO - Sync 1 DAGs
[2026-03-18T16:20:57.183+0100] {logging_mixin.py:190} INFO - [2026-03-18T16:20:57.183+0100] {dag.py:3262} INFO - Creating ORM DAG for example_params_ui_tutorial
[2026-03-18T16:20:57.184+0100] {logging_mixin.py:190} INFO - [2026-03-18T16:20:57.184+0100] {dag.py:4180} INFO - Setting next_dagrun for example_params_ui_tutorial to None, run_after=None
[2026-03-18T16:20:57.198+0100] {processor.py:208} INFO - Processing /Users/atanasivanov/ipo-intel/ipo-intel/.venv_airflow/lib/python3.11/site-packages/airflow/example_dags/example_params_ui_tutorial.py took 0.342 seconds
[2026-03-18T16:23:35.479+0100] {processor.py:186} INFO - Started process (PID=46070) to work on /Users/atanasivanov/ipo-intel/ipo-intel/.venv_airflow/lib/python3.11/site-packages/airflow/example_dags/example_params_ui_tutorial.py
[2026-03-18T16:23:35.480+0100] {processor.py:914} INFO - Processing file /Users/atanasivanov/ipo-intel/ipo-intel/.venv_airflow/lib/python3.11/site-packages/airflow/example_dags/example_params_ui_tutorial.py for tasks to queue
[2026-03-18T16:23:35.482+0100] {logging_mixin.py:190} INFO - [2026-03-18T16:23:35.481+0100] {dagbag.py:588} INFO - Filling up the DagBag from /Users/atanasivanov/ipo-intel/ipo-intel/.venv_airflow/lib/python3.11/site-packages/airflow/example_dags/example_params_ui_tutorial.py
[2026-03-18T16:23:35.521+0100] {processor.py:925} INFO - DAG(s) 'example_params_ui_tutorial' retrieved from /Users/atanasivanov/ipo-intel/ipo-intel/.venv_airflow/lib/python3.11/site-packages/airflow/example_dags/example_params_ui_tutorial.py
[2026-03-18T16:23:35.665+0100] {logging_mixin.py:190} INFO - [2026-03-18T16:23:35.665+0100] {dag.py:3239} INFO - Sync 1 DAGs
[2026-03-18T16:23:35.676+0100] {logging_mixin.py:190} INFO - [2026-03-18T16:23:35.676+0100] {dag.py:4180} INFO - Setting next_dagrun for example_params_ui_tutorial to None, run_after=None
[2026-03-18T16:23:35.692+0100] {processor.py:208} INFO - Processing /Users/atanasivanov/ipo-intel/ipo-intel/.venv_airflow/lib/python3.11/site-packages/airflow/example_dags/example_params_ui_tutorial.py took 0.219 seconds
[2026-03-18T16:25:37.006+0100] {processor.py:186} INFO - Started process (PID=46530) to work on /Users/atanasivanov/ipo-intel/ipo-intel/.venv_airflow/lib/python3.11/site-packages/airflow/example_dags/example_params_ui_tutorial.py
[2026-03-18T16:25:37.007+0100] {processor.py:914} INFO - Processing file /Users/atanasivanov/ipo-intel/ipo-intel/.venv_airflow/lib/python3.11/site-packages/airflow/example_dags/example_params_ui_tutorial.py for tasks to queue
[2026-03-18T16:25:37.008+0100] {logging_mixin.py:190} INFO - [2026-03-18T16:25:37.008+0100] {dagbag.py:588} INFO - Filling up the DagBag from /Users/atanasivanov/ipo-intel/ipo-intel/.venv_airflow/lib/python3.11/site-packages/airflow/example_dags/example_params_ui_tutorial.py
[2026-03-18T16:25:37.057+0100] {processor.py:925} INFO - DAG(s) 'example_params_ui_tutorial' retrieved from /Users/atanasivanov/ipo-intel/ipo-intel/.venv_airflow/lib/python3.11/site-packages/airflow/example_dags/example_params_ui_tutorial.py
[2026-03-18T16:25:37.227+0100] {logging_mixin.py:190} INFO - [2026-03-18T16:25:37.226+0100] {dag.py:3239} INFO - Sync 1 DAGs
[2026-03-18T16:25:37.238+0100] {logging_mixin.py:190} INFO - [2026-03-18T16:25:37.238+0100] {dag.py:4180} INFO - Setting next_dagrun for example_params_ui_tutorial to None, run_after=None
[2026-03-18T16:25:37.256+0100] {processor.py:208} INFO - Processing /Users/atanasivanov/ipo-intel/ipo-intel/.venv_airflow/lib/python3.11/site-packages/airflow/example_dags/example_params_ui_tutorial.py took 0.257 seconds
[2026-03-18T16:27:41.752+0100] {processor.py:186} INFO - Started process (PID=47654) to work on /Users/atanasivanov/ipo-intel/ipo-intel/.venv_airflow/lib/python3.11/site-packages/airflow/example_dags/example_params_ui_tutorial.py
[2026-03-18T16:27:41.754+0100] {processor.py:914} INFO - Processing file /Users/atanasivanov/ipo-intel/ipo-intel/.venv_airflow/lib/python3.11/site-packages/airflow/example_dags/example_params_ui_tutorial.py for tasks to queue
[2026-03-18T16:27:41.755+0100] {logging_mixin.py:190} INFO - [2026-03-18T16:27:41.754+0100] {dagbag.py:588} INFO - Filling up the DagBag from /Users/atanasivanov/ipo-intel/ipo-intel/.venv_airflow/lib/python3.11/site-packages/airflow/example_dags/example_params_ui_tutorial.py
[2026-03-18T16:27:41.791+0100] {processor.py:925} INFO - DAG(s) 'example_params_ui_tutorial' retrieved from /Users/atanasivanov/ipo-intel/ipo-intel/.venv_airflow/lib/python3.11/site-packages/airflow/example_dags/example_params_ui_tutorial.py
[2026-03-18T16:27:41.942+0100] {logging_mixin.py:190} INFO - [2026-03-18T16:27:41.941+0100] {dag.py:3239} INFO - Sync 1 DAGs
[2026-03-18T16:27:41.954+0100] {logging_mixin.py:190} INFO - [2026-03-18T16:27:41.954+0100] {dag.py:4180} INFO - Setting next_dagrun for example_params_ui_tutorial to None, run_after=None
[2026-03-18T16:27:41.972+0100] {processor.py:208} INFO - Processing /Users/atanasivanov/ipo-intel/ipo-intel/.venv_airflow/lib/python3.11/site-packages/airflow/example_dags/example_params_ui_tutorial.py took 0.225 seconds
[2026-03-18T16:29:45.966+0100] {processor.py:186} INFO - Started process (PID=48121) to work on /Users/atanasivanov/ipo-intel/ipo-intel/.venv_airflow/lib/python3.11/site-packages/airflow/example_dags/example_params_ui_tutorial.py
[2026-03-18T16:29:45.967+0100] {processor.py:914} INFO - Processing file /Users/atanasivanov/ipo-intel/ipo-intel/.venv_airflow/lib/python3.11/site-packages/airflow/example_dags/example_params_ui_tutorial.py for tasks to queue
[2026-03-18T16:29:45.968+0100] {logging_mixin.py:190} INFO - [2026-03-18T16:29:45.968+0100] {dagbag.py:588} INFO - Filling up the DagBag from /Users/atanasivanov/ipo-intel/ipo-intel/.venv_airflow/lib/python3.11/site-packages/airflow/example_dags/example_params_ui_tutorial.py
[2026-03-18T16:29:46.002+0100] {processor.py:925} INFO - DAG(s) 'example_params_ui_tutorial' retrieved from /Users/atanasivanov/ipo-intel/ipo-intel/.venv_airflow/lib/python3.11/site-packages/airflow/example_dags/example_params_ui_tutorial.py
[2026-03-18T16:29:46.144+0100] {logging_mixin.py:190} INFO - [2026-03-18T16:29:46.144+0100] {dag.py:3239} INFO - Sync 1 DAGs
[2026-03-18T16:29:46.155+0100] {logging_mixin.py:190} INFO - [2026-03-18T16:29:46.155+0100] {dag.py:4180} INFO - Setting next_dagrun for example_params_ui_tutorial to None, run_after=None
[2026-03-18T16:29:46.171+0100] {processor.py:208} INFO - Processing /Users/atanasivanov/ipo-intel/ipo-intel/.venv_airflow/lib/python3.11/site-packages/airflow/example_dags/example_params_ui_tutorial.py took 0.211 seconds
[2026-03-18T16:31:38.240+0100] {processor.py:186} INFO - Started process (PID=48534) to work on /Users/atanasivanov/ipo-intel/ipo-intel/.venv_airflow/lib/python3.11/site-packages/airflow/example_dags/example_params_ui_tutorial.py
[2026-03-18T16:31:38.241+0100] {processor.py:914} INFO - Processing file /Users/atanasivanov/ipo-intel/ipo-intel/.venv_airflow/lib/python3.11/site-packages/airflow/example_dags/example_params_ui_tutorial.py for tasks to queue
[2026-03-18T16:31:38.242+0100] {logging_mixin.py:190} INFO - [2026-03-18T16:31:38.242+0100] {dagbag.py:588} INFO - Filling up the DagBag from /Users/atanasivanov/ipo-intel/ipo-intel/.venv_airflow/lib/python3.11/site-packages/airflow/example_dags/example_params_ui_tutorial.py
[2026-03-18T16:31:38.275+0100] {processor.py:925} INFO - DAG(s) 'example_params_ui_tutorial' retrieved from /Users/atanasivanov/ipo-intel/ipo-intel/.venv_airflow/lib/python3.11/site-packages/airflow/example_dags/example_params_ui_tutorial.py
[2026-03-18T16:31:38.415+0100] {logging_mixin.py:190} INFO - [2026-03-18T16:31:38.415+0100] {dag.py:3239} INFO - Sync 1 DAGs
[2026-03-18T16:31:38.427+0100] {logging_mixin.py:190} INFO - [2026-03-18T16:31:38.427+0100] {dag.py:4180} INFO - Setting next_dagrun for example_params_ui_tutorial to None, run_after=None
[2026-03-18T16:31:38.444+0100] {processor.py:208} INFO - Processing /Users/atanasivanov/ipo-intel/ipo-intel/.venv_airflow/lib/python3.11/site-packages/airflow/example_dags/example_params_ui_tutorial.py took 0.209 seconds
[2026-03-18T16:33:29.726+0100] {processor.py:186} INFO - Started process (PID=48947) to work on /Users/atanasivanov/ipo-intel/ipo-intel/.venv_airflow/lib/python3.11/site-packages/airflow/example_dags/example_params_ui_tutorial.py
[2026-03-18T16:33:29.726+0100] {processor.py:914} INFO - Processing file /Users/atanasivanov/ipo-intel/ipo-intel/.venv_airflow/lib/python3.11/site-packages/airflow/example_dags/example_params_ui_tutorial.py for tasks to queue
[2026-03-18T16:33:29.727+0100] {logging_mixin.py:190} INFO - [2026-03-18T16:33:29.727+0100] {dagbag.py:588} INFO - Filling up the DagBag from /Users/atanasivanov/ipo-intel/ipo-intel/.venv_airflow/lib/python3.11/site-packages/airflow/example_dags/example_params_ui_tutorial.py
[2026-03-18T16:33:29.761+0100] {processor.py:925} INFO - DAG(s) 'example_params_ui_tutorial' retrieved from /Users/atanasivanov/ipo-intel/ipo-intel/.venv_airflow/lib/python3.11/site-packages/airflow/example_dags/example_params_ui_tutorial.py
[2026-03-18T16:33:29.903+0100] {logging_mixin.py:190} INFO - [2026-03-18T16:33:29.903+0100] {dag.py:3239} INFO - Sync 1 DAGs
[2026-03-18T16:33:29.928+0100] {logging_mixin.py:190} INFO - [2026-03-18T16:33:29.928+0100] {dag.py:4180} INFO - Setting next_dagrun for example_params_ui_tutorial to None, run_after=None
[2026-03-18T16:33:29.945+0100] {processor.py:208} INFO - Processing /Users/atanasivanov/ipo-intel/ipo-intel/.venv_airflow/lib/python3.11/site-packages/airflow/example_dags/example_params_ui_tutorial.py took 0.224 seconds
[2026-03-18T16:35:28.122+0100] {processor.py:186} INFO - Started process (PID=49375) to work on /Users/atanasivanov/ipo-intel/ipo-intel/.venv_airflow/lib/python3.11/site-packages/airflow/example_dags/example_params_ui_tutorial.py
[2026-03-18T16:35:28.123+0100] {processor.py:914} INFO - Processing file /Users/atanasivanov/ipo-intel/ipo-intel/.venv_airflow/lib/python3.11/site-packages/airflow/example_dags/example_params_ui_tutorial.py for tasks to queue
[2026-03-18T16:35:28.124+0100] {logging_mixin.py:190} INFO - [2026-03-18T16:35:28.123+0100] {dagbag.py:588} INFO - Filling up the DagBag from /Users/atanasivanov/ipo-intel/ipo-intel/.venv_airflow/lib/python3.11/site-packages/airflow/example_dags/example_params_ui_tutorial.py
[2026-03-18T16:35:28.160+0100] {processor.py:925} INFO - DAG(s) 'example_params_ui_tutorial' retrieved from /Users/atanasivanov/ipo-intel/ipo-intel/.venv_airflow/lib/python3.11/site-packages/airflow/example_dags/example_params_ui_tutorial.py
[2026-03-18T16:35:28.303+0100] {logging_mixin.py:190} INFO - [2026-03-18T16:35:28.303+0100] {dag.py:3239} INFO - Sync 1 DAGs
[2026-03-18T16:35:28.315+0100] {logging_mixin.py:190} INFO - [2026-03-18T16:35:28.315+0100] {dag.py:4180} INFO - Setting next_dagrun for example_params_ui_tutorial to None, run_after=None
[2026-03-18T16:35:28.332+0100] {processor.py:208} INFO - Processing /Users/atanasivanov/ipo-intel/ipo-intel/.venv_airflow/lib/python3.11/site-packages/airflow/example_dags/example_params_ui_tutorial.py took 0.215 seconds
[2026-03-18T16:37:18.615+0100] {processor.py:186} INFO - Started process (PID=49775) to work on /Users/atanasivanov/ipo-intel/ipo-intel/.venv_airflow/lib/python3.11/site-packages/airflow/example_dags/example_params_ui_tutorial.py
[2026-03-18T16:37:18.615+0100] {processor.py:914} INFO - Processing file /Users/atanasivanov/ipo-intel/ipo-intel/.venv_airflow/lib/python3.11/site-packages/airflow/example_dags/example_params_ui_tutorial.py for tasks to queue
[2026-03-18T16:37:18.616+0100] {logging_mixin.py:190} INFO - [2026-03-18T16:37:18.616+0100] {dagbag.py:588} INFO - Filling up the DagBag from /Users/atanasivanov/ipo-intel/ipo-intel/.venv_airflow/lib/python3.11/site-packages/airflow/example_dags/example_params_ui_tutorial.py
[2026-03-18T16:37:18.650+0100] {processor.py:925} INFO - DAG(s) 'example_params_ui_tutorial' retrieved from /Users/atanasivanov/ipo-intel/ipo-intel/.venv_airflow/lib/python3.11/site-packages/airflow/example_dags/example_params_ui_tutorial.py
[2026-03-18T16:37:18.788+0100] {logging_mixin.py:190} INFO - [2026-03-18T16:37:18.788+0100] {dag.py:3239} INFO - Sync 1 DAGs
[2026-03-18T16:37:18.799+0100] {logging_mixin.py:190} INFO - [2026-03-18T16:37:18.799+0100] {dag.py:4180} INFO - Setting next_dagrun for example_params_ui_tutorial to None, run_after=None
[2026-03-18T16:37:18.816+0100] {processor.py:208} INFO - Processing /Users/atanasivanov/ipo-intel/ipo-intel/.venv_airflow/lib/python3.11/site-packages/airflow/example_dags/example_params_ui_tutorial.py took 0.207 seconds
[2026-03-18T16:39:12.998+0100] {processor.py:186} INFO - Started process (PID=50192) to work on /Users/atanasivanov/ipo-intel/ipo-intel/.venv_airflow/lib/python3.11/site-packages/airflow/example_dags/example_params_ui_tutorial.py
[2026-03-18T16:39:12.999+0100] {processor.py:914} INFO - Processing file /Users/atanasivanov/ipo-intel/ipo-intel/.venv_airflow/lib/python3.11/site-packages/airflow/example_dags/example_params_ui_tutorial.py for tasks to queue
[2026-03-18T16:39:13.000+0100] {logging_mixin.py:190} INFO - [2026-03-18T16:39:13.000+0100] {dagbag.py:588} INFO - Filling up the DagBag from /Users/atanasivanov/ipo-intel/ipo-intel/.venv_airflow/lib/python3.11/site-packages/airflow/example_dags/example_params_ui_tutorial.py
[2026-03-18T16:39:13.033+0100] {processor.py:925} INFO - DAG(s) 'example_params_ui_tutorial' retrieved from /Users/atanasivanov/ipo-intel/ipo-intel/.venv_airflow/lib/python3.11/site-packages/airflow/example_dags/example_params_ui_tutorial.py
[2026-03-18T16:39:13.176+0100] {logging_mixin.py:190} INFO - [2026-03-18T16:39:13.176+0100] {dag.py:3239} INFO - Sync 1 DAGs
[2026-03-18T16:39:13.187+0100] {logging_mixin.py:190} INFO - [2026-03-18T16:39:13.187+0100] {dag.py:4180} INFO - Setting next_dagrun for example_params_ui_tutorial to None, run_after=None
[2026-03-18T16:39:13.205+0100] {processor.py:208} INFO - Processing /Users/atanasivanov/ipo-intel/ipo-intel/.venv_airflow/lib/python3.11/site-packages/airflow/example_dags/example_params_ui_tutorial.py took 0.212 seconds
[2026-03-18T16:41:15.680+0100] {processor.py:186} INFO - Started process (PID=51651) to work on /Users/atanasivanov/ipo-intel/ipo-intel/.venv_airflow/lib/python3.11/site-packages/airflow/example_dags/example_params_ui_tutorial.py
[2026-03-18T16:41:15.681+0100] {processor.py:914} INFO - Processing file /Users/atanasivanov/ipo-intel/ipo-intel/.venv_airflow/lib/python3.11/site-packages/airflow/example_dags/example_params_ui_tutorial.py for tasks to queue
[2026-03-18T16:41:15.682+0100] {logging_mixin.py:190} INFO - [2026-03-18T16:41:15.682+0100] {dagbag.py:588} INFO - Filling up the DagBag from /Users/atanasivanov/ipo-intel/ipo-intel/.venv_airflow/lib/python3.11/site-packages/airflow/example_dags/example_params_ui_tutorial.py
[2026-03-18T16:41:15.722+0100] {processor.py:925} INFO - DAG(s) 'example_params_ui_tutorial' retrieved from /Users/atanasivanov/ipo-intel/ipo-intel/.venv_airflow/lib/python3.11/site-packages/airflow/example_dags/example_params_ui_tutorial.py
[2026-03-18T16:41:15.874+0100] {logging_mixin.py:190} INFO - [2026-03-18T16:41:15.874+0100] {dag.py:3239} INFO - Sync 1 DAGs
[2026-03-18T16:41:15.886+0100] {logging_mixin.py:190} INFO - [2026-03-18T16:41:15.886+0100] {dag.py:4180} INFO - Setting next_dagrun for example_params_ui_tutorial to None, run_after=None
[2026-03-18T16:41:15.903+0100] {processor.py:208} INFO - Processing /Users/atanasivanov/ipo-intel/ipo-intel/.venv_airflow/lib/python3.11/site-packages/airflow/example_dags/example_params_ui_tutorial.py took 0.229 seconds
[2026-03-18T16:43:22.331+0100] {processor.py:186} INFO - Started process (PID=52231) to work on /Users/atanasivanov/ipo-intel/ipo-intel/.venv_airflow/lib/python3.11/site-packages/airflow/example_dags/example_params_ui_tutorial.py
[2026-03-18T16:43:22.331+0100] {processor.py:914} INFO - Processing file /Users/atanasivanov/ipo-intel/ipo-intel/.venv_airflow/lib/python3.11/site-packages/airflow/example_dags/example_params_ui_tutorial.py for tasks to queue
[2026-03-18T16:43:22.332+0100] {logging_mixin.py:190} INFO - [2026-03-18T16:43:22.332+0100] {dagbag.py:588} INFO - Filling up the DagBag from /Users/atanasivanov/ipo-intel/ipo-intel/.venv_airflow/lib/python3.11/site-packages/airflow/example_dags/example_params_ui_tutorial.py
[2026-03-18T16:43:22.370+0100] {processor.py:925} INFO - DAG(s) 'example_params_ui_tutorial' retrieved from /Users/atanasivanov/ipo-intel/ipo-intel/.venv_airflow/lib/python3.11/site-packages/airflow/example_dags/example_params_ui_tutorial.py
[2026-03-18T16:43:22.518+0100] {logging_mixin.py:190} INFO - [2026-03-18T16:43:22.517+0100] {dag.py:3239} INFO - Sync 1 DAGs
[2026-03-18T16:43:22.529+0100] {logging_mixin.py:190} INFO - [2026-03-18T16:43:22.529+0100] {dag.py:4180} INFO - Setting next_dagrun for example_params_ui_tutorial to None, run_after=None
[2026-03-18T16:43:22.545+0100] {processor.py:208} INFO - Processing /Users/atanasivanov/ipo-intel/ipo-intel/.venv_airflow/lib/python3.11/site-packages/airflow/example_dags/example_params_ui_tutorial.py took 0.220 seconds
[2026-03-18T16:48:56.637+0100] {processor.py:186} INFO - Started process (PID=53416) to work on /Users/atanasivanov/ipo-intel/ipo-intel/.venv_airflow/lib/python3.11/site-packages/airflow/example_dags/example_params_ui_tutorial.py
[2026-03-18T16:48:56.638+0100] {processor.py:914} INFO - Processing file /Users/atanasivanov/ipo-intel/ipo-intel/.venv_airflow/lib/python3.11/site-packages/airflow/example_dags/example_params_ui_tutorial.py for tasks to queue
[2026-03-18T16:48:56.639+0100] {logging_mixin.py:190} INFO - [2026-03-18T16:48:56.639+0100] {dagbag.py:588} INFO - Filling up the DagBag from /Users/atanasivanov/ipo-intel/ipo-intel/.venv_airflow/lib/python3.11/site-packages/airflow/example_dags/example_params_ui_tutorial.py
[2026-03-18T16:48:56.673+0100] {processor.py:925} INFO - DAG(s) 'example_params_ui_tutorial' retrieved from /Users/atanasivanov/ipo-intel/ipo-intel/.venv_airflow/lib/python3.11/site-packages/airflow/example_dags/example_params_ui_tutorial.py
[2026-03-18T16:48:56.815+0100] {logging_mixin.py:190} INFO - [2026-03-18T16:48:56.814+0100] {dag.py:3239} INFO - Sync 1 DAGs
[2026-03-18T16:48:56.827+0100] {logging_mixin.py:190} INFO - [2026-03-18T16:48:56.827+0100] {dag.py:4180} INFO - Setting next_dagrun for example_params_ui_tutorial to None, run_after=None
[2026-03-18T16:48:56.844+0100] {processor.py:208} INFO - Processing /Users/atanasivanov/ipo-intel/ipo-intel/.venv_airflow/lib/python3.11/site-packages/airflow/example_dags/example_params_ui_tutorial.py took 0.212 seconds
[2026-03-18T16:51:26.507+0100] {processor.py:186} INFO - Started process (PID=53961) to work on /Users/atanasivanov/ipo-intel/ipo-intel/.venv_airflow/lib/python3.11/site-packages/airflow/example_dags/example_params_ui_tutorial.py
[2026-03-18T16:51:26.507+0100] {processor.py:914} INFO - Processing file /Users/atanasivanov/ipo-intel/ipo-intel/.venv_airflow/lib/python3.11/site-packages/airflow/example_dags/example_params_ui_tutorial.py for tasks to queue
[2026-03-18T16:51:26.508+0100] {logging_mixin.py:190} INFO - [2026-03-18T16:51:26.508+0100] {dagbag.py:588} INFO - Filling up the DagBag from /Users/atanasivanov/ipo-intel/ipo-intel/.venv_airflow/lib/python3.11/site-packages/airflow/example_dags/example_params_ui_tutorial.py
[2026-03-18T16:51:26.544+0100] {processor.py:925} INFO - DAG(s) 'example_params_ui_tutorial' retrieved from /Users/atanasivanov/ipo-intel/ipo-intel/.venv_airflow/lib/python3.11/site-packages/airflow/example_dags/example_params_ui_tutorial.py
[2026-03-18T16:51:26.693+0100] {logging_mixin.py:190} INFO - [2026-03-18T16:51:26.692+0100] {dag.py:3239} INFO - Sync 1 DAGs
[2026-03-18T16:51:26.705+0100] {logging_mixin.py:190} INFO - [2026-03-18T16:51:26.705+0100] {dag.py:4180} INFO - Setting next_dagrun for example_params_ui_tutorial to None, run_after=None
[2026-03-18T16:51:26.725+0100] {processor.py:208} INFO - Processing /Users/atanasivanov/ipo-intel/ipo-intel/.venv_airflow/lib/python3.11/site-packages/airflow/example_dags/example_params_ui_tutorial.py took 0.223 seconds
[2026-03-18T16:53:30.133+0100] {processor.py:186} INFO - Started process (PID=54404) to work on /Users/atanasivanov/ipo-intel/ipo-intel/.venv_airflow/lib/python3.11/site-packages/airflow/example_dags/example_params_ui_tutorial.py
[2026-03-18T16:53:30.134+0100] {processor.py:914} INFO - Processing file /Users/atanasivanov/ipo-intel/ipo-intel/.venv_airflow/lib/python3.11/site-packages/airflow/example_dags/example_params_ui_tutorial.py for tasks to queue
[2026-03-18T16:53:30.135+0100] {logging_mixin.py:190} INFO - [2026-03-18T16:53:30.135+0100] {dagbag.py:588} INFO - Filling up the DagBag from /Users/atanasivanov/ipo-intel/ipo-intel/.venv_airflow/lib/python3.11/site-packages/airflow/example_dags/example_params_ui_tutorial.py
[2026-03-18T16:53:30.171+0100] {processor.py:925} INFO - DAG(s) 'example_params_ui_tutorial' retrieved from /Users/atanasivanov/ipo-intel/ipo-intel/.venv_airflow/lib/python3.11/site-packages/airflow/example_dags/example_params_ui_tutorial.py
[2026-03-18T16:53:30.315+0100] {logging_mixin.py:190} INFO - [2026-03-18T16:53:30.315+0100] {dag.py:3239} INFO - Sync 1 DAGs
[2026-03-18T16:53:30.325+0100] {logging_mixin.py:190} INFO - [2026-03-18T16:53:30.325+0100] {dag.py:4180} INFO - Setting next_dagrun for example_params_ui_tutorial to None, run_after=None
[2026-03-18T16:53:30.343+0100] {processor.py:208} INFO - Processing /Users/atanasivanov/ipo-intel/ipo-intel/.venv_airflow/lib/python3.11/site-packages/airflow/example_dags/example_params_ui_tutorial.py took 0.215 seconds
[2026-03-18T16:55:37.384+0100] {processor.py:186} INFO - Started process (PID=55174) to work on /Users/atanasivanov/ipo-intel/ipo-intel/.venv_airflow/lib/python3.11/site-packages/airflow/example_dags/example_params_ui_tutorial.py
[2026-03-18T16:55:37.385+0100] {processor.py:914} INFO - Processing file /Users/atanasivanov/ipo-intel/ipo-intel/.venv_airflow/lib/python3.11/site-packages/airflow/example_dags/example_params_ui_tutorial.py for tasks to queue
[2026-03-18T16:55:37.386+0100] {logging_mixin.py:190} INFO - [2026-03-18T16:55:37.386+0100] {dagbag.py:588} INFO - Filling up the DagBag from /Users/atanasivanov/ipo-intel/ipo-intel/.venv_airflow/lib/python3.11/site-packages/airflow/example_dags/example_params_ui_tutorial.py
[2026-03-18T16:55:37.419+0100] {processor.py:925} INFO - DAG(s) 'example_params_ui_tutorial' retrieved from /Users/atanasivanov/ipo-intel/ipo-intel/.venv_airflow/lib/python3.11/site-packages/airflow/example_dags/example_params_ui_tutorial.py
[2026-03-18T16:55:37.560+0100] {logging_mixin.py:190} INFO - [2026-03-18T16:55:37.560+0100] {dag.py:3239} INFO - Sync 1 DAGs
[2026-03-18T16:55:37.570+0100] {logging_mixin.py:190} INFO - [2026-03-18T16:55:37.570+0100] {dag.py:4180} INFO - Setting next_dagrun for example_params_ui_tutorial to None, run_after=None
[2026-03-18T16:55:37.587+0100] {processor.py:208} INFO - Processing /Users/atanasivanov/ipo-intel/ipo-intel/.venv_airflow/lib/python3.11/site-packages/airflow/example_dags/example_params_ui_tutorial.py took 0.208 seconds
[2026-03-18T16:57:39.344+0100] {processor.py:186} INFO - Started process (PID=55641) to work on /Users/atanasivanov/ipo-intel/ipo-intel/.venv_airflow/lib/python3.11/site-packages/airflow/example_dags/example_params_ui_tutorial.py
[2026-03-18T16:57:39.345+0100] {processor.py:914} INFO - Processing file /Users/atanasivanov/ipo-intel/ipo-intel/.venv_airflow/lib/python3.11/site-packages/airflow/example_dags/example_params_ui_tutorial.py for tasks to queue
[2026-03-18T16:57:39.346+0100] {logging_mixin.py:190} INFO - [2026-03-18T16:57:39.346+0100] {dagbag.py:588} INFO - Filling up the DagBag from /Users/atanasivanov/ipo-intel/ipo-intel/.venv_airflow/lib/python3.11/site-packages/airflow/example_dags/example_params_ui_tutorial.py
[2026-03-18T16:57:39.381+0100] {processor.py:925} INFO - DAG(s) 'example_params_ui_tutorial' retrieved from /Users/atanasivanov/ipo-intel/ipo-intel/.venv_airflow/lib/python3.11/site-packages/airflow/example_dags/example_params_ui_tutorial.py
[2026-03-18T16:57:39.535+0100] {logging_mixin.py:190} INFO - [2026-03-18T16:57:39.534+0100] {dag.py:3239} INFO - Sync 1 DAGs
[2026-03-18T16:57:39.547+0100] {logging_mixin.py:190} INFO - [2026-03-18T16:57:39.547+0100] {dag.py:4180} INFO - Setting next_dagrun for example_params_ui_tutorial to None, run_after=None
[2026-03-18T16:57:39.565+0100] {processor.py:208} INFO - Processing /Users/atanasivanov/ipo-intel/ipo-intel/.venv_airflow/lib/python3.11/site-packages/airflow/example_dags/example_params_ui_tutorial.py took 0.227 seconds
[2026-03-18T16:59:45.273+0100] {processor.py:186} INFO - Started process (PID=56091) to work on /Users/atanasivanov/ipo-intel/ipo-intel/.venv_airflow/lib/python3.11/site-packages/airflow/example_dags/example_params_ui_tutorial.py
[2026-03-18T16:59:45.274+0100] {processor.py:914} INFO - Processing file /Users/atanasivanov/ipo-intel/ipo-intel/.venv_airflow/lib/python3.11/site-packages/airflow/example_dags/example_params_ui_tutorial.py for tasks to queue
[2026-03-18T16:59:45.275+0100] {logging_mixin.py:190} INFO - [2026-03-18T16:59:45.275+0100] {dagbag.py:588} INFO - Filling up the DagBag from /Users/atanasivanov/ipo-intel/ipo-intel/.venv_airflow/lib/python3.11/site-packages/airflow/example_dags/example_params_ui_tutorial.py
[2026-03-18T16:59:45.310+0100] {processor.py:925} INFO - DAG(s) 'example_params_ui_tutorial' retrieved from /Users/atanasivanov/ipo-intel/ipo-intel/.venv_airflow/lib/python3.11/site-packages/airflow/example_dags/example_params_ui_tutorial.py
[2026-03-18T16:59:45.457+0100] {logging_mixin.py:190} INFO - [2026-03-18T16:59:45.457+0100] {dag.py:3239} INFO - Sync 1 DAGs
[2026-03-18T16:59:45.468+0100] {logging_mixin.py:190} INFO - [2026-03-18T16:59:45.468+0100] {dag.py:4180} INFO - Setting next_dagrun for example_params_ui_tutorial to None, run_after=None
[2026-03-18T16:59:45.485+0100] {processor.py:208} INFO - Processing /Users/atanasivanov/ipo-intel/ipo-intel/.venv_airflow/lib/python3.11/site-packages/airflow/example_dags/example_params_ui_tutorial.py took 0.218 seconds
[2026-03-18T17:01:42.093+0100] {processor.py:186} INFO - Started process (PID=56517) to work on /Users/atanasivanov/ipo-intel/ipo-intel/.venv_airflow/lib/python3.11/site-packages/airflow/example_dags/example_params_ui_tutorial.py
[2026-03-18T17:01:42.094+0100] {processor.py:914} INFO - Processing file /Users/atanasivanov/ipo-intel/ipo-intel/.venv_airflow/lib/python3.11/site-packages/airflow/example_dags/example_params_ui_tutorial.py for tasks to queue
[2026-03-18T17:01:42.096+0100] {logging_mixin.py:190} INFO - [2026-03-18T17:01:42.096+0100] {dagbag.py:588} INFO - Filling up the DagBag from /Users/atanasivanov/ipo-intel/ipo-intel/.venv_airflow/lib/python3.11/site-packages/airflow/example_dags/example_params_ui_tutorial.py
[2026-03-18T17:01:42.128+0100] {processor.py:925} INFO - DAG(s) 'example_params_ui_tutorial' retrieved from /Users/atanasivanov/ipo-intel/ipo-intel/.venv_airflow/lib/python3.11/site-packages/airflow/example_dags/example_params_ui_tutorial.py
[2026-03-18T17:01:42.285+0100] {logging_mixin.py:190} INFO - [2026-03-18T17:01:42.285+0100] {dag.py:3239} INFO - Sync 1 DAGs
[2026-03-18T17:01:42.296+0100] {logging_mixin.py:190} INFO - [2026-03-18T17:01:42.296+0100] {dag.py:4180} INFO - Setting next_dagrun for example_params_ui_tutorial to None, run_after=None
[2026-03-18T17:01:42.312+0100] {processor.py:208} INFO - Processing /Users/atanasivanov/ipo-intel/ipo-intel/.venv_airflow/lib/python3.11/site-packages/airflow/example_dags/example_params_ui_tutorial.py took 0.224 seconds
[2026-03-18T17:03:40.259+0100] {processor.py:186} INFO - Started process (PID=56948) to work on /Users/atanasivanov/ipo-intel/ipo-intel/.venv_airflow/lib/python3.11/site-packages/airflow/example_dags/example_params_ui_tutorial.py
[2026-03-18T17:03:40.260+0100] {processor.py:914} INFO - Processing file /Users/atanasivanov/ipo-intel/ipo-intel/.venv_airflow/lib/python3.11/site-packages/airflow/example_dags/example_params_ui_tutorial.py for tasks to queue
[2026-03-18T17:03:40.261+0100] {logging_mixin.py:190} INFO - [2026-03-18T17:03:40.261+0100] {dagbag.py:588} INFO - Filling up the DagBag from /Users/atanasivanov/ipo-intel/ipo-intel/.venv_airflow/lib/python3.11/site-packages/airflow/example_dags/example_params_ui_tutorial.py
[2026-03-18T17:03:40.295+0100] {processor.py:925} INFO - DAG(s) 'example_params_ui_tutorial' retrieved from /Users/atanasivanov/ipo-intel/ipo-intel/.venv_airflow/lib/python3.11/site-packages/airflow/example_dags/example_params_ui_tutorial.py
[2026-03-18T17:03:40.435+0100] {logging_mixin.py:190} INFO - [2026-03-18T17:03:40.434+0100] {dag.py:3239} INFO - Sync 1 DAGs
[2026-03-18T17:03:40.445+0100] {logging_mixin.py:190} INFO - [2026-03-18T17:03:40.445+0100] {dag.py:4180} INFO - Setting next_dagrun for example_params_ui_tutorial to None, run_after=None
[2026-03-18T17:03:40.461+0100] {processor.py:208} INFO - Processing /Users/atanasivanov/ipo-intel/ipo-intel/.venv_airflow/lib/python3.11/site-packages/airflow/example_dags/example_params_ui_tutorial.py took 0.206 seconds
[2026-03-18T17:05:36.286+0100] {processor.py:186} INFO - Started process (PID=57376) to work on /Users/atanasivanov/ipo-intel/ipo-intel/.venv_airflow/lib/python3.11/site-packages/airflow/example_dags/example_params_ui_tutorial.py
[2026-03-18T17:05:36.287+0100] {processor.py:914} INFO - Processing file /Users/atanasivanov/ipo-intel/ipo-intel/.venv_airflow/lib/python3.11/site-packages/airflow/example_dags/example_params_ui_tutorial.py for tasks to queue
[2026-03-18T17:05:36.288+0100] {logging_mixin.py:190} INFO - [2026-03-18T17:05:36.288+0100] {dagbag.py:588} INFO - Filling up the DagBag from /Users/atanasivanov/ipo-intel/ipo-intel/.venv_airflow/lib/python3.11/site-packages/airflow/example_dags/example_params_ui_tutorial.py
[2026-03-18T17:05:36.320+0100] {processor.py:925} INFO - DAG(s) 'example_params_ui_tutorial' retrieved from /Users/atanasivanov/ipo-intel/ipo-intel/.venv_airflow/lib/python3.11/site-packages/airflow/example_dags/example_params_ui_tutorial.py
[2026-03-18T17:05:36.463+0100] {logging_mixin.py:190} INFO - [2026-03-18T17:05:36.463+0100] {dag.py:3239} INFO - Sync 1 DAGs
[2026-03-18T17:05:36.474+0100] {logging_mixin.py:190} INFO - [2026-03-18T17:05:36.473+0100] {dag.py:4180} INFO - Setting next_dagrun for example_params_ui_tutorial to None, run_after=None
[2026-03-18T17:05:36.490+0100] {processor.py:208} INFO - Processing /Users/atanasivanov/ipo-intel/ipo-intel/.venv_airflow/lib/python3.11/site-packages/airflow/example_dags/example_params_ui_tutorial.py took 0.209 seconds
[2026-03-18T17:07:30.634+0100] {processor.py:186} INFO - Started process (PID=57796) to work on /Users/atanasivanov/ipo-intel/ipo-intel/.venv_airflow/lib/python3.11/site-packages/airflow/example_dags/example_params_ui_tutorial.py
[2026-03-18T17:07:30.635+0100] {processor.py:914} INFO - Processing file /Users/atanasivanov/ipo-intel/ipo-intel/.venv_airflow/lib/python3.11/site-packages/airflow/example_dags/example_params_ui_tutorial.py for tasks to queue
[2026-03-18T17:07:30.636+0100] {logging_mixin.py:190} INFO - [2026-03-18T17:07:30.636+0100] {dagbag.py:588} INFO - Filling up the DagBag from /Users/atanasivanov/ipo-intel/ipo-intel/.venv_airflow/lib/python3.11/site-packages/airflow/example_dags/example_params_ui_tutorial.py
[2026-03-18T17:07:30.672+0100] {processor.py:925} INFO - DAG(s) 'example_params_ui_tutorial' retrieved from /Users/atanasivanov/ipo-intel/ipo-intel/.venv_airflow/lib/python3.11/site-packages/airflow/example_dags/example_params_ui_tutorial.py
[2026-03-18T17:07:30.812+0100] {logging_mixin.py:190} INFO - [2026-03-18T17:07:30.812+0100] {dag.py:3239} INFO - Sync 1 DAGs
[2026-03-18T17:07:30.823+0100] {logging_mixin.py:190} INFO - [2026-03-18T17:07:30.822+0100] {dag.py:4180} INFO - Setting next_dagrun for example_params_ui_tutorial to None, run_after=None
[2026-03-18T17:07:30.839+0100] {processor.py:208} INFO - Processing /Users/atanasivanov/ipo-intel/ipo-intel/.venv_airflow/lib/python3.11/site-packages/airflow/example_dags/example_params_ui_tutorial.py took 0.210 seconds
[2026-03-18T17:09:30.009+0100] {processor.py:186} INFO - Started process (PID=58259) to work on /Users/atanasivanov/ipo-intel/ipo-intel/.venv_airflow/lib/python3.11/site-packages/airflow/example_dags/example_params_ui_tutorial.py
[2026-03-18T17:09:30.010+0100] {processor.py:914} INFO - Processing file /Users/atanasivanov/ipo-intel/ipo-intel/.venv_airflow/lib/python3.11/site-packages/airflow/example_dags/example_params_ui_tutorial.py for tasks to queue
[2026-03-18T17:09:30.011+0100] {logging_mixin.py:190} INFO - [2026-03-18T17:09:30.011+0100] {dagbag.py:588} INFO - Filling up the DagBag from /Users/atanasivanov/ipo-intel/ipo-intel/.venv_airflow/lib/python3.11/site-packages/airflow/example_dags/example_params_ui_tutorial.py
[2026-03-18T17:09:30.044+0100] {processor.py:925} INFO - DAG(s) 'example_params_ui_tutorial' retrieved from /Users/atanasivanov/ipo-intel/ipo-intel/.venv_airflow/lib/python3.11/site-packages/airflow/example_dags/example_params_ui_tutorial.py
[2026-03-18T17:09:30.190+0100] {logging_mixin.py:190} INFO - [2026-03-18T17:09:30.189+0100] {dag.py:3239} INFO - Sync 1 DAGs
[2026-03-18T17:09:30.200+0100] {logging_mixin.py:190} INFO - [2026-03-18T17:09:30.200+0100] {dag.py:4180} INFO - Setting next_dagrun for example_params_ui_tutorial to None, run_after=None
[2026-03-18T17:09:30.218+0100] {processor.py:208} INFO - Processing /Users/atanasivanov/ipo-intel/ipo-intel/.venv_airflow/lib/python3.11/site-packages/airflow/example_dags/example_params_ui_tutorial.py took 0.214 seconds
[2026-03-18T17:11:28.303+0100] {processor.py:186} INFO - Started process (PID=58733) to work on /Users/atanasivanov/ipo-intel/ipo-intel/.venv_airflow/lib/python3.11/site-packages/airflow/example_dags/example_params_ui_tutorial.py
[2026-03-18T17:11:28.304+0100] {processor.py:914} INFO - Processing file /Users/atanasivanov/ipo-intel/ipo-intel/.venv_airflow/lib/python3.11/site-packages/airflow/example_dags/example_params_ui_tutorial.py for tasks to queue
[2026-03-18T17:11:28.305+0100] {logging_mixin.py:190} INFO - [2026-03-18T17:11:28.305+0100] {dagbag.py:588} INFO - Filling up the DagBag from /Users/atanasivanov/ipo-intel/ipo-intel/.venv_airflow/lib/python3.11/site-packages/airflow/example_dags/example_params_ui_tutorial.py
[2026-03-18T17:11:28.338+0100] {processor.py:925} INFO - DAG(s) 'example_params_ui_tutorial' retrieved from /Users/atanasivanov/ipo-intel/ipo-intel/.venv_airflow/lib/python3.11/site-packages/airflow/example_dags/example_params_ui_tutorial.py
[2026-03-18T17:11:28.482+0100] {logging_mixin.py:190} INFO - [2026-03-18T17:11:28.482+0100] {dag.py:3239} INFO - Sync 1 DAGs
[2026-03-18T17:11:28.493+0100] {logging_mixin.py:190} INFO - [2026-03-18T17:11:28.493+0100] {dag.py:4180} INFO - Setting next_dagrun for example_params_ui_tutorial to None, run_after=None
[2026-03-18T17:11:28.511+0100] {processor.py:208} INFO - Processing /Users/atanasivanov/ipo-intel/ipo-intel/.venv_airflow/lib/python3.11/site-packages/airflow/example_dags/example_params_ui_tutorial.py took 0.212 seconds
[2026-03-18T17:13:35.302+0100] {processor.py:186} INFO - Started process (PID=59489) to work on /Users/atanasivanov/ipo-intel/ipo-intel/.venv_airflow/lib/python3.11/site-packages/airflow/example_dags/example_params_ui_tutorial.py
[2026-03-18T17:13:35.303+0100] {processor.py:914} INFO - Processing file /Users/atanasivanov/ipo-intel/ipo-intel/.venv_airflow/lib/python3.11/site-packages/airflow/example_dags/example_params_ui_tutorial.py for tasks to queue
[2026-03-18T17:13:35.304+0100] {logging_mixin.py:190} INFO - [2026-03-18T17:13:35.304+0100] {dagbag.py:588} INFO - Filling up the DagBag from /Users/atanasivanov/ipo-intel/ipo-intel/.venv_airflow/lib/python3.11/site-packages/airflow/example_dags/example_params_ui_tutorial.py
[2026-03-18T17:13:35.343+0100] {processor.py:925} INFO - DAG(s) 'example_params_ui_tutorial' retrieved from /Users/atanasivanov/ipo-intel/ipo-intel/.venv_airflow/lib/python3.11/site-packages/airflow/example_dags/example_params_ui_tutorial.py
[2026-03-18T17:13:35.533+0100] {logging_mixin.py:190} INFO - [2026-03-18T17:13:35.533+0100] {dag.py:3239} INFO - Sync 1 DAGs
[2026-03-18T17:13:35.545+0100] {logging_mixin.py:190} INFO - [2026-03-18T17:13:35.545+0100] {dag.py:4180} INFO - Setting next_dagrun for example_params_ui_tutorial to None, run_after=None
[2026-03-18T17:13:35.564+0100] {processor.py:208} INFO - Processing /Users/atanasivanov/ipo-intel/ipo-intel/.venv_airflow/lib/python3.11/site-packages/airflow/example_dags/example_params_ui_tutorial.py took 0.267 seconds
[2026-03-18T17:15:36.432+0100] {processor.py:186} INFO - Started process (PID=60924) to work on /Users/atanasivanov/ipo-intel/ipo-intel/.venv_airflow/lib/python3.11/site-packages/airflow/example_dags/example_params_ui_tutorial.py
[2026-03-18T17:15:36.433+0100] {processor.py:914} INFO - Processing file /Users/atanasivanov/ipo-intel/ipo-intel/.venv_airflow/lib/python3.11/site-packages/airflow/example_dags/example_params_ui_tutorial.py for tasks to queue
[2026-03-18T17:15:36.434+0100] {logging_mixin.py:190} INFO - [2026-03-18T17:15:36.434+0100] {dagbag.py:588} INFO - Filling up the DagBag from /Users/atanasivanov/ipo-intel/ipo-intel/.venv_airflow/lib/python3.11/site-packages/airflow/example_dags/example_params_ui_tutorial.py
[2026-03-18T17:15:36.470+0100] {processor.py:925} INFO - DAG(s) 'example_params_ui_tutorial' retrieved from /Users/atanasivanov/ipo-intel/ipo-intel/.venv_airflow/lib/python3.11/site-packages/airflow/example_dags/example_params_ui_tutorial.py
[2026-03-18T17:15:36.613+0100] {logging_mixin.py:190} INFO - [2026-03-18T17:15:36.613+0100] {dag.py:3239} INFO - Sync 1 DAGs
[2026-03-18T17:15:36.625+0100] {logging_mixin.py:190} INFO - [2026-03-18T17:15:36.624+0100] {dag.py:4180} INFO - Setting next_dagrun for example_params_ui_tutorial to None, run_after=None
[2026-03-18T17:15:36.642+0100] {processor.py:208} INFO - Processing /Users/atanasivanov/ipo-intel/ipo-intel/.venv_airflow/lib/python3.11/site-packages/airflow/example_dags/example_params_ui_tutorial.py took 0.215 seconds
