[2026-03-18T16:20:51.043+0100] {processor.py:186} INFO - Started process (PID=45448) to work on /Users/atanasivanov/ipo-intel/ipo-intel/.venv_airflow/lib/python3.11/site-packages/airflow/example_dags/example_python_decorator.py
[2026-03-18T16:20:51.044+0100] {processor.py:914} INFO - Processing file /Users/atanasivanov/ipo-intel/ipo-intel/.venv_airflow/lib/python3.11/site-packages/airflow/example_dags/example_python_decorator.py for tasks to queue
[2026-03-18T16:20:51.045+0100] {logging_mixin.py:190} INFO - [2026-03-18T16:20:51.045+0100] {dagbag.py:588} INFO - Filling up the DagBag from /Users/atanasivanov/ipo-intel/ipo-intel/.venv_airflow/lib/python3.11/site-packages/airflow/example_dags/example_python_decorator.py
[2026-03-18T16:20:51.080+0100] {logging_mixin.py:190} INFO - [2026-03-18T16:20:51.080+0100] {example_python_decorator.py:80} WARNING - The virtalenv_python example task requires virtualenv, please install it.
[2026-03-18T16:20:51.082+0100] {processor.py:925} INFO - DAG(s) 'example_python_decorator' retrieved from /Users/atanasivanov/ipo-intel/ipo-intel/.venv_airflow/lib/python3.11/site-packages/airflow/example_dags/example_python_decorator.py
[2026-03-18T16:20:51.299+0100] {logging_mixin.py:190} INFO - [2026-03-18T16:20:51.298+0100] {override.py:1912} INFO - Created Permission View: can edit on DAG:example_python_decorator
[2026-03-18T16:20:51.307+0100] {logging_mixin.py:190} INFO - [2026-03-18T16:20:51.306+0100] {override.py:1912} INFO - Created Permission View: can delete on DAG:example_python_decorator
[2026-03-18T16:20:51.312+0100] {logging_mixin.py:190} INFO - [2026-03-18T16:20:51.311+0100] {override.py:1912} INFO - Created Permission View: can read on DAG:example_python_decorator
[2026-03-18T16:20:51.319+0100] {logging_mixin.py:190} INFO - [2026-03-18T16:20:51.319+0100] {override.py:1912} INFO - Created Permission View: menu access on DAG Run:example_python_decorator
[2026-03-18T16:20:51.324+0100] {logging_mixin.py:190} INFO - [2026-03-18T16:20:51.324+0100] {override.py:1912} INFO - Created Permission View: can create on DAG Run:example_python_decorator
[2026-03-18T16:20:51.329+0100] {logging_mixin.py:190} INFO - [2026-03-18T16:20:51.329+0100] {override.py:1912} INFO - Created Permission View: can delete on DAG Run:example_python_decorator
[2026-03-18T16:20:51.334+0100] {logging_mixin.py:190} INFO - [2026-03-18T16:20:51.334+0100] {override.py:1912} INFO - Created Permission View: can read on DAG Run:example_python_decorator
[2026-03-18T16:20:51.335+0100] {logging_mixin.py:190} INFO - [2026-03-18T16:20:51.334+0100] {dag.py:3239} INFO - Sync 1 DAGs
[2026-03-18T16:20:51.344+0100] {logging_mixin.py:190} INFO - [2026-03-18T16:20:51.344+0100] {dag.py:3262} INFO - Creating ORM DAG for example_python_decorator
[2026-03-18T16:20:51.345+0100] {logging_mixin.py:190} INFO - [2026-03-18T16:20:51.345+0100] {dag.py:4180} INFO - Setting next_dagrun for example_python_decorator to None, run_after=None
[2026-03-18T16:20:51.359+0100] {processor.py:208} INFO - Processing /Users/atanasivanov/ipo-intel/ipo-intel/.venv_airflow/lib/python3.11/site-packages/airflow/example_dags/example_python_decorator.py took 0.322 seconds
[2026-03-18T16:23:30.064+0100] {processor.py:186} INFO - Started process (PID=46053) to work on /Users/atanasivanov/ipo-intel/ipo-intel/.venv_airflow/lib/python3.11/site-packages/airflow/example_dags/example_python_decorator.py
[2026-03-18T16:23:30.065+0100] {processor.py:914} INFO - Processing file /Users/atanasivanov/ipo-intel/ipo-intel/.venv_airflow/lib/python3.11/site-packages/airflow/example_dags/example_python_decorator.py for tasks to queue
[2026-03-18T16:23:30.066+0100] {logging_mixin.py:190} INFO - [2026-03-18T16:23:30.066+0100] {dagbag.py:588} INFO - Filling up the DagBag from /Users/atanasivanov/ipo-intel/ipo-intel/.venv_airflow/lib/python3.11/site-packages/airflow/example_dags/example_python_decorator.py
[2026-03-18T16:23:30.098+0100] {logging_mixin.py:190} INFO - [2026-03-18T16:23:30.098+0100] {example_python_decorator.py:80} WARNING - The virtalenv_python example task requires virtualenv, please install it.
[2026-03-18T16:23:30.100+0100] {processor.py:925} INFO - DAG(s) 'example_python_decorator' retrieved from /Users/atanasivanov/ipo-intel/ipo-intel/.venv_airflow/lib/python3.11/site-packages/airflow/example_dags/example_python_decorator.py
[2026-03-18T16:23:30.180+0100] {logging_mixin.py:190} INFO - [2026-03-18T16:23:30.180+0100] {dag.py:3239} INFO - Sync 1 DAGs
[2026-03-18T16:23:30.237+0100] {logging_mixin.py:190} INFO - [2026-03-18T16:23:30.237+0100] {dag.py:4180} INFO - Setting next_dagrun for example_python_decorator to None, run_after=None
[2026-03-18T16:23:30.253+0100] {processor.py:208} INFO - Processing /Users/atanasivanov/ipo-intel/ipo-intel/.venv_airflow/lib/python3.11/site-packages/airflow/example_dags/example_python_decorator.py took 0.194 seconds
[2026-03-18T16:25:31.948+0100] {processor.py:186} INFO - Started process (PID=46506) to work on /Users/atanasivanov/ipo-intel/ipo-intel/.venv_airflow/lib/python3.11/site-packages/airflow/example_dags/example_python_decorator.py
[2026-03-18T16:25:31.950+0100] {processor.py:914} INFO - Processing file /Users/atanasivanov/ipo-intel/ipo-intel/.venv_airflow/lib/python3.11/site-packages/airflow/example_dags/example_python_decorator.py for tasks to queue
[2026-03-18T16:25:31.951+0100] {logging_mixin.py:190} INFO - [2026-03-18T16:25:31.950+0100] {dagbag.py:588} INFO - Filling up the DagBag from /Users/atanasivanov/ipo-intel/ipo-intel/.venv_airflow/lib/python3.11/site-packages/airflow/example_dags/example_python_decorator.py
[2026-03-18T16:25:31.985+0100] {logging_mixin.py:190} INFO - [2026-03-18T16:25:31.985+0100] {example_python_decorator.py:80} WARNING - The virtalenv_python example task requires virtualenv, please install it.
[2026-03-18T16:25:31.987+0100] {processor.py:925} INFO - DAG(s) 'example_python_decorator' retrieved from /Users/atanasivanov/ipo-intel/ipo-intel/.venv_airflow/lib/python3.11/site-packages/airflow/example_dags/example_python_decorator.py
[2026-03-18T16:25:32.066+0100] {logging_mixin.py:190} INFO - [2026-03-18T16:25:32.065+0100] {dag.py:3239} INFO - Sync 1 DAGs
[2026-03-18T16:25:32.128+0100] {logging_mixin.py:190} INFO - [2026-03-18T16:25:32.128+0100] {dag.py:4180} INFO - Setting next_dagrun for example_python_decorator to None, run_after=None
[2026-03-18T16:25:32.146+0100] {processor.py:208} INFO - Processing /Users/atanasivanov/ipo-intel/ipo-intel/.venv_airflow/lib/python3.11/site-packages/airflow/example_dags/example_python_decorator.py took 0.203 seconds
[2026-03-18T16:27:36.317+0100] {processor.py:186} INFO - Started process (PID=47634) to work on /Users/atanasivanov/ipo-intel/ipo-intel/.venv_airflow/lib/python3.11/site-packages/airflow/example_dags/example_python_decorator.py
[2026-03-18T16:27:36.318+0100] {processor.py:914} INFO - Processing file /Users/atanasivanov/ipo-intel/ipo-intel/.venv_airflow/lib/python3.11/site-packages/airflow/example_dags/example_python_decorator.py for tasks to queue
[2026-03-18T16:27:36.319+0100] {logging_mixin.py:190} INFO - [2026-03-18T16:27:36.319+0100] {dagbag.py:588} INFO - Filling up the DagBag from /Users/atanasivanov/ipo-intel/ipo-intel/.venv_airflow/lib/python3.11/site-packages/airflow/example_dags/example_python_decorator.py
[2026-03-18T16:27:36.357+0100] {logging_mixin.py:190} INFO - [2026-03-18T16:27:36.357+0100] {example_python_decorator.py:80} WARNING - The virtalenv_python example task requires virtualenv, please install it.
[2026-03-18T16:27:36.359+0100] {processor.py:925} INFO - DAG(s) 'example_python_decorator' retrieved from /Users/atanasivanov/ipo-intel/ipo-intel/.venv_airflow/lib/python3.11/site-packages/airflow/example_dags/example_python_decorator.py
[2026-03-18T16:27:36.443+0100] {logging_mixin.py:190} INFO - [2026-03-18T16:27:36.442+0100] {dag.py:3239} INFO - Sync 1 DAGs
[2026-03-18T16:27:36.507+0100] {logging_mixin.py:190} INFO - [2026-03-18T16:27:36.507+0100] {dag.py:4180} INFO - Setting next_dagrun for example_python_decorator to None, run_after=None
[2026-03-18T16:27:36.565+0100] {processor.py:208} INFO - Processing /Users/atanasivanov/ipo-intel/ipo-intel/.venv_airflow/lib/python3.11/site-packages/airflow/example_dags/example_python_decorator.py took 0.253 seconds
[2026-03-18T16:29:40.695+0100] {processor.py:186} INFO - Started process (PID=48104) to work on /Users/atanasivanov/ipo-intel/ipo-intel/.venv_airflow/lib/python3.11/site-packages/airflow/example_dags/example_python_decorator.py
[2026-03-18T16:29:40.696+0100] {processor.py:914} INFO - Processing file /Users/atanasivanov/ipo-intel/ipo-intel/.venv_airflow/lib/python3.11/site-packages/airflow/example_dags/example_python_decorator.py for tasks to queue
[2026-03-18T16:29:40.697+0100] {logging_mixin.py:190} INFO - [2026-03-18T16:29:40.697+0100] {dagbag.py:588} INFO - Filling up the DagBag from /Users/atanasivanov/ipo-intel/ipo-intel/.venv_airflow/lib/python3.11/site-packages/airflow/example_dags/example_python_decorator.py
[2026-03-18T16:29:40.730+0100] {logging_mixin.py:190} INFO - [2026-03-18T16:29:40.730+0100] {example_python_decorator.py:80} WARNING - The virtalenv_python example task requires virtualenv, please install it.
[2026-03-18T16:29:40.732+0100] {processor.py:925} INFO - DAG(s) 'example_python_decorator' retrieved from /Users/atanasivanov/ipo-intel/ipo-intel/.venv_airflow/lib/python3.11/site-packages/airflow/example_dags/example_python_decorator.py
[2026-03-18T16:29:40.810+0100] {logging_mixin.py:190} INFO - [2026-03-18T16:29:40.810+0100] {dag.py:3239} INFO - Sync 1 DAGs
[2026-03-18T16:29:40.868+0100] {logging_mixin.py:190} INFO - [2026-03-18T16:29:40.868+0100] {dag.py:4180} INFO - Setting next_dagrun for example_python_decorator to None, run_after=None
[2026-03-18T16:29:40.886+0100] {processor.py:208} INFO - Processing /Users/atanasivanov/ipo-intel/ipo-intel/.venv_airflow/lib/python3.11/site-packages/airflow/example_dags/example_python_decorator.py took 0.197 seconds
[2026-03-18T16:31:33.036+0100] {processor.py:186} INFO - Started process (PID=48515) to work on /Users/atanasivanov/ipo-intel/ipo-intel/.venv_airflow/lib/python3.11/site-packages/airflow/example_dags/example_python_decorator.py
[2026-03-18T16:31:33.037+0100] {processor.py:914} INFO - Processing file /Users/atanasivanov/ipo-intel/ipo-intel/.venv_airflow/lib/python3.11/site-packages/airflow/example_dags/example_python_decorator.py for tasks to queue
[2026-03-18T16:31:33.039+0100] {logging_mixin.py:190} INFO - [2026-03-18T16:31:33.038+0100] {dagbag.py:588} INFO - Filling up the DagBag from /Users/atanasivanov/ipo-intel/ipo-intel/.venv_airflow/lib/python3.11/site-packages/airflow/example_dags/example_python_decorator.py
[2026-03-18T16:31:33.071+0100] {logging_mixin.py:190} INFO - [2026-03-18T16:31:33.070+0100] {example_python_decorator.py:80} WARNING - The virtalenv_python example task requires virtualenv, please install it.
[2026-03-18T16:31:33.072+0100] {processor.py:925} INFO - DAG(s) 'example_python_decorator' retrieved from /Users/atanasivanov/ipo-intel/ipo-intel/.venv_airflow/lib/python3.11/site-packages/airflow/example_dags/example_python_decorator.py
[2026-03-18T16:31:33.148+0100] {logging_mixin.py:190} INFO - [2026-03-18T16:31:33.147+0100] {dag.py:3239} INFO - Sync 1 DAGs
[2026-03-18T16:31:33.208+0100] {logging_mixin.py:190} INFO - [2026-03-18T16:31:33.208+0100] {dag.py:4180} INFO - Setting next_dagrun for example_python_decorator to None, run_after=None
[2026-03-18T16:31:33.225+0100] {processor.py:208} INFO - Processing /Users/atanasivanov/ipo-intel/ipo-intel/.venv_airflow/lib/python3.11/site-packages/airflow/example_dags/example_python_decorator.py took 0.195 seconds
[2026-03-18T16:33:25.405+0100] {processor.py:186} INFO - Started process (PID=48928) to work on /Users/atanasivanov/ipo-intel/ipo-intel/.venv_airflow/lib/python3.11/site-packages/airflow/example_dags/example_python_decorator.py
[2026-03-18T16:33:25.406+0100] {processor.py:914} INFO - Processing file /Users/atanasivanov/ipo-intel/ipo-intel/.venv_airflow/lib/python3.11/site-packages/airflow/example_dags/example_python_decorator.py for tasks to queue
[2026-03-18T16:33:25.407+0100] {logging_mixin.py:190} INFO - [2026-03-18T16:33:25.407+0100] {dagbag.py:588} INFO - Filling up the DagBag from /Users/atanasivanov/ipo-intel/ipo-intel/.venv_airflow/lib/python3.11/site-packages/airflow/example_dags/example_python_decorator.py
[2026-03-18T16:33:25.440+0100] {logging_mixin.py:190} INFO - [2026-03-18T16:33:25.440+0100] {example_python_decorator.py:80} WARNING - The virtalenv_python example task requires virtualenv, please install it.
[2026-03-18T16:33:25.442+0100] {processor.py:925} INFO - DAG(s) 'example_python_decorator' retrieved from /Users/atanasivanov/ipo-intel/ipo-intel/.venv_airflow/lib/python3.11/site-packages/airflow/example_dags/example_python_decorator.py
[2026-03-18T16:33:25.518+0100] {logging_mixin.py:190} INFO - [2026-03-18T16:33:25.518+0100] {dag.py:3239} INFO - Sync 1 DAGs
[2026-03-18T16:33:25.576+0100] {logging_mixin.py:190} INFO - [2026-03-18T16:33:25.576+0100] {dag.py:4180} INFO - Setting next_dagrun for example_python_decorator to None, run_after=None
[2026-03-18T16:33:25.594+0100] {processor.py:208} INFO - Processing /Users/atanasivanov/ipo-intel/ipo-intel/.venv_airflow/lib/python3.11/site-packages/airflow/example_dags/example_python_decorator.py took 0.194 seconds
[2026-03-18T16:35:22.882+0100] {processor.py:186} INFO - Started process (PID=49355) to work on /Users/atanasivanov/ipo-intel/ipo-intel/.venv_airflow/lib/python3.11/site-packages/airflow/example_dags/example_python_decorator.py
[2026-03-18T16:35:22.883+0100] {processor.py:914} INFO - Processing file /Users/atanasivanov/ipo-intel/ipo-intel/.venv_airflow/lib/python3.11/site-packages/airflow/example_dags/example_python_decorator.py for tasks to queue
[2026-03-18T16:35:22.884+0100] {logging_mixin.py:190} INFO - [2026-03-18T16:35:22.884+0100] {dagbag.py:588} INFO - Filling up the DagBag from /Users/atanasivanov/ipo-intel/ipo-intel/.venv_airflow/lib/python3.11/site-packages/airflow/example_dags/example_python_decorator.py
[2026-03-18T16:35:22.919+0100] {logging_mixin.py:190} INFO - [2026-03-18T16:35:22.918+0100] {example_python_decorator.py:80} WARNING - The virtalenv_python example task requires virtualenv, please install it.
[2026-03-18T16:35:22.920+0100] {processor.py:925} INFO - DAG(s) 'example_python_decorator' retrieved from /Users/atanasivanov/ipo-intel/ipo-intel/.venv_airflow/lib/python3.11/site-packages/airflow/example_dags/example_python_decorator.py
[2026-03-18T16:35:22.997+0100] {logging_mixin.py:190} INFO - [2026-03-18T16:35:22.997+0100] {dag.py:3239} INFO - Sync 1 DAGs
[2026-03-18T16:35:23.055+0100] {logging_mixin.py:190} INFO - [2026-03-18T16:35:23.055+0100] {dag.py:4180} INFO - Setting next_dagrun for example_python_decorator to None, run_after=None
[2026-03-18T16:35:23.072+0100] {processor.py:208} INFO - Processing /Users/atanasivanov/ipo-intel/ipo-intel/.venv_airflow/lib/python3.11/site-packages/airflow/example_dags/example_python_decorator.py took 0.195 seconds
[2026-03-18T16:37:13.400+0100] {processor.py:186} INFO - Started process (PID=49761) to work on /Users/atanasivanov/ipo-intel/ipo-intel/.venv_airflow/lib/python3.11/site-packages/airflow/example_dags/example_python_decorator.py
[2026-03-18T16:37:13.401+0100] {processor.py:914} INFO - Processing file /Users/atanasivanov/ipo-intel/ipo-intel/.venv_airflow/lib/python3.11/site-packages/airflow/example_dags/example_python_decorator.py for tasks to queue
[2026-03-18T16:37:13.402+0100] {logging_mixin.py:190} INFO - [2026-03-18T16:37:13.402+0100] {dagbag.py:588} INFO - Filling up the DagBag from /Users/atanasivanov/ipo-intel/ipo-intel/.venv_airflow/lib/python3.11/site-packages/airflow/example_dags/example_python_decorator.py
[2026-03-18T16:37:13.437+0100] {logging_mixin.py:190} INFO - [2026-03-18T16:37:13.437+0100] {example_python_decorator.py:80} WARNING - The virtalenv_python example task requires virtualenv, please install it.
[2026-03-18T16:37:13.439+0100] {processor.py:925} INFO - DAG(s) 'example_python_decorator' retrieved from /Users/atanasivanov/ipo-intel/ipo-intel/.venv_airflow/lib/python3.11/site-packages/airflow/example_dags/example_python_decorator.py
[2026-03-18T16:37:13.516+0100] {logging_mixin.py:190} INFO - [2026-03-18T16:37:13.516+0100] {dag.py:3239} INFO - Sync 1 DAGs
[2026-03-18T16:37:13.577+0100] {logging_mixin.py:190} INFO - [2026-03-18T16:37:13.577+0100] {dag.py:4180} INFO - Setting next_dagrun for example_python_decorator to None, run_after=None
[2026-03-18T16:37:13.593+0100] {processor.py:208} INFO - Processing /Users/atanasivanov/ipo-intel/ipo-intel/.venv_airflow/lib/python3.11/site-packages/airflow/example_dags/example_python_decorator.py took 0.198 seconds
[2026-03-18T16:39:07.284+0100] {processor.py:186} INFO - Started process (PID=50165) to work on /Users/atanasivanov/ipo-intel/ipo-intel/.venv_airflow/lib/python3.11/site-packages/airflow/example_dags/example_python_decorator.py
[2026-03-18T16:39:07.285+0100] {processor.py:914} INFO - Processing file /Users/atanasivanov/ipo-intel/ipo-intel/.venv_airflow/lib/python3.11/site-packages/airflow/example_dags/example_python_decorator.py for tasks to queue
[2026-03-18T16:39:07.285+0100] {logging_mixin.py:190} INFO - [2026-03-18T16:39:07.285+0100] {dagbag.py:588} INFO - Filling up the DagBag from /Users/atanasivanov/ipo-intel/ipo-intel/.venv_airflow/lib/python3.11/site-packages/airflow/example_dags/example_python_decorator.py
[2026-03-18T16:39:07.340+0100] {logging_mixin.py:190} INFO - [2026-03-18T16:39:07.339+0100] {example_python_decorator.py:80} WARNING - The virtalenv_python example task requires virtualenv, please install it.
[2026-03-18T16:39:07.342+0100] {processor.py:925} INFO - DAG(s) 'example_python_decorator' retrieved from /Users/atanasivanov/ipo-intel/ipo-intel/.venv_airflow/lib/python3.11/site-packages/airflow/example_dags/example_python_decorator.py
[2026-03-18T16:39:07.427+0100] {logging_mixin.py:190} INFO - [2026-03-18T16:39:07.427+0100] {dag.py:3239} INFO - Sync 1 DAGs
[2026-03-18T16:39:07.486+0100] {logging_mixin.py:190} INFO - [2026-03-18T16:39:07.486+0100] {dag.py:4180} INFO - Setting next_dagrun for example_python_decorator to None, run_after=None
[2026-03-18T16:39:07.502+0100] {processor.py:208} INFO - Processing /Users/atanasivanov/ipo-intel/ipo-intel/.venv_airflow/lib/python3.11/site-packages/airflow/example_dags/example_python_decorator.py took 0.224 seconds
[2026-03-18T16:41:10.660+0100] {processor.py:186} INFO - Started process (PID=51624) to work on /Users/atanasivanov/ipo-intel/ipo-intel/.venv_airflow/lib/python3.11/site-packages/airflow/example_dags/example_python_decorator.py
[2026-03-18T16:41:10.661+0100] {processor.py:914} INFO - Processing file /Users/atanasivanov/ipo-intel/ipo-intel/.venv_airflow/lib/python3.11/site-packages/airflow/example_dags/example_python_decorator.py for tasks to queue
[2026-03-18T16:41:10.662+0100] {logging_mixin.py:190} INFO - [2026-03-18T16:41:10.662+0100] {dagbag.py:588} INFO - Filling up the DagBag from /Users/atanasivanov/ipo-intel/ipo-intel/.venv_airflow/lib/python3.11/site-packages/airflow/example_dags/example_python_decorator.py
[2026-03-18T16:41:10.695+0100] {logging_mixin.py:190} INFO - [2026-03-18T16:41:10.695+0100] {example_python_decorator.py:80} WARNING - The virtalenv_python example task requires virtualenv, please install it.
[2026-03-18T16:41:10.697+0100] {processor.py:925} INFO - DAG(s) 'example_python_decorator' retrieved from /Users/atanasivanov/ipo-intel/ipo-intel/.venv_airflow/lib/python3.11/site-packages/airflow/example_dags/example_python_decorator.py
[2026-03-18T16:41:10.772+0100] {logging_mixin.py:190} INFO - [2026-03-18T16:41:10.772+0100] {dag.py:3239} INFO - Sync 1 DAGs
[2026-03-18T16:41:10.830+0100] {logging_mixin.py:190} INFO - [2026-03-18T16:41:10.829+0100] {dag.py:4180} INFO - Setting next_dagrun for example_python_decorator to None, run_after=None
[2026-03-18T16:41:10.847+0100] {processor.py:208} INFO - Processing /Users/atanasivanov/ipo-intel/ipo-intel/.venv_airflow/lib/python3.11/site-packages/airflow/example_dags/example_python_decorator.py took 0.191 seconds
[2026-03-18T16:43:16.630+0100] {processor.py:186} INFO - Started process (PID=52208) to work on /Users/atanasivanov/ipo-intel/ipo-intel/.venv_airflow/lib/python3.11/site-packages/airflow/example_dags/example_python_decorator.py
[2026-03-18T16:43:16.631+0100] {processor.py:914} INFO - Processing file /Users/atanasivanov/ipo-intel/ipo-intel/.venv_airflow/lib/python3.11/site-packages/airflow/example_dags/example_python_decorator.py for tasks to queue
[2026-03-18T16:43:16.632+0100] {logging_mixin.py:190} INFO - [2026-03-18T16:43:16.632+0100] {dagbag.py:588} INFO - Filling up the DagBag from /Users/atanasivanov/ipo-intel/ipo-intel/.venv_airflow/lib/python3.11/site-packages/airflow/example_dags/example_python_decorator.py
[2026-03-18T16:43:16.679+0100] {logging_mixin.py:190} INFO - [2026-03-18T16:43:16.679+0100] {example_python_decorator.py:80} WARNING - The virtalenv_python example task requires virtualenv, please install it.
[2026-03-18T16:43:16.682+0100] {processor.py:925} INFO - DAG(s) 'example_python_decorator' retrieved from /Users/atanasivanov/ipo-intel/ipo-intel/.venv_airflow/lib/python3.11/site-packages/airflow/example_dags/example_python_decorator.py
[2026-03-18T16:43:16.801+0100] {logging_mixin.py:190} INFO - [2026-03-18T16:43:16.800+0100] {dag.py:3239} INFO - Sync 1 DAGs
[2026-03-18T16:43:16.874+0100] {logging_mixin.py:190} INFO - [2026-03-18T16:43:16.873+0100] {dag.py:4180} INFO - Setting next_dagrun for example_python_decorator to None, run_after=None
[2026-03-18T16:43:16.894+0100] {processor.py:208} INFO - Processing /Users/atanasivanov/ipo-intel/ipo-intel/.venv_airflow/lib/python3.11/site-packages/airflow/example_dags/example_python_decorator.py took 0.272 seconds
[2026-03-18T16:48:51.700+0100] {processor.py:186} INFO - Started process (PID=53397) to work on /Users/atanasivanov/ipo-intel/ipo-intel/.venv_airflow/lib/python3.11/site-packages/airflow/example_dags/example_python_decorator.py
[2026-03-18T16:48:51.701+0100] {processor.py:914} INFO - Processing file /Users/atanasivanov/ipo-intel/ipo-intel/.venv_airflow/lib/python3.11/site-packages/airflow/example_dags/example_python_decorator.py for tasks to queue
[2026-03-18T16:48:51.702+0100] {logging_mixin.py:190} INFO - [2026-03-18T16:48:51.702+0100] {dagbag.py:588} INFO - Filling up the DagBag from /Users/atanasivanov/ipo-intel/ipo-intel/.venv_airflow/lib/python3.11/site-packages/airflow/example_dags/example_python_decorator.py
[2026-03-18T16:48:51.744+0100] {logging_mixin.py:190} INFO - [2026-03-18T16:48:51.744+0100] {example_python_decorator.py:80} WARNING - The virtalenv_python example task requires virtualenv, please install it.
[2026-03-18T16:48:51.747+0100] {processor.py:925} INFO - DAG(s) 'example_python_decorator' retrieved from /Users/atanasivanov/ipo-intel/ipo-intel/.venv_airflow/lib/python3.11/site-packages/airflow/example_dags/example_python_decorator.py
[2026-03-18T16:48:51.851+0100] {logging_mixin.py:190} INFO - [2026-03-18T16:48:51.851+0100] {dag.py:3239} INFO - Sync 1 DAGs
[2026-03-18T16:48:51.923+0100] {logging_mixin.py:190} INFO - [2026-03-18T16:48:51.923+0100] {dag.py:4180} INFO - Setting next_dagrun for example_python_decorator to None, run_after=None
[2026-03-18T16:48:51.944+0100] {processor.py:208} INFO - Processing /Users/atanasivanov/ipo-intel/ipo-intel/.venv_airflow/lib/python3.11/site-packages/airflow/example_dags/example_python_decorator.py took 0.250 seconds
[2026-03-18T16:51:20.882+0100] {processor.py:186} INFO - Started process (PID=53939) to work on /Users/atanasivanov/ipo-intel/ipo-intel/.venv_airflow/lib/python3.11/site-packages/airflow/example_dags/example_python_decorator.py
[2026-03-18T16:51:20.883+0100] {processor.py:914} INFO - Processing file /Users/atanasivanov/ipo-intel/ipo-intel/.venv_airflow/lib/python3.11/site-packages/airflow/example_dags/example_python_decorator.py for tasks to queue
[2026-03-18T16:51:20.884+0100] {logging_mixin.py:190} INFO - [2026-03-18T16:51:20.883+0100] {dagbag.py:588} INFO - Filling up the DagBag from /Users/atanasivanov/ipo-intel/ipo-intel/.venv_airflow/lib/python3.11/site-packages/airflow/example_dags/example_python_decorator.py
[2026-03-18T16:51:20.917+0100] {logging_mixin.py:190} INFO - [2026-03-18T16:51:20.917+0100] {example_python_decorator.py:80} WARNING - The virtalenv_python example task requires virtualenv, please install it.
[2026-03-18T16:51:20.919+0100] {processor.py:925} INFO - DAG(s) 'example_python_decorator' retrieved from /Users/atanasivanov/ipo-intel/ipo-intel/.venv_airflow/lib/python3.11/site-packages/airflow/example_dags/example_python_decorator.py
[2026-03-18T16:51:20.995+0100] {logging_mixin.py:190} INFO - [2026-03-18T16:51:20.995+0100] {dag.py:3239} INFO - Sync 1 DAGs
[2026-03-18T16:51:21.052+0100] {logging_mixin.py:190} INFO - [2026-03-18T16:51:21.052+0100] {dag.py:4180} INFO - Setting next_dagrun for example_python_decorator to None, run_after=None
[2026-03-18T16:51:21.070+0100] {processor.py:208} INFO - Processing /Users/atanasivanov/ipo-intel/ipo-intel/.venv_airflow/lib/python3.11/site-packages/airflow/example_dags/example_python_decorator.py took 0.193 seconds
[2026-03-18T16:53:24.573+0100] {processor.py:186} INFO - Started process (PID=54385) to work on /Users/atanasivanov/ipo-intel/ipo-intel/.venv_airflow/lib/python3.11/site-packages/airflow/example_dags/example_python_decorator.py
[2026-03-18T16:53:24.574+0100] {processor.py:914} INFO - Processing file /Users/atanasivanov/ipo-intel/ipo-intel/.venv_airflow/lib/python3.11/site-packages/airflow/example_dags/example_python_decorator.py for tasks to queue
[2026-03-18T16:53:24.575+0100] {logging_mixin.py:190} INFO - [2026-03-18T16:53:24.575+0100] {dagbag.py:588} INFO - Filling up the DagBag from /Users/atanasivanov/ipo-intel/ipo-intel/.venv_airflow/lib/python3.11/site-packages/airflow/example_dags/example_python_decorator.py
[2026-03-18T16:53:24.610+0100] {logging_mixin.py:190} INFO - [2026-03-18T16:53:24.609+0100] {example_python_decorator.py:80} WARNING - The virtalenv_python example task requires virtualenv, please install it.
[2026-03-18T16:53:24.612+0100] {processor.py:925} INFO - DAG(s) 'example_python_decorator' retrieved from /Users/atanasivanov/ipo-intel/ipo-intel/.venv_airflow/lib/python3.11/site-packages/airflow/example_dags/example_python_decorator.py
[2026-03-18T16:53:24.687+0100] {logging_mixin.py:190} INFO - [2026-03-18T16:53:24.686+0100] {dag.py:3239} INFO - Sync 1 DAGs
[2026-03-18T16:53:24.750+0100] {logging_mixin.py:190} INFO - [2026-03-18T16:53:24.750+0100] {dag.py:4180} INFO - Setting next_dagrun for example_python_decorator to None, run_after=None
[2026-03-18T16:53:24.767+0100] {processor.py:208} INFO - Processing /Users/atanasivanov/ipo-intel/ipo-intel/.venv_airflow/lib/python3.11/site-packages/airflow/example_dags/example_python_decorator.py took 0.199 seconds
[2026-03-18T16:55:31.778+0100] {processor.py:186} INFO - Started process (PID=55152) to work on /Users/atanasivanov/ipo-intel/ipo-intel/.venv_airflow/lib/python3.11/site-packages/airflow/example_dags/example_python_decorator.py
[2026-03-18T16:55:31.778+0100] {processor.py:914} INFO - Processing file /Users/atanasivanov/ipo-intel/ipo-intel/.venv_airflow/lib/python3.11/site-packages/airflow/example_dags/example_python_decorator.py for tasks to queue
[2026-03-18T16:55:31.779+0100] {logging_mixin.py:190} INFO - [2026-03-18T16:55:31.779+0100] {dagbag.py:588} INFO - Filling up the DagBag from /Users/atanasivanov/ipo-intel/ipo-intel/.venv_airflow/lib/python3.11/site-packages/airflow/example_dags/example_python_decorator.py
[2026-03-18T16:55:31.811+0100] {logging_mixin.py:190} INFO - [2026-03-18T16:55:31.811+0100] {example_python_decorator.py:80} WARNING - The virtalenv_python example task requires virtualenv, please install it.
[2026-03-18T16:55:31.813+0100] {processor.py:925} INFO - DAG(s) 'example_python_decorator' retrieved from /Users/atanasivanov/ipo-intel/ipo-intel/.venv_airflow/lib/python3.11/site-packages/airflow/example_dags/example_python_decorator.py
[2026-03-18T16:55:31.891+0100] {logging_mixin.py:190} INFO - [2026-03-18T16:55:31.891+0100] {dag.py:3239} INFO - Sync 1 DAGs
[2026-03-18T16:55:31.955+0100] {logging_mixin.py:190} INFO - [2026-03-18T16:55:31.954+0100] {dag.py:4180} INFO - Setting next_dagrun for example_python_decorator to None, run_after=None
[2026-03-18T16:55:31.972+0100] {processor.py:208} INFO - Processing /Users/atanasivanov/ipo-intel/ipo-intel/.venv_airflow/lib/python3.11/site-packages/airflow/example_dags/example_python_decorator.py took 0.200 seconds
[2026-03-18T16:57:33.778+0100] {processor.py:186} INFO - Started process (PID=55627) to work on /Users/atanasivanov/ipo-intel/ipo-intel/.venv_airflow/lib/python3.11/site-packages/airflow/example_dags/example_python_decorator.py
[2026-03-18T16:57:33.779+0100] {processor.py:914} INFO - Processing file /Users/atanasivanov/ipo-intel/ipo-intel/.venv_airflow/lib/python3.11/site-packages/airflow/example_dags/example_python_decorator.py for tasks to queue
[2026-03-18T16:57:33.780+0100] {logging_mixin.py:190} INFO - [2026-03-18T16:57:33.780+0100] {dagbag.py:588} INFO - Filling up the DagBag from /Users/atanasivanov/ipo-intel/ipo-intel/.venv_airflow/lib/python3.11/site-packages/airflow/example_dags/example_python_decorator.py
[2026-03-18T16:57:33.818+0100] {logging_mixin.py:190} INFO - [2026-03-18T16:57:33.818+0100] {example_python_decorator.py:80} WARNING - The virtalenv_python example task requires virtualenv, please install it.
[2026-03-18T16:57:33.820+0100] {processor.py:925} INFO - DAG(s) 'example_python_decorator' retrieved from /Users/atanasivanov/ipo-intel/ipo-intel/.venv_airflow/lib/python3.11/site-packages/airflow/example_dags/example_python_decorator.py
[2026-03-18T16:57:33.902+0100] {logging_mixin.py:190} INFO - [2026-03-18T16:57:33.902+0100] {dag.py:3239} INFO - Sync 1 DAGs
[2026-03-18T16:57:33.962+0100] {logging_mixin.py:190} INFO - [2026-03-18T16:57:33.962+0100] {dag.py:4180} INFO - Setting next_dagrun for example_python_decorator to None, run_after=None
[2026-03-18T16:57:33.979+0100] {processor.py:208} INFO - Processing /Users/atanasivanov/ipo-intel/ipo-intel/.venv_airflow/lib/python3.11/site-packages/airflow/example_dags/example_python_decorator.py took 0.206 seconds
[2026-03-18T16:59:39.748+0100] {processor.py:186} INFO - Started process (PID=56074) to work on /Users/atanasivanov/ipo-intel/ipo-intel/.venv_airflow/lib/python3.11/site-packages/airflow/example_dags/example_python_decorator.py
[2026-03-18T16:59:39.749+0100] {processor.py:914} INFO - Processing file /Users/atanasivanov/ipo-intel/ipo-intel/.venv_airflow/lib/python3.11/site-packages/airflow/example_dags/example_python_decorator.py for tasks to queue
[2026-03-18T16:59:39.750+0100] {logging_mixin.py:190} INFO - [2026-03-18T16:59:39.750+0100] {dagbag.py:588} INFO - Filling up the DagBag from /Users/atanasivanov/ipo-intel/ipo-intel/.venv_airflow/lib/python3.11/site-packages/airflow/example_dags/example_python_decorator.py
[2026-03-18T16:59:39.786+0100] {logging_mixin.py:190} INFO - [2026-03-18T16:59:39.786+0100] {example_python_decorator.py:80} WARNING - The virtalenv_python example task requires virtualenv, please install it.
[2026-03-18T16:59:39.788+0100] {processor.py:925} INFO - DAG(s) 'example_python_decorator' retrieved from /Users/atanasivanov/ipo-intel/ipo-intel/.venv_airflow/lib/python3.11/site-packages/airflow/example_dags/example_python_decorator.py
[2026-03-18T16:59:39.882+0100] {logging_mixin.py:190} INFO - [2026-03-18T16:59:39.881+0100] {dag.py:3239} INFO - Sync 1 DAGs
[2026-03-18T16:59:39.945+0100] {logging_mixin.py:190} INFO - [2026-03-18T16:59:39.945+0100] {dag.py:4180} INFO - Setting next_dagrun for example_python_decorator to None, run_after=None
[2026-03-18T16:59:39.964+0100] {processor.py:208} INFO - Processing /Users/atanasivanov/ipo-intel/ipo-intel/.venv_airflow/lib/python3.11/site-packages/airflow/example_dags/example_python_decorator.py took 0.222 seconds
[2026-03-18T17:01:37.608+0100] {processor.py:186} INFO - Started process (PID=56503) to work on /Users/atanasivanov/ipo-intel/ipo-intel/.venv_airflow/lib/python3.11/site-packages/airflow/example_dags/example_python_decorator.py
[2026-03-18T17:01:37.609+0100] {processor.py:914} INFO - Processing file /Users/atanasivanov/ipo-intel/ipo-intel/.venv_airflow/lib/python3.11/site-packages/airflow/example_dags/example_python_decorator.py for tasks to queue
[2026-03-18T17:01:37.609+0100] {logging_mixin.py:190} INFO - [2026-03-18T17:01:37.609+0100] {dagbag.py:588} INFO - Filling up the DagBag from /Users/atanasivanov/ipo-intel/ipo-intel/.venv_airflow/lib/python3.11/site-packages/airflow/example_dags/example_python_decorator.py
[2026-03-18T17:01:37.641+0100] {logging_mixin.py:190} INFO - [2026-03-18T17:01:37.641+0100] {example_python_decorator.py:80} WARNING - The virtalenv_python example task requires virtualenv, please install it.
[2026-03-18T17:01:37.643+0100] {processor.py:925} INFO - DAG(s) 'example_python_decorator' retrieved from /Users/atanasivanov/ipo-intel/ipo-intel/.venv_airflow/lib/python3.11/site-packages/airflow/example_dags/example_python_decorator.py
[2026-03-18T17:01:37.719+0100] {logging_mixin.py:190} INFO - [2026-03-18T17:01:37.718+0100] {dag.py:3239} INFO - Sync 1 DAGs
[2026-03-18T17:01:37.773+0100] {logging_mixin.py:190} INFO - [2026-03-18T17:01:37.773+0100] {dag.py:4180} INFO - Setting next_dagrun for example_python_decorator to None, run_after=None
[2026-03-18T17:01:37.789+0100] {processor.py:208} INFO - Processing /Users/atanasivanov/ipo-intel/ipo-intel/.venv_airflow/lib/python3.11/site-packages/airflow/example_dags/example_python_decorator.py took 0.187 seconds
[2026-03-18T17:03:35.076+0100] {processor.py:186} INFO - Started process (PID=56934) to work on /Users/atanasivanov/ipo-intel/ipo-intel/.venv_airflow/lib/python3.11/site-packages/airflow/example_dags/example_python_decorator.py
[2026-03-18T17:03:35.077+0100] {processor.py:914} INFO - Processing file /Users/atanasivanov/ipo-intel/ipo-intel/.venv_airflow/lib/python3.11/site-packages/airflow/example_dags/example_python_decorator.py for tasks to queue
[2026-03-18T17:03:35.078+0100] {logging_mixin.py:190} INFO - [2026-03-18T17:03:35.078+0100] {dagbag.py:588} INFO - Filling up the DagBag from /Users/atanasivanov/ipo-intel/ipo-intel/.venv_airflow/lib/python3.11/site-packages/airflow/example_dags/example_python_decorator.py
[2026-03-18T17:03:35.110+0100] {logging_mixin.py:190} INFO - [2026-03-18T17:03:35.109+0100] {example_python_decorator.py:80} WARNING - The virtalenv_python example task requires virtualenv, please install it.
[2026-03-18T17:03:35.111+0100] {processor.py:925} INFO - DAG(s) 'example_python_decorator' retrieved from /Users/atanasivanov/ipo-intel/ipo-intel/.venv_airflow/lib/python3.11/site-packages/airflow/example_dags/example_python_decorator.py
[2026-03-18T17:03:35.188+0100] {logging_mixin.py:190} INFO - [2026-03-18T17:03:35.187+0100] {dag.py:3239} INFO - Sync 1 DAGs
[2026-03-18T17:03:35.246+0100] {logging_mixin.py:190} INFO - [2026-03-18T17:03:35.246+0100] {dag.py:4180} INFO - Setting next_dagrun for example_python_decorator to None, run_after=None
[2026-03-18T17:03:35.263+0100] {processor.py:208} INFO - Processing /Users/atanasivanov/ipo-intel/ipo-intel/.venv_airflow/lib/python3.11/site-packages/airflow/example_dags/example_python_decorator.py took 0.192 seconds
[2026-03-18T17:05:30.820+0100] {processor.py:186} INFO - Started process (PID=57359) to work on /Users/atanasivanov/ipo-intel/ipo-intel/.venv_airflow/lib/python3.11/site-packages/airflow/example_dags/example_python_decorator.py
[2026-03-18T17:05:30.821+0100] {processor.py:914} INFO - Processing file /Users/atanasivanov/ipo-intel/ipo-intel/.venv_airflow/lib/python3.11/site-packages/airflow/example_dags/example_python_decorator.py for tasks to queue
[2026-03-18T17:05:30.822+0100] {logging_mixin.py:190} INFO - [2026-03-18T17:05:30.822+0100] {dagbag.py:588} INFO - Filling up the DagBag from /Users/atanasivanov/ipo-intel/ipo-intel/.venv_airflow/lib/python3.11/site-packages/airflow/example_dags/example_python_decorator.py
[2026-03-18T17:05:30.852+0100] {logging_mixin.py:190} INFO - [2026-03-18T17:05:30.852+0100] {example_python_decorator.py:80} WARNING - The virtalenv_python example task requires virtualenv, please install it.
[2026-03-18T17:05:30.854+0100] {processor.py:925} INFO - DAG(s) 'example_python_decorator' retrieved from /Users/atanasivanov/ipo-intel/ipo-intel/.venv_airflow/lib/python3.11/site-packages/airflow/example_dags/example_python_decorator.py
[2026-03-18T17:05:30.931+0100] {logging_mixin.py:190} INFO - [2026-03-18T17:05:30.931+0100] {dag.py:3239} INFO - Sync 1 DAGs
[2026-03-18T17:05:30.990+0100] {logging_mixin.py:190} INFO - [2026-03-18T17:05:30.989+0100] {dag.py:4180} INFO - Setting next_dagrun for example_python_decorator to None, run_after=None
[2026-03-18T17:05:31.007+0100] {processor.py:208} INFO - Processing /Users/atanasivanov/ipo-intel/ipo-intel/.venv_airflow/lib/python3.11/site-packages/airflow/example_dags/example_python_decorator.py took 0.192 seconds
[2026-03-18T17:07:25.420+0100] {processor.py:186} INFO - Started process (PID=57777) to work on /Users/atanasivanov/ipo-intel/ipo-intel/.venv_airflow/lib/python3.11/site-packages/airflow/example_dags/example_python_decorator.py
[2026-03-18T17:07:25.421+0100] {processor.py:914} INFO - Processing file /Users/atanasivanov/ipo-intel/ipo-intel/.venv_airflow/lib/python3.11/site-packages/airflow/example_dags/example_python_decorator.py for tasks to queue
[2026-03-18T17:07:25.422+0100] {logging_mixin.py:190} INFO - [2026-03-18T17:07:25.422+0100] {dagbag.py:588} INFO - Filling up the DagBag from /Users/atanasivanov/ipo-intel/ipo-intel/.venv_airflow/lib/python3.11/site-packages/airflow/example_dags/example_python_decorator.py
[2026-03-18T17:07:25.455+0100] {logging_mixin.py:190} INFO - [2026-03-18T17:07:25.455+0100] {example_python_decorator.py:80} WARNING - The virtalenv_python example task requires virtualenv, please install it.
[2026-03-18T17:07:25.457+0100] {processor.py:925} INFO - DAG(s) 'example_python_decorator' retrieved from /Users/atanasivanov/ipo-intel/ipo-intel/.venv_airflow/lib/python3.11/site-packages/airflow/example_dags/example_python_decorator.py
[2026-03-18T17:07:25.532+0100] {logging_mixin.py:190} INFO - [2026-03-18T17:07:25.532+0100] {dag.py:3239} INFO - Sync 1 DAGs
[2026-03-18T17:07:25.589+0100] {logging_mixin.py:190} INFO - [2026-03-18T17:07:25.589+0100] {dag.py:4180} INFO - Setting next_dagrun for example_python_decorator to None, run_after=None
[2026-03-18T17:07:25.607+0100] {processor.py:208} INFO - Processing /Users/atanasivanov/ipo-intel/ipo-intel/.venv_airflow/lib/python3.11/site-packages/airflow/example_dags/example_python_decorator.py took 0.191 seconds
[2026-03-18T17:09:24.728+0100] {processor.py:186} INFO - Started process (PID=58240) to work on /Users/atanasivanov/ipo-intel/ipo-intel/.venv_airflow/lib/python3.11/site-packages/airflow/example_dags/example_python_decorator.py
[2026-03-18T17:09:24.730+0100] {processor.py:914} INFO - Processing file /Users/atanasivanov/ipo-intel/ipo-intel/.venv_airflow/lib/python3.11/site-packages/airflow/example_dags/example_python_decorator.py for tasks to queue
[2026-03-18T17:09:24.731+0100] {logging_mixin.py:190} INFO - [2026-03-18T17:09:24.730+0100] {dagbag.py:588} INFO - Filling up the DagBag from /Users/atanasivanov/ipo-intel/ipo-intel/.venv_airflow/lib/python3.11/site-packages/airflow/example_dags/example_python_decorator.py
[2026-03-18T17:09:24.772+0100] {logging_mixin.py:190} INFO - [2026-03-18T17:09:24.772+0100] {example_python_decorator.py:80} WARNING - The virtalenv_python example task requires virtualenv, please install it.
[2026-03-18T17:09:24.775+0100] {processor.py:925} INFO - DAG(s) 'example_python_decorator' retrieved from /Users/atanasivanov/ipo-intel/ipo-intel/.venv_airflow/lib/python3.11/site-packages/airflow/example_dags/example_python_decorator.py
[2026-03-18T17:09:24.881+0100] {logging_mixin.py:190} INFO - [2026-03-18T17:09:24.880+0100] {dag.py:3239} INFO - Sync 1 DAGs
[2026-03-18T17:09:24.945+0100] {logging_mixin.py:190} INFO - [2026-03-18T17:09:24.944+0100] {dag.py:4180} INFO - Setting next_dagrun for example_python_decorator to None, run_after=None
[2026-03-18T17:09:24.962+0100] {processor.py:208} INFO - Processing /Users/atanasivanov/ipo-intel/ipo-intel/.venv_airflow/lib/python3.11/site-packages/airflow/example_dags/example_python_decorator.py took 0.240 seconds
[2026-03-18T17:11:23.093+0100] {processor.py:186} INFO - Started process (PID=58716) to work on /Users/atanasivanov/ipo-intel/ipo-intel/.venv_airflow/lib/python3.11/site-packages/airflow/example_dags/example_python_decorator.py
[2026-03-18T17:11:23.094+0100] {processor.py:914} INFO - Processing file /Users/atanasivanov/ipo-intel/ipo-intel/.venv_airflow/lib/python3.11/site-packages/airflow/example_dags/example_python_decorator.py for tasks to queue
[2026-03-18T17:11:23.095+0100] {logging_mixin.py:190} INFO - [2026-03-18T17:11:23.095+0100] {dagbag.py:588} INFO - Filling up the DagBag from /Users/atanasivanov/ipo-intel/ipo-intel/.venv_airflow/lib/python3.11/site-packages/airflow/example_dags/example_python_decorator.py
[2026-03-18T17:11:23.129+0100] {logging_mixin.py:190} INFO - [2026-03-18T17:11:23.128+0100] {example_python_decorator.py:80} WARNING - The virtalenv_python example task requires virtualenv, please install it.
[2026-03-18T17:11:23.130+0100] {processor.py:925} INFO - DAG(s) 'example_python_decorator' retrieved from /Users/atanasivanov/ipo-intel/ipo-intel/.venv_airflow/lib/python3.11/site-packages/airflow/example_dags/example_python_decorator.py
[2026-03-18T17:11:23.205+0100] {logging_mixin.py:190} INFO - [2026-03-18T17:11:23.205+0100] {dag.py:3239} INFO - Sync 1 DAGs
[2026-03-18T17:11:23.263+0100] {logging_mixin.py:190} INFO - [2026-03-18T17:11:23.262+0100] {dag.py:4180} INFO - Setting next_dagrun for example_python_decorator to None, run_after=None
[2026-03-18T17:11:23.278+0100] {processor.py:208} INFO - Processing /Users/atanasivanov/ipo-intel/ipo-intel/.venv_airflow/lib/python3.11/site-packages/airflow/example_dags/example_python_decorator.py took 0.191 seconds
[2026-03-18T17:13:29.249+0100] {processor.py:186} INFO - Started process (PID=59467) to work on /Users/atanasivanov/ipo-intel/ipo-intel/.venv_airflow/lib/python3.11/site-packages/airflow/example_dags/example_python_decorator.py
[2026-03-18T17:13:29.250+0100] {processor.py:914} INFO - Processing file /Users/atanasivanov/ipo-intel/ipo-intel/.venv_airflow/lib/python3.11/site-packages/airflow/example_dags/example_python_decorator.py for tasks to queue
[2026-03-18T17:13:29.251+0100] {logging_mixin.py:190} INFO - [2026-03-18T17:13:29.251+0100] {dagbag.py:588} INFO - Filling up the DagBag from /Users/atanasivanov/ipo-intel/ipo-intel/.venv_airflow/lib/python3.11/site-packages/airflow/example_dags/example_python_decorator.py
[2026-03-18T17:13:29.308+0100] {logging_mixin.py:190} INFO - [2026-03-18T17:13:29.307+0100] {example_python_decorator.py:80} WARNING - The virtalenv_python example task requires virtualenv, please install it.
[2026-03-18T17:13:29.314+0100] {processor.py:925} INFO - DAG(s) 'example_python_decorator' retrieved from /Users/atanasivanov/ipo-intel/ipo-intel/.venv_airflow/lib/python3.11/site-packages/airflow/example_dags/example_python_decorator.py
[2026-03-18T17:13:29.510+0100] {logging_mixin.py:190} INFO - [2026-03-18T17:13:29.509+0100] {dag.py:3239} INFO - Sync 1 DAGs
[2026-03-18T17:13:29.572+0100] {logging_mixin.py:190} INFO - [2026-03-18T17:13:29.572+0100] {dag.py:4180} INFO - Setting next_dagrun for example_python_decorator to None, run_after=None
[2026-03-18T17:13:29.589+0100] {processor.py:208} INFO - Processing /Users/atanasivanov/ipo-intel/ipo-intel/.venv_airflow/lib/python3.11/site-packages/airflow/example_dags/example_python_decorator.py took 0.347 seconds
[2026-03-18T17:15:30.999+0100] {processor.py:186} INFO - Started process (PID=60903) to work on /Users/atanasivanov/ipo-intel/ipo-intel/.venv_airflow/lib/python3.11/site-packages/airflow/example_dags/example_python_decorator.py
[2026-03-18T17:15:31.000+0100] {processor.py:914} INFO - Processing file /Users/atanasivanov/ipo-intel/ipo-intel/.venv_airflow/lib/python3.11/site-packages/airflow/example_dags/example_python_decorator.py for tasks to queue
[2026-03-18T17:15:31.001+0100] {logging_mixin.py:190} INFO - [2026-03-18T17:15:31.001+0100] {dagbag.py:588} INFO - Filling up the DagBag from /Users/atanasivanov/ipo-intel/ipo-intel/.venv_airflow/lib/python3.11/site-packages/airflow/example_dags/example_python_decorator.py
[2026-03-18T17:15:31.036+0100] {logging_mixin.py:190} INFO - [2026-03-18T17:15:31.035+0100] {example_python_decorator.py:80} WARNING - The virtalenv_python example task requires virtualenv, please install it.
[2026-03-18T17:15:31.037+0100] {processor.py:925} INFO - DAG(s) 'example_python_decorator' retrieved from /Users/atanasivanov/ipo-intel/ipo-intel/.venv_airflow/lib/python3.11/site-packages/airflow/example_dags/example_python_decorator.py
[2026-03-18T17:15:31.116+0100] {logging_mixin.py:190} INFO - [2026-03-18T17:15:31.116+0100] {dag.py:3239} INFO - Sync 1 DAGs
[2026-03-18T17:15:31.176+0100] {logging_mixin.py:190} INFO - [2026-03-18T17:15:31.176+0100] {dag.py:4180} INFO - Setting next_dagrun for example_python_decorator to None, run_after=None
[2026-03-18T17:15:31.194+0100] {processor.py:208} INFO - Processing /Users/atanasivanov/ipo-intel/ipo-intel/.venv_airflow/lib/python3.11/site-packages/airflow/example_dags/example_python_decorator.py took 0.199 seconds
