[2026-03-18T16:22:08.191+0100] {processor.py:186} INFO - Started process (PID=45751) to work on /Users/atanasivanov/ipo-intel/ipo-intel/.venv_airflow/lib/python3.11/site-packages/airflow/example_dags/example_bash_decorator.py
[2026-03-18T16:22:08.193+0100] {processor.py:914} INFO - Processing file /Users/atanasivanov/ipo-intel/ipo-intel/.venv_airflow/lib/python3.11/site-packages/airflow/example_dags/example_bash_decorator.py for tasks to queue
[2026-03-18T16:22:08.194+0100] {logging_mixin.py:190} INFO - [2026-03-18T16:22:08.193+0100] {dagbag.py:588} INFO - Filling up the DagBag from /Users/atanasivanov/ipo-intel/ipo-intel/.venv_airflow/lib/python3.11/site-packages/airflow/example_dags/example_bash_decorator.py
[2026-03-18T16:22:08.230+0100] {processor.py:925} INFO - DAG(s) 'example_bash_decorator' retrieved from /Users/atanasivanov/ipo-intel/ipo-intel/.venv_airflow/lib/python3.11/site-packages/airflow/example_dags/example_bash_decorator.py
[2026-03-18T16:22:08.435+0100] {logging_mixin.py:190} INFO - [2026-03-18T16:22:08.434+0100] {override.py:1912} INFO - Created Permission View: can delete on DAG:example_bash_decorator
[2026-03-18T16:22:08.444+0100] {logging_mixin.py:190} INFO - [2026-03-18T16:22:08.444+0100] {override.py:1912} INFO - Created Permission View: can edit on DAG:example_bash_decorator
[2026-03-18T16:22:08.449+0100] {logging_mixin.py:190} INFO - [2026-03-18T16:22:08.449+0100] {override.py:1912} INFO - Created Permission View: can read on DAG:example_bash_decorator
[2026-03-18T16:22:08.456+0100] {logging_mixin.py:190} INFO - [2026-03-18T16:22:08.456+0100] {override.py:1912} INFO - Created Permission View: can create on DAG Run:example_bash_decorator
[2026-03-18T16:22:08.461+0100] {logging_mixin.py:190} INFO - [2026-03-18T16:22:08.461+0100] {override.py:1912} INFO - Created Permission View: can delete on DAG Run:example_bash_decorator
[2026-03-18T16:22:08.466+0100] {logging_mixin.py:190} INFO - [2026-03-18T16:22:08.465+0100] {override.py:1912} INFO - Created Permission View: menu access on DAG Run:example_bash_decorator
[2026-03-18T16:22:08.470+0100] {logging_mixin.py:190} INFO - [2026-03-18T16:22:08.470+0100] {override.py:1912} INFO - Created Permission View: can read on DAG Run:example_bash_decorator
[2026-03-18T16:22:08.470+0100] {logging_mixin.py:190} INFO - [2026-03-18T16:22:08.470+0100] {dag.py:3239} INFO - Sync 1 DAGs
[2026-03-18T16:22:08.478+0100] {logging_mixin.py:190} INFO - [2026-03-18T16:22:08.478+0100] {dag.py:3262} INFO - Creating ORM DAG for example_bash_decorator
[2026-03-18T16:22:08.479+0100] {logging_mixin.py:190} INFO - [2026-03-18T16:22:08.479+0100] {dag.py:4180} INFO - Setting next_dagrun for example_bash_decorator to None, run_after=None
[2026-03-18T16:22:08.496+0100] {processor.py:208} INFO - Processing /Users/atanasivanov/ipo-intel/ipo-intel/.venv_airflow/lib/python3.11/site-packages/airflow/example_dags/example_bash_decorator.py took 0.310 seconds
[2026-03-18T16:26:14.650+0100] {processor.py:186} INFO - Started process (PID=46666) to work on /Users/atanasivanov/ipo-intel/ipo-intel/.venv_airflow/lib/python3.11/site-packages/airflow/example_dags/example_bash_decorator.py
[2026-03-18T16:26:14.651+0100] {processor.py:914} INFO - Processing file /Users/atanasivanov/ipo-intel/ipo-intel/.venv_airflow/lib/python3.11/site-packages/airflow/example_dags/example_bash_decorator.py for tasks to queue
[2026-03-18T16:26:14.653+0100] {logging_mixin.py:190} INFO - [2026-03-18T16:26:14.652+0100] {dagbag.py:588} INFO - Filling up the DagBag from /Users/atanasivanov/ipo-intel/ipo-intel/.venv_airflow/lib/python3.11/site-packages/airflow/example_dags/example_bash_decorator.py
[2026-03-18T16:26:14.696+0100] {processor.py:925} INFO - DAG(s) 'example_bash_decorator' retrieved from /Users/atanasivanov/ipo-intel/ipo-intel/.venv_airflow/lib/python3.11/site-packages/airflow/example_dags/example_bash_decorator.py
[2026-03-18T16:26:15.024+0100] {logging_mixin.py:190} INFO - [2026-03-18T16:26:15.024+0100] {dag.py:3239} INFO - Sync 1 DAGs
[2026-03-18T16:26:15.032+0100] {logging_mixin.py:190} INFO - [2026-03-18T16:26:15.032+0100] {dag.py:4180} INFO - Setting next_dagrun for example_bash_decorator to None, run_after=None
[2026-03-18T16:26:15.050+0100] {processor.py:208} INFO - Processing /Users/atanasivanov/ipo-intel/ipo-intel/.venv_airflow/lib/python3.11/site-packages/airflow/example_dags/example_bash_decorator.py took 0.406 seconds
[2026-03-18T16:30:19.899+0100] {processor.py:186} INFO - Started process (PID=48245) to work on /Users/atanasivanov/ipo-intel/ipo-intel/.venv_airflow/lib/python3.11/site-packages/airflow/example_dags/example_bash_decorator.py
[2026-03-18T16:30:19.900+0100] {processor.py:914} INFO - Processing file /Users/atanasivanov/ipo-intel/ipo-intel/.venv_airflow/lib/python3.11/site-packages/airflow/example_dags/example_bash_decorator.py for tasks to queue
[2026-03-18T16:30:19.901+0100] {logging_mixin.py:190} INFO - [2026-03-18T16:30:19.901+0100] {dagbag.py:588} INFO - Filling up the DagBag from /Users/atanasivanov/ipo-intel/ipo-intel/.venv_airflow/lib/python3.11/site-packages/airflow/example_dags/example_bash_decorator.py
[2026-03-18T16:30:19.940+0100] {processor.py:925} INFO - DAG(s) 'example_bash_decorator' retrieved from /Users/atanasivanov/ipo-intel/ipo-intel/.venv_airflow/lib/python3.11/site-packages/airflow/example_dags/example_bash_decorator.py
[2026-03-18T16:30:20.154+0100] {logging_mixin.py:190} INFO - [2026-03-18T16:30:20.153+0100] {dag.py:3239} INFO - Sync 1 DAGs
[2026-03-18T16:30:20.161+0100] {logging_mixin.py:190} INFO - [2026-03-18T16:30:20.160+0100] {dag.py:4180} INFO - Setting next_dagrun for example_bash_decorator to None, run_after=None
[2026-03-18T16:30:20.175+0100] {processor.py:208} INFO - Processing /Users/atanasivanov/ipo-intel/ipo-intel/.venv_airflow/lib/python3.11/site-packages/airflow/example_dags/example_bash_decorator.py took 0.282 seconds
[2026-03-18T16:34:03.304+0100] {processor.py:186} INFO - Started process (PID=49067) to work on /Users/atanasivanov/ipo-intel/ipo-intel/.venv_airflow/lib/python3.11/site-packages/airflow/example_dags/example_bash_decorator.py
[2026-03-18T16:34:03.305+0100] {processor.py:914} INFO - Processing file /Users/atanasivanov/ipo-intel/ipo-intel/.venv_airflow/lib/python3.11/site-packages/airflow/example_dags/example_bash_decorator.py for tasks to queue
[2026-03-18T16:34:03.306+0100] {logging_mixin.py:190} INFO - [2026-03-18T16:34:03.306+0100] {dagbag.py:588} INFO - Filling up the DagBag from /Users/atanasivanov/ipo-intel/ipo-intel/.venv_airflow/lib/python3.11/site-packages/airflow/example_dags/example_bash_decorator.py
[2026-03-18T16:34:03.344+0100] {processor.py:925} INFO - DAG(s) 'example_bash_decorator' retrieved from /Users/atanasivanov/ipo-intel/ipo-intel/.venv_airflow/lib/python3.11/site-packages/airflow/example_dags/example_bash_decorator.py
[2026-03-18T16:34:03.550+0100] {logging_mixin.py:190} INFO - [2026-03-18T16:34:03.549+0100] {dag.py:3239} INFO - Sync 1 DAGs
[2026-03-18T16:34:03.557+0100] {logging_mixin.py:190} INFO - [2026-03-18T16:34:03.557+0100] {dag.py:4180} INFO - Setting next_dagrun for example_bash_decorator to None, run_after=None
[2026-03-18T16:34:03.570+0100] {processor.py:208} INFO - Processing /Users/atanasivanov/ipo-intel/ipo-intel/.venv_airflow/lib/python3.11/site-packages/airflow/example_dags/example_bash_decorator.py took 0.271 seconds
[2026-03-18T16:37:52.307+0100] {processor.py:186} INFO - Started process (PID=49897) to work on /Users/atanasivanov/ipo-intel/ipo-intel/.venv_airflow/lib/python3.11/site-packages/airflow/example_dags/example_bash_decorator.py
[2026-03-18T16:37:52.308+0100] {processor.py:914} INFO - Processing file /Users/atanasivanov/ipo-intel/ipo-intel/.venv_airflow/lib/python3.11/site-packages/airflow/example_dags/example_bash_decorator.py for tasks to queue
[2026-03-18T16:37:52.309+0100] {logging_mixin.py:190} INFO - [2026-03-18T16:37:52.309+0100] {dagbag.py:588} INFO - Filling up the DagBag from /Users/atanasivanov/ipo-intel/ipo-intel/.venv_airflow/lib/python3.11/site-packages/airflow/example_dags/example_bash_decorator.py
[2026-03-18T16:37:52.347+0100] {processor.py:925} INFO - DAG(s) 'example_bash_decorator' retrieved from /Users/atanasivanov/ipo-intel/ipo-intel/.venv_airflow/lib/python3.11/site-packages/airflow/example_dags/example_bash_decorator.py
[2026-03-18T16:37:52.554+0100] {logging_mixin.py:190} INFO - [2026-03-18T16:37:52.554+0100] {dag.py:3239} INFO - Sync 1 DAGs
[2026-03-18T16:37:52.561+0100] {logging_mixin.py:190} INFO - [2026-03-18T16:37:52.561+0100] {dag.py:4180} INFO - Setting next_dagrun for example_bash_decorator to None, run_after=None
[2026-03-18T16:37:52.575+0100] {processor.py:208} INFO - Processing /Users/atanasivanov/ipo-intel/ipo-intel/.venv_airflow/lib/python3.11/site-packages/airflow/example_dags/example_bash_decorator.py took 0.273 seconds
[2026-03-18T16:41:52.160+0100] {processor.py:186} INFO - Started process (PID=51816) to work on /Users/atanasivanov/ipo-intel/ipo-intel/.venv_airflow/lib/python3.11/site-packages/airflow/example_dags/example_bash_decorator.py
[2026-03-18T16:41:52.161+0100] {processor.py:914} INFO - Processing file /Users/atanasivanov/ipo-intel/ipo-intel/.venv_airflow/lib/python3.11/site-packages/airflow/example_dags/example_bash_decorator.py for tasks to queue
[2026-03-18T16:41:52.162+0100] {logging_mixin.py:190} INFO - [2026-03-18T16:41:52.162+0100] {dagbag.py:588} INFO - Filling up the DagBag from /Users/atanasivanov/ipo-intel/ipo-intel/.venv_airflow/lib/python3.11/site-packages/airflow/example_dags/example_bash_decorator.py
[2026-03-18T16:41:52.205+0100] {processor.py:925} INFO - DAG(s) 'example_bash_decorator' retrieved from /Users/atanasivanov/ipo-intel/ipo-intel/.venv_airflow/lib/python3.11/site-packages/airflow/example_dags/example_bash_decorator.py
[2026-03-18T16:41:52.433+0100] {logging_mixin.py:190} INFO - [2026-03-18T16:41:52.433+0100] {dag.py:3239} INFO - Sync 1 DAGs
[2026-03-18T16:41:52.442+0100] {logging_mixin.py:190} INFO - [2026-03-18T16:41:52.442+0100] {dag.py:4180} INFO - Setting next_dagrun for example_bash_decorator to None, run_after=None
[2026-03-18T16:41:52.459+0100] {processor.py:208} INFO - Processing /Users/atanasivanov/ipo-intel/ipo-intel/.venv_airflow/lib/python3.11/site-packages/airflow/example_dags/example_bash_decorator.py took 0.306 seconds
[2026-03-18T16:50:00.260+0100] {processor.py:186} INFO - Started process (PID=53646) to work on /Users/atanasivanov/ipo-intel/ipo-intel/.venv_airflow/lib/python3.11/site-packages/airflow/example_dags/example_bash_decorator.py
[2026-03-18T16:50:00.261+0100] {processor.py:914} INFO - Processing file /Users/atanasivanov/ipo-intel/ipo-intel/.venv_airflow/lib/python3.11/site-packages/airflow/example_dags/example_bash_decorator.py for tasks to queue
[2026-03-18T16:50:00.262+0100] {logging_mixin.py:190} INFO - [2026-03-18T16:50:00.262+0100] {dagbag.py:588} INFO - Filling up the DagBag from /Users/atanasivanov/ipo-intel/ipo-intel/.venv_airflow/lib/python3.11/site-packages/airflow/example_dags/example_bash_decorator.py
[2026-03-18T16:50:00.300+0100] {processor.py:925} INFO - DAG(s) 'example_bash_decorator' retrieved from /Users/atanasivanov/ipo-intel/ipo-intel/.venv_airflow/lib/python3.11/site-packages/airflow/example_dags/example_bash_decorator.py
[2026-03-18T16:50:00.503+0100] {logging_mixin.py:190} INFO - [2026-03-18T16:50:00.503+0100] {dag.py:3239} INFO - Sync 1 DAGs
[2026-03-18T16:50:00.510+0100] {logging_mixin.py:190} INFO - [2026-03-18T16:50:00.510+0100] {dag.py:4180} INFO - Setting next_dagrun for example_bash_decorator to None, run_after=None
[2026-03-18T16:50:00.524+0100] {processor.py:208} INFO - Processing /Users/atanasivanov/ipo-intel/ipo-intel/.venv_airflow/lib/python3.11/site-packages/airflow/example_dags/example_bash_decorator.py took 0.269 seconds
[2026-03-18T16:54:06.003+0100] {processor.py:186} INFO - Started process (PID=54742) to work on /Users/atanasivanov/ipo-intel/ipo-intel/.venv_airflow/lib/python3.11/site-packages/airflow/example_dags/example_bash_decorator.py
[2026-03-18T16:54:06.004+0100] {processor.py:914} INFO - Processing file /Users/atanasivanov/ipo-intel/ipo-intel/.venv_airflow/lib/python3.11/site-packages/airflow/example_dags/example_bash_decorator.py for tasks to queue
[2026-03-18T16:54:06.005+0100] {logging_mixin.py:190} INFO - [2026-03-18T16:54:06.005+0100] {dagbag.py:588} INFO - Filling up the DagBag from /Users/atanasivanov/ipo-intel/ipo-intel/.venv_airflow/lib/python3.11/site-packages/airflow/example_dags/example_bash_decorator.py
[2026-03-18T16:54:06.048+0100] {processor.py:925} INFO - DAG(s) 'example_bash_decorator' retrieved from /Users/atanasivanov/ipo-intel/ipo-intel/.venv_airflow/lib/python3.11/site-packages/airflow/example_dags/example_bash_decorator.py
[2026-03-18T16:54:06.271+0100] {logging_mixin.py:190} INFO - [2026-03-18T16:54:06.271+0100] {dag.py:3239} INFO - Sync 1 DAGs
[2026-03-18T16:54:06.279+0100] {logging_mixin.py:190} INFO - [2026-03-18T16:54:06.279+0100] {dag.py:4180} INFO - Setting next_dagrun for example_bash_decorator to None, run_after=None
[2026-03-18T16:54:06.295+0100] {processor.py:208} INFO - Processing /Users/atanasivanov/ipo-intel/ipo-intel/.venv_airflow/lib/python3.11/site-packages/airflow/example_dags/example_bash_decorator.py took 0.298 seconds
[2026-03-18T16:58:17.260+0100] {processor.py:186} INFO - Started process (PID=55780) to work on /Users/atanasivanov/ipo-intel/ipo-intel/.venv_airflow/lib/python3.11/site-packages/airflow/example_dags/example_bash_decorator.py
[2026-03-18T16:58:17.260+0100] {processor.py:914} INFO - Processing file /Users/atanasivanov/ipo-intel/ipo-intel/.venv_airflow/lib/python3.11/site-packages/airflow/example_dags/example_bash_decorator.py for tasks to queue
[2026-03-18T16:58:17.261+0100] {logging_mixin.py:190} INFO - [2026-03-18T16:58:17.261+0100] {dagbag.py:588} INFO - Filling up the DagBag from /Users/atanasivanov/ipo-intel/ipo-intel/.venv_airflow/lib/python3.11/site-packages/airflow/example_dags/example_bash_decorator.py
[2026-03-18T16:58:17.299+0100] {processor.py:925} INFO - DAG(s) 'example_bash_decorator' retrieved from /Users/atanasivanov/ipo-intel/ipo-intel/.venv_airflow/lib/python3.11/site-packages/airflow/example_dags/example_bash_decorator.py
[2026-03-18T16:58:17.510+0100] {logging_mixin.py:190} INFO - [2026-03-18T16:58:17.510+0100] {dag.py:3239} INFO - Sync 1 DAGs
[2026-03-18T16:58:17.518+0100] {logging_mixin.py:190} INFO - [2026-03-18T16:58:17.518+0100] {dag.py:4180} INFO - Setting next_dagrun for example_bash_decorator to None, run_after=None
[2026-03-18T16:58:17.533+0100] {processor.py:208} INFO - Processing /Users/atanasivanov/ipo-intel/ipo-intel/.venv_airflow/lib/python3.11/site-packages/airflow/example_dags/example_bash_decorator.py took 0.278 seconds
[2026-03-18T17:02:18.340+0100] {processor.py:186} INFO - Started process (PID=56653) to work on /Users/atanasivanov/ipo-intel/ipo-intel/.venv_airflow/lib/python3.11/site-packages/airflow/example_dags/example_bash_decorator.py
[2026-03-18T17:02:18.341+0100] {processor.py:914} INFO - Processing file /Users/atanasivanov/ipo-intel/ipo-intel/.venv_airflow/lib/python3.11/site-packages/airflow/example_dags/example_bash_decorator.py for tasks to queue
[2026-03-18T17:02:18.343+0100] {logging_mixin.py:190} INFO - [2026-03-18T17:02:18.342+0100] {dagbag.py:588} INFO - Filling up the DagBag from /Users/atanasivanov/ipo-intel/ipo-intel/.venv_airflow/lib/python3.11/site-packages/airflow/example_dags/example_bash_decorator.py
[2026-03-18T17:02:18.378+0100] {processor.py:925} INFO - DAG(s) 'example_bash_decorator' retrieved from /Users/atanasivanov/ipo-intel/ipo-intel/.venv_airflow/lib/python3.11/site-packages/airflow/example_dags/example_bash_decorator.py
[2026-03-18T17:02:18.578+0100] {logging_mixin.py:190} INFO - [2026-03-18T17:02:18.577+0100] {dag.py:3239} INFO - Sync 1 DAGs
[2026-03-18T17:02:18.585+0100] {logging_mixin.py:190} INFO - [2026-03-18T17:02:18.585+0100] {dag.py:4180} INFO - Setting next_dagrun for example_bash_decorator to None, run_after=None
[2026-03-18T17:02:18.598+0100] {processor.py:208} INFO - Processing /Users/atanasivanov/ipo-intel/ipo-intel/.venv_airflow/lib/python3.11/site-packages/airflow/example_dags/example_bash_decorator.py took 0.263 seconds
[2026-03-18T17:06:10.709+0100] {processor.py:186} INFO - Started process (PID=57502) to work on /Users/atanasivanov/ipo-intel/ipo-intel/.venv_airflow/lib/python3.11/site-packages/airflow/example_dags/example_bash_decorator.py
[2026-03-18T17:06:10.711+0100] {processor.py:914} INFO - Processing file /Users/atanasivanov/ipo-intel/ipo-intel/.venv_airflow/lib/python3.11/site-packages/airflow/example_dags/example_bash_decorator.py for tasks to queue
[2026-03-18T17:06:10.712+0100] {logging_mixin.py:190} INFO - [2026-03-18T17:06:10.711+0100] {dagbag.py:588} INFO - Filling up the DagBag from /Users/atanasivanov/ipo-intel/ipo-intel/.venv_airflow/lib/python3.11/site-packages/airflow/example_dags/example_bash_decorator.py
[2026-03-18T17:06:10.748+0100] {processor.py:925} INFO - DAG(s) 'example_bash_decorator' retrieved from /Users/atanasivanov/ipo-intel/ipo-intel/.venv_airflow/lib/python3.11/site-packages/airflow/example_dags/example_bash_decorator.py
[2026-03-18T17:06:10.949+0100] {logging_mixin.py:190} INFO - [2026-03-18T17:06:10.949+0100] {dag.py:3239} INFO - Sync 1 DAGs
[2026-03-18T17:06:10.956+0100] {logging_mixin.py:190} INFO - [2026-03-18T17:06:10.956+0100] {dag.py:4180} INFO - Setting next_dagrun for example_bash_decorator to None, run_after=None
[2026-03-18T17:06:10.970+0100] {processor.py:208} INFO - Processing /Users/atanasivanov/ipo-intel/ipo-intel/.venv_airflow/lib/python3.11/site-packages/airflow/example_dags/example_bash_decorator.py took 0.265 seconds
[2026-03-18T17:10:02.151+0100] {processor.py:186} INFO - Started process (PID=58405) to work on /Users/atanasivanov/ipo-intel/ipo-intel/.venv_airflow/lib/python3.11/site-packages/airflow/example_dags/example_bash_decorator.py
[2026-03-18T17:10:02.152+0100] {processor.py:914} INFO - Processing file /Users/atanasivanov/ipo-intel/ipo-intel/.venv_airflow/lib/python3.11/site-packages/airflow/example_dags/example_bash_decorator.py for tasks to queue
[2026-03-18T17:10:02.153+0100] {logging_mixin.py:190} INFO - [2026-03-18T17:10:02.153+0100] {dagbag.py:588} INFO - Filling up the DagBag from /Users/atanasivanov/ipo-intel/ipo-intel/.venv_airflow/lib/python3.11/site-packages/airflow/example_dags/example_bash_decorator.py
[2026-03-18T17:10:02.190+0100] {processor.py:925} INFO - DAG(s) 'example_bash_decorator' retrieved from /Users/atanasivanov/ipo-intel/ipo-intel/.venv_airflow/lib/python3.11/site-packages/airflow/example_dags/example_bash_decorator.py
[2026-03-18T17:10:02.411+0100] {logging_mixin.py:190} INFO - [2026-03-18T17:10:02.411+0100] {dag.py:3239} INFO - Sync 1 DAGs
[2026-03-18T17:10:02.419+0100] {logging_mixin.py:190} INFO - [2026-03-18T17:10:02.419+0100] {dag.py:4180} INFO - Setting next_dagrun for example_bash_decorator to None, run_after=None
[2026-03-18T17:10:02.433+0100] {processor.py:208} INFO - Processing /Users/atanasivanov/ipo-intel/ipo-intel/.venv_airflow/lib/python3.11/site-packages/airflow/example_dags/example_bash_decorator.py took 0.288 seconds
[2026-03-18T17:14:11.837+0100] {processor.py:186} INFO - Started process (PID=59754) to work on /Users/atanasivanov/ipo-intel/ipo-intel/.venv_airflow/lib/python3.11/site-packages/airflow/example_dags/example_bash_decorator.py
[2026-03-18T17:14:11.838+0100] {processor.py:914} INFO - Processing file /Users/atanasivanov/ipo-intel/ipo-intel/.venv_airflow/lib/python3.11/site-packages/airflow/example_dags/example_bash_decorator.py for tasks to queue
[2026-03-18T17:14:11.839+0100] {logging_mixin.py:190} INFO - [2026-03-18T17:14:11.839+0100] {dagbag.py:588} INFO - Filling up the DagBag from /Users/atanasivanov/ipo-intel/ipo-intel/.venv_airflow/lib/python3.11/site-packages/airflow/example_dags/example_bash_decorator.py
[2026-03-18T17:14:11.880+0100] {processor.py:925} INFO - DAG(s) 'example_bash_decorator' retrieved from /Users/atanasivanov/ipo-intel/ipo-intel/.venv_airflow/lib/python3.11/site-packages/airflow/example_dags/example_bash_decorator.py
[2026-03-18T17:14:12.093+0100] {logging_mixin.py:190} INFO - [2026-03-18T17:14:12.092+0100] {dag.py:3239} INFO - Sync 1 DAGs
[2026-03-18T17:14:12.101+0100] {logging_mixin.py:190} INFO - [2026-03-18T17:14:12.100+0100] {dag.py:4180} INFO - Setting next_dagrun for example_bash_decorator to None, run_after=None
[2026-03-18T17:14:12.115+0100] {processor.py:208} INFO - Processing /Users/atanasivanov/ipo-intel/ipo-intel/.venv_airflow/lib/python3.11/site-packages/airflow/example_dags/example_bash_decorator.py took 0.284 seconds
