[2026-03-18T16:16:13.217+0100] {processor.py:186} INFO - Started process (PID=44477) to work on /Users/atanasivanov/ipo-intel/ipo-intel/.venv_airflow/lib/python3.11/site-packages/airflow/example_dags/example_subdag_operator.py
[2026-03-18T16:16:13.218+0100] {processor.py:914} INFO - Processing file /Users/atanasivanov/ipo-intel/ipo-intel/.venv_airflow/lib/python3.11/site-packages/airflow/example_dags/example_subdag_operator.py for tasks to queue
[2026-03-18T16:16:13.219+0100] {logging_mixin.py:190} INFO - [2026-03-18T16:16:13.218+0100] {dagbag.py:588} INFO - Filling up the DagBag from /Users/atanasivanov/ipo-intel/ipo-intel/.venv_airflow/lib/python3.11/site-packages/airflow/example_dags/example_subdag_operator.py
[2026-03-18T16:16:13.303+0100] {processor.py:925} INFO - DAG(s) 'example_subdag_operator.section-1', 'example_subdag_operator.section-2', 'example_subdag_operator' retrieved from /Users/atanasivanov/ipo-intel/ipo-intel/.venv_airflow/lib/python3.11/site-packages/airflow/example_dags/example_subdag_operator.py
[2026-03-18T16:16:13.313+0100] {logging_mixin.py:190} INFO - [2026-03-18T16:16:13.313+0100] {workday.py:41} WARNING - Could not import pandas. Holidays will not be considered.
[2026-03-18T16:16:13.461+0100] {logging_mixin.py:190} INFO - [2026-03-18T16:16:13.460+0100] {override.py:1912} INFO - Created Permission View: can delete on DAG:example_subdag_operator
[2026-03-18T16:16:13.469+0100] {logging_mixin.py:190} INFO - [2026-03-18T16:16:13.469+0100] {override.py:1912} INFO - Created Permission View: can read on DAG:example_subdag_operator
[2026-03-18T16:16:13.475+0100] {logging_mixin.py:190} INFO - [2026-03-18T16:16:13.474+0100] {override.py:1912} INFO - Created Permission View: can edit on DAG:example_subdag_operator
[2026-03-18T16:16:13.483+0100] {logging_mixin.py:190} INFO - [2026-03-18T16:16:13.483+0100] {override.py:1912} INFO - Created Permission View: can create on DAG Run:example_subdag_operator
[2026-03-18T16:16:13.489+0100] {logging_mixin.py:190} INFO - [2026-03-18T16:16:13.488+0100] {override.py:1912} INFO - Created Permission View: can read on DAG Run:example_subdag_operator
[2026-03-18T16:16:13.494+0100] {logging_mixin.py:190} INFO - [2026-03-18T16:16:13.494+0100] {override.py:1912} INFO - Created Permission View: menu access on DAG Run:example_subdag_operator
[2026-03-18T16:16:13.499+0100] {logging_mixin.py:190} INFO - [2026-03-18T16:16:13.499+0100] {override.py:1912} INFO - Created Permission View: can delete on DAG Run:example_subdag_operator
[2026-03-18T16:16:13.500+0100] {logging_mixin.py:190} INFO - [2026-03-18T16:16:13.499+0100] {dag.py:3239} INFO - Sync 3 DAGs
[2026-03-18T16:16:13.509+0100] {logging_mixin.py:190} INFO - [2026-03-18T16:16:13.509+0100] {dag.py:3262} INFO - Creating ORM DAG for example_subdag_operator
[2026-03-18T16:16:13.510+0100] {logging_mixin.py:190} INFO - [2026-03-18T16:16:13.510+0100] {dag.py:3262} INFO - Creating ORM DAG for example_subdag_operator.section-2
[2026-03-18T16:16:13.511+0100] {logging_mixin.py:190} INFO - [2026-03-18T16:16:13.510+0100] {dag.py:3262} INFO - Creating ORM DAG for example_subdag_operator.section-1
[2026-03-18T16:16:13.517+0100] {logging_mixin.py:190} INFO - [2026-03-18T16:16:13.517+0100] {dag.py:4180} INFO - Setting next_dagrun for example_subdag_operator to 2022-01-01 00:00:00+00:00, run_after=2022-01-01 00:00:00+00:00
[2026-03-18T16:16:13.518+0100] {logging_mixin.py:190} INFO - [2026-03-18T16:16:13.518+0100] {dag.py:4180} INFO - Setting next_dagrun for example_subdag_operator.section-1 to None, run_after=None
[2026-03-18T16:16:13.518+0100] {logging_mixin.py:190} INFO - [2026-03-18T16:16:13.518+0100] {dag.py:4180} INFO - Setting next_dagrun for example_subdag_operator.section-2 to None, run_after=None
[2026-03-18T16:16:13.524+0100] {logging_mixin.py:190} INFO - [2026-03-18T16:16:13.524+0100] {dag.py:3239} INFO - Sync 2 DAGs
[2026-03-18T16:16:13.528+0100] {logging_mixin.py:190} INFO - [2026-03-18T16:16:13.528+0100] {dag.py:4180} INFO - Setting next_dagrun for example_subdag_operator.section-1 to None, run_after=None
[2026-03-18T16:16:13.530+0100] {logging_mixin.py:190} INFO - [2026-03-18T16:16:13.530+0100] {dag.py:4180} INFO - Setting next_dagrun for example_subdag_operator.section-2 to None, run_after=None
[2026-03-18T16:16:13.541+0100] {processor.py:208} INFO - Processing /Users/atanasivanov/ipo-intel/ipo-intel/.venv_airflow/lib/python3.11/site-packages/airflow/example_dags/example_subdag_operator.py took 0.329 seconds
[2026-03-18T16:20:22.990+0100] {processor.py:186} INFO - Started process (PID=45338) to work on /Users/atanasivanov/ipo-intel/ipo-intel/.venv_airflow/lib/python3.11/site-packages/airflow/example_dags/example_subdag_operator.py
[2026-03-18T16:20:22.992+0100] {processor.py:914} INFO - Processing file /Users/atanasivanov/ipo-intel/ipo-intel/.venv_airflow/lib/python3.11/site-packages/airflow/example_dags/example_subdag_operator.py for tasks to queue
[2026-03-18T16:20:22.994+0100] {logging_mixin.py:190} INFO - [2026-03-18T16:20:22.994+0100] {dagbag.py:588} INFO - Filling up the DagBag from /Users/atanasivanov/ipo-intel/ipo-intel/.venv_airflow/lib/python3.11/site-packages/airflow/example_dags/example_subdag_operator.py
[2026-03-18T16:20:23.260+0100] {processor.py:925} INFO - DAG(s) 'example_subdag_operator.section-1', 'example_subdag_operator.section-2', 'example_subdag_operator' retrieved from /Users/atanasivanov/ipo-intel/ipo-intel/.venv_airflow/lib/python3.11/site-packages/airflow/example_dags/example_subdag_operator.py
[2026-03-18T16:20:23.278+0100] {logging_mixin.py:190} INFO - [2026-03-18T16:20:23.278+0100] {workday.py:41} WARNING - Could not import pandas. Holidays will not be considered.
[2026-03-18T16:20:23.303+0100] {logging_mixin.py:190} INFO - [2026-03-18T16:20:23.303+0100] {dag.py:3239} INFO - Sync 3 DAGs
[2026-03-18T16:20:23.322+0100] {logging_mixin.py:190} INFO - [2026-03-18T16:20:23.321+0100] {dag.py:4180} INFO - Setting next_dagrun for example_subdag_operator to 2022-01-01 00:00:00+00:00, run_after=2022-01-01 00:00:00+00:00
[2026-03-18T16:20:23.326+0100] {logging_mixin.py:190} INFO - [2026-03-18T16:20:23.326+0100] {dag.py:4180} INFO - Setting next_dagrun for example_subdag_operator.section-1 to None, run_after=None
[2026-03-18T16:20:23.327+0100] {logging_mixin.py:190} INFO - [2026-03-18T16:20:23.327+0100] {dag.py:4180} INFO - Setting next_dagrun for example_subdag_operator.section-2 to None, run_after=None
[2026-03-18T16:20:23.333+0100] {logging_mixin.py:190} INFO - [2026-03-18T16:20:23.332+0100] {dag.py:3239} INFO - Sync 2 DAGs
[2026-03-18T16:20:23.391+0100] {logging_mixin.py:190} INFO - [2026-03-18T16:20:23.390+0100] {dag.py:4180} INFO - Setting next_dagrun for example_subdag_operator.section-1 to None, run_after=None
[2026-03-18T16:20:23.391+0100] {logging_mixin.py:190} INFO - [2026-03-18T16:20:23.391+0100] {dag.py:4180} INFO - Setting next_dagrun for example_subdag_operator.section-2 to None, run_after=None
[2026-03-18T16:20:23.402+0100] {processor.py:208} INFO - Processing /Users/atanasivanov/ipo-intel/ipo-intel/.venv_airflow/lib/python3.11/site-packages/airflow/example_dags/example_subdag_operator.py took 0.419 seconds
[2026-03-18T16:23:03.107+0100] {processor.py:186} INFO - Started process (PID=45957) to work on /Users/atanasivanov/ipo-intel/ipo-intel/.venv_airflow/lib/python3.11/site-packages/airflow/example_dags/example_subdag_operator.py
[2026-03-18T16:23:03.108+0100] {processor.py:914} INFO - Processing file /Users/atanasivanov/ipo-intel/ipo-intel/.venv_airflow/lib/python3.11/site-packages/airflow/example_dags/example_subdag_operator.py for tasks to queue
[2026-03-18T16:23:03.108+0100] {logging_mixin.py:190} INFO - [2026-03-18T16:23:03.108+0100] {dagbag.py:588} INFO - Filling up the DagBag from /Users/atanasivanov/ipo-intel/ipo-intel/.venv_airflow/lib/python3.11/site-packages/airflow/example_dags/example_subdag_operator.py
[2026-03-18T16:23:03.189+0100] {processor.py:925} INFO - DAG(s) 'example_subdag_operator.section-1', 'example_subdag_operator.section-2', 'example_subdag_operator' retrieved from /Users/atanasivanov/ipo-intel/ipo-intel/.venv_airflow/lib/python3.11/site-packages/airflow/example_dags/example_subdag_operator.py
[2026-03-18T16:23:03.200+0100] {logging_mixin.py:190} INFO - [2026-03-18T16:23:03.199+0100] {workday.py:41} WARNING - Could not import pandas. Holidays will not be considered.
[2026-03-18T16:23:03.213+0100] {logging_mixin.py:190} INFO - [2026-03-18T16:23:03.213+0100] {dag.py:3239} INFO - Sync 3 DAGs
[2026-03-18T16:23:03.226+0100] {logging_mixin.py:190} INFO - [2026-03-18T16:23:03.226+0100] {dag.py:4180} INFO - Setting next_dagrun for example_subdag_operator to 2022-01-01 00:00:00+00:00, run_after=2022-01-01 00:00:00+00:00
[2026-03-18T16:23:03.229+0100] {logging_mixin.py:190} INFO - [2026-03-18T16:23:03.229+0100] {dag.py:4180} INFO - Setting next_dagrun for example_subdag_operator.section-1 to None, run_after=None
[2026-03-18T16:23:03.230+0100] {logging_mixin.py:190} INFO - [2026-03-18T16:23:03.230+0100] {dag.py:4180} INFO - Setting next_dagrun for example_subdag_operator.section-2 to None, run_after=None
[2026-03-18T16:23:03.234+0100] {logging_mixin.py:190} INFO - [2026-03-18T16:23:03.234+0100] {dag.py:3239} INFO - Sync 2 DAGs
[2026-03-18T16:23:03.283+0100] {logging_mixin.py:190} INFO - [2026-03-18T16:23:03.283+0100] {dag.py:4180} INFO - Setting next_dagrun for example_subdag_operator.section-1 to None, run_after=None
[2026-03-18T16:23:03.283+0100] {logging_mixin.py:190} INFO - [2026-03-18T16:23:03.283+0100] {dag.py:4180} INFO - Setting next_dagrun for example_subdag_operator.section-2 to None, run_after=None
[2026-03-18T16:23:03.294+0100] {processor.py:208} INFO - Processing /Users/atanasivanov/ipo-intel/ipo-intel/.venv_airflow/lib/python3.11/site-packages/airflow/example_dags/example_subdag_operator.py took 0.191 seconds
[2026-03-18T16:25:07.515+0100] {processor.py:186} INFO - Started process (PID=46414) to work on /Users/atanasivanov/ipo-intel/ipo-intel/.venv_airflow/lib/python3.11/site-packages/airflow/example_dags/example_subdag_operator.py
[2026-03-18T16:25:07.516+0100] {processor.py:914} INFO - Processing file /Users/atanasivanov/ipo-intel/ipo-intel/.venv_airflow/lib/python3.11/site-packages/airflow/example_dags/example_subdag_operator.py for tasks to queue
[2026-03-18T16:25:07.517+0100] {logging_mixin.py:190} INFO - [2026-03-18T16:25:07.517+0100] {dagbag.py:588} INFO - Filling up the DagBag from /Users/atanasivanov/ipo-intel/ipo-intel/.venv_airflow/lib/python3.11/site-packages/airflow/example_dags/example_subdag_operator.py
[2026-03-18T16:25:07.604+0100] {processor.py:925} INFO - DAG(s) 'example_subdag_operator.section-1', 'example_subdag_operator.section-2', 'example_subdag_operator' retrieved from /Users/atanasivanov/ipo-intel/ipo-intel/.venv_airflow/lib/python3.11/site-packages/airflow/example_dags/example_subdag_operator.py
[2026-03-18T16:25:07.615+0100] {logging_mixin.py:190} INFO - [2026-03-18T16:25:07.615+0100] {workday.py:41} WARNING - Could not import pandas. Holidays will not be considered.
[2026-03-18T16:25:07.628+0100] {logging_mixin.py:190} INFO - [2026-03-18T16:25:07.628+0100] {dag.py:3239} INFO - Sync 3 DAGs
[2026-03-18T16:25:07.640+0100] {logging_mixin.py:190} INFO - [2026-03-18T16:25:07.640+0100] {dag.py:4180} INFO - Setting next_dagrun for example_subdag_operator to 2022-01-01 00:00:00+00:00, run_after=2022-01-01 00:00:00+00:00
[2026-03-18T16:25:07.643+0100] {logging_mixin.py:190} INFO - [2026-03-18T16:25:07.643+0100] {dag.py:4180} INFO - Setting next_dagrun for example_subdag_operator.section-1 to None, run_after=None
[2026-03-18T16:25:07.644+0100] {logging_mixin.py:190} INFO - [2026-03-18T16:25:07.644+0100] {dag.py:4180} INFO - Setting next_dagrun for example_subdag_operator.section-2 to None, run_after=None
[2026-03-18T16:25:07.648+0100] {logging_mixin.py:190} INFO - [2026-03-18T16:25:07.648+0100] {dag.py:3239} INFO - Sync 2 DAGs
[2026-03-18T16:25:07.701+0100] {logging_mixin.py:190} INFO - [2026-03-18T16:25:07.700+0100] {dag.py:4180} INFO - Setting next_dagrun for example_subdag_operator.section-1 to None, run_after=None
[2026-03-18T16:25:07.701+0100] {logging_mixin.py:190} INFO - [2026-03-18T16:25:07.701+0100] {dag.py:4180} INFO - Setting next_dagrun for example_subdag_operator.section-2 to None, run_after=None
[2026-03-18T16:25:07.713+0100] {processor.py:208} INFO - Processing /Users/atanasivanov/ipo-intel/ipo-intel/.venv_airflow/lib/python3.11/site-packages/airflow/example_dags/example_subdag_operator.py took 0.203 seconds
[2026-03-18T16:27:09.306+0100] {processor.py:186} INFO - Started process (PID=46991) to work on /Users/atanasivanov/ipo-intel/ipo-intel/.venv_airflow/lib/python3.11/site-packages/airflow/example_dags/example_subdag_operator.py
[2026-03-18T16:27:09.307+0100] {processor.py:914} INFO - Processing file /Users/atanasivanov/ipo-intel/ipo-intel/.venv_airflow/lib/python3.11/site-packages/airflow/example_dags/example_subdag_operator.py for tasks to queue
[2026-03-18T16:27:09.308+0100] {logging_mixin.py:190} INFO - [2026-03-18T16:27:09.308+0100] {dagbag.py:588} INFO - Filling up the DagBag from /Users/atanasivanov/ipo-intel/ipo-intel/.venv_airflow/lib/python3.11/site-packages/airflow/example_dags/example_subdag_operator.py
[2026-03-18T16:27:09.394+0100] {processor.py:925} INFO - DAG(s) 'example_subdag_operator.section-1', 'example_subdag_operator.section-2', 'example_subdag_operator' retrieved from /Users/atanasivanov/ipo-intel/ipo-intel/.venv_airflow/lib/python3.11/site-packages/airflow/example_dags/example_subdag_operator.py
[2026-03-18T16:27:09.405+0100] {logging_mixin.py:190} INFO - [2026-03-18T16:27:09.404+0100] {workday.py:41} WARNING - Could not import pandas. Holidays will not be considered.
[2026-03-18T16:27:09.418+0100] {logging_mixin.py:190} INFO - [2026-03-18T16:27:09.418+0100] {dag.py:3239} INFO - Sync 3 DAGs
[2026-03-18T16:27:09.431+0100] {logging_mixin.py:190} INFO - [2026-03-18T16:27:09.431+0100] {dag.py:4180} INFO - Setting next_dagrun for example_subdag_operator to 2022-01-01 00:00:00+00:00, run_after=2022-01-01 00:00:00+00:00
[2026-03-18T16:27:09.434+0100] {logging_mixin.py:190} INFO - [2026-03-18T16:27:09.434+0100] {dag.py:4180} INFO - Setting next_dagrun for example_subdag_operator.section-1 to None, run_after=None
[2026-03-18T16:27:09.435+0100] {logging_mixin.py:190} INFO - [2026-03-18T16:27:09.435+0100] {dag.py:4180} INFO - Setting next_dagrun for example_subdag_operator.section-2 to None, run_after=None
[2026-03-18T16:27:09.439+0100] {logging_mixin.py:190} INFO - [2026-03-18T16:27:09.439+0100] {dag.py:3239} INFO - Sync 2 DAGs
[2026-03-18T16:27:09.491+0100] {logging_mixin.py:190} INFO - [2026-03-18T16:27:09.490+0100] {dag.py:4180} INFO - Setting next_dagrun for example_subdag_operator.section-1 to None, run_after=None
[2026-03-18T16:27:09.491+0100] {logging_mixin.py:190} INFO - [2026-03-18T16:27:09.491+0100] {dag.py:4180} INFO - Setting next_dagrun for example_subdag_operator.section-2 to None, run_after=None
[2026-03-18T16:27:09.503+0100] {processor.py:208} INFO - Processing /Users/atanasivanov/ipo-intel/ipo-intel/.venv_airflow/lib/python3.11/site-packages/airflow/example_dags/example_subdag_operator.py took 0.202 seconds
[2026-03-18T16:29:14.168+0100] {processor.py:186} INFO - Started process (PID=48013) to work on /Users/atanasivanov/ipo-intel/ipo-intel/.venv_airflow/lib/python3.11/site-packages/airflow/example_dags/example_subdag_operator.py
[2026-03-18T16:29:14.169+0100] {processor.py:914} INFO - Processing file /Users/atanasivanov/ipo-intel/ipo-intel/.venv_airflow/lib/python3.11/site-packages/airflow/example_dags/example_subdag_operator.py for tasks to queue
[2026-03-18T16:29:14.170+0100] {logging_mixin.py:190} INFO - [2026-03-18T16:29:14.169+0100] {dagbag.py:588} INFO - Filling up the DagBag from /Users/atanasivanov/ipo-intel/ipo-intel/.venv_airflow/lib/python3.11/site-packages/airflow/example_dags/example_subdag_operator.py
[2026-03-18T16:29:14.269+0100] {processor.py:925} INFO - DAG(s) 'example_subdag_operator.section-1', 'example_subdag_operator.section-2', 'example_subdag_operator' retrieved from /Users/atanasivanov/ipo-intel/ipo-intel/.venv_airflow/lib/python3.11/site-packages/airflow/example_dags/example_subdag_operator.py
[2026-03-18T16:29:14.281+0100] {logging_mixin.py:190} INFO - [2026-03-18T16:29:14.281+0100] {workday.py:41} WARNING - Could not import pandas. Holidays will not be considered.
[2026-03-18T16:29:14.297+0100] {logging_mixin.py:190} INFO - [2026-03-18T16:29:14.297+0100] {dag.py:3239} INFO - Sync 3 DAGs
[2026-03-18T16:29:14.312+0100] {logging_mixin.py:190} INFO - [2026-03-18T16:29:14.311+0100] {dag.py:4180} INFO - Setting next_dagrun for example_subdag_operator to 2022-01-01 00:00:00+00:00, run_after=2022-01-01 00:00:00+00:00
[2026-03-18T16:29:14.315+0100] {logging_mixin.py:190} INFO - [2026-03-18T16:29:14.315+0100] {dag.py:4180} INFO - Setting next_dagrun for example_subdag_operator.section-1 to None, run_after=None
[2026-03-18T16:29:14.316+0100] {logging_mixin.py:190} INFO - [2026-03-18T16:29:14.316+0100] {dag.py:4180} INFO - Setting next_dagrun for example_subdag_operator.section-2 to None, run_after=None
[2026-03-18T16:29:14.320+0100] {logging_mixin.py:190} INFO - [2026-03-18T16:29:14.320+0100] {dag.py:3239} INFO - Sync 2 DAGs
[2026-03-18T16:29:14.371+0100] {logging_mixin.py:190} INFO - [2026-03-18T16:29:14.371+0100] {dag.py:4180} INFO - Setting next_dagrun for example_subdag_operator.section-1 to None, run_after=None
[2026-03-18T16:29:14.371+0100] {logging_mixin.py:190} INFO - [2026-03-18T16:29:14.371+0100] {dag.py:4180} INFO - Setting next_dagrun for example_subdag_operator.section-2 to None, run_after=None
[2026-03-18T16:29:14.382+0100] {processor.py:208} INFO - Processing /Users/atanasivanov/ipo-intel/ipo-intel/.venv_airflow/lib/python3.11/site-packages/airflow/example_dags/example_subdag_operator.py took 0.220 seconds
[2026-03-18T16:31:08.614+0100] {processor.py:186} INFO - Started process (PID=48426) to work on /Users/atanasivanov/ipo-intel/ipo-intel/.venv_airflow/lib/python3.11/site-packages/airflow/example_dags/example_subdag_operator.py
[2026-03-18T16:31:08.615+0100] {processor.py:914} INFO - Processing file /Users/atanasivanov/ipo-intel/ipo-intel/.venv_airflow/lib/python3.11/site-packages/airflow/example_dags/example_subdag_operator.py for tasks to queue
[2026-03-18T16:31:08.616+0100] {logging_mixin.py:190} INFO - [2026-03-18T16:31:08.616+0100] {dagbag.py:588} INFO - Filling up the DagBag from /Users/atanasivanov/ipo-intel/ipo-intel/.venv_airflow/lib/python3.11/site-packages/airflow/example_dags/example_subdag_operator.py
[2026-03-18T16:31:08.699+0100] {processor.py:925} INFO - DAG(s) 'example_subdag_operator.section-1', 'example_subdag_operator.section-2', 'example_subdag_operator' retrieved from /Users/atanasivanov/ipo-intel/ipo-intel/.venv_airflow/lib/python3.11/site-packages/airflow/example_dags/example_subdag_operator.py
[2026-03-18T16:31:08.709+0100] {logging_mixin.py:190} INFO - [2026-03-18T16:31:08.709+0100] {workday.py:41} WARNING - Could not import pandas. Holidays will not be considered.
[2026-03-18T16:31:08.722+0100] {logging_mixin.py:190} INFO - [2026-03-18T16:31:08.722+0100] {dag.py:3239} INFO - Sync 3 DAGs
[2026-03-18T16:31:08.735+0100] {logging_mixin.py:190} INFO - [2026-03-18T16:31:08.735+0100] {dag.py:4180} INFO - Setting next_dagrun for example_subdag_operator to 2022-01-01 00:00:00+00:00, run_after=2022-01-01 00:00:00+00:00
[2026-03-18T16:31:08.738+0100] {logging_mixin.py:190} INFO - [2026-03-18T16:31:08.738+0100] {dag.py:4180} INFO - Setting next_dagrun for example_subdag_operator.section-1 to None, run_after=None
[2026-03-18T16:31:08.739+0100] {logging_mixin.py:190} INFO - [2026-03-18T16:31:08.738+0100] {dag.py:4180} INFO - Setting next_dagrun for example_subdag_operator.section-2 to None, run_after=None
[2026-03-18T16:31:08.742+0100] {logging_mixin.py:190} INFO - [2026-03-18T16:31:08.742+0100] {dag.py:3239} INFO - Sync 2 DAGs
[2026-03-18T16:31:08.793+0100] {logging_mixin.py:190} INFO - [2026-03-18T16:31:08.793+0100] {dag.py:4180} INFO - Setting next_dagrun for example_subdag_operator.section-1 to None, run_after=None
[2026-03-18T16:31:08.793+0100] {logging_mixin.py:190} INFO - [2026-03-18T16:31:08.793+0100] {dag.py:4180} INFO - Setting next_dagrun for example_subdag_operator.section-2 to None, run_after=None
[2026-03-18T16:31:08.805+0100] {processor.py:208} INFO - Processing /Users/atanasivanov/ipo-intel/ipo-intel/.venv_airflow/lib/python3.11/site-packages/airflow/example_dags/example_subdag_operator.py took 0.196 seconds
[2026-03-18T16:33:01.680+0100] {processor.py:186} INFO - Started process (PID=48835) to work on /Users/atanasivanov/ipo-intel/ipo-intel/.venv_airflow/lib/python3.11/site-packages/airflow/example_dags/example_subdag_operator.py
[2026-03-18T16:33:01.681+0100] {processor.py:914} INFO - Processing file /Users/atanasivanov/ipo-intel/ipo-intel/.venv_airflow/lib/python3.11/site-packages/airflow/example_dags/example_subdag_operator.py for tasks to queue
[2026-03-18T16:33:01.681+0100] {logging_mixin.py:190} INFO - [2026-03-18T16:33:01.681+0100] {dagbag.py:588} INFO - Filling up the DagBag from /Users/atanasivanov/ipo-intel/ipo-intel/.venv_airflow/lib/python3.11/site-packages/airflow/example_dags/example_subdag_operator.py
[2026-03-18T16:33:01.763+0100] {processor.py:925} INFO - DAG(s) 'example_subdag_operator.section-1', 'example_subdag_operator.section-2', 'example_subdag_operator' retrieved from /Users/atanasivanov/ipo-intel/ipo-intel/.venv_airflow/lib/python3.11/site-packages/airflow/example_dags/example_subdag_operator.py
[2026-03-18T16:33:01.773+0100] {logging_mixin.py:190} INFO - [2026-03-18T16:33:01.773+0100] {workday.py:41} WARNING - Could not import pandas. Holidays will not be considered.
[2026-03-18T16:33:01.787+0100] {logging_mixin.py:190} INFO - [2026-03-18T16:33:01.786+0100] {dag.py:3239} INFO - Sync 3 DAGs
[2026-03-18T16:33:01.799+0100] {logging_mixin.py:190} INFO - [2026-03-18T16:33:01.799+0100] {dag.py:4180} INFO - Setting next_dagrun for example_subdag_operator to 2022-01-01 00:00:00+00:00, run_after=2022-01-01 00:00:00+00:00
[2026-03-18T16:33:01.802+0100] {logging_mixin.py:190} INFO - [2026-03-18T16:33:01.802+0100] {dag.py:4180} INFO - Setting next_dagrun for example_subdag_operator.section-1 to None, run_after=None
[2026-03-18T16:33:01.803+0100] {logging_mixin.py:190} INFO - [2026-03-18T16:33:01.803+0100] {dag.py:4180} INFO - Setting next_dagrun for example_subdag_operator.section-2 to None, run_after=None
[2026-03-18T16:33:01.807+0100] {logging_mixin.py:190} INFO - [2026-03-18T16:33:01.806+0100] {dag.py:3239} INFO - Sync 2 DAGs
[2026-03-18T16:33:01.856+0100] {logging_mixin.py:190} INFO - [2026-03-18T16:33:01.856+0100] {dag.py:4180} INFO - Setting next_dagrun for example_subdag_operator.section-1 to None, run_after=None
[2026-03-18T16:33:01.857+0100] {logging_mixin.py:190} INFO - [2026-03-18T16:33:01.857+0100] {dag.py:4180} INFO - Setting next_dagrun for example_subdag_operator.section-2 to None, run_after=None
[2026-03-18T16:33:01.868+0100] {processor.py:208} INFO - Processing /Users/atanasivanov/ipo-intel/ipo-intel/.venv_airflow/lib/python3.11/site-packages/airflow/example_dags/example_subdag_operator.py took 0.194 seconds
[2026-03-18T16:34:56.765+0100] {processor.py:186} INFO - Started process (PID=49258) to work on /Users/atanasivanov/ipo-intel/ipo-intel/.venv_airflow/lib/python3.11/site-packages/airflow/example_dags/example_subdag_operator.py
[2026-03-18T16:34:56.766+0100] {processor.py:914} INFO - Processing file /Users/atanasivanov/ipo-intel/ipo-intel/.venv_airflow/lib/python3.11/site-packages/airflow/example_dags/example_subdag_operator.py for tasks to queue
[2026-03-18T16:34:56.767+0100] {logging_mixin.py:190} INFO - [2026-03-18T16:34:56.767+0100] {dagbag.py:588} INFO - Filling up the DagBag from /Users/atanasivanov/ipo-intel/ipo-intel/.venv_airflow/lib/python3.11/site-packages/airflow/example_dags/example_subdag_operator.py
[2026-03-18T16:34:56.865+0100] {processor.py:925} INFO - DAG(s) 'example_subdag_operator.section-1', 'example_subdag_operator.section-2', 'example_subdag_operator' retrieved from /Users/atanasivanov/ipo-intel/ipo-intel/.venv_airflow/lib/python3.11/site-packages/airflow/example_dags/example_subdag_operator.py
[2026-03-18T16:34:56.877+0100] {logging_mixin.py:190} INFO - [2026-03-18T16:34:56.877+0100] {workday.py:41} WARNING - Could not import pandas. Holidays will not be considered.
[2026-03-18T16:34:56.892+0100] {logging_mixin.py:190} INFO - [2026-03-18T16:34:56.892+0100] {dag.py:3239} INFO - Sync 3 DAGs
[2026-03-18T16:34:56.907+0100] {logging_mixin.py:190} INFO - [2026-03-18T16:34:56.907+0100] {dag.py:4180} INFO - Setting next_dagrun for example_subdag_operator to 2022-01-01 00:00:00+00:00, run_after=2022-01-01 00:00:00+00:00
[2026-03-18T16:34:56.910+0100] {logging_mixin.py:190} INFO - [2026-03-18T16:34:56.910+0100] {dag.py:4180} INFO - Setting next_dagrun for example_subdag_operator.section-1 to None, run_after=None
[2026-03-18T16:34:56.911+0100] {logging_mixin.py:190} INFO - [2026-03-18T16:34:56.911+0100] {dag.py:4180} INFO - Setting next_dagrun for example_subdag_operator.section-2 to None, run_after=None
[2026-03-18T16:34:56.916+0100] {logging_mixin.py:190} INFO - [2026-03-18T16:34:56.916+0100] {dag.py:3239} INFO - Sync 2 DAGs
[2026-03-18T16:34:56.971+0100] {logging_mixin.py:190} INFO - [2026-03-18T16:34:56.971+0100] {dag.py:4180} INFO - Setting next_dagrun for example_subdag_operator.section-1 to None, run_after=None
[2026-03-18T16:34:56.971+0100] {logging_mixin.py:190} INFO - [2026-03-18T16:34:56.971+0100] {dag.py:4180} INFO - Setting next_dagrun for example_subdag_operator.section-2 to None, run_after=None
[2026-03-18T16:34:56.983+0100] {processor.py:208} INFO - Processing /Users/atanasivanov/ipo-intel/ipo-intel/.venv_airflow/lib/python3.11/site-packages/airflow/example_dags/example_subdag_operator.py took 0.223 seconds
[2026-03-18T16:36:50.609+0100] {processor.py:186} INFO - Started process (PID=49672) to work on /Users/atanasivanov/ipo-intel/ipo-intel/.venv_airflow/lib/python3.11/site-packages/airflow/example_dags/example_subdag_operator.py
[2026-03-18T16:36:50.610+0100] {processor.py:914} INFO - Processing file /Users/atanasivanov/ipo-intel/ipo-intel/.venv_airflow/lib/python3.11/site-packages/airflow/example_dags/example_subdag_operator.py for tasks to queue
[2026-03-18T16:36:50.611+0100] {logging_mixin.py:190} INFO - [2026-03-18T16:36:50.611+0100] {dagbag.py:588} INFO - Filling up the DagBag from /Users/atanasivanov/ipo-intel/ipo-intel/.venv_airflow/lib/python3.11/site-packages/airflow/example_dags/example_subdag_operator.py
[2026-03-18T16:36:50.693+0100] {processor.py:925} INFO - DAG(s) 'example_subdag_operator.section-1', 'example_subdag_operator.section-2', 'example_subdag_operator' retrieved from /Users/atanasivanov/ipo-intel/ipo-intel/.venv_airflow/lib/python3.11/site-packages/airflow/example_dags/example_subdag_operator.py
[2026-03-18T16:36:50.704+0100] {logging_mixin.py:190} INFO - [2026-03-18T16:36:50.704+0100] {workday.py:41} WARNING - Could not import pandas. Holidays will not be considered.
[2026-03-18T16:36:50.717+0100] {logging_mixin.py:190} INFO - [2026-03-18T16:36:50.717+0100] {dag.py:3239} INFO - Sync 3 DAGs
[2026-03-18T16:36:50.729+0100] {logging_mixin.py:190} INFO - [2026-03-18T16:36:50.729+0100] {dag.py:4180} INFO - Setting next_dagrun for example_subdag_operator to 2022-01-01 00:00:00+00:00, run_after=2022-01-01 00:00:00+00:00
[2026-03-18T16:36:50.732+0100] {logging_mixin.py:190} INFO - [2026-03-18T16:36:50.732+0100] {dag.py:4180} INFO - Setting next_dagrun for example_subdag_operator.section-1 to None, run_after=None
[2026-03-18T16:36:50.733+0100] {logging_mixin.py:190} INFO - [2026-03-18T16:36:50.733+0100] {dag.py:4180} INFO - Setting next_dagrun for example_subdag_operator.section-2 to None, run_after=None
[2026-03-18T16:36:50.737+0100] {logging_mixin.py:190} INFO - [2026-03-18T16:36:50.736+0100] {dag.py:3239} INFO - Sync 2 DAGs
[2026-03-18T16:36:50.786+0100] {logging_mixin.py:190} INFO - [2026-03-18T16:36:50.786+0100] {dag.py:4180} INFO - Setting next_dagrun for example_subdag_operator.section-1 to None, run_after=None
[2026-03-18T16:36:50.787+0100] {logging_mixin.py:190} INFO - [2026-03-18T16:36:50.787+0100] {dag.py:4180} INFO - Setting next_dagrun for example_subdag_operator.section-2 to None, run_after=None
[2026-03-18T16:36:50.798+0100] {processor.py:208} INFO - Processing /Users/atanasivanov/ipo-intel/ipo-intel/.venv_airflow/lib/python3.11/site-packages/airflow/example_dags/example_subdag_operator.py took 0.194 seconds
[2026-03-18T16:38:42.236+0100] {processor.py:186} INFO - Started process (PID=50074) to work on /Users/atanasivanov/ipo-intel/ipo-intel/.venv_airflow/lib/python3.11/site-packages/airflow/example_dags/example_subdag_operator.py
[2026-03-18T16:38:42.237+0100] {processor.py:914} INFO - Processing file /Users/atanasivanov/ipo-intel/ipo-intel/.venv_airflow/lib/python3.11/site-packages/airflow/example_dags/example_subdag_operator.py for tasks to queue
[2026-03-18T16:38:42.238+0100] {logging_mixin.py:190} INFO - [2026-03-18T16:38:42.238+0100] {dagbag.py:588} INFO - Filling up the DagBag from /Users/atanasivanov/ipo-intel/ipo-intel/.venv_airflow/lib/python3.11/site-packages/airflow/example_dags/example_subdag_operator.py
[2026-03-18T16:38:42.323+0100] {processor.py:925} INFO - DAG(s) 'example_subdag_operator.section-1', 'example_subdag_operator.section-2', 'example_subdag_operator' retrieved from /Users/atanasivanov/ipo-intel/ipo-intel/.venv_airflow/lib/python3.11/site-packages/airflow/example_dags/example_subdag_operator.py
[2026-03-18T16:38:42.333+0100] {logging_mixin.py:190} INFO - [2026-03-18T16:38:42.333+0100] {workday.py:41} WARNING - Could not import pandas. Holidays will not be considered.
[2026-03-18T16:38:42.346+0100] {logging_mixin.py:190} INFO - [2026-03-18T16:38:42.346+0100] {dag.py:3239} INFO - Sync 3 DAGs
[2026-03-18T16:38:42.358+0100] {logging_mixin.py:190} INFO - [2026-03-18T16:38:42.358+0100] {dag.py:4180} INFO - Setting next_dagrun for example_subdag_operator to 2022-01-01 00:00:00+00:00, run_after=2022-01-01 00:00:00+00:00
[2026-03-18T16:38:42.361+0100] {logging_mixin.py:190} INFO - [2026-03-18T16:38:42.361+0100] {dag.py:4180} INFO - Setting next_dagrun for example_subdag_operator.section-1 to None, run_after=None
[2026-03-18T16:38:42.362+0100] {logging_mixin.py:190} INFO - [2026-03-18T16:38:42.362+0100] {dag.py:4180} INFO - Setting next_dagrun for example_subdag_operator.section-2 to None, run_after=None
[2026-03-18T16:38:42.366+0100] {logging_mixin.py:190} INFO - [2026-03-18T16:38:42.366+0100] {dag.py:3239} INFO - Sync 2 DAGs
[2026-03-18T16:38:42.416+0100] {logging_mixin.py:190} INFO - [2026-03-18T16:38:42.416+0100] {dag.py:4180} INFO - Setting next_dagrun for example_subdag_operator.section-1 to None, run_after=None
[2026-03-18T16:38:42.417+0100] {logging_mixin.py:190} INFO - [2026-03-18T16:38:42.417+0100] {dag.py:4180} INFO - Setting next_dagrun for example_subdag_operator.section-2 to None, run_after=None
[2026-03-18T16:38:42.429+0100] {processor.py:208} INFO - Processing /Users/atanasivanov/ipo-intel/ipo-intel/.venv_airflow/lib/python3.11/site-packages/airflow/example_dags/example_subdag_operator.py took 0.198 seconds
[2026-03-18T16:40:45.109+0100] {processor.py:186} INFO - Started process (PID=51427) to work on /Users/atanasivanov/ipo-intel/ipo-intel/.venv_airflow/lib/python3.11/site-packages/airflow/example_dags/example_subdag_operator.py
[2026-03-18T16:40:45.110+0100] {processor.py:914} INFO - Processing file /Users/atanasivanov/ipo-intel/ipo-intel/.venv_airflow/lib/python3.11/site-packages/airflow/example_dags/example_subdag_operator.py for tasks to queue
[2026-03-18T16:40:45.111+0100] {logging_mixin.py:190} INFO - [2026-03-18T16:40:45.110+0100] {dagbag.py:588} INFO - Filling up the DagBag from /Users/atanasivanov/ipo-intel/ipo-intel/.venv_airflow/lib/python3.11/site-packages/airflow/example_dags/example_subdag_operator.py
[2026-03-18T16:40:45.197+0100] {processor.py:925} INFO - DAG(s) 'example_subdag_operator.section-1', 'example_subdag_operator.section-2', 'example_subdag_operator' retrieved from /Users/atanasivanov/ipo-intel/ipo-intel/.venv_airflow/lib/python3.11/site-packages/airflow/example_dags/example_subdag_operator.py
[2026-03-18T16:40:45.210+0100] {logging_mixin.py:190} INFO - [2026-03-18T16:40:45.209+0100] {workday.py:41} WARNING - Could not import pandas. Holidays will not be considered.
[2026-03-18T16:40:45.224+0100] {logging_mixin.py:190} INFO - [2026-03-18T16:40:45.224+0100] {dag.py:3239} INFO - Sync 3 DAGs
[2026-03-18T16:40:45.237+0100] {logging_mixin.py:190} INFO - [2026-03-18T16:40:45.237+0100] {dag.py:4180} INFO - Setting next_dagrun for example_subdag_operator to 2022-01-01 00:00:00+00:00, run_after=2022-01-01 00:00:00+00:00
[2026-03-18T16:40:45.240+0100] {logging_mixin.py:190} INFO - [2026-03-18T16:40:45.240+0100] {dag.py:4180} INFO - Setting next_dagrun for example_subdag_operator.section-1 to None, run_after=None
[2026-03-18T16:40:45.241+0100] {logging_mixin.py:190} INFO - [2026-03-18T16:40:45.241+0100] {dag.py:4180} INFO - Setting next_dagrun for example_subdag_operator.section-2 to None, run_after=None
[2026-03-18T16:40:45.245+0100] {logging_mixin.py:190} INFO - [2026-03-18T16:40:45.244+0100] {dag.py:3239} INFO - Sync 2 DAGs
[2026-03-18T16:40:45.296+0100] {logging_mixin.py:190} INFO - [2026-03-18T16:40:45.296+0100] {dag.py:4180} INFO - Setting next_dagrun for example_subdag_operator.section-1 to None, run_after=None
[2026-03-18T16:40:45.296+0100] {logging_mixin.py:190} INFO - [2026-03-18T16:40:45.296+0100] {dag.py:4180} INFO - Setting next_dagrun for example_subdag_operator.section-2 to None, run_after=None
[2026-03-18T16:40:45.307+0100] {processor.py:208} INFO - Processing /Users/atanasivanov/ipo-intel/ipo-intel/.venv_airflow/lib/python3.11/site-packages/airflow/example_dags/example_subdag_operator.py took 0.204 seconds
[2026-03-18T16:42:48.545+0100] {processor.py:186} INFO - Started process (PID=52084) to work on /Users/atanasivanov/ipo-intel/ipo-intel/.venv_airflow/lib/python3.11/site-packages/airflow/example_dags/example_subdag_operator.py
[2026-03-18T16:42:48.546+0100] {processor.py:914} INFO - Processing file /Users/atanasivanov/ipo-intel/ipo-intel/.venv_airflow/lib/python3.11/site-packages/airflow/example_dags/example_subdag_operator.py for tasks to queue
[2026-03-18T16:42:48.547+0100] {logging_mixin.py:190} INFO - [2026-03-18T16:42:48.546+0100] {dagbag.py:588} INFO - Filling up the DagBag from /Users/atanasivanov/ipo-intel/ipo-intel/.venv_airflow/lib/python3.11/site-packages/airflow/example_dags/example_subdag_operator.py
[2026-03-18T16:42:48.631+0100] {processor.py:925} INFO - DAG(s) 'example_subdag_operator.section-1', 'example_subdag_operator.section-2', 'example_subdag_operator' retrieved from /Users/atanasivanov/ipo-intel/ipo-intel/.venv_airflow/lib/python3.11/site-packages/airflow/example_dags/example_subdag_operator.py
[2026-03-18T16:42:48.641+0100] {logging_mixin.py:190} INFO - [2026-03-18T16:42:48.641+0100] {workday.py:41} WARNING - Could not import pandas. Holidays will not be considered.
[2026-03-18T16:42:48.654+0100] {logging_mixin.py:190} INFO - [2026-03-18T16:42:48.654+0100] {dag.py:3239} INFO - Sync 3 DAGs
[2026-03-18T16:42:48.667+0100] {logging_mixin.py:190} INFO - [2026-03-18T16:42:48.666+0100] {dag.py:4180} INFO - Setting next_dagrun for example_subdag_operator to 2022-01-01 00:00:00+00:00, run_after=2022-01-01 00:00:00+00:00
[2026-03-18T16:42:48.669+0100] {logging_mixin.py:190} INFO - [2026-03-18T16:42:48.669+0100] {dag.py:4180} INFO - Setting next_dagrun for example_subdag_operator.section-1 to None, run_after=None
[2026-03-18T16:42:48.670+0100] {logging_mixin.py:190} INFO - [2026-03-18T16:42:48.670+0100] {dag.py:4180} INFO - Setting next_dagrun for example_subdag_operator.section-2 to None, run_after=None
[2026-03-18T16:42:48.674+0100] {logging_mixin.py:190} INFO - [2026-03-18T16:42:48.674+0100] {dag.py:3239} INFO - Sync 2 DAGs
[2026-03-18T16:42:48.724+0100] {logging_mixin.py:190} INFO - [2026-03-18T16:42:48.724+0100] {dag.py:4180} INFO - Setting next_dagrun for example_subdag_operator.section-1 to None, run_after=None
[2026-03-18T16:42:48.724+0100] {logging_mixin.py:190} INFO - [2026-03-18T16:42:48.724+0100] {dag.py:4180} INFO - Setting next_dagrun for example_subdag_operator.section-2 to None, run_after=None
[2026-03-18T16:42:48.736+0100] {processor.py:208} INFO - Processing /Users/atanasivanov/ipo-intel/ipo-intel/.venv_airflow/lib/python3.11/site-packages/airflow/example_dags/example_subdag_operator.py took 0.196 seconds
[2026-03-18T16:48:25.929+0100] {processor.py:186} INFO - Started process (PID=53305) to work on /Users/atanasivanov/ipo-intel/ipo-intel/.venv_airflow/lib/python3.11/site-packages/airflow/example_dags/example_subdag_operator.py
[2026-03-18T16:48:25.930+0100] {processor.py:914} INFO - Processing file /Users/atanasivanov/ipo-intel/ipo-intel/.venv_airflow/lib/python3.11/site-packages/airflow/example_dags/example_subdag_operator.py for tasks to queue
[2026-03-18T16:48:25.931+0100] {logging_mixin.py:190} INFO - [2026-03-18T16:48:25.930+0100] {dagbag.py:588} INFO - Filling up the DagBag from /Users/atanasivanov/ipo-intel/ipo-intel/.venv_airflow/lib/python3.11/site-packages/airflow/example_dags/example_subdag_operator.py
[2026-03-18T16:48:26.014+0100] {processor.py:925} INFO - DAG(s) 'example_subdag_operator.section-1', 'example_subdag_operator.section-2', 'example_subdag_operator' retrieved from /Users/atanasivanov/ipo-intel/ipo-intel/.venv_airflow/lib/python3.11/site-packages/airflow/example_dags/example_subdag_operator.py
[2026-03-18T16:48:26.025+0100] {logging_mixin.py:190} INFO - [2026-03-18T16:48:26.025+0100] {workday.py:41} WARNING - Could not import pandas. Holidays will not be considered.
[2026-03-18T16:48:26.038+0100] {logging_mixin.py:190} INFO - [2026-03-18T16:48:26.038+0100] {dag.py:3239} INFO - Sync 3 DAGs
[2026-03-18T16:48:26.051+0100] {logging_mixin.py:190} INFO - [2026-03-18T16:48:26.050+0100] {dag.py:4180} INFO - Setting next_dagrun for example_subdag_operator to 2022-01-01 00:00:00+00:00, run_after=2022-01-01 00:00:00+00:00
[2026-03-18T16:48:26.053+0100] {logging_mixin.py:190} INFO - [2026-03-18T16:48:26.053+0100] {dag.py:4180} INFO - Setting next_dagrun for example_subdag_operator.section-1 to None, run_after=None
[2026-03-18T16:48:26.054+0100] {logging_mixin.py:190} INFO - [2026-03-18T16:48:26.054+0100] {dag.py:4180} INFO - Setting next_dagrun for example_subdag_operator.section-2 to None, run_after=None
[2026-03-18T16:48:26.058+0100] {logging_mixin.py:190} INFO - [2026-03-18T16:48:26.058+0100] {dag.py:3239} INFO - Sync 2 DAGs
[2026-03-18T16:48:26.107+0100] {logging_mixin.py:190} INFO - [2026-03-18T16:48:26.107+0100] {dag.py:4180} INFO - Setting next_dagrun for example_subdag_operator.section-1 to None, run_after=None
[2026-03-18T16:48:26.108+0100] {logging_mixin.py:190} INFO - [2026-03-18T16:48:26.108+0100] {dag.py:4180} INFO - Setting next_dagrun for example_subdag_operator.section-2 to None, run_after=None
[2026-03-18T16:48:26.119+0100] {processor.py:208} INFO - Processing /Users/atanasivanov/ipo-intel/ipo-intel/.venv_airflow/lib/python3.11/site-packages/airflow/example_dags/example_subdag_operator.py took 0.196 seconds
[2026-03-18T16:50:53.832+0100] {processor.py:186} INFO - Started process (PID=53839) to work on /Users/atanasivanov/ipo-intel/ipo-intel/.venv_airflow/lib/python3.11/site-packages/airflow/example_dags/example_subdag_operator.py
[2026-03-18T16:50:53.833+0100] {processor.py:914} INFO - Processing file /Users/atanasivanov/ipo-intel/ipo-intel/.venv_airflow/lib/python3.11/site-packages/airflow/example_dags/example_subdag_operator.py for tasks to queue
[2026-03-18T16:50:53.834+0100] {logging_mixin.py:190} INFO - [2026-03-18T16:50:53.834+0100] {dagbag.py:588} INFO - Filling up the DagBag from /Users/atanasivanov/ipo-intel/ipo-intel/.venv_airflow/lib/python3.11/site-packages/airflow/example_dags/example_subdag_operator.py
[2026-03-18T16:50:53.927+0100] {processor.py:925} INFO - DAG(s) 'example_subdag_operator.section-1', 'example_subdag_operator.section-2', 'example_subdag_operator' retrieved from /Users/atanasivanov/ipo-intel/ipo-intel/.venv_airflow/lib/python3.11/site-packages/airflow/example_dags/example_subdag_operator.py
[2026-03-18T16:50:53.941+0100] {logging_mixin.py:190} INFO - [2026-03-18T16:50:53.941+0100] {workday.py:41} WARNING - Could not import pandas. Holidays will not be considered.
[2026-03-18T16:50:53.959+0100] {logging_mixin.py:190} INFO - [2026-03-18T16:50:53.958+0100] {dag.py:3239} INFO - Sync 3 DAGs
[2026-03-18T16:50:53.976+0100] {logging_mixin.py:190} INFO - [2026-03-18T16:50:53.976+0100] {dag.py:4180} INFO - Setting next_dagrun for example_subdag_operator to 2022-01-01 00:00:00+00:00, run_after=2022-01-01 00:00:00+00:00
[2026-03-18T16:50:53.980+0100] {logging_mixin.py:190} INFO - [2026-03-18T16:50:53.980+0100] {dag.py:4180} INFO - Setting next_dagrun for example_subdag_operator.section-1 to None, run_after=None
[2026-03-18T16:50:53.981+0100] {logging_mixin.py:190} INFO - [2026-03-18T16:50:53.981+0100] {dag.py:4180} INFO - Setting next_dagrun for example_subdag_operator.section-2 to None, run_after=None
[2026-03-18T16:50:53.986+0100] {logging_mixin.py:190} INFO - [2026-03-18T16:50:53.986+0100] {dag.py:3239} INFO - Sync 2 DAGs
[2026-03-18T16:50:54.041+0100] {logging_mixin.py:190} INFO - [2026-03-18T16:50:54.041+0100] {dag.py:4180} INFO - Setting next_dagrun for example_subdag_operator.section-1 to None, run_after=None
[2026-03-18T16:50:54.042+0100] {logging_mixin.py:190} INFO - [2026-03-18T16:50:54.041+0100] {dag.py:4180} INFO - Setting next_dagrun for example_subdag_operator.section-2 to None, run_after=None
[2026-03-18T16:50:54.053+0100] {processor.py:208} INFO - Processing /Users/atanasivanov/ipo-intel/ipo-intel/.venv_airflow/lib/python3.11/site-packages/airflow/example_dags/example_subdag_operator.py took 0.226 seconds
[2026-03-18T16:52:56.803+0100] {processor.py:186} INFO - Started process (PID=54286) to work on /Users/atanasivanov/ipo-intel/ipo-intel/.venv_airflow/lib/python3.11/site-packages/airflow/example_dags/example_subdag_operator.py
[2026-03-18T16:52:56.804+0100] {processor.py:914} INFO - Processing file /Users/atanasivanov/ipo-intel/ipo-intel/.venv_airflow/lib/python3.11/site-packages/airflow/example_dags/example_subdag_operator.py for tasks to queue
[2026-03-18T16:52:56.805+0100] {logging_mixin.py:190} INFO - [2026-03-18T16:52:56.805+0100] {dagbag.py:588} INFO - Filling up the DagBag from /Users/atanasivanov/ipo-intel/ipo-intel/.venv_airflow/lib/python3.11/site-packages/airflow/example_dags/example_subdag_operator.py
[2026-03-18T16:52:56.899+0100] {processor.py:925} INFO - DAG(s) 'example_subdag_operator.section-1', 'example_subdag_operator.section-2', 'example_subdag_operator' retrieved from /Users/atanasivanov/ipo-intel/ipo-intel/.venv_airflow/lib/python3.11/site-packages/airflow/example_dags/example_subdag_operator.py
[2026-03-18T16:52:56.928+0100] {logging_mixin.py:190} INFO - [2026-03-18T16:52:56.928+0100] {workday.py:41} WARNING - Could not import pandas. Holidays will not be considered.
[2026-03-18T16:52:56.944+0100] {logging_mixin.py:190} INFO - [2026-03-18T16:52:56.944+0100] {dag.py:3239} INFO - Sync 3 DAGs
[2026-03-18T16:52:56.959+0100] {logging_mixin.py:190} INFO - [2026-03-18T16:52:56.958+0100] {dag.py:4180} INFO - Setting next_dagrun for example_subdag_operator to 2022-01-01 00:00:00+00:00, run_after=2022-01-01 00:00:00+00:00
[2026-03-18T16:52:56.962+0100] {logging_mixin.py:190} INFO - [2026-03-18T16:52:56.962+0100] {dag.py:4180} INFO - Setting next_dagrun for example_subdag_operator.section-1 to None, run_after=None
[2026-03-18T16:52:56.963+0100] {logging_mixin.py:190} INFO - [2026-03-18T16:52:56.963+0100] {dag.py:4180} INFO - Setting next_dagrun for example_subdag_operator.section-2 to None, run_after=None
[2026-03-18T16:52:56.967+0100] {logging_mixin.py:190} INFO - [2026-03-18T16:52:56.967+0100] {dag.py:3239} INFO - Sync 2 DAGs
[2026-03-18T16:52:57.021+0100] {logging_mixin.py:190} INFO - [2026-03-18T16:52:57.021+0100] {dag.py:4180} INFO - Setting next_dagrun for example_subdag_operator.section-1 to None, run_after=None
[2026-03-18T16:52:57.021+0100] {logging_mixin.py:190} INFO - [2026-03-18T16:52:57.021+0100] {dag.py:4180} INFO - Setting next_dagrun for example_subdag_operator.section-2 to None, run_after=None
[2026-03-18T16:52:57.033+0100] {processor.py:208} INFO - Processing /Users/atanasivanov/ipo-intel/ipo-intel/.venv_airflow/lib/python3.11/site-packages/airflow/example_dags/example_subdag_operator.py took 0.236 seconds
[2026-03-18T16:55:04.294+0100] {processor.py:186} INFO - Started process (PID=55058) to work on /Users/atanasivanov/ipo-intel/ipo-intel/.venv_airflow/lib/python3.11/site-packages/airflow/example_dags/example_subdag_operator.py
[2026-03-18T16:55:04.295+0100] {processor.py:914} INFO - Processing file /Users/atanasivanov/ipo-intel/ipo-intel/.venv_airflow/lib/python3.11/site-packages/airflow/example_dags/example_subdag_operator.py for tasks to queue
[2026-03-18T16:55:04.296+0100] {logging_mixin.py:190} INFO - [2026-03-18T16:55:04.296+0100] {dagbag.py:588} INFO - Filling up the DagBag from /Users/atanasivanov/ipo-intel/ipo-intel/.venv_airflow/lib/python3.11/site-packages/airflow/example_dags/example_subdag_operator.py
[2026-03-18T16:55:04.399+0100] {processor.py:925} INFO - DAG(s) 'example_subdag_operator.section-1', 'example_subdag_operator.section-2', 'example_subdag_operator' retrieved from /Users/atanasivanov/ipo-intel/ipo-intel/.venv_airflow/lib/python3.11/site-packages/airflow/example_dags/example_subdag_operator.py
[2026-03-18T16:55:04.413+0100] {logging_mixin.py:190} INFO - [2026-03-18T16:55:04.413+0100] {workday.py:41} WARNING - Could not import pandas. Holidays will not be considered.
[2026-03-18T16:55:04.430+0100] {logging_mixin.py:190} INFO - [2026-03-18T16:55:04.429+0100] {dag.py:3239} INFO - Sync 3 DAGs
[2026-03-18T16:55:04.445+0100] {logging_mixin.py:190} INFO - [2026-03-18T16:55:04.445+0100] {dag.py:4180} INFO - Setting next_dagrun for example_subdag_operator to 2022-01-01 00:00:00+00:00, run_after=2022-01-01 00:00:00+00:00
[2026-03-18T16:55:04.449+0100] {logging_mixin.py:190} INFO - [2026-03-18T16:55:04.449+0100] {dag.py:4180} INFO - Setting next_dagrun for example_subdag_operator.section-1 to None, run_after=None
[2026-03-18T16:55:04.450+0100] {logging_mixin.py:190} INFO - [2026-03-18T16:55:04.450+0100] {dag.py:4180} INFO - Setting next_dagrun for example_subdag_operator.section-2 to None, run_after=None
[2026-03-18T16:55:04.454+0100] {logging_mixin.py:190} INFO - [2026-03-18T16:55:04.454+0100] {dag.py:3239} INFO - Sync 2 DAGs
[2026-03-18T16:55:04.508+0100] {logging_mixin.py:190} INFO - [2026-03-18T16:55:04.508+0100] {dag.py:4180} INFO - Setting next_dagrun for example_subdag_operator.section-1 to None, run_after=None
[2026-03-18T16:55:04.509+0100] {logging_mixin.py:190} INFO - [2026-03-18T16:55:04.508+0100] {dag.py:4180} INFO - Setting next_dagrun for example_subdag_operator.section-2 to None, run_after=None
[2026-03-18T16:55:04.519+0100] {processor.py:208} INFO - Processing /Users/atanasivanov/ipo-intel/ipo-intel/.venv_airflow/lib/python3.11/site-packages/airflow/example_dags/example_subdag_operator.py took 0.233 seconds
[2026-03-18T16:57:07.293+0100] {processor.py:186} INFO - Started process (PID=55517) to work on /Users/atanasivanov/ipo-intel/ipo-intel/.venv_airflow/lib/python3.11/site-packages/airflow/example_dags/example_subdag_operator.py
[2026-03-18T16:57:07.294+0100] {processor.py:914} INFO - Processing file /Users/atanasivanov/ipo-intel/ipo-intel/.venv_airflow/lib/python3.11/site-packages/airflow/example_dags/example_subdag_operator.py for tasks to queue
[2026-03-18T16:57:07.295+0100] {logging_mixin.py:190} INFO - [2026-03-18T16:57:07.294+0100] {dagbag.py:588} INFO - Filling up the DagBag from /Users/atanasivanov/ipo-intel/ipo-intel/.venv_airflow/lib/python3.11/site-packages/airflow/example_dags/example_subdag_operator.py
[2026-03-18T16:57:07.375+0100] {processor.py:925} INFO - DAG(s) 'example_subdag_operator.section-1', 'example_subdag_operator.section-2', 'example_subdag_operator' retrieved from /Users/atanasivanov/ipo-intel/ipo-intel/.venv_airflow/lib/python3.11/site-packages/airflow/example_dags/example_subdag_operator.py
[2026-03-18T16:57:07.386+0100] {logging_mixin.py:190} INFO - [2026-03-18T16:57:07.386+0100] {workday.py:41} WARNING - Could not import pandas. Holidays will not be considered.
[2026-03-18T16:57:07.400+0100] {logging_mixin.py:190} INFO - [2026-03-18T16:57:07.399+0100] {dag.py:3239} INFO - Sync 3 DAGs
[2026-03-18T16:57:07.413+0100] {logging_mixin.py:190} INFO - [2026-03-18T16:57:07.413+0100] {dag.py:4180} INFO - Setting next_dagrun for example_subdag_operator to 2022-01-01 00:00:00+00:00, run_after=2022-01-01 00:00:00+00:00
[2026-03-18T16:57:07.417+0100] {logging_mixin.py:190} INFO - [2026-03-18T16:57:07.417+0100] {dag.py:4180} INFO - Setting next_dagrun for example_subdag_operator.section-1 to None, run_after=None
[2026-03-18T16:57:07.417+0100] {logging_mixin.py:190} INFO - [2026-03-18T16:57:07.417+0100] {dag.py:4180} INFO - Setting next_dagrun for example_subdag_operator.section-2 to None, run_after=None
[2026-03-18T16:57:07.421+0100] {logging_mixin.py:190} INFO - [2026-03-18T16:57:07.421+0100] {dag.py:3239} INFO - Sync 2 DAGs
[2026-03-18T16:57:07.472+0100] {logging_mixin.py:190} INFO - [2026-03-18T16:57:07.471+0100] {dag.py:4180} INFO - Setting next_dagrun for example_subdag_operator.section-1 to None, run_after=None
[2026-03-18T16:57:07.472+0100] {logging_mixin.py:190} INFO - [2026-03-18T16:57:07.472+0100] {dag.py:4180} INFO - Setting next_dagrun for example_subdag_operator.section-2 to None, run_after=None
[2026-03-18T16:57:07.483+0100] {processor.py:208} INFO - Processing /Users/atanasivanov/ipo-intel/ipo-intel/.venv_airflow/lib/python3.11/site-packages/airflow/example_dags/example_subdag_operator.py took 0.195 seconds
[2026-03-18T16:59:12.872+0100] {processor.py:186} INFO - Started process (PID=55975) to work on /Users/atanasivanov/ipo-intel/ipo-intel/.venv_airflow/lib/python3.11/site-packages/airflow/example_dags/example_subdag_operator.py
[2026-03-18T16:59:12.873+0100] {processor.py:914} INFO - Processing file /Users/atanasivanov/ipo-intel/ipo-intel/.venv_airflow/lib/python3.11/site-packages/airflow/example_dags/example_subdag_operator.py for tasks to queue
[2026-03-18T16:59:12.874+0100] {logging_mixin.py:190} INFO - [2026-03-18T16:59:12.874+0100] {dagbag.py:588} INFO - Filling up the DagBag from /Users/atanasivanov/ipo-intel/ipo-intel/.venv_airflow/lib/python3.11/site-packages/airflow/example_dags/example_subdag_operator.py
[2026-03-18T16:59:12.961+0100] {processor.py:925} INFO - DAG(s) 'example_subdag_operator.section-1', 'example_subdag_operator.section-2', 'example_subdag_operator' retrieved from /Users/atanasivanov/ipo-intel/ipo-intel/.venv_airflow/lib/python3.11/site-packages/airflow/example_dags/example_subdag_operator.py
[2026-03-18T16:59:12.972+0100] {logging_mixin.py:190} INFO - [2026-03-18T16:59:12.972+0100] {workday.py:41} WARNING - Could not import pandas. Holidays will not be considered.
[2026-03-18T16:59:12.987+0100] {logging_mixin.py:190} INFO - [2026-03-18T16:59:12.987+0100] {dag.py:3239} INFO - Sync 3 DAGs
[2026-03-18T16:59:13.000+0100] {logging_mixin.py:190} INFO - [2026-03-18T16:59:13.000+0100] {dag.py:4180} INFO - Setting next_dagrun for example_subdag_operator to 2022-01-01 00:00:00+00:00, run_after=2022-01-01 00:00:00+00:00
[2026-03-18T16:59:13.004+0100] {logging_mixin.py:190} INFO - [2026-03-18T16:59:13.003+0100] {dag.py:4180} INFO - Setting next_dagrun for example_subdag_operator.section-1 to None, run_after=None
[2026-03-18T16:59:13.004+0100] {logging_mixin.py:190} INFO - [2026-03-18T16:59:13.004+0100] {dag.py:4180} INFO - Setting next_dagrun for example_subdag_operator.section-2 to None, run_after=None
[2026-03-18T16:59:13.009+0100] {logging_mixin.py:190} INFO - [2026-03-18T16:59:13.008+0100] {dag.py:3239} INFO - Sync 2 DAGs
[2026-03-18T16:59:13.061+0100] {logging_mixin.py:190} INFO - [2026-03-18T16:59:13.061+0100] {dag.py:4180} INFO - Setting next_dagrun for example_subdag_operator.section-1 to None, run_after=None
[2026-03-18T16:59:13.062+0100] {logging_mixin.py:190} INFO - [2026-03-18T16:59:13.062+0100] {dag.py:4180} INFO - Setting next_dagrun for example_subdag_operator.section-2 to None, run_after=None
[2026-03-18T16:59:13.072+0100] {processor.py:208} INFO - Processing /Users/atanasivanov/ipo-intel/ipo-intel/.venv_airflow/lib/python3.11/site-packages/airflow/example_dags/example_subdag_operator.py took 0.206 seconds
[2026-03-18T17:01:13.913+0100] {processor.py:186} INFO - Started process (PID=56417) to work on /Users/atanasivanov/ipo-intel/ipo-intel/.venv_airflow/lib/python3.11/site-packages/airflow/example_dags/example_subdag_operator.py
[2026-03-18T17:01:13.914+0100] {processor.py:914} INFO - Processing file /Users/atanasivanov/ipo-intel/ipo-intel/.venv_airflow/lib/python3.11/site-packages/airflow/example_dags/example_subdag_operator.py for tasks to queue
[2026-03-18T17:01:13.914+0100] {logging_mixin.py:190} INFO - [2026-03-18T17:01:13.914+0100] {dagbag.py:588} INFO - Filling up the DagBag from /Users/atanasivanov/ipo-intel/ipo-intel/.venv_airflow/lib/python3.11/site-packages/airflow/example_dags/example_subdag_operator.py
[2026-03-18T17:01:13.995+0100] {processor.py:925} INFO - DAG(s) 'example_subdag_operator.section-1', 'example_subdag_operator.section-2', 'example_subdag_operator' retrieved from /Users/atanasivanov/ipo-intel/ipo-intel/.venv_airflow/lib/python3.11/site-packages/airflow/example_dags/example_subdag_operator.py
[2026-03-18T17:01:14.005+0100] {logging_mixin.py:190} INFO - [2026-03-18T17:01:14.005+0100] {workday.py:41} WARNING - Could not import pandas. Holidays will not be considered.
[2026-03-18T17:01:14.019+0100] {logging_mixin.py:190} INFO - [2026-03-18T17:01:14.019+0100] {dag.py:3239} INFO - Sync 3 DAGs
[2026-03-18T17:01:14.032+0100] {logging_mixin.py:190} INFO - [2026-03-18T17:01:14.032+0100] {dag.py:4180} INFO - Setting next_dagrun for example_subdag_operator to 2022-01-01 00:00:00+00:00, run_after=2022-01-01 00:00:00+00:00
[2026-03-18T17:01:14.036+0100] {logging_mixin.py:190} INFO - [2026-03-18T17:01:14.035+0100] {dag.py:4180} INFO - Setting next_dagrun for example_subdag_operator.section-1 to None, run_after=None
[2026-03-18T17:01:14.036+0100] {logging_mixin.py:190} INFO - [2026-03-18T17:01:14.036+0100] {dag.py:4180} INFO - Setting next_dagrun for example_subdag_operator.section-2 to None, run_after=None
[2026-03-18T17:01:14.041+0100] {logging_mixin.py:190} INFO - [2026-03-18T17:01:14.040+0100] {dag.py:3239} INFO - Sync 2 DAGs
[2026-03-18T17:01:14.094+0100] {logging_mixin.py:190} INFO - [2026-03-18T17:01:14.094+0100] {dag.py:4180} INFO - Setting next_dagrun for example_subdag_operator.section-1 to None, run_after=None
[2026-03-18T17:01:14.095+0100] {logging_mixin.py:190} INFO - [2026-03-18T17:01:14.094+0100] {dag.py:4180} INFO - Setting next_dagrun for example_subdag_operator.section-2 to None, run_after=None
[2026-03-18T17:01:14.105+0100] {processor.py:208} INFO - Processing /Users/atanasivanov/ipo-intel/ipo-intel/.venv_airflow/lib/python3.11/site-packages/airflow/example_dags/example_subdag_operator.py took 0.198 seconds
[2026-03-18T17:03:09.060+0100] {processor.py:186} INFO - Started process (PID=56839) to work on /Users/atanasivanov/ipo-intel/ipo-intel/.venv_airflow/lib/python3.11/site-packages/airflow/example_dags/example_subdag_operator.py
[2026-03-18T17:03:09.061+0100] {processor.py:914} INFO - Processing file /Users/atanasivanov/ipo-intel/ipo-intel/.venv_airflow/lib/python3.11/site-packages/airflow/example_dags/example_subdag_operator.py for tasks to queue
[2026-03-18T17:03:09.062+0100] {logging_mixin.py:190} INFO - [2026-03-18T17:03:09.062+0100] {dagbag.py:588} INFO - Filling up the DagBag from /Users/atanasivanov/ipo-intel/ipo-intel/.venv_airflow/lib/python3.11/site-packages/airflow/example_dags/example_subdag_operator.py
[2026-03-18T17:03:09.142+0100] {processor.py:925} INFO - DAG(s) 'example_subdag_operator.section-1', 'example_subdag_operator.section-2', 'example_subdag_operator' retrieved from /Users/atanasivanov/ipo-intel/ipo-intel/.venv_airflow/lib/python3.11/site-packages/airflow/example_dags/example_subdag_operator.py
[2026-03-18T17:03:09.152+0100] {logging_mixin.py:190} INFO - [2026-03-18T17:03:09.152+0100] {workday.py:41} WARNING - Could not import pandas. Holidays will not be considered.
[2026-03-18T17:03:09.166+0100] {logging_mixin.py:190} INFO - [2026-03-18T17:03:09.166+0100] {dag.py:3239} INFO - Sync 3 DAGs
[2026-03-18T17:03:09.179+0100] {logging_mixin.py:190} INFO - [2026-03-18T17:03:09.179+0100] {dag.py:4180} INFO - Setting next_dagrun for example_subdag_operator to 2022-01-01 00:00:00+00:00, run_after=2022-01-01 00:00:00+00:00
[2026-03-18T17:03:09.182+0100] {logging_mixin.py:190} INFO - [2026-03-18T17:03:09.182+0100] {dag.py:4180} INFO - Setting next_dagrun for example_subdag_operator.section-1 to None, run_after=None
[2026-03-18T17:03:09.183+0100] {logging_mixin.py:190} INFO - [2026-03-18T17:03:09.183+0100] {dag.py:4180} INFO - Setting next_dagrun for example_subdag_operator.section-2 to None, run_after=None
[2026-03-18T17:03:09.187+0100] {logging_mixin.py:190} INFO - [2026-03-18T17:03:09.187+0100] {dag.py:3239} INFO - Sync 2 DAGs
[2026-03-18T17:03:09.238+0100] {logging_mixin.py:190} INFO - [2026-03-18T17:03:09.238+0100] {dag.py:4180} INFO - Setting next_dagrun for example_subdag_operator.section-1 to None, run_after=None
[2026-03-18T17:03:09.238+0100] {logging_mixin.py:190} INFO - [2026-03-18T17:03:09.238+0100] {dag.py:4180} INFO - Setting next_dagrun for example_subdag_operator.section-2 to None, run_after=None
[2026-03-18T17:03:09.249+0100] {processor.py:208} INFO - Processing /Users/atanasivanov/ipo-intel/ipo-intel/.venv_airflow/lib/python3.11/site-packages/airflow/example_dags/example_subdag_operator.py took 0.194 seconds
[2026-03-18T17:05:04.980+0100] {processor.py:186} INFO - Started process (PID=57268) to work on /Users/atanasivanov/ipo-intel/ipo-intel/.venv_airflow/lib/python3.11/site-packages/airflow/example_dags/example_subdag_operator.py
[2026-03-18T17:05:04.981+0100] {processor.py:914} INFO - Processing file /Users/atanasivanov/ipo-intel/ipo-intel/.venv_airflow/lib/python3.11/site-packages/airflow/example_dags/example_subdag_operator.py for tasks to queue
[2026-03-18T17:05:04.981+0100] {logging_mixin.py:190} INFO - [2026-03-18T17:05:04.981+0100] {dagbag.py:588} INFO - Filling up the DagBag from /Users/atanasivanov/ipo-intel/ipo-intel/.venv_airflow/lib/python3.11/site-packages/airflow/example_dags/example_subdag_operator.py
[2026-03-18T17:05:05.064+0100] {processor.py:925} INFO - DAG(s) 'example_subdag_operator.section-1', 'example_subdag_operator.section-2', 'example_subdag_operator' retrieved from /Users/atanasivanov/ipo-intel/ipo-intel/.venv_airflow/lib/python3.11/site-packages/airflow/example_dags/example_subdag_operator.py
[2026-03-18T17:05:05.074+0100] {logging_mixin.py:190} INFO - [2026-03-18T17:05:05.074+0100] {workday.py:41} WARNING - Could not import pandas. Holidays will not be considered.
[2026-03-18T17:05:05.088+0100] {logging_mixin.py:190} INFO - [2026-03-18T17:05:05.088+0100] {dag.py:3239} INFO - Sync 3 DAGs
[2026-03-18T17:05:05.101+0100] {logging_mixin.py:190} INFO - [2026-03-18T17:05:05.101+0100] {dag.py:4180} INFO - Setting next_dagrun for example_subdag_operator to 2022-01-01 00:00:00+00:00, run_after=2022-01-01 00:00:00+00:00
[2026-03-18T17:05:05.104+0100] {logging_mixin.py:190} INFO - [2026-03-18T17:05:05.104+0100] {dag.py:4180} INFO - Setting next_dagrun for example_subdag_operator.section-1 to None, run_after=None
[2026-03-18T17:05:05.105+0100] {logging_mixin.py:190} INFO - [2026-03-18T17:05:05.105+0100] {dag.py:4180} INFO - Setting next_dagrun for example_subdag_operator.section-2 to None, run_after=None
[2026-03-18T17:05:05.109+0100] {logging_mixin.py:190} INFO - [2026-03-18T17:05:05.108+0100] {dag.py:3239} INFO - Sync 2 DAGs
[2026-03-18T17:05:05.158+0100] {logging_mixin.py:190} INFO - [2026-03-18T17:05:05.158+0100] {dag.py:4180} INFO - Setting next_dagrun for example_subdag_operator.section-1 to None, run_after=None
[2026-03-18T17:05:05.159+0100] {logging_mixin.py:190} INFO - [2026-03-18T17:05:05.159+0100] {dag.py:4180} INFO - Setting next_dagrun for example_subdag_operator.section-2 to None, run_after=None
[2026-03-18T17:05:05.169+0100] {processor.py:208} INFO - Processing /Users/atanasivanov/ipo-intel/ipo-intel/.venv_airflow/lib/python3.11/site-packages/airflow/example_dags/example_subdag_operator.py took 0.194 seconds
[2026-03-18T17:07:02.517+0100] {processor.py:186} INFO - Started process (PID=57693) to work on /Users/atanasivanov/ipo-intel/ipo-intel/.venv_airflow/lib/python3.11/site-packages/airflow/example_dags/example_subdag_operator.py
[2026-03-18T17:07:02.518+0100] {processor.py:914} INFO - Processing file /Users/atanasivanov/ipo-intel/ipo-intel/.venv_airflow/lib/python3.11/site-packages/airflow/example_dags/example_subdag_operator.py for tasks to queue
[2026-03-18T17:07:02.519+0100] {logging_mixin.py:190} INFO - [2026-03-18T17:07:02.519+0100] {dagbag.py:588} INFO - Filling up the DagBag from /Users/atanasivanov/ipo-intel/ipo-intel/.venv_airflow/lib/python3.11/site-packages/airflow/example_dags/example_subdag_operator.py
[2026-03-18T17:07:02.600+0100] {processor.py:925} INFO - DAG(s) 'example_subdag_operator.section-1', 'example_subdag_operator.section-2', 'example_subdag_operator' retrieved from /Users/atanasivanov/ipo-intel/ipo-intel/.venv_airflow/lib/python3.11/site-packages/airflow/example_dags/example_subdag_operator.py
[2026-03-18T17:07:02.610+0100] {logging_mixin.py:190} INFO - [2026-03-18T17:07:02.610+0100] {workday.py:41} WARNING - Could not import pandas. Holidays will not be considered.
[2026-03-18T17:07:02.623+0100] {logging_mixin.py:190} INFO - [2026-03-18T17:07:02.623+0100] {dag.py:3239} INFO - Sync 3 DAGs
[2026-03-18T17:07:02.636+0100] {logging_mixin.py:190} INFO - [2026-03-18T17:07:02.636+0100] {dag.py:4180} INFO - Setting next_dagrun for example_subdag_operator to 2022-01-01 00:00:00+00:00, run_after=2022-01-01 00:00:00+00:00
[2026-03-18T17:07:02.639+0100] {logging_mixin.py:190} INFO - [2026-03-18T17:07:02.639+0100] {dag.py:4180} INFO - Setting next_dagrun for example_subdag_operator.section-1 to None, run_after=None
[2026-03-18T17:07:02.640+0100] {logging_mixin.py:190} INFO - [2026-03-18T17:07:02.639+0100] {dag.py:4180} INFO - Setting next_dagrun for example_subdag_operator.section-2 to None, run_after=None
[2026-03-18T17:07:02.643+0100] {logging_mixin.py:190} INFO - [2026-03-18T17:07:02.643+0100] {dag.py:3239} INFO - Sync 2 DAGs
[2026-03-18T17:07:02.699+0100] {logging_mixin.py:190} INFO - [2026-03-18T17:07:02.698+0100] {dag.py:4180} INFO - Setting next_dagrun for example_subdag_operator.section-1 to None, run_after=None
[2026-03-18T17:07:02.699+0100] {logging_mixin.py:190} INFO - [2026-03-18T17:07:02.699+0100] {dag.py:4180} INFO - Setting next_dagrun for example_subdag_operator.section-2 to None, run_after=None
[2026-03-18T17:07:02.711+0100] {processor.py:208} INFO - Processing /Users/atanasivanov/ipo-intel/ipo-intel/.venv_airflow/lib/python3.11/site-packages/airflow/example_dags/example_subdag_operator.py took 0.200 seconds
[2026-03-18T17:08:56.753+0100] {processor.py:186} INFO - Started process (PID=58105) to work on /Users/atanasivanov/ipo-intel/ipo-intel/.venv_airflow/lib/python3.11/site-packages/airflow/example_dags/example_subdag_operator.py
[2026-03-18T17:08:56.755+0100] {processor.py:914} INFO - Processing file /Users/atanasivanov/ipo-intel/ipo-intel/.venv_airflow/lib/python3.11/site-packages/airflow/example_dags/example_subdag_operator.py for tasks to queue
[2026-03-18T17:08:56.756+0100] {logging_mixin.py:190} INFO - [2026-03-18T17:08:56.756+0100] {dagbag.py:588} INFO - Filling up the DagBag from /Users/atanasivanov/ipo-intel/ipo-intel/.venv_airflow/lib/python3.11/site-packages/airflow/example_dags/example_subdag_operator.py
[2026-03-18T17:08:56.862+0100] {processor.py:925} INFO - DAG(s) 'example_subdag_operator.section-1', 'example_subdag_operator.section-2', 'example_subdag_operator' retrieved from /Users/atanasivanov/ipo-intel/ipo-intel/.venv_airflow/lib/python3.11/site-packages/airflow/example_dags/example_subdag_operator.py
[2026-03-18T17:08:56.880+0100] {logging_mixin.py:190} INFO - [2026-03-18T17:08:56.879+0100] {workday.py:41} WARNING - Could not import pandas. Holidays will not be considered.
[2026-03-18T17:08:56.896+0100] {logging_mixin.py:190} INFO - [2026-03-18T17:08:56.895+0100] {dag.py:3239} INFO - Sync 3 DAGs
[2026-03-18T17:08:56.911+0100] {logging_mixin.py:190} INFO - [2026-03-18T17:08:56.911+0100] {dag.py:4180} INFO - Setting next_dagrun for example_subdag_operator to 2022-01-01 00:00:00+00:00, run_after=2022-01-01 00:00:00+00:00
[2026-03-18T17:08:56.915+0100] {logging_mixin.py:190} INFO - [2026-03-18T17:08:56.914+0100] {dag.py:4180} INFO - Setting next_dagrun for example_subdag_operator.section-1 to None, run_after=None
[2026-03-18T17:08:56.915+0100] {logging_mixin.py:190} INFO - [2026-03-18T17:08:56.915+0100] {dag.py:4180} INFO - Setting next_dagrun for example_subdag_operator.section-2 to None, run_after=None
[2026-03-18T17:08:56.920+0100] {logging_mixin.py:190} INFO - [2026-03-18T17:08:56.920+0100] {dag.py:3239} INFO - Sync 2 DAGs
[2026-03-18T17:08:56.972+0100] {logging_mixin.py:190} INFO - [2026-03-18T17:08:56.971+0100] {dag.py:4180} INFO - Setting next_dagrun for example_subdag_operator.section-1 to None, run_after=None
[2026-03-18T17:08:56.972+0100] {logging_mixin.py:190} INFO - [2026-03-18T17:08:56.972+0100] {dag.py:4180} INFO - Setting next_dagrun for example_subdag_operator.section-2 to None, run_after=None
[2026-03-18T17:08:56.983+0100] {processor.py:208} INFO - Processing /Users/atanasivanov/ipo-intel/ipo-intel/.venv_airflow/lib/python3.11/site-packages/airflow/example_dags/example_subdag_operator.py took 0.235 seconds
[2026-03-18T17:10:57.058+0100] {processor.py:186} INFO - Started process (PID=58623) to work on /Users/atanasivanov/ipo-intel/ipo-intel/.venv_airflow/lib/python3.11/site-packages/airflow/example_dags/example_subdag_operator.py
[2026-03-18T17:10:57.059+0100] {processor.py:914} INFO - Processing file /Users/atanasivanov/ipo-intel/ipo-intel/.venv_airflow/lib/python3.11/site-packages/airflow/example_dags/example_subdag_operator.py for tasks to queue
[2026-03-18T17:10:57.061+0100] {logging_mixin.py:190} INFO - [2026-03-18T17:10:57.061+0100] {dagbag.py:588} INFO - Filling up the DagBag from /Users/atanasivanov/ipo-intel/ipo-intel/.venv_airflow/lib/python3.11/site-packages/airflow/example_dags/example_subdag_operator.py
[2026-03-18T17:10:57.141+0100] {processor.py:925} INFO - DAG(s) 'example_subdag_operator.section-1', 'example_subdag_operator.section-2', 'example_subdag_operator' retrieved from /Users/atanasivanov/ipo-intel/ipo-intel/.venv_airflow/lib/python3.11/site-packages/airflow/example_dags/example_subdag_operator.py
[2026-03-18T17:10:57.152+0100] {logging_mixin.py:190} INFO - [2026-03-18T17:10:57.152+0100] {workday.py:41} WARNING - Could not import pandas. Holidays will not be considered.
[2026-03-18T17:10:57.165+0100] {logging_mixin.py:190} INFO - [2026-03-18T17:10:57.165+0100] {dag.py:3239} INFO - Sync 3 DAGs
[2026-03-18T17:10:57.178+0100] {logging_mixin.py:190} INFO - [2026-03-18T17:10:57.178+0100] {dag.py:4180} INFO - Setting next_dagrun for example_subdag_operator to 2022-01-01 00:00:00+00:00, run_after=2022-01-01 00:00:00+00:00
[2026-03-18T17:10:57.181+0100] {logging_mixin.py:190} INFO - [2026-03-18T17:10:57.181+0100] {dag.py:4180} INFO - Setting next_dagrun for example_subdag_operator.section-1 to None, run_after=None
[2026-03-18T17:10:57.181+0100] {logging_mixin.py:190} INFO - [2026-03-18T17:10:57.181+0100] {dag.py:4180} INFO - Setting next_dagrun for example_subdag_operator.section-2 to None, run_after=None
[2026-03-18T17:10:57.185+0100] {logging_mixin.py:190} INFO - [2026-03-18T17:10:57.185+0100] {dag.py:3239} INFO - Sync 2 DAGs
[2026-03-18T17:10:57.237+0100] {logging_mixin.py:190} INFO - [2026-03-18T17:10:57.236+0100] {dag.py:4180} INFO - Setting next_dagrun for example_subdag_operator.section-1 to None, run_after=None
[2026-03-18T17:10:57.237+0100] {logging_mixin.py:190} INFO - [2026-03-18T17:10:57.237+0100] {dag.py:4180} INFO - Setting next_dagrun for example_subdag_operator.section-2 to None, run_after=None
[2026-03-18T17:10:57.248+0100] {processor.py:208} INFO - Processing /Users/atanasivanov/ipo-intel/ipo-intel/.venv_airflow/lib/python3.11/site-packages/airflow/example_dags/example_subdag_operator.py took 0.195 seconds
[2026-03-18T17:13:00.617+0100] {processor.py:186} INFO - Started process (PID=59322) to work on /Users/atanasivanov/ipo-intel/ipo-intel/.venv_airflow/lib/python3.11/site-packages/airflow/example_dags/example_subdag_operator.py
[2026-03-18T17:13:00.618+0100] {processor.py:914} INFO - Processing file /Users/atanasivanov/ipo-intel/ipo-intel/.venv_airflow/lib/python3.11/site-packages/airflow/example_dags/example_subdag_operator.py for tasks to queue
[2026-03-18T17:13:00.619+0100] {logging_mixin.py:190} INFO - [2026-03-18T17:13:00.619+0100] {dagbag.py:588} INFO - Filling up the DagBag from /Users/atanasivanov/ipo-intel/ipo-intel/.venv_airflow/lib/python3.11/site-packages/airflow/example_dags/example_subdag_operator.py
[2026-03-18T17:13:00.709+0100] {processor.py:925} INFO - DAG(s) 'example_subdag_operator.section-1', 'example_subdag_operator.section-2', 'example_subdag_operator' retrieved from /Users/atanasivanov/ipo-intel/ipo-intel/.venv_airflow/lib/python3.11/site-packages/airflow/example_dags/example_subdag_operator.py
[2026-03-18T17:13:00.721+0100] {logging_mixin.py:190} INFO - [2026-03-18T17:13:00.721+0100] {workday.py:41} WARNING - Could not import pandas. Holidays will not be considered.
[2026-03-18T17:13:00.736+0100] {logging_mixin.py:190} INFO - [2026-03-18T17:13:00.735+0100] {dag.py:3239} INFO - Sync 3 DAGs
[2026-03-18T17:13:00.749+0100] {logging_mixin.py:190} INFO - [2026-03-18T17:13:00.749+0100] {dag.py:4180} INFO - Setting next_dagrun for example_subdag_operator to 2022-01-01 00:00:00+00:00, run_after=2022-01-01 00:00:00+00:00
[2026-03-18T17:13:00.753+0100] {logging_mixin.py:190} INFO - [2026-03-18T17:13:00.752+0100] {dag.py:4180} INFO - Setting next_dagrun for example_subdag_operator.section-1 to None, run_after=None
[2026-03-18T17:13:00.753+0100] {logging_mixin.py:190} INFO - [2026-03-18T17:13:00.753+0100] {dag.py:4180} INFO - Setting next_dagrun for example_subdag_operator.section-2 to None, run_after=None
[2026-03-18T17:13:00.757+0100] {logging_mixin.py:190} INFO - [2026-03-18T17:13:00.757+0100] {dag.py:3239} INFO - Sync 2 DAGs
[2026-03-18T17:13:00.813+0100] {logging_mixin.py:190} INFO - [2026-03-18T17:13:00.812+0100] {dag.py:4180} INFO - Setting next_dagrun for example_subdag_operator.section-1 to None, run_after=None
[2026-03-18T17:13:00.813+0100] {logging_mixin.py:190} INFO - [2026-03-18T17:13:00.813+0100] {dag.py:4180} INFO - Setting next_dagrun for example_subdag_operator.section-2 to None, run_after=None
[2026-03-18T17:13:00.824+0100] {processor.py:208} INFO - Processing /Users/atanasivanov/ipo-intel/ipo-intel/.venv_airflow/lib/python3.11/site-packages/airflow/example_dags/example_subdag_operator.py took 0.214 seconds
[2026-03-18T17:15:04.873+0100] {processor.py:186} INFO - Started process (PID=59956) to work on /Users/atanasivanov/ipo-intel/ipo-intel/.venv_airflow/lib/python3.11/site-packages/airflow/example_dags/example_subdag_operator.py
[2026-03-18T17:15:04.874+0100] {processor.py:914} INFO - Processing file /Users/atanasivanov/ipo-intel/ipo-intel/.venv_airflow/lib/python3.11/site-packages/airflow/example_dags/example_subdag_operator.py for tasks to queue
[2026-03-18T17:15:04.875+0100] {logging_mixin.py:190} INFO - [2026-03-18T17:15:04.875+0100] {dagbag.py:588} INFO - Filling up the DagBag from /Users/atanasivanov/ipo-intel/ipo-intel/.venv_airflow/lib/python3.11/site-packages/airflow/example_dags/example_subdag_operator.py
[2026-03-18T17:15:04.962+0100] {processor.py:925} INFO - DAG(s) 'example_subdag_operator.section-1', 'example_subdag_operator.section-2', 'example_subdag_operator' retrieved from /Users/atanasivanov/ipo-intel/ipo-intel/.venv_airflow/lib/python3.11/site-packages/airflow/example_dags/example_subdag_operator.py
[2026-03-18T17:15:04.974+0100] {logging_mixin.py:190} INFO - [2026-03-18T17:15:04.974+0100] {workday.py:41} WARNING - Could not import pandas. Holidays will not be considered.
[2026-03-18T17:15:04.989+0100] {logging_mixin.py:190} INFO - [2026-03-18T17:15:04.989+0100] {dag.py:3239} INFO - Sync 3 DAGs
[2026-03-18T17:15:05.002+0100] {logging_mixin.py:190} INFO - [2026-03-18T17:15:05.002+0100] {dag.py:4180} INFO - Setting next_dagrun for example_subdag_operator to 2022-01-01 00:00:00+00:00, run_after=2022-01-01 00:00:00+00:00
[2026-03-18T17:15:05.006+0100] {logging_mixin.py:190} INFO - [2026-03-18T17:15:05.005+0100] {dag.py:4180} INFO - Setting next_dagrun for example_subdag_operator.section-1 to None, run_after=None
[2026-03-18T17:15:05.007+0100] {logging_mixin.py:190} INFO - [2026-03-18T17:15:05.007+0100] {dag.py:4180} INFO - Setting next_dagrun for example_subdag_operator.section-2 to None, run_after=None
[2026-03-18T17:15:05.014+0100] {logging_mixin.py:190} INFO - [2026-03-18T17:15:05.013+0100] {dag.py:3239} INFO - Sync 2 DAGs
[2026-03-18T17:15:05.124+0100] {logging_mixin.py:190} INFO - [2026-03-18T17:15:05.124+0100] {dag.py:4180} INFO - Setting next_dagrun for example_subdag_operator.section-1 to None, run_after=None
[2026-03-18T17:15:05.125+0100] {logging_mixin.py:190} INFO - [2026-03-18T17:15:05.125+0100] {dag.py:4180} INFO - Setting next_dagrun for example_subdag_operator.section-2 to None, run_after=None
[2026-03-18T17:15:05.144+0100] {processor.py:208} INFO - Processing /Users/atanasivanov/ipo-intel/ipo-intel/.venv_airflow/lib/python3.11/site-packages/airflow/example_dags/example_subdag_operator.py took 0.276 seconds
