[2026-03-18T16:15:58.992+0100] {processor.py:186} INFO - Started process (PID=44424) to work on /Users/atanasivanov/ipo-intel/ipo-intel/.venv_airflow/lib/python3.11/site-packages/airflow/example_dags/example_trigger_target_dag.py
[2026-03-18T16:15:58.993+0100] {processor.py:914} INFO - Processing file /Users/atanasivanov/ipo-intel/ipo-intel/.venv_airflow/lib/python3.11/site-packages/airflow/example_dags/example_trigger_target_dag.py for tasks to queue
[2026-03-18T16:15:58.994+0100] {logging_mixin.py:190} INFO - [2026-03-18T16:15:58.994+0100] {dagbag.py:588} INFO - Filling up the DagBag from /Users/atanasivanov/ipo-intel/ipo-intel/.venv_airflow/lib/python3.11/site-packages/airflow/example_dags/example_trigger_target_dag.py
[2026-03-18T16:15:59.029+0100] {processor.py:925} INFO - DAG(s) 'example_trigger_target_dag' retrieved from /Users/atanasivanov/ipo-intel/ipo-intel/.venv_airflow/lib/python3.11/site-packages/airflow/example_dags/example_trigger_target_dag.py
[2026-03-18T16:15:59.231+0100] {logging_mixin.py:190} INFO - [2026-03-18T16:15:59.231+0100] {override.py:1912} INFO - Created Permission View: can read on DAG:example_trigger_target_dag
[2026-03-18T16:15:59.239+0100] {logging_mixin.py:190} INFO - [2026-03-18T16:15:59.238+0100] {override.py:1912} INFO - Created Permission View: can edit on DAG:example_trigger_target_dag
[2026-03-18T16:15:59.244+0100] {logging_mixin.py:190} INFO - [2026-03-18T16:15:59.243+0100] {override.py:1912} INFO - Created Permission View: can delete on DAG:example_trigger_target_dag
[2026-03-18T16:15:59.250+0100] {logging_mixin.py:190} INFO - [2026-03-18T16:15:59.250+0100] {override.py:1912} INFO - Created Permission View: can read on DAG Run:example_trigger_target_dag
[2026-03-18T16:15:59.255+0100] {logging_mixin.py:190} INFO - [2026-03-18T16:15:59.254+0100] {override.py:1912} INFO - Created Permission View: can create on DAG Run:example_trigger_target_dag
[2026-03-18T16:15:59.259+0100] {logging_mixin.py:190} INFO - [2026-03-18T16:15:59.259+0100] {override.py:1912} INFO - Created Permission View: menu access on DAG Run:example_trigger_target_dag
[2026-03-18T16:15:59.263+0100] {logging_mixin.py:190} INFO - [2026-03-18T16:15:59.263+0100] {override.py:1912} INFO - Created Permission View: can delete on DAG Run:example_trigger_target_dag
[2026-03-18T16:15:59.264+0100] {logging_mixin.py:190} INFO - [2026-03-18T16:15:59.264+0100] {dag.py:3239} INFO - Sync 1 DAGs
[2026-03-18T16:15:59.273+0100] {logging_mixin.py:190} INFO - [2026-03-18T16:15:59.273+0100] {dag.py:3262} INFO - Creating ORM DAG for example_trigger_target_dag
[2026-03-18T16:15:59.273+0100] {logging_mixin.py:190} INFO - [2026-03-18T16:15:59.273+0100] {dag.py:4180} INFO - Setting next_dagrun for example_trigger_target_dag to None, run_after=None
[2026-03-18T16:15:59.285+0100] {processor.py:208} INFO - Processing /Users/atanasivanov/ipo-intel/ipo-intel/.venv_airflow/lib/python3.11/site-packages/airflow/example_dags/example_trigger_target_dag.py took 0.298 seconds
[2026-03-18T16:20:11.202+0100] {processor.py:186} INFO - Started process (PID=45289) to work on /Users/atanasivanov/ipo-intel/ipo-intel/.venv_airflow/lib/python3.11/site-packages/airflow/example_dags/example_trigger_target_dag.py
[2026-03-18T16:20:11.203+0100] {processor.py:914} INFO - Processing file /Users/atanasivanov/ipo-intel/ipo-intel/.venv_airflow/lib/python3.11/site-packages/airflow/example_dags/example_trigger_target_dag.py for tasks to queue
[2026-03-18T16:20:11.204+0100] {logging_mixin.py:190} INFO - [2026-03-18T16:20:11.204+0100] {dagbag.py:588} INFO - Filling up the DagBag from /Users/atanasivanov/ipo-intel/ipo-intel/.venv_airflow/lib/python3.11/site-packages/airflow/example_dags/example_trigger_target_dag.py
[2026-03-18T16:20:11.240+0100] {processor.py:925} INFO - DAG(s) 'example_trigger_target_dag' retrieved from /Users/atanasivanov/ipo-intel/ipo-intel/.venv_airflow/lib/python3.11/site-packages/airflow/example_dags/example_trigger_target_dag.py
[2026-03-18T16:20:11.321+0100] {logging_mixin.py:190} INFO - [2026-03-18T16:20:11.321+0100] {dag.py:3239} INFO - Sync 1 DAGs
[2026-03-18T16:20:11.383+0100] {logging_mixin.py:190} INFO - [2026-03-18T16:20:11.383+0100] {dag.py:4180} INFO - Setting next_dagrun for example_trigger_target_dag to None, run_after=None
[2026-03-18T16:20:11.406+0100] {processor.py:208} INFO - Processing /Users/atanasivanov/ipo-intel/ipo-intel/.venv_airflow/lib/python3.11/site-packages/airflow/example_dags/example_trigger_target_dag.py took 0.209 seconds
[2026-03-18T16:22:49.410+0100] {processor.py:186} INFO - Started process (PID=45911) to work on /Users/atanasivanov/ipo-intel/ipo-intel/.venv_airflow/lib/python3.11/site-packages/airflow/example_dags/example_trigger_target_dag.py
[2026-03-18T16:22:49.411+0100] {processor.py:914} INFO - Processing file /Users/atanasivanov/ipo-intel/ipo-intel/.venv_airflow/lib/python3.11/site-packages/airflow/example_dags/example_trigger_target_dag.py for tasks to queue
[2026-03-18T16:22:49.412+0100] {logging_mixin.py:190} INFO - [2026-03-18T16:22:49.412+0100] {dagbag.py:588} INFO - Filling up the DagBag from /Users/atanasivanov/ipo-intel/ipo-intel/.venv_airflow/lib/python3.11/site-packages/airflow/example_dags/example_trigger_target_dag.py
[2026-03-18T16:22:49.447+0100] {processor.py:925} INFO - DAG(s) 'example_trigger_target_dag' retrieved from /Users/atanasivanov/ipo-intel/ipo-intel/.venv_airflow/lib/python3.11/site-packages/airflow/example_dags/example_trigger_target_dag.py
[2026-03-18T16:22:49.524+0100] {logging_mixin.py:190} INFO - [2026-03-18T16:22:49.524+0100] {dag.py:3239} INFO - Sync 1 DAGs
[2026-03-18T16:22:49.585+0100] {logging_mixin.py:190} INFO - [2026-03-18T16:22:49.585+0100] {dag.py:4180} INFO - Setting next_dagrun for example_trigger_target_dag to None, run_after=None
[2026-03-18T16:22:49.602+0100] {processor.py:208} INFO - Processing /Users/atanasivanov/ipo-intel/ipo-intel/.venv_airflow/lib/python3.11/site-packages/airflow/example_dags/example_trigger_target_dag.py took 0.197 seconds
[2026-03-18T16:24:55.523+0100] {processor.py:186} INFO - Started process (PID=46371) to work on /Users/atanasivanov/ipo-intel/ipo-intel/.venv_airflow/lib/python3.11/site-packages/airflow/example_dags/example_trigger_target_dag.py
[2026-03-18T16:24:55.524+0100] {processor.py:914} INFO - Processing file /Users/atanasivanov/ipo-intel/ipo-intel/.venv_airflow/lib/python3.11/site-packages/airflow/example_dags/example_trigger_target_dag.py for tasks to queue
[2026-03-18T16:24:55.525+0100] {logging_mixin.py:190} INFO - [2026-03-18T16:24:55.525+0100] {dagbag.py:588} INFO - Filling up the DagBag from /Users/atanasivanov/ipo-intel/ipo-intel/.venv_airflow/lib/python3.11/site-packages/airflow/example_dags/example_trigger_target_dag.py
[2026-03-18T16:24:55.560+0100] {processor.py:925} INFO - DAG(s) 'example_trigger_target_dag' retrieved from /Users/atanasivanov/ipo-intel/ipo-intel/.venv_airflow/lib/python3.11/site-packages/airflow/example_dags/example_trigger_target_dag.py
[2026-03-18T16:24:55.638+0100] {logging_mixin.py:190} INFO - [2026-03-18T16:24:55.637+0100] {dag.py:3239} INFO - Sync 1 DAGs
[2026-03-18T16:24:55.698+0100] {logging_mixin.py:190} INFO - [2026-03-18T16:24:55.698+0100] {dag.py:4180} INFO - Setting next_dagrun for example_trigger_target_dag to None, run_after=None
[2026-03-18T16:24:55.715+0100] {processor.py:208} INFO - Processing /Users/atanasivanov/ipo-intel/ipo-intel/.venv_airflow/lib/python3.11/site-packages/airflow/example_dags/example_trigger_target_dag.py took 0.197 seconds
[2026-03-18T16:26:57.476+0100] {processor.py:186} INFO - Started process (PID=46823) to work on /Users/atanasivanov/ipo-intel/ipo-intel/.venv_airflow/lib/python3.11/site-packages/airflow/example_dags/example_trigger_target_dag.py
[2026-03-18T16:26:57.477+0100] {processor.py:914} INFO - Processing file /Users/atanasivanov/ipo-intel/ipo-intel/.venv_airflow/lib/python3.11/site-packages/airflow/example_dags/example_trigger_target_dag.py for tasks to queue
[2026-03-18T16:26:57.478+0100] {logging_mixin.py:190} INFO - [2026-03-18T16:26:57.478+0100] {dagbag.py:588} INFO - Filling up the DagBag from /Users/atanasivanov/ipo-intel/ipo-intel/.venv_airflow/lib/python3.11/site-packages/airflow/example_dags/example_trigger_target_dag.py
[2026-03-18T16:26:57.510+0100] {processor.py:925} INFO - DAG(s) 'example_trigger_target_dag' retrieved from /Users/atanasivanov/ipo-intel/ipo-intel/.venv_airflow/lib/python3.11/site-packages/airflow/example_dags/example_trigger_target_dag.py
[2026-03-18T16:26:57.589+0100] {logging_mixin.py:190} INFO - [2026-03-18T16:26:57.589+0100] {dag.py:3239} INFO - Sync 1 DAGs
[2026-03-18T16:26:57.646+0100] {logging_mixin.py:190} INFO - [2026-03-18T16:26:57.646+0100] {dag.py:4180} INFO - Setting next_dagrun for example_trigger_target_dag to None, run_after=None
[2026-03-18T16:26:57.662+0100] {processor.py:208} INFO - Processing /Users/atanasivanov/ipo-intel/ipo-intel/.venv_airflow/lib/python3.11/site-packages/airflow/example_dags/example_trigger_target_dag.py took 0.191 seconds
[2026-03-18T16:29:00.419+0100] {processor.py:186} INFO - Started process (PID=47962) to work on /Users/atanasivanov/ipo-intel/ipo-intel/.venv_airflow/lib/python3.11/site-packages/airflow/example_dags/example_trigger_target_dag.py
[2026-03-18T16:29:00.420+0100] {processor.py:914} INFO - Processing file /Users/atanasivanov/ipo-intel/ipo-intel/.venv_airflow/lib/python3.11/site-packages/airflow/example_dags/example_trigger_target_dag.py for tasks to queue
[2026-03-18T16:29:00.422+0100] {logging_mixin.py:190} INFO - [2026-03-18T16:29:00.422+0100] {dagbag.py:588} INFO - Filling up the DagBag from /Users/atanasivanov/ipo-intel/ipo-intel/.venv_airflow/lib/python3.11/site-packages/airflow/example_dags/example_trigger_target_dag.py
[2026-03-18T16:29:00.461+0100] {processor.py:925} INFO - DAG(s) 'example_trigger_target_dag' retrieved from /Users/atanasivanov/ipo-intel/ipo-intel/.venv_airflow/lib/python3.11/site-packages/airflow/example_dags/example_trigger_target_dag.py
[2026-03-18T16:29:00.543+0100] {logging_mixin.py:190} INFO - [2026-03-18T16:29:00.543+0100] {dag.py:3239} INFO - Sync 1 DAGs
[2026-03-18T16:29:00.606+0100] {logging_mixin.py:190} INFO - [2026-03-18T16:29:00.606+0100] {dag.py:4180} INFO - Setting next_dagrun for example_trigger_target_dag to None, run_after=None
[2026-03-18T16:29:00.623+0100] {processor.py:208} INFO - Processing /Users/atanasivanov/ipo-intel/ipo-intel/.venv_airflow/lib/python3.11/site-packages/airflow/example_dags/example_trigger_target_dag.py took 0.210 seconds
[2026-03-18T16:30:57.279+0100] {processor.py:186} INFO - Started process (PID=48388) to work on /Users/atanasivanov/ipo-intel/ipo-intel/.venv_airflow/lib/python3.11/site-packages/airflow/example_dags/example_trigger_target_dag.py
[2026-03-18T16:30:57.280+0100] {processor.py:914} INFO - Processing file /Users/atanasivanov/ipo-intel/ipo-intel/.venv_airflow/lib/python3.11/site-packages/airflow/example_dags/example_trigger_target_dag.py for tasks to queue
[2026-03-18T16:30:57.281+0100] {logging_mixin.py:190} INFO - [2026-03-18T16:30:57.281+0100] {dagbag.py:588} INFO - Filling up the DagBag from /Users/atanasivanov/ipo-intel/ipo-intel/.venv_airflow/lib/python3.11/site-packages/airflow/example_dags/example_trigger_target_dag.py
[2026-03-18T16:30:57.315+0100] {processor.py:925} INFO - DAG(s) 'example_trigger_target_dag' retrieved from /Users/atanasivanov/ipo-intel/ipo-intel/.venv_airflow/lib/python3.11/site-packages/airflow/example_dags/example_trigger_target_dag.py
[2026-03-18T16:30:57.389+0100] {logging_mixin.py:190} INFO - [2026-03-18T16:30:57.389+0100] {dag.py:3239} INFO - Sync 1 DAGs
[2026-03-18T16:30:57.446+0100] {logging_mixin.py:190} INFO - [2026-03-18T16:30:57.446+0100] {dag.py:4180} INFO - Setting next_dagrun for example_trigger_target_dag to None, run_after=None
[2026-03-18T16:30:57.463+0100] {processor.py:208} INFO - Processing /Users/atanasivanov/ipo-intel/ipo-intel/.venv_airflow/lib/python3.11/site-packages/airflow/example_dags/example_trigger_target_dag.py took 0.189 seconds
[2026-03-18T16:32:49.942+0100] {processor.py:186} INFO - Started process (PID=48792) to work on /Users/atanasivanov/ipo-intel/ipo-intel/.venv_airflow/lib/python3.11/site-packages/airflow/example_dags/example_trigger_target_dag.py
[2026-03-18T16:32:49.943+0100] {processor.py:914} INFO - Processing file /Users/atanasivanov/ipo-intel/ipo-intel/.venv_airflow/lib/python3.11/site-packages/airflow/example_dags/example_trigger_target_dag.py for tasks to queue
[2026-03-18T16:32:49.944+0100] {logging_mixin.py:190} INFO - [2026-03-18T16:32:49.944+0100] {dagbag.py:588} INFO - Filling up the DagBag from /Users/atanasivanov/ipo-intel/ipo-intel/.venv_airflow/lib/python3.11/site-packages/airflow/example_dags/example_trigger_target_dag.py
[2026-03-18T16:32:49.976+0100] {processor.py:925} INFO - DAG(s) 'example_trigger_target_dag' retrieved from /Users/atanasivanov/ipo-intel/ipo-intel/.venv_airflow/lib/python3.11/site-packages/airflow/example_dags/example_trigger_target_dag.py
[2026-03-18T16:32:50.051+0100] {logging_mixin.py:190} INFO - [2026-03-18T16:32:50.051+0100] {dag.py:3239} INFO - Sync 1 DAGs
[2026-03-18T16:32:50.110+0100] {logging_mixin.py:190} INFO - [2026-03-18T16:32:50.109+0100] {dag.py:4180} INFO - Setting next_dagrun for example_trigger_target_dag to None, run_after=None
[2026-03-18T16:32:50.127+0100] {processor.py:208} INFO - Processing /Users/atanasivanov/ipo-intel/ipo-intel/.venv_airflow/lib/python3.11/site-packages/airflow/example_dags/example_trigger_target_dag.py took 0.190 seconds
[2026-03-18T16:34:43.808+0100] {processor.py:186} INFO - Started process (PID=49213) to work on /Users/atanasivanov/ipo-intel/ipo-intel/.venv_airflow/lib/python3.11/site-packages/airflow/example_dags/example_trigger_target_dag.py
[2026-03-18T16:34:43.809+0100] {processor.py:914} INFO - Processing file /Users/atanasivanov/ipo-intel/ipo-intel/.venv_airflow/lib/python3.11/site-packages/airflow/example_dags/example_trigger_target_dag.py for tasks to queue
[2026-03-18T16:34:43.810+0100] {logging_mixin.py:190} INFO - [2026-03-18T16:34:43.810+0100] {dagbag.py:588} INFO - Filling up the DagBag from /Users/atanasivanov/ipo-intel/ipo-intel/.venv_airflow/lib/python3.11/site-packages/airflow/example_dags/example_trigger_target_dag.py
[2026-03-18T16:34:43.845+0100] {processor.py:925} INFO - DAG(s) 'example_trigger_target_dag' retrieved from /Users/atanasivanov/ipo-intel/ipo-intel/.venv_airflow/lib/python3.11/site-packages/airflow/example_dags/example_trigger_target_dag.py
[2026-03-18T16:34:43.924+0100] {logging_mixin.py:190} INFO - [2026-03-18T16:34:43.923+0100] {dag.py:3239} INFO - Sync 1 DAGs
[2026-03-18T16:34:43.984+0100] {logging_mixin.py:190} INFO - [2026-03-18T16:34:43.984+0100] {dag.py:4180} INFO - Setting next_dagrun for example_trigger_target_dag to None, run_after=None
[2026-03-18T16:34:44.002+0100] {processor.py:208} INFO - Processing /Users/atanasivanov/ipo-intel/ipo-intel/.venv_airflow/lib/python3.11/site-packages/airflow/example_dags/example_trigger_target_dag.py took 0.199 seconds
[2026-03-18T16:36:39.013+0100] {processor.py:186} INFO - Started process (PID=49631) to work on /Users/atanasivanov/ipo-intel/ipo-intel/.venv_airflow/lib/python3.11/site-packages/airflow/example_dags/example_trigger_target_dag.py
[2026-03-18T16:36:39.014+0100] {processor.py:914} INFO - Processing file /Users/atanasivanov/ipo-intel/ipo-intel/.venv_airflow/lib/python3.11/site-packages/airflow/example_dags/example_trigger_target_dag.py for tasks to queue
[2026-03-18T16:36:39.015+0100] {logging_mixin.py:190} INFO - [2026-03-18T16:36:39.014+0100] {dagbag.py:588} INFO - Filling up the DagBag from /Users/atanasivanov/ipo-intel/ipo-intel/.venv_airflow/lib/python3.11/site-packages/airflow/example_dags/example_trigger_target_dag.py
[2026-03-18T16:36:39.047+0100] {processor.py:925} INFO - DAG(s) 'example_trigger_target_dag' retrieved from /Users/atanasivanov/ipo-intel/ipo-intel/.venv_airflow/lib/python3.11/site-packages/airflow/example_dags/example_trigger_target_dag.py
[2026-03-18T16:36:39.122+0100] {logging_mixin.py:190} INFO - [2026-03-18T16:36:39.122+0100] {dag.py:3239} INFO - Sync 1 DAGs
[2026-03-18T16:36:39.178+0100] {logging_mixin.py:190} INFO - [2026-03-18T16:36:39.178+0100] {dag.py:4180} INFO - Setting next_dagrun for example_trigger_target_dag to None, run_after=None
[2026-03-18T16:36:39.195+0100] {processor.py:208} INFO - Processing /Users/atanasivanov/ipo-intel/ipo-intel/.venv_airflow/lib/python3.11/site-packages/airflow/example_dags/example_trigger_target_dag.py took 0.187 seconds
[2026-03-18T16:38:30.696+0100] {processor.py:186} INFO - Started process (PID=50036) to work on /Users/atanasivanov/ipo-intel/ipo-intel/.venv_airflow/lib/python3.11/site-packages/airflow/example_dags/example_trigger_target_dag.py
[2026-03-18T16:38:30.698+0100] {processor.py:914} INFO - Processing file /Users/atanasivanov/ipo-intel/ipo-intel/.venv_airflow/lib/python3.11/site-packages/airflow/example_dags/example_trigger_target_dag.py for tasks to queue
[2026-03-18T16:38:30.699+0100] {logging_mixin.py:190} INFO - [2026-03-18T16:38:30.699+0100] {dagbag.py:588} INFO - Filling up the DagBag from /Users/atanasivanov/ipo-intel/ipo-intel/.venv_airflow/lib/python3.11/site-packages/airflow/example_dags/example_trigger_target_dag.py
[2026-03-18T16:38:30.730+0100] {processor.py:925} INFO - DAG(s) 'example_trigger_target_dag' retrieved from /Users/atanasivanov/ipo-intel/ipo-intel/.venv_airflow/lib/python3.11/site-packages/airflow/example_dags/example_trigger_target_dag.py
[2026-03-18T16:38:30.805+0100] {logging_mixin.py:190} INFO - [2026-03-18T16:38:30.805+0100] {dag.py:3239} INFO - Sync 1 DAGs
[2026-03-18T16:38:30.863+0100] {logging_mixin.py:190} INFO - [2026-03-18T16:38:30.863+0100] {dag.py:4180} INFO - Setting next_dagrun for example_trigger_target_dag to None, run_after=None
[2026-03-18T16:38:30.881+0100] {processor.py:208} INFO - Processing /Users/atanasivanov/ipo-intel/ipo-intel/.venv_airflow/lib/python3.11/site-packages/airflow/example_dags/example_trigger_target_dag.py took 0.190 seconds
[2026-03-18T16:40:31.961+0100] {processor.py:186} INFO - Started process (PID=51349) to work on /Users/atanasivanov/ipo-intel/ipo-intel/.venv_airflow/lib/python3.11/site-packages/airflow/example_dags/example_trigger_target_dag.py
[2026-03-18T16:40:31.962+0100] {processor.py:914} INFO - Processing file /Users/atanasivanov/ipo-intel/ipo-intel/.venv_airflow/lib/python3.11/site-packages/airflow/example_dags/example_trigger_target_dag.py for tasks to queue
[2026-03-18T16:40:31.963+0100] {logging_mixin.py:190} INFO - [2026-03-18T16:40:31.963+0100] {dagbag.py:588} INFO - Filling up the DagBag from /Users/atanasivanov/ipo-intel/ipo-intel/.venv_airflow/lib/python3.11/site-packages/airflow/example_dags/example_trigger_target_dag.py
[2026-03-18T16:40:31.998+0100] {processor.py:925} INFO - DAG(s) 'example_trigger_target_dag' retrieved from /Users/atanasivanov/ipo-intel/ipo-intel/.venv_airflow/lib/python3.11/site-packages/airflow/example_dags/example_trigger_target_dag.py
[2026-03-18T16:40:32.080+0100] {logging_mixin.py:190} INFO - [2026-03-18T16:40:32.080+0100] {dag.py:3239} INFO - Sync 1 DAGs
[2026-03-18T16:40:32.137+0100] {logging_mixin.py:190} INFO - [2026-03-18T16:40:32.137+0100] {dag.py:4180} INFO - Setting next_dagrun for example_trigger_target_dag to None, run_after=None
[2026-03-18T16:40:32.152+0100] {processor.py:208} INFO - Processing /Users/atanasivanov/ipo-intel/ipo-intel/.venv_airflow/lib/python3.11/site-packages/airflow/example_dags/example_trigger_target_dag.py took 0.197 seconds
[2026-03-18T16:42:35.535+0100] {processor.py:186} INFO - Started process (PID=52033) to work on /Users/atanasivanov/ipo-intel/ipo-intel/.venv_airflow/lib/python3.11/site-packages/airflow/example_dags/example_trigger_target_dag.py
[2026-03-18T16:42:35.536+0100] {processor.py:914} INFO - Processing file /Users/atanasivanov/ipo-intel/ipo-intel/.venv_airflow/lib/python3.11/site-packages/airflow/example_dags/example_trigger_target_dag.py for tasks to queue
[2026-03-18T16:42:35.537+0100] {logging_mixin.py:190} INFO - [2026-03-18T16:42:35.536+0100] {dagbag.py:588} INFO - Filling up the DagBag from /Users/atanasivanov/ipo-intel/ipo-intel/.venv_airflow/lib/python3.11/site-packages/airflow/example_dags/example_trigger_target_dag.py
[2026-03-18T16:42:35.571+0100] {processor.py:925} INFO - DAG(s) 'example_trigger_target_dag' retrieved from /Users/atanasivanov/ipo-intel/ipo-intel/.venv_airflow/lib/python3.11/site-packages/airflow/example_dags/example_trigger_target_dag.py
[2026-03-18T16:42:35.646+0100] {logging_mixin.py:190} INFO - [2026-03-18T16:42:35.646+0100] {dag.py:3239} INFO - Sync 1 DAGs
[2026-03-18T16:42:35.707+0100] {logging_mixin.py:190} INFO - [2026-03-18T16:42:35.706+0100] {dag.py:4180} INFO - Setting next_dagrun for example_trigger_target_dag to None, run_after=None
[2026-03-18T16:42:35.725+0100] {processor.py:208} INFO - Processing /Users/atanasivanov/ipo-intel/ipo-intel/.venv_airflow/lib/python3.11/site-packages/airflow/example_dags/example_trigger_target_dag.py took 0.196 seconds
[2026-03-18T16:48:12.458+0100] {processor.py:186} INFO - Started process (PID=53252) to work on /Users/atanasivanov/ipo-intel/ipo-intel/.venv_airflow/lib/python3.11/site-packages/airflow/example_dags/example_trigger_target_dag.py
[2026-03-18T16:48:12.459+0100] {processor.py:914} INFO - Processing file /Users/atanasivanov/ipo-intel/ipo-intel/.venv_airflow/lib/python3.11/site-packages/airflow/example_dags/example_trigger_target_dag.py for tasks to queue
[2026-03-18T16:48:12.460+0100] {logging_mixin.py:190} INFO - [2026-03-18T16:48:12.460+0100] {dagbag.py:588} INFO - Filling up the DagBag from /Users/atanasivanov/ipo-intel/ipo-intel/.venv_airflow/lib/python3.11/site-packages/airflow/example_dags/example_trigger_target_dag.py
[2026-03-18T16:48:12.493+0100] {processor.py:925} INFO - DAG(s) 'example_trigger_target_dag' retrieved from /Users/atanasivanov/ipo-intel/ipo-intel/.venv_airflow/lib/python3.11/site-packages/airflow/example_dags/example_trigger_target_dag.py
[2026-03-18T16:48:12.565+0100] {logging_mixin.py:190} INFO - [2026-03-18T16:48:12.565+0100] {dag.py:3239} INFO - Sync 1 DAGs
[2026-03-18T16:48:12.622+0100] {logging_mixin.py:190} INFO - [2026-03-18T16:48:12.622+0100] {dag.py:4180} INFO - Setting next_dagrun for example_trigger_target_dag to None, run_after=None
[2026-03-18T16:48:12.639+0100] {processor.py:208} INFO - Processing /Users/atanasivanov/ipo-intel/ipo-intel/.venv_airflow/lib/python3.11/site-packages/airflow/example_dags/example_trigger_target_dag.py took 0.185 seconds
[2026-03-18T16:50:40.968+0100] {processor.py:186} INFO - Started process (PID=53786) to work on /Users/atanasivanov/ipo-intel/ipo-intel/.venv_airflow/lib/python3.11/site-packages/airflow/example_dags/example_trigger_target_dag.py
[2026-03-18T16:50:40.969+0100] {processor.py:914} INFO - Processing file /Users/atanasivanov/ipo-intel/ipo-intel/.venv_airflow/lib/python3.11/site-packages/airflow/example_dags/example_trigger_target_dag.py for tasks to queue
[2026-03-18T16:50:40.970+0100] {logging_mixin.py:190} INFO - [2026-03-18T16:50:40.970+0100] {dagbag.py:588} INFO - Filling up the DagBag from /Users/atanasivanov/ipo-intel/ipo-intel/.venv_airflow/lib/python3.11/site-packages/airflow/example_dags/example_trigger_target_dag.py
[2026-03-18T16:50:41.004+0100] {processor.py:925} INFO - DAG(s) 'example_trigger_target_dag' retrieved from /Users/atanasivanov/ipo-intel/ipo-intel/.venv_airflow/lib/python3.11/site-packages/airflow/example_dags/example_trigger_target_dag.py
[2026-03-18T16:50:41.080+0100] {logging_mixin.py:190} INFO - [2026-03-18T16:50:41.079+0100] {dag.py:3239} INFO - Sync 1 DAGs
[2026-03-18T16:50:41.135+0100] {logging_mixin.py:190} INFO - [2026-03-18T16:50:41.135+0100] {dag.py:4180} INFO - Setting next_dagrun for example_trigger_target_dag to None, run_after=None
[2026-03-18T16:50:41.153+0100] {processor.py:208} INFO - Processing /Users/atanasivanov/ipo-intel/ipo-intel/.venv_airflow/lib/python3.11/site-packages/airflow/example_dags/example_trigger_target_dag.py took 0.190 seconds
[2026-03-18T16:52:43.459+0100] {processor.py:186} INFO - Started process (PID=54241) to work on /Users/atanasivanov/ipo-intel/ipo-intel/.venv_airflow/lib/python3.11/site-packages/airflow/example_dags/example_trigger_target_dag.py
[2026-03-18T16:52:43.460+0100] {processor.py:914} INFO - Processing file /Users/atanasivanov/ipo-intel/ipo-intel/.venv_airflow/lib/python3.11/site-packages/airflow/example_dags/example_trigger_target_dag.py for tasks to queue
[2026-03-18T16:52:43.461+0100] {logging_mixin.py:190} INFO - [2026-03-18T16:52:43.461+0100] {dagbag.py:588} INFO - Filling up the DagBag from /Users/atanasivanov/ipo-intel/ipo-intel/.venv_airflow/lib/python3.11/site-packages/airflow/example_dags/example_trigger_target_dag.py
[2026-03-18T16:52:43.494+0100] {processor.py:925} INFO - DAG(s) 'example_trigger_target_dag' retrieved from /Users/atanasivanov/ipo-intel/ipo-intel/.venv_airflow/lib/python3.11/site-packages/airflow/example_dags/example_trigger_target_dag.py
[2026-03-18T16:52:43.568+0100] {logging_mixin.py:190} INFO - [2026-03-18T16:52:43.568+0100] {dag.py:3239} INFO - Sync 1 DAGs
[2026-03-18T16:52:43.632+0100] {logging_mixin.py:190} INFO - [2026-03-18T16:52:43.632+0100] {dag.py:4180} INFO - Setting next_dagrun for example_trigger_target_dag to None, run_after=None
[2026-03-18T16:52:43.650+0100] {processor.py:208} INFO - Processing /Users/atanasivanov/ipo-intel/ipo-intel/.venv_airflow/lib/python3.11/site-packages/airflow/example_dags/example_trigger_target_dag.py took 0.196 seconds
[2026-03-18T16:54:50.459+0100] {processor.py:186} INFO - Started process (PID=55005) to work on /Users/atanasivanov/ipo-intel/ipo-intel/.venv_airflow/lib/python3.11/site-packages/airflow/example_dags/example_trigger_target_dag.py
[2026-03-18T16:54:50.460+0100] {processor.py:914} INFO - Processing file /Users/atanasivanov/ipo-intel/ipo-intel/.venv_airflow/lib/python3.11/site-packages/airflow/example_dags/example_trigger_target_dag.py for tasks to queue
[2026-03-18T16:54:50.462+0100] {logging_mixin.py:190} INFO - [2026-03-18T16:54:50.462+0100] {dagbag.py:588} INFO - Filling up the DagBag from /Users/atanasivanov/ipo-intel/ipo-intel/.venv_airflow/lib/python3.11/site-packages/airflow/example_dags/example_trigger_target_dag.py
[2026-03-18T16:54:50.501+0100] {processor.py:925} INFO - DAG(s) 'example_trigger_target_dag' retrieved from /Users/atanasivanov/ipo-intel/ipo-intel/.venv_airflow/lib/python3.11/site-packages/airflow/example_dags/example_trigger_target_dag.py
[2026-03-18T16:54:50.588+0100] {logging_mixin.py:190} INFO - [2026-03-18T16:54:50.588+0100] {dag.py:3239} INFO - Sync 1 DAGs
[2026-03-18T16:54:50.645+0100] {logging_mixin.py:190} INFO - [2026-03-18T16:54:50.645+0100] {dag.py:4180} INFO - Setting next_dagrun for example_trigger_target_dag to None, run_after=None
[2026-03-18T16:54:50.661+0100] {processor.py:208} INFO - Processing /Users/atanasivanov/ipo-intel/ipo-intel/.venv_airflow/lib/python3.11/site-packages/airflow/example_dags/example_trigger_target_dag.py took 0.209 seconds
[2026-03-18T16:56:56.132+0100] {processor.py:186} INFO - Started process (PID=55461) to work on /Users/atanasivanov/ipo-intel/ipo-intel/.venv_airflow/lib/python3.11/site-packages/airflow/example_dags/example_trigger_target_dag.py
[2026-03-18T16:56:56.133+0100] {processor.py:914} INFO - Processing file /Users/atanasivanov/ipo-intel/ipo-intel/.venv_airflow/lib/python3.11/site-packages/airflow/example_dags/example_trigger_target_dag.py for tasks to queue
[2026-03-18T16:56:56.135+0100] {logging_mixin.py:190} INFO - [2026-03-18T16:56:56.134+0100] {dagbag.py:588} INFO - Filling up the DagBag from /Users/atanasivanov/ipo-intel/ipo-intel/.venv_airflow/lib/python3.11/site-packages/airflow/example_dags/example_trigger_target_dag.py
[2026-03-18T16:56:56.169+0100] {processor.py:925} INFO - DAG(s) 'example_trigger_target_dag' retrieved from /Users/atanasivanov/ipo-intel/ipo-intel/.venv_airflow/lib/python3.11/site-packages/airflow/example_dags/example_trigger_target_dag.py
[2026-03-18T16:56:56.248+0100] {logging_mixin.py:190} INFO - [2026-03-18T16:56:56.248+0100] {dag.py:3239} INFO - Sync 1 DAGs
[2026-03-18T16:56:56.308+0100] {logging_mixin.py:190} INFO - [2026-03-18T16:56:56.308+0100] {dag.py:4180} INFO - Setting next_dagrun for example_trigger_target_dag to None, run_after=None
[2026-03-18T16:56:56.326+0100] {processor.py:208} INFO - Processing /Users/atanasivanov/ipo-intel/ipo-intel/.venv_airflow/lib/python3.11/site-packages/airflow/example_dags/example_trigger_target_dag.py took 0.200 seconds
[2026-03-18T16:58:59.571+0100] {processor.py:186} INFO - Started process (PID=55931) to work on /Users/atanasivanov/ipo-intel/ipo-intel/.venv_airflow/lib/python3.11/site-packages/airflow/example_dags/example_trigger_target_dag.py
[2026-03-18T16:58:59.572+0100] {processor.py:914} INFO - Processing file /Users/atanasivanov/ipo-intel/ipo-intel/.venv_airflow/lib/python3.11/site-packages/airflow/example_dags/example_trigger_target_dag.py for tasks to queue
[2026-03-18T16:58:59.573+0100] {logging_mixin.py:190} INFO - [2026-03-18T16:58:59.572+0100] {dagbag.py:588} INFO - Filling up the DagBag from /Users/atanasivanov/ipo-intel/ipo-intel/.venv_airflow/lib/python3.11/site-packages/airflow/example_dags/example_trigger_target_dag.py
[2026-03-18T16:58:59.609+0100] {processor.py:925} INFO - DAG(s) 'example_trigger_target_dag' retrieved from /Users/atanasivanov/ipo-intel/ipo-intel/.venv_airflow/lib/python3.11/site-packages/airflow/example_dags/example_trigger_target_dag.py
[2026-03-18T16:58:59.689+0100] {logging_mixin.py:190} INFO - [2026-03-18T16:58:59.689+0100] {dag.py:3239} INFO - Sync 1 DAGs
[2026-03-18T16:58:59.750+0100] {logging_mixin.py:190} INFO - [2026-03-18T16:58:59.749+0100] {dag.py:4180} INFO - Setting next_dagrun for example_trigger_target_dag to None, run_after=None
[2026-03-18T16:58:59.767+0100] {processor.py:208} INFO - Processing /Users/atanasivanov/ipo-intel/ipo-intel/.venv_airflow/lib/python3.11/site-packages/airflow/example_dags/example_trigger_target_dag.py took 0.201 seconds
[2026-03-18T17:01:02.259+0100] {processor.py:186} INFO - Started process (PID=56371) to work on /Users/atanasivanov/ipo-intel/ipo-intel/.venv_airflow/lib/python3.11/site-packages/airflow/example_dags/example_trigger_target_dag.py
[2026-03-18T17:01:02.260+0100] {processor.py:914} INFO - Processing file /Users/atanasivanov/ipo-intel/ipo-intel/.venv_airflow/lib/python3.11/site-packages/airflow/example_dags/example_trigger_target_dag.py for tasks to queue
[2026-03-18T17:01:02.261+0100] {logging_mixin.py:190} INFO - [2026-03-18T17:01:02.261+0100] {dagbag.py:588} INFO - Filling up the DagBag from /Users/atanasivanov/ipo-intel/ipo-intel/.venv_airflow/lib/python3.11/site-packages/airflow/example_dags/example_trigger_target_dag.py
[2026-03-18T17:01:02.292+0100] {processor.py:925} INFO - DAG(s) 'example_trigger_target_dag' retrieved from /Users/atanasivanov/ipo-intel/ipo-intel/.venv_airflow/lib/python3.11/site-packages/airflow/example_dags/example_trigger_target_dag.py
[2026-03-18T17:01:02.367+0100] {logging_mixin.py:190} INFO - [2026-03-18T17:01:02.367+0100] {dag.py:3239} INFO - Sync 1 DAGs
[2026-03-18T17:01:02.422+0100] {logging_mixin.py:190} INFO - [2026-03-18T17:01:02.421+0100] {dag.py:4180} INFO - Setting next_dagrun for example_trigger_target_dag to None, run_after=None
[2026-03-18T17:01:02.437+0100] {processor.py:208} INFO - Processing /Users/atanasivanov/ipo-intel/ipo-intel/.venv_airflow/lib/python3.11/site-packages/airflow/example_dags/example_trigger_target_dag.py took 0.183 seconds
[2026-03-18T17:02:56.244+0100] {processor.py:186} INFO - Started process (PID=56789) to work on /Users/atanasivanov/ipo-intel/ipo-intel/.venv_airflow/lib/python3.11/site-packages/airflow/example_dags/example_trigger_target_dag.py
[2026-03-18T17:02:56.245+0100] {processor.py:914} INFO - Processing file /Users/atanasivanov/ipo-intel/ipo-intel/.venv_airflow/lib/python3.11/site-packages/airflow/example_dags/example_trigger_target_dag.py for tasks to queue
[2026-03-18T17:02:56.246+0100] {logging_mixin.py:190} INFO - [2026-03-18T17:02:56.246+0100] {dagbag.py:588} INFO - Filling up the DagBag from /Users/atanasivanov/ipo-intel/ipo-intel/.venv_airflow/lib/python3.11/site-packages/airflow/example_dags/example_trigger_target_dag.py
[2026-03-18T17:02:56.275+0100] {processor.py:925} INFO - DAG(s) 'example_trigger_target_dag' retrieved from /Users/atanasivanov/ipo-intel/ipo-intel/.venv_airflow/lib/python3.11/site-packages/airflow/example_dags/example_trigger_target_dag.py
[2026-03-18T17:02:56.351+0100] {logging_mixin.py:190} INFO - [2026-03-18T17:02:56.351+0100] {dag.py:3239} INFO - Sync 1 DAGs
[2026-03-18T17:02:56.407+0100] {logging_mixin.py:190} INFO - [2026-03-18T17:02:56.407+0100] {dag.py:4180} INFO - Setting next_dagrun for example_trigger_target_dag to None, run_after=None
[2026-03-18T17:02:56.423+0100] {processor.py:208} INFO - Processing /Users/atanasivanov/ipo-intel/ipo-intel/.venv_airflow/lib/python3.11/site-packages/airflow/example_dags/example_trigger_target_dag.py took 0.184 seconds
[2026-03-18T17:04:51.896+0100] {processor.py:186} INFO - Started process (PID=57206) to work on /Users/atanasivanov/ipo-intel/ipo-intel/.venv_airflow/lib/python3.11/site-packages/airflow/example_dags/example_trigger_target_dag.py
[2026-03-18T17:04:51.898+0100] {processor.py:914} INFO - Processing file /Users/atanasivanov/ipo-intel/ipo-intel/.venv_airflow/lib/python3.11/site-packages/airflow/example_dags/example_trigger_target_dag.py for tasks to queue
[2026-03-18T17:04:51.899+0100] {logging_mixin.py:190} INFO - [2026-03-18T17:04:51.899+0100] {dagbag.py:588} INFO - Filling up the DagBag from /Users/atanasivanov/ipo-intel/ipo-intel/.venv_airflow/lib/python3.11/site-packages/airflow/example_dags/example_trigger_target_dag.py
[2026-03-18T17:04:51.934+0100] {processor.py:925} INFO - DAG(s) 'example_trigger_target_dag' retrieved from /Users/atanasivanov/ipo-intel/ipo-intel/.venv_airflow/lib/python3.11/site-packages/airflow/example_dags/example_trigger_target_dag.py
[2026-03-18T17:04:52.020+0100] {logging_mixin.py:190} INFO - [2026-03-18T17:04:52.020+0100] {dag.py:3239} INFO - Sync 1 DAGs
[2026-03-18T17:04:52.082+0100] {logging_mixin.py:190} INFO - [2026-03-18T17:04:52.082+0100] {dag.py:4180} INFO - Setting next_dagrun for example_trigger_target_dag to None, run_after=None
[2026-03-18T17:04:52.101+0100] {processor.py:208} INFO - Processing /Users/atanasivanov/ipo-intel/ipo-intel/.venv_airflow/lib/python3.11/site-packages/airflow/example_dags/example_trigger_target_dag.py took 0.210 seconds
[2026-03-18T17:06:51.180+0100] {processor.py:186} INFO - Started process (PID=57646) to work on /Users/atanasivanov/ipo-intel/ipo-intel/.venv_airflow/lib/python3.11/site-packages/airflow/example_dags/example_trigger_target_dag.py
[2026-03-18T17:06:51.181+0100] {processor.py:914} INFO - Processing file /Users/atanasivanov/ipo-intel/ipo-intel/.venv_airflow/lib/python3.11/site-packages/airflow/example_dags/example_trigger_target_dag.py for tasks to queue
[2026-03-18T17:06:51.182+0100] {logging_mixin.py:190} INFO - [2026-03-18T17:06:51.182+0100] {dagbag.py:588} INFO - Filling up the DagBag from /Users/atanasivanov/ipo-intel/ipo-intel/.venv_airflow/lib/python3.11/site-packages/airflow/example_dags/example_trigger_target_dag.py
[2026-03-18T17:06:51.215+0100] {processor.py:925} INFO - DAG(s) 'example_trigger_target_dag' retrieved from /Users/atanasivanov/ipo-intel/ipo-intel/.venv_airflow/lib/python3.11/site-packages/airflow/example_dags/example_trigger_target_dag.py
[2026-03-18T17:06:51.287+0100] {logging_mixin.py:190} INFO - [2026-03-18T17:06:51.287+0100] {dag.py:3239} INFO - Sync 1 DAGs
[2026-03-18T17:06:51.344+0100] {logging_mixin.py:190} INFO - [2026-03-18T17:06:51.343+0100] {dag.py:4180} INFO - Setting next_dagrun for example_trigger_target_dag to None, run_after=None
[2026-03-18T17:06:51.361+0100] {processor.py:208} INFO - Processing /Users/atanasivanov/ipo-intel/ipo-intel/.venv_airflow/lib/python3.11/site-packages/airflow/example_dags/example_trigger_target_dag.py took 0.186 seconds
[2026-03-18T17:08:42.703+0100] {processor.py:186} INFO - Started process (PID=58054) to work on /Users/atanasivanov/ipo-intel/ipo-intel/.venv_airflow/lib/python3.11/site-packages/airflow/example_dags/example_trigger_target_dag.py
[2026-03-18T17:08:42.704+0100] {processor.py:914} INFO - Processing file /Users/atanasivanov/ipo-intel/ipo-intel/.venv_airflow/lib/python3.11/site-packages/airflow/example_dags/example_trigger_target_dag.py for tasks to queue
[2026-03-18T17:08:42.706+0100] {logging_mixin.py:190} INFO - [2026-03-18T17:08:42.705+0100] {dagbag.py:588} INFO - Filling up the DagBag from /Users/atanasivanov/ipo-intel/ipo-intel/.venv_airflow/lib/python3.11/site-packages/airflow/example_dags/example_trigger_target_dag.py
[2026-03-18T17:08:42.738+0100] {processor.py:925} INFO - DAG(s) 'example_trigger_target_dag' retrieved from /Users/atanasivanov/ipo-intel/ipo-intel/.venv_airflow/lib/python3.11/site-packages/airflow/example_dags/example_trigger_target_dag.py
[2026-03-18T17:08:42.814+0100] {logging_mixin.py:190} INFO - [2026-03-18T17:08:42.814+0100] {dag.py:3239} INFO - Sync 1 DAGs
[2026-03-18T17:08:42.880+0100] {logging_mixin.py:190} INFO - [2026-03-18T17:08:42.880+0100] {dag.py:4180} INFO - Setting next_dagrun for example_trigger_target_dag to None, run_after=None
[2026-03-18T17:08:42.899+0100] {processor.py:208} INFO - Processing /Users/atanasivanov/ipo-intel/ipo-intel/.venv_airflow/lib/python3.11/site-packages/airflow/example_dags/example_trigger_target_dag.py took 0.201 seconds
[2026-03-18T17:10:43.897+0100] {processor.py:186} INFO - Started process (PID=58580) to work on /Users/atanasivanov/ipo-intel/ipo-intel/.venv_airflow/lib/python3.11/site-packages/airflow/example_dags/example_trigger_target_dag.py
[2026-03-18T17:10:43.897+0100] {processor.py:914} INFO - Processing file /Users/atanasivanov/ipo-intel/ipo-intel/.venv_airflow/lib/python3.11/site-packages/airflow/example_dags/example_trigger_target_dag.py for tasks to queue
[2026-03-18T17:10:43.898+0100] {logging_mixin.py:190} INFO - [2026-03-18T17:10:43.898+0100] {dagbag.py:588} INFO - Filling up the DagBag from /Users/atanasivanov/ipo-intel/ipo-intel/.venv_airflow/lib/python3.11/site-packages/airflow/example_dags/example_trigger_target_dag.py
[2026-03-18T17:10:43.932+0100] {processor.py:925} INFO - DAG(s) 'example_trigger_target_dag' retrieved from /Users/atanasivanov/ipo-intel/ipo-intel/.venv_airflow/lib/python3.11/site-packages/airflow/example_dags/example_trigger_target_dag.py
[2026-03-18T17:10:44.008+0100] {logging_mixin.py:190} INFO - [2026-03-18T17:10:44.007+0100] {dag.py:3239} INFO - Sync 1 DAGs
[2026-03-18T17:10:44.063+0100] {logging_mixin.py:190} INFO - [2026-03-18T17:10:44.063+0100] {dag.py:4180} INFO - Setting next_dagrun for example_trigger_target_dag to None, run_after=None
[2026-03-18T17:10:44.080+0100] {processor.py:208} INFO - Processing /Users/atanasivanov/ipo-intel/ipo-intel/.venv_airflow/lib/python3.11/site-packages/airflow/example_dags/example_trigger_target_dag.py took 0.189 seconds
[2026-03-18T17:12:46.767+0100] {processor.py:186} INFO - Started process (PID=59253) to work on /Users/atanasivanov/ipo-intel/ipo-intel/.venv_airflow/lib/python3.11/site-packages/airflow/example_dags/example_trigger_target_dag.py
[2026-03-18T17:12:46.768+0100] {processor.py:914} INFO - Processing file /Users/atanasivanov/ipo-intel/ipo-intel/.venv_airflow/lib/python3.11/site-packages/airflow/example_dags/example_trigger_target_dag.py for tasks to queue
[2026-03-18T17:12:46.769+0100] {logging_mixin.py:190} INFO - [2026-03-18T17:12:46.769+0100] {dagbag.py:588} INFO - Filling up the DagBag from /Users/atanasivanov/ipo-intel/ipo-intel/.venv_airflow/lib/python3.11/site-packages/airflow/example_dags/example_trigger_target_dag.py
[2026-03-18T17:12:46.809+0100] {processor.py:925} INFO - DAG(s) 'example_trigger_target_dag' retrieved from /Users/atanasivanov/ipo-intel/ipo-intel/.venv_airflow/lib/python3.11/site-packages/airflow/example_dags/example_trigger_target_dag.py
[2026-03-18T17:12:46.903+0100] {logging_mixin.py:190} INFO - [2026-03-18T17:12:46.903+0100] {dag.py:3239} INFO - Sync 1 DAGs
[2026-03-18T17:12:46.964+0100] {logging_mixin.py:190} INFO - [2026-03-18T17:12:46.964+0100] {dag.py:4180} INFO - Setting next_dagrun for example_trigger_target_dag to None, run_after=None
[2026-03-18T17:12:46.981+0100] {processor.py:208} INFO - Processing /Users/atanasivanov/ipo-intel/ipo-intel/.venv_airflow/lib/python3.11/site-packages/airflow/example_dags/example_trigger_target_dag.py took 0.220 seconds
[2026-03-18T17:14:51.442+0100] {processor.py:186} INFO - Started process (PID=59902) to work on /Users/atanasivanov/ipo-intel/ipo-intel/.venv_airflow/lib/python3.11/site-packages/airflow/example_dags/example_trigger_target_dag.py
[2026-03-18T17:14:51.443+0100] {processor.py:914} INFO - Processing file /Users/atanasivanov/ipo-intel/ipo-intel/.venv_airflow/lib/python3.11/site-packages/airflow/example_dags/example_trigger_target_dag.py for tasks to queue
[2026-03-18T17:14:51.444+0100] {logging_mixin.py:190} INFO - [2026-03-18T17:14:51.444+0100] {dagbag.py:588} INFO - Filling up the DagBag from /Users/atanasivanov/ipo-intel/ipo-intel/.venv_airflow/lib/python3.11/site-packages/airflow/example_dags/example_trigger_target_dag.py
[2026-03-18T17:14:51.482+0100] {processor.py:925} INFO - DAG(s) 'example_trigger_target_dag' retrieved from /Users/atanasivanov/ipo-intel/ipo-intel/.venv_airflow/lib/python3.11/site-packages/airflow/example_dags/example_trigger_target_dag.py
[2026-03-18T17:14:51.579+0100] {logging_mixin.py:190} INFO - [2026-03-18T17:14:51.578+0100] {dag.py:3239} INFO - Sync 1 DAGs
[2026-03-18T17:14:51.637+0100] {logging_mixin.py:190} INFO - [2026-03-18T17:14:51.636+0100] {dag.py:4180} INFO - Setting next_dagrun for example_trigger_target_dag to None, run_after=None
[2026-03-18T17:14:51.653+0100] {processor.py:208} INFO - Processing /Users/atanasivanov/ipo-intel/ipo-intel/.venv_airflow/lib/python3.11/site-packages/airflow/example_dags/example_trigger_target_dag.py took 0.216 seconds
