[2026-03-18T16:21:08.751+0100] {processor.py:186} INFO - Started process (PID=45521) to work on /Users/atanasivanov/ipo-intel/ipo-intel/.venv_airflow/lib/python3.11/site-packages/airflow/example_dags/example_latest_only_with_trigger.py
[2026-03-18T16:21:08.752+0100] {processor.py:914} INFO - Processing file /Users/atanasivanov/ipo-intel/ipo-intel/.venv_airflow/lib/python3.11/site-packages/airflow/example_dags/example_latest_only_with_trigger.py for tasks to queue
[2026-03-18T16:21:08.753+0100] {logging_mixin.py:190} INFO - [2026-03-18T16:21:08.753+0100] {dagbag.py:588} INFO - Filling up the DagBag from /Users/atanasivanov/ipo-intel/ipo-intel/.venv_airflow/lib/python3.11/site-packages/airflow/example_dags/example_latest_only_with_trigger.py
[2026-03-18T16:21:08.760+0100] {processor.py:925} INFO - DAG(s) 'latest_only_with_trigger' retrieved from /Users/atanasivanov/ipo-intel/ipo-intel/.venv_airflow/lib/python3.11/site-packages/airflow/example_dags/example_latest_only_with_trigger.py
[2026-03-18T16:21:09.000+0100] {logging_mixin.py:190} INFO - [2026-03-18T16:21:09.000+0100] {override.py:1912} INFO - Created Permission View: can read on DAG:latest_only_with_trigger
[2026-03-18T16:21:09.009+0100] {logging_mixin.py:190} INFO - [2026-03-18T16:21:09.008+0100] {override.py:1912} INFO - Created Permission View: can edit on DAG:latest_only_with_trigger
[2026-03-18T16:21:09.014+0100] {logging_mixin.py:190} INFO - [2026-03-18T16:21:09.014+0100] {override.py:1912} INFO - Created Permission View: can delete on DAG:latest_only_with_trigger
[2026-03-18T16:21:09.021+0100] {logging_mixin.py:190} INFO - [2026-03-18T16:21:09.021+0100] {override.py:1912} INFO - Created Permission View: can read on DAG Run:latest_only_with_trigger
[2026-03-18T16:21:09.028+0100] {logging_mixin.py:190} INFO - [2026-03-18T16:21:09.028+0100] {override.py:1912} INFO - Created Permission View: menu access on DAG Run:latest_only_with_trigger
[2026-03-18T16:21:09.035+0100] {logging_mixin.py:190} INFO - [2026-03-18T16:21:09.035+0100] {override.py:1912} INFO - Created Permission View: can delete on DAG Run:latest_only_with_trigger
[2026-03-18T16:21:09.041+0100] {logging_mixin.py:190} INFO - [2026-03-18T16:21:09.041+0100] {override.py:1912} INFO - Created Permission View: can create on DAG Run:latest_only_with_trigger
[2026-03-18T16:21:09.042+0100] {logging_mixin.py:190} INFO - [2026-03-18T16:21:09.042+0100] {dag.py:3239} INFO - Sync 1 DAGs
[2026-03-18T16:21:09.053+0100] {logging_mixin.py:190} INFO - [2026-03-18T16:21:09.053+0100] {dag.py:3262} INFO - Creating ORM DAG for latest_only_with_trigger
[2026-03-18T16:21:09.061+0100] {logging_mixin.py:190} INFO - [2026-03-18T16:21:09.061+0100] {dag.py:4180} INFO - Setting next_dagrun for latest_only_with_trigger to 2026-03-18 08:00:00+00:00, run_after=2026-03-18 12:00:00+00:00
[2026-03-18T16:21:09.075+0100] {processor.py:208} INFO - Processing /Users/atanasivanov/ipo-intel/ipo-intel/.venv_airflow/lib/python3.11/site-packages/airflow/example_dags/example_latest_only_with_trigger.py took 0.329 seconds
[2026-03-18T16:23:48.937+0100] {processor.py:186} INFO - Started process (PID=46120) to work on /Users/atanasivanov/ipo-intel/ipo-intel/.venv_airflow/lib/python3.11/site-packages/airflow/example_dags/example_latest_only_with_trigger.py
[2026-03-18T16:23:48.939+0100] {processor.py:914} INFO - Processing file /Users/atanasivanov/ipo-intel/ipo-intel/.venv_airflow/lib/python3.11/site-packages/airflow/example_dags/example_latest_only_with_trigger.py for tasks to queue
[2026-03-18T16:23:48.940+0100] {logging_mixin.py:190} INFO - [2026-03-18T16:23:48.940+0100] {dagbag.py:588} INFO - Filling up the DagBag from /Users/atanasivanov/ipo-intel/ipo-intel/.venv_airflow/lib/python3.11/site-packages/airflow/example_dags/example_latest_only_with_trigger.py
[2026-03-18T16:23:48.947+0100] {processor.py:925} INFO - DAG(s) 'latest_only_with_trigger' retrieved from /Users/atanasivanov/ipo-intel/ipo-intel/.venv_airflow/lib/python3.11/site-packages/airflow/example_dags/example_latest_only_with_trigger.py
[2026-03-18T16:23:49.025+0100] {logging_mixin.py:190} INFO - [2026-03-18T16:23:49.025+0100] {dag.py:3239} INFO - Sync 1 DAGs
[2026-03-18T16:23:49.038+0100] {logging_mixin.py:190} INFO - [2026-03-18T16:23:49.037+0100] {dag.py:4180} INFO - Setting next_dagrun for latest_only_with_trigger to 2026-03-18 08:00:00+00:00, run_after=2026-03-18 12:00:00+00:00
[2026-03-18T16:23:49.052+0100] {processor.py:208} INFO - Processing /Users/atanasivanov/ipo-intel/ipo-intel/.venv_airflow/lib/python3.11/site-packages/airflow/example_dags/example_latest_only_with_trigger.py took 0.119 seconds
[2026-03-18T16:27:55.924+0100] {processor.py:186} INFO - Started process (PID=47719) to work on /Users/atanasivanov/ipo-intel/ipo-intel/.venv_airflow/lib/python3.11/site-packages/airflow/example_dags/example_latest_only_with_trigger.py
[2026-03-18T16:27:55.925+0100] {processor.py:914} INFO - Processing file /Users/atanasivanov/ipo-intel/ipo-intel/.venv_airflow/lib/python3.11/site-packages/airflow/example_dags/example_latest_only_with_trigger.py for tasks to queue
[2026-03-18T16:27:55.926+0100] {logging_mixin.py:190} INFO - [2026-03-18T16:27:55.926+0100] {dagbag.py:588} INFO - Filling up the DagBag from /Users/atanasivanov/ipo-intel/ipo-intel/.venv_airflow/lib/python3.11/site-packages/airflow/example_dags/example_latest_only_with_trigger.py
[2026-03-18T16:27:55.934+0100] {processor.py:925} INFO - DAG(s) 'latest_only_with_trigger' retrieved from /Users/atanasivanov/ipo-intel/ipo-intel/.venv_airflow/lib/python3.11/site-packages/airflow/example_dags/example_latest_only_with_trigger.py
[2026-03-18T16:27:56.034+0100] {logging_mixin.py:190} INFO - [2026-03-18T16:27:56.033+0100] {dag.py:3239} INFO - Sync 1 DAGs
[2026-03-18T16:27:56.051+0100] {logging_mixin.py:190} INFO - [2026-03-18T16:27:56.051+0100] {dag.py:4180} INFO - Setting next_dagrun for latest_only_with_trigger to 2026-03-18 08:00:00+00:00, run_after=2026-03-18 12:00:00+00:00
[2026-03-18T16:27:56.069+0100] {processor.py:208} INFO - Processing /Users/atanasivanov/ipo-intel/ipo-intel/.venv_airflow/lib/python3.11/site-packages/airflow/example_dags/example_latest_only_with_trigger.py took 0.151 seconds
[2026-03-18T16:31:48.652+0100] {processor.py:186} INFO - Started process (PID=48570) to work on /Users/atanasivanov/ipo-intel/ipo-intel/.venv_airflow/lib/python3.11/site-packages/airflow/example_dags/example_latest_only_with_trigger.py
[2026-03-18T16:31:48.653+0100] {processor.py:914} INFO - Processing file /Users/atanasivanov/ipo-intel/ipo-intel/.venv_airflow/lib/python3.11/site-packages/airflow/example_dags/example_latest_only_with_trigger.py for tasks to queue
[2026-03-18T16:31:48.654+0100] {logging_mixin.py:190} INFO - [2026-03-18T16:31:48.654+0100] {dagbag.py:588} INFO - Filling up the DagBag from /Users/atanasivanov/ipo-intel/ipo-intel/.venv_airflow/lib/python3.11/site-packages/airflow/example_dags/example_latest_only_with_trigger.py
[2026-03-18T16:31:48.661+0100] {processor.py:925} INFO - DAG(s) 'latest_only_with_trigger' retrieved from /Users/atanasivanov/ipo-intel/ipo-intel/.venv_airflow/lib/python3.11/site-packages/airflow/example_dags/example_latest_only_with_trigger.py
[2026-03-18T16:31:48.740+0100] {logging_mixin.py:190} INFO - [2026-03-18T16:31:48.740+0100] {dag.py:3239} INFO - Sync 1 DAGs
[2026-03-18T16:31:48.753+0100] {logging_mixin.py:190} INFO - [2026-03-18T16:31:48.753+0100] {dag.py:4180} INFO - Setting next_dagrun for latest_only_with_trigger to 2026-03-18 08:00:00+00:00, run_after=2026-03-18 12:00:00+00:00
[2026-03-18T16:31:48.767+0100] {processor.py:208} INFO - Processing /Users/atanasivanov/ipo-intel/ipo-intel/.venv_airflow/lib/python3.11/site-packages/airflow/example_dags/example_latest_only_with_trigger.py took 0.120 seconds
[2026-03-18T16:35:38.543+0100] {processor.py:186} INFO - Started process (PID=49411) to work on /Users/atanasivanov/ipo-intel/ipo-intel/.venv_airflow/lib/python3.11/site-packages/airflow/example_dags/example_latest_only_with_trigger.py
[2026-03-18T16:35:38.545+0100] {processor.py:914} INFO - Processing file /Users/atanasivanov/ipo-intel/ipo-intel/.venv_airflow/lib/python3.11/site-packages/airflow/example_dags/example_latest_only_with_trigger.py for tasks to queue
[2026-03-18T16:35:38.546+0100] {logging_mixin.py:190} INFO - [2026-03-18T16:35:38.546+0100] {dagbag.py:588} INFO - Filling up the DagBag from /Users/atanasivanov/ipo-intel/ipo-intel/.venv_airflow/lib/python3.11/site-packages/airflow/example_dags/example_latest_only_with_trigger.py
[2026-03-18T16:35:38.553+0100] {processor.py:925} INFO - DAG(s) 'latest_only_with_trigger' retrieved from /Users/atanasivanov/ipo-intel/ipo-intel/.venv_airflow/lib/python3.11/site-packages/airflow/example_dags/example_latest_only_with_trigger.py
[2026-03-18T16:35:38.633+0100] {logging_mixin.py:190} INFO - [2026-03-18T16:35:38.633+0100] {dag.py:3239} INFO - Sync 1 DAGs
[2026-03-18T16:35:38.646+0100] {logging_mixin.py:190} INFO - [2026-03-18T16:35:38.646+0100] {dag.py:4180} INFO - Setting next_dagrun for latest_only_with_trigger to 2026-03-18 08:00:00+00:00, run_after=2026-03-18 12:00:00+00:00
[2026-03-18T16:35:38.660+0100] {processor.py:208} INFO - Processing /Users/atanasivanov/ipo-intel/ipo-intel/.venv_airflow/lib/python3.11/site-packages/airflow/example_dags/example_latest_only_with_trigger.py took 0.122 seconds
[2026-03-18T16:39:23.946+0100] {processor.py:186} INFO - Started process (PID=50513) to work on /Users/atanasivanov/ipo-intel/ipo-intel/.venv_airflow/lib/python3.11/site-packages/airflow/example_dags/example_latest_only_with_trigger.py
[2026-03-18T16:39:23.948+0100] {processor.py:914} INFO - Processing file /Users/atanasivanov/ipo-intel/ipo-intel/.venv_airflow/lib/python3.11/site-packages/airflow/example_dags/example_latest_only_with_trigger.py for tasks to queue
[2026-03-18T16:39:23.950+0100] {logging_mixin.py:190} INFO - [2026-03-18T16:39:23.949+0100] {dagbag.py:588} INFO - Filling up the DagBag from /Users/atanasivanov/ipo-intel/ipo-intel/.venv_airflow/lib/python3.11/site-packages/airflow/example_dags/example_latest_only_with_trigger.py
[2026-03-18T16:39:23.958+0100] {processor.py:925} INFO - DAG(s) 'latest_only_with_trigger' retrieved from /Users/atanasivanov/ipo-intel/ipo-intel/.venv_airflow/lib/python3.11/site-packages/airflow/example_dags/example_latest_only_with_trigger.py
[2026-03-18T16:39:24.045+0100] {logging_mixin.py:190} INFO - [2026-03-18T16:39:24.044+0100] {dag.py:3239} INFO - Sync 1 DAGs
[2026-03-18T16:39:24.060+0100] {logging_mixin.py:190} INFO - [2026-03-18T16:39:24.060+0100] {dag.py:4180} INFO - Setting next_dagrun for latest_only_with_trigger to 2026-03-18 08:00:00+00:00, run_after=2026-03-18 12:00:00+00:00
[2026-03-18T16:39:24.078+0100] {processor.py:208} INFO - Processing /Users/atanasivanov/ipo-intel/ipo-intel/.venv_airflow/lib/python3.11/site-packages/airflow/example_dags/example_latest_only_with_trigger.py took 0.137 seconds
[2026-03-18T16:43:34.772+0100] {processor.py:186} INFO - Started process (PID=52281) to work on /Users/atanasivanov/ipo-intel/ipo-intel/.venv_airflow/lib/python3.11/site-packages/airflow/example_dags/example_latest_only_with_trigger.py
[2026-03-18T16:43:34.773+0100] {processor.py:914} INFO - Processing file /Users/atanasivanov/ipo-intel/ipo-intel/.venv_airflow/lib/python3.11/site-packages/airflow/example_dags/example_latest_only_with_trigger.py for tasks to queue
[2026-03-18T16:43:34.774+0100] {logging_mixin.py:190} INFO - [2026-03-18T16:43:34.774+0100] {dagbag.py:588} INFO - Filling up the DagBag from /Users/atanasivanov/ipo-intel/ipo-intel/.venv_airflow/lib/python3.11/site-packages/airflow/example_dags/example_latest_only_with_trigger.py
[2026-03-18T16:43:34.782+0100] {processor.py:925} INFO - DAG(s) 'latest_only_with_trigger' retrieved from /Users/atanasivanov/ipo-intel/ipo-intel/.venv_airflow/lib/python3.11/site-packages/airflow/example_dags/example_latest_only_with_trigger.py
[2026-03-18T16:43:34.878+0100] {logging_mixin.py:190} INFO - [2026-03-18T16:43:34.877+0100] {dag.py:3239} INFO - Sync 1 DAGs
[2026-03-18T16:43:34.893+0100] {logging_mixin.py:190} INFO - [2026-03-18T16:43:34.893+0100] {dag.py:4180} INFO - Setting next_dagrun for latest_only_with_trigger to 2026-03-18 08:00:00+00:00, run_after=2026-03-18 12:00:00+00:00
[2026-03-18T16:43:34.910+0100] {processor.py:208} INFO - Processing /Users/atanasivanov/ipo-intel/ipo-intel/.venv_airflow/lib/python3.11/site-packages/airflow/example_dags/example_latest_only_with_trigger.py took 0.143 seconds
[2026-03-18T16:49:08.294+0100] {processor.py:186} INFO - Started process (PID=53459) to work on /Users/atanasivanov/ipo-intel/ipo-intel/.venv_airflow/lib/python3.11/site-packages/airflow/example_dags/example_latest_only_with_trigger.py
[2026-03-18T16:49:08.295+0100] {processor.py:914} INFO - Processing file /Users/atanasivanov/ipo-intel/ipo-intel/.venv_airflow/lib/python3.11/site-packages/airflow/example_dags/example_latest_only_with_trigger.py for tasks to queue
[2026-03-18T16:49:08.296+0100] {logging_mixin.py:190} INFO - [2026-03-18T16:49:08.296+0100] {dagbag.py:588} INFO - Filling up the DagBag from /Users/atanasivanov/ipo-intel/ipo-intel/.venv_airflow/lib/python3.11/site-packages/airflow/example_dags/example_latest_only_with_trigger.py
[2026-03-18T16:49:08.303+0100] {processor.py:925} INFO - DAG(s) 'latest_only_with_trigger' retrieved from /Users/atanasivanov/ipo-intel/ipo-intel/.venv_airflow/lib/python3.11/site-packages/airflow/example_dags/example_latest_only_with_trigger.py
[2026-03-18T16:49:08.381+0100] {logging_mixin.py:190} INFO - [2026-03-18T16:49:08.381+0100] {dag.py:3239} INFO - Sync 1 DAGs
[2026-03-18T16:49:08.393+0100] {logging_mixin.py:190} INFO - [2026-03-18T16:49:08.393+0100] {dag.py:4180} INFO - Setting next_dagrun for latest_only_with_trigger to 2026-03-18 08:00:00+00:00, run_after=2026-03-18 12:00:00+00:00
[2026-03-18T16:49:08.407+0100] {processor.py:208} INFO - Processing /Users/atanasivanov/ipo-intel/ipo-intel/.venv_airflow/lib/python3.11/site-packages/airflow/example_dags/example_latest_only_with_trigger.py took 0.118 seconds
[2026-03-18T16:51:39.903+0100] {processor.py:186} INFO - Started process (PID=54009) to work on /Users/atanasivanov/ipo-intel/ipo-intel/.venv_airflow/lib/python3.11/site-packages/airflow/example_dags/example_latest_only_with_trigger.py
[2026-03-18T16:51:39.904+0100] {processor.py:914} INFO - Processing file /Users/atanasivanov/ipo-intel/ipo-intel/.venv_airflow/lib/python3.11/site-packages/airflow/example_dags/example_latest_only_with_trigger.py for tasks to queue
[2026-03-18T16:51:39.905+0100] {logging_mixin.py:190} INFO - [2026-03-18T16:51:39.905+0100] {dagbag.py:588} INFO - Filling up the DagBag from /Users/atanasivanov/ipo-intel/ipo-intel/.venv_airflow/lib/python3.11/site-packages/airflow/example_dags/example_latest_only_with_trigger.py
[2026-03-18T16:51:39.912+0100] {processor.py:925} INFO - DAG(s) 'latest_only_with_trigger' retrieved from /Users/atanasivanov/ipo-intel/ipo-intel/.venv_airflow/lib/python3.11/site-packages/airflow/example_dags/example_latest_only_with_trigger.py
[2026-03-18T16:51:39.994+0100] {logging_mixin.py:190} INFO - [2026-03-18T16:51:39.993+0100] {dag.py:3239} INFO - Sync 1 DAGs
[2026-03-18T16:51:40.007+0100] {logging_mixin.py:190} INFO - [2026-03-18T16:51:40.006+0100] {dag.py:4180} INFO - Setting next_dagrun for latest_only_with_trigger to 2026-03-18 08:00:00+00:00, run_after=2026-03-18 12:00:00+00:00
[2026-03-18T16:51:40.020+0100] {processor.py:208} INFO - Processing /Users/atanasivanov/ipo-intel/ipo-intel/.venv_airflow/lib/python3.11/site-packages/airflow/example_dags/example_latest_only_with_trigger.py took 0.123 seconds
[2026-03-18T16:55:51.022+0100] {processor.py:186} INFO - Started process (PID=55222) to work on /Users/atanasivanov/ipo-intel/ipo-intel/.venv_airflow/lib/python3.11/site-packages/airflow/example_dags/example_latest_only_with_trigger.py
[2026-03-18T16:55:51.023+0100] {processor.py:914} INFO - Processing file /Users/atanasivanov/ipo-intel/ipo-intel/.venv_airflow/lib/python3.11/site-packages/airflow/example_dags/example_latest_only_with_trigger.py for tasks to queue
[2026-03-18T16:55:51.024+0100] {logging_mixin.py:190} INFO - [2026-03-18T16:55:51.024+0100] {dagbag.py:588} INFO - Filling up the DagBag from /Users/atanasivanov/ipo-intel/ipo-intel/.venv_airflow/lib/python3.11/site-packages/airflow/example_dags/example_latest_only_with_trigger.py
[2026-03-18T16:55:51.036+0100] {processor.py:925} INFO - DAG(s) 'latest_only_with_trigger' retrieved from /Users/atanasivanov/ipo-intel/ipo-intel/.venv_airflow/lib/python3.11/site-packages/airflow/example_dags/example_latest_only_with_trigger.py
[2026-03-18T16:55:51.137+0100] {logging_mixin.py:190} INFO - [2026-03-18T16:55:51.136+0100] {dag.py:3239} INFO - Sync 1 DAGs
[2026-03-18T16:55:51.153+0100] {logging_mixin.py:190} INFO - [2026-03-18T16:55:51.153+0100] {dag.py:4180} INFO - Setting next_dagrun for latest_only_with_trigger to 2026-03-18 08:00:00+00:00, run_after=2026-03-18 12:00:00+00:00
[2026-03-18T16:55:51.169+0100] {processor.py:208} INFO - Processing /Users/atanasivanov/ipo-intel/ipo-intel/.venv_airflow/lib/python3.11/site-packages/airflow/example_dags/example_latest_only_with_trigger.py took 0.153 seconds
[2026-03-18T16:59:58.867+0100] {processor.py:186} INFO - Started process (PID=56141) to work on /Users/atanasivanov/ipo-intel/ipo-intel/.venv_airflow/lib/python3.11/site-packages/airflow/example_dags/example_latest_only_with_trigger.py
[2026-03-18T16:59:58.868+0100] {processor.py:914} INFO - Processing file /Users/atanasivanov/ipo-intel/ipo-intel/.venv_airflow/lib/python3.11/site-packages/airflow/example_dags/example_latest_only_with_trigger.py for tasks to queue
[2026-03-18T16:59:58.869+0100] {logging_mixin.py:190} INFO - [2026-03-18T16:59:58.869+0100] {dagbag.py:588} INFO - Filling up the DagBag from /Users/atanasivanov/ipo-intel/ipo-intel/.venv_airflow/lib/python3.11/site-packages/airflow/example_dags/example_latest_only_with_trigger.py
[2026-03-18T16:59:58.877+0100] {processor.py:925} INFO - DAG(s) 'latest_only_with_trigger' retrieved from /Users/atanasivanov/ipo-intel/ipo-intel/.venv_airflow/lib/python3.11/site-packages/airflow/example_dags/example_latest_only_with_trigger.py
[2026-03-18T16:59:58.962+0100] {logging_mixin.py:190} INFO - [2026-03-18T16:59:58.962+0100] {dag.py:3239} INFO - Sync 1 DAGs
[2026-03-18T16:59:58.975+0100] {logging_mixin.py:190} INFO - [2026-03-18T16:59:58.975+0100] {dag.py:4180} INFO - Setting next_dagrun for latest_only_with_trigger to 2026-03-18 08:00:00+00:00, run_after=2026-03-18 12:00:00+00:00
[2026-03-18T16:59:58.992+0100] {processor.py:208} INFO - Processing /Users/atanasivanov/ipo-intel/ipo-intel/.venv_airflow/lib/python3.11/site-packages/airflow/example_dags/example_latest_only_with_trigger.py took 0.131 seconds
[2026-03-18T17:03:50.783+0100] {processor.py:186} INFO - Started process (PID=56984) to work on /Users/atanasivanov/ipo-intel/ipo-intel/.venv_airflow/lib/python3.11/site-packages/airflow/example_dags/example_latest_only_with_trigger.py
[2026-03-18T17:03:50.784+0100] {processor.py:914} INFO - Processing file /Users/atanasivanov/ipo-intel/ipo-intel/.venv_airflow/lib/python3.11/site-packages/airflow/example_dags/example_latest_only_with_trigger.py for tasks to queue
[2026-03-18T17:03:50.786+0100] {logging_mixin.py:190} INFO - [2026-03-18T17:03:50.786+0100] {dagbag.py:588} INFO - Filling up the DagBag from /Users/atanasivanov/ipo-intel/ipo-intel/.venv_airflow/lib/python3.11/site-packages/airflow/example_dags/example_latest_only_with_trigger.py
[2026-03-18T17:03:50.796+0100] {processor.py:925} INFO - DAG(s) 'latest_only_with_trigger' retrieved from /Users/atanasivanov/ipo-intel/ipo-intel/.venv_airflow/lib/python3.11/site-packages/airflow/example_dags/example_latest_only_with_trigger.py
[2026-03-18T17:03:50.898+0100] {logging_mixin.py:190} INFO - [2026-03-18T17:03:50.898+0100] {dag.py:3239} INFO - Sync 1 DAGs
[2026-03-18T17:03:50.916+0100] {logging_mixin.py:190} INFO - [2026-03-18T17:03:50.916+0100] {dag.py:4180} INFO - Setting next_dagrun for latest_only_with_trigger to 2026-03-18 12:00:00+00:00, run_after=2026-03-18 16:00:00+00:00
[2026-03-18T17:03:50.934+0100] {processor.py:208} INFO - Processing /Users/atanasivanov/ipo-intel/ipo-intel/.venv_airflow/lib/python3.11/site-packages/airflow/example_dags/example_latest_only_with_trigger.py took 0.157 seconds
[2026-03-18T17:07:42.393+0100] {processor.py:186} INFO - Started process (PID=57834) to work on /Users/atanasivanov/ipo-intel/ipo-intel/.venv_airflow/lib/python3.11/site-packages/airflow/example_dags/example_latest_only_with_trigger.py
[2026-03-18T17:07:42.394+0100] {processor.py:914} INFO - Processing file /Users/atanasivanov/ipo-intel/ipo-intel/.venv_airflow/lib/python3.11/site-packages/airflow/example_dags/example_latest_only_with_trigger.py for tasks to queue
[2026-03-18T17:07:42.395+0100] {logging_mixin.py:190} INFO - [2026-03-18T17:07:42.395+0100] {dagbag.py:588} INFO - Filling up the DagBag from /Users/atanasivanov/ipo-intel/ipo-intel/.venv_airflow/lib/python3.11/site-packages/airflow/example_dags/example_latest_only_with_trigger.py
[2026-03-18T17:07:42.403+0100] {processor.py:925} INFO - DAG(s) 'latest_only_with_trigger' retrieved from /Users/atanasivanov/ipo-intel/ipo-intel/.venv_airflow/lib/python3.11/site-packages/airflow/example_dags/example_latest_only_with_trigger.py
[2026-03-18T17:07:42.483+0100] {logging_mixin.py:190} INFO - [2026-03-18T17:07:42.482+0100] {dag.py:3239} INFO - Sync 1 DAGs
[2026-03-18T17:07:42.495+0100] {logging_mixin.py:190} INFO - [2026-03-18T17:07:42.495+0100] {dag.py:4180} INFO - Setting next_dagrun for latest_only_with_trigger to 2026-03-18 12:00:00+00:00, run_after=2026-03-18 16:00:00+00:00
[2026-03-18T17:07:42.509+0100] {processor.py:208} INFO - Processing /Users/atanasivanov/ipo-intel/ipo-intel/.venv_airflow/lib/python3.11/site-packages/airflow/example_dags/example_latest_only_with_trigger.py took 0.120 seconds
[2026-03-18T17:11:41.308+0100] {processor.py:186} INFO - Started process (PID=58782) to work on /Users/atanasivanov/ipo-intel/ipo-intel/.venv_airflow/lib/python3.11/site-packages/airflow/example_dags/example_latest_only_with_trigger.py
[2026-03-18T17:11:41.309+0100] {processor.py:914} INFO - Processing file /Users/atanasivanov/ipo-intel/ipo-intel/.venv_airflow/lib/python3.11/site-packages/airflow/example_dags/example_latest_only_with_trigger.py for tasks to queue
[2026-03-18T17:11:41.310+0100] {logging_mixin.py:190} INFO - [2026-03-18T17:11:41.310+0100] {dagbag.py:588} INFO - Filling up the DagBag from /Users/atanasivanov/ipo-intel/ipo-intel/.venv_airflow/lib/python3.11/site-packages/airflow/example_dags/example_latest_only_with_trigger.py
[2026-03-18T17:11:41.317+0100] {processor.py:925} INFO - DAG(s) 'latest_only_with_trigger' retrieved from /Users/atanasivanov/ipo-intel/ipo-intel/.venv_airflow/lib/python3.11/site-packages/airflow/example_dags/example_latest_only_with_trigger.py
[2026-03-18T17:11:41.395+0100] {logging_mixin.py:190} INFO - [2026-03-18T17:11:41.395+0100] {dag.py:3239} INFO - Sync 1 DAGs
[2026-03-18T17:11:41.407+0100] {logging_mixin.py:190} INFO - [2026-03-18T17:11:41.407+0100] {dag.py:4180} INFO - Setting next_dagrun for latest_only_with_trigger to 2026-03-18 12:00:00+00:00, run_after=2026-03-18 16:00:00+00:00
[2026-03-18T17:11:41.423+0100] {processor.py:208} INFO - Processing /Users/atanasivanov/ipo-intel/ipo-intel/.venv_airflow/lib/python3.11/site-packages/airflow/example_dags/example_latest_only_with_trigger.py took 0.120 seconds
[2026-03-18T17:15:51.100+0100] {processor.py:186} INFO - Started process (PID=61405) to work on /Users/atanasivanov/ipo-intel/ipo-intel/.venv_airflow/lib/python3.11/site-packages/airflow/example_dags/example_latest_only_with_trigger.py
[2026-03-18T17:15:51.101+0100] {processor.py:914} INFO - Processing file /Users/atanasivanov/ipo-intel/ipo-intel/.venv_airflow/lib/python3.11/site-packages/airflow/example_dags/example_latest_only_with_trigger.py for tasks to queue
[2026-03-18T17:15:51.102+0100] {logging_mixin.py:190} INFO - [2026-03-18T17:15:51.102+0100] {dagbag.py:588} INFO - Filling up the DagBag from /Users/atanasivanov/ipo-intel/ipo-intel/.venv_airflow/lib/python3.11/site-packages/airflow/example_dags/example_latest_only_with_trigger.py
[2026-03-18T17:15:51.109+0100] {processor.py:925} INFO - DAG(s) 'latest_only_with_trigger' retrieved from /Users/atanasivanov/ipo-intel/ipo-intel/.venv_airflow/lib/python3.11/site-packages/airflow/example_dags/example_latest_only_with_trigger.py
[2026-03-18T17:15:51.196+0100] {logging_mixin.py:190} INFO - [2026-03-18T17:15:51.195+0100] {dag.py:3239} INFO - Sync 1 DAGs
[2026-03-18T17:15:51.209+0100] {logging_mixin.py:190} INFO - [2026-03-18T17:15:51.209+0100] {dag.py:4180} INFO - Setting next_dagrun for latest_only_with_trigger to 2026-03-18 12:00:00+00:00, run_after=2026-03-18 16:00:00+00:00
[2026-03-18T17:15:51.223+0100] {processor.py:208} INFO - Processing /Users/atanasivanov/ipo-intel/ipo-intel/.venv_airflow/lib/python3.11/site-packages/airflow/example_dags/example_latest_only_with_trigger.py took 0.129 seconds
