[2026-03-18T16:21:11.823+0100] {processor.py:186} INFO - Started process (PID=45530) to work on /Users/atanasivanov/ipo-intel/ipo-intel/.venv_airflow/lib/python3.11/site-packages/airflow/example_dags/example_latest_only.py
[2026-03-18T16:21:11.824+0100] {processor.py:914} INFO - Processing file /Users/atanasivanov/ipo-intel/ipo-intel/.venv_airflow/lib/python3.11/site-packages/airflow/example_dags/example_latest_only.py for tasks to queue
[2026-03-18T16:21:11.825+0100] {logging_mixin.py:190} INFO - [2026-03-18T16:21:11.825+0100] {dagbag.py:588} INFO - Filling up the DagBag from /Users/atanasivanov/ipo-intel/ipo-intel/.venv_airflow/lib/python3.11/site-packages/airflow/example_dags/example_latest_only.py
[2026-03-18T16:21:11.834+0100] {processor.py:925} INFO - DAG(s) 'latest_only' retrieved from /Users/atanasivanov/ipo-intel/ipo-intel/.venv_airflow/lib/python3.11/site-packages/airflow/example_dags/example_latest_only.py
[2026-03-18T16:21:12.067+0100] {logging_mixin.py:190} INFO - [2026-03-18T16:21:12.067+0100] {override.py:1912} INFO - Created Permission View: can edit on DAG:latest_only
[2026-03-18T16:21:12.076+0100] {logging_mixin.py:190} INFO - [2026-03-18T16:21:12.076+0100] {override.py:1912} INFO - Created Permission View: can read on DAG:latest_only
[2026-03-18T16:21:12.082+0100] {logging_mixin.py:190} INFO - [2026-03-18T16:21:12.082+0100] {override.py:1912} INFO - Created Permission View: can delete on DAG:latest_only
[2026-03-18T16:21:12.090+0100] {logging_mixin.py:190} INFO - [2026-03-18T16:21:12.090+0100] {override.py:1912} INFO - Created Permission View: can create on DAG Run:latest_only
[2026-03-18T16:21:12.097+0100] {logging_mixin.py:190} INFO - [2026-03-18T16:21:12.097+0100] {override.py:1912} INFO - Created Permission View: menu access on DAG Run:latest_only
[2026-03-18T16:21:12.103+0100] {logging_mixin.py:190} INFO - [2026-03-18T16:21:12.103+0100] {override.py:1912} INFO - Created Permission View: can read on DAG Run:latest_only
[2026-03-18T16:21:12.109+0100] {logging_mixin.py:190} INFO - [2026-03-18T16:21:12.109+0100] {override.py:1912} INFO - Created Permission View: can delete on DAG Run:latest_only
[2026-03-18T16:21:12.109+0100] {logging_mixin.py:190} INFO - [2026-03-18T16:21:12.109+0100] {dag.py:3239} INFO - Sync 1 DAGs
[2026-03-18T16:21:12.119+0100] {logging_mixin.py:190} INFO - [2026-03-18T16:21:12.119+0100] {dag.py:3262} INFO - Creating ORM DAG for latest_only
[2026-03-18T16:21:12.127+0100] {logging_mixin.py:190} INFO - [2026-03-18T16:21:12.127+0100] {dag.py:4180} INFO - Setting next_dagrun for latest_only to 2026-03-18 08:00:00+00:00, run_after=2026-03-18 12:00:00+00:00
[2026-03-18T16:21:12.141+0100] {processor.py:208} INFO - Processing /Users/atanasivanov/ipo-intel/ipo-intel/.venv_airflow/lib/python3.11/site-packages/airflow/example_dags/example_latest_only.py took 0.324 seconds
[2026-03-18T16:23:51.619+0100] {processor.py:186} INFO - Started process (PID=46127) to work on /Users/atanasivanov/ipo-intel/ipo-intel/.venv_airflow/lib/python3.11/site-packages/airflow/example_dags/example_latest_only.py
[2026-03-18T16:23:51.620+0100] {processor.py:914} INFO - Processing file /Users/atanasivanov/ipo-intel/ipo-intel/.venv_airflow/lib/python3.11/site-packages/airflow/example_dags/example_latest_only.py for tasks to queue
[2026-03-18T16:23:51.621+0100] {logging_mixin.py:190} INFO - [2026-03-18T16:23:51.621+0100] {dagbag.py:588} INFO - Filling up the DagBag from /Users/atanasivanov/ipo-intel/ipo-intel/.venv_airflow/lib/python3.11/site-packages/airflow/example_dags/example_latest_only.py
[2026-03-18T16:23:51.628+0100] {processor.py:925} INFO - DAG(s) 'latest_only' retrieved from /Users/atanasivanov/ipo-intel/ipo-intel/.venv_airflow/lib/python3.11/site-packages/airflow/example_dags/example_latest_only.py
[2026-03-18T16:23:51.706+0100] {logging_mixin.py:190} INFO - [2026-03-18T16:23:51.706+0100] {dag.py:3239} INFO - Sync 1 DAGs
[2026-03-18T16:23:51.719+0100] {logging_mixin.py:190} INFO - [2026-03-18T16:23:51.719+0100] {dag.py:4180} INFO - Setting next_dagrun for latest_only to 2026-03-18 08:00:00+00:00, run_after=2026-03-18 12:00:00+00:00
[2026-03-18T16:23:51.733+0100] {processor.py:208} INFO - Processing /Users/atanasivanov/ipo-intel/ipo-intel/.venv_airflow/lib/python3.11/site-packages/airflow/example_dags/example_latest_only.py took 0.119 seconds
[2026-03-18T16:27:58.571+0100] {processor.py:186} INFO - Started process (PID=47731) to work on /Users/atanasivanov/ipo-intel/ipo-intel/.venv_airflow/lib/python3.11/site-packages/airflow/example_dags/example_latest_only.py
[2026-03-18T16:27:58.572+0100] {processor.py:914} INFO - Processing file /Users/atanasivanov/ipo-intel/ipo-intel/.venv_airflow/lib/python3.11/site-packages/airflow/example_dags/example_latest_only.py for tasks to queue
[2026-03-18T16:27:58.573+0100] {logging_mixin.py:190} INFO - [2026-03-18T16:27:58.573+0100] {dagbag.py:588} INFO - Filling up the DagBag from /Users/atanasivanov/ipo-intel/ipo-intel/.venv_airflow/lib/python3.11/site-packages/airflow/example_dags/example_latest_only.py
[2026-03-18T16:27:58.581+0100] {processor.py:925} INFO - DAG(s) 'latest_only' retrieved from /Users/atanasivanov/ipo-intel/ipo-intel/.venv_airflow/lib/python3.11/site-packages/airflow/example_dags/example_latest_only.py
[2026-03-18T16:27:58.688+0100] {logging_mixin.py:190} INFO - [2026-03-18T16:27:58.688+0100] {dag.py:3239} INFO - Sync 1 DAGs
[2026-03-18T16:27:58.703+0100] {logging_mixin.py:190} INFO - [2026-03-18T16:27:58.703+0100] {dag.py:4180} INFO - Setting next_dagrun for latest_only to 2026-03-18 08:00:00+00:00, run_after=2026-03-18 12:00:00+00:00
[2026-03-18T16:27:58.719+0100] {processor.py:208} INFO - Processing /Users/atanasivanov/ipo-intel/ipo-intel/.venv_airflow/lib/python3.11/site-packages/airflow/example_dags/example_latest_only.py took 0.154 seconds
[2026-03-18T16:31:51.202+0100] {processor.py:186} INFO - Started process (PID=48579) to work on /Users/atanasivanov/ipo-intel/ipo-intel/.venv_airflow/lib/python3.11/site-packages/airflow/example_dags/example_latest_only.py
[2026-03-18T16:31:51.203+0100] {processor.py:914} INFO - Processing file /Users/atanasivanov/ipo-intel/ipo-intel/.venv_airflow/lib/python3.11/site-packages/airflow/example_dags/example_latest_only.py for tasks to queue
[2026-03-18T16:31:51.204+0100] {logging_mixin.py:190} INFO - [2026-03-18T16:31:51.204+0100] {dagbag.py:588} INFO - Filling up the DagBag from /Users/atanasivanov/ipo-intel/ipo-intel/.venv_airflow/lib/python3.11/site-packages/airflow/example_dags/example_latest_only.py
[2026-03-18T16:31:51.211+0100] {processor.py:925} INFO - DAG(s) 'latest_only' retrieved from /Users/atanasivanov/ipo-intel/ipo-intel/.venv_airflow/lib/python3.11/site-packages/airflow/example_dags/example_latest_only.py
[2026-03-18T16:31:51.289+0100] {logging_mixin.py:190} INFO - [2026-03-18T16:31:51.289+0100] {dag.py:3239} INFO - Sync 1 DAGs
[2026-03-18T16:31:51.302+0100] {logging_mixin.py:190} INFO - [2026-03-18T16:31:51.302+0100] {dag.py:4180} INFO - Setting next_dagrun for latest_only to 2026-03-18 08:00:00+00:00, run_after=2026-03-18 12:00:00+00:00
[2026-03-18T16:31:51.317+0100] {processor.py:208} INFO - Processing /Users/atanasivanov/ipo-intel/ipo-intel/.venv_airflow/lib/python3.11/site-packages/airflow/example_dags/example_latest_only.py took 0.119 seconds
[2026-03-18T16:35:41.085+0100] {processor.py:186} INFO - Started process (PID=49418) to work on /Users/atanasivanov/ipo-intel/ipo-intel/.venv_airflow/lib/python3.11/site-packages/airflow/example_dags/example_latest_only.py
[2026-03-18T16:35:41.086+0100] {processor.py:914} INFO - Processing file /Users/atanasivanov/ipo-intel/ipo-intel/.venv_airflow/lib/python3.11/site-packages/airflow/example_dags/example_latest_only.py for tasks to queue
[2026-03-18T16:35:41.087+0100] {logging_mixin.py:190} INFO - [2026-03-18T16:35:41.087+0100] {dagbag.py:588} INFO - Filling up the DagBag from /Users/atanasivanov/ipo-intel/ipo-intel/.venv_airflow/lib/python3.11/site-packages/airflow/example_dags/example_latest_only.py
[2026-03-18T16:35:41.095+0100] {processor.py:925} INFO - DAG(s) 'latest_only' retrieved from /Users/atanasivanov/ipo-intel/ipo-intel/.venv_airflow/lib/python3.11/site-packages/airflow/example_dags/example_latest_only.py
[2026-03-18T16:35:41.174+0100] {logging_mixin.py:190} INFO - [2026-03-18T16:35:41.174+0100] {dag.py:3239} INFO - Sync 1 DAGs
[2026-03-18T16:35:41.187+0100] {logging_mixin.py:190} INFO - [2026-03-18T16:35:41.187+0100] {dag.py:4180} INFO - Setting next_dagrun for latest_only to 2026-03-18 08:00:00+00:00, run_after=2026-03-18 12:00:00+00:00
[2026-03-18T16:35:41.202+0100] {processor.py:208} INFO - Processing /Users/atanasivanov/ipo-intel/ipo-intel/.venv_airflow/lib/python3.11/site-packages/airflow/example_dags/example_latest_only.py took 0.121 seconds
[2026-03-18T16:39:26.788+0100] {processor.py:186} INFO - Started process (PID=50527) to work on /Users/atanasivanov/ipo-intel/ipo-intel/.venv_airflow/lib/python3.11/site-packages/airflow/example_dags/example_latest_only.py
[2026-03-18T16:39:26.789+0100] {processor.py:914} INFO - Processing file /Users/atanasivanov/ipo-intel/ipo-intel/.venv_airflow/lib/python3.11/site-packages/airflow/example_dags/example_latest_only.py for tasks to queue
[2026-03-18T16:39:26.790+0100] {logging_mixin.py:190} INFO - [2026-03-18T16:39:26.790+0100] {dagbag.py:588} INFO - Filling up the DagBag from /Users/atanasivanov/ipo-intel/ipo-intel/.venv_airflow/lib/python3.11/site-packages/airflow/example_dags/example_latest_only.py
[2026-03-18T16:39:26.798+0100] {processor.py:925} INFO - DAG(s) 'latest_only' retrieved from /Users/atanasivanov/ipo-intel/ipo-intel/.venv_airflow/lib/python3.11/site-packages/airflow/example_dags/example_latest_only.py
[2026-03-18T16:39:26.894+0100] {logging_mixin.py:190} INFO - [2026-03-18T16:39:26.894+0100] {dag.py:3239} INFO - Sync 1 DAGs
[2026-03-18T16:39:27.007+0100] {logging_mixin.py:190} INFO - [2026-03-18T16:39:27.006+0100] {dag.py:4180} INFO - Setting next_dagrun for latest_only to 2026-03-18 08:00:00+00:00, run_after=2026-03-18 12:00:00+00:00
[2026-03-18T16:39:27.023+0100] {processor.py:208} INFO - Processing /Users/atanasivanov/ipo-intel/ipo-intel/.venv_airflow/lib/python3.11/site-packages/airflow/example_dags/example_latest_only.py took 0.241 seconds
[2026-03-18T16:49:10.641+0100] {processor.py:186} INFO - Started process (PID=53466) to work on /Users/atanasivanov/ipo-intel/ipo-intel/.venv_airflow/lib/python3.11/site-packages/airflow/example_dags/example_latest_only.py
[2026-03-18T16:49:10.642+0100] {processor.py:914} INFO - Processing file /Users/atanasivanov/ipo-intel/ipo-intel/.venv_airflow/lib/python3.11/site-packages/airflow/example_dags/example_latest_only.py for tasks to queue
[2026-03-18T16:49:10.643+0100] {logging_mixin.py:190} INFO - [2026-03-18T16:49:10.643+0100] {dagbag.py:588} INFO - Filling up the DagBag from /Users/atanasivanov/ipo-intel/ipo-intel/.venv_airflow/lib/python3.11/site-packages/airflow/example_dags/example_latest_only.py
[2026-03-18T16:49:10.650+0100] {processor.py:925} INFO - DAG(s) 'latest_only' retrieved from /Users/atanasivanov/ipo-intel/ipo-intel/.venv_airflow/lib/python3.11/site-packages/airflow/example_dags/example_latest_only.py
[2026-03-18T16:49:10.729+0100] {logging_mixin.py:190} INFO - [2026-03-18T16:49:10.729+0100] {dag.py:3239} INFO - Sync 1 DAGs
[2026-03-18T16:49:10.741+0100] {logging_mixin.py:190} INFO - [2026-03-18T16:49:10.741+0100] {dag.py:4180} INFO - Setting next_dagrun for latest_only to 2026-03-18 08:00:00+00:00, run_after=2026-03-18 12:00:00+00:00
[2026-03-18T16:49:10.755+0100] {processor.py:208} INFO - Processing /Users/atanasivanov/ipo-intel/ipo-intel/.venv_airflow/lib/python3.11/site-packages/airflow/example_dags/example_latest_only.py took 0.118 seconds
[2026-03-18T16:51:42.470+0100] {processor.py:186} INFO - Started process (PID=54016) to work on /Users/atanasivanov/ipo-intel/ipo-intel/.venv_airflow/lib/python3.11/site-packages/airflow/example_dags/example_latest_only.py
[2026-03-18T16:51:42.471+0100] {processor.py:914} INFO - Processing file /Users/atanasivanov/ipo-intel/ipo-intel/.venv_airflow/lib/python3.11/site-packages/airflow/example_dags/example_latest_only.py for tasks to queue
[2026-03-18T16:51:42.472+0100] {logging_mixin.py:190} INFO - [2026-03-18T16:51:42.472+0100] {dagbag.py:588} INFO - Filling up the DagBag from /Users/atanasivanov/ipo-intel/ipo-intel/.venv_airflow/lib/python3.11/site-packages/airflow/example_dags/example_latest_only.py
[2026-03-18T16:51:42.479+0100] {processor.py:925} INFO - DAG(s) 'latest_only' retrieved from /Users/atanasivanov/ipo-intel/ipo-intel/.venv_airflow/lib/python3.11/site-packages/airflow/example_dags/example_latest_only.py
[2026-03-18T16:51:42.558+0100] {logging_mixin.py:190} INFO - [2026-03-18T16:51:42.558+0100] {dag.py:3239} INFO - Sync 1 DAGs
[2026-03-18T16:51:42.571+0100] {logging_mixin.py:190} INFO - [2026-03-18T16:51:42.571+0100] {dag.py:4180} INFO - Setting next_dagrun for latest_only to 2026-03-18 08:00:00+00:00, run_after=2026-03-18 12:00:00+00:00
[2026-03-18T16:51:42.586+0100] {processor.py:208} INFO - Processing /Users/atanasivanov/ipo-intel/ipo-intel/.venv_airflow/lib/python3.11/site-packages/airflow/example_dags/example_latest_only.py took 0.120 seconds
[2026-03-18T16:55:53.649+0100] {processor.py:186} INFO - Started process (PID=55232) to work on /Users/atanasivanov/ipo-intel/ipo-intel/.venv_airflow/lib/python3.11/site-packages/airflow/example_dags/example_latest_only.py
[2026-03-18T16:55:53.650+0100] {processor.py:914} INFO - Processing file /Users/atanasivanov/ipo-intel/ipo-intel/.venv_airflow/lib/python3.11/site-packages/airflow/example_dags/example_latest_only.py for tasks to queue
[2026-03-18T16:55:53.651+0100] {logging_mixin.py:190} INFO - [2026-03-18T16:55:53.651+0100] {dagbag.py:588} INFO - Filling up the DagBag from /Users/atanasivanov/ipo-intel/ipo-intel/.venv_airflow/lib/python3.11/site-packages/airflow/example_dags/example_latest_only.py
[2026-03-18T16:55:53.657+0100] {processor.py:925} INFO - DAG(s) 'latest_only' retrieved from /Users/atanasivanov/ipo-intel/ipo-intel/.venv_airflow/lib/python3.11/site-packages/airflow/example_dags/example_latest_only.py
[2026-03-18T16:55:53.741+0100] {logging_mixin.py:190} INFO - [2026-03-18T16:55:53.741+0100] {dag.py:3239} INFO - Sync 1 DAGs
[2026-03-18T16:55:53.754+0100] {logging_mixin.py:190} INFO - [2026-03-18T16:55:53.754+0100] {dag.py:4180} INFO - Setting next_dagrun for latest_only to 2026-03-18 08:00:00+00:00, run_after=2026-03-18 12:00:00+00:00
[2026-03-18T16:55:53.768+0100] {processor.py:208} INFO - Processing /Users/atanasivanov/ipo-intel/ipo-intel/.venv_airflow/lib/python3.11/site-packages/airflow/example_dags/example_latest_only.py took 0.124 seconds
[2026-03-18T17:00:01.280+0100] {processor.py:186} INFO - Started process (PID=56148) to work on /Users/atanasivanov/ipo-intel/ipo-intel/.venv_airflow/lib/python3.11/site-packages/airflow/example_dags/example_latest_only.py
[2026-03-18T17:00:01.281+0100] {processor.py:914} INFO - Processing file /Users/atanasivanov/ipo-intel/ipo-intel/.venv_airflow/lib/python3.11/site-packages/airflow/example_dags/example_latest_only.py for tasks to queue
[2026-03-18T17:00:01.282+0100] {logging_mixin.py:190} INFO - [2026-03-18T17:00:01.281+0100] {dagbag.py:588} INFO - Filling up the DagBag from /Users/atanasivanov/ipo-intel/ipo-intel/.venv_airflow/lib/python3.11/site-packages/airflow/example_dags/example_latest_only.py
[2026-03-18T17:00:01.291+0100] {processor.py:925} INFO - DAG(s) 'latest_only' retrieved from /Users/atanasivanov/ipo-intel/ipo-intel/.venv_airflow/lib/python3.11/site-packages/airflow/example_dags/example_latest_only.py
[2026-03-18T17:00:01.382+0100] {logging_mixin.py:190} INFO - [2026-03-18T17:00:01.382+0100] {dag.py:3239} INFO - Sync 1 DAGs
[2026-03-18T17:00:01.396+0100] {logging_mixin.py:190} INFO - [2026-03-18T17:00:01.396+0100] {dag.py:4180} INFO - Setting next_dagrun for latest_only to 2026-03-18 12:00:00+00:00, run_after=2026-03-18 16:00:00+00:00
[2026-03-18T17:00:01.411+0100] {processor.py:208} INFO - Processing /Users/atanasivanov/ipo-intel/ipo-intel/.venv_airflow/lib/python3.11/site-packages/airflow/example_dags/example_latest_only.py took 0.137 seconds
[2026-03-18T17:03:53.410+0100] {processor.py:186} INFO - Started process (PID=56999) to work on /Users/atanasivanov/ipo-intel/ipo-intel/.venv_airflow/lib/python3.11/site-packages/airflow/example_dags/example_latest_only.py
[2026-03-18T17:03:53.411+0100] {processor.py:914} INFO - Processing file /Users/atanasivanov/ipo-intel/ipo-intel/.venv_airflow/lib/python3.11/site-packages/airflow/example_dags/example_latest_only.py for tasks to queue
[2026-03-18T17:03:53.413+0100] {logging_mixin.py:190} INFO - [2026-03-18T17:03:53.412+0100] {dagbag.py:588} INFO - Filling up the DagBag from /Users/atanasivanov/ipo-intel/ipo-intel/.venv_airflow/lib/python3.11/site-packages/airflow/example_dags/example_latest_only.py
[2026-03-18T17:03:53.419+0100] {processor.py:925} INFO - DAG(s) 'latest_only' retrieved from /Users/atanasivanov/ipo-intel/ipo-intel/.venv_airflow/lib/python3.11/site-packages/airflow/example_dags/example_latest_only.py
[2026-03-18T17:03:53.503+0100] {logging_mixin.py:190} INFO - [2026-03-18T17:03:53.503+0100] {dag.py:3239} INFO - Sync 1 DAGs
[2026-03-18T17:03:53.518+0100] {logging_mixin.py:190} INFO - [2026-03-18T17:03:53.518+0100] {dag.py:4180} INFO - Setting next_dagrun for latest_only to 2026-03-18 12:00:00+00:00, run_after=2026-03-18 16:00:00+00:00
[2026-03-18T17:03:53.532+0100] {processor.py:208} INFO - Processing /Users/atanasivanov/ipo-intel/ipo-intel/.venv_airflow/lib/python3.11/site-packages/airflow/example_dags/example_latest_only.py took 0.127 seconds
[2026-03-18T17:07:44.275+0100] {processor.py:186} INFO - Started process (PID=57844) to work on /Users/atanasivanov/ipo-intel/ipo-intel/.venv_airflow/lib/python3.11/site-packages/airflow/example_dags/example_latest_only.py
[2026-03-18T17:07:44.276+0100] {processor.py:914} INFO - Processing file /Users/atanasivanov/ipo-intel/ipo-intel/.venv_airflow/lib/python3.11/site-packages/airflow/example_dags/example_latest_only.py for tasks to queue
[2026-03-18T17:07:44.277+0100] {logging_mixin.py:190} INFO - [2026-03-18T17:07:44.277+0100] {dagbag.py:588} INFO - Filling up the DagBag from /Users/atanasivanov/ipo-intel/ipo-intel/.venv_airflow/lib/python3.11/site-packages/airflow/example_dags/example_latest_only.py
[2026-03-18T17:07:44.284+0100] {processor.py:925} INFO - DAG(s) 'latest_only' retrieved from /Users/atanasivanov/ipo-intel/ipo-intel/.venv_airflow/lib/python3.11/site-packages/airflow/example_dags/example_latest_only.py
[2026-03-18T17:07:44.370+0100] {logging_mixin.py:190} INFO - [2026-03-18T17:07:44.370+0100] {dag.py:3239} INFO - Sync 1 DAGs
[2026-03-18T17:07:44.383+0100] {logging_mixin.py:190} INFO - [2026-03-18T17:07:44.382+0100] {dag.py:4180} INFO - Setting next_dagrun for latest_only to 2026-03-18 12:00:00+00:00, run_after=2026-03-18 16:00:00+00:00
[2026-03-18T17:07:44.396+0100] {processor.py:208} INFO - Processing /Users/atanasivanov/ipo-intel/ipo-intel/.venv_airflow/lib/python3.11/site-packages/airflow/example_dags/example_latest_only.py took 0.126 seconds
[2026-03-18T17:11:43.866+0100] {processor.py:186} INFO - Started process (PID=58792) to work on /Users/atanasivanov/ipo-intel/ipo-intel/.venv_airflow/lib/python3.11/site-packages/airflow/example_dags/example_latest_only.py
[2026-03-18T17:11:43.868+0100] {processor.py:914} INFO - Processing file /Users/atanasivanov/ipo-intel/ipo-intel/.venv_airflow/lib/python3.11/site-packages/airflow/example_dags/example_latest_only.py for tasks to queue
[2026-03-18T17:11:43.869+0100] {logging_mixin.py:190} INFO - [2026-03-18T17:11:43.869+0100] {dagbag.py:588} INFO - Filling up the DagBag from /Users/atanasivanov/ipo-intel/ipo-intel/.venv_airflow/lib/python3.11/site-packages/airflow/example_dags/example_latest_only.py
[2026-03-18T17:11:43.876+0100] {processor.py:925} INFO - DAG(s) 'latest_only' retrieved from /Users/atanasivanov/ipo-intel/ipo-intel/.venv_airflow/lib/python3.11/site-packages/airflow/example_dags/example_latest_only.py
[2026-03-18T17:11:43.953+0100] {logging_mixin.py:190} INFO - [2026-03-18T17:11:43.953+0100] {dag.py:3239} INFO - Sync 1 DAGs
[2026-03-18T17:11:43.965+0100] {logging_mixin.py:190} INFO - [2026-03-18T17:11:43.965+0100] {dag.py:4180} INFO - Setting next_dagrun for latest_only to 2026-03-18 12:00:00+00:00, run_after=2026-03-18 16:00:00+00:00
[2026-03-18T17:11:43.979+0100] {processor.py:208} INFO - Processing /Users/atanasivanov/ipo-intel/ipo-intel/.venv_airflow/lib/python3.11/site-packages/airflow/example_dags/example_latest_only.py took 0.117 seconds
