[2026-03-18T16:16:16.141+0100] {processor.py:186} INFO - Started process (PID=44486) to work on /Users/atanasivanov/ipo-intel/ipo-intel/.venv_airflow/lib/python3.11/site-packages/airflow/example_dags/example_sla_dag.py
[2026-03-18T16:16:16.142+0100] {processor.py:914} INFO - Processing file /Users/atanasivanov/ipo-intel/ipo-intel/.venv_airflow/lib/python3.11/site-packages/airflow/example_dags/example_sla_dag.py for tasks to queue
[2026-03-18T16:16:16.143+0100] {logging_mixin.py:190} INFO - [2026-03-18T16:16:16.143+0100] {dagbag.py:588} INFO - Filling up the DagBag from /Users/atanasivanov/ipo-intel/ipo-intel/.venv_airflow/lib/python3.11/site-packages/airflow/example_dags/example_sla_dag.py
[2026-03-18T16:16:16.182+0100] {processor.py:925} INFO - DAG(s) 'example_sla_dag' retrieved from /Users/atanasivanov/ipo-intel/ipo-intel/.venv_airflow/lib/python3.11/site-packages/airflow/example_dags/example_sla_dag.py
[2026-03-18T16:16:16.396+0100] {logging_mixin.py:190} INFO - [2026-03-18T16:16:16.396+0100] {override.py:1912} INFO - Created Permission View: can read on DAG:example_sla_dag
[2026-03-18T16:16:16.404+0100] {logging_mixin.py:190} INFO - [2026-03-18T16:16:16.403+0100] {override.py:1912} INFO - Created Permission View: can delete on DAG:example_sla_dag
[2026-03-18T16:16:16.409+0100] {logging_mixin.py:190} INFO - [2026-03-18T16:16:16.409+0100] {override.py:1912} INFO - Created Permission View: can edit on DAG:example_sla_dag
[2026-03-18T16:16:16.416+0100] {logging_mixin.py:190} INFO - [2026-03-18T16:16:16.416+0100] {override.py:1912} INFO - Created Permission View: can read on DAG Run:example_sla_dag
[2026-03-18T16:16:16.421+0100] {logging_mixin.py:190} INFO - [2026-03-18T16:16:16.421+0100] {override.py:1912} INFO - Created Permission View: can create on DAG Run:example_sla_dag
[2026-03-18T16:16:16.427+0100] {logging_mixin.py:190} INFO - [2026-03-18T16:16:16.427+0100] {override.py:1912} INFO - Created Permission View: can delete on DAG Run:example_sla_dag
[2026-03-18T16:16:16.432+0100] {logging_mixin.py:190} INFO - [2026-03-18T16:16:16.432+0100] {override.py:1912} INFO - Created Permission View: menu access on DAG Run:example_sla_dag
[2026-03-18T16:16:16.432+0100] {logging_mixin.py:190} INFO - [2026-03-18T16:16:16.432+0100] {dag.py:3239} INFO - Sync 1 DAGs
[2026-03-18T16:16:16.442+0100] {logging_mixin.py:190} INFO - [2026-03-18T16:16:16.442+0100] {dag.py:3262} INFO - Creating ORM DAG for example_sla_dag
[2026-03-18T16:16:16.453+0100] {logging_mixin.py:190} INFO - [2026-03-18T16:16:16.452+0100] {dag.py:4180} INFO - Setting next_dagrun for example_sla_dag to 2026-03-18 15:14:00+00:00, run_after=2026-03-18 15:16:00+00:00
[2026-03-18T16:16:16.465+0100] {processor.py:208} INFO - Processing /Users/atanasivanov/ipo-intel/ipo-intel/.venv_airflow/lib/python3.11/site-packages/airflow/example_dags/example_sla_dag.py took 0.329 seconds
[2026-03-18T16:20:25.941+0100] {processor.py:186} INFO - Started process (PID=45351) to work on /Users/atanasivanov/ipo-intel/ipo-intel/.venv_airflow/lib/python3.11/site-packages/airflow/example_dags/example_sla_dag.py
[2026-03-18T16:20:25.942+0100] {processor.py:914} INFO - Processing file /Users/atanasivanov/ipo-intel/ipo-intel/.venv_airflow/lib/python3.11/site-packages/airflow/example_dags/example_sla_dag.py for tasks to queue
[2026-03-18T16:20:25.943+0100] {logging_mixin.py:190} INFO - [2026-03-18T16:20:25.943+0100] {dagbag.py:588} INFO - Filling up the DagBag from /Users/atanasivanov/ipo-intel/ipo-intel/.venv_airflow/lib/python3.11/site-packages/airflow/example_dags/example_sla_dag.py
[2026-03-18T16:20:25.982+0100] {processor.py:925} INFO - DAG(s) 'example_sla_dag' retrieved from /Users/atanasivanov/ipo-intel/ipo-intel/.venv_airflow/lib/python3.11/site-packages/airflow/example_dags/example_sla_dag.py
[2026-03-18T16:20:26.066+0100] {logging_mixin.py:190} INFO - [2026-03-18T16:20:26.066+0100] {dag.py:3239} INFO - Sync 1 DAGs
[2026-03-18T16:20:26.137+0100] {logging_mixin.py:190} INFO - [2026-03-18T16:20:26.136+0100] {dag.py:4180} INFO - Setting next_dagrun for example_sla_dag to 2026-03-18 15:18:00+00:00, run_after=2026-03-18 15:20:00+00:00
[2026-03-18T16:20:26.153+0100] {processor.py:208} INFO - Processing /Users/atanasivanov/ipo-intel/ipo-intel/.venv_airflow/lib/python3.11/site-packages/airflow/example_dags/example_sla_dag.py took 0.217 seconds
[2026-03-18T16:23:05.747+0100] {processor.py:186} INFO - Started process (PID=45969) to work on /Users/atanasivanov/ipo-intel/ipo-intel/.venv_airflow/lib/python3.11/site-packages/airflow/example_dags/example_sla_dag.py
[2026-03-18T16:23:05.748+0100] {processor.py:914} INFO - Processing file /Users/atanasivanov/ipo-intel/ipo-intel/.venv_airflow/lib/python3.11/site-packages/airflow/example_dags/example_sla_dag.py for tasks to queue
[2026-03-18T16:23:05.749+0100] {logging_mixin.py:190} INFO - [2026-03-18T16:23:05.749+0100] {dagbag.py:588} INFO - Filling up the DagBag from /Users/atanasivanov/ipo-intel/ipo-intel/.venv_airflow/lib/python3.11/site-packages/airflow/example_dags/example_sla_dag.py
[2026-03-18T16:23:05.781+0100] {processor.py:925} INFO - DAG(s) 'example_sla_dag' retrieved from /Users/atanasivanov/ipo-intel/ipo-intel/.venv_airflow/lib/python3.11/site-packages/airflow/example_dags/example_sla_dag.py
[2026-03-18T16:23:05.861+0100] {logging_mixin.py:190} INFO - [2026-03-18T16:23:05.861+0100] {dag.py:3239} INFO - Sync 1 DAGs
[2026-03-18T16:23:05.926+0100] {logging_mixin.py:190} INFO - [2026-03-18T16:23:05.926+0100] {dag.py:4180} INFO - Setting next_dagrun for example_sla_dag to 2026-03-18 15:20:00+00:00, run_after=2026-03-18 15:22:00+00:00
[2026-03-18T16:23:05.943+0100] {processor.py:208} INFO - Processing /Users/atanasivanov/ipo-intel/ipo-intel/.venv_airflow/lib/python3.11/site-packages/airflow/example_dags/example_sla_dag.py took 0.200 seconds
[2026-03-18T16:25:10.124+0100] {processor.py:186} INFO - Started process (PID=46426) to work on /Users/atanasivanov/ipo-intel/ipo-intel/.venv_airflow/lib/python3.11/site-packages/airflow/example_dags/example_sla_dag.py
[2026-03-18T16:25:10.125+0100] {processor.py:914} INFO - Processing file /Users/atanasivanov/ipo-intel/ipo-intel/.venv_airflow/lib/python3.11/site-packages/airflow/example_dags/example_sla_dag.py for tasks to queue
[2026-03-18T16:25:10.126+0100] {logging_mixin.py:190} INFO - [2026-03-18T16:25:10.125+0100] {dagbag.py:588} INFO - Filling up the DagBag from /Users/atanasivanov/ipo-intel/ipo-intel/.venv_airflow/lib/python3.11/site-packages/airflow/example_dags/example_sla_dag.py
[2026-03-18T16:25:10.162+0100] {processor.py:925} INFO - DAG(s) 'example_sla_dag' retrieved from /Users/atanasivanov/ipo-intel/ipo-intel/.venv_airflow/lib/python3.11/site-packages/airflow/example_dags/example_sla_dag.py
[2026-03-18T16:25:10.240+0100] {logging_mixin.py:190} INFO - [2026-03-18T16:25:10.239+0100] {dag.py:3239} INFO - Sync 1 DAGs
[2026-03-18T16:25:10.313+0100] {logging_mixin.py:190} INFO - [2026-03-18T16:25:10.312+0100] {dag.py:4180} INFO - Setting next_dagrun for example_sla_dag to 2026-03-18 15:22:00+00:00, run_after=2026-03-18 15:24:00+00:00
[2026-03-18T16:25:10.330+0100] {processor.py:208} INFO - Processing /Users/atanasivanov/ipo-intel/ipo-intel/.venv_airflow/lib/python3.11/site-packages/airflow/example_dags/example_sla_dag.py took 0.211 seconds
[2026-03-18T16:27:11.199+0100] {processor.py:186} INFO - Started process (PID=46998) to work on /Users/atanasivanov/ipo-intel/ipo-intel/.venv_airflow/lib/python3.11/site-packages/airflow/example_dags/example_sla_dag.py
[2026-03-18T16:27:11.200+0100] {processor.py:914} INFO - Processing file /Users/atanasivanov/ipo-intel/ipo-intel/.venv_airflow/lib/python3.11/site-packages/airflow/example_dags/example_sla_dag.py for tasks to queue
[2026-03-18T16:27:11.202+0100] {logging_mixin.py:190} INFO - [2026-03-18T16:27:11.202+0100] {dagbag.py:588} INFO - Filling up the DagBag from /Users/atanasivanov/ipo-intel/ipo-intel/.venv_airflow/lib/python3.11/site-packages/airflow/example_dags/example_sla_dag.py
[2026-03-18T16:27:11.248+0100] {processor.py:925} INFO - DAG(s) 'example_sla_dag' retrieved from /Users/atanasivanov/ipo-intel/ipo-intel/.venv_airflow/lib/python3.11/site-packages/airflow/example_dags/example_sla_dag.py
[2026-03-18T16:27:11.365+0100] {logging_mixin.py:190} INFO - [2026-03-18T16:27:11.365+0100] {dag.py:3239} INFO - Sync 1 DAGs
[2026-03-18T16:27:11.472+0100] {logging_mixin.py:190} INFO - [2026-03-18T16:27:11.472+0100] {dag.py:4180} INFO - Setting next_dagrun for example_sla_dag to 2026-03-18 15:24:00+00:00, run_after=2026-03-18 15:26:00+00:00
[2026-03-18T16:27:11.501+0100] {processor.py:208} INFO - Processing /Users/atanasivanov/ipo-intel/ipo-intel/.venv_airflow/lib/python3.11/site-packages/airflow/example_dags/example_sla_dag.py took 0.308 seconds
[2026-03-18T16:29:16.975+0100] {processor.py:186} INFO - Started process (PID=48020) to work on /Users/atanasivanov/ipo-intel/ipo-intel/.venv_airflow/lib/python3.11/site-packages/airflow/example_dags/example_sla_dag.py
[2026-03-18T16:29:16.976+0100] {processor.py:914} INFO - Processing file /Users/atanasivanov/ipo-intel/ipo-intel/.venv_airflow/lib/python3.11/site-packages/airflow/example_dags/example_sla_dag.py for tasks to queue
[2026-03-18T16:29:16.977+0100] {logging_mixin.py:190} INFO - [2026-03-18T16:29:16.977+0100] {dagbag.py:588} INFO - Filling up the DagBag from /Users/atanasivanov/ipo-intel/ipo-intel/.venv_airflow/lib/python3.11/site-packages/airflow/example_dags/example_sla_dag.py
[2026-03-18T16:29:17.022+0100] {processor.py:925} INFO - DAG(s) 'example_sla_dag' retrieved from /Users/atanasivanov/ipo-intel/ipo-intel/.venv_airflow/lib/python3.11/site-packages/airflow/example_dags/example_sla_dag.py
[2026-03-18T16:29:17.105+0100] {logging_mixin.py:190} INFO - [2026-03-18T16:29:17.105+0100] {dag.py:3239} INFO - Sync 1 DAGs
[2026-03-18T16:29:17.171+0100] {logging_mixin.py:190} INFO - [2026-03-18T16:29:17.171+0100] {dag.py:4180} INFO - Setting next_dagrun for example_sla_dag to 2026-03-18 15:26:00+00:00, run_after=2026-03-18 15:28:00+00:00
[2026-03-18T16:29:17.186+0100] {processor.py:208} INFO - Processing /Users/atanasivanov/ipo-intel/ipo-intel/.venv_airflow/lib/python3.11/site-packages/airflow/example_dags/example_sla_dag.py took 0.218 seconds
[2026-03-18T16:31:10.875+0100] {processor.py:186} INFO - Started process (PID=48433) to work on /Users/atanasivanov/ipo-intel/ipo-intel/.venv_airflow/lib/python3.11/site-packages/airflow/example_dags/example_sla_dag.py
[2026-03-18T16:31:10.876+0100] {processor.py:914} INFO - Processing file /Users/atanasivanov/ipo-intel/ipo-intel/.venv_airflow/lib/python3.11/site-packages/airflow/example_dags/example_sla_dag.py for tasks to queue
[2026-03-18T16:31:10.877+0100] {logging_mixin.py:190} INFO - [2026-03-18T16:31:10.877+0100] {dagbag.py:588} INFO - Filling up the DagBag from /Users/atanasivanov/ipo-intel/ipo-intel/.venv_airflow/lib/python3.11/site-packages/airflow/example_dags/example_sla_dag.py
[2026-03-18T16:31:10.911+0100] {processor.py:925} INFO - DAG(s) 'example_sla_dag' retrieved from /Users/atanasivanov/ipo-intel/ipo-intel/.venv_airflow/lib/python3.11/site-packages/airflow/example_dags/example_sla_dag.py
[2026-03-18T16:31:10.987+0100] {logging_mixin.py:190} INFO - [2026-03-18T16:31:10.986+0100] {dag.py:3239} INFO - Sync 1 DAGs
[2026-03-18T16:31:11.054+0100] {logging_mixin.py:190} INFO - [2026-03-18T16:31:11.054+0100] {dag.py:4180} INFO - Setting next_dagrun for example_sla_dag to 2026-03-18 15:28:00+00:00, run_after=2026-03-18 15:30:00+00:00
[2026-03-18T16:31:11.070+0100] {processor.py:208} INFO - Processing /Users/atanasivanov/ipo-intel/ipo-intel/.venv_airflow/lib/python3.11/site-packages/airflow/example_dags/example_sla_dag.py took 0.200 seconds
[2026-03-18T16:33:03.936+0100] {processor.py:186} INFO - Started process (PID=48845) to work on /Users/atanasivanov/ipo-intel/ipo-intel/.venv_airflow/lib/python3.11/site-packages/airflow/example_dags/example_sla_dag.py
[2026-03-18T16:33:03.937+0100] {processor.py:914} INFO - Processing file /Users/atanasivanov/ipo-intel/ipo-intel/.venv_airflow/lib/python3.11/site-packages/airflow/example_dags/example_sla_dag.py for tasks to queue
[2026-03-18T16:33:03.938+0100] {logging_mixin.py:190} INFO - [2026-03-18T16:33:03.938+0100] {dagbag.py:588} INFO - Filling up the DagBag from /Users/atanasivanov/ipo-intel/ipo-intel/.venv_airflow/lib/python3.11/site-packages/airflow/example_dags/example_sla_dag.py
[2026-03-18T16:33:03.974+0100] {processor.py:925} INFO - DAG(s) 'example_sla_dag' retrieved from /Users/atanasivanov/ipo-intel/ipo-intel/.venv_airflow/lib/python3.11/site-packages/airflow/example_dags/example_sla_dag.py
[2026-03-18T16:33:04.055+0100] {logging_mixin.py:190} INFO - [2026-03-18T16:33:04.055+0100] {dag.py:3239} INFO - Sync 1 DAGs
[2026-03-18T16:33:04.125+0100] {logging_mixin.py:190} INFO - [2026-03-18T16:33:04.125+0100] {dag.py:4180} INFO - Setting next_dagrun for example_sla_dag to 2026-03-18 15:30:00+00:00, run_after=2026-03-18 15:32:00+00:00
[2026-03-18T16:33:04.142+0100] {processor.py:208} INFO - Processing /Users/atanasivanov/ipo-intel/ipo-intel/.venv_airflow/lib/python3.11/site-packages/airflow/example_dags/example_sla_dag.py took 0.211 seconds
[2026-03-18T16:34:59.387+0100] {processor.py:186} INFO - Started process (PID=49270) to work on /Users/atanasivanov/ipo-intel/ipo-intel/.venv_airflow/lib/python3.11/site-packages/airflow/example_dags/example_sla_dag.py
[2026-03-18T16:34:59.389+0100] {processor.py:914} INFO - Processing file /Users/atanasivanov/ipo-intel/ipo-intel/.venv_airflow/lib/python3.11/site-packages/airflow/example_dags/example_sla_dag.py for tasks to queue
[2026-03-18T16:34:59.390+0100] {logging_mixin.py:190} INFO - [2026-03-18T16:34:59.390+0100] {dagbag.py:588} INFO - Filling up the DagBag from /Users/atanasivanov/ipo-intel/ipo-intel/.venv_airflow/lib/python3.11/site-packages/airflow/example_dags/example_sla_dag.py
[2026-03-18T16:34:59.424+0100] {processor.py:925} INFO - DAG(s) 'example_sla_dag' retrieved from /Users/atanasivanov/ipo-intel/ipo-intel/.venv_airflow/lib/python3.11/site-packages/airflow/example_dags/example_sla_dag.py
[2026-03-18T16:34:59.498+0100] {logging_mixin.py:190} INFO - [2026-03-18T16:34:59.498+0100] {dag.py:3239} INFO - Sync 1 DAGs
[2026-03-18T16:34:59.565+0100] {logging_mixin.py:190} INFO - [2026-03-18T16:34:59.564+0100] {dag.py:4180} INFO - Setting next_dagrun for example_sla_dag to 2026-03-18 15:32:00+00:00, run_after=2026-03-18 15:34:00+00:00
[2026-03-18T16:34:59.582+0100] {processor.py:208} INFO - Processing /Users/atanasivanov/ipo-intel/ipo-intel/.venv_airflow/lib/python3.11/site-packages/airflow/example_dags/example_sla_dag.py took 0.199 seconds
[2026-03-18T16:36:52.556+0100] {processor.py:186} INFO - Started process (PID=49679) to work on /Users/atanasivanov/ipo-intel/ipo-intel/.venv_airflow/lib/python3.11/site-packages/airflow/example_dags/example_sla_dag.py
[2026-03-18T16:36:52.557+0100] {processor.py:914} INFO - Processing file /Users/atanasivanov/ipo-intel/ipo-intel/.venv_airflow/lib/python3.11/site-packages/airflow/example_dags/example_sla_dag.py for tasks to queue
[2026-03-18T16:36:52.558+0100] {logging_mixin.py:190} INFO - [2026-03-18T16:36:52.558+0100] {dagbag.py:588} INFO - Filling up the DagBag from /Users/atanasivanov/ipo-intel/ipo-intel/.venv_airflow/lib/python3.11/site-packages/airflow/example_dags/example_sla_dag.py
[2026-03-18T16:36:52.592+0100] {processor.py:925} INFO - DAG(s) 'example_sla_dag' retrieved from /Users/atanasivanov/ipo-intel/ipo-intel/.venv_airflow/lib/python3.11/site-packages/airflow/example_dags/example_sla_dag.py
[2026-03-18T16:36:52.667+0100] {logging_mixin.py:190} INFO - [2026-03-18T16:36:52.667+0100] {dag.py:3239} INFO - Sync 1 DAGs
[2026-03-18T16:36:52.733+0100] {logging_mixin.py:190} INFO - [2026-03-18T16:36:52.733+0100] {dag.py:4180} INFO - Setting next_dagrun for example_sla_dag to 2026-03-18 15:34:00+00:00, run_after=2026-03-18 15:36:00+00:00
[2026-03-18T16:36:52.751+0100] {processor.py:208} INFO - Processing /Users/atanasivanov/ipo-intel/ipo-intel/.venv_airflow/lib/python3.11/site-packages/airflow/example_dags/example_sla_dag.py took 0.199 seconds
[2026-03-18T16:38:44.315+0100] {processor.py:186} INFO - Started process (PID=50084) to work on /Users/atanasivanov/ipo-intel/ipo-intel/.venv_airflow/lib/python3.11/site-packages/airflow/example_dags/example_sla_dag.py
[2026-03-18T16:38:44.316+0100] {processor.py:914} INFO - Processing file /Users/atanasivanov/ipo-intel/ipo-intel/.venv_airflow/lib/python3.11/site-packages/airflow/example_dags/example_sla_dag.py for tasks to queue
[2026-03-18T16:38:44.317+0100] {logging_mixin.py:190} INFO - [2026-03-18T16:38:44.317+0100] {dagbag.py:588} INFO - Filling up the DagBag from /Users/atanasivanov/ipo-intel/ipo-intel/.venv_airflow/lib/python3.11/site-packages/airflow/example_dags/example_sla_dag.py
[2026-03-18T16:38:44.352+0100] {processor.py:925} INFO - DAG(s) 'example_sla_dag' retrieved from /Users/atanasivanov/ipo-intel/ipo-intel/.venv_airflow/lib/python3.11/site-packages/airflow/example_dags/example_sla_dag.py
[2026-03-18T16:38:44.427+0100] {logging_mixin.py:190} INFO - [2026-03-18T16:38:44.426+0100] {dag.py:3239} INFO - Sync 1 DAGs
[2026-03-18T16:38:44.493+0100] {logging_mixin.py:190} INFO - [2026-03-18T16:38:44.493+0100] {dag.py:4180} INFO - Setting next_dagrun for example_sla_dag to 2026-03-18 15:36:00+00:00, run_after=2026-03-18 15:38:00+00:00
[2026-03-18T16:38:44.512+0100] {processor.py:208} INFO - Processing /Users/atanasivanov/ipo-intel/ipo-intel/.venv_airflow/lib/python3.11/site-packages/airflow/example_dags/example_sla_dag.py took 0.202 seconds
[2026-03-18T16:40:48.120+0100] {processor.py:186} INFO - Started process (PID=51437) to work on /Users/atanasivanov/ipo-intel/ipo-intel/.venv_airflow/lib/python3.11/site-packages/airflow/example_dags/example_sla_dag.py
[2026-03-18T16:40:48.121+0100] {processor.py:914} INFO - Processing file /Users/atanasivanov/ipo-intel/ipo-intel/.venv_airflow/lib/python3.11/site-packages/airflow/example_dags/example_sla_dag.py for tasks to queue
[2026-03-18T16:40:48.122+0100] {logging_mixin.py:190} INFO - [2026-03-18T16:40:48.122+0100] {dagbag.py:588} INFO - Filling up the DagBag from /Users/atanasivanov/ipo-intel/ipo-intel/.venv_airflow/lib/python3.11/site-packages/airflow/example_dags/example_sla_dag.py
[2026-03-18T16:40:48.172+0100] {processor.py:925} INFO - DAG(s) 'example_sla_dag' retrieved from /Users/atanasivanov/ipo-intel/ipo-intel/.venv_airflow/lib/python3.11/site-packages/airflow/example_dags/example_sla_dag.py
[2026-03-18T16:40:48.273+0100] {logging_mixin.py:190} INFO - [2026-03-18T16:40:48.273+0100] {dag.py:3239} INFO - Sync 1 DAGs
[2026-03-18T16:40:48.353+0100] {logging_mixin.py:190} INFO - [2026-03-18T16:40:48.352+0100] {dag.py:4180} INFO - Setting next_dagrun for example_sla_dag to 2026-03-18 15:38:00+00:00, run_after=2026-03-18 15:40:00+00:00
[2026-03-18T16:40:48.371+0100] {processor.py:208} INFO - Processing /Users/atanasivanov/ipo-intel/ipo-intel/.venv_airflow/lib/python3.11/site-packages/airflow/example_dags/example_sla_dag.py took 0.257 seconds
[2026-03-18T16:42:51.163+0100] {processor.py:186} INFO - Started process (PID=52101) to work on /Users/atanasivanov/ipo-intel/ipo-intel/.venv_airflow/lib/python3.11/site-packages/airflow/example_dags/example_sla_dag.py
[2026-03-18T16:42:51.165+0100] {processor.py:914} INFO - Processing file /Users/atanasivanov/ipo-intel/ipo-intel/.venv_airflow/lib/python3.11/site-packages/airflow/example_dags/example_sla_dag.py for tasks to queue
[2026-03-18T16:42:51.166+0100] {logging_mixin.py:190} INFO - [2026-03-18T16:42:51.165+0100] {dagbag.py:588} INFO - Filling up the DagBag from /Users/atanasivanov/ipo-intel/ipo-intel/.venv_airflow/lib/python3.11/site-packages/airflow/example_dags/example_sla_dag.py
[2026-03-18T16:42:51.199+0100] {processor.py:925} INFO - DAG(s) 'example_sla_dag' retrieved from /Users/atanasivanov/ipo-intel/ipo-intel/.venv_airflow/lib/python3.11/site-packages/airflow/example_dags/example_sla_dag.py
[2026-03-18T16:42:51.273+0100] {logging_mixin.py:190} INFO - [2026-03-18T16:42:51.273+0100] {dag.py:3239} INFO - Sync 1 DAGs
[2026-03-18T16:42:51.342+0100] {logging_mixin.py:190} INFO - [2026-03-18T16:42:51.341+0100] {dag.py:4180} INFO - Setting next_dagrun for example_sla_dag to 2026-03-18 15:40:00+00:00, run_after=2026-03-18 15:42:00+00:00
[2026-03-18T16:42:51.358+0100] {processor.py:208} INFO - Processing /Users/atanasivanov/ipo-intel/ipo-intel/.venv_airflow/lib/python3.11/site-packages/airflow/example_dags/example_sla_dag.py took 0.200 seconds
[2026-03-18T16:48:28.647+0100] {processor.py:186} INFO - Started process (PID=53313) to work on /Users/atanasivanov/ipo-intel/ipo-intel/.venv_airflow/lib/python3.11/site-packages/airflow/example_dags/example_sla_dag.py
[2026-03-18T16:48:28.648+0100] {processor.py:914} INFO - Processing file /Users/atanasivanov/ipo-intel/ipo-intel/.venv_airflow/lib/python3.11/site-packages/airflow/example_dags/example_sla_dag.py for tasks to queue
[2026-03-18T16:48:28.650+0100] {logging_mixin.py:190} INFO - [2026-03-18T16:48:28.649+0100] {dagbag.py:588} INFO - Filling up the DagBag from /Users/atanasivanov/ipo-intel/ipo-intel/.venv_airflow/lib/python3.11/site-packages/airflow/example_dags/example_sla_dag.py
[2026-03-18T16:48:28.695+0100] {processor.py:925} INFO - DAG(s) 'example_sla_dag' retrieved from /Users/atanasivanov/ipo-intel/ipo-intel/.venv_airflow/lib/python3.11/site-packages/airflow/example_dags/example_sla_dag.py
[2026-03-18T16:48:28.799+0100] {logging_mixin.py:190} INFO - [2026-03-18T16:48:28.798+0100] {dag.py:3239} INFO - Sync 1 DAGs
[2026-03-18T16:48:28.883+0100] {logging_mixin.py:190} INFO - [2026-03-18T16:48:28.883+0100] {dag.py:4180} INFO - Setting next_dagrun for example_sla_dag to 2026-03-18 15:46:00+00:00, run_after=2026-03-18 15:48:00+00:00
[2026-03-18T16:48:28.903+0100] {processor.py:208} INFO - Processing /Users/atanasivanov/ipo-intel/ipo-intel/.venv_airflow/lib/python3.11/site-packages/airflow/example_dags/example_sla_dag.py took 0.262 seconds
[2026-03-18T16:50:56.713+0100] {processor.py:186} INFO - Started process (PID=53849) to work on /Users/atanasivanov/ipo-intel/ipo-intel/.venv_airflow/lib/python3.11/site-packages/airflow/example_dags/example_sla_dag.py
[2026-03-18T16:50:56.714+0100] {processor.py:914} INFO - Processing file /Users/atanasivanov/ipo-intel/ipo-intel/.venv_airflow/lib/python3.11/site-packages/airflow/example_dags/example_sla_dag.py for tasks to queue
[2026-03-18T16:50:56.715+0100] {logging_mixin.py:190} INFO - [2026-03-18T16:50:56.714+0100] {dagbag.py:588} INFO - Filling up the DagBag from /Users/atanasivanov/ipo-intel/ipo-intel/.venv_airflow/lib/python3.11/site-packages/airflow/example_dags/example_sla_dag.py
[2026-03-18T16:50:56.748+0100] {processor.py:925} INFO - DAG(s) 'example_sla_dag' retrieved from /Users/atanasivanov/ipo-intel/ipo-intel/.venv_airflow/lib/python3.11/site-packages/airflow/example_dags/example_sla_dag.py
[2026-03-18T16:50:56.823+0100] {logging_mixin.py:190} INFO - [2026-03-18T16:50:56.823+0100] {dag.py:3239} INFO - Sync 1 DAGs
[2026-03-18T16:50:56.903+0100] {logging_mixin.py:190} INFO - [2026-03-18T16:50:56.902+0100] {dag.py:4180} INFO - Setting next_dagrun for example_sla_dag to 2026-03-18 15:48:00+00:00, run_after=2026-03-18 15:50:00+00:00
[2026-03-18T16:50:56.924+0100] {processor.py:208} INFO - Processing /Users/atanasivanov/ipo-intel/ipo-intel/.venv_airflow/lib/python3.11/site-packages/airflow/example_dags/example_sla_dag.py took 0.216 seconds
[2026-03-18T16:52:59.590+0100] {processor.py:186} INFO - Started process (PID=54298) to work on /Users/atanasivanov/ipo-intel/ipo-intel/.venv_airflow/lib/python3.11/site-packages/airflow/example_dags/example_sla_dag.py
[2026-03-18T16:52:59.591+0100] {processor.py:914} INFO - Processing file /Users/atanasivanov/ipo-intel/ipo-intel/.venv_airflow/lib/python3.11/site-packages/airflow/example_dags/example_sla_dag.py for tasks to queue
[2026-03-18T16:52:59.592+0100] {logging_mixin.py:190} INFO - [2026-03-18T16:52:59.592+0100] {dagbag.py:588} INFO - Filling up the DagBag from /Users/atanasivanov/ipo-intel/ipo-intel/.venv_airflow/lib/python3.11/site-packages/airflow/example_dags/example_sla_dag.py
[2026-03-18T16:52:59.635+0100] {processor.py:925} INFO - DAG(s) 'example_sla_dag' retrieved from /Users/atanasivanov/ipo-intel/ipo-intel/.venv_airflow/lib/python3.11/site-packages/airflow/example_dags/example_sla_dag.py
[2026-03-18T16:52:59.714+0100] {logging_mixin.py:190} INFO - [2026-03-18T16:52:59.714+0100] {dag.py:3239} INFO - Sync 1 DAGs
[2026-03-18T16:52:59.787+0100] {logging_mixin.py:190} INFO - [2026-03-18T16:52:59.787+0100] {dag.py:4180} INFO - Setting next_dagrun for example_sla_dag to 2026-03-18 15:50:00+00:00, run_after=2026-03-18 15:52:00+00:00
[2026-03-18T16:52:59.804+0100] {processor.py:208} INFO - Processing /Users/atanasivanov/ipo-intel/ipo-intel/.venv_airflow/lib/python3.11/site-packages/airflow/example_dags/example_sla_dag.py took 0.220 seconds
[2026-03-18T16:55:07.155+0100] {processor.py:186} INFO - Started process (PID=55065) to work on /Users/atanasivanov/ipo-intel/ipo-intel/.venv_airflow/lib/python3.11/site-packages/airflow/example_dags/example_sla_dag.py
[2026-03-18T16:55:07.155+0100] {processor.py:914} INFO - Processing file /Users/atanasivanov/ipo-intel/ipo-intel/.venv_airflow/lib/python3.11/site-packages/airflow/example_dags/example_sla_dag.py for tasks to queue
[2026-03-18T16:55:07.156+0100] {logging_mixin.py:190} INFO - [2026-03-18T16:55:07.156+0100] {dagbag.py:588} INFO - Filling up the DagBag from /Users/atanasivanov/ipo-intel/ipo-intel/.venv_airflow/lib/python3.11/site-packages/airflow/example_dags/example_sla_dag.py
[2026-03-18T16:55:07.190+0100] {processor.py:925} INFO - DAG(s) 'example_sla_dag' retrieved from /Users/atanasivanov/ipo-intel/ipo-intel/.venv_airflow/lib/python3.11/site-packages/airflow/example_dags/example_sla_dag.py
[2026-03-18T16:55:07.281+0100] {logging_mixin.py:190} INFO - [2026-03-18T16:55:07.281+0100] {dag.py:3239} INFO - Sync 1 DAGs
[2026-03-18T16:55:07.353+0100] {logging_mixin.py:190} INFO - [2026-03-18T16:55:07.353+0100] {dag.py:4180} INFO - Setting next_dagrun for example_sla_dag to 2026-03-18 15:52:00+00:00, run_after=2026-03-18 15:54:00+00:00
[2026-03-18T16:55:07.370+0100] {processor.py:208} INFO - Processing /Users/atanasivanov/ipo-intel/ipo-intel/.venv_airflow/lib/python3.11/site-packages/airflow/example_dags/example_sla_dag.py took 0.221 seconds
[2026-03-18T16:57:09.493+0100] {processor.py:186} INFO - Started process (PID=55528) to work on /Users/atanasivanov/ipo-intel/ipo-intel/.venv_airflow/lib/python3.11/site-packages/airflow/example_dags/example_sla_dag.py
[2026-03-18T16:57:09.494+0100] {processor.py:914} INFO - Processing file /Users/atanasivanov/ipo-intel/ipo-intel/.venv_airflow/lib/python3.11/site-packages/airflow/example_dags/example_sla_dag.py for tasks to queue
[2026-03-18T16:57:09.495+0100] {logging_mixin.py:190} INFO - [2026-03-18T16:57:09.495+0100] {dagbag.py:588} INFO - Filling up the DagBag from /Users/atanasivanov/ipo-intel/ipo-intel/.venv_airflow/lib/python3.11/site-packages/airflow/example_dags/example_sla_dag.py
[2026-03-18T16:57:09.528+0100] {processor.py:925} INFO - DAG(s) 'example_sla_dag' retrieved from /Users/atanasivanov/ipo-intel/ipo-intel/.venv_airflow/lib/python3.11/site-packages/airflow/example_dags/example_sla_dag.py
[2026-03-18T16:57:09.606+0100] {logging_mixin.py:190} INFO - [2026-03-18T16:57:09.605+0100] {dag.py:3239} INFO - Sync 1 DAGs
[2026-03-18T16:57:09.676+0100] {logging_mixin.py:190} INFO - [2026-03-18T16:57:09.676+0100] {dag.py:4180} INFO - Setting next_dagrun for example_sla_dag to 2026-03-18 15:54:00+00:00, run_after=2026-03-18 15:56:00+00:00
[2026-03-18T16:57:09.692+0100] {processor.py:208} INFO - Processing /Users/atanasivanov/ipo-intel/ipo-intel/.venv_airflow/lib/python3.11/site-packages/airflow/example_dags/example_sla_dag.py took 0.204 seconds
[2026-03-18T16:59:15.565+0100] {processor.py:186} INFO - Started process (PID=55990) to work on /Users/atanasivanov/ipo-intel/ipo-intel/.venv_airflow/lib/python3.11/site-packages/airflow/example_dags/example_sla_dag.py
[2026-03-18T16:59:15.566+0100] {processor.py:914} INFO - Processing file /Users/atanasivanov/ipo-intel/ipo-intel/.venv_airflow/lib/python3.11/site-packages/airflow/example_dags/example_sla_dag.py for tasks to queue
[2026-03-18T16:59:15.567+0100] {logging_mixin.py:190} INFO - [2026-03-18T16:59:15.567+0100] {dagbag.py:588} INFO - Filling up the DagBag from /Users/atanasivanov/ipo-intel/ipo-intel/.venv_airflow/lib/python3.11/site-packages/airflow/example_dags/example_sla_dag.py
[2026-03-18T16:59:15.602+0100] {processor.py:925} INFO - DAG(s) 'example_sla_dag' retrieved from /Users/atanasivanov/ipo-intel/ipo-intel/.venv_airflow/lib/python3.11/site-packages/airflow/example_dags/example_sla_dag.py
[2026-03-18T16:59:15.679+0100] {logging_mixin.py:190} INFO - [2026-03-18T16:59:15.679+0100] {dag.py:3239} INFO - Sync 1 DAGs
[2026-03-18T16:59:15.750+0100] {logging_mixin.py:190} INFO - [2026-03-18T16:59:15.750+0100] {dag.py:4180} INFO - Setting next_dagrun for example_sla_dag to 2026-03-18 15:56:00+00:00, run_after=2026-03-18 15:58:00+00:00
[2026-03-18T16:59:15.767+0100] {processor.py:208} INFO - Processing /Users/atanasivanov/ipo-intel/ipo-intel/.venv_airflow/lib/python3.11/site-packages/airflow/example_dags/example_sla_dag.py took 0.207 seconds
[2026-03-18T17:01:16.401+0100] {processor.py:186} INFO - Started process (PID=56424) to work on /Users/atanasivanov/ipo-intel/ipo-intel/.venv_airflow/lib/python3.11/site-packages/airflow/example_dags/example_sla_dag.py
[2026-03-18T17:01:16.402+0100] {processor.py:914} INFO - Processing file /Users/atanasivanov/ipo-intel/ipo-intel/.venv_airflow/lib/python3.11/site-packages/airflow/example_dags/example_sla_dag.py for tasks to queue
[2026-03-18T17:01:16.403+0100] {logging_mixin.py:190} INFO - [2026-03-18T17:01:16.403+0100] {dagbag.py:588} INFO - Filling up the DagBag from /Users/atanasivanov/ipo-intel/ipo-intel/.venv_airflow/lib/python3.11/site-packages/airflow/example_dags/example_sla_dag.py
[2026-03-18T17:01:16.434+0100] {processor.py:925} INFO - DAG(s) 'example_sla_dag' retrieved from /Users/atanasivanov/ipo-intel/ipo-intel/.venv_airflow/lib/python3.11/site-packages/airflow/example_dags/example_sla_dag.py
[2026-03-18T17:01:16.511+0100] {logging_mixin.py:190} INFO - [2026-03-18T17:01:16.511+0100] {dag.py:3239} INFO - Sync 1 DAGs
[2026-03-18T17:01:16.575+0100] {logging_mixin.py:190} INFO - [2026-03-18T17:01:16.575+0100] {dag.py:4180} INFO - Setting next_dagrun for example_sla_dag to 2026-03-18 15:58:00+00:00, run_after=2026-03-18 16:00:00+00:00
[2026-03-18T17:01:16.590+0100] {processor.py:208} INFO - Processing /Users/atanasivanov/ipo-intel/ipo-intel/.venv_airflow/lib/python3.11/site-packages/airflow/example_dags/example_sla_dag.py took 0.195 seconds
[2026-03-18T17:03:11.656+0100] {processor.py:186} INFO - Started process (PID=56846) to work on /Users/atanasivanov/ipo-intel/ipo-intel/.venv_airflow/lib/python3.11/site-packages/airflow/example_dags/example_sla_dag.py
[2026-03-18T17:03:11.657+0100] {processor.py:914} INFO - Processing file /Users/atanasivanov/ipo-intel/ipo-intel/.venv_airflow/lib/python3.11/site-packages/airflow/example_dags/example_sla_dag.py for tasks to queue
[2026-03-18T17:03:11.658+0100] {logging_mixin.py:190} INFO - [2026-03-18T17:03:11.657+0100] {dagbag.py:588} INFO - Filling up the DagBag from /Users/atanasivanov/ipo-intel/ipo-intel/.venv_airflow/lib/python3.11/site-packages/airflow/example_dags/example_sla_dag.py
[2026-03-18T17:03:11.689+0100] {processor.py:925} INFO - DAG(s) 'example_sla_dag' retrieved from /Users/atanasivanov/ipo-intel/ipo-intel/.venv_airflow/lib/python3.11/site-packages/airflow/example_dags/example_sla_dag.py
[2026-03-18T17:03:11.764+0100] {logging_mixin.py:190} INFO - [2026-03-18T17:03:11.764+0100] {dag.py:3239} INFO - Sync 1 DAGs
[2026-03-18T17:03:11.831+0100] {logging_mixin.py:190} INFO - [2026-03-18T17:03:11.830+0100] {dag.py:4180} INFO - Setting next_dagrun for example_sla_dag to 2026-03-18 16:00:00+00:00, run_after=2026-03-18 16:02:00+00:00
[2026-03-18T17:03:11.845+0100] {processor.py:208} INFO - Processing /Users/atanasivanov/ipo-intel/ipo-intel/.venv_airflow/lib/python3.11/site-packages/airflow/example_dags/example_sla_dag.py took 0.195 seconds
[2026-03-18T17:05:07.502+0100] {processor.py:186} INFO - Started process (PID=57275) to work on /Users/atanasivanov/ipo-intel/ipo-intel/.venv_airflow/lib/python3.11/site-packages/airflow/example_dags/example_sla_dag.py
[2026-03-18T17:05:07.504+0100] {processor.py:914} INFO - Processing file /Users/atanasivanov/ipo-intel/ipo-intel/.venv_airflow/lib/python3.11/site-packages/airflow/example_dags/example_sla_dag.py for tasks to queue
[2026-03-18T17:05:07.505+0100] {logging_mixin.py:190} INFO - [2026-03-18T17:05:07.505+0100] {dagbag.py:588} INFO - Filling up the DagBag from /Users/atanasivanov/ipo-intel/ipo-intel/.venv_airflow/lib/python3.11/site-packages/airflow/example_dags/example_sla_dag.py
[2026-03-18T17:05:07.536+0100] {processor.py:925} INFO - DAG(s) 'example_sla_dag' retrieved from /Users/atanasivanov/ipo-intel/ipo-intel/.venv_airflow/lib/python3.11/site-packages/airflow/example_dags/example_sla_dag.py
[2026-03-18T17:05:07.610+0100] {logging_mixin.py:190} INFO - [2026-03-18T17:05:07.610+0100] {dag.py:3239} INFO - Sync 1 DAGs
[2026-03-18T17:05:07.678+0100] {logging_mixin.py:190} INFO - [2026-03-18T17:05:07.677+0100] {dag.py:4180} INFO - Setting next_dagrun for example_sla_dag to 2026-03-18 16:02:00+00:00, run_after=2026-03-18 16:04:00+00:00
[2026-03-18T17:05:07.693+0100] {processor.py:208} INFO - Processing /Users/atanasivanov/ipo-intel/ipo-intel/.venv_airflow/lib/python3.11/site-packages/airflow/example_dags/example_sla_dag.py took 0.196 seconds
[2026-03-18T17:07:04.487+0100] {processor.py:186} INFO - Started process (PID=57703) to work on /Users/atanasivanov/ipo-intel/ipo-intel/.venv_airflow/lib/python3.11/site-packages/airflow/example_dags/example_sla_dag.py
[2026-03-18T17:07:04.487+0100] {processor.py:914} INFO - Processing file /Users/atanasivanov/ipo-intel/ipo-intel/.venv_airflow/lib/python3.11/site-packages/airflow/example_dags/example_sla_dag.py for tasks to queue
[2026-03-18T17:07:04.488+0100] {logging_mixin.py:190} INFO - [2026-03-18T17:07:04.488+0100] {dagbag.py:588} INFO - Filling up the DagBag from /Users/atanasivanov/ipo-intel/ipo-intel/.venv_airflow/lib/python3.11/site-packages/airflow/example_dags/example_sla_dag.py
[2026-03-18T17:07:04.525+0100] {processor.py:925} INFO - DAG(s) 'example_sla_dag' retrieved from /Users/atanasivanov/ipo-intel/ipo-intel/.venv_airflow/lib/python3.11/site-packages/airflow/example_dags/example_sla_dag.py
[2026-03-18T17:07:04.601+0100] {logging_mixin.py:190} INFO - [2026-03-18T17:07:04.601+0100] {dag.py:3239} INFO - Sync 1 DAGs
[2026-03-18T17:07:04.669+0100] {logging_mixin.py:190} INFO - [2026-03-18T17:07:04.669+0100] {dag.py:4180} INFO - Setting next_dagrun for example_sla_dag to 2026-03-18 16:04:00+00:00, run_after=2026-03-18 16:06:00+00:00
[2026-03-18T17:07:04.686+0100] {processor.py:208} INFO - Processing /Users/atanasivanov/ipo-intel/ipo-intel/.venv_airflow/lib/python3.11/site-packages/airflow/example_dags/example_sla_dag.py took 0.204 seconds
[2026-03-18T17:08:59.501+0100] {processor.py:186} INFO - Started process (PID=58114) to work on /Users/atanasivanov/ipo-intel/ipo-intel/.venv_airflow/lib/python3.11/site-packages/airflow/example_dags/example_sla_dag.py
[2026-03-18T17:08:59.502+0100] {processor.py:914} INFO - Processing file /Users/atanasivanov/ipo-intel/ipo-intel/.venv_airflow/lib/python3.11/site-packages/airflow/example_dags/example_sla_dag.py for tasks to queue
[2026-03-18T17:08:59.504+0100] {logging_mixin.py:190} INFO - [2026-03-18T17:08:59.503+0100] {dagbag.py:588} INFO - Filling up the DagBag from /Users/atanasivanov/ipo-intel/ipo-intel/.venv_airflow/lib/python3.11/site-packages/airflow/example_dags/example_sla_dag.py
[2026-03-18T17:08:59.537+0100] {processor.py:925} INFO - DAG(s) 'example_sla_dag' retrieved from /Users/atanasivanov/ipo-intel/ipo-intel/.venv_airflow/lib/python3.11/site-packages/airflow/example_dags/example_sla_dag.py
[2026-03-18T17:08:59.679+0100] {logging_mixin.py:190} INFO - [2026-03-18T17:08:59.679+0100] {dag.py:3239} INFO - Sync 1 DAGs
[2026-03-18T17:08:59.829+0100] {logging_mixin.py:190} INFO - [2026-03-18T17:08:59.829+0100] {dag.py:4180} INFO - Setting next_dagrun for example_sla_dag to 2026-03-18 16:06:00+00:00, run_after=2026-03-18 16:08:00+00:00
[2026-03-18T17:08:59.904+0100] {processor.py:208} INFO - Processing /Users/atanasivanov/ipo-intel/ipo-intel/.venv_airflow/lib/python3.11/site-packages/airflow/example_dags/example_sla_dag.py took 0.408 seconds
[2026-03-18T17:10:59.639+0100] {processor.py:186} INFO - Started process (PID=58632) to work on /Users/atanasivanov/ipo-intel/ipo-intel/.venv_airflow/lib/python3.11/site-packages/airflow/example_dags/example_sla_dag.py
[2026-03-18T17:10:59.640+0100] {processor.py:914} INFO - Processing file /Users/atanasivanov/ipo-intel/ipo-intel/.venv_airflow/lib/python3.11/site-packages/airflow/example_dags/example_sla_dag.py for tasks to queue
[2026-03-18T17:10:59.641+0100] {logging_mixin.py:190} INFO - [2026-03-18T17:10:59.641+0100] {dagbag.py:588} INFO - Filling up the DagBag from /Users/atanasivanov/ipo-intel/ipo-intel/.venv_airflow/lib/python3.11/site-packages/airflow/example_dags/example_sla_dag.py
[2026-03-18T17:10:59.676+0100] {processor.py:925} INFO - DAG(s) 'example_sla_dag' retrieved from /Users/atanasivanov/ipo-intel/ipo-intel/.venv_airflow/lib/python3.11/site-packages/airflow/example_dags/example_sla_dag.py
[2026-03-18T17:10:59.753+0100] {logging_mixin.py:190} INFO - [2026-03-18T17:10:59.752+0100] {dag.py:3239} INFO - Sync 1 DAGs
[2026-03-18T17:10:59.821+0100] {logging_mixin.py:190} INFO - [2026-03-18T17:10:59.821+0100] {dag.py:4180} INFO - Setting next_dagrun for example_sla_dag to 2026-03-18 16:08:00+00:00, run_after=2026-03-18 16:10:00+00:00
[2026-03-18T17:10:59.838+0100] {processor.py:208} INFO - Processing /Users/atanasivanov/ipo-intel/ipo-intel/.venv_airflow/lib/python3.11/site-packages/airflow/example_dags/example_sla_dag.py took 0.204 seconds
[2026-03-18T17:13:03.917+0100] {processor.py:186} INFO - Started process (PID=59367) to work on /Users/atanasivanov/ipo-intel/ipo-intel/.venv_airflow/lib/python3.11/site-packages/airflow/example_dags/example_sla_dag.py
[2026-03-18T17:13:03.918+0100] {processor.py:914} INFO - Processing file /Users/atanasivanov/ipo-intel/ipo-intel/.venv_airflow/lib/python3.11/site-packages/airflow/example_dags/example_sla_dag.py for tasks to queue
[2026-03-18T17:13:03.919+0100] {logging_mixin.py:190} INFO - [2026-03-18T17:13:03.919+0100] {dagbag.py:588} INFO - Filling up the DagBag from /Users/atanasivanov/ipo-intel/ipo-intel/.venv_airflow/lib/python3.11/site-packages/airflow/example_dags/example_sla_dag.py
[2026-03-18T17:13:03.958+0100] {processor.py:925} INFO - DAG(s) 'example_sla_dag' retrieved from /Users/atanasivanov/ipo-intel/ipo-intel/.venv_airflow/lib/python3.11/site-packages/airflow/example_dags/example_sla_dag.py
[2026-03-18T17:13:04.055+0100] {logging_mixin.py:190} INFO - [2026-03-18T17:13:04.055+0100] {dag.py:3239} INFO - Sync 1 DAGs
[2026-03-18T17:13:04.145+0100] {logging_mixin.py:190} INFO - [2026-03-18T17:13:04.145+0100] {dag.py:4180} INFO - Setting next_dagrun for example_sla_dag to 2026-03-18 16:10:00+00:00, run_after=2026-03-18 16:12:00+00:00
[2026-03-18T17:13:04.167+0100] {processor.py:208} INFO - Processing /Users/atanasivanov/ipo-intel/ipo-intel/.venv_airflow/lib/python3.11/site-packages/airflow/example_dags/example_sla_dag.py took 0.257 seconds
[2026-03-18T17:15:07.616+0100] {processor.py:186} INFO - Started process (PID=59969) to work on /Users/atanasivanov/ipo-intel/ipo-intel/.venv_airflow/lib/python3.11/site-packages/airflow/example_dags/example_sla_dag.py
[2026-03-18T17:15:07.617+0100] {processor.py:914} INFO - Processing file /Users/atanasivanov/ipo-intel/ipo-intel/.venv_airflow/lib/python3.11/site-packages/airflow/example_dags/example_sla_dag.py for tasks to queue
[2026-03-18T17:15:07.618+0100] {logging_mixin.py:190} INFO - [2026-03-18T17:15:07.618+0100] {dagbag.py:588} INFO - Filling up the DagBag from /Users/atanasivanov/ipo-intel/ipo-intel/.venv_airflow/lib/python3.11/site-packages/airflow/example_dags/example_sla_dag.py
[2026-03-18T17:15:07.653+0100] {processor.py:925} INFO - DAG(s) 'example_sla_dag' retrieved from /Users/atanasivanov/ipo-intel/ipo-intel/.venv_airflow/lib/python3.11/site-packages/airflow/example_dags/example_sla_dag.py
[2026-03-18T17:15:07.729+0100] {logging_mixin.py:190} INFO - [2026-03-18T17:15:07.729+0100] {dag.py:3239} INFO - Sync 1 DAGs
[2026-03-18T17:15:07.799+0100] {logging_mixin.py:190} INFO - [2026-03-18T17:15:07.799+0100] {dag.py:4180} INFO - Setting next_dagrun for example_sla_dag to 2026-03-18 16:12:00+00:00, run_after=2026-03-18 16:14:00+00:00
[2026-03-18T17:15:07.816+0100] {processor.py:208} INFO - Processing /Users/atanasivanov/ipo-intel/ipo-intel/.venv_airflow/lib/python3.11/site-packages/airflow/example_dags/example_sla_dag.py took 0.205 seconds
