[2026-03-18T16:21:01.049+0100] {processor.py:186} INFO - Started process (PID=45488) to work on /Users/atanasivanov/ipo-intel/ipo-intel/.venv_airflow/lib/python3.11/site-packages/airflow/example_dags/example_outlet_event_extra.py
[2026-03-18T16:21:01.050+0100] {processor.py:914} INFO - Processing file /Users/atanasivanov/ipo-intel/ipo-intel/.venv_airflow/lib/python3.11/site-packages/airflow/example_dags/example_outlet_event_extra.py for tasks to queue
[2026-03-18T16:21:01.051+0100] {logging_mixin.py:190} INFO - [2026-03-18T16:21:01.051+0100] {dagbag.py:588} INFO - Filling up the DagBag from /Users/atanasivanov/ipo-intel/ipo-intel/.venv_airflow/lib/python3.11/site-packages/airflow/example_dags/example_outlet_event_extra.py
[2026-03-18T16:21:01.122+0100] {processor.py:925} INFO - DAG(s) 'dataset_with_extra_by_context', 'dataset_with_extra_by_yield', 'dataset_with_extra_from_classic_operator' retrieved from /Users/atanasivanov/ipo-intel/ipo-intel/.venv_airflow/lib/python3.11/site-packages/airflow/example_dags/example_outlet_event_extra.py
[2026-03-18T16:21:01.336+0100] {logging_mixin.py:190} INFO - [2026-03-18T16:21:01.336+0100] {override.py:1912} INFO - Created Permission View: can read on DAG:dataset_with_extra_by_context
[2026-03-18T16:21:01.344+0100] {logging_mixin.py:190} INFO - [2026-03-18T16:21:01.344+0100] {override.py:1912} INFO - Created Permission View: can edit on DAG:dataset_with_extra_by_context
[2026-03-18T16:21:01.350+0100] {logging_mixin.py:190} INFO - [2026-03-18T16:21:01.350+0100] {override.py:1912} INFO - Created Permission View: can delete on DAG:dataset_with_extra_by_context
[2026-03-18T16:21:01.357+0100] {logging_mixin.py:190} INFO - [2026-03-18T16:21:01.357+0100] {override.py:1912} INFO - Created Permission View: can read on DAG Run:dataset_with_extra_by_context
[2026-03-18T16:21:01.362+0100] {logging_mixin.py:190} INFO - [2026-03-18T16:21:01.362+0100] {override.py:1912} INFO - Created Permission View: can delete on DAG Run:dataset_with_extra_by_context
[2026-03-18T16:21:01.368+0100] {logging_mixin.py:190} INFO - [2026-03-18T16:21:01.367+0100] {override.py:1912} INFO - Created Permission View: menu access on DAG Run:dataset_with_extra_by_context
[2026-03-18T16:21:01.373+0100] {logging_mixin.py:190} INFO - [2026-03-18T16:21:01.373+0100] {override.py:1912} INFO - Created Permission View: can create on DAG Run:dataset_with_extra_by_context
[2026-03-18T16:21:01.384+0100] {logging_mixin.py:190} INFO - [2026-03-18T16:21:01.383+0100] {override.py:1912} INFO - Created Permission View: can read on DAG:dataset_with_extra_by_yield
[2026-03-18T16:21:01.391+0100] {logging_mixin.py:190} INFO - [2026-03-18T16:21:01.390+0100] {override.py:1912} INFO - Created Permission View: can edit on DAG:dataset_with_extra_by_yield
[2026-03-18T16:21:01.396+0100] {logging_mixin.py:190} INFO - [2026-03-18T16:21:01.396+0100] {override.py:1912} INFO - Created Permission View: can delete on DAG:dataset_with_extra_by_yield
[2026-03-18T16:21:01.406+0100] {logging_mixin.py:190} INFO - [2026-03-18T16:21:01.406+0100] {override.py:1912} INFO - Created Permission View: can read on DAG Run:dataset_with_extra_by_yield
[2026-03-18T16:21:01.414+0100] {logging_mixin.py:190} INFO - [2026-03-18T16:21:01.414+0100] {override.py:1912} INFO - Created Permission View: can delete on DAG Run:dataset_with_extra_by_yield
[2026-03-18T16:21:01.420+0100] {logging_mixin.py:190} INFO - [2026-03-18T16:21:01.420+0100] {override.py:1912} INFO - Created Permission View: menu access on DAG Run:dataset_with_extra_by_yield
[2026-03-18T16:21:01.426+0100] {logging_mixin.py:190} INFO - [2026-03-18T16:21:01.426+0100] {override.py:1912} INFO - Created Permission View: can create on DAG Run:dataset_with_extra_by_yield
[2026-03-18T16:21:01.440+0100] {logging_mixin.py:190} INFO - [2026-03-18T16:21:01.440+0100] {override.py:1912} INFO - Created Permission View: can read on DAG:dataset_with_extra_from_classic_operator
[2026-03-18T16:21:01.446+0100] {logging_mixin.py:190} INFO - [2026-03-18T16:21:01.445+0100] {override.py:1912} INFO - Created Permission View: can edit on DAG:dataset_with_extra_from_classic_operator
[2026-03-18T16:21:01.451+0100] {logging_mixin.py:190} INFO - [2026-03-18T16:21:01.451+0100] {override.py:1912} INFO - Created Permission View: can delete on DAG:dataset_with_extra_from_classic_operator
[2026-03-18T16:21:01.462+0100] {logging_mixin.py:190} INFO - [2026-03-18T16:21:01.461+0100] {override.py:1912} INFO - Created Permission View: can read on DAG Run:dataset_with_extra_from_classic_operator
[2026-03-18T16:21:01.467+0100] {logging_mixin.py:190} INFO - [2026-03-18T16:21:01.467+0100] {override.py:1912} INFO - Created Permission View: can delete on DAG Run:dataset_with_extra_from_classic_operator
[2026-03-18T16:21:01.472+0100] {logging_mixin.py:190} INFO - [2026-03-18T16:21:01.472+0100] {override.py:1912} INFO - Created Permission View: menu access on DAG Run:dataset_with_extra_from_classic_operator
[2026-03-18T16:21:01.477+0100] {logging_mixin.py:190} INFO - [2026-03-18T16:21:01.477+0100] {override.py:1912} INFO - Created Permission View: can create on DAG Run:dataset_with_extra_from_classic_operator
[2026-03-18T16:21:01.478+0100] {logging_mixin.py:190} INFO - [2026-03-18T16:21:01.477+0100] {dag.py:3239} INFO - Sync 3 DAGs
[2026-03-18T16:21:01.489+0100] {logging_mixin.py:190} INFO - [2026-03-18T16:21:01.489+0100] {dag.py:3262} INFO - Creating ORM DAG for dataset_with_extra_from_classic_operator
[2026-03-18T16:21:01.489+0100] {logging_mixin.py:190} INFO - [2026-03-18T16:21:01.489+0100] {dag.py:3262} INFO - Creating ORM DAG for dataset_with_extra_by_context
[2026-03-18T16:21:01.490+0100] {logging_mixin.py:190} INFO - [2026-03-18T16:21:01.490+0100] {dag.py:3262} INFO - Creating ORM DAG for dataset_with_extra_by_yield
[2026-03-18T16:21:01.498+0100] {logging_mixin.py:190} INFO - [2026-03-18T16:21:01.498+0100] {dag.py:4180} INFO - Setting next_dagrun for dataset_with_extra_by_context to 2026-03-17 00:00:00+00:00, run_after=2026-03-18 00:00:00+00:00
[2026-03-18T16:21:01.500+0100] {logging_mixin.py:190} INFO - [2026-03-18T16:21:01.499+0100] {dag.py:4180} INFO - Setting next_dagrun for dataset_with_extra_by_yield to 2026-03-17 00:00:00+00:00, run_after=2026-03-18 00:00:00+00:00
[2026-03-18T16:21:01.501+0100] {logging_mixin.py:190} INFO - [2026-03-18T16:21:01.501+0100] {dag.py:4180} INFO - Setting next_dagrun for dataset_with_extra_from_classic_operator to 2026-03-17 00:00:00+00:00, run_after=2026-03-18 00:00:00+00:00
[2026-03-18T16:21:01.513+0100] {logging_mixin.py:190} INFO - [2026-03-18T16:21:01.513+0100] {workday.py:41} WARNING - Could not import pandas. Holidays will not be considered.
[2026-03-18T16:21:01.524+0100] {processor.py:208} INFO - Processing /Users/atanasivanov/ipo-intel/ipo-intel/.venv_airflow/lib/python3.11/site-packages/airflow/example_dags/example_outlet_event_extra.py took 0.480 seconds
[2026-03-18T16:23:40.898+0100] {processor.py:186} INFO - Started process (PID=46089) to work on /Users/atanasivanov/ipo-intel/ipo-intel/.venv_airflow/lib/python3.11/site-packages/airflow/example_dags/example_outlet_event_extra.py
[2026-03-18T16:23:40.899+0100] {processor.py:914} INFO - Processing file /Users/atanasivanov/ipo-intel/ipo-intel/.venv_airflow/lib/python3.11/site-packages/airflow/example_dags/example_outlet_event_extra.py for tasks to queue
[2026-03-18T16:23:40.900+0100] {logging_mixin.py:190} INFO - [2026-03-18T16:23:40.900+0100] {dagbag.py:588} INFO - Filling up the DagBag from /Users/atanasivanov/ipo-intel/ipo-intel/.venv_airflow/lib/python3.11/site-packages/airflow/example_dags/example_outlet_event_extra.py
[2026-03-18T16:23:40.965+0100] {processor.py:925} INFO - DAG(s) 'dataset_with_extra_from_classic_operator', 'dataset_with_extra_by_yield', 'dataset_with_extra_by_context' retrieved from /Users/atanasivanov/ipo-intel/ipo-intel/.venv_airflow/lib/python3.11/site-packages/airflow/example_dags/example_outlet_event_extra.py
[2026-03-18T16:23:41.094+0100] {logging_mixin.py:190} INFO - [2026-03-18T16:23:41.093+0100] {dag.py:3239} INFO - Sync 3 DAGs
[2026-03-18T16:23:41.112+0100] {logging_mixin.py:190} INFO - [2026-03-18T16:23:41.111+0100] {dag.py:4180} INFO - Setting next_dagrun for dataset_with_extra_by_context to 2026-03-17 00:00:00+00:00, run_after=2026-03-18 00:00:00+00:00
[2026-03-18T16:23:41.116+0100] {logging_mixin.py:190} INFO - [2026-03-18T16:23:41.115+0100] {dag.py:4180} INFO - Setting next_dagrun for dataset_with_extra_by_yield to 2026-03-17 00:00:00+00:00, run_after=2026-03-18 00:00:00+00:00
[2026-03-18T16:23:41.118+0100] {logging_mixin.py:190} INFO - [2026-03-18T16:23:41.117+0100] {dag.py:4180} INFO - Setting next_dagrun for dataset_with_extra_from_classic_operator to 2026-03-17 00:00:00+00:00, run_after=2026-03-18 00:00:00+00:00
[2026-03-18T16:23:41.133+0100] {processor.py:208} INFO - Processing /Users/atanasivanov/ipo-intel/ipo-intel/.venv_airflow/lib/python3.11/site-packages/airflow/example_dags/example_outlet_event_extra.py took 0.239 seconds
[2026-03-18T16:25:42.551+0100] {processor.py:186} INFO - Started process (PID=46551) to work on /Users/atanasivanov/ipo-intel/ipo-intel/.venv_airflow/lib/python3.11/site-packages/airflow/example_dags/example_outlet_event_extra.py
[2026-03-18T16:25:42.552+0100] {processor.py:914} INFO - Processing file /Users/atanasivanov/ipo-intel/ipo-intel/.venv_airflow/lib/python3.11/site-packages/airflow/example_dags/example_outlet_event_extra.py for tasks to queue
[2026-03-18T16:25:42.553+0100] {logging_mixin.py:190} INFO - [2026-03-18T16:25:42.553+0100] {dagbag.py:588} INFO - Filling up the DagBag from /Users/atanasivanov/ipo-intel/ipo-intel/.venv_airflow/lib/python3.11/site-packages/airflow/example_dags/example_outlet_event_extra.py
[2026-03-18T16:25:42.617+0100] {processor.py:925} INFO - DAG(s) 'dataset_with_extra_by_context', 'dataset_with_extra_by_yield', 'dataset_with_extra_from_classic_operator' retrieved from /Users/atanasivanov/ipo-intel/ipo-intel/.venv_airflow/lib/python3.11/site-packages/airflow/example_dags/example_outlet_event_extra.py
[2026-03-18T16:25:42.749+0100] {logging_mixin.py:190} INFO - [2026-03-18T16:25:42.749+0100] {dag.py:3239} INFO - Sync 3 DAGs
[2026-03-18T16:25:42.769+0100] {logging_mixin.py:190} INFO - [2026-03-18T16:25:42.768+0100] {dag.py:4180} INFO - Setting next_dagrun for dataset_with_extra_by_context to 2026-03-17 00:00:00+00:00, run_after=2026-03-18 00:00:00+00:00
[2026-03-18T16:25:42.773+0100] {logging_mixin.py:190} INFO - [2026-03-18T16:25:42.773+0100] {dag.py:4180} INFO - Setting next_dagrun for dataset_with_extra_by_yield to 2026-03-17 00:00:00+00:00, run_after=2026-03-18 00:00:00+00:00
[2026-03-18T16:25:42.775+0100] {logging_mixin.py:190} INFO - [2026-03-18T16:25:42.775+0100] {dag.py:4180} INFO - Setting next_dagrun for dataset_with_extra_from_classic_operator to 2026-03-17 00:00:00+00:00, run_after=2026-03-18 00:00:00+00:00
[2026-03-18T16:25:42.793+0100] {processor.py:208} INFO - Processing /Users/atanasivanov/ipo-intel/ipo-intel/.venv_airflow/lib/python3.11/site-packages/airflow/example_dags/example_outlet_event_extra.py took 0.247 seconds
[2026-03-18T16:27:47.246+0100] {processor.py:186} INFO - Started process (PID=47680) to work on /Users/atanasivanov/ipo-intel/ipo-intel/.venv_airflow/lib/python3.11/site-packages/airflow/example_dags/example_outlet_event_extra.py
[2026-03-18T16:27:47.248+0100] {processor.py:914} INFO - Processing file /Users/atanasivanov/ipo-intel/ipo-intel/.venv_airflow/lib/python3.11/site-packages/airflow/example_dags/example_outlet_event_extra.py for tasks to queue
[2026-03-18T16:27:47.249+0100] {logging_mixin.py:190} INFO - [2026-03-18T16:27:47.248+0100] {dagbag.py:588} INFO - Filling up the DagBag from /Users/atanasivanov/ipo-intel/ipo-intel/.venv_airflow/lib/python3.11/site-packages/airflow/example_dags/example_outlet_event_extra.py
[2026-03-18T16:27:47.318+0100] {processor.py:925} INFO - DAG(s) 'dataset_with_extra_by_context', 'dataset_with_extra_from_classic_operator', 'dataset_with_extra_by_yield' retrieved from /Users/atanasivanov/ipo-intel/ipo-intel/.venv_airflow/lib/python3.11/site-packages/airflow/example_dags/example_outlet_event_extra.py
[2026-03-18T16:27:47.453+0100] {logging_mixin.py:190} INFO - [2026-03-18T16:27:47.453+0100] {dag.py:3239} INFO - Sync 3 DAGs
[2026-03-18T16:27:47.474+0100] {logging_mixin.py:190} INFO - [2026-03-18T16:27:47.474+0100] {dag.py:4180} INFO - Setting next_dagrun for dataset_with_extra_by_context to 2026-03-17 00:00:00+00:00, run_after=2026-03-18 00:00:00+00:00
[2026-03-18T16:27:47.478+0100] {logging_mixin.py:190} INFO - [2026-03-18T16:27:47.478+0100] {dag.py:4180} INFO - Setting next_dagrun for dataset_with_extra_by_yield to 2026-03-17 00:00:00+00:00, run_after=2026-03-18 00:00:00+00:00
[2026-03-18T16:27:47.481+0100] {logging_mixin.py:190} INFO - [2026-03-18T16:27:47.481+0100] {dag.py:4180} INFO - Setting next_dagrun for dataset_with_extra_from_classic_operator to 2026-03-17 00:00:00+00:00, run_after=2026-03-18 00:00:00+00:00
[2026-03-18T16:27:47.498+0100] {processor.py:208} INFO - Processing /Users/atanasivanov/ipo-intel/ipo-intel/.venv_airflow/lib/python3.11/site-packages/airflow/example_dags/example_outlet_event_extra.py took 0.257 seconds
[2026-03-18T16:29:51.233+0100] {processor.py:186} INFO - Started process (PID=48143) to work on /Users/atanasivanov/ipo-intel/ipo-intel/.venv_airflow/lib/python3.11/site-packages/airflow/example_dags/example_outlet_event_extra.py
[2026-03-18T16:29:51.234+0100] {processor.py:914} INFO - Processing file /Users/atanasivanov/ipo-intel/ipo-intel/.venv_airflow/lib/python3.11/site-packages/airflow/example_dags/example_outlet_event_extra.py for tasks to queue
[2026-03-18T16:29:51.235+0100] {logging_mixin.py:190} INFO - [2026-03-18T16:29:51.235+0100] {dagbag.py:588} INFO - Filling up the DagBag from /Users/atanasivanov/ipo-intel/ipo-intel/.venv_airflow/lib/python3.11/site-packages/airflow/example_dags/example_outlet_event_extra.py
[2026-03-18T16:29:51.298+0100] {processor.py:925} INFO - DAG(s) 'dataset_with_extra_from_classic_operator', 'dataset_with_extra_by_context', 'dataset_with_extra_by_yield' retrieved from /Users/atanasivanov/ipo-intel/ipo-intel/.venv_airflow/lib/python3.11/site-packages/airflow/example_dags/example_outlet_event_extra.py
[2026-03-18T16:29:51.425+0100] {logging_mixin.py:190} INFO - [2026-03-18T16:29:51.425+0100] {dag.py:3239} INFO - Sync 3 DAGs
[2026-03-18T16:29:51.444+0100] {logging_mixin.py:190} INFO - [2026-03-18T16:29:51.444+0100] {dag.py:4180} INFO - Setting next_dagrun for dataset_with_extra_by_context to 2026-03-17 00:00:00+00:00, run_after=2026-03-18 00:00:00+00:00
[2026-03-18T16:29:51.448+0100] {logging_mixin.py:190} INFO - [2026-03-18T16:29:51.448+0100] {dag.py:4180} INFO - Setting next_dagrun for dataset_with_extra_by_yield to 2026-03-17 00:00:00+00:00, run_after=2026-03-18 00:00:00+00:00
[2026-03-18T16:29:51.450+0100] {logging_mixin.py:190} INFO - [2026-03-18T16:29:51.450+0100] {dag.py:4180} INFO - Setting next_dagrun for dataset_with_extra_from_classic_operator to 2026-03-17 00:00:00+00:00, run_after=2026-03-18 00:00:00+00:00
[2026-03-18T16:29:51.467+0100] {processor.py:208} INFO - Processing /Users/atanasivanov/ipo-intel/ipo-intel/.venv_airflow/lib/python3.11/site-packages/airflow/example_dags/example_outlet_event_extra.py took 0.239 seconds
[2026-03-18T16:33:34.698+0100] {processor.py:186} INFO - Started process (PID=48964) to work on /Users/atanasivanov/ipo-intel/ipo-intel/.venv_airflow/lib/python3.11/site-packages/airflow/example_dags/example_outlet_event_extra.py
[2026-03-18T16:33:34.700+0100] {processor.py:914} INFO - Processing file /Users/atanasivanov/ipo-intel/ipo-intel/.venv_airflow/lib/python3.11/site-packages/airflow/example_dags/example_outlet_event_extra.py for tasks to queue
[2026-03-18T16:33:34.701+0100] {logging_mixin.py:190} INFO - [2026-03-18T16:33:34.700+0100] {dagbag.py:588} INFO - Filling up the DagBag from /Users/atanasivanov/ipo-intel/ipo-intel/.venv_airflow/lib/python3.11/site-packages/airflow/example_dags/example_outlet_event_extra.py
[2026-03-18T16:33:34.763+0100] {processor.py:925} INFO - DAG(s) 'dataset_with_extra_by_context', 'dataset_with_extra_by_yield', 'dataset_with_extra_from_classic_operator' retrieved from /Users/atanasivanov/ipo-intel/ipo-intel/.venv_airflow/lib/python3.11/site-packages/airflow/example_dags/example_outlet_event_extra.py
[2026-03-18T16:33:34.889+0100] {logging_mixin.py:190} INFO - [2026-03-18T16:33:34.888+0100] {dag.py:3239} INFO - Sync 3 DAGs
[2026-03-18T16:33:34.908+0100] {logging_mixin.py:190} INFO - [2026-03-18T16:33:34.908+0100] {dag.py:4180} INFO - Setting next_dagrun for dataset_with_extra_by_context to 2026-03-17 00:00:00+00:00, run_after=2026-03-18 00:00:00+00:00
[2026-03-18T16:33:34.912+0100] {logging_mixin.py:190} INFO - [2026-03-18T16:33:34.912+0100] {dag.py:4180} INFO - Setting next_dagrun for dataset_with_extra_by_yield to 2026-03-17 00:00:00+00:00, run_after=2026-03-18 00:00:00+00:00
[2026-03-18T16:33:34.914+0100] {logging_mixin.py:190} INFO - [2026-03-18T16:33:34.914+0100] {dag.py:4180} INFO - Setting next_dagrun for dataset_with_extra_from_classic_operator to 2026-03-17 00:00:00+00:00, run_after=2026-03-18 00:00:00+00:00
[2026-03-18T16:33:34.931+0100] {processor.py:208} INFO - Processing /Users/atanasivanov/ipo-intel/ipo-intel/.venv_airflow/lib/python3.11/site-packages/airflow/example_dags/example_outlet_event_extra.py took 0.237 seconds
[2026-03-18T16:37:23.849+0100] {processor.py:186} INFO - Started process (PID=49797) to work on /Users/atanasivanov/ipo-intel/ipo-intel/.venv_airflow/lib/python3.11/site-packages/airflow/example_dags/example_outlet_event_extra.py
[2026-03-18T16:37:23.851+0100] {processor.py:914} INFO - Processing file /Users/atanasivanov/ipo-intel/ipo-intel/.venv_airflow/lib/python3.11/site-packages/airflow/example_dags/example_outlet_event_extra.py for tasks to queue
[2026-03-18T16:37:23.852+0100] {logging_mixin.py:190} INFO - [2026-03-18T16:37:23.852+0100] {dagbag.py:588} INFO - Filling up the DagBag from /Users/atanasivanov/ipo-intel/ipo-intel/.venv_airflow/lib/python3.11/site-packages/airflow/example_dags/example_outlet_event_extra.py
[2026-03-18T16:37:23.920+0100] {processor.py:925} INFO - DAG(s) 'dataset_with_extra_by_context', 'dataset_with_extra_from_classic_operator', 'dataset_with_extra_by_yield' retrieved from /Users/atanasivanov/ipo-intel/ipo-intel/.venv_airflow/lib/python3.11/site-packages/airflow/example_dags/example_outlet_event_extra.py
[2026-03-18T16:37:24.058+0100] {logging_mixin.py:190} INFO - [2026-03-18T16:37:24.057+0100] {dag.py:3239} INFO - Sync 3 DAGs
[2026-03-18T16:37:24.077+0100] {logging_mixin.py:190} INFO - [2026-03-18T16:37:24.076+0100] {dag.py:4180} INFO - Setting next_dagrun for dataset_with_extra_by_context to 2026-03-17 00:00:00+00:00, run_after=2026-03-18 00:00:00+00:00
[2026-03-18T16:37:24.081+0100] {logging_mixin.py:190} INFO - [2026-03-18T16:37:24.081+0100] {dag.py:4180} INFO - Setting next_dagrun for dataset_with_extra_by_yield to 2026-03-17 00:00:00+00:00, run_after=2026-03-18 00:00:00+00:00
[2026-03-18T16:37:24.083+0100] {logging_mixin.py:190} INFO - [2026-03-18T16:37:24.083+0100] {dag.py:4180} INFO - Setting next_dagrun for dataset_with_extra_from_classic_operator to 2026-03-17 00:00:00+00:00, run_after=2026-03-18 00:00:00+00:00
[2026-03-18T16:37:24.101+0100] {processor.py:208} INFO - Processing /Users/atanasivanov/ipo-intel/ipo-intel/.venv_airflow/lib/python3.11/site-packages/airflow/example_dags/example_outlet_event_extra.py took 0.258 seconds
[2026-03-18T16:41:20.470+0100] {processor.py:186} INFO - Started process (PID=51670) to work on /Users/atanasivanov/ipo-intel/ipo-intel/.venv_airflow/lib/python3.11/site-packages/airflow/example_dags/example_outlet_event_extra.py
[2026-03-18T16:41:20.471+0100] {processor.py:914} INFO - Processing file /Users/atanasivanov/ipo-intel/ipo-intel/.venv_airflow/lib/python3.11/site-packages/airflow/example_dags/example_outlet_event_extra.py for tasks to queue
[2026-03-18T16:41:20.472+0100] {logging_mixin.py:190} INFO - [2026-03-18T16:41:20.472+0100] {dagbag.py:588} INFO - Filling up the DagBag from /Users/atanasivanov/ipo-intel/ipo-intel/.venv_airflow/lib/python3.11/site-packages/airflow/example_dags/example_outlet_event_extra.py
[2026-03-18T16:41:20.556+0100] {processor.py:925} INFO - DAG(s) 'dataset_with_extra_by_yield', 'dataset_with_extra_from_classic_operator', 'dataset_with_extra_by_context' retrieved from /Users/atanasivanov/ipo-intel/ipo-intel/.venv_airflow/lib/python3.11/site-packages/airflow/example_dags/example_outlet_event_extra.py
[2026-03-18T16:41:20.695+0100] {logging_mixin.py:190} INFO - [2026-03-18T16:41:20.695+0100] {dag.py:3239} INFO - Sync 3 DAGs
[2026-03-18T16:41:20.716+0100] {logging_mixin.py:190} INFO - [2026-03-18T16:41:20.716+0100] {dag.py:4180} INFO - Setting next_dagrun for dataset_with_extra_by_context to 2026-03-17 00:00:00+00:00, run_after=2026-03-18 00:00:00+00:00
[2026-03-18T16:41:20.721+0100] {logging_mixin.py:190} INFO - [2026-03-18T16:41:20.721+0100] {dag.py:4180} INFO - Setting next_dagrun for dataset_with_extra_by_yield to 2026-03-17 00:00:00+00:00, run_after=2026-03-18 00:00:00+00:00
[2026-03-18T16:41:20.723+0100] {logging_mixin.py:190} INFO - [2026-03-18T16:41:20.723+0100] {dag.py:4180} INFO - Setting next_dagrun for dataset_with_extra_from_classic_operator to 2026-03-17 00:00:00+00:00, run_after=2026-03-18 00:00:00+00:00
[2026-03-18T16:41:20.742+0100] {processor.py:208} INFO - Processing /Users/atanasivanov/ipo-intel/ipo-intel/.venv_airflow/lib/python3.11/site-packages/airflow/example_dags/example_outlet_event_extra.py took 0.276 seconds
[2026-03-18T16:43:27.308+0100] {processor.py:186} INFO - Started process (PID=52250) to work on /Users/atanasivanov/ipo-intel/ipo-intel/.venv_airflow/lib/python3.11/site-packages/airflow/example_dags/example_outlet_event_extra.py
[2026-03-18T16:43:27.309+0100] {processor.py:914} INFO - Processing file /Users/atanasivanov/ipo-intel/ipo-intel/.venv_airflow/lib/python3.11/site-packages/airflow/example_dags/example_outlet_event_extra.py for tasks to queue
[2026-03-18T16:43:27.310+0100] {logging_mixin.py:190} INFO - [2026-03-18T16:43:27.310+0100] {dagbag.py:588} INFO - Filling up the DagBag from /Users/atanasivanov/ipo-intel/ipo-intel/.venv_airflow/lib/python3.11/site-packages/airflow/example_dags/example_outlet_event_extra.py
[2026-03-18T16:43:27.373+0100] {processor.py:925} INFO - DAG(s) 'dataset_with_extra_by_context', 'dataset_with_extra_by_yield', 'dataset_with_extra_from_classic_operator' retrieved from /Users/atanasivanov/ipo-intel/ipo-intel/.venv_airflow/lib/python3.11/site-packages/airflow/example_dags/example_outlet_event_extra.py
[2026-03-18T16:43:27.503+0100] {logging_mixin.py:190} INFO - [2026-03-18T16:43:27.503+0100] {dag.py:3239} INFO - Sync 3 DAGs
[2026-03-18T16:43:27.523+0100] {logging_mixin.py:190} INFO - [2026-03-18T16:43:27.523+0100] {dag.py:4180} INFO - Setting next_dagrun for dataset_with_extra_by_context to 2026-03-17 00:00:00+00:00, run_after=2026-03-18 00:00:00+00:00
[2026-03-18T16:43:27.527+0100] {logging_mixin.py:190} INFO - [2026-03-18T16:43:27.527+0100] {dag.py:4180} INFO - Setting next_dagrun for dataset_with_extra_by_yield to 2026-03-17 00:00:00+00:00, run_after=2026-03-18 00:00:00+00:00
[2026-03-18T16:43:27.529+0100] {logging_mixin.py:190} INFO - [2026-03-18T16:43:27.529+0100] {dag.py:4180} INFO - Setting next_dagrun for dataset_with_extra_from_classic_operator to 2026-03-17 00:00:00+00:00, run_after=2026-03-18 00:00:00+00:00
[2026-03-18T16:43:27.546+0100] {processor.py:208} INFO - Processing /Users/atanasivanov/ipo-intel/ipo-intel/.venv_airflow/lib/python3.11/site-packages/airflow/example_dags/example_outlet_event_extra.py took 0.242 seconds
[2026-03-18T16:49:01.235+0100] {processor.py:186} INFO - Started process (PID=53435) to work on /Users/atanasivanov/ipo-intel/ipo-intel/.venv_airflow/lib/python3.11/site-packages/airflow/example_dags/example_outlet_event_extra.py
[2026-03-18T16:49:01.236+0100] {processor.py:914} INFO - Processing file /Users/atanasivanov/ipo-intel/ipo-intel/.venv_airflow/lib/python3.11/site-packages/airflow/example_dags/example_outlet_event_extra.py for tasks to queue
[2026-03-18T16:49:01.237+0100] {logging_mixin.py:190} INFO - [2026-03-18T16:49:01.237+0100] {dagbag.py:588} INFO - Filling up the DagBag from /Users/atanasivanov/ipo-intel/ipo-intel/.venv_airflow/lib/python3.11/site-packages/airflow/example_dags/example_outlet_event_extra.py
[2026-03-18T16:49:01.300+0100] {processor.py:925} INFO - DAG(s) 'dataset_with_extra_from_classic_operator', 'dataset_with_extra_by_context', 'dataset_with_extra_by_yield' retrieved from /Users/atanasivanov/ipo-intel/ipo-intel/.venv_airflow/lib/python3.11/site-packages/airflow/example_dags/example_outlet_event_extra.py
[2026-03-18T16:49:01.432+0100] {logging_mixin.py:190} INFO - [2026-03-18T16:49:01.431+0100] {dag.py:3239} INFO - Sync 3 DAGs
[2026-03-18T16:49:01.451+0100] {logging_mixin.py:190} INFO - [2026-03-18T16:49:01.451+0100] {dag.py:4180} INFO - Setting next_dagrun for dataset_with_extra_by_context to 2026-03-17 00:00:00+00:00, run_after=2026-03-18 00:00:00+00:00
[2026-03-18T16:49:01.455+0100] {logging_mixin.py:190} INFO - [2026-03-18T16:49:01.455+0100] {dag.py:4180} INFO - Setting next_dagrun for dataset_with_extra_by_yield to 2026-03-17 00:00:00+00:00, run_after=2026-03-18 00:00:00+00:00
[2026-03-18T16:49:01.458+0100] {logging_mixin.py:190} INFO - [2026-03-18T16:49:01.457+0100] {dag.py:4180} INFO - Setting next_dagrun for dataset_with_extra_from_classic_operator to 2026-03-17 00:00:00+00:00, run_after=2026-03-18 00:00:00+00:00
[2026-03-18T16:49:01.475+0100] {processor.py:208} INFO - Processing /Users/atanasivanov/ipo-intel/ipo-intel/.venv_airflow/lib/python3.11/site-packages/airflow/example_dags/example_outlet_event_extra.py took 0.245 seconds
[2026-03-18T16:51:32.007+0100] {processor.py:186} INFO - Started process (PID=53980) to work on /Users/atanasivanov/ipo-intel/ipo-intel/.venv_airflow/lib/python3.11/site-packages/airflow/example_dags/example_outlet_event_extra.py
[2026-03-18T16:51:32.008+0100] {processor.py:914} INFO - Processing file /Users/atanasivanov/ipo-intel/ipo-intel/.venv_airflow/lib/python3.11/site-packages/airflow/example_dags/example_outlet_event_extra.py for tasks to queue
[2026-03-18T16:51:32.009+0100] {logging_mixin.py:190} INFO - [2026-03-18T16:51:32.009+0100] {dagbag.py:588} INFO - Filling up the DagBag from /Users/atanasivanov/ipo-intel/ipo-intel/.venv_airflow/lib/python3.11/site-packages/airflow/example_dags/example_outlet_event_extra.py
[2026-03-18T16:51:32.089+0100] {processor.py:925} INFO - DAG(s) 'dataset_with_extra_from_classic_operator', 'dataset_with_extra_by_yield', 'dataset_with_extra_by_context' retrieved from /Users/atanasivanov/ipo-intel/ipo-intel/.venv_airflow/lib/python3.11/site-packages/airflow/example_dags/example_outlet_event_extra.py
[2026-03-18T16:51:32.217+0100] {logging_mixin.py:190} INFO - [2026-03-18T16:51:32.217+0100] {dag.py:3239} INFO - Sync 3 DAGs
[2026-03-18T16:51:32.235+0100] {logging_mixin.py:190} INFO - [2026-03-18T16:51:32.235+0100] {dag.py:4180} INFO - Setting next_dagrun for dataset_with_extra_by_context to 2026-03-17 00:00:00+00:00, run_after=2026-03-18 00:00:00+00:00
[2026-03-18T16:51:32.239+0100] {logging_mixin.py:190} INFO - [2026-03-18T16:51:32.239+0100] {dag.py:4180} INFO - Setting next_dagrun for dataset_with_extra_by_yield to 2026-03-17 00:00:00+00:00, run_after=2026-03-18 00:00:00+00:00
[2026-03-18T16:51:32.241+0100] {logging_mixin.py:190} INFO - [2026-03-18T16:51:32.241+0100] {dag.py:4180} INFO - Setting next_dagrun for dataset_with_extra_from_classic_operator to 2026-03-17 00:00:00+00:00, run_after=2026-03-18 00:00:00+00:00
[2026-03-18T16:51:32.256+0100] {processor.py:208} INFO - Processing /Users/atanasivanov/ipo-intel/ipo-intel/.venv_airflow/lib/python3.11/site-packages/airflow/example_dags/example_outlet_event_extra.py took 0.255 seconds
[2026-03-18T16:53:35.506+0100] {processor.py:186} INFO - Started process (PID=54458) to work on /Users/atanasivanov/ipo-intel/ipo-intel/.venv_airflow/lib/python3.11/site-packages/airflow/example_dags/example_outlet_event_extra.py
[2026-03-18T16:53:35.507+0100] {processor.py:914} INFO - Processing file /Users/atanasivanov/ipo-intel/ipo-intel/.venv_airflow/lib/python3.11/site-packages/airflow/example_dags/example_outlet_event_extra.py for tasks to queue
[2026-03-18T16:53:35.508+0100] {logging_mixin.py:190} INFO - [2026-03-18T16:53:35.508+0100] {dagbag.py:588} INFO - Filling up the DagBag from /Users/atanasivanov/ipo-intel/ipo-intel/.venv_airflow/lib/python3.11/site-packages/airflow/example_dags/example_outlet_event_extra.py
[2026-03-18T16:53:35.575+0100] {processor.py:925} INFO - DAG(s) 'dataset_with_extra_by_context', 'dataset_with_extra_from_classic_operator', 'dataset_with_extra_by_yield' retrieved from /Users/atanasivanov/ipo-intel/ipo-intel/.venv_airflow/lib/python3.11/site-packages/airflow/example_dags/example_outlet_event_extra.py
[2026-03-18T16:53:35.706+0100] {logging_mixin.py:190} INFO - [2026-03-18T16:53:35.706+0100] {dag.py:3239} INFO - Sync 3 DAGs
[2026-03-18T16:53:35.726+0100] {logging_mixin.py:190} INFO - [2026-03-18T16:53:35.726+0100] {dag.py:4180} INFO - Setting next_dagrun for dataset_with_extra_by_context to 2026-03-17 00:00:00+00:00, run_after=2026-03-18 00:00:00+00:00
[2026-03-18T16:53:35.730+0100] {logging_mixin.py:190} INFO - [2026-03-18T16:53:35.730+0100] {dag.py:4180} INFO - Setting next_dagrun for dataset_with_extra_by_yield to 2026-03-17 00:00:00+00:00, run_after=2026-03-18 00:00:00+00:00
[2026-03-18T16:53:35.733+0100] {logging_mixin.py:190} INFO - [2026-03-18T16:53:35.733+0100] {dag.py:4180} INFO - Setting next_dagrun for dataset_with_extra_from_classic_operator to 2026-03-17 00:00:00+00:00, run_after=2026-03-18 00:00:00+00:00
[2026-03-18T16:53:35.750+0100] {processor.py:208} INFO - Processing /Users/atanasivanov/ipo-intel/ipo-intel/.venv_airflow/lib/python3.11/site-packages/airflow/example_dags/example_outlet_event_extra.py took 0.249 seconds
[2026-03-18T16:55:43.037+0100] {processor.py:186} INFO - Started process (PID=55193) to work on /Users/atanasivanov/ipo-intel/ipo-intel/.venv_airflow/lib/python3.11/site-packages/airflow/example_dags/example_outlet_event_extra.py
[2026-03-18T16:55:43.039+0100] {processor.py:914} INFO - Processing file /Users/atanasivanov/ipo-intel/ipo-intel/.venv_airflow/lib/python3.11/site-packages/airflow/example_dags/example_outlet_event_extra.py for tasks to queue
[2026-03-18T16:55:43.041+0100] {logging_mixin.py:190} INFO - [2026-03-18T16:55:43.040+0100] {dagbag.py:588} INFO - Filling up the DagBag from /Users/atanasivanov/ipo-intel/ipo-intel/.venv_airflow/lib/python3.11/site-packages/airflow/example_dags/example_outlet_event_extra.py
[2026-03-18T16:55:43.128+0100] {processor.py:925} INFO - DAG(s) 'dataset_with_extra_by_yield', 'dataset_with_extra_by_context', 'dataset_with_extra_from_classic_operator' retrieved from /Users/atanasivanov/ipo-intel/ipo-intel/.venv_airflow/lib/python3.11/site-packages/airflow/example_dags/example_outlet_event_extra.py
[2026-03-18T16:55:43.284+0100] {logging_mixin.py:190} INFO - [2026-03-18T16:55:43.284+0100] {dag.py:3239} INFO - Sync 3 DAGs
[2026-03-18T16:55:43.304+0100] {logging_mixin.py:190} INFO - [2026-03-18T16:55:43.304+0100] {dag.py:4180} INFO - Setting next_dagrun for dataset_with_extra_by_context to 2026-03-17 00:00:00+00:00, run_after=2026-03-18 00:00:00+00:00
[2026-03-18T16:55:43.309+0100] {logging_mixin.py:190} INFO - [2026-03-18T16:55:43.309+0100] {dag.py:4180} INFO - Setting next_dagrun for dataset_with_extra_by_yield to 2026-03-17 00:00:00+00:00, run_after=2026-03-18 00:00:00+00:00
[2026-03-18T16:55:43.311+0100] {logging_mixin.py:190} INFO - [2026-03-18T16:55:43.311+0100] {dag.py:4180} INFO - Setting next_dagrun for dataset_with_extra_from_classic_operator to 2026-03-17 00:00:00+00:00, run_after=2026-03-18 00:00:00+00:00
[2026-03-18T16:55:43.329+0100] {processor.py:208} INFO - Processing /Users/atanasivanov/ipo-intel/ipo-intel/.venv_airflow/lib/python3.11/site-packages/airflow/example_dags/example_outlet_event_extra.py took 0.300 seconds
[2026-03-18T16:57:45.230+0100] {processor.py:186} INFO - Started process (PID=55664) to work on /Users/atanasivanov/ipo-intel/ipo-intel/.venv_airflow/lib/python3.11/site-packages/airflow/example_dags/example_outlet_event_extra.py
[2026-03-18T16:57:45.231+0100] {processor.py:914} INFO - Processing file /Users/atanasivanov/ipo-intel/ipo-intel/.venv_airflow/lib/python3.11/site-packages/airflow/example_dags/example_outlet_event_extra.py for tasks to queue
[2026-03-18T16:57:45.232+0100] {logging_mixin.py:190} INFO - [2026-03-18T16:57:45.232+0100] {dagbag.py:588} INFO - Filling up the DagBag from /Users/atanasivanov/ipo-intel/ipo-intel/.venv_airflow/lib/python3.11/site-packages/airflow/example_dags/example_outlet_event_extra.py
[2026-03-18T16:57:45.302+0100] {processor.py:925} INFO - DAG(s) 'dataset_with_extra_from_classic_operator', 'dataset_with_extra_by_yield', 'dataset_with_extra_by_context' retrieved from /Users/atanasivanov/ipo-intel/ipo-intel/.venv_airflow/lib/python3.11/site-packages/airflow/example_dags/example_outlet_event_extra.py
[2026-03-18T16:57:45.436+0100] {logging_mixin.py:190} INFO - [2026-03-18T16:57:45.435+0100] {dag.py:3239} INFO - Sync 3 DAGs
[2026-03-18T16:57:45.455+0100] {logging_mixin.py:190} INFO - [2026-03-18T16:57:45.455+0100] {dag.py:4180} INFO - Setting next_dagrun for dataset_with_extra_by_context to 2026-03-17 00:00:00+00:00, run_after=2026-03-18 00:00:00+00:00
[2026-03-18T16:57:45.459+0100] {logging_mixin.py:190} INFO - [2026-03-18T16:57:45.459+0100] {dag.py:4180} INFO - Setting next_dagrun for dataset_with_extra_by_yield to 2026-03-17 00:00:00+00:00, run_after=2026-03-18 00:00:00+00:00
[2026-03-18T16:57:45.462+0100] {logging_mixin.py:190} INFO - [2026-03-18T16:57:45.461+0100] {dag.py:4180} INFO - Setting next_dagrun for dataset_with_extra_from_classic_operator to 2026-03-17 00:00:00+00:00, run_after=2026-03-18 00:00:00+00:00
[2026-03-18T16:57:45.479+0100] {processor.py:208} INFO - Processing /Users/atanasivanov/ipo-intel/ipo-intel/.venv_airflow/lib/python3.11/site-packages/airflow/example_dags/example_outlet_event_extra.py took 0.254 seconds
[2026-03-18T16:59:50.786+0100] {processor.py:186} INFO - Started process (PID=56110) to work on /Users/atanasivanov/ipo-intel/ipo-intel/.venv_airflow/lib/python3.11/site-packages/airflow/example_dags/example_outlet_event_extra.py
[2026-03-18T16:59:50.787+0100] {processor.py:914} INFO - Processing file /Users/atanasivanov/ipo-intel/ipo-intel/.venv_airflow/lib/python3.11/site-packages/airflow/example_dags/example_outlet_event_extra.py for tasks to queue
[2026-03-18T16:59:50.788+0100] {logging_mixin.py:190} INFO - [2026-03-18T16:59:50.788+0100] {dagbag.py:588} INFO - Filling up the DagBag from /Users/atanasivanov/ipo-intel/ipo-intel/.venv_airflow/lib/python3.11/site-packages/airflow/example_dags/example_outlet_event_extra.py
[2026-03-18T16:59:50.872+0100] {processor.py:925} INFO - DAG(s) 'dataset_with_extra_by_context', 'dataset_with_extra_by_yield', 'dataset_with_extra_from_classic_operator' retrieved from /Users/atanasivanov/ipo-intel/ipo-intel/.venv_airflow/lib/python3.11/site-packages/airflow/example_dags/example_outlet_event_extra.py
[2026-03-18T16:59:51.011+0100] {logging_mixin.py:190} INFO - [2026-03-18T16:59:51.011+0100] {dag.py:3239} INFO - Sync 3 DAGs
[2026-03-18T16:59:51.032+0100] {logging_mixin.py:190} INFO - [2026-03-18T16:59:51.031+0100] {dag.py:4180} INFO - Setting next_dagrun for dataset_with_extra_by_context to 2026-03-17 00:00:00+00:00, run_after=2026-03-18 00:00:00+00:00
[2026-03-18T16:59:51.037+0100] {logging_mixin.py:190} INFO - [2026-03-18T16:59:51.036+0100] {dag.py:4180} INFO - Setting next_dagrun for dataset_with_extra_by_yield to 2026-03-17 00:00:00+00:00, run_after=2026-03-18 00:00:00+00:00
[2026-03-18T16:59:51.039+0100] {logging_mixin.py:190} INFO - [2026-03-18T16:59:51.039+0100] {dag.py:4180} INFO - Setting next_dagrun for dataset_with_extra_from_classic_operator to 2026-03-17 00:00:00+00:00, run_after=2026-03-18 00:00:00+00:00
[2026-03-18T16:59:51.056+0100] {processor.py:208} INFO - Processing /Users/atanasivanov/ipo-intel/ipo-intel/.venv_airflow/lib/python3.11/site-packages/airflow/example_dags/example_outlet_event_extra.py took 0.277 seconds
[2026-03-18T17:01:46.956+0100] {processor.py:186} INFO - Started process (PID=56534) to work on /Users/atanasivanov/ipo-intel/ipo-intel/.venv_airflow/lib/python3.11/site-packages/airflow/example_dags/example_outlet_event_extra.py
[2026-03-18T17:01:46.957+0100] {processor.py:914} INFO - Processing file /Users/atanasivanov/ipo-intel/ipo-intel/.venv_airflow/lib/python3.11/site-packages/airflow/example_dags/example_outlet_event_extra.py for tasks to queue
[2026-03-18T17:01:46.958+0100] {logging_mixin.py:190} INFO - [2026-03-18T17:01:46.958+0100] {dagbag.py:588} INFO - Filling up the DagBag from /Users/atanasivanov/ipo-intel/ipo-intel/.venv_airflow/lib/python3.11/site-packages/airflow/example_dags/example_outlet_event_extra.py
[2026-03-18T17:01:47.019+0100] {processor.py:925} INFO - DAG(s) 'dataset_with_extra_from_classic_operator', 'dataset_with_extra_by_yield', 'dataset_with_extra_by_context' retrieved from /Users/atanasivanov/ipo-intel/ipo-intel/.venv_airflow/lib/python3.11/site-packages/airflow/example_dags/example_outlet_event_extra.py
[2026-03-18T17:01:47.144+0100] {logging_mixin.py:190} INFO - [2026-03-18T17:01:47.144+0100] {dag.py:3239} INFO - Sync 3 DAGs
[2026-03-18T17:01:47.162+0100] {logging_mixin.py:190} INFO - [2026-03-18T17:01:47.162+0100] {dag.py:4180} INFO - Setting next_dagrun for dataset_with_extra_by_context to 2026-03-17 00:00:00+00:00, run_after=2026-03-18 00:00:00+00:00
[2026-03-18T17:01:47.166+0100] {logging_mixin.py:190} INFO - [2026-03-18T17:01:47.166+0100] {dag.py:4180} INFO - Setting next_dagrun for dataset_with_extra_by_yield to 2026-03-17 00:00:00+00:00, run_after=2026-03-18 00:00:00+00:00
[2026-03-18T17:01:47.168+0100] {logging_mixin.py:190} INFO - [2026-03-18T17:01:47.168+0100] {dag.py:4180} INFO - Setting next_dagrun for dataset_with_extra_from_classic_operator to 2026-03-17 00:00:00+00:00, run_after=2026-03-18 00:00:00+00:00
[2026-03-18T17:01:47.183+0100] {processor.py:208} INFO - Processing /Users/atanasivanov/ipo-intel/ipo-intel/.venv_airflow/lib/python3.11/site-packages/airflow/example_dags/example_outlet_event_extra.py took 0.232 seconds
[2026-03-18T17:03:45.572+0100] {processor.py:186} INFO - Started process (PID=56970) to work on /Users/atanasivanov/ipo-intel/ipo-intel/.venv_airflow/lib/python3.11/site-packages/airflow/example_dags/example_outlet_event_extra.py
[2026-03-18T17:03:45.573+0100] {processor.py:914} INFO - Processing file /Users/atanasivanov/ipo-intel/ipo-intel/.venv_airflow/lib/python3.11/site-packages/airflow/example_dags/example_outlet_event_extra.py for tasks to queue
[2026-03-18T17:03:45.573+0100] {logging_mixin.py:190} INFO - [2026-03-18T17:03:45.573+0100] {dagbag.py:588} INFO - Filling up the DagBag from /Users/atanasivanov/ipo-intel/ipo-intel/.venv_airflow/lib/python3.11/site-packages/airflow/example_dags/example_outlet_event_extra.py
[2026-03-18T17:03:45.639+0100] {processor.py:925} INFO - DAG(s) 'dataset_with_extra_by_context', 'dataset_with_extra_by_yield', 'dataset_with_extra_from_classic_operator' retrieved from /Users/atanasivanov/ipo-intel/ipo-intel/.venv_airflow/lib/python3.11/site-packages/airflow/example_dags/example_outlet_event_extra.py
[2026-03-18T17:03:45.766+0100] {logging_mixin.py:190} INFO - [2026-03-18T17:03:45.766+0100] {dag.py:3239} INFO - Sync 3 DAGs
[2026-03-18T17:03:45.784+0100] {logging_mixin.py:190} INFO - [2026-03-18T17:03:45.784+0100] {dag.py:4180} INFO - Setting next_dagrun for dataset_with_extra_by_context to 2026-03-17 00:00:00+00:00, run_after=2026-03-18 00:00:00+00:00
[2026-03-18T17:03:45.788+0100] {logging_mixin.py:190} INFO - [2026-03-18T17:03:45.788+0100] {dag.py:4180} INFO - Setting next_dagrun for dataset_with_extra_by_yield to 2026-03-17 00:00:00+00:00, run_after=2026-03-18 00:00:00+00:00
[2026-03-18T17:03:45.790+0100] {logging_mixin.py:190} INFO - [2026-03-18T17:03:45.790+0100] {dag.py:4180} INFO - Setting next_dagrun for dataset_with_extra_from_classic_operator to 2026-03-17 00:00:00+00:00, run_after=2026-03-18 00:00:00+00:00
[2026-03-18T17:03:45.805+0100] {processor.py:208} INFO - Processing /Users/atanasivanov/ipo-intel/ipo-intel/.venv_airflow/lib/python3.11/site-packages/airflow/example_dags/example_outlet_event_extra.py took 0.239 seconds
[2026-03-18T17:07:34.629+0100] {processor.py:186} INFO - Started process (PID=57813) to work on /Users/atanasivanov/ipo-intel/ipo-intel/.venv_airflow/lib/python3.11/site-packages/airflow/example_dags/example_outlet_event_extra.py
[2026-03-18T17:07:34.630+0100] {processor.py:914} INFO - Processing file /Users/atanasivanov/ipo-intel/ipo-intel/.venv_airflow/lib/python3.11/site-packages/airflow/example_dags/example_outlet_event_extra.py for tasks to queue
[2026-03-18T17:07:34.631+0100] {logging_mixin.py:190} INFO - [2026-03-18T17:07:34.631+0100] {dagbag.py:588} INFO - Filling up the DagBag from /Users/atanasivanov/ipo-intel/ipo-intel/.venv_airflow/lib/python3.11/site-packages/airflow/example_dags/example_outlet_event_extra.py
[2026-03-18T17:07:34.696+0100] {processor.py:925} INFO - DAG(s) 'dataset_with_extra_by_context', 'dataset_with_extra_from_classic_operator', 'dataset_with_extra_by_yield' retrieved from /Users/atanasivanov/ipo-intel/ipo-intel/.venv_airflow/lib/python3.11/site-packages/airflow/example_dags/example_outlet_event_extra.py
[2026-03-18T17:07:34.827+0100] {logging_mixin.py:190} INFO - [2026-03-18T17:07:34.827+0100] {dag.py:3239} INFO - Sync 3 DAGs
[2026-03-18T17:07:34.846+0100] {logging_mixin.py:190} INFO - [2026-03-18T17:07:34.846+0100] {dag.py:4180} INFO - Setting next_dagrun for dataset_with_extra_by_context to 2026-03-17 00:00:00+00:00, run_after=2026-03-18 00:00:00+00:00
[2026-03-18T17:07:34.850+0100] {logging_mixin.py:190} INFO - [2026-03-18T17:07:34.850+0100] {dag.py:4180} INFO - Setting next_dagrun for dataset_with_extra_by_yield to 2026-03-17 00:00:00+00:00, run_after=2026-03-18 00:00:00+00:00
[2026-03-18T17:07:34.852+0100] {logging_mixin.py:190} INFO - [2026-03-18T17:07:34.852+0100] {dag.py:4180} INFO - Setting next_dagrun for dataset_with_extra_from_classic_operator to 2026-03-17 00:00:00+00:00, run_after=2026-03-18 00:00:00+00:00
[2026-03-18T17:07:34.870+0100] {processor.py:208} INFO - Processing /Users/atanasivanov/ipo-intel/ipo-intel/.venv_airflow/lib/python3.11/site-packages/airflow/example_dags/example_outlet_event_extra.py took 0.245 seconds
[2026-03-18T17:11:33.545+0100] {processor.py:186} INFO - Started process (PID=58755) to work on /Users/atanasivanov/ipo-intel/ipo-intel/.venv_airflow/lib/python3.11/site-packages/airflow/example_dags/example_outlet_event_extra.py
[2026-03-18T17:11:33.546+0100] {processor.py:914} INFO - Processing file /Users/atanasivanov/ipo-intel/ipo-intel/.venv_airflow/lib/python3.11/site-packages/airflow/example_dags/example_outlet_event_extra.py for tasks to queue
[2026-03-18T17:11:33.547+0100] {logging_mixin.py:190} INFO - [2026-03-18T17:11:33.547+0100] {dagbag.py:588} INFO - Filling up the DagBag from /Users/atanasivanov/ipo-intel/ipo-intel/.venv_airflow/lib/python3.11/site-packages/airflow/example_dags/example_outlet_event_extra.py
[2026-03-18T17:11:33.609+0100] {processor.py:925} INFO - DAG(s) 'dataset_with_extra_by_context', 'dataset_with_extra_from_classic_operator', 'dataset_with_extra_by_yield' retrieved from /Users/atanasivanov/ipo-intel/ipo-intel/.venv_airflow/lib/python3.11/site-packages/airflow/example_dags/example_outlet_event_extra.py
[2026-03-18T17:11:33.734+0100] {logging_mixin.py:190} INFO - [2026-03-18T17:11:33.734+0100] {dag.py:3239} INFO - Sync 3 DAGs
[2026-03-18T17:11:33.753+0100] {logging_mixin.py:190} INFO - [2026-03-18T17:11:33.753+0100] {dag.py:4180} INFO - Setting next_dagrun for dataset_with_extra_by_context to 2026-03-17 00:00:00+00:00, run_after=2026-03-18 00:00:00+00:00
[2026-03-18T17:11:33.757+0100] {logging_mixin.py:190} INFO - [2026-03-18T17:11:33.757+0100] {dag.py:4180} INFO - Setting next_dagrun for dataset_with_extra_by_yield to 2026-03-17 00:00:00+00:00, run_after=2026-03-18 00:00:00+00:00
[2026-03-18T17:11:33.759+0100] {logging_mixin.py:190} INFO - [2026-03-18T17:11:33.759+0100] {dag.py:4180} INFO - Setting next_dagrun for dataset_with_extra_from_classic_operator to 2026-03-17 00:00:00+00:00, run_after=2026-03-18 00:00:00+00:00
[2026-03-18T17:11:33.776+0100] {processor.py:208} INFO - Processing /Users/atanasivanov/ipo-intel/ipo-intel/.venv_airflow/lib/python3.11/site-packages/airflow/example_dags/example_outlet_event_extra.py took 0.236 seconds
[2026-03-18T17:13:40.696+0100] {processor.py:186} INFO - Started process (PID=59513) to work on /Users/atanasivanov/ipo-intel/ipo-intel/.venv_airflow/lib/python3.11/site-packages/airflow/example_dags/example_outlet_event_extra.py
[2026-03-18T17:13:40.697+0100] {processor.py:914} INFO - Processing file /Users/atanasivanov/ipo-intel/ipo-intel/.venv_airflow/lib/python3.11/site-packages/airflow/example_dags/example_outlet_event_extra.py for tasks to queue
[2026-03-18T17:13:40.698+0100] {logging_mixin.py:190} INFO - [2026-03-18T17:13:40.698+0100] {dagbag.py:588} INFO - Filling up the DagBag from /Users/atanasivanov/ipo-intel/ipo-intel/.venv_airflow/lib/python3.11/site-packages/airflow/example_dags/example_outlet_event_extra.py
[2026-03-18T17:13:40.776+0100] {processor.py:925} INFO - DAG(s) 'dataset_with_extra_from_classic_operator', 'dataset_with_extra_by_context', 'dataset_with_extra_by_yield' retrieved from /Users/atanasivanov/ipo-intel/ipo-intel/.venv_airflow/lib/python3.11/site-packages/airflow/example_dags/example_outlet_event_extra.py
[2026-03-18T17:13:40.923+0100] {logging_mixin.py:190} INFO - [2026-03-18T17:13:40.923+0100] {dag.py:3239} INFO - Sync 3 DAGs
[2026-03-18T17:13:40.943+0100] {logging_mixin.py:190} INFO - [2026-03-18T17:13:40.943+0100] {dag.py:4180} INFO - Setting next_dagrun for dataset_with_extra_by_context to 2026-03-17 00:00:00+00:00, run_after=2026-03-18 00:00:00+00:00
[2026-03-18T17:13:40.947+0100] {logging_mixin.py:190} INFO - [2026-03-18T17:13:40.947+0100] {dag.py:4180} INFO - Setting next_dagrun for dataset_with_extra_by_yield to 2026-03-17 00:00:00+00:00, run_after=2026-03-18 00:00:00+00:00
[2026-03-18T17:13:40.949+0100] {logging_mixin.py:190} INFO - [2026-03-18T17:13:40.949+0100] {dag.py:4180} INFO - Setting next_dagrun for dataset_with_extra_from_classic_operator to 2026-03-17 00:00:00+00:00, run_after=2026-03-18 00:00:00+00:00
[2026-03-18T17:13:40.967+0100] {processor.py:208} INFO - Processing /Users/atanasivanov/ipo-intel/ipo-intel/.venv_airflow/lib/python3.11/site-packages/airflow/example_dags/example_outlet_event_extra.py took 0.275 seconds
[2026-03-18T17:15:42.326+0100] {processor.py:186} INFO - Started process (PID=61159) to work on /Users/atanasivanov/ipo-intel/ipo-intel/.venv_airflow/lib/python3.11/site-packages/airflow/example_dags/example_outlet_event_extra.py
[2026-03-18T17:15:42.327+0100] {processor.py:914} INFO - Processing file /Users/atanasivanov/ipo-intel/ipo-intel/.venv_airflow/lib/python3.11/site-packages/airflow/example_dags/example_outlet_event_extra.py for tasks to queue
[2026-03-18T17:15:42.328+0100] {logging_mixin.py:190} INFO - [2026-03-18T17:15:42.328+0100] {dagbag.py:588} INFO - Filling up the DagBag from /Users/atanasivanov/ipo-intel/ipo-intel/.venv_airflow/lib/python3.11/site-packages/airflow/example_dags/example_outlet_event_extra.py
[2026-03-18T17:15:42.403+0100] {processor.py:925} INFO - DAG(s) 'dataset_with_extra_by_yield', 'dataset_with_extra_by_context', 'dataset_with_extra_from_classic_operator' retrieved from /Users/atanasivanov/ipo-intel/ipo-intel/.venv_airflow/lib/python3.11/site-packages/airflow/example_dags/example_outlet_event_extra.py
[2026-03-18T17:15:42.618+0100] {logging_mixin.py:190} INFO - [2026-03-18T17:15:42.618+0100] {dag.py:3239} INFO - Sync 3 DAGs
[2026-03-18T17:15:42.639+0100] {logging_mixin.py:190} INFO - [2026-03-18T17:15:42.639+0100] {dag.py:4180} INFO - Setting next_dagrun for dataset_with_extra_by_context to 2026-03-17 00:00:00+00:00, run_after=2026-03-18 00:00:00+00:00
[2026-03-18T17:15:42.644+0100] {logging_mixin.py:190} INFO - [2026-03-18T17:15:42.644+0100] {dag.py:4180} INFO - Setting next_dagrun for dataset_with_extra_by_yield to 2026-03-17 00:00:00+00:00, run_after=2026-03-18 00:00:00+00:00
[2026-03-18T17:15:42.646+0100] {logging_mixin.py:190} INFO - [2026-03-18T17:15:42.646+0100] {dag.py:4180} INFO - Setting next_dagrun for dataset_with_extra_from_classic_operator to 2026-03-17 00:00:00+00:00, run_after=2026-03-18 00:00:00+00:00
[2026-03-18T17:15:42.665+0100] {processor.py:208} INFO - Processing /Users/atanasivanov/ipo-intel/ipo-intel/.venv_airflow/lib/python3.11/site-packages/airflow/example_dags/example_outlet_event_extra.py took 0.345 seconds
