[2026-03-18T16:21:07.036+0100] {processor.py:186} INFO - Started process (PID=45514) to work on /Users/atanasivanov/ipo-intel/ipo-intel/.venv_airflow/lib/python3.11/site-packages/airflow/example_dags/example_local_kubernetes_executor.py
[2026-03-18T16:21:07.037+0100] {processor.py:914} INFO - Processing file /Users/atanasivanov/ipo-intel/ipo-intel/.venv_airflow/lib/python3.11/site-packages/airflow/example_dags/example_local_kubernetes_executor.py for tasks to queue
[2026-03-18T16:21:07.039+0100] {logging_mixin.py:190} INFO - [2026-03-18T16:21:07.039+0100] {dagbag.py:588} INFO - Filling up the DagBag from /Users/atanasivanov/ipo-intel/ipo-intel/.venv_airflow/lib/python3.11/site-packages/airflow/example_dags/example_local_kubernetes_executor.py
[2026-03-18T16:21:07.074+0100] {logging_mixin.py:190} INFO - [2026-03-18T16:21:07.073+0100] {example_local_kubernetes_executor.py:40} WARNING - Could not import DAGs in example_local_kubernetes_executor.py
Traceback (most recent call last):
  File "/Users/atanasivanov/ipo-intel/ipo-intel/.venv_airflow/lib/python3.11/site-packages/airflow/example_dags/example_local_kubernetes_executor.py", line 38, in <module>
    from kubernetes.client import models as k8s
ModuleNotFoundError: No module named 'kubernetes'
[2026-03-18T16:21:07.074+0100] {logging_mixin.py:190} INFO - [2026-03-18T16:21:07.074+0100] {example_local_kubernetes_executor.py:41} WARNING - Install Kubernetes dependencies with: pip install apache-airflow[cncf.kubernetes]
[2026-03-18T16:21:07.074+0100] {processor.py:927} WARNING - No viable dags retrieved from /Users/atanasivanov/ipo-intel/ipo-intel/.venv_airflow/lib/python3.11/site-packages/airflow/example_dags/example_local_kubernetes_executor.py
[2026-03-18T16:21:07.153+0100] {processor.py:208} INFO - Processing /Users/atanasivanov/ipo-intel/ipo-intel/.venv_airflow/lib/python3.11/site-packages/airflow/example_dags/example_local_kubernetes_executor.py took 0.123 seconds
[2026-03-18T16:23:46.416+0100] {processor.py:186} INFO - Started process (PID=46111) to work on /Users/atanasivanov/ipo-intel/ipo-intel/.venv_airflow/lib/python3.11/site-packages/airflow/example_dags/example_local_kubernetes_executor.py
[2026-03-18T16:23:46.417+0100] {processor.py:914} INFO - Processing file /Users/atanasivanov/ipo-intel/ipo-intel/.venv_airflow/lib/python3.11/site-packages/airflow/example_dags/example_local_kubernetes_executor.py for tasks to queue
[2026-03-18T16:23:46.418+0100] {logging_mixin.py:190} INFO - [2026-03-18T16:23:46.418+0100] {dagbag.py:588} INFO - Filling up the DagBag from /Users/atanasivanov/ipo-intel/ipo-intel/.venv_airflow/lib/python3.11/site-packages/airflow/example_dags/example_local_kubernetes_executor.py
[2026-03-18T16:23:46.450+0100] {logging_mixin.py:190} INFO - [2026-03-18T16:23:46.449+0100] {example_local_kubernetes_executor.py:40} WARNING - Could not import DAGs in example_local_kubernetes_executor.py
Traceback (most recent call last):
  File "/Users/atanasivanov/ipo-intel/ipo-intel/.venv_airflow/lib/python3.11/site-packages/airflow/example_dags/example_local_kubernetes_executor.py", line 38, in <module>
    from kubernetes.client import models as k8s
ModuleNotFoundError: No module named 'kubernetes'
[2026-03-18T16:23:46.450+0100] {logging_mixin.py:190} INFO - [2026-03-18T16:23:46.450+0100] {example_local_kubernetes_executor.py:41} WARNING - Install Kubernetes dependencies with: pip install apache-airflow[cncf.kubernetes]
[2026-03-18T16:23:46.451+0100] {processor.py:927} WARNING - No viable dags retrieved from /Users/atanasivanov/ipo-intel/ipo-intel/.venv_airflow/lib/python3.11/site-packages/airflow/example_dags/example_local_kubernetes_executor.py
[2026-03-18T16:23:46.518+0100] {processor.py:208} INFO - Processing /Users/atanasivanov/ipo-intel/ipo-intel/.venv_airflow/lib/python3.11/site-packages/airflow/example_dags/example_local_kubernetes_executor.py took 0.107 seconds
[2026-03-18T16:27:53.084+0100] {processor.py:186} INFO - Started process (PID=47708) to work on /Users/atanasivanov/ipo-intel/ipo-intel/.venv_airflow/lib/python3.11/site-packages/airflow/example_dags/example_local_kubernetes_executor.py
[2026-03-18T16:27:53.085+0100] {processor.py:914} INFO - Processing file /Users/atanasivanov/ipo-intel/ipo-intel/.venv_airflow/lib/python3.11/site-packages/airflow/example_dags/example_local_kubernetes_executor.py for tasks to queue
[2026-03-18T16:27:53.087+0100] {logging_mixin.py:190} INFO - [2026-03-18T16:27:53.086+0100] {dagbag.py:588} INFO - Filling up the DagBag from /Users/atanasivanov/ipo-intel/ipo-intel/.venv_airflow/lib/python3.11/site-packages/airflow/example_dags/example_local_kubernetes_executor.py
[2026-03-18T16:27:53.127+0100] {logging_mixin.py:190} INFO - [2026-03-18T16:27:53.127+0100] {example_local_kubernetes_executor.py:40} WARNING - Could not import DAGs in example_local_kubernetes_executor.py
Traceback (most recent call last):
  File "/Users/atanasivanov/ipo-intel/ipo-intel/.venv_airflow/lib/python3.11/site-packages/airflow/example_dags/example_local_kubernetes_executor.py", line 38, in <module>
    from kubernetes.client import models as k8s
ModuleNotFoundError: No module named 'kubernetes'
[2026-03-18T16:27:53.128+0100] {logging_mixin.py:190} INFO - [2026-03-18T16:27:53.128+0100] {example_local_kubernetes_executor.py:41} WARNING - Install Kubernetes dependencies with: pip install apache-airflow[cncf.kubernetes]
[2026-03-18T16:27:53.128+0100] {processor.py:927} WARNING - No viable dags retrieved from /Users/atanasivanov/ipo-intel/ipo-intel/.venv_airflow/lib/python3.11/site-packages/airflow/example_dags/example_local_kubernetes_executor.py
[2026-03-18T16:27:53.211+0100] {processor.py:208} INFO - Processing /Users/atanasivanov/ipo-intel/ipo-intel/.venv_airflow/lib/python3.11/site-packages/airflow/example_dags/example_local_kubernetes_executor.py took 0.132 seconds
[2026-03-18T16:31:46.131+0100] {processor.py:186} INFO - Started process (PID=48563) to work on /Users/atanasivanov/ipo-intel/ipo-intel/.venv_airflow/lib/python3.11/site-packages/airflow/example_dags/example_local_kubernetes_executor.py
[2026-03-18T16:31:46.132+0100] {processor.py:914} INFO - Processing file /Users/atanasivanov/ipo-intel/ipo-intel/.venv_airflow/lib/python3.11/site-packages/airflow/example_dags/example_local_kubernetes_executor.py for tasks to queue
[2026-03-18T16:31:46.133+0100] {logging_mixin.py:190} INFO - [2026-03-18T16:31:46.132+0100] {dagbag.py:588} INFO - Filling up the DagBag from /Users/atanasivanov/ipo-intel/ipo-intel/.venv_airflow/lib/python3.11/site-packages/airflow/example_dags/example_local_kubernetes_executor.py
[2026-03-18T16:31:46.164+0100] {logging_mixin.py:190} INFO - [2026-03-18T16:31:46.163+0100] {example_local_kubernetes_executor.py:40} WARNING - Could not import DAGs in example_local_kubernetes_executor.py
Traceback (most recent call last):
  File "/Users/atanasivanov/ipo-intel/ipo-intel/.venv_airflow/lib/python3.11/site-packages/airflow/example_dags/example_local_kubernetes_executor.py", line 38, in <module>
    from kubernetes.client import models as k8s
ModuleNotFoundError: No module named 'kubernetes'
[2026-03-18T16:31:46.164+0100] {logging_mixin.py:190} INFO - [2026-03-18T16:31:46.164+0100] {example_local_kubernetes_executor.py:41} WARNING - Install Kubernetes dependencies with: pip install apache-airflow[cncf.kubernetes]
[2026-03-18T16:31:46.164+0100] {processor.py:927} WARNING - No viable dags retrieved from /Users/atanasivanov/ipo-intel/ipo-intel/.venv_airflow/lib/python3.11/site-packages/airflow/example_dags/example_local_kubernetes_executor.py
[2026-03-18T16:31:46.230+0100] {processor.py:208} INFO - Processing /Users/atanasivanov/ipo-intel/ipo-intel/.venv_airflow/lib/python3.11/site-packages/airflow/example_dags/example_local_kubernetes_executor.py took 0.104 seconds
[2026-03-18T16:35:36.037+0100] {processor.py:186} INFO - Started process (PID=49404) to work on /Users/atanasivanov/ipo-intel/ipo-intel/.venv_airflow/lib/python3.11/site-packages/airflow/example_dags/example_local_kubernetes_executor.py
[2026-03-18T16:35:36.038+0100] {processor.py:914} INFO - Processing file /Users/atanasivanov/ipo-intel/ipo-intel/.venv_airflow/lib/python3.11/site-packages/airflow/example_dags/example_local_kubernetes_executor.py for tasks to queue
[2026-03-18T16:35:36.039+0100] {logging_mixin.py:190} INFO - [2026-03-18T16:35:36.039+0100] {dagbag.py:588} INFO - Filling up the DagBag from /Users/atanasivanov/ipo-intel/ipo-intel/.venv_airflow/lib/python3.11/site-packages/airflow/example_dags/example_local_kubernetes_executor.py
[2026-03-18T16:35:36.070+0100] {logging_mixin.py:190} INFO - [2026-03-18T16:35:36.070+0100] {example_local_kubernetes_executor.py:40} WARNING - Could not import DAGs in example_local_kubernetes_executor.py
Traceback (most recent call last):
  File "/Users/atanasivanov/ipo-intel/ipo-intel/.venv_airflow/lib/python3.11/site-packages/airflow/example_dags/example_local_kubernetes_executor.py", line 38, in <module>
    from kubernetes.client import models as k8s
ModuleNotFoundError: No module named 'kubernetes'
[2026-03-18T16:35:36.071+0100] {logging_mixin.py:190} INFO - [2026-03-18T16:35:36.071+0100] {example_local_kubernetes_executor.py:41} WARNING - Install Kubernetes dependencies with: pip install apache-airflow[cncf.kubernetes]
[2026-03-18T16:35:36.071+0100] {processor.py:927} WARNING - No viable dags retrieved from /Users/atanasivanov/ipo-intel/ipo-intel/.venv_airflow/lib/python3.11/site-packages/airflow/example_dags/example_local_kubernetes_executor.py
[2026-03-18T16:35:36.138+0100] {processor.py:208} INFO - Processing /Users/atanasivanov/ipo-intel/ipo-intel/.venv_airflow/lib/python3.11/site-packages/airflow/example_dags/example_local_kubernetes_executor.py took 0.105 seconds
[2026-03-18T16:39:21.273+0100] {processor.py:186} INFO - Started process (PID=50450) to work on /Users/atanasivanov/ipo-intel/ipo-intel/.venv_airflow/lib/python3.11/site-packages/airflow/example_dags/example_local_kubernetes_executor.py
[2026-03-18T16:39:21.274+0100] {processor.py:914} INFO - Processing file /Users/atanasivanov/ipo-intel/ipo-intel/.venv_airflow/lib/python3.11/site-packages/airflow/example_dags/example_local_kubernetes_executor.py for tasks to queue
[2026-03-18T16:39:21.275+0100] {logging_mixin.py:190} INFO - [2026-03-18T16:39:21.275+0100] {dagbag.py:588} INFO - Filling up the DagBag from /Users/atanasivanov/ipo-intel/ipo-intel/.venv_airflow/lib/python3.11/site-packages/airflow/example_dags/example_local_kubernetes_executor.py
[2026-03-18T16:39:21.305+0100] {logging_mixin.py:190} INFO - [2026-03-18T16:39:21.305+0100] {example_local_kubernetes_executor.py:40} WARNING - Could not import DAGs in example_local_kubernetes_executor.py
Traceback (most recent call last):
  File "/Users/atanasivanov/ipo-intel/ipo-intel/.venv_airflow/lib/python3.11/site-packages/airflow/example_dags/example_local_kubernetes_executor.py", line 38, in <module>
    from kubernetes.client import models as k8s
ModuleNotFoundError: No module named 'kubernetes'
[2026-03-18T16:39:21.306+0100] {logging_mixin.py:190} INFO - [2026-03-18T16:39:21.306+0100] {example_local_kubernetes_executor.py:41} WARNING - Install Kubernetes dependencies with: pip install apache-airflow[cncf.kubernetes]
[2026-03-18T16:39:21.306+0100] {processor.py:927} WARNING - No viable dags retrieved from /Users/atanasivanov/ipo-intel/ipo-intel/.venv_airflow/lib/python3.11/site-packages/airflow/example_dags/example_local_kubernetes_executor.py
[2026-03-18T16:39:21.375+0100] {processor.py:208} INFO - Processing /Users/atanasivanov/ipo-intel/ipo-intel/.venv_airflow/lib/python3.11/site-packages/airflow/example_dags/example_local_kubernetes_executor.py took 0.106 seconds
[2026-03-18T16:43:32.078+0100] {processor.py:186} INFO - Started process (PID=52271) to work on /Users/atanasivanov/ipo-intel/ipo-intel/.venv_airflow/lib/python3.11/site-packages/airflow/example_dags/example_local_kubernetes_executor.py
[2026-03-18T16:43:32.079+0100] {processor.py:914} INFO - Processing file /Users/atanasivanov/ipo-intel/ipo-intel/.venv_airflow/lib/python3.11/site-packages/airflow/example_dags/example_local_kubernetes_executor.py for tasks to queue
[2026-03-18T16:43:32.080+0100] {logging_mixin.py:190} INFO - [2026-03-18T16:43:32.080+0100] {dagbag.py:588} INFO - Filling up the DagBag from /Users/atanasivanov/ipo-intel/ipo-intel/.venv_airflow/lib/python3.11/site-packages/airflow/example_dags/example_local_kubernetes_executor.py
[2026-03-18T16:43:32.114+0100] {logging_mixin.py:190} INFO - [2026-03-18T16:43:32.113+0100] {example_local_kubernetes_executor.py:40} WARNING - Could not import DAGs in example_local_kubernetes_executor.py
Traceback (most recent call last):
  File "/Users/atanasivanov/ipo-intel/ipo-intel/.venv_airflow/lib/python3.11/site-packages/airflow/example_dags/example_local_kubernetes_executor.py", line 38, in <module>
    from kubernetes.client import models as k8s
ModuleNotFoundError: No module named 'kubernetes'
[2026-03-18T16:43:32.115+0100] {logging_mixin.py:190} INFO - [2026-03-18T16:43:32.114+0100] {example_local_kubernetes_executor.py:41} WARNING - Install Kubernetes dependencies with: pip install apache-airflow[cncf.kubernetes]
[2026-03-18T16:43:32.115+0100] {processor.py:927} WARNING - No viable dags retrieved from /Users/atanasivanov/ipo-intel/ipo-intel/.venv_airflow/lib/python3.11/site-packages/airflow/example_dags/example_local_kubernetes_executor.py
[2026-03-18T16:43:32.185+0100] {processor.py:208} INFO - Processing /Users/atanasivanov/ipo-intel/ipo-intel/.venv_airflow/lib/python3.11/site-packages/airflow/example_dags/example_local_kubernetes_executor.py took 0.111 seconds
[2026-03-18T16:49:06.632+0100] {processor.py:186} INFO - Started process (PID=53452) to work on /Users/atanasivanov/ipo-intel/ipo-intel/.venv_airflow/lib/python3.11/site-packages/airflow/example_dags/example_local_kubernetes_executor.py
[2026-03-18T16:49:06.633+0100] {processor.py:914} INFO - Processing file /Users/atanasivanov/ipo-intel/ipo-intel/.venv_airflow/lib/python3.11/site-packages/airflow/example_dags/example_local_kubernetes_executor.py for tasks to queue
[2026-03-18T16:49:06.634+0100] {logging_mixin.py:190} INFO - [2026-03-18T16:49:06.633+0100] {dagbag.py:588} INFO - Filling up the DagBag from /Users/atanasivanov/ipo-intel/ipo-intel/.venv_airflow/lib/python3.11/site-packages/airflow/example_dags/example_local_kubernetes_executor.py
[2026-03-18T16:49:06.664+0100] {logging_mixin.py:190} INFO - [2026-03-18T16:49:06.664+0100] {example_local_kubernetes_executor.py:40} WARNING - Could not import DAGs in example_local_kubernetes_executor.py
Traceback (most recent call last):
  File "/Users/atanasivanov/ipo-intel/ipo-intel/.venv_airflow/lib/python3.11/site-packages/airflow/example_dags/example_local_kubernetes_executor.py", line 38, in <module>
    from kubernetes.client import models as k8s
ModuleNotFoundError: No module named 'kubernetes'
[2026-03-18T16:49:06.664+0100] {logging_mixin.py:190} INFO - [2026-03-18T16:49:06.664+0100] {example_local_kubernetes_executor.py:41} WARNING - Install Kubernetes dependencies with: pip install apache-airflow[cncf.kubernetes]
[2026-03-18T16:49:06.665+0100] {processor.py:927} WARNING - No viable dags retrieved from /Users/atanasivanov/ipo-intel/ipo-intel/.venv_airflow/lib/python3.11/site-packages/airflow/example_dags/example_local_kubernetes_executor.py
[2026-03-18T16:49:06.730+0100] {processor.py:208} INFO - Processing /Users/atanasivanov/ipo-intel/ipo-intel/.venv_airflow/lib/python3.11/site-packages/airflow/example_dags/example_local_kubernetes_executor.py took 0.104 seconds
[2026-03-18T16:51:37.371+0100] {processor.py:186} INFO - Started process (PID=53997) to work on /Users/atanasivanov/ipo-intel/ipo-intel/.venv_airflow/lib/python3.11/site-packages/airflow/example_dags/example_local_kubernetes_executor.py
[2026-03-18T16:51:37.372+0100] {processor.py:914} INFO - Processing file /Users/atanasivanov/ipo-intel/ipo-intel/.venv_airflow/lib/python3.11/site-packages/airflow/example_dags/example_local_kubernetes_executor.py for tasks to queue
[2026-03-18T16:51:37.373+0100] {logging_mixin.py:190} INFO - [2026-03-18T16:51:37.373+0100] {dagbag.py:588} INFO - Filling up the DagBag from /Users/atanasivanov/ipo-intel/ipo-intel/.venv_airflow/lib/python3.11/site-packages/airflow/example_dags/example_local_kubernetes_executor.py
[2026-03-18T16:51:37.406+0100] {logging_mixin.py:190} INFO - [2026-03-18T16:51:37.405+0100] {example_local_kubernetes_executor.py:40} WARNING - Could not import DAGs in example_local_kubernetes_executor.py
Traceback (most recent call last):
  File "/Users/atanasivanov/ipo-intel/ipo-intel/.venv_airflow/lib/python3.11/site-packages/airflow/example_dags/example_local_kubernetes_executor.py", line 38, in <module>
    from kubernetes.client import models as k8s
ModuleNotFoundError: No module named 'kubernetes'
[2026-03-18T16:51:37.406+0100] {logging_mixin.py:190} INFO - [2026-03-18T16:51:37.406+0100] {example_local_kubernetes_executor.py:41} WARNING - Install Kubernetes dependencies with: pip install apache-airflow[cncf.kubernetes]
[2026-03-18T16:51:37.407+0100] {processor.py:927} WARNING - No viable dags retrieved from /Users/atanasivanov/ipo-intel/ipo-intel/.venv_airflow/lib/python3.11/site-packages/airflow/example_dags/example_local_kubernetes_executor.py
[2026-03-18T16:51:37.476+0100] {processor.py:208} INFO - Processing /Users/atanasivanov/ipo-intel/ipo-intel/.venv_airflow/lib/python3.11/site-packages/airflow/example_dags/example_local_kubernetes_executor.py took 0.109 seconds
[2026-03-18T16:55:48.379+0100] {processor.py:186} INFO - Started process (PID=55215) to work on /Users/atanasivanov/ipo-intel/ipo-intel/.venv_airflow/lib/python3.11/site-packages/airflow/example_dags/example_local_kubernetes_executor.py
[2026-03-18T16:55:48.381+0100] {processor.py:914} INFO - Processing file /Users/atanasivanov/ipo-intel/ipo-intel/.venv_airflow/lib/python3.11/site-packages/airflow/example_dags/example_local_kubernetes_executor.py for tasks to queue
[2026-03-18T16:55:48.382+0100] {logging_mixin.py:190} INFO - [2026-03-18T16:55:48.382+0100] {dagbag.py:588} INFO - Filling up the DagBag from /Users/atanasivanov/ipo-intel/ipo-intel/.venv_airflow/lib/python3.11/site-packages/airflow/example_dags/example_local_kubernetes_executor.py
[2026-03-18T16:55:48.419+0100] {logging_mixin.py:190} INFO - [2026-03-18T16:55:48.418+0100] {example_local_kubernetes_executor.py:40} WARNING - Could not import DAGs in example_local_kubernetes_executor.py
Traceback (most recent call last):
  File "/Users/atanasivanov/ipo-intel/ipo-intel/.venv_airflow/lib/python3.11/site-packages/airflow/example_dags/example_local_kubernetes_executor.py", line 38, in <module>
    from kubernetes.client import models as k8s
ModuleNotFoundError: No module named 'kubernetes'
[2026-03-18T16:55:48.419+0100] {logging_mixin.py:190} INFO - [2026-03-18T16:55:48.419+0100] {example_local_kubernetes_executor.py:41} WARNING - Install Kubernetes dependencies with: pip install apache-airflow[cncf.kubernetes]
[2026-03-18T16:55:48.419+0100] {processor.py:927} WARNING - No viable dags retrieved from /Users/atanasivanov/ipo-intel/ipo-intel/.venv_airflow/lib/python3.11/site-packages/airflow/example_dags/example_local_kubernetes_executor.py
[2026-03-18T16:55:48.499+0100] {processor.py:208} INFO - Processing /Users/atanasivanov/ipo-intel/ipo-intel/.venv_airflow/lib/python3.11/site-packages/airflow/example_dags/example_local_kubernetes_executor.py took 0.125 seconds
[2026-03-18T16:59:56.232+0100] {processor.py:186} INFO - Started process (PID=56134) to work on /Users/atanasivanov/ipo-intel/ipo-intel/.venv_airflow/lib/python3.11/site-packages/airflow/example_dags/example_local_kubernetes_executor.py
[2026-03-18T16:59:56.233+0100] {processor.py:914} INFO - Processing file /Users/atanasivanov/ipo-intel/ipo-intel/.venv_airflow/lib/python3.11/site-packages/airflow/example_dags/example_local_kubernetes_executor.py for tasks to queue
[2026-03-18T16:59:56.234+0100] {logging_mixin.py:190} INFO - [2026-03-18T16:59:56.234+0100] {dagbag.py:588} INFO - Filling up the DagBag from /Users/atanasivanov/ipo-intel/ipo-intel/.venv_airflow/lib/python3.11/site-packages/airflow/example_dags/example_local_kubernetes_executor.py
[2026-03-18T16:59:56.267+0100] {logging_mixin.py:190} INFO - [2026-03-18T16:59:56.267+0100] {example_local_kubernetes_executor.py:40} WARNING - Could not import DAGs in example_local_kubernetes_executor.py
Traceback (most recent call last):
  File "/Users/atanasivanov/ipo-intel/ipo-intel/.venv_airflow/lib/python3.11/site-packages/airflow/example_dags/example_local_kubernetes_executor.py", line 38, in <module>
    from kubernetes.client import models as k8s
ModuleNotFoundError: No module named 'kubernetes'
[2026-03-18T16:59:56.268+0100] {logging_mixin.py:190} INFO - [2026-03-18T16:59:56.268+0100] {example_local_kubernetes_executor.py:41} WARNING - Install Kubernetes dependencies with: pip install apache-airflow[cncf.kubernetes]
[2026-03-18T16:59:56.268+0100] {processor.py:927} WARNING - No viable dags retrieved from /Users/atanasivanov/ipo-intel/ipo-intel/.venv_airflow/lib/python3.11/site-packages/airflow/example_dags/example_local_kubernetes_executor.py
[2026-03-18T16:59:56.337+0100] {processor.py:208} INFO - Processing /Users/atanasivanov/ipo-intel/ipo-intel/.venv_airflow/lib/python3.11/site-packages/airflow/example_dags/example_local_kubernetes_executor.py took 0.110 seconds
[2026-03-18T17:03:48.209+0100] {processor.py:186} INFO - Started process (PID=56977) to work on /Users/atanasivanov/ipo-intel/ipo-intel/.venv_airflow/lib/python3.11/site-packages/airflow/example_dags/example_local_kubernetes_executor.py
[2026-03-18T17:03:48.210+0100] {processor.py:914} INFO - Processing file /Users/atanasivanov/ipo-intel/ipo-intel/.venv_airflow/lib/python3.11/site-packages/airflow/example_dags/example_local_kubernetes_executor.py for tasks to queue
[2026-03-18T17:03:48.211+0100] {logging_mixin.py:190} INFO - [2026-03-18T17:03:48.211+0100] {dagbag.py:588} INFO - Filling up the DagBag from /Users/atanasivanov/ipo-intel/ipo-intel/.venv_airflow/lib/python3.11/site-packages/airflow/example_dags/example_local_kubernetes_executor.py
[2026-03-18T17:03:48.239+0100] {logging_mixin.py:190} INFO - [2026-03-18T17:03:48.239+0100] {example_local_kubernetes_executor.py:40} WARNING - Could not import DAGs in example_local_kubernetes_executor.py
Traceback (most recent call last):
  File "/Users/atanasivanov/ipo-intel/ipo-intel/.venv_airflow/lib/python3.11/site-packages/airflow/example_dags/example_local_kubernetes_executor.py", line 38, in <module>
    from kubernetes.client import models as k8s
ModuleNotFoundError: No module named 'kubernetes'
[2026-03-18T17:03:48.240+0100] {logging_mixin.py:190} INFO - [2026-03-18T17:03:48.239+0100] {example_local_kubernetes_executor.py:41} WARNING - Install Kubernetes dependencies with: pip install apache-airflow[cncf.kubernetes]
[2026-03-18T17:03:48.240+0100] {processor.py:927} WARNING - No viable dags retrieved from /Users/atanasivanov/ipo-intel/ipo-intel/.venv_airflow/lib/python3.11/site-packages/airflow/example_dags/example_local_kubernetes_executor.py
[2026-03-18T17:03:48.309+0100] {processor.py:208} INFO - Processing /Users/atanasivanov/ipo-intel/ipo-intel/.venv_airflow/lib/python3.11/site-packages/airflow/example_dags/example_local_kubernetes_executor.py took 0.106 seconds
[2026-03-18T17:07:39.869+0100] {processor.py:186} INFO - Started process (PID=57827) to work on /Users/atanasivanov/ipo-intel/ipo-intel/.venv_airflow/lib/python3.11/site-packages/airflow/example_dags/example_local_kubernetes_executor.py
[2026-03-18T17:07:39.870+0100] {processor.py:914} INFO - Processing file /Users/atanasivanov/ipo-intel/ipo-intel/.venv_airflow/lib/python3.11/site-packages/airflow/example_dags/example_local_kubernetes_executor.py for tasks to queue
[2026-03-18T17:07:39.871+0100] {logging_mixin.py:190} INFO - [2026-03-18T17:07:39.871+0100] {dagbag.py:588} INFO - Filling up the DagBag from /Users/atanasivanov/ipo-intel/ipo-intel/.venv_airflow/lib/python3.11/site-packages/airflow/example_dags/example_local_kubernetes_executor.py
[2026-03-18T17:07:39.903+0100] {logging_mixin.py:190} INFO - [2026-03-18T17:07:39.902+0100] {example_local_kubernetes_executor.py:40} WARNING - Could not import DAGs in example_local_kubernetes_executor.py
Traceback (most recent call last):
  File "/Users/atanasivanov/ipo-intel/ipo-intel/.venv_airflow/lib/python3.11/site-packages/airflow/example_dags/example_local_kubernetes_executor.py", line 38, in <module>
    from kubernetes.client import models as k8s
ModuleNotFoundError: No module named 'kubernetes'
[2026-03-18T17:07:39.903+0100] {logging_mixin.py:190} INFO - [2026-03-18T17:07:39.903+0100] {example_local_kubernetes_executor.py:41} WARNING - Install Kubernetes dependencies with: pip install apache-airflow[cncf.kubernetes]
[2026-03-18T17:07:39.903+0100] {processor.py:927} WARNING - No viable dags retrieved from /Users/atanasivanov/ipo-intel/ipo-intel/.venv_airflow/lib/python3.11/site-packages/airflow/example_dags/example_local_kubernetes_executor.py
[2026-03-18T17:07:39.969+0100] {processor.py:208} INFO - Processing /Users/atanasivanov/ipo-intel/ipo-intel/.venv_airflow/lib/python3.11/site-packages/airflow/example_dags/example_local_kubernetes_executor.py took 0.105 seconds
[2026-03-18T17:11:38.801+0100] {processor.py:186} INFO - Started process (PID=58774) to work on /Users/atanasivanov/ipo-intel/ipo-intel/.venv_airflow/lib/python3.11/site-packages/airflow/example_dags/example_local_kubernetes_executor.py
[2026-03-18T17:11:38.802+0100] {processor.py:914} INFO - Processing file /Users/atanasivanov/ipo-intel/ipo-intel/.venv_airflow/lib/python3.11/site-packages/airflow/example_dags/example_local_kubernetes_executor.py for tasks to queue
[2026-03-18T17:11:38.803+0100] {logging_mixin.py:190} INFO - [2026-03-18T17:11:38.803+0100] {dagbag.py:588} INFO - Filling up the DagBag from /Users/atanasivanov/ipo-intel/ipo-intel/.venv_airflow/lib/python3.11/site-packages/airflow/example_dags/example_local_kubernetes_executor.py
[2026-03-18T17:11:38.835+0100] {logging_mixin.py:190} INFO - [2026-03-18T17:11:38.835+0100] {example_local_kubernetes_executor.py:40} WARNING - Could not import DAGs in example_local_kubernetes_executor.py
Traceback (most recent call last):
  File "/Users/atanasivanov/ipo-intel/ipo-intel/.venv_airflow/lib/python3.11/site-packages/airflow/example_dags/example_local_kubernetes_executor.py", line 38, in <module>
    from kubernetes.client import models as k8s
ModuleNotFoundError: No module named 'kubernetes'
[2026-03-18T17:11:38.835+0100] {logging_mixin.py:190} INFO - [2026-03-18T17:11:38.835+0100] {example_local_kubernetes_executor.py:41} WARNING - Install Kubernetes dependencies with: pip install apache-airflow[cncf.kubernetes]
[2026-03-18T17:11:38.836+0100] {processor.py:927} WARNING - No viable dags retrieved from /Users/atanasivanov/ipo-intel/ipo-intel/.venv_airflow/lib/python3.11/site-packages/airflow/example_dags/example_local_kubernetes_executor.py
[2026-03-18T17:11:38.903+0100] {processor.py:208} INFO - Processing /Users/atanasivanov/ipo-intel/ipo-intel/.venv_airflow/lib/python3.11/site-packages/airflow/example_dags/example_local_kubernetes_executor.py took 0.107 seconds
[2026-03-18T17:15:48.324+0100] {processor.py:186} INFO - Started process (PID=61388) to work on /Users/atanasivanov/ipo-intel/ipo-intel/.venv_airflow/lib/python3.11/site-packages/airflow/example_dags/example_local_kubernetes_executor.py
[2026-03-18T17:15:48.325+0100] {processor.py:914} INFO - Processing file /Users/atanasivanov/ipo-intel/ipo-intel/.venv_airflow/lib/python3.11/site-packages/airflow/example_dags/example_local_kubernetes_executor.py for tasks to queue
[2026-03-18T17:15:48.327+0100] {logging_mixin.py:190} INFO - [2026-03-18T17:15:48.326+0100] {dagbag.py:588} INFO - Filling up the DagBag from /Users/atanasivanov/ipo-intel/ipo-intel/.venv_airflow/lib/python3.11/site-packages/airflow/example_dags/example_local_kubernetes_executor.py
[2026-03-18T17:15:48.358+0100] {logging_mixin.py:190} INFO - [2026-03-18T17:15:48.358+0100] {example_local_kubernetes_executor.py:40} WARNING - Could not import DAGs in example_local_kubernetes_executor.py
Traceback (most recent call last):
  File "/Users/atanasivanov/ipo-intel/ipo-intel/.venv_airflow/lib/python3.11/site-packages/airflow/example_dags/example_local_kubernetes_executor.py", line 38, in <module>
    from kubernetes.client import models as k8s
ModuleNotFoundError: No module named 'kubernetes'
[2026-03-18T17:15:48.358+0100] {logging_mixin.py:190} INFO - [2026-03-18T17:15:48.358+0100] {example_local_kubernetes_executor.py:41} WARNING - Install Kubernetes dependencies with: pip install apache-airflow[cncf.kubernetes]
[2026-03-18T17:15:48.359+0100] {processor.py:927} WARNING - No viable dags retrieved from /Users/atanasivanov/ipo-intel/ipo-intel/.venv_airflow/lib/python3.11/site-packages/airflow/example_dags/example_local_kubernetes_executor.py
[2026-03-18T17:15:48.429+0100] {processor.py:208} INFO - Processing /Users/atanasivanov/ipo-intel/ipo-intel/.venv_airflow/lib/python3.11/site-packages/airflow/example_dags/example_local_kubernetes_executor.py took 0.110 seconds
