[2026-03-18T16:21:26.832+0100] {processor.py:186} INFO - Started process (PID=45593) to work on /Users/atanasivanov/ipo-intel/ipo-intel/.venv_airflow/lib/python3.11/site-packages/airflow/example_dags/example_dynamic_task_mapping.py
[2026-03-18T16:21:26.833+0100] {processor.py:914} INFO - Processing file /Users/atanasivanov/ipo-intel/ipo-intel/.venv_airflow/lib/python3.11/site-packages/airflow/example_dags/example_dynamic_task_mapping.py for tasks to queue
[2026-03-18T16:21:26.834+0100] {logging_mixin.py:190} INFO - [2026-03-18T16:21:26.834+0100] {dagbag.py:588} INFO - Filling up the DagBag from /Users/atanasivanov/ipo-intel/ipo-intel/.venv_airflow/lib/python3.11/site-packages/airflow/example_dags/example_dynamic_task_mapping.py
[2026-03-18T16:21:26.874+0100] {processor.py:925} INFO - DAG(s) 'example_dynamic_task_mapping' retrieved from /Users/atanasivanov/ipo-intel/ipo-intel/.venv_airflow/lib/python3.11/site-packages/airflow/example_dags/example_dynamic_task_mapping.py
[2026-03-18T16:21:27.098+0100] {logging_mixin.py:190} INFO - [2026-03-18T16:21:27.098+0100] {override.py:1912} INFO - Created Permission View: can read on DAG:example_dynamic_task_mapping
[2026-03-18T16:21:27.107+0100] {logging_mixin.py:190} INFO - [2026-03-18T16:21:27.107+0100] {override.py:1912} INFO - Created Permission View: can edit on DAG:example_dynamic_task_mapping
[2026-03-18T16:21:27.112+0100] {logging_mixin.py:190} INFO - [2026-03-18T16:21:27.112+0100] {override.py:1912} INFO - Created Permission View: can delete on DAG:example_dynamic_task_mapping
[2026-03-18T16:21:27.120+0100] {logging_mixin.py:190} INFO - [2026-03-18T16:21:27.120+0100] {override.py:1912} INFO - Created Permission View: can read on DAG Run:example_dynamic_task_mapping
[2026-03-18T16:21:27.125+0100] {logging_mixin.py:190} INFO - [2026-03-18T16:21:27.125+0100] {override.py:1912} INFO - Created Permission View: menu access on DAG Run:example_dynamic_task_mapping
[2026-03-18T16:21:27.130+0100] {logging_mixin.py:190} INFO - [2026-03-18T16:21:27.130+0100] {override.py:1912} INFO - Created Permission View: can create on DAG Run:example_dynamic_task_mapping
[2026-03-18T16:21:27.136+0100] {logging_mixin.py:190} INFO - [2026-03-18T16:21:27.136+0100] {override.py:1912} INFO - Created Permission View: can delete on DAG Run:example_dynamic_task_mapping
[2026-03-18T16:21:27.136+0100] {logging_mixin.py:190} INFO - [2026-03-18T16:21:27.136+0100] {dag.py:3239} INFO - Sync 1 DAGs
[2026-03-18T16:21:27.146+0100] {logging_mixin.py:190} INFO - [2026-03-18T16:21:27.146+0100] {dag.py:3262} INFO - Creating ORM DAG for example_dynamic_task_mapping
[2026-03-18T16:21:27.147+0100] {logging_mixin.py:190} INFO - [2026-03-18T16:21:27.147+0100] {dag.py:4180} INFO - Setting next_dagrun for example_dynamic_task_mapping to None, run_after=None
[2026-03-18T16:21:27.161+0100] {processor.py:208} INFO - Processing /Users/atanasivanov/ipo-intel/ipo-intel/.venv_airflow/lib/python3.11/site-packages/airflow/example_dags/example_dynamic_task_mapping.py took 0.337 seconds
[2026-03-18T16:24:04.532+0100] {processor.py:186} INFO - Started process (PID=46178) to work on /Users/atanasivanov/ipo-intel/ipo-intel/.venv_airflow/lib/python3.11/site-packages/airflow/example_dags/example_dynamic_task_mapping.py
[2026-03-18T16:24:04.533+0100] {processor.py:914} INFO - Processing file /Users/atanasivanov/ipo-intel/ipo-intel/.venv_airflow/lib/python3.11/site-packages/airflow/example_dags/example_dynamic_task_mapping.py for tasks to queue
[2026-03-18T16:24:04.535+0100] {logging_mixin.py:190} INFO - [2026-03-18T16:24:04.534+0100] {dagbag.py:588} INFO - Filling up the DagBag from /Users/atanasivanov/ipo-intel/ipo-intel/.venv_airflow/lib/python3.11/site-packages/airflow/example_dags/example_dynamic_task_mapping.py
[2026-03-18T16:24:04.568+0100] {processor.py:925} INFO - DAG(s) 'example_dynamic_task_mapping' retrieved from /Users/atanasivanov/ipo-intel/ipo-intel/.venv_airflow/lib/python3.11/site-packages/airflow/example_dags/example_dynamic_task_mapping.py
[2026-03-18T16:24:04.643+0100] {logging_mixin.py:190} INFO - [2026-03-18T16:24:04.643+0100] {dag.py:3239} INFO - Sync 1 DAGs
[2026-03-18T16:24:04.701+0100] {logging_mixin.py:190} INFO - [2026-03-18T16:24:04.701+0100] {dag.py:4180} INFO - Setting next_dagrun for example_dynamic_task_mapping to None, run_after=None
[2026-03-18T16:24:04.718+0100] {processor.py:208} INFO - Processing /Users/atanasivanov/ipo-intel/ipo-intel/.venv_airflow/lib/python3.11/site-packages/airflow/example_dags/example_dynamic_task_mapping.py took 0.191 seconds
[2026-03-18T16:28:09.676+0100] {processor.py:186} INFO - Started process (PID=47773) to work on /Users/atanasivanov/ipo-intel/ipo-intel/.venv_airflow/lib/python3.11/site-packages/airflow/example_dags/example_dynamic_task_mapping.py
[2026-03-18T16:28:09.677+0100] {processor.py:914} INFO - Processing file /Users/atanasivanov/ipo-intel/ipo-intel/.venv_airflow/lib/python3.11/site-packages/airflow/example_dags/example_dynamic_task_mapping.py for tasks to queue
[2026-03-18T16:28:09.678+0100] {logging_mixin.py:190} INFO - [2026-03-18T16:28:09.677+0100] {dagbag.py:588} INFO - Filling up the DagBag from /Users/atanasivanov/ipo-intel/ipo-intel/.venv_airflow/lib/python3.11/site-packages/airflow/example_dags/example_dynamic_task_mapping.py
[2026-03-18T16:28:09.712+0100] {processor.py:925} INFO - DAG(s) 'example_dynamic_task_mapping' retrieved from /Users/atanasivanov/ipo-intel/ipo-intel/.venv_airflow/lib/python3.11/site-packages/airflow/example_dags/example_dynamic_task_mapping.py
[2026-03-18T16:28:09.789+0100] {logging_mixin.py:190} INFO - [2026-03-18T16:28:09.789+0100] {dag.py:3239} INFO - Sync 1 DAGs
[2026-03-18T16:28:09.847+0100] {logging_mixin.py:190} INFO - [2026-03-18T16:28:09.846+0100] {dag.py:4180} INFO - Setting next_dagrun for example_dynamic_task_mapping to None, run_after=None
[2026-03-18T16:28:09.864+0100] {processor.py:208} INFO - Processing /Users/atanasivanov/ipo-intel/ipo-intel/.venv_airflow/lib/python3.11/site-packages/airflow/example_dags/example_dynamic_task_mapping.py took 0.193 seconds
[2026-03-18T16:32:04.094+0100] {processor.py:186} INFO - Started process (PID=48625) to work on /Users/atanasivanov/ipo-intel/ipo-intel/.venv_airflow/lib/python3.11/site-packages/airflow/example_dags/example_dynamic_task_mapping.py
[2026-03-18T16:32:04.095+0100] {processor.py:914} INFO - Processing file /Users/atanasivanov/ipo-intel/ipo-intel/.venv_airflow/lib/python3.11/site-packages/airflow/example_dags/example_dynamic_task_mapping.py for tasks to queue
[2026-03-18T16:32:04.096+0100] {logging_mixin.py:190} INFO - [2026-03-18T16:32:04.096+0100] {dagbag.py:588} INFO - Filling up the DagBag from /Users/atanasivanov/ipo-intel/ipo-intel/.venv_airflow/lib/python3.11/site-packages/airflow/example_dags/example_dynamic_task_mapping.py
[2026-03-18T16:32:04.132+0100] {processor.py:925} INFO - DAG(s) 'example_dynamic_task_mapping' retrieved from /Users/atanasivanov/ipo-intel/ipo-intel/.venv_airflow/lib/python3.11/site-packages/airflow/example_dags/example_dynamic_task_mapping.py
[2026-03-18T16:32:04.207+0100] {logging_mixin.py:190} INFO - [2026-03-18T16:32:04.206+0100] {dag.py:3239} INFO - Sync 1 DAGs
[2026-03-18T16:32:04.262+0100] {logging_mixin.py:190} INFO - [2026-03-18T16:32:04.262+0100] {dag.py:4180} INFO - Setting next_dagrun for example_dynamic_task_mapping to None, run_after=None
[2026-03-18T16:32:04.279+0100] {processor.py:208} INFO - Processing /Users/atanasivanov/ipo-intel/ipo-intel/.venv_airflow/lib/python3.11/site-packages/airflow/example_dags/example_dynamic_task_mapping.py took 0.190 seconds
[2026-03-18T16:35:53.849+0100] {processor.py:186} INFO - Started process (PID=49466) to work on /Users/atanasivanov/ipo-intel/ipo-intel/.venv_airflow/lib/python3.11/site-packages/airflow/example_dags/example_dynamic_task_mapping.py
[2026-03-18T16:35:53.850+0100] {processor.py:914} INFO - Processing file /Users/atanasivanov/ipo-intel/ipo-intel/.venv_airflow/lib/python3.11/site-packages/airflow/example_dags/example_dynamic_task_mapping.py for tasks to queue
[2026-03-18T16:35:53.852+0100] {logging_mixin.py:190} INFO - [2026-03-18T16:35:53.851+0100] {dagbag.py:588} INFO - Filling up the DagBag from /Users/atanasivanov/ipo-intel/ipo-intel/.venv_airflow/lib/python3.11/site-packages/airflow/example_dags/example_dynamic_task_mapping.py
[2026-03-18T16:35:53.886+0100] {processor.py:925} INFO - DAG(s) 'example_dynamic_task_mapping' retrieved from /Users/atanasivanov/ipo-intel/ipo-intel/.venv_airflow/lib/python3.11/site-packages/airflow/example_dags/example_dynamic_task_mapping.py
[2026-03-18T16:35:53.970+0100] {logging_mixin.py:190} INFO - [2026-03-18T16:35:53.970+0100] {dag.py:3239} INFO - Sync 1 DAGs
[2026-03-18T16:35:54.029+0100] {logging_mixin.py:190} INFO - [2026-03-18T16:35:54.029+0100] {dag.py:4180} INFO - Setting next_dagrun for example_dynamic_task_mapping to None, run_after=None
[2026-03-18T16:35:54.046+0100] {processor.py:208} INFO - Processing /Users/atanasivanov/ipo-intel/ipo-intel/.venv_airflow/lib/python3.11/site-packages/airflow/example_dags/example_dynamic_task_mapping.py took 0.204 seconds
[2026-03-18T16:39:40.873+0100] {processor.py:186} INFO - Started process (PID=50907) to work on /Users/atanasivanov/ipo-intel/ipo-intel/.venv_airflow/lib/python3.11/site-packages/airflow/example_dags/example_dynamic_task_mapping.py
[2026-03-18T16:39:40.874+0100] {processor.py:914} INFO - Processing file /Users/atanasivanov/ipo-intel/ipo-intel/.venv_airflow/lib/python3.11/site-packages/airflow/example_dags/example_dynamic_task_mapping.py for tasks to queue
[2026-03-18T16:39:40.875+0100] {logging_mixin.py:190} INFO - [2026-03-18T16:39:40.874+0100] {dagbag.py:588} INFO - Filling up the DagBag from /Users/atanasivanov/ipo-intel/ipo-intel/.venv_airflow/lib/python3.11/site-packages/airflow/example_dags/example_dynamic_task_mapping.py
[2026-03-18T16:39:40.910+0100] {processor.py:925} INFO - DAG(s) 'example_dynamic_task_mapping' retrieved from /Users/atanasivanov/ipo-intel/ipo-intel/.venv_airflow/lib/python3.11/site-packages/airflow/example_dags/example_dynamic_task_mapping.py
[2026-03-18T16:39:40.994+0100] {logging_mixin.py:190} INFO - [2026-03-18T16:39:40.993+0100] {dag.py:3239} INFO - Sync 1 DAGs
[2026-03-18T16:39:41.073+0100] {logging_mixin.py:190} INFO - [2026-03-18T16:39:41.073+0100] {dag.py:4180} INFO - Setting next_dagrun for example_dynamic_task_mapping to None, run_after=None
[2026-03-18T16:39:41.091+0100] {processor.py:208} INFO - Processing /Users/atanasivanov/ipo-intel/ipo-intel/.venv_airflow/lib/python3.11/site-packages/airflow/example_dags/example_dynamic_task_mapping.py took 0.223 seconds
[2026-03-18T16:49:22.274+0100] {processor.py:186} INFO - Started process (PID=53509) to work on /Users/atanasivanov/ipo-intel/ipo-intel/.venv_airflow/lib/python3.11/site-packages/airflow/example_dags/example_dynamic_task_mapping.py
[2026-03-18T16:49:22.276+0100] {processor.py:914} INFO - Processing file /Users/atanasivanov/ipo-intel/ipo-intel/.venv_airflow/lib/python3.11/site-packages/airflow/example_dags/example_dynamic_task_mapping.py for tasks to queue
[2026-03-18T16:49:22.277+0100] {logging_mixin.py:190} INFO - [2026-03-18T16:49:22.277+0100] {dagbag.py:588} INFO - Filling up the DagBag from /Users/atanasivanov/ipo-intel/ipo-intel/.venv_airflow/lib/python3.11/site-packages/airflow/example_dags/example_dynamic_task_mapping.py
[2026-03-18T16:49:22.313+0100] {processor.py:925} INFO - DAG(s) 'example_dynamic_task_mapping' retrieved from /Users/atanasivanov/ipo-intel/ipo-intel/.venv_airflow/lib/python3.11/site-packages/airflow/example_dags/example_dynamic_task_mapping.py
[2026-03-18T16:49:22.396+0100] {logging_mixin.py:190} INFO - [2026-03-18T16:49:22.395+0100] {dag.py:3239} INFO - Sync 1 DAGs
[2026-03-18T16:49:22.461+0100] {logging_mixin.py:190} INFO - [2026-03-18T16:49:22.460+0100] {dag.py:4180} INFO - Setting next_dagrun for example_dynamic_task_mapping to None, run_after=None
[2026-03-18T16:49:22.481+0100] {processor.py:208} INFO - Processing /Users/atanasivanov/ipo-intel/ipo-intel/.venv_airflow/lib/python3.11/site-packages/airflow/example_dags/example_dynamic_task_mapping.py took 0.212 seconds
[2026-03-18T16:51:54.462+0100] {processor.py:186} INFO - Started process (PID=54066) to work on /Users/atanasivanov/ipo-intel/ipo-intel/.venv_airflow/lib/python3.11/site-packages/airflow/example_dags/example_dynamic_task_mapping.py
[2026-03-18T16:51:54.463+0100] {processor.py:914} INFO - Processing file /Users/atanasivanov/ipo-intel/ipo-intel/.venv_airflow/lib/python3.11/site-packages/airflow/example_dags/example_dynamic_task_mapping.py for tasks to queue
[2026-03-18T16:51:54.464+0100] {logging_mixin.py:190} INFO - [2026-03-18T16:51:54.463+0100] {dagbag.py:588} INFO - Filling up the DagBag from /Users/atanasivanov/ipo-intel/ipo-intel/.venv_airflow/lib/python3.11/site-packages/airflow/example_dags/example_dynamic_task_mapping.py
[2026-03-18T16:51:54.499+0100] {processor.py:925} INFO - DAG(s) 'example_dynamic_task_mapping' retrieved from /Users/atanasivanov/ipo-intel/ipo-intel/.venv_airflow/lib/python3.11/site-packages/airflow/example_dags/example_dynamic_task_mapping.py
[2026-03-18T16:51:54.576+0100] {logging_mixin.py:190} INFO - [2026-03-18T16:51:54.576+0100] {dag.py:3239} INFO - Sync 1 DAGs
[2026-03-18T16:51:54.634+0100] {logging_mixin.py:190} INFO - [2026-03-18T16:51:54.634+0100] {dag.py:4180} INFO - Setting next_dagrun for example_dynamic_task_mapping to None, run_after=None
[2026-03-18T16:51:54.650+0100] {processor.py:208} INFO - Processing /Users/atanasivanov/ipo-intel/ipo-intel/.venv_airflow/lib/python3.11/site-packages/airflow/example_dags/example_dynamic_task_mapping.py took 0.194 seconds
[2026-03-18T16:56:07.111+0100] {processor.py:186} INFO - Started process (PID=55282) to work on /Users/atanasivanov/ipo-intel/ipo-intel/.venv_airflow/lib/python3.11/site-packages/airflow/example_dags/example_dynamic_task_mapping.py
[2026-03-18T16:56:07.112+0100] {processor.py:914} INFO - Processing file /Users/atanasivanov/ipo-intel/ipo-intel/.venv_airflow/lib/python3.11/site-packages/airflow/example_dags/example_dynamic_task_mapping.py for tasks to queue
[2026-03-18T16:56:07.113+0100] {logging_mixin.py:190} INFO - [2026-03-18T16:56:07.112+0100] {dagbag.py:588} INFO - Filling up the DagBag from /Users/atanasivanov/ipo-intel/ipo-intel/.venv_airflow/lib/python3.11/site-packages/airflow/example_dags/example_dynamic_task_mapping.py
[2026-03-18T16:56:07.145+0100] {processor.py:925} INFO - DAG(s) 'example_dynamic_task_mapping' retrieved from /Users/atanasivanov/ipo-intel/ipo-intel/.venv_airflow/lib/python3.11/site-packages/airflow/example_dags/example_dynamic_task_mapping.py
[2026-03-18T16:56:07.223+0100] {logging_mixin.py:190} INFO - [2026-03-18T16:56:07.223+0100] {dag.py:3239} INFO - Sync 1 DAGs
[2026-03-18T16:56:07.279+0100] {logging_mixin.py:190} INFO - [2026-03-18T16:56:07.279+0100] {dag.py:4180} INFO - Setting next_dagrun for example_dynamic_task_mapping to None, run_after=None
[2026-03-18T16:56:07.295+0100] {processor.py:208} INFO - Processing /Users/atanasivanov/ipo-intel/ipo-intel/.venv_airflow/lib/python3.11/site-packages/airflow/example_dags/example_dynamic_task_mapping.py took 0.190 seconds
[2026-03-18T17:00:14.735+0100] {processor.py:186} INFO - Started process (PID=56199) to work on /Users/atanasivanov/ipo-intel/ipo-intel/.venv_airflow/lib/python3.11/site-packages/airflow/example_dags/example_dynamic_task_mapping.py
[2026-03-18T17:00:14.736+0100] {processor.py:914} INFO - Processing file /Users/atanasivanov/ipo-intel/ipo-intel/.venv_airflow/lib/python3.11/site-packages/airflow/example_dags/example_dynamic_task_mapping.py for tasks to queue
[2026-03-18T17:00:14.737+0100] {logging_mixin.py:190} INFO - [2026-03-18T17:00:14.737+0100] {dagbag.py:588} INFO - Filling up the DagBag from /Users/atanasivanov/ipo-intel/ipo-intel/.venv_airflow/lib/python3.11/site-packages/airflow/example_dags/example_dynamic_task_mapping.py
[2026-03-18T17:00:14.773+0100] {processor.py:925} INFO - DAG(s) 'example_dynamic_task_mapping' retrieved from /Users/atanasivanov/ipo-intel/ipo-intel/.venv_airflow/lib/python3.11/site-packages/airflow/example_dags/example_dynamic_task_mapping.py
[2026-03-18T17:00:14.852+0100] {logging_mixin.py:190} INFO - [2026-03-18T17:00:14.852+0100] {dag.py:3239} INFO - Sync 1 DAGs
[2026-03-18T17:00:14.912+0100] {logging_mixin.py:190} INFO - [2026-03-18T17:00:14.912+0100] {dag.py:4180} INFO - Setting next_dagrun for example_dynamic_task_mapping to None, run_after=None
[2026-03-18T17:00:14.929+0100] {processor.py:208} INFO - Processing /Users/atanasivanov/ipo-intel/ipo-intel/.venv_airflow/lib/python3.11/site-packages/airflow/example_dags/example_dynamic_task_mapping.py took 0.200 seconds
[2026-03-18T17:04:05.660+0100] {processor.py:186} INFO - Started process (PID=57044) to work on /Users/atanasivanov/ipo-intel/ipo-intel/.venv_airflow/lib/python3.11/site-packages/airflow/example_dags/example_dynamic_task_mapping.py
[2026-03-18T17:04:05.661+0100] {processor.py:914} INFO - Processing file /Users/atanasivanov/ipo-intel/ipo-intel/.venv_airflow/lib/python3.11/site-packages/airflow/example_dags/example_dynamic_task_mapping.py for tasks to queue
[2026-03-18T17:04:05.662+0100] {logging_mixin.py:190} INFO - [2026-03-18T17:04:05.662+0100] {dagbag.py:588} INFO - Filling up the DagBag from /Users/atanasivanov/ipo-intel/ipo-intel/.venv_airflow/lib/python3.11/site-packages/airflow/example_dags/example_dynamic_task_mapping.py
[2026-03-18T17:04:05.696+0100] {processor.py:925} INFO - DAG(s) 'example_dynamic_task_mapping' retrieved from /Users/atanasivanov/ipo-intel/ipo-intel/.venv_airflow/lib/python3.11/site-packages/airflow/example_dags/example_dynamic_task_mapping.py
[2026-03-18T17:04:05.778+0100] {logging_mixin.py:190} INFO - [2026-03-18T17:04:05.778+0100] {dag.py:3239} INFO - Sync 1 DAGs
[2026-03-18T17:04:05.843+0100] {logging_mixin.py:190} INFO - [2026-03-18T17:04:05.842+0100] {dag.py:4180} INFO - Setting next_dagrun for example_dynamic_task_mapping to None, run_after=None
[2026-03-18T17:04:05.860+0100] {processor.py:208} INFO - Processing /Users/atanasivanov/ipo-intel/ipo-intel/.venv_airflow/lib/python3.11/site-packages/airflow/example_dags/example_dynamic_task_mapping.py took 0.206 seconds
[2026-03-18T17:07:55.814+0100] {processor.py:186} INFO - Started process (PID=57887) to work on /Users/atanasivanov/ipo-intel/ipo-intel/.venv_airflow/lib/python3.11/site-packages/airflow/example_dags/example_dynamic_task_mapping.py
[2026-03-18T17:07:55.815+0100] {processor.py:914} INFO - Processing file /Users/atanasivanov/ipo-intel/ipo-intel/.venv_airflow/lib/python3.11/site-packages/airflow/example_dags/example_dynamic_task_mapping.py for tasks to queue
[2026-03-18T17:07:55.816+0100] {logging_mixin.py:190} INFO - [2026-03-18T17:07:55.816+0100] {dagbag.py:588} INFO - Filling up the DagBag from /Users/atanasivanov/ipo-intel/ipo-intel/.venv_airflow/lib/python3.11/site-packages/airflow/example_dags/example_dynamic_task_mapping.py
[2026-03-18T17:07:55.852+0100] {processor.py:925} INFO - DAG(s) 'example_dynamic_task_mapping' retrieved from /Users/atanasivanov/ipo-intel/ipo-intel/.venv_airflow/lib/python3.11/site-packages/airflow/example_dags/example_dynamic_task_mapping.py
[2026-03-18T17:07:55.931+0100] {logging_mixin.py:190} INFO - [2026-03-18T17:07:55.930+0100] {dag.py:3239} INFO - Sync 1 DAGs
[2026-03-18T17:07:55.988+0100] {logging_mixin.py:190} INFO - [2026-03-18T17:07:55.988+0100] {dag.py:4180} INFO - Setting next_dagrun for example_dynamic_task_mapping to None, run_after=None
[2026-03-18T17:07:56.006+0100] {processor.py:208} INFO - Processing /Users/atanasivanov/ipo-intel/ipo-intel/.venv_airflow/lib/python3.11/site-packages/airflow/example_dags/example_dynamic_task_mapping.py took 0.197 seconds
[2026-03-18T17:11:56.643+0100] {processor.py:186} INFO - Started process (PID=58837) to work on /Users/atanasivanov/ipo-intel/ipo-intel/.venv_airflow/lib/python3.11/site-packages/airflow/example_dags/example_dynamic_task_mapping.py
[2026-03-18T17:11:56.644+0100] {processor.py:914} INFO - Processing file /Users/atanasivanov/ipo-intel/ipo-intel/.venv_airflow/lib/python3.11/site-packages/airflow/example_dags/example_dynamic_task_mapping.py for tasks to queue
[2026-03-18T17:11:56.644+0100] {logging_mixin.py:190} INFO - [2026-03-18T17:11:56.644+0100] {dagbag.py:588} INFO - Filling up the DagBag from /Users/atanasivanov/ipo-intel/ipo-intel/.venv_airflow/lib/python3.11/site-packages/airflow/example_dags/example_dynamic_task_mapping.py
[2026-03-18T17:11:56.677+0100] {processor.py:925} INFO - DAG(s) 'example_dynamic_task_mapping' retrieved from /Users/atanasivanov/ipo-intel/ipo-intel/.venv_airflow/lib/python3.11/site-packages/airflow/example_dags/example_dynamic_task_mapping.py
[2026-03-18T17:11:56.752+0100] {logging_mixin.py:190} INFO - [2026-03-18T17:11:56.752+0100] {dag.py:3239} INFO - Sync 1 DAGs
[2026-03-18T17:11:56.809+0100] {logging_mixin.py:190} INFO - [2026-03-18T17:11:56.809+0100] {dag.py:4180} INFO - Setting next_dagrun for example_dynamic_task_mapping to None, run_after=None
[2026-03-18T17:11:56.826+0100] {processor.py:208} INFO - Processing /Users/atanasivanov/ipo-intel/ipo-intel/.venv_airflow/lib/python3.11/site-packages/airflow/example_dags/example_dynamic_task_mapping.py took 0.189 seconds
