[2026-03-18T16:16:18.626+0100] {processor.py:186} INFO - Started process (PID=44493) to work on /Users/atanasivanov/ipo-intel/ipo-intel/.venv_airflow/lib/python3.11/site-packages/airflow/example_dags/example_skip_dag.py
[2026-03-18T16:16:18.627+0100] {processor.py:914} INFO - Processing file /Users/atanasivanov/ipo-intel/ipo-intel/.venv_airflow/lib/python3.11/site-packages/airflow/example_dags/example_skip_dag.py for tasks to queue
[2026-03-18T16:16:18.628+0100] {logging_mixin.py:190} INFO - [2026-03-18T16:16:18.628+0100] {dagbag.py:588} INFO - Filling up the DagBag from /Users/atanasivanov/ipo-intel/ipo-intel/.venv_airflow/lib/python3.11/site-packages/airflow/example_dags/example_skip_dag.py
[2026-03-18T16:16:18.636+0100] {processor.py:925} INFO - DAG(s) 'example_skip_dag' retrieved from /Users/atanasivanov/ipo-intel/ipo-intel/.venv_airflow/lib/python3.11/site-packages/airflow/example_dags/example_skip_dag.py
[2026-03-18T16:16:18.854+0100] {logging_mixin.py:190} INFO - [2026-03-18T16:16:18.853+0100] {override.py:1912} INFO - Created Permission View: can delete on DAG:example_skip_dag
[2026-03-18T16:16:18.863+0100] {logging_mixin.py:190} INFO - [2026-03-18T16:16:18.862+0100] {override.py:1912} INFO - Created Permission View: can read on DAG:example_skip_dag
[2026-03-18T16:16:18.869+0100] {logging_mixin.py:190} INFO - [2026-03-18T16:16:18.869+0100] {override.py:1912} INFO - Created Permission View: can edit on DAG:example_skip_dag
[2026-03-18T16:16:18.877+0100] {logging_mixin.py:190} INFO - [2026-03-18T16:16:18.877+0100] {override.py:1912} INFO - Created Permission View: menu access on DAG Run:example_skip_dag
[2026-03-18T16:16:18.884+0100] {logging_mixin.py:190} INFO - [2026-03-18T16:16:18.884+0100] {override.py:1912} INFO - Created Permission View: can read on DAG Run:example_skip_dag
[2026-03-18T16:16:18.890+0100] {logging_mixin.py:190} INFO - [2026-03-18T16:16:18.889+0100] {override.py:1912} INFO - Created Permission View: can delete on DAG Run:example_skip_dag
[2026-03-18T16:16:18.895+0100] {logging_mixin.py:190} INFO - [2026-03-18T16:16:18.895+0100] {override.py:1912} INFO - Created Permission View: can create on DAG Run:example_skip_dag
[2026-03-18T16:16:18.895+0100] {logging_mixin.py:190} INFO - [2026-03-18T16:16:18.895+0100] {dag.py:3239} INFO - Sync 1 DAGs
[2026-03-18T16:16:18.905+0100] {logging_mixin.py:190} INFO - [2026-03-18T16:16:18.905+0100] {dag.py:3262} INFO - Creating ORM DAG for example_skip_dag
[2026-03-18T16:16:18.912+0100] {logging_mixin.py:190} INFO - [2026-03-18T16:16:18.912+0100] {dag.py:4180} INFO - Setting next_dagrun for example_skip_dag to 2026-03-17 00:00:00+00:00, run_after=2026-03-18 00:00:00+00:00
[2026-03-18T16:16:18.925+0100] {processor.py:208} INFO - Processing /Users/atanasivanov/ipo-intel/ipo-intel/.venv_airflow/lib/python3.11/site-packages/airflow/example_dags/example_skip_dag.py took 0.305 seconds
[2026-03-18T16:20:28.674+0100] {processor.py:186} INFO - Started process (PID=45360) to work on /Users/atanasivanov/ipo-intel/ipo-intel/.venv_airflow/lib/python3.11/site-packages/airflow/example_dags/example_skip_dag.py
[2026-03-18T16:20:28.675+0100] {processor.py:914} INFO - Processing file /Users/atanasivanov/ipo-intel/ipo-intel/.venv_airflow/lib/python3.11/site-packages/airflow/example_dags/example_skip_dag.py for tasks to queue
[2026-03-18T16:20:28.676+0100] {logging_mixin.py:190} INFO - [2026-03-18T16:20:28.675+0100] {dagbag.py:588} INFO - Filling up the DagBag from /Users/atanasivanov/ipo-intel/ipo-intel/.venv_airflow/lib/python3.11/site-packages/airflow/example_dags/example_skip_dag.py
[2026-03-18T16:20:28.684+0100] {processor.py:925} INFO - DAG(s) 'example_skip_dag' retrieved from /Users/atanasivanov/ipo-intel/ipo-intel/.venv_airflow/lib/python3.11/site-packages/airflow/example_dags/example_skip_dag.py
[2026-03-18T16:20:28.770+0100] {logging_mixin.py:190} INFO - [2026-03-18T16:20:28.770+0100] {dag.py:3239} INFO - Sync 1 DAGs
[2026-03-18T16:20:28.783+0100] {logging_mixin.py:190} INFO - [2026-03-18T16:20:28.783+0100] {dag.py:4180} INFO - Setting next_dagrun for example_skip_dag to 2026-03-17 00:00:00+00:00, run_after=2026-03-18 00:00:00+00:00
[2026-03-18T16:20:28.798+0100] {processor.py:208} INFO - Processing /Users/atanasivanov/ipo-intel/ipo-intel/.venv_airflow/lib/python3.11/site-packages/airflow/example_dags/example_skip_dag.py took 0.129 seconds
[2026-03-18T16:23:08.572+0100] {processor.py:186} INFO - Started process (PID=45976) to work on /Users/atanasivanov/ipo-intel/ipo-intel/.venv_airflow/lib/python3.11/site-packages/airflow/example_dags/example_skip_dag.py
[2026-03-18T16:23:08.573+0100] {processor.py:914} INFO - Processing file /Users/atanasivanov/ipo-intel/ipo-intel/.venv_airflow/lib/python3.11/site-packages/airflow/example_dags/example_skip_dag.py for tasks to queue
[2026-03-18T16:23:08.574+0100] {logging_mixin.py:190} INFO - [2026-03-18T16:23:08.573+0100] {dagbag.py:588} INFO - Filling up the DagBag from /Users/atanasivanov/ipo-intel/ipo-intel/.venv_airflow/lib/python3.11/site-packages/airflow/example_dags/example_skip_dag.py
[2026-03-18T16:23:08.581+0100] {processor.py:925} INFO - DAG(s) 'example_skip_dag' retrieved from /Users/atanasivanov/ipo-intel/ipo-intel/.venv_airflow/lib/python3.11/site-packages/airflow/example_dags/example_skip_dag.py
[2026-03-18T16:23:08.662+0100] {logging_mixin.py:190} INFO - [2026-03-18T16:23:08.662+0100] {dag.py:3239} INFO - Sync 1 DAGs
[2026-03-18T16:23:08.675+0100] {logging_mixin.py:190} INFO - [2026-03-18T16:23:08.675+0100] {dag.py:4180} INFO - Setting next_dagrun for example_skip_dag to 2026-03-17 00:00:00+00:00, run_after=2026-03-18 00:00:00+00:00
[2026-03-18T16:23:08.689+0100] {processor.py:208} INFO - Processing /Users/atanasivanov/ipo-intel/ipo-intel/.venv_airflow/lib/python3.11/site-packages/airflow/example_dags/example_skip_dag.py took 0.123 seconds
[2026-03-18T16:25:12.097+0100] {processor.py:186} INFO - Started process (PID=46435) to work on /Users/atanasivanov/ipo-intel/ipo-intel/.venv_airflow/lib/python3.11/site-packages/airflow/example_dags/example_skip_dag.py
[2026-03-18T16:25:12.098+0100] {processor.py:914} INFO - Processing file /Users/atanasivanov/ipo-intel/ipo-intel/.venv_airflow/lib/python3.11/site-packages/airflow/example_dags/example_skip_dag.py for tasks to queue
[2026-03-18T16:25:12.099+0100] {logging_mixin.py:190} INFO - [2026-03-18T16:25:12.099+0100] {dagbag.py:588} INFO - Filling up the DagBag from /Users/atanasivanov/ipo-intel/ipo-intel/.venv_airflow/lib/python3.11/site-packages/airflow/example_dags/example_skip_dag.py
[2026-03-18T16:25:12.106+0100] {processor.py:925} INFO - DAG(s) 'example_skip_dag' retrieved from /Users/atanasivanov/ipo-intel/ipo-intel/.venv_airflow/lib/python3.11/site-packages/airflow/example_dags/example_skip_dag.py
[2026-03-18T16:25:12.201+0100] {logging_mixin.py:190} INFO - [2026-03-18T16:25:12.201+0100] {dag.py:3239} INFO - Sync 1 DAGs
[2026-03-18T16:25:12.217+0100] {logging_mixin.py:190} INFO - [2026-03-18T16:25:12.217+0100] {dag.py:4180} INFO - Setting next_dagrun for example_skip_dag to 2026-03-17 00:00:00+00:00, run_after=2026-03-18 00:00:00+00:00
[2026-03-18T16:25:12.235+0100] {processor.py:208} INFO - Processing /Users/atanasivanov/ipo-intel/ipo-intel/.venv_airflow/lib/python3.11/site-packages/airflow/example_dags/example_skip_dag.py took 0.143 seconds
[2026-03-18T16:27:14.134+0100] {processor.py:186} INFO - Started process (PID=47388) to work on /Users/atanasivanov/ipo-intel/ipo-intel/.venv_airflow/lib/python3.11/site-packages/airflow/example_dags/example_skip_dag.py
[2026-03-18T16:27:14.135+0100] {processor.py:914} INFO - Processing file /Users/atanasivanov/ipo-intel/ipo-intel/.venv_airflow/lib/python3.11/site-packages/airflow/example_dags/example_skip_dag.py for tasks to queue
[2026-03-18T16:27:14.136+0100] {logging_mixin.py:190} INFO - [2026-03-18T16:27:14.135+0100] {dagbag.py:588} INFO - Filling up the DagBag from /Users/atanasivanov/ipo-intel/ipo-intel/.venv_airflow/lib/python3.11/site-packages/airflow/example_dags/example_skip_dag.py
[2026-03-18T16:27:14.144+0100] {processor.py:925} INFO - DAG(s) 'example_skip_dag' retrieved from /Users/atanasivanov/ipo-intel/ipo-intel/.venv_airflow/lib/python3.11/site-packages/airflow/example_dags/example_skip_dag.py
[2026-03-18T16:27:14.227+0100] {logging_mixin.py:190} INFO - [2026-03-18T16:27:14.226+0100] {dag.py:3239} INFO - Sync 1 DAGs
[2026-03-18T16:27:14.240+0100] {logging_mixin.py:190} INFO - [2026-03-18T16:27:14.239+0100] {dag.py:4180} INFO - Setting next_dagrun for example_skip_dag to 2026-03-17 00:00:00+00:00, run_after=2026-03-18 00:00:00+00:00
[2026-03-18T16:27:14.254+0100] {processor.py:208} INFO - Processing /Users/atanasivanov/ipo-intel/ipo-intel/.venv_airflow/lib/python3.11/site-packages/airflow/example_dags/example_skip_dag.py took 0.125 seconds
[2026-03-18T16:29:19.662+0100] {processor.py:186} INFO - Started process (PID=48032) to work on /Users/atanasivanov/ipo-intel/ipo-intel/.venv_airflow/lib/python3.11/site-packages/airflow/example_dags/example_skip_dag.py
[2026-03-18T16:29:19.663+0100] {processor.py:914} INFO - Processing file /Users/atanasivanov/ipo-intel/ipo-intel/.venv_airflow/lib/python3.11/site-packages/airflow/example_dags/example_skip_dag.py for tasks to queue
[2026-03-18T16:29:19.664+0100] {logging_mixin.py:190} INFO - [2026-03-18T16:29:19.664+0100] {dagbag.py:588} INFO - Filling up the DagBag from /Users/atanasivanov/ipo-intel/ipo-intel/.venv_airflow/lib/python3.11/site-packages/airflow/example_dags/example_skip_dag.py
[2026-03-18T16:29:19.672+0100] {processor.py:925} INFO - DAG(s) 'example_skip_dag' retrieved from /Users/atanasivanov/ipo-intel/ipo-intel/.venv_airflow/lib/python3.11/site-packages/airflow/example_dags/example_skip_dag.py
[2026-03-18T16:29:19.763+0100] {logging_mixin.py:190} INFO - [2026-03-18T16:29:19.763+0100] {dag.py:3239} INFO - Sync 1 DAGs
[2026-03-18T16:29:19.776+0100] {logging_mixin.py:190} INFO - [2026-03-18T16:29:19.776+0100] {dag.py:4180} INFO - Setting next_dagrun for example_skip_dag to 2026-03-17 00:00:00+00:00, run_after=2026-03-18 00:00:00+00:00
[2026-03-18T16:29:19.790+0100] {processor.py:208} INFO - Processing /Users/atanasivanov/ipo-intel/ipo-intel/.venv_airflow/lib/python3.11/site-packages/airflow/example_dags/example_skip_dag.py took 0.133 seconds
[2026-03-18T16:31:13.490+0100] {processor.py:186} INFO - Started process (PID=48448) to work on /Users/atanasivanov/ipo-intel/ipo-intel/.venv_airflow/lib/python3.11/site-packages/airflow/example_dags/example_skip_dag.py
[2026-03-18T16:31:13.492+0100] {processor.py:914} INFO - Processing file /Users/atanasivanov/ipo-intel/ipo-intel/.venv_airflow/lib/python3.11/site-packages/airflow/example_dags/example_skip_dag.py for tasks to queue
[2026-03-18T16:31:13.493+0100] {logging_mixin.py:190} INFO - [2026-03-18T16:31:13.493+0100] {dagbag.py:588} INFO - Filling up the DagBag from /Users/atanasivanov/ipo-intel/ipo-intel/.venv_airflow/lib/python3.11/site-packages/airflow/example_dags/example_skip_dag.py
[2026-03-18T16:31:13.500+0100] {processor.py:925} INFO - DAG(s) 'example_skip_dag' retrieved from /Users/atanasivanov/ipo-intel/ipo-intel/.venv_airflow/lib/python3.11/site-packages/airflow/example_dags/example_skip_dag.py
[2026-03-18T16:31:13.580+0100] {logging_mixin.py:190} INFO - [2026-03-18T16:31:13.580+0100] {dag.py:3239} INFO - Sync 1 DAGs
[2026-03-18T16:31:13.592+0100] {logging_mixin.py:190} INFO - [2026-03-18T16:31:13.592+0100] {dag.py:4180} INFO - Setting next_dagrun for example_skip_dag to 2026-03-17 00:00:00+00:00, run_after=2026-03-18 00:00:00+00:00
[2026-03-18T16:31:13.607+0100] {processor.py:208} INFO - Processing /Users/atanasivanov/ipo-intel/ipo-intel/.venv_airflow/lib/python3.11/site-packages/airflow/example_dags/example_skip_dag.py took 0.121 seconds
[2026-03-18T16:33:06.562+0100] {processor.py:186} INFO - Started process (PID=48852) to work on /Users/atanasivanov/ipo-intel/ipo-intel/.venv_airflow/lib/python3.11/site-packages/airflow/example_dags/example_skip_dag.py
[2026-03-18T16:33:06.563+0100] {processor.py:914} INFO - Processing file /Users/atanasivanov/ipo-intel/ipo-intel/.venv_airflow/lib/python3.11/site-packages/airflow/example_dags/example_skip_dag.py for tasks to queue
[2026-03-18T16:33:06.564+0100] {logging_mixin.py:190} INFO - [2026-03-18T16:33:06.564+0100] {dagbag.py:588} INFO - Filling up the DagBag from /Users/atanasivanov/ipo-intel/ipo-intel/.venv_airflow/lib/python3.11/site-packages/airflow/example_dags/example_skip_dag.py
[2026-03-18T16:33:06.571+0100] {processor.py:925} INFO - DAG(s) 'example_skip_dag' retrieved from /Users/atanasivanov/ipo-intel/ipo-intel/.venv_airflow/lib/python3.11/site-packages/airflow/example_dags/example_skip_dag.py
[2026-03-18T16:33:06.651+0100] {logging_mixin.py:190} INFO - [2026-03-18T16:33:06.651+0100] {dag.py:3239} INFO - Sync 1 DAGs
[2026-03-18T16:33:06.664+0100] {logging_mixin.py:190} INFO - [2026-03-18T16:33:06.664+0100] {dag.py:4180} INFO - Setting next_dagrun for example_skip_dag to 2026-03-17 00:00:00+00:00, run_after=2026-03-18 00:00:00+00:00
[2026-03-18T16:33:06.678+0100] {processor.py:208} INFO - Processing /Users/atanasivanov/ipo-intel/ipo-intel/.venv_airflow/lib/python3.11/site-packages/airflow/example_dags/example_skip_dag.py took 0.121 seconds
[2026-03-18T16:35:01.998+0100] {processor.py:186} INFO - Started process (PID=49277) to work on /Users/atanasivanov/ipo-intel/ipo-intel/.venv_airflow/lib/python3.11/site-packages/airflow/example_dags/example_skip_dag.py
[2026-03-18T16:35:01.999+0100] {processor.py:914} INFO - Processing file /Users/atanasivanov/ipo-intel/ipo-intel/.venv_airflow/lib/python3.11/site-packages/airflow/example_dags/example_skip_dag.py for tasks to queue
[2026-03-18T16:35:02.000+0100] {logging_mixin.py:190} INFO - [2026-03-18T16:35:02.000+0100] {dagbag.py:588} INFO - Filling up the DagBag from /Users/atanasivanov/ipo-intel/ipo-intel/.venv_airflow/lib/python3.11/site-packages/airflow/example_dags/example_skip_dag.py
[2026-03-18T16:35:02.008+0100] {processor.py:925} INFO - DAG(s) 'example_skip_dag' retrieved from /Users/atanasivanov/ipo-intel/ipo-intel/.venv_airflow/lib/python3.11/site-packages/airflow/example_dags/example_skip_dag.py
[2026-03-18T16:35:02.091+0100] {logging_mixin.py:190} INFO - [2026-03-18T16:35:02.091+0100] {dag.py:3239} INFO - Sync 1 DAGs
[2026-03-18T16:35:02.104+0100] {logging_mixin.py:190} INFO - [2026-03-18T16:35:02.104+0100] {dag.py:4180} INFO - Setting next_dagrun for example_skip_dag to 2026-03-17 00:00:00+00:00, run_after=2026-03-18 00:00:00+00:00
[2026-03-18T16:35:02.120+0100] {processor.py:208} INFO - Processing /Users/atanasivanov/ipo-intel/ipo-intel/.venv_airflow/lib/python3.11/site-packages/airflow/example_dags/example_skip_dag.py took 0.127 seconds
[2026-03-18T16:36:55.153+0100] {processor.py:186} INFO - Started process (PID=49694) to work on /Users/atanasivanov/ipo-intel/ipo-intel/.venv_airflow/lib/python3.11/site-packages/airflow/example_dags/example_skip_dag.py
[2026-03-18T16:36:55.154+0100] {processor.py:914} INFO - Processing file /Users/atanasivanov/ipo-intel/ipo-intel/.venv_airflow/lib/python3.11/site-packages/airflow/example_dags/example_skip_dag.py for tasks to queue
[2026-03-18T16:36:55.156+0100] {logging_mixin.py:190} INFO - [2026-03-18T16:36:55.155+0100] {dagbag.py:588} INFO - Filling up the DagBag from /Users/atanasivanov/ipo-intel/ipo-intel/.venv_airflow/lib/python3.11/site-packages/airflow/example_dags/example_skip_dag.py
[2026-03-18T16:36:55.163+0100] {processor.py:925} INFO - DAG(s) 'example_skip_dag' retrieved from /Users/atanasivanov/ipo-intel/ipo-intel/.venv_airflow/lib/python3.11/site-packages/airflow/example_dags/example_skip_dag.py
[2026-03-18T16:36:55.244+0100] {logging_mixin.py:190} INFO - [2026-03-18T16:36:55.244+0100] {dag.py:3239} INFO - Sync 1 DAGs
[2026-03-18T16:36:55.257+0100] {logging_mixin.py:190} INFO - [2026-03-18T16:36:55.256+0100] {dag.py:4180} INFO - Setting next_dagrun for example_skip_dag to 2026-03-17 00:00:00+00:00, run_after=2026-03-18 00:00:00+00:00
[2026-03-18T16:36:55.271+0100] {processor.py:208} INFO - Processing /Users/atanasivanov/ipo-intel/ipo-intel/.venv_airflow/lib/python3.11/site-packages/airflow/example_dags/example_skip_dag.py took 0.122 seconds
[2026-03-18T16:38:46.925+0100] {processor.py:186} INFO - Started process (PID=50096) to work on /Users/atanasivanov/ipo-intel/ipo-intel/.venv_airflow/lib/python3.11/site-packages/airflow/example_dags/example_skip_dag.py
[2026-03-18T16:38:46.926+0100] {processor.py:914} INFO - Processing file /Users/atanasivanov/ipo-intel/ipo-intel/.venv_airflow/lib/python3.11/site-packages/airflow/example_dags/example_skip_dag.py for tasks to queue
[2026-03-18T16:38:46.927+0100] {logging_mixin.py:190} INFO - [2026-03-18T16:38:46.927+0100] {dagbag.py:588} INFO - Filling up the DagBag from /Users/atanasivanov/ipo-intel/ipo-intel/.venv_airflow/lib/python3.11/site-packages/airflow/example_dags/example_skip_dag.py
[2026-03-18T16:38:46.934+0100] {processor.py:925} INFO - DAG(s) 'example_skip_dag' retrieved from /Users/atanasivanov/ipo-intel/ipo-intel/.venv_airflow/lib/python3.11/site-packages/airflow/example_dags/example_skip_dag.py
[2026-03-18T16:38:47.016+0100] {logging_mixin.py:190} INFO - [2026-03-18T16:38:47.015+0100] {dag.py:3239} INFO - Sync 1 DAGs
[2026-03-18T16:38:47.028+0100] {logging_mixin.py:190} INFO - [2026-03-18T16:38:47.028+0100] {dag.py:4180} INFO - Setting next_dagrun for example_skip_dag to 2026-03-17 00:00:00+00:00, run_after=2026-03-18 00:00:00+00:00
[2026-03-18T16:38:47.043+0100] {processor.py:208} INFO - Processing /Users/atanasivanov/ipo-intel/ipo-intel/.venv_airflow/lib/python3.11/site-packages/airflow/example_dags/example_skip_dag.py took 0.122 seconds
[2026-03-18T16:40:51.120+0100] {processor.py:186} INFO - Started process (PID=51452) to work on /Users/atanasivanov/ipo-intel/ipo-intel/.venv_airflow/lib/python3.11/site-packages/airflow/example_dags/example_skip_dag.py
[2026-03-18T16:40:51.121+0100] {processor.py:914} INFO - Processing file /Users/atanasivanov/ipo-intel/ipo-intel/.venv_airflow/lib/python3.11/site-packages/airflow/example_dags/example_skip_dag.py for tasks to queue
[2026-03-18T16:40:51.122+0100] {logging_mixin.py:190} INFO - [2026-03-18T16:40:51.122+0100] {dagbag.py:588} INFO - Filling up the DagBag from /Users/atanasivanov/ipo-intel/ipo-intel/.venv_airflow/lib/python3.11/site-packages/airflow/example_dags/example_skip_dag.py
[2026-03-18T16:40:51.131+0100] {processor.py:925} INFO - DAG(s) 'example_skip_dag' retrieved from /Users/atanasivanov/ipo-intel/ipo-intel/.venv_airflow/lib/python3.11/site-packages/airflow/example_dags/example_skip_dag.py
[2026-03-18T16:40:51.250+0100] {logging_mixin.py:190} INFO - [2026-03-18T16:40:51.249+0100] {dag.py:3239} INFO - Sync 1 DAGs
[2026-03-18T16:40:51.271+0100] {logging_mixin.py:190} INFO - [2026-03-18T16:40:51.270+0100] {dag.py:4180} INFO - Setting next_dagrun for example_skip_dag to 2026-03-17 00:00:00+00:00, run_after=2026-03-18 00:00:00+00:00
[2026-03-18T16:40:51.290+0100] {processor.py:208} INFO - Processing /Users/atanasivanov/ipo-intel/ipo-intel/.venv_airflow/lib/python3.11/site-packages/airflow/example_dags/example_skip_dag.py took 0.176 seconds
[2026-03-18T16:42:53.810+0100] {processor.py:186} INFO - Started process (PID=52113) to work on /Users/atanasivanov/ipo-intel/ipo-intel/.venv_airflow/lib/python3.11/site-packages/airflow/example_dags/example_skip_dag.py
[2026-03-18T16:42:53.811+0100] {processor.py:914} INFO - Processing file /Users/atanasivanov/ipo-intel/ipo-intel/.venv_airflow/lib/python3.11/site-packages/airflow/example_dags/example_skip_dag.py for tasks to queue
[2026-03-18T16:42:53.812+0100] {logging_mixin.py:190} INFO - [2026-03-18T16:42:53.812+0100] {dagbag.py:588} INFO - Filling up the DagBag from /Users/atanasivanov/ipo-intel/ipo-intel/.venv_airflow/lib/python3.11/site-packages/airflow/example_dags/example_skip_dag.py
[2026-03-18T16:42:53.819+0100] {processor.py:925} INFO - DAG(s) 'example_skip_dag' retrieved from /Users/atanasivanov/ipo-intel/ipo-intel/.venv_airflow/lib/python3.11/site-packages/airflow/example_dags/example_skip_dag.py
[2026-03-18T16:42:53.905+0100] {logging_mixin.py:190} INFO - [2026-03-18T16:42:53.904+0100] {dag.py:3239} INFO - Sync 1 DAGs
[2026-03-18T16:42:53.920+0100] {logging_mixin.py:190} INFO - [2026-03-18T16:42:53.920+0100] {dag.py:4180} INFO - Setting next_dagrun for example_skip_dag to 2026-03-17 00:00:00+00:00, run_after=2026-03-18 00:00:00+00:00
[2026-03-18T16:42:53.934+0100] {processor.py:208} INFO - Processing /Users/atanasivanov/ipo-intel/ipo-intel/.venv_airflow/lib/python3.11/site-packages/airflow/example_dags/example_skip_dag.py took 0.129 seconds
[2026-03-18T16:48:31.365+0100] {processor.py:186} INFO - Started process (PID=53325) to work on /Users/atanasivanov/ipo-intel/ipo-intel/.venv_airflow/lib/python3.11/site-packages/airflow/example_dags/example_skip_dag.py
[2026-03-18T16:48:31.366+0100] {processor.py:914} INFO - Processing file /Users/atanasivanov/ipo-intel/ipo-intel/.venv_airflow/lib/python3.11/site-packages/airflow/example_dags/example_skip_dag.py for tasks to queue
[2026-03-18T16:48:31.367+0100] {logging_mixin.py:190} INFO - [2026-03-18T16:48:31.367+0100] {dagbag.py:588} INFO - Filling up the DagBag from /Users/atanasivanov/ipo-intel/ipo-intel/.venv_airflow/lib/python3.11/site-packages/airflow/example_dags/example_skip_dag.py
[2026-03-18T16:48:31.374+0100] {processor.py:925} INFO - DAG(s) 'example_skip_dag' retrieved from /Users/atanasivanov/ipo-intel/ipo-intel/.venv_airflow/lib/python3.11/site-packages/airflow/example_dags/example_skip_dag.py
[2026-03-18T16:48:31.451+0100] {logging_mixin.py:190} INFO - [2026-03-18T16:48:31.451+0100] {dag.py:3239} INFO - Sync 1 DAGs
[2026-03-18T16:48:31.463+0100] {logging_mixin.py:190} INFO - [2026-03-18T16:48:31.463+0100] {dag.py:4180} INFO - Setting next_dagrun for example_skip_dag to 2026-03-17 00:00:00+00:00, run_after=2026-03-18 00:00:00+00:00
[2026-03-18T16:48:31.477+0100] {processor.py:208} INFO - Processing /Users/atanasivanov/ipo-intel/ipo-intel/.venv_airflow/lib/python3.11/site-packages/airflow/example_dags/example_skip_dag.py took 0.118 seconds
[2026-03-18T16:50:59.481+0100] {processor.py:186} INFO - Started process (PID=53861) to work on /Users/atanasivanov/ipo-intel/ipo-intel/.venv_airflow/lib/python3.11/site-packages/airflow/example_dags/example_skip_dag.py
[2026-03-18T16:50:59.482+0100] {processor.py:914} INFO - Processing file /Users/atanasivanov/ipo-intel/ipo-intel/.venv_airflow/lib/python3.11/site-packages/airflow/example_dags/example_skip_dag.py for tasks to queue
[2026-03-18T16:50:59.483+0100] {logging_mixin.py:190} INFO - [2026-03-18T16:50:59.483+0100] {dagbag.py:588} INFO - Filling up the DagBag from /Users/atanasivanov/ipo-intel/ipo-intel/.venv_airflow/lib/python3.11/site-packages/airflow/example_dags/example_skip_dag.py
[2026-03-18T16:50:59.492+0100] {processor.py:925} INFO - DAG(s) 'example_skip_dag' retrieved from /Users/atanasivanov/ipo-intel/ipo-intel/.venv_airflow/lib/python3.11/site-packages/airflow/example_dags/example_skip_dag.py
[2026-03-18T16:50:59.580+0100] {logging_mixin.py:190} INFO - [2026-03-18T16:50:59.580+0100] {dag.py:3239} INFO - Sync 1 DAGs
[2026-03-18T16:50:59.593+0100] {logging_mixin.py:190} INFO - [2026-03-18T16:50:59.593+0100] {dag.py:4180} INFO - Setting next_dagrun for example_skip_dag to 2026-03-17 00:00:00+00:00, run_after=2026-03-18 00:00:00+00:00
[2026-03-18T16:50:59.610+0100] {processor.py:208} INFO - Processing /Users/atanasivanov/ipo-intel/ipo-intel/.venv_airflow/lib/python3.11/site-packages/airflow/example_dags/example_skip_dag.py took 0.134 seconds
[2026-03-18T16:53:02.389+0100] {processor.py:186} INFO - Started process (PID=54305) to work on /Users/atanasivanov/ipo-intel/ipo-intel/.venv_airflow/lib/python3.11/site-packages/airflow/example_dags/example_skip_dag.py
[2026-03-18T16:53:02.390+0100] {processor.py:914} INFO - Processing file /Users/atanasivanov/ipo-intel/ipo-intel/.venv_airflow/lib/python3.11/site-packages/airflow/example_dags/example_skip_dag.py for tasks to queue
[2026-03-18T16:53:02.392+0100] {logging_mixin.py:190} INFO - [2026-03-18T16:53:02.391+0100] {dagbag.py:588} INFO - Filling up the DagBag from /Users/atanasivanov/ipo-intel/ipo-intel/.venv_airflow/lib/python3.11/site-packages/airflow/example_dags/example_skip_dag.py
[2026-03-18T16:53:02.400+0100] {processor.py:925} INFO - DAG(s) 'example_skip_dag' retrieved from /Users/atanasivanov/ipo-intel/ipo-intel/.venv_airflow/lib/python3.11/site-packages/airflow/example_dags/example_skip_dag.py
[2026-03-18T16:53:02.496+0100] {logging_mixin.py:190} INFO - [2026-03-18T16:53:02.496+0100] {dag.py:3239} INFO - Sync 1 DAGs
[2026-03-18T16:53:02.511+0100] {logging_mixin.py:190} INFO - [2026-03-18T16:53:02.511+0100] {dag.py:4180} INFO - Setting next_dagrun for example_skip_dag to 2026-03-17 00:00:00+00:00, run_after=2026-03-18 00:00:00+00:00
[2026-03-18T16:53:02.528+0100] {processor.py:208} INFO - Processing /Users/atanasivanov/ipo-intel/ipo-intel/.venv_airflow/lib/python3.11/site-packages/airflow/example_dags/example_skip_dag.py took 0.144 seconds
[2026-03-18T16:55:09.914+0100] {processor.py:186} INFO - Started process (PID=55077) to work on /Users/atanasivanov/ipo-intel/ipo-intel/.venv_airflow/lib/python3.11/site-packages/airflow/example_dags/example_skip_dag.py
[2026-03-18T16:55:09.915+0100] {processor.py:914} INFO - Processing file /Users/atanasivanov/ipo-intel/ipo-intel/.venv_airflow/lib/python3.11/site-packages/airflow/example_dags/example_skip_dag.py for tasks to queue
[2026-03-18T16:55:09.916+0100] {logging_mixin.py:190} INFO - [2026-03-18T16:55:09.916+0100] {dagbag.py:588} INFO - Filling up the DagBag from /Users/atanasivanov/ipo-intel/ipo-intel/.venv_airflow/lib/python3.11/site-packages/airflow/example_dags/example_skip_dag.py
[2026-03-18T16:55:09.923+0100] {processor.py:925} INFO - DAG(s) 'example_skip_dag' retrieved from /Users/atanasivanov/ipo-intel/ipo-intel/.venv_airflow/lib/python3.11/site-packages/airflow/example_dags/example_skip_dag.py
[2026-03-18T16:55:10.006+0100] {logging_mixin.py:190} INFO - [2026-03-18T16:55:10.005+0100] {dag.py:3239} INFO - Sync 1 DAGs
[2026-03-18T16:55:10.020+0100] {logging_mixin.py:190} INFO - [2026-03-18T16:55:10.019+0100] {dag.py:4180} INFO - Setting next_dagrun for example_skip_dag to 2026-03-17 00:00:00+00:00, run_after=2026-03-18 00:00:00+00:00
[2026-03-18T16:55:10.037+0100] {processor.py:208} INFO - Processing /Users/atanasivanov/ipo-intel/ipo-intel/.venv_airflow/lib/python3.11/site-packages/airflow/example_dags/example_skip_dag.py took 0.128 seconds
[2026-03-18T16:57:12.233+0100] {processor.py:186} INFO - Started process (PID=55536) to work on /Users/atanasivanov/ipo-intel/ipo-intel/.venv_airflow/lib/python3.11/site-packages/airflow/example_dags/example_skip_dag.py
[2026-03-18T16:57:12.235+0100] {processor.py:914} INFO - Processing file /Users/atanasivanov/ipo-intel/ipo-intel/.venv_airflow/lib/python3.11/site-packages/airflow/example_dags/example_skip_dag.py for tasks to queue
[2026-03-18T16:57:12.236+0100] {logging_mixin.py:190} INFO - [2026-03-18T16:57:12.236+0100] {dagbag.py:588} INFO - Filling up the DagBag from /Users/atanasivanov/ipo-intel/ipo-intel/.venv_airflow/lib/python3.11/site-packages/airflow/example_dags/example_skip_dag.py
[2026-03-18T16:57:12.243+0100] {processor.py:925} INFO - DAG(s) 'example_skip_dag' retrieved from /Users/atanasivanov/ipo-intel/ipo-intel/.venv_airflow/lib/python3.11/site-packages/airflow/example_dags/example_skip_dag.py
[2026-03-18T16:57:12.327+0100] {logging_mixin.py:190} INFO - [2026-03-18T16:57:12.327+0100] {dag.py:3239} INFO - Sync 1 DAGs
[2026-03-18T16:57:12.342+0100] {logging_mixin.py:190} INFO - [2026-03-18T16:57:12.342+0100] {dag.py:4180} INFO - Setting next_dagrun for example_skip_dag to 2026-03-17 00:00:00+00:00, run_after=2026-03-18 00:00:00+00:00
[2026-03-18T16:57:12.357+0100] {processor.py:208} INFO - Processing /Users/atanasivanov/ipo-intel/ipo-intel/.venv_airflow/lib/python3.11/site-packages/airflow/example_dags/example_skip_dag.py took 0.129 seconds
[2026-03-18T16:59:18.280+0100] {processor.py:186} INFO - Started process (PID=55997) to work on /Users/atanasivanov/ipo-intel/ipo-intel/.venv_airflow/lib/python3.11/site-packages/airflow/example_dags/example_skip_dag.py
[2026-03-18T16:59:18.281+0100] {processor.py:914} INFO - Processing file /Users/atanasivanov/ipo-intel/ipo-intel/.venv_airflow/lib/python3.11/site-packages/airflow/example_dags/example_skip_dag.py for tasks to queue
[2026-03-18T16:59:18.281+0100] {logging_mixin.py:190} INFO - [2026-03-18T16:59:18.281+0100] {dagbag.py:588} INFO - Filling up the DagBag from /Users/atanasivanov/ipo-intel/ipo-intel/.venv_airflow/lib/python3.11/site-packages/airflow/example_dags/example_skip_dag.py
[2026-03-18T16:59:18.290+0100] {processor.py:925} INFO - DAG(s) 'example_skip_dag' retrieved from /Users/atanasivanov/ipo-intel/ipo-intel/.venv_airflow/lib/python3.11/site-packages/airflow/example_dags/example_skip_dag.py
[2026-03-18T16:59:18.375+0100] {logging_mixin.py:190} INFO - [2026-03-18T16:59:18.374+0100] {dag.py:3239} INFO - Sync 1 DAGs
[2026-03-18T16:59:18.388+0100] {logging_mixin.py:190} INFO - [2026-03-18T16:59:18.388+0100] {dag.py:4180} INFO - Setting next_dagrun for example_skip_dag to 2026-03-17 00:00:00+00:00, run_after=2026-03-18 00:00:00+00:00
[2026-03-18T16:59:18.402+0100] {processor.py:208} INFO - Processing /Users/atanasivanov/ipo-intel/ipo-intel/.venv_airflow/lib/python3.11/site-packages/airflow/example_dags/example_skip_dag.py took 0.128 seconds
[2026-03-18T17:01:19.001+0100] {processor.py:186} INFO - Started process (PID=56436) to work on /Users/atanasivanov/ipo-intel/ipo-intel/.venv_airflow/lib/python3.11/site-packages/airflow/example_dags/example_skip_dag.py
[2026-03-18T17:01:19.002+0100] {processor.py:914} INFO - Processing file /Users/atanasivanov/ipo-intel/ipo-intel/.venv_airflow/lib/python3.11/site-packages/airflow/example_dags/example_skip_dag.py for tasks to queue
[2026-03-18T17:01:19.003+0100] {logging_mixin.py:190} INFO - [2026-03-18T17:01:19.003+0100] {dagbag.py:588} INFO - Filling up the DagBag from /Users/atanasivanov/ipo-intel/ipo-intel/.venv_airflow/lib/python3.11/site-packages/airflow/example_dags/example_skip_dag.py
[2026-03-18T17:01:19.011+0100] {processor.py:925} INFO - DAG(s) 'example_skip_dag' retrieved from /Users/atanasivanov/ipo-intel/ipo-intel/.venv_airflow/lib/python3.11/site-packages/airflow/example_dags/example_skip_dag.py
[2026-03-18T17:01:19.091+0100] {logging_mixin.py:190} INFO - [2026-03-18T17:01:19.090+0100] {dag.py:3239} INFO - Sync 1 DAGs
[2026-03-18T17:01:19.103+0100] {logging_mixin.py:190} INFO - [2026-03-18T17:01:19.103+0100] {dag.py:4180} INFO - Setting next_dagrun for example_skip_dag to 2026-03-17 00:00:00+00:00, run_after=2026-03-18 00:00:00+00:00
[2026-03-18T17:01:19.117+0100] {processor.py:208} INFO - Processing /Users/atanasivanov/ipo-intel/ipo-intel/.venv_airflow/lib/python3.11/site-packages/airflow/example_dags/example_skip_dag.py took 0.122 seconds
[2026-03-18T17:03:14.481+0100] {processor.py:186} INFO - Started process (PID=56856) to work on /Users/atanasivanov/ipo-intel/ipo-intel/.venv_airflow/lib/python3.11/site-packages/airflow/example_dags/example_skip_dag.py
[2026-03-18T17:03:14.482+0100] {processor.py:914} INFO - Processing file /Users/atanasivanov/ipo-intel/ipo-intel/.venv_airflow/lib/python3.11/site-packages/airflow/example_dags/example_skip_dag.py for tasks to queue
[2026-03-18T17:03:14.483+0100] {logging_mixin.py:190} INFO - [2026-03-18T17:03:14.483+0100] {dagbag.py:588} INFO - Filling up the DagBag from /Users/atanasivanov/ipo-intel/ipo-intel/.venv_airflow/lib/python3.11/site-packages/airflow/example_dags/example_skip_dag.py
[2026-03-18T17:03:14.491+0100] {processor.py:925} INFO - DAG(s) 'example_skip_dag' retrieved from /Users/atanasivanov/ipo-intel/ipo-intel/.venv_airflow/lib/python3.11/site-packages/airflow/example_dags/example_skip_dag.py
[2026-03-18T17:03:14.578+0100] {logging_mixin.py:190} INFO - [2026-03-18T17:03:14.578+0100] {dag.py:3239} INFO - Sync 1 DAGs
[2026-03-18T17:03:14.591+0100] {logging_mixin.py:190} INFO - [2026-03-18T17:03:14.590+0100] {dag.py:4180} INFO - Setting next_dagrun for example_skip_dag to 2026-03-17 00:00:00+00:00, run_after=2026-03-18 00:00:00+00:00
[2026-03-18T17:03:14.605+0100] {processor.py:208} INFO - Processing /Users/atanasivanov/ipo-intel/ipo-intel/.venv_airflow/lib/python3.11/site-packages/airflow/example_dags/example_skip_dag.py took 0.130 seconds
[2026-03-18T17:05:10.094+0100] {processor.py:186} INFO - Started process (PID=57282) to work on /Users/atanasivanov/ipo-intel/ipo-intel/.venv_airflow/lib/python3.11/site-packages/airflow/example_dags/example_skip_dag.py
[2026-03-18T17:05:10.095+0100] {processor.py:914} INFO - Processing file /Users/atanasivanov/ipo-intel/ipo-intel/.venv_airflow/lib/python3.11/site-packages/airflow/example_dags/example_skip_dag.py for tasks to queue
[2026-03-18T17:05:10.097+0100] {logging_mixin.py:190} INFO - [2026-03-18T17:05:10.096+0100] {dagbag.py:588} INFO - Filling up the DagBag from /Users/atanasivanov/ipo-intel/ipo-intel/.venv_airflow/lib/python3.11/site-packages/airflow/example_dags/example_skip_dag.py
[2026-03-18T17:05:10.104+0100] {processor.py:925} INFO - DAG(s) 'example_skip_dag' retrieved from /Users/atanasivanov/ipo-intel/ipo-intel/.venv_airflow/lib/python3.11/site-packages/airflow/example_dags/example_skip_dag.py
[2026-03-18T17:05:10.184+0100] {logging_mixin.py:190} INFO - [2026-03-18T17:05:10.183+0100] {dag.py:3239} INFO - Sync 1 DAGs
[2026-03-18T17:05:10.198+0100] {logging_mixin.py:190} INFO - [2026-03-18T17:05:10.198+0100] {dag.py:4180} INFO - Setting next_dagrun for example_skip_dag to 2026-03-17 00:00:00+00:00, run_after=2026-03-18 00:00:00+00:00
[2026-03-18T17:05:10.214+0100] {processor.py:208} INFO - Processing /Users/atanasivanov/ipo-intel/ipo-intel/.venv_airflow/lib/python3.11/site-packages/airflow/example_dags/example_skip_dag.py took 0.125 seconds
[2026-03-18T17:07:07.095+0100] {processor.py:186} INFO - Started process (PID=57710) to work on /Users/atanasivanov/ipo-intel/ipo-intel/.venv_airflow/lib/python3.11/site-packages/airflow/example_dags/example_skip_dag.py
[2026-03-18T17:07:07.096+0100] {processor.py:914} INFO - Processing file /Users/atanasivanov/ipo-intel/ipo-intel/.venv_airflow/lib/python3.11/site-packages/airflow/example_dags/example_skip_dag.py for tasks to queue
[2026-03-18T17:07:07.097+0100] {logging_mixin.py:190} INFO - [2026-03-18T17:07:07.096+0100] {dagbag.py:588} INFO - Filling up the DagBag from /Users/atanasivanov/ipo-intel/ipo-intel/.venv_airflow/lib/python3.11/site-packages/airflow/example_dags/example_skip_dag.py
[2026-03-18T17:07:07.105+0100] {processor.py:925} INFO - DAG(s) 'example_skip_dag' retrieved from /Users/atanasivanov/ipo-intel/ipo-intel/.venv_airflow/lib/python3.11/site-packages/airflow/example_dags/example_skip_dag.py
[2026-03-18T17:07:07.185+0100] {logging_mixin.py:190} INFO - [2026-03-18T17:07:07.184+0100] {dag.py:3239} INFO - Sync 1 DAGs
[2026-03-18T17:07:07.197+0100] {logging_mixin.py:190} INFO - [2026-03-18T17:07:07.197+0100] {dag.py:4180} INFO - Setting next_dagrun for example_skip_dag to 2026-03-17 00:00:00+00:00, run_after=2026-03-18 00:00:00+00:00
[2026-03-18T17:07:07.212+0100] {processor.py:208} INFO - Processing /Users/atanasivanov/ipo-intel/ipo-intel/.venv_airflow/lib/python3.11/site-packages/airflow/example_dags/example_skip_dag.py took 0.122 seconds
[2026-03-18T17:09:02.580+0100] {processor.py:186} INFO - Started process (PID=58136) to work on /Users/atanasivanov/ipo-intel/ipo-intel/.venv_airflow/lib/python3.11/site-packages/airflow/example_dags/example_skip_dag.py
[2026-03-18T17:09:02.581+0100] {processor.py:914} INFO - Processing file /Users/atanasivanov/ipo-intel/ipo-intel/.venv_airflow/lib/python3.11/site-packages/airflow/example_dags/example_skip_dag.py for tasks to queue
[2026-03-18T17:09:02.582+0100] {logging_mixin.py:190} INFO - [2026-03-18T17:09:02.582+0100] {dagbag.py:588} INFO - Filling up the DagBag from /Users/atanasivanov/ipo-intel/ipo-intel/.venv_airflow/lib/python3.11/site-packages/airflow/example_dags/example_skip_dag.py
[2026-03-18T17:09:02.590+0100] {processor.py:925} INFO - DAG(s) 'example_skip_dag' retrieved from /Users/atanasivanov/ipo-intel/ipo-intel/.venv_airflow/lib/python3.11/site-packages/airflow/example_dags/example_skip_dag.py
[2026-03-18T17:09:02.670+0100] {logging_mixin.py:190} INFO - [2026-03-18T17:09:02.670+0100] {dag.py:3239} INFO - Sync 1 DAGs
[2026-03-18T17:09:02.683+0100] {logging_mixin.py:190} INFO - [2026-03-18T17:09:02.683+0100] {dag.py:4180} INFO - Setting next_dagrun for example_skip_dag to 2026-03-17 00:00:00+00:00, run_after=2026-03-18 00:00:00+00:00
[2026-03-18T17:09:02.699+0100] {processor.py:208} INFO - Processing /Users/atanasivanov/ipo-intel/ipo-intel/.venv_airflow/lib/python3.11/site-packages/airflow/example_dags/example_skip_dag.py took 0.124 seconds
[2026-03-18T17:11:02.257+0100] {processor.py:186} INFO - Started process (PID=58644) to work on /Users/atanasivanov/ipo-intel/ipo-intel/.venv_airflow/lib/python3.11/site-packages/airflow/example_dags/example_skip_dag.py
[2026-03-18T17:11:02.259+0100] {processor.py:914} INFO - Processing file /Users/atanasivanov/ipo-intel/ipo-intel/.venv_airflow/lib/python3.11/site-packages/airflow/example_dags/example_skip_dag.py for tasks to queue
[2026-03-18T17:11:02.260+0100] {logging_mixin.py:190} INFO - [2026-03-18T17:11:02.260+0100] {dagbag.py:588} INFO - Filling up the DagBag from /Users/atanasivanov/ipo-intel/ipo-intel/.venv_airflow/lib/python3.11/site-packages/airflow/example_dags/example_skip_dag.py
[2026-03-18T17:11:02.267+0100] {processor.py:925} INFO - DAG(s) 'example_skip_dag' retrieved from /Users/atanasivanov/ipo-intel/ipo-intel/.venv_airflow/lib/python3.11/site-packages/airflow/example_dags/example_skip_dag.py
[2026-03-18T17:11:02.351+0100] {logging_mixin.py:190} INFO - [2026-03-18T17:11:02.351+0100] {dag.py:3239} INFO - Sync 1 DAGs
[2026-03-18T17:11:02.365+0100] {logging_mixin.py:190} INFO - [2026-03-18T17:11:02.365+0100] {dag.py:4180} INFO - Setting next_dagrun for example_skip_dag to 2026-03-17 00:00:00+00:00, run_after=2026-03-18 00:00:00+00:00
[2026-03-18T17:11:02.381+0100] {processor.py:208} INFO - Processing /Users/atanasivanov/ipo-intel/ipo-intel/.venv_airflow/lib/python3.11/site-packages/airflow/example_dags/example_skip_dag.py took 0.128 seconds
[2026-03-18T17:13:06.846+0100] {processor.py:186} INFO - Started process (PID=59382) to work on /Users/atanasivanov/ipo-intel/ipo-intel/.venv_airflow/lib/python3.11/site-packages/airflow/example_dags/example_skip_dag.py
[2026-03-18T17:13:06.847+0100] {processor.py:914} INFO - Processing file /Users/atanasivanov/ipo-intel/ipo-intel/.venv_airflow/lib/python3.11/site-packages/airflow/example_dags/example_skip_dag.py for tasks to queue
[2026-03-18T17:13:06.848+0100] {logging_mixin.py:190} INFO - [2026-03-18T17:13:06.847+0100] {dagbag.py:588} INFO - Filling up the DagBag from /Users/atanasivanov/ipo-intel/ipo-intel/.venv_airflow/lib/python3.11/site-packages/airflow/example_dags/example_skip_dag.py
[2026-03-18T17:13:06.856+0100] {processor.py:925} INFO - DAG(s) 'example_skip_dag' retrieved from /Users/atanasivanov/ipo-intel/ipo-intel/.venv_airflow/lib/python3.11/site-packages/airflow/example_dags/example_skip_dag.py
[2026-03-18T17:13:06.954+0100] {logging_mixin.py:190} INFO - [2026-03-18T17:13:06.953+0100] {dag.py:3239} INFO - Sync 1 DAGs
[2026-03-18T17:13:06.972+0100] {logging_mixin.py:190} INFO - [2026-03-18T17:13:06.972+0100] {dag.py:4180} INFO - Setting next_dagrun for example_skip_dag to 2026-03-17 00:00:00+00:00, run_after=2026-03-18 00:00:00+00:00
[2026-03-18T17:13:06.990+0100] {processor.py:208} INFO - Processing /Users/atanasivanov/ipo-intel/ipo-intel/.venv_airflow/lib/python3.11/site-packages/airflow/example_dags/example_skip_dag.py took 0.150 seconds
[2026-03-18T17:15:10.538+0100] {processor.py:186} INFO - Started process (PID=59981) to work on /Users/atanasivanov/ipo-intel/ipo-intel/.venv_airflow/lib/python3.11/site-packages/airflow/example_dags/example_skip_dag.py
[2026-03-18T17:15:10.539+0100] {processor.py:914} INFO - Processing file /Users/atanasivanov/ipo-intel/ipo-intel/.venv_airflow/lib/python3.11/site-packages/airflow/example_dags/example_skip_dag.py for tasks to queue
[2026-03-18T17:15:10.540+0100] {logging_mixin.py:190} INFO - [2026-03-18T17:15:10.540+0100] {dagbag.py:588} INFO - Filling up the DagBag from /Users/atanasivanov/ipo-intel/ipo-intel/.venv_airflow/lib/python3.11/site-packages/airflow/example_dags/example_skip_dag.py
[2026-03-18T17:15:10.549+0100] {processor.py:925} INFO - DAG(s) 'example_skip_dag' retrieved from /Users/atanasivanov/ipo-intel/ipo-intel/.venv_airflow/lib/python3.11/site-packages/airflow/example_dags/example_skip_dag.py
[2026-03-18T17:15:10.655+0100] {logging_mixin.py:190} INFO - [2026-03-18T17:15:10.655+0100] {dag.py:3239} INFO - Sync 1 DAGs
[2026-03-18T17:15:10.672+0100] {logging_mixin.py:190} INFO - [2026-03-18T17:15:10.672+0100] {dag.py:4180} INFO - Setting next_dagrun for example_skip_dag to 2026-03-17 00:00:00+00:00, run_after=2026-03-18 00:00:00+00:00
[2026-03-18T17:15:10.691+0100] {processor.py:208} INFO - Processing /Users/atanasivanov/ipo-intel/ipo-intel/.venv_airflow/lib/python3.11/site-packages/airflow/example_dags/example_skip_dag.py took 0.159 seconds
