[2026-03-18T16:21:20.660+0100] {processor.py:186} INFO - Started process (PID=45566) to work on /Users/atanasivanov/ipo-intel/ipo-intel/.venv_airflow/lib/python3.11/site-packages/airflow/example_dags/example_external_task_marker_dag.py
[2026-03-18T16:21:20.661+0100] {processor.py:914} INFO - Processing file /Users/atanasivanov/ipo-intel/ipo-intel/.venv_airflow/lib/python3.11/site-packages/airflow/example_dags/example_external_task_marker_dag.py for tasks to queue
[2026-03-18T16:21:20.662+0100] {logging_mixin.py:190} INFO - [2026-03-18T16:21:20.662+0100] {dagbag.py:588} INFO - Filling up the DagBag from /Users/atanasivanov/ipo-intel/ipo-intel/.venv_airflow/lib/python3.11/site-packages/airflow/example_dags/example_external_task_marker_dag.py
[2026-03-18T16:21:20.674+0100] {processor.py:925} INFO - DAG(s) 'example_external_task_marker_parent', 'example_external_task_marker_child' retrieved from /Users/atanasivanov/ipo-intel/ipo-intel/.venv_airflow/lib/python3.11/site-packages/airflow/example_dags/example_external_task_marker_dag.py
[2026-03-18T16:21:20.886+0100] {logging_mixin.py:190} INFO - [2026-03-18T16:21:20.886+0100] {override.py:1912} INFO - Created Permission View: can edit on DAG:example_external_task_marker_parent
[2026-03-18T16:21:20.895+0100] {logging_mixin.py:190} INFO - [2026-03-18T16:21:20.895+0100] {override.py:1912} INFO - Created Permission View: can read on DAG:example_external_task_marker_parent
[2026-03-18T16:21:20.901+0100] {logging_mixin.py:190} INFO - [2026-03-18T16:21:20.901+0100] {override.py:1912} INFO - Created Permission View: can delete on DAG:example_external_task_marker_parent
[2026-03-18T16:21:20.909+0100] {logging_mixin.py:190} INFO - [2026-03-18T16:21:20.909+0100] {override.py:1912} INFO - Created Permission View: menu access on DAG Run:example_external_task_marker_parent
[2026-03-18T16:21:20.914+0100] {logging_mixin.py:190} INFO - [2026-03-18T16:21:20.914+0100] {override.py:1912} INFO - Created Permission View: can delete on DAG Run:example_external_task_marker_parent
[2026-03-18T16:21:20.920+0100] {logging_mixin.py:190} INFO - [2026-03-18T16:21:20.919+0100] {override.py:1912} INFO - Created Permission View: can read on DAG Run:example_external_task_marker_parent
[2026-03-18T16:21:20.925+0100] {logging_mixin.py:190} INFO - [2026-03-18T16:21:20.924+0100] {override.py:1912} INFO - Created Permission View: can create on DAG Run:example_external_task_marker_parent
[2026-03-18T16:21:20.929+0100] {logging_mixin.py:190} INFO - [2026-03-18T16:21:20.929+0100] {workday.py:41} WARNING - Could not import pandas. Holidays will not be considered.
[2026-03-18T16:21:20.950+0100] {logging_mixin.py:190} INFO - [2026-03-18T16:21:20.950+0100] {override.py:1912} INFO - Created Permission View: can edit on DAG:example_external_task_marker_child
[2026-03-18T16:21:20.956+0100] {logging_mixin.py:190} INFO - [2026-03-18T16:21:20.955+0100] {override.py:1912} INFO - Created Permission View: can read on DAG:example_external_task_marker_child
[2026-03-18T16:21:20.961+0100] {logging_mixin.py:190} INFO - [2026-03-18T16:21:20.960+0100] {override.py:1912} INFO - Created Permission View: can delete on DAG:example_external_task_marker_child
[2026-03-18T16:21:20.967+0100] {logging_mixin.py:190} INFO - [2026-03-18T16:21:20.967+0100] {override.py:1912} INFO - Created Permission View: menu access on DAG Run:example_external_task_marker_child
[2026-03-18T16:21:20.972+0100] {logging_mixin.py:190} INFO - [2026-03-18T16:21:20.972+0100] {override.py:1912} INFO - Created Permission View: can delete on DAG Run:example_external_task_marker_child
[2026-03-18T16:21:20.977+0100] {logging_mixin.py:190} INFO - [2026-03-18T16:21:20.977+0100] {override.py:1912} INFO - Created Permission View: can read on DAG Run:example_external_task_marker_child
[2026-03-18T16:21:20.982+0100] {logging_mixin.py:190} INFO - [2026-03-18T16:21:20.981+0100] {override.py:1912} INFO - Created Permission View: can create on DAG Run:example_external_task_marker_child
[2026-03-18T16:21:20.982+0100] {logging_mixin.py:190} INFO - [2026-03-18T16:21:20.982+0100] {dag.py:3239} INFO - Sync 2 DAGs
[2026-03-18T16:21:20.992+0100] {logging_mixin.py:190} INFO - [2026-03-18T16:21:20.992+0100] {dag.py:3262} INFO - Creating ORM DAG for example_external_task_marker_child
[2026-03-18T16:21:20.992+0100] {logging_mixin.py:190} INFO - [2026-03-18T16:21:20.992+0100] {dag.py:3262} INFO - Creating ORM DAG for example_external_task_marker_parent
[2026-03-18T16:21:20.993+0100] {logging_mixin.py:190} INFO - [2026-03-18T16:21:20.993+0100] {dag.py:4180} INFO - Setting next_dagrun for example_external_task_marker_child to None, run_after=None
[2026-03-18T16:21:20.993+0100] {logging_mixin.py:190} INFO - [2026-03-18T16:21:20.993+0100] {dag.py:4180} INFO - Setting next_dagrun for example_external_task_marker_parent to None, run_after=None
[2026-03-18T16:21:21.007+0100] {processor.py:208} INFO - Processing /Users/atanasivanov/ipo-intel/ipo-intel/.venv_airflow/lib/python3.11/site-packages/airflow/example_dags/example_external_task_marker_dag.py took 0.352 seconds
[2026-03-18T16:23:59.444+0100] {processor.py:186} INFO - Started process (PID=46156) to work on /Users/atanasivanov/ipo-intel/ipo-intel/.venv_airflow/lib/python3.11/site-packages/airflow/example_dags/example_external_task_marker_dag.py
[2026-03-18T16:23:59.446+0100] {processor.py:914} INFO - Processing file /Users/atanasivanov/ipo-intel/ipo-intel/.venv_airflow/lib/python3.11/site-packages/airflow/example_dags/example_external_task_marker_dag.py for tasks to queue
[2026-03-18T16:23:59.447+0100] {logging_mixin.py:190} INFO - [2026-03-18T16:23:59.446+0100] {dagbag.py:588} INFO - Filling up the DagBag from /Users/atanasivanov/ipo-intel/ipo-intel/.venv_airflow/lib/python3.11/site-packages/airflow/example_dags/example_external_task_marker_dag.py
[2026-03-18T16:23:59.458+0100] {processor.py:925} INFO - DAG(s) 'example_external_task_marker_parent', 'example_external_task_marker_child' retrieved from /Users/atanasivanov/ipo-intel/ipo-intel/.venv_airflow/lib/python3.11/site-packages/airflow/example_dags/example_external_task_marker_dag.py
[2026-03-18T16:23:59.540+0100] {logging_mixin.py:190} INFO - [2026-03-18T16:23:59.540+0100] {workday.py:41} WARNING - Could not import pandas. Holidays will not be considered.
[2026-03-18T16:23:59.551+0100] {logging_mixin.py:190} INFO - [2026-03-18T16:23:59.550+0100] {dag.py:3239} INFO - Sync 2 DAGs
[2026-03-18T16:23:59.559+0100] {logging_mixin.py:190} INFO - [2026-03-18T16:23:59.558+0100] {dag.py:4180} INFO - Setting next_dagrun for example_external_task_marker_child to None, run_after=None
[2026-03-18T16:23:59.561+0100] {logging_mixin.py:190} INFO - [2026-03-18T16:23:59.561+0100] {dag.py:4180} INFO - Setting next_dagrun for example_external_task_marker_parent to None, run_after=None
[2026-03-18T16:23:59.573+0100] {processor.py:208} INFO - Processing /Users/atanasivanov/ipo-intel/ipo-intel/.venv_airflow/lib/python3.11/site-packages/airflow/example_dags/example_external_task_marker_dag.py took 0.134 seconds
[2026-03-18T16:28:06.025+0100] {processor.py:186} INFO - Started process (PID=47759) to work on /Users/atanasivanov/ipo-intel/ipo-intel/.venv_airflow/lib/python3.11/site-packages/airflow/example_dags/example_external_task_marker_dag.py
[2026-03-18T16:28:06.026+0100] {processor.py:914} INFO - Processing file /Users/atanasivanov/ipo-intel/ipo-intel/.venv_airflow/lib/python3.11/site-packages/airflow/example_dags/example_external_task_marker_dag.py for tasks to queue
[2026-03-18T16:28:06.027+0100] {logging_mixin.py:190} INFO - [2026-03-18T16:28:06.027+0100] {dagbag.py:588} INFO - Filling up the DagBag from /Users/atanasivanov/ipo-intel/ipo-intel/.venv_airflow/lib/python3.11/site-packages/airflow/example_dags/example_external_task_marker_dag.py
[2026-03-18T16:28:06.039+0100] {processor.py:925} INFO - DAG(s) 'example_external_task_marker_child', 'example_external_task_marker_parent' retrieved from /Users/atanasivanov/ipo-intel/ipo-intel/.venv_airflow/lib/python3.11/site-packages/airflow/example_dags/example_external_task_marker_dag.py
[2026-03-18T16:28:06.113+0100] {logging_mixin.py:190} INFO - [2026-03-18T16:28:06.113+0100] {workday.py:41} WARNING - Could not import pandas. Holidays will not be considered.
[2026-03-18T16:28:06.128+0100] {logging_mixin.py:190} INFO - [2026-03-18T16:28:06.128+0100] {dag.py:3239} INFO - Sync 2 DAGs
[2026-03-18T16:28:06.136+0100] {logging_mixin.py:190} INFO - [2026-03-18T16:28:06.136+0100] {dag.py:4180} INFO - Setting next_dagrun for example_external_task_marker_child to None, run_after=None
[2026-03-18T16:28:06.139+0100] {logging_mixin.py:190} INFO - [2026-03-18T16:28:06.139+0100] {dag.py:4180} INFO - Setting next_dagrun for example_external_task_marker_parent to None, run_after=None
[2026-03-18T16:28:06.151+0100] {processor.py:208} INFO - Processing /Users/atanasivanov/ipo-intel/ipo-intel/.venv_airflow/lib/python3.11/site-packages/airflow/example_dags/example_external_task_marker_dag.py took 0.131 seconds
[2026-03-18T16:31:58.920+0100] {processor.py:186} INFO - Started process (PID=48608) to work on /Users/atanasivanov/ipo-intel/ipo-intel/.venv_airflow/lib/python3.11/site-packages/airflow/example_dags/example_external_task_marker_dag.py
[2026-03-18T16:31:58.921+0100] {processor.py:914} INFO - Processing file /Users/atanasivanov/ipo-intel/ipo-intel/.venv_airflow/lib/python3.11/site-packages/airflow/example_dags/example_external_task_marker_dag.py for tasks to queue
[2026-03-18T16:31:58.922+0100] {logging_mixin.py:190} INFO - [2026-03-18T16:31:58.922+0100] {dagbag.py:588} INFO - Filling up the DagBag from /Users/atanasivanov/ipo-intel/ipo-intel/.venv_airflow/lib/python3.11/site-packages/airflow/example_dags/example_external_task_marker_dag.py
[2026-03-18T16:31:58.933+0100] {processor.py:925} INFO - DAG(s) 'example_external_task_marker_parent', 'example_external_task_marker_child' retrieved from /Users/atanasivanov/ipo-intel/ipo-intel/.venv_airflow/lib/python3.11/site-packages/airflow/example_dags/example_external_task_marker_dag.py
[2026-03-18T16:31:59.009+0100] {logging_mixin.py:190} INFO - [2026-03-18T16:31:59.009+0100] {workday.py:41} WARNING - Could not import pandas. Holidays will not be considered.
[2026-03-18T16:31:59.020+0100] {logging_mixin.py:190} INFO - [2026-03-18T16:31:59.020+0100] {dag.py:3239} INFO - Sync 2 DAGs
[2026-03-18T16:31:59.028+0100] {logging_mixin.py:190} INFO - [2026-03-18T16:31:59.028+0100] {dag.py:4180} INFO - Setting next_dagrun for example_external_task_marker_child to None, run_after=None
[2026-03-18T16:31:59.031+0100] {logging_mixin.py:190} INFO - [2026-03-18T16:31:59.031+0100] {dag.py:4180} INFO - Setting next_dagrun for example_external_task_marker_parent to None, run_after=None
[2026-03-18T16:31:59.044+0100] {processor.py:208} INFO - Processing /Users/atanasivanov/ipo-intel/ipo-intel/.venv_airflow/lib/python3.11/site-packages/airflow/example_dags/example_external_task_marker_dag.py took 0.128 seconds
[2026-03-18T16:35:48.773+0100] {processor.py:186} INFO - Started process (PID=49447) to work on /Users/atanasivanov/ipo-intel/ipo-intel/.venv_airflow/lib/python3.11/site-packages/airflow/example_dags/example_external_task_marker_dag.py
[2026-03-18T16:35:48.774+0100] {processor.py:914} INFO - Processing file /Users/atanasivanov/ipo-intel/ipo-intel/.venv_airflow/lib/python3.11/site-packages/airflow/example_dags/example_external_task_marker_dag.py for tasks to queue
[2026-03-18T16:35:48.775+0100] {logging_mixin.py:190} INFO - [2026-03-18T16:35:48.775+0100] {dagbag.py:588} INFO - Filling up the DagBag from /Users/atanasivanov/ipo-intel/ipo-intel/.venv_airflow/lib/python3.11/site-packages/airflow/example_dags/example_external_task_marker_dag.py
[2026-03-18T16:35:48.786+0100] {processor.py:925} INFO - DAG(s) 'example_external_task_marker_parent', 'example_external_task_marker_child' retrieved from /Users/atanasivanov/ipo-intel/ipo-intel/.venv_airflow/lib/python3.11/site-packages/airflow/example_dags/example_external_task_marker_dag.py
[2026-03-18T16:35:48.864+0100] {logging_mixin.py:190} INFO - [2026-03-18T16:35:48.864+0100] {workday.py:41} WARNING - Could not import pandas. Holidays will not be considered.
[2026-03-18T16:35:48.875+0100] {logging_mixin.py:190} INFO - [2026-03-18T16:35:48.874+0100] {dag.py:3239} INFO - Sync 2 DAGs
[2026-03-18T16:35:48.882+0100] {logging_mixin.py:190} INFO - [2026-03-18T16:35:48.882+0100] {dag.py:4180} INFO - Setting next_dagrun for example_external_task_marker_child to None, run_after=None
[2026-03-18T16:35:48.885+0100] {logging_mixin.py:190} INFO - [2026-03-18T16:35:48.884+0100] {dag.py:4180} INFO - Setting next_dagrun for example_external_task_marker_parent to None, run_after=None
[2026-03-18T16:35:48.896+0100] {processor.py:208} INFO - Processing /Users/atanasivanov/ipo-intel/ipo-intel/.venv_airflow/lib/python3.11/site-packages/airflow/example_dags/example_external_task_marker_dag.py took 0.128 seconds
[2026-03-18T16:39:35.404+0100] {processor.py:186} INFO - Started process (PID=50881) to work on /Users/atanasivanov/ipo-intel/ipo-intel/.venv_airflow/lib/python3.11/site-packages/airflow/example_dags/example_external_task_marker_dag.py
[2026-03-18T16:39:35.408+0100] {processor.py:914} INFO - Processing file /Users/atanasivanov/ipo-intel/ipo-intel/.venv_airflow/lib/python3.11/site-packages/airflow/example_dags/example_external_task_marker_dag.py for tasks to queue
[2026-03-18T16:39:35.410+0100] {logging_mixin.py:190} INFO - [2026-03-18T16:39:35.410+0100] {dagbag.py:588} INFO - Filling up the DagBag from /Users/atanasivanov/ipo-intel/ipo-intel/.venv_airflow/lib/python3.11/site-packages/airflow/example_dags/example_external_task_marker_dag.py
[2026-03-18T16:39:35.424+0100] {processor.py:925} INFO - DAG(s) 'example_external_task_marker_child', 'example_external_task_marker_parent' retrieved from /Users/atanasivanov/ipo-intel/ipo-intel/.venv_airflow/lib/python3.11/site-packages/airflow/example_dags/example_external_task_marker_dag.py
[2026-03-18T16:39:35.519+0100] {logging_mixin.py:190} INFO - [2026-03-18T16:39:35.519+0100] {workday.py:41} WARNING - Could not import pandas. Holidays will not be considered.
[2026-03-18T16:39:35.536+0100] {logging_mixin.py:190} INFO - [2026-03-18T16:39:35.535+0100] {dag.py:3239} INFO - Sync 2 DAGs
[2026-03-18T16:39:35.544+0100] {logging_mixin.py:190} INFO - [2026-03-18T16:39:35.544+0100] {dag.py:4180} INFO - Setting next_dagrun for example_external_task_marker_child to None, run_after=None
[2026-03-18T16:39:35.546+0100] {logging_mixin.py:190} INFO - [2026-03-18T16:39:35.546+0100] {dag.py:4180} INFO - Setting next_dagrun for example_external_task_marker_parent to None, run_after=None
[2026-03-18T16:39:35.558+0100] {processor.py:208} INFO - Processing /Users/atanasivanov/ipo-intel/ipo-intel/.venv_airflow/lib/python3.11/site-packages/airflow/example_dags/example_external_task_marker_dag.py took 0.160 seconds
[2026-03-18T16:49:17.173+0100] {processor.py:186} INFO - Started process (PID=53490) to work on /Users/atanasivanov/ipo-intel/ipo-intel/.venv_airflow/lib/python3.11/site-packages/airflow/example_dags/example_external_task_marker_dag.py
[2026-03-18T16:49:17.174+0100] {processor.py:914} INFO - Processing file /Users/atanasivanov/ipo-intel/ipo-intel/.venv_airflow/lib/python3.11/site-packages/airflow/example_dags/example_external_task_marker_dag.py for tasks to queue
[2026-03-18T16:49:17.175+0100] {logging_mixin.py:190} INFO - [2026-03-18T16:49:17.175+0100] {dagbag.py:588} INFO - Filling up the DagBag from /Users/atanasivanov/ipo-intel/ipo-intel/.venv_airflow/lib/python3.11/site-packages/airflow/example_dags/example_external_task_marker_dag.py
[2026-03-18T16:49:17.187+0100] {processor.py:925} INFO - DAG(s) 'example_external_task_marker_parent', 'example_external_task_marker_child' retrieved from /Users/atanasivanov/ipo-intel/ipo-intel/.venv_airflow/lib/python3.11/site-packages/airflow/example_dags/example_external_task_marker_dag.py
[2026-03-18T16:49:17.261+0100] {logging_mixin.py:190} INFO - [2026-03-18T16:49:17.261+0100] {workday.py:41} WARNING - Could not import pandas. Holidays will not be considered.
[2026-03-18T16:49:17.272+0100] {logging_mixin.py:190} INFO - [2026-03-18T16:49:17.272+0100] {dag.py:3239} INFO - Sync 2 DAGs
[2026-03-18T16:49:17.280+0100] {logging_mixin.py:190} INFO - [2026-03-18T16:49:17.280+0100] {dag.py:4180} INFO - Setting next_dagrun for example_external_task_marker_child to None, run_after=None
[2026-03-18T16:49:17.282+0100] {logging_mixin.py:190} INFO - [2026-03-18T16:49:17.282+0100] {dag.py:4180} INFO - Setting next_dagrun for example_external_task_marker_parent to None, run_after=None
[2026-03-18T16:49:17.294+0100] {processor.py:208} INFO - Processing /Users/atanasivanov/ipo-intel/ipo-intel/.venv_airflow/lib/python3.11/site-packages/airflow/example_dags/example_external_task_marker_dag.py took 0.126 seconds
[2026-03-18T16:51:50.519+0100] {processor.py:186} INFO - Started process (PID=54047) to work on /Users/atanasivanov/ipo-intel/ipo-intel/.venv_airflow/lib/python3.11/site-packages/airflow/example_dags/example_external_task_marker_dag.py
[2026-03-18T16:51:50.520+0100] {processor.py:914} INFO - Processing file /Users/atanasivanov/ipo-intel/ipo-intel/.venv_airflow/lib/python3.11/site-packages/airflow/example_dags/example_external_task_marker_dag.py for tasks to queue
[2026-03-18T16:51:50.521+0100] {logging_mixin.py:190} INFO - [2026-03-18T16:51:50.521+0100] {dagbag.py:588} INFO - Filling up the DagBag from /Users/atanasivanov/ipo-intel/ipo-intel/.venv_airflow/lib/python3.11/site-packages/airflow/example_dags/example_external_task_marker_dag.py
[2026-03-18T16:51:50.532+0100] {processor.py:925} INFO - DAG(s) 'example_external_task_marker_child', 'example_external_task_marker_parent' retrieved from /Users/atanasivanov/ipo-intel/ipo-intel/.venv_airflow/lib/python3.11/site-packages/airflow/example_dags/example_external_task_marker_dag.py
[2026-03-18T16:51:50.606+0100] {logging_mixin.py:190} INFO - [2026-03-18T16:51:50.606+0100] {workday.py:41} WARNING - Could not import pandas. Holidays will not be considered.
[2026-03-18T16:51:50.621+0100] {logging_mixin.py:190} INFO - [2026-03-18T16:51:50.620+0100] {dag.py:3239} INFO - Sync 2 DAGs
[2026-03-18T16:51:50.629+0100] {logging_mixin.py:190} INFO - [2026-03-18T16:51:50.628+0100] {dag.py:4180} INFO - Setting next_dagrun for example_external_task_marker_child to None, run_after=None
[2026-03-18T16:51:50.631+0100] {logging_mixin.py:190} INFO - [2026-03-18T16:51:50.631+0100] {dag.py:4180} INFO - Setting next_dagrun for example_external_task_marker_parent to None, run_after=None
[2026-03-18T16:51:50.643+0100] {processor.py:208} INFO - Processing /Users/atanasivanov/ipo-intel/ipo-intel/.venv_airflow/lib/python3.11/site-packages/airflow/example_dags/example_external_task_marker_dag.py took 0.129 seconds
[2026-03-18T16:56:01.958+0100] {processor.py:186} INFO - Started process (PID=55260) to work on /Users/atanasivanov/ipo-intel/ipo-intel/.venv_airflow/lib/python3.11/site-packages/airflow/example_dags/example_external_task_marker_dag.py
[2026-03-18T16:56:01.959+0100] {processor.py:914} INFO - Processing file /Users/atanasivanov/ipo-intel/ipo-intel/.venv_airflow/lib/python3.11/site-packages/airflow/example_dags/example_external_task_marker_dag.py for tasks to queue
[2026-03-18T16:56:01.960+0100] {logging_mixin.py:190} INFO - [2026-03-18T16:56:01.959+0100] {dagbag.py:588} INFO - Filling up the DagBag from /Users/atanasivanov/ipo-intel/ipo-intel/.venv_airflow/lib/python3.11/site-packages/airflow/example_dags/example_external_task_marker_dag.py
[2026-03-18T16:56:01.972+0100] {processor.py:925} INFO - DAG(s) 'example_external_task_marker_parent', 'example_external_task_marker_child' retrieved from /Users/atanasivanov/ipo-intel/ipo-intel/.venv_airflow/lib/python3.11/site-packages/airflow/example_dags/example_external_task_marker_dag.py
[2026-03-18T16:56:02.057+0100] {logging_mixin.py:190} INFO - [2026-03-18T16:56:02.056+0100] {workday.py:41} WARNING - Could not import pandas. Holidays will not be considered.
[2026-03-18T16:56:02.073+0100] {logging_mixin.py:190} INFO - [2026-03-18T16:56:02.073+0100] {dag.py:3239} INFO - Sync 2 DAGs
[2026-03-18T16:56:02.082+0100] {logging_mixin.py:190} INFO - [2026-03-18T16:56:02.082+0100] {dag.py:4180} INFO - Setting next_dagrun for example_external_task_marker_child to None, run_after=None
[2026-03-18T16:56:02.085+0100] {logging_mixin.py:190} INFO - [2026-03-18T16:56:02.085+0100] {dag.py:4180} INFO - Setting next_dagrun for example_external_task_marker_parent to None, run_after=None
[2026-03-18T16:56:02.098+0100] {processor.py:208} INFO - Processing /Users/atanasivanov/ipo-intel/ipo-intel/.venv_airflow/lib/python3.11/site-packages/airflow/example_dags/example_external_task_marker_dag.py took 0.146 seconds
[2026-03-18T17:00:09.393+0100] {processor.py:186} INFO - Started process (PID=56177) to work on /Users/atanasivanov/ipo-intel/ipo-intel/.venv_airflow/lib/python3.11/site-packages/airflow/example_dags/example_external_task_marker_dag.py
[2026-03-18T17:00:09.394+0100] {processor.py:914} INFO - Processing file /Users/atanasivanov/ipo-intel/ipo-intel/.venv_airflow/lib/python3.11/site-packages/airflow/example_dags/example_external_task_marker_dag.py for tasks to queue
[2026-03-18T17:00:09.396+0100] {logging_mixin.py:190} INFO - [2026-03-18T17:00:09.396+0100] {dagbag.py:588} INFO - Filling up the DagBag from /Users/atanasivanov/ipo-intel/ipo-intel/.venv_airflow/lib/python3.11/site-packages/airflow/example_dags/example_external_task_marker_dag.py
[2026-03-18T17:00:09.410+0100] {processor.py:925} INFO - DAG(s) 'example_external_task_marker_child', 'example_external_task_marker_parent' retrieved from /Users/atanasivanov/ipo-intel/ipo-intel/.venv_airflow/lib/python3.11/site-packages/airflow/example_dags/example_external_task_marker_dag.py
[2026-03-18T17:00:09.500+0100] {logging_mixin.py:190} INFO - [2026-03-18T17:00:09.500+0100] {workday.py:41} WARNING - Could not import pandas. Holidays will not be considered.
[2026-03-18T17:00:09.519+0100] {logging_mixin.py:190} INFO - [2026-03-18T17:00:09.519+0100] {dag.py:3239} INFO - Sync 2 DAGs
[2026-03-18T17:00:09.529+0100] {logging_mixin.py:190} INFO - [2026-03-18T17:00:09.529+0100] {dag.py:4180} INFO - Setting next_dagrun for example_external_task_marker_child to None, run_after=None
[2026-03-18T17:00:09.532+0100] {logging_mixin.py:190} INFO - [2026-03-18T17:00:09.532+0100] {dag.py:4180} INFO - Setting next_dagrun for example_external_task_marker_parent to None, run_after=None
[2026-03-18T17:00:09.548+0100] {processor.py:208} INFO - Processing /Users/atanasivanov/ipo-intel/ipo-intel/.venv_airflow/lib/python3.11/site-packages/airflow/example_dags/example_external_task_marker_dag.py took 0.162 seconds
[2026-03-18T17:04:01.178+0100] {processor.py:186} INFO - Started process (PID=57022) to work on /Users/atanasivanov/ipo-intel/ipo-intel/.venv_airflow/lib/python3.11/site-packages/airflow/example_dags/example_external_task_marker_dag.py
[2026-03-18T17:04:01.179+0100] {processor.py:914} INFO - Processing file /Users/atanasivanov/ipo-intel/ipo-intel/.venv_airflow/lib/python3.11/site-packages/airflow/example_dags/example_external_task_marker_dag.py for tasks to queue
[2026-03-18T17:04:01.180+0100] {logging_mixin.py:190} INFO - [2026-03-18T17:04:01.180+0100] {dagbag.py:588} INFO - Filling up the DagBag from /Users/atanasivanov/ipo-intel/ipo-intel/.venv_airflow/lib/python3.11/site-packages/airflow/example_dags/example_external_task_marker_dag.py
[2026-03-18T17:04:01.192+0100] {processor.py:925} INFO - DAG(s) 'example_external_task_marker_child', 'example_external_task_marker_parent' retrieved from /Users/atanasivanov/ipo-intel/ipo-intel/.venv_airflow/lib/python3.11/site-packages/airflow/example_dags/example_external_task_marker_dag.py
[2026-03-18T17:04:01.265+0100] {logging_mixin.py:190} INFO - [2026-03-18T17:04:01.265+0100] {workday.py:41} WARNING - Could not import pandas. Holidays will not be considered.
[2026-03-18T17:04:01.281+0100] {logging_mixin.py:190} INFO - [2026-03-18T17:04:01.281+0100] {dag.py:3239} INFO - Sync 2 DAGs
[2026-03-18T17:04:01.289+0100] {logging_mixin.py:190} INFO - [2026-03-18T17:04:01.289+0100] {dag.py:4180} INFO - Setting next_dagrun for example_external_task_marker_child to None, run_after=None
[2026-03-18T17:04:01.291+0100] {logging_mixin.py:190} INFO - [2026-03-18T17:04:01.291+0100] {dag.py:4180} INFO - Setting next_dagrun for example_external_task_marker_parent to None, run_after=None
[2026-03-18T17:04:01.303+0100] {processor.py:208} INFO - Processing /Users/atanasivanov/ipo-intel/ipo-intel/.venv_airflow/lib/python3.11/site-packages/airflow/example_dags/example_external_task_marker_dag.py took 0.130 seconds
[2026-03-18T17:07:51.520+0100] {processor.py:186} INFO - Started process (PID=57870) to work on /Users/atanasivanov/ipo-intel/ipo-intel/.venv_airflow/lib/python3.11/site-packages/airflow/example_dags/example_external_task_marker_dag.py
[2026-03-18T17:07:51.521+0100] {processor.py:914} INFO - Processing file /Users/atanasivanov/ipo-intel/ipo-intel/.venv_airflow/lib/python3.11/site-packages/airflow/example_dags/example_external_task_marker_dag.py for tasks to queue
[2026-03-18T17:07:51.522+0100] {logging_mixin.py:190} INFO - [2026-03-18T17:07:51.522+0100] {dagbag.py:588} INFO - Filling up the DagBag from /Users/atanasivanov/ipo-intel/ipo-intel/.venv_airflow/lib/python3.11/site-packages/airflow/example_dags/example_external_task_marker_dag.py
[2026-03-18T17:07:51.534+0100] {processor.py:925} INFO - DAG(s) 'example_external_task_marker_child', 'example_external_task_marker_parent' retrieved from /Users/atanasivanov/ipo-intel/ipo-intel/.venv_airflow/lib/python3.11/site-packages/airflow/example_dags/example_external_task_marker_dag.py
[2026-03-18T17:07:51.606+0100] {logging_mixin.py:190} INFO - [2026-03-18T17:07:51.606+0100] {workday.py:41} WARNING - Could not import pandas. Holidays will not be considered.
[2026-03-18T17:07:51.621+0100] {logging_mixin.py:190} INFO - [2026-03-18T17:07:51.621+0100] {dag.py:3239} INFO - Sync 2 DAGs
[2026-03-18T17:07:51.629+0100] {logging_mixin.py:190} INFO - [2026-03-18T17:07:51.629+0100] {dag.py:4180} INFO - Setting next_dagrun for example_external_task_marker_child to None, run_after=None
[2026-03-18T17:07:51.631+0100] {logging_mixin.py:190} INFO - [2026-03-18T17:07:51.631+0100] {dag.py:4180} INFO - Setting next_dagrun for example_external_task_marker_parent to None, run_after=None
[2026-03-18T17:07:51.643+0100] {processor.py:208} INFO - Processing /Users/atanasivanov/ipo-intel/ipo-intel/.venv_airflow/lib/python3.11/site-packages/airflow/example_dags/example_external_task_marker_dag.py took 0.127 seconds
[2026-03-18T17:11:51.540+0100] {processor.py:186} INFO - Started process (PID=58818) to work on /Users/atanasivanov/ipo-intel/ipo-intel/.venv_airflow/lib/python3.11/site-packages/airflow/example_dags/example_external_task_marker_dag.py
[2026-03-18T17:11:51.541+0100] {processor.py:914} INFO - Processing file /Users/atanasivanov/ipo-intel/ipo-intel/.venv_airflow/lib/python3.11/site-packages/airflow/example_dags/example_external_task_marker_dag.py for tasks to queue
[2026-03-18T17:11:51.542+0100] {logging_mixin.py:190} INFO - [2026-03-18T17:11:51.542+0100] {dagbag.py:588} INFO - Filling up the DagBag from /Users/atanasivanov/ipo-intel/ipo-intel/.venv_airflow/lib/python3.11/site-packages/airflow/example_dags/example_external_task_marker_dag.py
[2026-03-18T17:11:51.553+0100] {processor.py:925} INFO - DAG(s) 'example_external_task_marker_parent', 'example_external_task_marker_child' retrieved from /Users/atanasivanov/ipo-intel/ipo-intel/.venv_airflow/lib/python3.11/site-packages/airflow/example_dags/example_external_task_marker_dag.py
[2026-03-18T17:11:51.630+0100] {logging_mixin.py:190} INFO - [2026-03-18T17:11:51.630+0100] {workday.py:41} WARNING - Could not import pandas. Holidays will not be considered.
[2026-03-18T17:11:51.641+0100] {logging_mixin.py:190} INFO - [2026-03-18T17:11:51.640+0100] {dag.py:3239} INFO - Sync 2 DAGs
[2026-03-18T17:11:51.648+0100] {logging_mixin.py:190} INFO - [2026-03-18T17:11:51.648+0100] {dag.py:4180} INFO - Setting next_dagrun for example_external_task_marker_child to None, run_after=None
[2026-03-18T17:11:51.650+0100] {logging_mixin.py:190} INFO - [2026-03-18T17:11:51.650+0100] {dag.py:4180} INFO - Setting next_dagrun for example_external_task_marker_parent to None, run_after=None
[2026-03-18T17:11:51.662+0100] {processor.py:208} INFO - Processing /Users/atanasivanov/ipo-intel/ipo-intel/.venv_airflow/lib/python3.11/site-packages/airflow/example_dags/example_external_task_marker_dag.py took 0.127 seconds
[2026-03-18T17:16:01.803+0100] {processor.py:186} INFO - Started process (PID=61668) to work on /Users/atanasivanov/ipo-intel/ipo-intel/.venv_airflow/lib/python3.11/site-packages/airflow/example_dags/example_external_task_marker_dag.py
[2026-03-18T17:16:01.804+0100] {processor.py:914} INFO - Processing file /Users/atanasivanov/ipo-intel/ipo-intel/.venv_airflow/lib/python3.11/site-packages/airflow/example_dags/example_external_task_marker_dag.py for tasks to queue
[2026-03-18T17:16:01.805+0100] {logging_mixin.py:190} INFO - [2026-03-18T17:16:01.805+0100] {dagbag.py:588} INFO - Filling up the DagBag from /Users/atanasivanov/ipo-intel/ipo-intel/.venv_airflow/lib/python3.11/site-packages/airflow/example_dags/example_external_task_marker_dag.py
[2026-03-18T17:16:01.818+0100] {processor.py:925} INFO - DAG(s) 'example_external_task_marker_parent', 'example_external_task_marker_child' retrieved from /Users/atanasivanov/ipo-intel/ipo-intel/.venv_airflow/lib/python3.11/site-packages/airflow/example_dags/example_external_task_marker_dag.py
[2026-03-18T17:16:01.909+0100] {logging_mixin.py:190} INFO - [2026-03-18T17:16:01.909+0100] {workday.py:41} WARNING - Could not import pandas. Holidays will not be considered.
[2026-03-18T17:16:01.925+0100] {logging_mixin.py:190} INFO - [2026-03-18T17:16:01.924+0100] {dag.py:3239} INFO - Sync 2 DAGs
[2026-03-18T17:16:01.934+0100] {logging_mixin.py:190} INFO - [2026-03-18T17:16:01.934+0100] {dag.py:4180} INFO - Setting next_dagrun for example_external_task_marker_child to None, run_after=None
[2026-03-18T17:16:01.937+0100] {logging_mixin.py:190} INFO - [2026-03-18T17:16:01.937+0100] {dag.py:4180} INFO - Setting next_dagrun for example_external_task_marker_parent to None, run_after=None
[2026-03-18T17:16:01.951+0100] {processor.py:208} INFO - Processing /Users/atanasivanov/ipo-intel/ipo-intel/.venv_airflow/lib/python3.11/site-packages/airflow/example_dags/example_external_task_marker_dag.py took 0.153 seconds
