[2026-03-18T16:21:56.363+0100] {processor.py:186} INFO - Started process (PID=45706) to work on /Users/atanasivanov/ipo-intel/ipo-intel/.venv_airflow/lib/python3.11/site-packages/airflow/example_dags/example_branch_labels.py
[2026-03-18T16:21:56.365+0100] {processor.py:914} INFO - Processing file /Users/atanasivanov/ipo-intel/ipo-intel/.venv_airflow/lib/python3.11/site-packages/airflow/example_dags/example_branch_labels.py for tasks to queue
[2026-03-18T16:21:56.366+0100] {logging_mixin.py:190} INFO - [2026-03-18T16:21:56.366+0100] {dagbag.py:588} INFO - Filling up the DagBag from /Users/atanasivanov/ipo-intel/ipo-intel/.venv_airflow/lib/python3.11/site-packages/airflow/example_dags/example_branch_labels.py
[2026-03-18T16:21:56.376+0100] {processor.py:925} INFO - DAG(s) 'example_branch_labels' retrieved from /Users/atanasivanov/ipo-intel/ipo-intel/.venv_airflow/lib/python3.11/site-packages/airflow/example_dags/example_branch_labels.py
[2026-03-18T16:21:56.614+0100] {logging_mixin.py:190} INFO - [2026-03-18T16:21:56.614+0100] {override.py:1912} INFO - Created Permission View: can read on DAG:example_branch_labels
[2026-03-18T16:21:56.624+0100] {logging_mixin.py:190} INFO - [2026-03-18T16:21:56.623+0100] {override.py:1912} INFO - Created Permission View: can delete on DAG:example_branch_labels
[2026-03-18T16:21:56.630+0100] {logging_mixin.py:190} INFO - [2026-03-18T16:21:56.630+0100] {override.py:1912} INFO - Created Permission View: can edit on DAG:example_branch_labels
[2026-03-18T16:21:56.638+0100] {logging_mixin.py:190} INFO - [2026-03-18T16:21:56.638+0100] {override.py:1912} INFO - Created Permission View: menu access on DAG Run:example_branch_labels
[2026-03-18T16:21:56.644+0100] {logging_mixin.py:190} INFO - [2026-03-18T16:21:56.643+0100] {override.py:1912} INFO - Created Permission View: can create on DAG Run:example_branch_labels
[2026-03-18T16:21:56.649+0100] {logging_mixin.py:190} INFO - [2026-03-18T16:21:56.649+0100] {override.py:1912} INFO - Created Permission View: can read on DAG Run:example_branch_labels
[2026-03-18T16:21:56.655+0100] {logging_mixin.py:190} INFO - [2026-03-18T16:21:56.654+0100] {override.py:1912} INFO - Created Permission View: can delete on DAG Run:example_branch_labels
[2026-03-18T16:21:56.655+0100] {logging_mixin.py:190} INFO - [2026-03-18T16:21:56.655+0100] {dag.py:3239} INFO - Sync 1 DAGs
[2026-03-18T16:21:56.668+0100] {logging_mixin.py:190} INFO - [2026-03-18T16:21:56.667+0100] {dag.py:3262} INFO - Creating ORM DAG for example_branch_labels
[2026-03-18T16:21:56.676+0100] {logging_mixin.py:190} INFO - [2026-03-18T16:21:56.676+0100] {dag.py:4180} INFO - Setting next_dagrun for example_branch_labels to 2026-03-17 00:00:00+00:00, run_after=2026-03-18 00:00:00+00:00
[2026-03-18T16:21:56.690+0100] {processor.py:208} INFO - Processing /Users/atanasivanov/ipo-intel/ipo-intel/.venv_airflow/lib/python3.11/site-packages/airflow/example_dags/example_branch_labels.py took 0.331 seconds
[2026-03-18T16:26:03.910+0100] {processor.py:186} INFO - Started process (PID=46629) to work on /Users/atanasivanov/ipo-intel/ipo-intel/.venv_airflow/lib/python3.11/site-packages/airflow/example_dags/example_branch_labels.py
[2026-03-18T16:26:03.911+0100] {processor.py:914} INFO - Processing file /Users/atanasivanov/ipo-intel/ipo-intel/.venv_airflow/lib/python3.11/site-packages/airflow/example_dags/example_branch_labels.py for tasks to queue
[2026-03-18T16:26:03.912+0100] {logging_mixin.py:190} INFO - [2026-03-18T16:26:03.912+0100] {dagbag.py:588} INFO - Filling up the DagBag from /Users/atanasivanov/ipo-intel/ipo-intel/.venv_airflow/lib/python3.11/site-packages/airflow/example_dags/example_branch_labels.py
[2026-03-18T16:26:03.921+0100] {processor.py:925} INFO - DAG(s) 'example_branch_labels' retrieved from /Users/atanasivanov/ipo-intel/ipo-intel/.venv_airflow/lib/python3.11/site-packages/airflow/example_dags/example_branch_labels.py
[2026-03-18T16:26:04.002+0100] {logging_mixin.py:190} INFO - [2026-03-18T16:26:04.002+0100] {dag.py:3239} INFO - Sync 1 DAGs
[2026-03-18T16:26:04.015+0100] {logging_mixin.py:190} INFO - [2026-03-18T16:26:04.015+0100] {dag.py:4180} INFO - Setting next_dagrun for example_branch_labels to 2026-03-17 00:00:00+00:00, run_after=2026-03-18 00:00:00+00:00
[2026-03-18T16:26:04.028+0100] {processor.py:208} INFO - Processing /Users/atanasivanov/ipo-intel/ipo-intel/.venv_airflow/lib/python3.11/site-packages/airflow/example_dags/example_branch_labels.py took 0.123 seconds
[2026-03-18T16:30:09.637+0100] {processor.py:186} INFO - Started process (PID=48209) to work on /Users/atanasivanov/ipo-intel/ipo-intel/.venv_airflow/lib/python3.11/site-packages/airflow/example_dags/example_branch_labels.py
[2026-03-18T16:30:09.638+0100] {processor.py:914} INFO - Processing file /Users/atanasivanov/ipo-intel/ipo-intel/.venv_airflow/lib/python3.11/site-packages/airflow/example_dags/example_branch_labels.py for tasks to queue
[2026-03-18T16:30:09.639+0100] {logging_mixin.py:190} INFO - [2026-03-18T16:30:09.639+0100] {dagbag.py:588} INFO - Filling up the DagBag from /Users/atanasivanov/ipo-intel/ipo-intel/.venv_airflow/lib/python3.11/site-packages/airflow/example_dags/example_branch_labels.py
[2026-03-18T16:30:09.648+0100] {processor.py:925} INFO - DAG(s) 'example_branch_labels' retrieved from /Users/atanasivanov/ipo-intel/ipo-intel/.venv_airflow/lib/python3.11/site-packages/airflow/example_dags/example_branch_labels.py
[2026-03-18T16:30:09.728+0100] {logging_mixin.py:190} INFO - [2026-03-18T16:30:09.727+0100] {dag.py:3239} INFO - Sync 1 DAGs
[2026-03-18T16:30:09.741+0100] {logging_mixin.py:190} INFO - [2026-03-18T16:30:09.741+0100] {dag.py:4180} INFO - Setting next_dagrun for example_branch_labels to 2026-03-17 00:00:00+00:00, run_after=2026-03-18 00:00:00+00:00
[2026-03-18T16:30:09.753+0100] {processor.py:208} INFO - Processing /Users/atanasivanov/ipo-intel/ipo-intel/.venv_airflow/lib/python3.11/site-packages/airflow/example_dags/example_branch_labels.py took 0.121 seconds
[2026-03-18T16:33:53.009+0100] {processor.py:186} INFO - Started process (PID=49031) to work on /Users/atanasivanov/ipo-intel/ipo-intel/.venv_airflow/lib/python3.11/site-packages/airflow/example_dags/example_branch_labels.py
[2026-03-18T16:33:53.010+0100] {processor.py:914} INFO - Processing file /Users/atanasivanov/ipo-intel/ipo-intel/.venv_airflow/lib/python3.11/site-packages/airflow/example_dags/example_branch_labels.py for tasks to queue
[2026-03-18T16:33:53.011+0100] {logging_mixin.py:190} INFO - [2026-03-18T16:33:53.010+0100] {dagbag.py:588} INFO - Filling up the DagBag from /Users/atanasivanov/ipo-intel/ipo-intel/.venv_airflow/lib/python3.11/site-packages/airflow/example_dags/example_branch_labels.py
[2026-03-18T16:33:53.019+0100] {processor.py:925} INFO - DAG(s) 'example_branch_labels' retrieved from /Users/atanasivanov/ipo-intel/ipo-intel/.venv_airflow/lib/python3.11/site-packages/airflow/example_dags/example_branch_labels.py
[2026-03-18T16:33:53.097+0100] {logging_mixin.py:190} INFO - [2026-03-18T16:33:53.097+0100] {dag.py:3239} INFO - Sync 1 DAGs
[2026-03-18T16:33:53.110+0100] {logging_mixin.py:190} INFO - [2026-03-18T16:33:53.110+0100] {dag.py:4180} INFO - Setting next_dagrun for example_branch_labels to 2026-03-17 00:00:00+00:00, run_after=2026-03-18 00:00:00+00:00
[2026-03-18T16:33:53.123+0100] {processor.py:208} INFO - Processing /Users/atanasivanov/ipo-intel/ipo-intel/.venv_airflow/lib/python3.11/site-packages/airflow/example_dags/example_branch_labels.py took 0.119 seconds
[2026-03-18T16:37:42.141+0100] {processor.py:186} INFO - Started process (PID=49859) to work on /Users/atanasivanov/ipo-intel/ipo-intel/.venv_airflow/lib/python3.11/site-packages/airflow/example_dags/example_branch_labels.py
[2026-03-18T16:37:42.142+0100] {processor.py:914} INFO - Processing file /Users/atanasivanov/ipo-intel/ipo-intel/.venv_airflow/lib/python3.11/site-packages/airflow/example_dags/example_branch_labels.py for tasks to queue
[2026-03-18T16:37:42.144+0100] {logging_mixin.py:190} INFO - [2026-03-18T16:37:42.143+0100] {dagbag.py:588} INFO - Filling up the DagBag from /Users/atanasivanov/ipo-intel/ipo-intel/.venv_airflow/lib/python3.11/site-packages/airflow/example_dags/example_branch_labels.py
[2026-03-18T16:37:42.152+0100] {processor.py:925} INFO - DAG(s) 'example_branch_labels' retrieved from /Users/atanasivanov/ipo-intel/ipo-intel/.venv_airflow/lib/python3.11/site-packages/airflow/example_dags/example_branch_labels.py
[2026-03-18T16:37:42.231+0100] {logging_mixin.py:190} INFO - [2026-03-18T16:37:42.231+0100] {dag.py:3239} INFO - Sync 1 DAGs
[2026-03-18T16:37:42.244+0100] {logging_mixin.py:190} INFO - [2026-03-18T16:37:42.244+0100] {dag.py:4180} INFO - Setting next_dagrun for example_branch_labels to 2026-03-17 00:00:00+00:00, run_after=2026-03-18 00:00:00+00:00
[2026-03-18T16:37:42.256+0100] {processor.py:208} INFO - Processing /Users/atanasivanov/ipo-intel/ipo-intel/.venv_airflow/lib/python3.11/site-packages/airflow/example_dags/example_branch_labels.py took 0.119 seconds
[2026-03-18T16:41:41.219+0100] {processor.py:186} INFO - Started process (PID=51762) to work on /Users/atanasivanov/ipo-intel/ipo-intel/.venv_airflow/lib/python3.11/site-packages/airflow/example_dags/example_branch_labels.py
[2026-03-18T16:41:41.220+0100] {processor.py:914} INFO - Processing file /Users/atanasivanov/ipo-intel/ipo-intel/.venv_airflow/lib/python3.11/site-packages/airflow/example_dags/example_branch_labels.py for tasks to queue
[2026-03-18T16:41:41.221+0100] {logging_mixin.py:190} INFO - [2026-03-18T16:41:41.221+0100] {dagbag.py:588} INFO - Filling up the DagBag from /Users/atanasivanov/ipo-intel/ipo-intel/.venv_airflow/lib/python3.11/site-packages/airflow/example_dags/example_branch_labels.py
[2026-03-18T16:41:41.231+0100] {processor.py:925} INFO - DAG(s) 'example_branch_labels' retrieved from /Users/atanasivanov/ipo-intel/ipo-intel/.venv_airflow/lib/python3.11/site-packages/airflow/example_dags/example_branch_labels.py
[2026-03-18T16:41:41.330+0100] {logging_mixin.py:190} INFO - [2026-03-18T16:41:41.329+0100] {dag.py:3239} INFO - Sync 1 DAGs
[2026-03-18T16:41:41.347+0100] {logging_mixin.py:190} INFO - [2026-03-18T16:41:41.346+0100] {dag.py:4180} INFO - Setting next_dagrun for example_branch_labels to 2026-03-17 00:00:00+00:00, run_after=2026-03-18 00:00:00+00:00
[2026-03-18T16:41:41.362+0100] {processor.py:208} INFO - Processing /Users/atanasivanov/ipo-intel/ipo-intel/.venv_airflow/lib/python3.11/site-packages/airflow/example_dags/example_branch_labels.py took 0.151 seconds
[2026-03-18T16:49:49.613+0100] {processor.py:186} INFO - Started process (PID=53603) to work on /Users/atanasivanov/ipo-intel/ipo-intel/.venv_airflow/lib/python3.11/site-packages/airflow/example_dags/example_branch_labels.py
[2026-03-18T16:49:49.614+0100] {processor.py:914} INFO - Processing file /Users/atanasivanov/ipo-intel/ipo-intel/.venv_airflow/lib/python3.11/site-packages/airflow/example_dags/example_branch_labels.py for tasks to queue
[2026-03-18T16:49:49.615+0100] {logging_mixin.py:190} INFO - [2026-03-18T16:49:49.614+0100] {dagbag.py:588} INFO - Filling up the DagBag from /Users/atanasivanov/ipo-intel/ipo-intel/.venv_airflow/lib/python3.11/site-packages/airflow/example_dags/example_branch_labels.py
[2026-03-18T16:49:49.623+0100] {processor.py:925} INFO - DAG(s) 'example_branch_labels' retrieved from /Users/atanasivanov/ipo-intel/ipo-intel/.venv_airflow/lib/python3.11/site-packages/airflow/example_dags/example_branch_labels.py
[2026-03-18T16:49:49.701+0100] {logging_mixin.py:190} INFO - [2026-03-18T16:49:49.701+0100] {dag.py:3239} INFO - Sync 1 DAGs
[2026-03-18T16:49:49.715+0100] {logging_mixin.py:190} INFO - [2026-03-18T16:49:49.715+0100] {dag.py:4180} INFO - Setting next_dagrun for example_branch_labels to 2026-03-17 00:00:00+00:00, run_after=2026-03-18 00:00:00+00:00
[2026-03-18T16:49:49.728+0100] {processor.py:208} INFO - Processing /Users/atanasivanov/ipo-intel/ipo-intel/.venv_airflow/lib/python3.11/site-packages/airflow/example_dags/example_branch_labels.py took 0.120 seconds
[2026-03-18T16:53:54.802+0100] {processor.py:186} INFO - Started process (PID=54608) to work on /Users/atanasivanov/ipo-intel/ipo-intel/.venv_airflow/lib/python3.11/site-packages/airflow/example_dags/example_branch_labels.py
[2026-03-18T16:53:54.804+0100] {processor.py:914} INFO - Processing file /Users/atanasivanov/ipo-intel/ipo-intel/.venv_airflow/lib/python3.11/site-packages/airflow/example_dags/example_branch_labels.py for tasks to queue
[2026-03-18T16:53:54.805+0100] {logging_mixin.py:190} INFO - [2026-03-18T16:53:54.805+0100] {dagbag.py:588} INFO - Filling up the DagBag from /Users/atanasivanov/ipo-intel/ipo-intel/.venv_airflow/lib/python3.11/site-packages/airflow/example_dags/example_branch_labels.py
[2026-03-18T16:53:54.815+0100] {processor.py:925} INFO - DAG(s) 'example_branch_labels' retrieved from /Users/atanasivanov/ipo-intel/ipo-intel/.venv_airflow/lib/python3.11/site-packages/airflow/example_dags/example_branch_labels.py
[2026-03-18T16:53:54.916+0100] {logging_mixin.py:190} INFO - [2026-03-18T16:53:54.916+0100] {dag.py:3239} INFO - Sync 1 DAGs
[2026-03-18T16:53:54.935+0100] {logging_mixin.py:190} INFO - [2026-03-18T16:53:54.934+0100] {dag.py:4180} INFO - Setting next_dagrun for example_branch_labels to 2026-03-17 00:00:00+00:00, run_after=2026-03-18 00:00:00+00:00
[2026-03-18T16:53:54.951+0100] {processor.py:208} INFO - Processing /Users/atanasivanov/ipo-intel/ipo-intel/.venv_airflow/lib/python3.11/site-packages/airflow/example_dags/example_branch_labels.py took 0.155 seconds
[2026-03-18T16:58:06.787+0100] {processor.py:186} INFO - Started process (PID=55744) to work on /Users/atanasivanov/ipo-intel/ipo-intel/.venv_airflow/lib/python3.11/site-packages/airflow/example_dags/example_branch_labels.py
[2026-03-18T16:58:06.789+0100] {processor.py:914} INFO - Processing file /Users/atanasivanov/ipo-intel/ipo-intel/.venv_airflow/lib/python3.11/site-packages/airflow/example_dags/example_branch_labels.py for tasks to queue
[2026-03-18T16:58:06.790+0100] {logging_mixin.py:190} INFO - [2026-03-18T16:58:06.790+0100] {dagbag.py:588} INFO - Filling up the DagBag from /Users/atanasivanov/ipo-intel/ipo-intel/.venv_airflow/lib/python3.11/site-packages/airflow/example_dags/example_branch_labels.py
[2026-03-18T16:58:06.799+0100] {processor.py:925} INFO - DAG(s) 'example_branch_labels' retrieved from /Users/atanasivanov/ipo-intel/ipo-intel/.venv_airflow/lib/python3.11/site-packages/airflow/example_dags/example_branch_labels.py
[2026-03-18T16:58:06.884+0100] {logging_mixin.py:190} INFO - [2026-03-18T16:58:06.883+0100] {dag.py:3239} INFO - Sync 1 DAGs
[2026-03-18T16:58:06.898+0100] {logging_mixin.py:190} INFO - [2026-03-18T16:58:06.897+0100] {dag.py:4180} INFO - Setting next_dagrun for example_branch_labels to 2026-03-17 00:00:00+00:00, run_after=2026-03-18 00:00:00+00:00
[2026-03-18T16:58:06.910+0100] {processor.py:208} INFO - Processing /Users/atanasivanov/ipo-intel/ipo-intel/.venv_airflow/lib/python3.11/site-packages/airflow/example_dags/example_branch_labels.py took 0.129 seconds
[2026-03-18T17:02:07.937+0100] {processor.py:186} INFO - Started process (PID=56617) to work on /Users/atanasivanov/ipo-intel/ipo-intel/.venv_airflow/lib/python3.11/site-packages/airflow/example_dags/example_branch_labels.py
[2026-03-18T17:02:07.938+0100] {processor.py:914} INFO - Processing file /Users/atanasivanov/ipo-intel/ipo-intel/.venv_airflow/lib/python3.11/site-packages/airflow/example_dags/example_branch_labels.py for tasks to queue
[2026-03-18T17:02:07.939+0100] {logging_mixin.py:190} INFO - [2026-03-18T17:02:07.938+0100] {dagbag.py:588} INFO - Filling up the DagBag from /Users/atanasivanov/ipo-intel/ipo-intel/.venv_airflow/lib/python3.11/site-packages/airflow/example_dags/example_branch_labels.py
[2026-03-18T17:02:07.947+0100] {processor.py:925} INFO - DAG(s) 'example_branch_labels' retrieved from /Users/atanasivanov/ipo-intel/ipo-intel/.venv_airflow/lib/python3.11/site-packages/airflow/example_dags/example_branch_labels.py
[2026-03-18T17:02:08.025+0100] {logging_mixin.py:190} INFO - [2026-03-18T17:02:08.025+0100] {dag.py:3239} INFO - Sync 1 DAGs
[2026-03-18T17:02:08.039+0100] {logging_mixin.py:190} INFO - [2026-03-18T17:02:08.038+0100] {dag.py:4180} INFO - Setting next_dagrun for example_branch_labels to 2026-03-17 00:00:00+00:00, run_after=2026-03-18 00:00:00+00:00
[2026-03-18T17:02:08.051+0100] {processor.py:208} INFO - Processing /Users/atanasivanov/ipo-intel/ipo-intel/.venv_airflow/lib/python3.11/site-packages/airflow/example_dags/example_branch_labels.py took 0.119 seconds
[2026-03-18T17:06:00.432+0100] {processor.py:186} INFO - Started process (PID=57466) to work on /Users/atanasivanov/ipo-intel/ipo-intel/.venv_airflow/lib/python3.11/site-packages/airflow/example_dags/example_branch_labels.py
[2026-03-18T17:06:00.433+0100] {processor.py:914} INFO - Processing file /Users/atanasivanov/ipo-intel/ipo-intel/.venv_airflow/lib/python3.11/site-packages/airflow/example_dags/example_branch_labels.py for tasks to queue
[2026-03-18T17:06:00.433+0100] {logging_mixin.py:190} INFO - [2026-03-18T17:06:00.433+0100] {dagbag.py:588} INFO - Filling up the DagBag from /Users/atanasivanov/ipo-intel/ipo-intel/.venv_airflow/lib/python3.11/site-packages/airflow/example_dags/example_branch_labels.py
[2026-03-18T17:06:00.441+0100] {processor.py:925} INFO - DAG(s) 'example_branch_labels' retrieved from /Users/atanasivanov/ipo-intel/ipo-intel/.venv_airflow/lib/python3.11/site-packages/airflow/example_dags/example_branch_labels.py
[2026-03-18T17:06:00.519+0100] {logging_mixin.py:190} INFO - [2026-03-18T17:06:00.519+0100] {dag.py:3239} INFO - Sync 1 DAGs
[2026-03-18T17:06:00.534+0100] {logging_mixin.py:190} INFO - [2026-03-18T17:06:00.533+0100] {dag.py:4180} INFO - Setting next_dagrun for example_branch_labels to 2026-03-17 00:00:00+00:00, run_after=2026-03-18 00:00:00+00:00
[2026-03-18T17:06:00.546+0100] {processor.py:208} INFO - Processing /Users/atanasivanov/ipo-intel/ipo-intel/.venv_airflow/lib/python3.11/site-packages/airflow/example_dags/example_branch_labels.py took 0.119 seconds
[2026-03-18T17:09:51.150+0100] {processor.py:186} INFO - Started process (PID=58357) to work on /Users/atanasivanov/ipo-intel/ipo-intel/.venv_airflow/lib/python3.11/site-packages/airflow/example_dags/example_branch_labels.py
[2026-03-18T17:09:51.151+0100] {processor.py:914} INFO - Processing file /Users/atanasivanov/ipo-intel/ipo-intel/.venv_airflow/lib/python3.11/site-packages/airflow/example_dags/example_branch_labels.py for tasks to queue
[2026-03-18T17:09:51.153+0100] {logging_mixin.py:190} INFO - [2026-03-18T17:09:51.152+0100] {dagbag.py:588} INFO - Filling up the DagBag from /Users/atanasivanov/ipo-intel/ipo-intel/.venv_airflow/lib/python3.11/site-packages/airflow/example_dags/example_branch_labels.py
[2026-03-18T17:09:51.160+0100] {processor.py:925} INFO - DAG(s) 'example_branch_labels' retrieved from /Users/atanasivanov/ipo-intel/ipo-intel/.venv_airflow/lib/python3.11/site-packages/airflow/example_dags/example_branch_labels.py
[2026-03-18T17:09:51.317+0100] {logging_mixin.py:190} INFO - [2026-03-18T17:09:51.317+0100] {dag.py:3239} INFO - Sync 1 DAGs
[2026-03-18T17:09:51.336+0100] {logging_mixin.py:190} INFO - [2026-03-18T17:09:51.335+0100] {dag.py:4180} INFO - Setting next_dagrun for example_branch_labels to 2026-03-17 00:00:00+00:00, run_after=2026-03-18 00:00:00+00:00
[2026-03-18T17:09:51.351+0100] {processor.py:208} INFO - Processing /Users/atanasivanov/ipo-intel/ipo-intel/.venv_airflow/lib/python3.11/site-packages/airflow/example_dags/example_branch_labels.py took 0.206 seconds
[2026-03-18T17:14:00.846+0100] {processor.py:186} INFO - Started process (PID=59713) to work on /Users/atanasivanov/ipo-intel/ipo-intel/.venv_airflow/lib/python3.11/site-packages/airflow/example_dags/example_branch_labels.py
[2026-03-18T17:14:00.847+0100] {processor.py:914} INFO - Processing file /Users/atanasivanov/ipo-intel/ipo-intel/.venv_airflow/lib/python3.11/site-packages/airflow/example_dags/example_branch_labels.py for tasks to queue
[2026-03-18T17:14:00.848+0100] {logging_mixin.py:190} INFO - [2026-03-18T17:14:00.848+0100] {dagbag.py:588} INFO - Filling up the DagBag from /Users/atanasivanov/ipo-intel/ipo-intel/.venv_airflow/lib/python3.11/site-packages/airflow/example_dags/example_branch_labels.py
[2026-03-18T17:14:00.856+0100] {processor.py:925} INFO - DAG(s) 'example_branch_labels' retrieved from /Users/atanasivanov/ipo-intel/ipo-intel/.venv_airflow/lib/python3.11/site-packages/airflow/example_dags/example_branch_labels.py
[2026-03-18T17:14:00.942+0100] {logging_mixin.py:190} INFO - [2026-03-18T17:14:00.942+0100] {dag.py:3239} INFO - Sync 1 DAGs
[2026-03-18T17:14:00.962+0100] {logging_mixin.py:190} INFO - [2026-03-18T17:14:00.961+0100] {dag.py:4180} INFO - Setting next_dagrun for example_branch_labels to 2026-03-17 00:00:00+00:00, run_after=2026-03-18 00:00:00+00:00
[2026-03-18T17:14:01.072+0100] {processor.py:208} INFO - Processing /Users/atanasivanov/ipo-intel/ipo-intel/.venv_airflow/lib/python3.11/site-packages/airflow/example_dags/example_branch_labels.py took 0.231 seconds
