[2026-03-18T16:16:24.370+0100] {processor.py:186} INFO - Started process (PID=44515) to work on /Users/atanasivanov/ipo-intel/ipo-intel/.venv_airflow/lib/python3.11/site-packages/airflow/example_dags/example_short_circuit_decorator.py
[2026-03-18T16:16:24.372+0100] {processor.py:914} INFO - Processing file /Users/atanasivanov/ipo-intel/ipo-intel/.venv_airflow/lib/python3.11/site-packages/airflow/example_dags/example_short_circuit_decorator.py for tasks to queue
[2026-03-18T16:16:24.374+0100] {logging_mixin.py:190} INFO - [2026-03-18T16:16:24.374+0100] {dagbag.py:588} INFO - Filling up the DagBag from /Users/atanasivanov/ipo-intel/ipo-intel/.venv_airflow/lib/python3.11/site-packages/airflow/example_dags/example_short_circuit_decorator.py
[2026-03-18T16:16:24.418+0100] {processor.py:925} INFO - DAG(s) 'example_short_circuit_decorator' retrieved from /Users/atanasivanov/ipo-intel/ipo-intel/.venv_airflow/lib/python3.11/site-packages/airflow/example_dags/example_short_circuit_decorator.py
[2026-03-18T16:16:24.662+0100] {logging_mixin.py:190} INFO - [2026-03-18T16:16:24.661+0100] {override.py:1912} INFO - Created Permission View: can edit on DAG:example_short_circuit_decorator
[2026-03-18T16:16:24.670+0100] {logging_mixin.py:190} INFO - [2026-03-18T16:16:24.669+0100] {override.py:1912} INFO - Created Permission View: can read on DAG:example_short_circuit_decorator
[2026-03-18T16:16:24.675+0100] {logging_mixin.py:190} INFO - [2026-03-18T16:16:24.675+0100] {override.py:1912} INFO - Created Permission View: can delete on DAG:example_short_circuit_decorator
[2026-03-18T16:16:24.683+0100] {logging_mixin.py:190} INFO - [2026-03-18T16:16:24.683+0100] {override.py:1912} INFO - Created Permission View: menu access on DAG Run:example_short_circuit_decorator
[2026-03-18T16:16:24.689+0100] {logging_mixin.py:190} INFO - [2026-03-18T16:16:24.688+0100] {override.py:1912} INFO - Created Permission View: can delete on DAG Run:example_short_circuit_decorator
[2026-03-18T16:16:24.694+0100] {logging_mixin.py:190} INFO - [2026-03-18T16:16:24.694+0100] {override.py:1912} INFO - Created Permission View: can read on DAG Run:example_short_circuit_decorator
[2026-03-18T16:16:24.699+0100] {logging_mixin.py:190} INFO - [2026-03-18T16:16:24.699+0100] {override.py:1912} INFO - Created Permission View: can create on DAG Run:example_short_circuit_decorator
[2026-03-18T16:16:24.699+0100] {logging_mixin.py:190} INFO - [2026-03-18T16:16:24.699+0100] {dag.py:3239} INFO - Sync 1 DAGs
[2026-03-18T16:16:24.710+0100] {logging_mixin.py:190} INFO - [2026-03-18T16:16:24.710+0100] {dag.py:3262} INFO - Creating ORM DAG for example_short_circuit_decorator
[2026-03-18T16:16:24.710+0100] {logging_mixin.py:190} INFO - [2026-03-18T16:16:24.710+0100] {dag.py:4180} INFO - Setting next_dagrun for example_short_circuit_decorator to None, run_after=None
[2026-03-18T16:16:24.726+0100] {processor.py:208} INFO - Processing /Users/atanasivanov/ipo-intel/ipo-intel/.venv_airflow/lib/python3.11/site-packages/airflow/example_dags/example_short_circuit_decorator.py took 0.362 seconds
[2026-03-18T16:20:34.253+0100] {processor.py:186} INFO - Started process (PID=45384) to work on /Users/atanasivanov/ipo-intel/ipo-intel/.venv_airflow/lib/python3.11/site-packages/airflow/example_dags/example_short_circuit_decorator.py
[2026-03-18T16:20:34.254+0100] {processor.py:914} INFO - Processing file /Users/atanasivanov/ipo-intel/ipo-intel/.venv_airflow/lib/python3.11/site-packages/airflow/example_dags/example_short_circuit_decorator.py for tasks to queue
[2026-03-18T16:20:34.255+0100] {logging_mixin.py:190} INFO - [2026-03-18T16:20:34.255+0100] {dagbag.py:588} INFO - Filling up the DagBag from /Users/atanasivanov/ipo-intel/ipo-intel/.venv_airflow/lib/python3.11/site-packages/airflow/example_dags/example_short_circuit_decorator.py
[2026-03-18T16:20:34.301+0100] {processor.py:925} INFO - DAG(s) 'example_short_circuit_decorator' retrieved from /Users/atanasivanov/ipo-intel/ipo-intel/.venv_airflow/lib/python3.11/site-packages/airflow/example_dags/example_short_circuit_decorator.py
[2026-03-18T16:20:34.399+0100] {logging_mixin.py:190} INFO - [2026-03-18T16:20:34.399+0100] {dag.py:3239} INFO - Sync 1 DAGs
[2026-03-18T16:20:34.461+0100] {logging_mixin.py:190} INFO - [2026-03-18T16:20:34.460+0100] {dag.py:4180} INFO - Setting next_dagrun for example_short_circuit_decorator to None, run_after=None
[2026-03-18T16:20:34.478+0100] {processor.py:208} INFO - Processing /Users/atanasivanov/ipo-intel/ipo-intel/.venv_airflow/lib/python3.11/site-packages/airflow/example_dags/example_short_circuit_decorator.py took 0.232 seconds
[2026-03-18T16:23:13.836+0100] {processor.py:186} INFO - Started process (PID=45998) to work on /Users/atanasivanov/ipo-intel/ipo-intel/.venv_airflow/lib/python3.11/site-packages/airflow/example_dags/example_short_circuit_decorator.py
[2026-03-18T16:23:13.837+0100] {processor.py:914} INFO - Processing file /Users/atanasivanov/ipo-intel/ipo-intel/.venv_airflow/lib/python3.11/site-packages/airflow/example_dags/example_short_circuit_decorator.py for tasks to queue
[2026-03-18T16:23:13.839+0100] {logging_mixin.py:190} INFO - [2026-03-18T16:23:13.838+0100] {dagbag.py:588} INFO - Filling up the DagBag from /Users/atanasivanov/ipo-intel/ipo-intel/.venv_airflow/lib/python3.11/site-packages/airflow/example_dags/example_short_circuit_decorator.py
[2026-03-18T16:23:13.880+0100] {processor.py:925} INFO - DAG(s) 'example_short_circuit_decorator' retrieved from /Users/atanasivanov/ipo-intel/ipo-intel/.venv_airflow/lib/python3.11/site-packages/airflow/example_dags/example_short_circuit_decorator.py
[2026-03-18T16:23:13.977+0100] {logging_mixin.py:190} INFO - [2026-03-18T16:23:13.977+0100] {dag.py:3239} INFO - Sync 1 DAGs
[2026-03-18T16:23:14.035+0100] {logging_mixin.py:190} INFO - [2026-03-18T16:23:14.034+0100] {dag.py:4180} INFO - Setting next_dagrun for example_short_circuit_decorator to None, run_after=None
[2026-03-18T16:23:14.051+0100] {processor.py:208} INFO - Processing /Users/atanasivanov/ipo-intel/ipo-intel/.venv_airflow/lib/python3.11/site-packages/airflow/example_dags/example_short_circuit_decorator.py took 0.221 seconds
[2026-03-18T16:25:17.177+0100] {processor.py:186} INFO - Started process (PID=46452) to work on /Users/atanasivanov/ipo-intel/ipo-intel/.venv_airflow/lib/python3.11/site-packages/airflow/example_dags/example_short_circuit_decorator.py
[2026-03-18T16:25:17.178+0100] {processor.py:914} INFO - Processing file /Users/atanasivanov/ipo-intel/ipo-intel/.venv_airflow/lib/python3.11/site-packages/airflow/example_dags/example_short_circuit_decorator.py for tasks to queue
[2026-03-18T16:25:17.179+0100] {logging_mixin.py:190} INFO - [2026-03-18T16:25:17.179+0100] {dagbag.py:588} INFO - Filling up the DagBag from /Users/atanasivanov/ipo-intel/ipo-intel/.venv_airflow/lib/python3.11/site-packages/airflow/example_dags/example_short_circuit_decorator.py
[2026-03-18T16:25:17.218+0100] {processor.py:925} INFO - DAG(s) 'example_short_circuit_decorator' retrieved from /Users/atanasivanov/ipo-intel/ipo-intel/.venv_airflow/lib/python3.11/site-packages/airflow/example_dags/example_short_circuit_decorator.py
[2026-03-18T16:25:17.302+0100] {logging_mixin.py:190} INFO - [2026-03-18T16:25:17.302+0100] {dag.py:3239} INFO - Sync 1 DAGs
[2026-03-18T16:25:17.365+0100] {logging_mixin.py:190} INFO - [2026-03-18T16:25:17.365+0100] {dag.py:4180} INFO - Setting next_dagrun for example_short_circuit_decorator to None, run_after=None
[2026-03-18T16:25:17.382+0100] {processor.py:208} INFO - Processing /Users/atanasivanov/ipo-intel/ipo-intel/.venv_airflow/lib/python3.11/site-packages/airflow/example_dags/example_short_circuit_decorator.py took 0.210 seconds
[2026-03-18T16:27:19.506+0100] {processor.py:186} INFO - Started process (PID=47407) to work on /Users/atanasivanov/ipo-intel/ipo-intel/.venv_airflow/lib/python3.11/site-packages/airflow/example_dags/example_short_circuit_decorator.py
[2026-03-18T16:27:19.507+0100] {processor.py:914} INFO - Processing file /Users/atanasivanov/ipo-intel/ipo-intel/.venv_airflow/lib/python3.11/site-packages/airflow/example_dags/example_short_circuit_decorator.py for tasks to queue
[2026-03-18T16:27:19.508+0100] {logging_mixin.py:190} INFO - [2026-03-18T16:27:19.508+0100] {dagbag.py:588} INFO - Filling up the DagBag from /Users/atanasivanov/ipo-intel/ipo-intel/.venv_airflow/lib/python3.11/site-packages/airflow/example_dags/example_short_circuit_decorator.py
[2026-03-18T16:27:19.541+0100] {processor.py:925} INFO - DAG(s) 'example_short_circuit_decorator' retrieved from /Users/atanasivanov/ipo-intel/ipo-intel/.venv_airflow/lib/python3.11/site-packages/airflow/example_dags/example_short_circuit_decorator.py
[2026-03-18T16:27:19.621+0100] {logging_mixin.py:190} INFO - [2026-03-18T16:27:19.621+0100] {dag.py:3239} INFO - Sync 1 DAGs
[2026-03-18T16:27:19.680+0100] {logging_mixin.py:190} INFO - [2026-03-18T16:27:19.679+0100] {dag.py:4180} INFO - Setting next_dagrun for example_short_circuit_decorator to None, run_after=None
[2026-03-18T16:27:19.696+0100] {processor.py:208} INFO - Processing /Users/atanasivanov/ipo-intel/ipo-intel/.venv_airflow/lib/python3.11/site-packages/airflow/example_dags/example_short_circuit_decorator.py took 0.194 seconds
[2026-03-18T16:29:24.960+0100] {processor.py:186} INFO - Started process (PID=48049) to work on /Users/atanasivanov/ipo-intel/ipo-intel/.venv_airflow/lib/python3.11/site-packages/airflow/example_dags/example_short_circuit_decorator.py
[2026-03-18T16:29:24.961+0100] {processor.py:914} INFO - Processing file /Users/atanasivanov/ipo-intel/ipo-intel/.venv_airflow/lib/python3.11/site-packages/airflow/example_dags/example_short_circuit_decorator.py for tasks to queue
[2026-03-18T16:29:24.962+0100] {logging_mixin.py:190} INFO - [2026-03-18T16:29:24.961+0100] {dagbag.py:588} INFO - Filling up the DagBag from /Users/atanasivanov/ipo-intel/ipo-intel/.venv_airflow/lib/python3.11/site-packages/airflow/example_dags/example_short_circuit_decorator.py
[2026-03-18T16:29:24.994+0100] {processor.py:925} INFO - DAG(s) 'example_short_circuit_decorator' retrieved from /Users/atanasivanov/ipo-intel/ipo-intel/.venv_airflow/lib/python3.11/site-packages/airflow/example_dags/example_short_circuit_decorator.py
[2026-03-18T16:29:25.073+0100] {logging_mixin.py:190} INFO - [2026-03-18T16:29:25.073+0100] {dag.py:3239} INFO - Sync 1 DAGs
[2026-03-18T16:29:25.130+0100] {logging_mixin.py:190} INFO - [2026-03-18T16:29:25.129+0100] {dag.py:4180} INFO - Setting next_dagrun for example_short_circuit_decorator to None, run_after=None
[2026-03-18T16:29:25.146+0100] {processor.py:208} INFO - Processing /Users/atanasivanov/ipo-intel/ipo-intel/.venv_airflow/lib/python3.11/site-packages/airflow/example_dags/example_short_circuit_decorator.py took 0.191 seconds
[2026-03-18T16:31:17.805+0100] {processor.py:186} INFO - Started process (PID=48462) to work on /Users/atanasivanov/ipo-intel/ipo-intel/.venv_airflow/lib/python3.11/site-packages/airflow/example_dags/example_short_circuit_decorator.py
[2026-03-18T16:31:17.806+0100] {processor.py:914} INFO - Processing file /Users/atanasivanov/ipo-intel/ipo-intel/.venv_airflow/lib/python3.11/site-packages/airflow/example_dags/example_short_circuit_decorator.py for tasks to queue
[2026-03-18T16:31:17.807+0100] {logging_mixin.py:190} INFO - [2026-03-18T16:31:17.807+0100] {dagbag.py:588} INFO - Filling up the DagBag from /Users/atanasivanov/ipo-intel/ipo-intel/.venv_airflow/lib/python3.11/site-packages/airflow/example_dags/example_short_circuit_decorator.py
[2026-03-18T16:31:17.844+0100] {processor.py:925} INFO - DAG(s) 'example_short_circuit_decorator' retrieved from /Users/atanasivanov/ipo-intel/ipo-intel/.venv_airflow/lib/python3.11/site-packages/airflow/example_dags/example_short_circuit_decorator.py
[2026-03-18T16:31:17.925+0100] {logging_mixin.py:190} INFO - [2026-03-18T16:31:17.924+0100] {dag.py:3239} INFO - Sync 1 DAGs
[2026-03-18T16:31:17.984+0100] {logging_mixin.py:190} INFO - [2026-03-18T16:31:17.984+0100] {dag.py:4180} INFO - Setting next_dagrun for example_short_circuit_decorator to None, run_after=None
[2026-03-18T16:31:18.001+0100] {processor.py:208} INFO - Processing /Users/atanasivanov/ipo-intel/ipo-intel/.venv_airflow/lib/python3.11/site-packages/airflow/example_dags/example_short_circuit_decorator.py took 0.201 seconds
[2026-03-18T16:33:10.895+0100] {processor.py:186} INFO - Started process (PID=48866) to work on /Users/atanasivanov/ipo-intel/ipo-intel/.venv_airflow/lib/python3.11/site-packages/airflow/example_dags/example_short_circuit_decorator.py
[2026-03-18T16:33:10.896+0100] {processor.py:914} INFO - Processing file /Users/atanasivanov/ipo-intel/ipo-intel/.venv_airflow/lib/python3.11/site-packages/airflow/example_dags/example_short_circuit_decorator.py for tasks to queue
[2026-03-18T16:33:10.897+0100] {logging_mixin.py:190} INFO - [2026-03-18T16:33:10.897+0100] {dagbag.py:588} INFO - Filling up the DagBag from /Users/atanasivanov/ipo-intel/ipo-intel/.venv_airflow/lib/python3.11/site-packages/airflow/example_dags/example_short_circuit_decorator.py
[2026-03-18T16:33:10.931+0100] {processor.py:925} INFO - DAG(s) 'example_short_circuit_decorator' retrieved from /Users/atanasivanov/ipo-intel/ipo-intel/.venv_airflow/lib/python3.11/site-packages/airflow/example_dags/example_short_circuit_decorator.py
[2026-03-18T16:33:11.009+0100] {logging_mixin.py:190} INFO - [2026-03-18T16:33:11.009+0100] {dag.py:3239} INFO - Sync 1 DAGs
[2026-03-18T16:33:11.067+0100] {logging_mixin.py:190} INFO - [2026-03-18T16:33:11.067+0100] {dag.py:4180} INFO - Setting next_dagrun for example_short_circuit_decorator to None, run_after=None
[2026-03-18T16:33:11.084+0100] {processor.py:208} INFO - Processing /Users/atanasivanov/ipo-intel/ipo-intel/.venv_airflow/lib/python3.11/site-packages/airflow/example_dags/example_short_circuit_decorator.py took 0.194 seconds
[2026-03-18T16:35:07.161+0100] {processor.py:186} INFO - Started process (PID=49299) to work on /Users/atanasivanov/ipo-intel/ipo-intel/.venv_airflow/lib/python3.11/site-packages/airflow/example_dags/example_short_circuit_decorator.py
[2026-03-18T16:35:07.162+0100] {processor.py:914} INFO - Processing file /Users/atanasivanov/ipo-intel/ipo-intel/.venv_airflow/lib/python3.11/site-packages/airflow/example_dags/example_short_circuit_decorator.py for tasks to queue
[2026-03-18T16:35:07.163+0100] {logging_mixin.py:190} INFO - [2026-03-18T16:35:07.162+0100] {dagbag.py:588} INFO - Filling up the DagBag from /Users/atanasivanov/ipo-intel/ipo-intel/.venv_airflow/lib/python3.11/site-packages/airflow/example_dags/example_short_circuit_decorator.py
[2026-03-18T16:35:07.197+0100] {processor.py:925} INFO - DAG(s) 'example_short_circuit_decorator' retrieved from /Users/atanasivanov/ipo-intel/ipo-intel/.venv_airflow/lib/python3.11/site-packages/airflow/example_dags/example_short_circuit_decorator.py
[2026-03-18T16:35:07.275+0100] {logging_mixin.py:190} INFO - [2026-03-18T16:35:07.275+0100] {dag.py:3239} INFO - Sync 1 DAGs
[2026-03-18T16:35:07.334+0100] {logging_mixin.py:190} INFO - [2026-03-18T16:35:07.334+0100] {dag.py:4180} INFO - Setting next_dagrun for example_short_circuit_decorator to None, run_after=None
[2026-03-18T16:35:07.351+0100] {processor.py:208} INFO - Processing /Users/atanasivanov/ipo-intel/ipo-intel/.venv_airflow/lib/python3.11/site-packages/airflow/example_dags/example_short_circuit_decorator.py took 0.195 seconds
[2026-03-18T16:36:59.169+0100] {processor.py:186} INFO - Started process (PID=49708) to work on /Users/atanasivanov/ipo-intel/ipo-intel/.venv_airflow/lib/python3.11/site-packages/airflow/example_dags/example_short_circuit_decorator.py
[2026-03-18T16:36:59.170+0100] {processor.py:914} INFO - Processing file /Users/atanasivanov/ipo-intel/ipo-intel/.venv_airflow/lib/python3.11/site-packages/airflow/example_dags/example_short_circuit_decorator.py for tasks to queue
[2026-03-18T16:36:59.171+0100] {logging_mixin.py:190} INFO - [2026-03-18T16:36:59.171+0100] {dagbag.py:588} INFO - Filling up the DagBag from /Users/atanasivanov/ipo-intel/ipo-intel/.venv_airflow/lib/python3.11/site-packages/airflow/example_dags/example_short_circuit_decorator.py
[2026-03-18T16:36:59.207+0100] {processor.py:925} INFO - DAG(s) 'example_short_circuit_decorator' retrieved from /Users/atanasivanov/ipo-intel/ipo-intel/.venv_airflow/lib/python3.11/site-packages/airflow/example_dags/example_short_circuit_decorator.py
[2026-03-18T16:36:59.285+0100] {logging_mixin.py:190} INFO - [2026-03-18T16:36:59.284+0100] {dag.py:3239} INFO - Sync 1 DAGs
[2026-03-18T16:36:59.341+0100] {logging_mixin.py:190} INFO - [2026-03-18T16:36:59.341+0100] {dag.py:4180} INFO - Setting next_dagrun for example_short_circuit_decorator to None, run_after=None
[2026-03-18T16:36:59.359+0100] {processor.py:208} INFO - Processing /Users/atanasivanov/ipo-intel/ipo-intel/.venv_airflow/lib/python3.11/site-packages/airflow/example_dags/example_short_circuit_decorator.py took 0.194 seconds
[2026-03-18T16:38:50.931+0100] {processor.py:186} INFO - Started process (PID=50112) to work on /Users/atanasivanov/ipo-intel/ipo-intel/.venv_airflow/lib/python3.11/site-packages/airflow/example_dags/example_short_circuit_decorator.py
[2026-03-18T16:38:50.932+0100] {processor.py:914} INFO - Processing file /Users/atanasivanov/ipo-intel/ipo-intel/.venv_airflow/lib/python3.11/site-packages/airflow/example_dags/example_short_circuit_decorator.py for tasks to queue
[2026-03-18T16:38:50.933+0100] {logging_mixin.py:190} INFO - [2026-03-18T16:38:50.933+0100] {dagbag.py:588} INFO - Filling up the DagBag from /Users/atanasivanov/ipo-intel/ipo-intel/.venv_airflow/lib/python3.11/site-packages/airflow/example_dags/example_short_circuit_decorator.py
[2026-03-18T16:38:50.970+0100] {processor.py:925} INFO - DAG(s) 'example_short_circuit_decorator' retrieved from /Users/atanasivanov/ipo-intel/ipo-intel/.venv_airflow/lib/python3.11/site-packages/airflow/example_dags/example_short_circuit_decorator.py
[2026-03-18T16:38:51.049+0100] {logging_mixin.py:190} INFO - [2026-03-18T16:38:51.048+0100] {dag.py:3239} INFO - Sync 1 DAGs
[2026-03-18T16:38:51.108+0100] {logging_mixin.py:190} INFO - [2026-03-18T16:38:51.107+0100] {dag.py:4180} INFO - Setting next_dagrun for example_short_circuit_decorator to None, run_after=None
[2026-03-18T16:38:51.125+0100] {processor.py:208} INFO - Processing /Users/atanasivanov/ipo-intel/ipo-intel/.venv_airflow/lib/python3.11/site-packages/airflow/example_dags/example_short_circuit_decorator.py took 0.198 seconds
[2026-03-18T16:40:57.182+0100] {processor.py:186} INFO - Started process (PID=51557) to work on /Users/atanasivanov/ipo-intel/ipo-intel/.venv_airflow/lib/python3.11/site-packages/airflow/example_dags/example_short_circuit_decorator.py
[2026-03-18T16:40:57.183+0100] {processor.py:914} INFO - Processing file /Users/atanasivanov/ipo-intel/ipo-intel/.venv_airflow/lib/python3.11/site-packages/airflow/example_dags/example_short_circuit_decorator.py for tasks to queue
[2026-03-18T16:40:57.184+0100] {logging_mixin.py:190} INFO - [2026-03-18T16:40:57.184+0100] {dagbag.py:588} INFO - Filling up the DagBag from /Users/atanasivanov/ipo-intel/ipo-intel/.venv_airflow/lib/python3.11/site-packages/airflow/example_dags/example_short_circuit_decorator.py
[2026-03-18T16:40:57.219+0100] {processor.py:925} INFO - DAG(s) 'example_short_circuit_decorator' retrieved from /Users/atanasivanov/ipo-intel/ipo-intel/.venv_airflow/lib/python3.11/site-packages/airflow/example_dags/example_short_circuit_decorator.py
[2026-03-18T16:40:57.298+0100] {logging_mixin.py:190} INFO - [2026-03-18T16:40:57.298+0100] {dag.py:3239} INFO - Sync 1 DAGs
[2026-03-18T16:40:57.356+0100] {logging_mixin.py:190} INFO - [2026-03-18T16:40:57.355+0100] {dag.py:4180} INFO - Setting next_dagrun for example_short_circuit_decorator to None, run_after=None
[2026-03-18T16:40:57.373+0100] {processor.py:208} INFO - Processing /Users/atanasivanov/ipo-intel/ipo-intel/.venv_airflow/lib/python3.11/site-packages/airflow/example_dags/example_short_circuit_decorator.py took 0.195 seconds
[2026-03-18T16:42:59.475+0100] {processor.py:186} INFO - Started process (PID=52136) to work on /Users/atanasivanov/ipo-intel/ipo-intel/.venv_airflow/lib/python3.11/site-packages/airflow/example_dags/example_short_circuit_decorator.py
[2026-03-18T16:42:59.476+0100] {processor.py:914} INFO - Processing file /Users/atanasivanov/ipo-intel/ipo-intel/.venv_airflow/lib/python3.11/site-packages/airflow/example_dags/example_short_circuit_decorator.py for tasks to queue
[2026-03-18T16:42:59.477+0100] {logging_mixin.py:190} INFO - [2026-03-18T16:42:59.477+0100] {dagbag.py:588} INFO - Filling up the DagBag from /Users/atanasivanov/ipo-intel/ipo-intel/.venv_airflow/lib/python3.11/site-packages/airflow/example_dags/example_short_circuit_decorator.py
[2026-03-18T16:42:59.515+0100] {processor.py:925} INFO - DAG(s) 'example_short_circuit_decorator' retrieved from /Users/atanasivanov/ipo-intel/ipo-intel/.venv_airflow/lib/python3.11/site-packages/airflow/example_dags/example_short_circuit_decorator.py
[2026-03-18T16:42:59.609+0100] {logging_mixin.py:190} INFO - [2026-03-18T16:42:59.608+0100] {dag.py:3239} INFO - Sync 1 DAGs
[2026-03-18T16:42:59.672+0100] {logging_mixin.py:190} INFO - [2026-03-18T16:42:59.672+0100] {dag.py:4180} INFO - Setting next_dagrun for example_short_circuit_decorator to None, run_after=None
[2026-03-18T16:42:59.690+0100] {processor.py:208} INFO - Processing /Users/atanasivanov/ipo-intel/ipo-intel/.venv_airflow/lib/python3.11/site-packages/airflow/example_dags/example_short_circuit_decorator.py took 0.220 seconds
[2026-03-18T16:48:36.589+0100] {processor.py:186} INFO - Started process (PID=53342) to work on /Users/atanasivanov/ipo-intel/ipo-intel/.venv_airflow/lib/python3.11/site-packages/airflow/example_dags/example_short_circuit_decorator.py
[2026-03-18T16:48:36.591+0100] {processor.py:914} INFO - Processing file /Users/atanasivanov/ipo-intel/ipo-intel/.venv_airflow/lib/python3.11/site-packages/airflow/example_dags/example_short_circuit_decorator.py for tasks to queue
[2026-03-18T16:48:36.592+0100] {logging_mixin.py:190} INFO - [2026-03-18T16:48:36.592+0100] {dagbag.py:588} INFO - Filling up the DagBag from /Users/atanasivanov/ipo-intel/ipo-intel/.venv_airflow/lib/python3.11/site-packages/airflow/example_dags/example_short_circuit_decorator.py
[2026-03-18T16:48:36.625+0100] {processor.py:925} INFO - DAG(s) 'example_short_circuit_decorator' retrieved from /Users/atanasivanov/ipo-intel/ipo-intel/.venv_airflow/lib/python3.11/site-packages/airflow/example_dags/example_short_circuit_decorator.py
[2026-03-18T16:48:36.702+0100] {logging_mixin.py:190} INFO - [2026-03-18T16:48:36.702+0100] {dag.py:3239} INFO - Sync 1 DAGs
[2026-03-18T16:48:36.758+0100] {logging_mixin.py:190} INFO - [2026-03-18T16:48:36.758+0100] {dag.py:4180} INFO - Setting next_dagrun for example_short_circuit_decorator to None, run_after=None
[2026-03-18T16:48:36.776+0100] {processor.py:208} INFO - Processing /Users/atanasivanov/ipo-intel/ipo-intel/.venv_airflow/lib/python3.11/site-packages/airflow/example_dags/example_short_circuit_decorator.py took 0.191 seconds
[2026-03-18T16:51:04.978+0100] {processor.py:186} INFO - Started process (PID=53880) to work on /Users/atanasivanov/ipo-intel/ipo-intel/.venv_airflow/lib/python3.11/site-packages/airflow/example_dags/example_short_circuit_decorator.py
[2026-03-18T16:51:04.979+0100] {processor.py:914} INFO - Processing file /Users/atanasivanov/ipo-intel/ipo-intel/.venv_airflow/lib/python3.11/site-packages/airflow/example_dags/example_short_circuit_decorator.py for tasks to queue
[2026-03-18T16:51:04.980+0100] {logging_mixin.py:190} INFO - [2026-03-18T16:51:04.980+0100] {dagbag.py:588} INFO - Filling up the DagBag from /Users/atanasivanov/ipo-intel/ipo-intel/.venv_airflow/lib/python3.11/site-packages/airflow/example_dags/example_short_circuit_decorator.py
[2026-03-18T16:51:05.015+0100] {processor.py:925} INFO - DAG(s) 'example_short_circuit_decorator' retrieved from /Users/atanasivanov/ipo-intel/ipo-intel/.venv_airflow/lib/python3.11/site-packages/airflow/example_dags/example_short_circuit_decorator.py
[2026-03-18T16:51:05.093+0100] {logging_mixin.py:190} INFO - [2026-03-18T16:51:05.093+0100] {dag.py:3239} INFO - Sync 1 DAGs
[2026-03-18T16:51:05.150+0100] {logging_mixin.py:190} INFO - [2026-03-18T16:51:05.149+0100] {dag.py:4180} INFO - Setting next_dagrun for example_short_circuit_decorator to None, run_after=None
[2026-03-18T16:51:05.166+0100] {processor.py:208} INFO - Processing /Users/atanasivanov/ipo-intel/ipo-intel/.venv_airflow/lib/python3.11/site-packages/airflow/example_dags/example_short_circuit_decorator.py took 0.194 seconds
[2026-03-18T16:53:07.814+0100] {processor.py:186} INFO - Started process (PID=54327) to work on /Users/atanasivanov/ipo-intel/ipo-intel/.venv_airflow/lib/python3.11/site-packages/airflow/example_dags/example_short_circuit_decorator.py
[2026-03-18T16:53:07.815+0100] {processor.py:914} INFO - Processing file /Users/atanasivanov/ipo-intel/ipo-intel/.venv_airflow/lib/python3.11/site-packages/airflow/example_dags/example_short_circuit_decorator.py for tasks to queue
[2026-03-18T16:53:07.815+0100] {logging_mixin.py:190} INFO - [2026-03-18T16:53:07.815+0100] {dagbag.py:588} INFO - Filling up the DagBag from /Users/atanasivanov/ipo-intel/ipo-intel/.venv_airflow/lib/python3.11/site-packages/airflow/example_dags/example_short_circuit_decorator.py
[2026-03-18T16:53:07.848+0100] {processor.py:925} INFO - DAG(s) 'example_short_circuit_decorator' retrieved from /Users/atanasivanov/ipo-intel/ipo-intel/.venv_airflow/lib/python3.11/site-packages/airflow/example_dags/example_short_circuit_decorator.py
[2026-03-18T16:53:07.948+0100] {logging_mixin.py:190} INFO - [2026-03-18T16:53:07.948+0100] {dag.py:3239} INFO - Sync 1 DAGs
[2026-03-18T16:53:08.005+0100] {logging_mixin.py:190} INFO - [2026-03-18T16:53:08.005+0100] {dag.py:4180} INFO - Setting next_dagrun for example_short_circuit_decorator to None, run_after=None
[2026-03-18T16:53:08.021+0100] {processor.py:208} INFO - Processing /Users/atanasivanov/ipo-intel/ipo-intel/.venv_airflow/lib/python3.11/site-packages/airflow/example_dags/example_short_circuit_decorator.py took 0.214 seconds
[2026-03-18T16:55:15.229+0100] {processor.py:186} INFO - Started process (PID=55094) to work on /Users/atanasivanov/ipo-intel/ipo-intel/.venv_airflow/lib/python3.11/site-packages/airflow/example_dags/example_short_circuit_decorator.py
[2026-03-18T16:55:15.230+0100] {processor.py:914} INFO - Processing file /Users/atanasivanov/ipo-intel/ipo-intel/.venv_airflow/lib/python3.11/site-packages/airflow/example_dags/example_short_circuit_decorator.py for tasks to queue
[2026-03-18T16:55:15.231+0100] {logging_mixin.py:190} INFO - [2026-03-18T16:55:15.230+0100] {dagbag.py:588} INFO - Filling up the DagBag from /Users/atanasivanov/ipo-intel/ipo-intel/.venv_airflow/lib/python3.11/site-packages/airflow/example_dags/example_short_circuit_decorator.py
[2026-03-18T16:55:15.264+0100] {processor.py:925} INFO - DAG(s) 'example_short_circuit_decorator' retrieved from /Users/atanasivanov/ipo-intel/ipo-intel/.venv_airflow/lib/python3.11/site-packages/airflow/example_dags/example_short_circuit_decorator.py
[2026-03-18T16:55:15.342+0100] {logging_mixin.py:190} INFO - [2026-03-18T16:55:15.342+0100] {dag.py:3239} INFO - Sync 1 DAGs
[2026-03-18T16:55:15.398+0100] {logging_mixin.py:190} INFO - [2026-03-18T16:55:15.398+0100] {dag.py:4180} INFO - Setting next_dagrun for example_short_circuit_decorator to None, run_after=None
[2026-03-18T16:55:15.414+0100] {processor.py:208} INFO - Processing /Users/atanasivanov/ipo-intel/ipo-intel/.venv_airflow/lib/python3.11/site-packages/airflow/example_dags/example_short_circuit_decorator.py took 0.190 seconds
[2026-03-18T16:57:17.398+0100] {processor.py:186} INFO - Started process (PID=55563) to work on /Users/atanasivanov/ipo-intel/ipo-intel/.venv_airflow/lib/python3.11/site-packages/airflow/example_dags/example_short_circuit_decorator.py
[2026-03-18T16:57:17.398+0100] {processor.py:914} INFO - Processing file /Users/atanasivanov/ipo-intel/ipo-intel/.venv_airflow/lib/python3.11/site-packages/airflow/example_dags/example_short_circuit_decorator.py for tasks to queue
[2026-03-18T16:57:17.399+0100] {logging_mixin.py:190} INFO - [2026-03-18T16:57:17.399+0100] {dagbag.py:588} INFO - Filling up the DagBag from /Users/atanasivanov/ipo-intel/ipo-intel/.venv_airflow/lib/python3.11/site-packages/airflow/example_dags/example_short_circuit_decorator.py
[2026-03-18T16:57:17.433+0100] {processor.py:925} INFO - DAG(s) 'example_short_circuit_decorator' retrieved from /Users/atanasivanov/ipo-intel/ipo-intel/.venv_airflow/lib/python3.11/site-packages/airflow/example_dags/example_short_circuit_decorator.py
[2026-03-18T16:57:17.513+0100] {logging_mixin.py:190} INFO - [2026-03-18T16:57:17.513+0100] {dag.py:3239} INFO - Sync 1 DAGs
[2026-03-18T16:57:17.570+0100] {logging_mixin.py:190} INFO - [2026-03-18T16:57:17.570+0100] {dag.py:4180} INFO - Setting next_dagrun for example_short_circuit_decorator to None, run_after=None
[2026-03-18T16:57:17.587+0100] {processor.py:208} INFO - Processing /Users/atanasivanov/ipo-intel/ipo-intel/.venv_airflow/lib/python3.11/site-packages/airflow/example_dags/example_short_circuit_decorator.py took 0.194 seconds
[2026-03-18T16:59:23.549+0100] {processor.py:186} INFO - Started process (PID=56019) to work on /Users/atanasivanov/ipo-intel/ipo-intel/.venv_airflow/lib/python3.11/site-packages/airflow/example_dags/example_short_circuit_decorator.py
[2026-03-18T16:59:23.550+0100] {processor.py:914} INFO - Processing file /Users/atanasivanov/ipo-intel/ipo-intel/.venv_airflow/lib/python3.11/site-packages/airflow/example_dags/example_short_circuit_decorator.py for tasks to queue
[2026-03-18T16:59:23.551+0100] {logging_mixin.py:190} INFO - [2026-03-18T16:59:23.551+0100] {dagbag.py:588} INFO - Filling up the DagBag from /Users/atanasivanov/ipo-intel/ipo-intel/.venv_airflow/lib/python3.11/site-packages/airflow/example_dags/example_short_circuit_decorator.py
[2026-03-18T16:59:23.587+0100] {processor.py:925} INFO - DAG(s) 'example_short_circuit_decorator' retrieved from /Users/atanasivanov/ipo-intel/ipo-intel/.venv_airflow/lib/python3.11/site-packages/airflow/example_dags/example_short_circuit_decorator.py
[2026-03-18T16:59:23.668+0100] {logging_mixin.py:190} INFO - [2026-03-18T16:59:23.667+0100] {dag.py:3239} INFO - Sync 1 DAGs
[2026-03-18T16:59:23.732+0100] {logging_mixin.py:190} INFO - [2026-03-18T16:59:23.732+0100] {dag.py:4180} INFO - Setting next_dagrun for example_short_circuit_decorator to None, run_after=None
[2026-03-18T16:59:23.752+0100] {processor.py:208} INFO - Processing /Users/atanasivanov/ipo-intel/ipo-intel/.venv_airflow/lib/python3.11/site-packages/airflow/example_dags/example_short_circuit_decorator.py took 0.209 seconds
[2026-03-18T17:01:23.213+0100] {processor.py:186} INFO - Started process (PID=56450) to work on /Users/atanasivanov/ipo-intel/ipo-intel/.venv_airflow/lib/python3.11/site-packages/airflow/example_dags/example_short_circuit_decorator.py
[2026-03-18T17:01:23.214+0100] {processor.py:914} INFO - Processing file /Users/atanasivanov/ipo-intel/ipo-intel/.venv_airflow/lib/python3.11/site-packages/airflow/example_dags/example_short_circuit_decorator.py for tasks to queue
[2026-03-18T17:01:23.215+0100] {logging_mixin.py:190} INFO - [2026-03-18T17:01:23.215+0100] {dagbag.py:588} INFO - Filling up the DagBag from /Users/atanasivanov/ipo-intel/ipo-intel/.venv_airflow/lib/python3.11/site-packages/airflow/example_dags/example_short_circuit_decorator.py
[2026-03-18T17:01:23.252+0100] {processor.py:925} INFO - DAG(s) 'example_short_circuit_decorator' retrieved from /Users/atanasivanov/ipo-intel/ipo-intel/.venv_airflow/lib/python3.11/site-packages/airflow/example_dags/example_short_circuit_decorator.py
[2026-03-18T17:01:23.331+0100] {logging_mixin.py:190} INFO - [2026-03-18T17:01:23.330+0100] {dag.py:3239} INFO - Sync 1 DAGs
[2026-03-18T17:01:23.387+0100] {logging_mixin.py:190} INFO - [2026-03-18T17:01:23.387+0100] {dag.py:4180} INFO - Setting next_dagrun for example_short_circuit_decorator to None, run_after=None
[2026-03-18T17:01:23.403+0100] {processor.py:208} INFO - Processing /Users/atanasivanov/ipo-intel/ipo-intel/.venv_airflow/lib/python3.11/site-packages/airflow/example_dags/example_short_circuit_decorator.py took 0.195 seconds
[2026-03-18T17:03:19.590+0100] {processor.py:186} INFO - Started process (PID=56876) to work on /Users/atanasivanov/ipo-intel/ipo-intel/.venv_airflow/lib/python3.11/site-packages/airflow/example_dags/example_short_circuit_decorator.py
[2026-03-18T17:03:19.591+0100] {processor.py:914} INFO - Processing file /Users/atanasivanov/ipo-intel/ipo-intel/.venv_airflow/lib/python3.11/site-packages/airflow/example_dags/example_short_circuit_decorator.py for tasks to queue
[2026-03-18T17:03:19.592+0100] {logging_mixin.py:190} INFO - [2026-03-18T17:03:19.591+0100] {dagbag.py:588} INFO - Filling up the DagBag from /Users/atanasivanov/ipo-intel/ipo-intel/.venv_airflow/lib/python3.11/site-packages/airflow/example_dags/example_short_circuit_decorator.py
[2026-03-18T17:03:19.629+0100] {processor.py:925} INFO - DAG(s) 'example_short_circuit_decorator' retrieved from /Users/atanasivanov/ipo-intel/ipo-intel/.venv_airflow/lib/python3.11/site-packages/airflow/example_dags/example_short_circuit_decorator.py
[2026-03-18T17:03:19.707+0100] {logging_mixin.py:190} INFO - [2026-03-18T17:03:19.707+0100] {dag.py:3239} INFO - Sync 1 DAGs
[2026-03-18T17:03:19.763+0100] {logging_mixin.py:190} INFO - [2026-03-18T17:03:19.762+0100] {dag.py:4180} INFO - Setting next_dagrun for example_short_circuit_decorator to None, run_after=None
[2026-03-18T17:03:19.779+0100] {processor.py:208} INFO - Processing /Users/atanasivanov/ipo-intel/ipo-intel/.venv_airflow/lib/python3.11/site-packages/airflow/example_dags/example_short_circuit_decorator.py took 0.194 seconds
[2026-03-18T17:05:15.298+0100] {processor.py:186} INFO - Started process (PID=57304) to work on /Users/atanasivanov/ipo-intel/ipo-intel/.venv_airflow/lib/python3.11/site-packages/airflow/example_dags/example_short_circuit_decorator.py
[2026-03-18T17:05:15.299+0100] {processor.py:914} INFO - Processing file /Users/atanasivanov/ipo-intel/ipo-intel/.venv_airflow/lib/python3.11/site-packages/airflow/example_dags/example_short_circuit_decorator.py for tasks to queue
[2026-03-18T17:05:15.301+0100] {logging_mixin.py:190} INFO - [2026-03-18T17:05:15.301+0100] {dagbag.py:588} INFO - Filling up the DagBag from /Users/atanasivanov/ipo-intel/ipo-intel/.venv_airflow/lib/python3.11/site-packages/airflow/example_dags/example_short_circuit_decorator.py
[2026-03-18T17:05:15.333+0100] {processor.py:925} INFO - DAG(s) 'example_short_circuit_decorator' retrieved from /Users/atanasivanov/ipo-intel/ipo-intel/.venv_airflow/lib/python3.11/site-packages/airflow/example_dags/example_short_circuit_decorator.py
[2026-03-18T17:05:15.413+0100] {logging_mixin.py:190} INFO - [2026-03-18T17:05:15.413+0100] {dag.py:3239} INFO - Sync 1 DAGs
[2026-03-18T17:05:15.468+0100] {logging_mixin.py:190} INFO - [2026-03-18T17:05:15.468+0100] {dag.py:4180} INFO - Setting next_dagrun for example_short_circuit_decorator to None, run_after=None
[2026-03-18T17:05:15.484+0100] {processor.py:208} INFO - Processing /Users/atanasivanov/ipo-intel/ipo-intel/.venv_airflow/lib/python3.11/site-packages/airflow/example_dags/example_short_circuit_decorator.py took 0.191 seconds
[2026-03-18T17:07:11.085+0100] {processor.py:186} INFO - Started process (PID=57724) to work on /Users/atanasivanov/ipo-intel/ipo-intel/.venv_airflow/lib/python3.11/site-packages/airflow/example_dags/example_short_circuit_decorator.py
[2026-03-18T17:07:11.086+0100] {processor.py:914} INFO - Processing file /Users/atanasivanov/ipo-intel/ipo-intel/.venv_airflow/lib/python3.11/site-packages/airflow/example_dags/example_short_circuit_decorator.py for tasks to queue
[2026-03-18T17:07:11.087+0100] {logging_mixin.py:190} INFO - [2026-03-18T17:07:11.086+0100] {dagbag.py:588} INFO - Filling up the DagBag from /Users/atanasivanov/ipo-intel/ipo-intel/.venv_airflow/lib/python3.11/site-packages/airflow/example_dags/example_short_circuit_decorator.py
[2026-03-18T17:07:11.124+0100] {processor.py:925} INFO - DAG(s) 'example_short_circuit_decorator' retrieved from /Users/atanasivanov/ipo-intel/ipo-intel/.venv_airflow/lib/python3.11/site-packages/airflow/example_dags/example_short_circuit_decorator.py
[2026-03-18T17:07:11.203+0100] {logging_mixin.py:190} INFO - [2026-03-18T17:07:11.203+0100] {dag.py:3239} INFO - Sync 1 DAGs
[2026-03-18T17:07:11.259+0100] {logging_mixin.py:190} INFO - [2026-03-18T17:07:11.259+0100] {dag.py:4180} INFO - Setting next_dagrun for example_short_circuit_decorator to None, run_after=None
[2026-03-18T17:07:11.276+0100] {processor.py:208} INFO - Processing /Users/atanasivanov/ipo-intel/ipo-intel/.venv_airflow/lib/python3.11/site-packages/airflow/example_dags/example_short_circuit_decorator.py took 0.196 seconds
[2026-03-18T17:09:08.065+0100] {processor.py:186} INFO - Started process (PID=58158) to work on /Users/atanasivanov/ipo-intel/ipo-intel/.venv_airflow/lib/python3.11/site-packages/airflow/example_dags/example_short_circuit_decorator.py
[2026-03-18T17:09:08.066+0100] {processor.py:914} INFO - Processing file /Users/atanasivanov/ipo-intel/ipo-intel/.venv_airflow/lib/python3.11/site-packages/airflow/example_dags/example_short_circuit_decorator.py for tasks to queue
[2026-03-18T17:09:08.067+0100] {logging_mixin.py:190} INFO - [2026-03-18T17:09:08.066+0100] {dagbag.py:588} INFO - Filling up the DagBag from /Users/atanasivanov/ipo-intel/ipo-intel/.venv_airflow/lib/python3.11/site-packages/airflow/example_dags/example_short_circuit_decorator.py
[2026-03-18T17:09:08.107+0100] {processor.py:925} INFO - DAG(s) 'example_short_circuit_decorator' retrieved from /Users/atanasivanov/ipo-intel/ipo-intel/.venv_airflow/lib/python3.11/site-packages/airflow/example_dags/example_short_circuit_decorator.py
[2026-03-18T17:09:08.194+0100] {logging_mixin.py:190} INFO - [2026-03-18T17:09:08.194+0100] {dag.py:3239} INFO - Sync 1 DAGs
[2026-03-18T17:09:08.252+0100] {logging_mixin.py:190} INFO - [2026-03-18T17:09:08.252+0100] {dag.py:4180} INFO - Setting next_dagrun for example_short_circuit_decorator to None, run_after=None
[2026-03-18T17:09:08.269+0100] {processor.py:208} INFO - Processing /Users/atanasivanov/ipo-intel/ipo-intel/.venv_airflow/lib/python3.11/site-packages/airflow/example_dags/example_short_circuit_decorator.py took 0.210 seconds
[2026-03-18T17:11:07.527+0100] {processor.py:186} INFO - Started process (PID=58661) to work on /Users/atanasivanov/ipo-intel/ipo-intel/.venv_airflow/lib/python3.11/site-packages/airflow/example_dags/example_short_circuit_decorator.py
[2026-03-18T17:11:07.528+0100] {processor.py:914} INFO - Processing file /Users/atanasivanov/ipo-intel/ipo-intel/.venv_airflow/lib/python3.11/site-packages/airflow/example_dags/example_short_circuit_decorator.py for tasks to queue
[2026-03-18T17:11:07.529+0100] {logging_mixin.py:190} INFO - [2026-03-18T17:11:07.529+0100] {dagbag.py:588} INFO - Filling up the DagBag from /Users/atanasivanov/ipo-intel/ipo-intel/.venv_airflow/lib/python3.11/site-packages/airflow/example_dags/example_short_circuit_decorator.py
[2026-03-18T17:11:07.565+0100] {processor.py:925} INFO - DAG(s) 'example_short_circuit_decorator' retrieved from /Users/atanasivanov/ipo-intel/ipo-intel/.venv_airflow/lib/python3.11/site-packages/airflow/example_dags/example_short_circuit_decorator.py
[2026-03-18T17:11:07.644+0100] {logging_mixin.py:190} INFO - [2026-03-18T17:11:07.643+0100] {dag.py:3239} INFO - Sync 1 DAGs
[2026-03-18T17:11:07.701+0100] {logging_mixin.py:190} INFO - [2026-03-18T17:11:07.701+0100] {dag.py:4180} INFO - Setting next_dagrun for example_short_circuit_decorator to None, run_after=None
[2026-03-18T17:11:07.719+0100] {processor.py:208} INFO - Processing /Users/atanasivanov/ipo-intel/ipo-intel/.venv_airflow/lib/python3.11/site-packages/airflow/example_dags/example_short_circuit_decorator.py took 0.196 seconds
[2026-03-18T17:13:11.874+0100] {processor.py:186} INFO - Started process (PID=59398) to work on /Users/atanasivanov/ipo-intel/ipo-intel/.venv_airflow/lib/python3.11/site-packages/airflow/example_dags/example_short_circuit_decorator.py
[2026-03-18T17:13:11.875+0100] {processor.py:914} INFO - Processing file /Users/atanasivanov/ipo-intel/ipo-intel/.venv_airflow/lib/python3.11/site-packages/airflow/example_dags/example_short_circuit_decorator.py for tasks to queue
[2026-03-18T17:13:11.876+0100] {logging_mixin.py:190} INFO - [2026-03-18T17:13:11.876+0100] {dagbag.py:588} INFO - Filling up the DagBag from /Users/atanasivanov/ipo-intel/ipo-intel/.venv_airflow/lib/python3.11/site-packages/airflow/example_dags/example_short_circuit_decorator.py
[2026-03-18T17:13:11.916+0100] {processor.py:925} INFO - DAG(s) 'example_short_circuit_decorator' retrieved from /Users/atanasivanov/ipo-intel/ipo-intel/.venv_airflow/lib/python3.11/site-packages/airflow/example_dags/example_short_circuit_decorator.py
[2026-03-18T17:13:12.010+0100] {logging_mixin.py:190} INFO - [2026-03-18T17:13:12.009+0100] {dag.py:3239} INFO - Sync 1 DAGs
[2026-03-18T17:13:12.075+0100] {logging_mixin.py:190} INFO - [2026-03-18T17:13:12.075+0100] {dag.py:4180} INFO - Setting next_dagrun for example_short_circuit_decorator to None, run_after=None
[2026-03-18T17:13:12.094+0100] {processor.py:208} INFO - Processing /Users/atanasivanov/ipo-intel/ipo-intel/.venv_airflow/lib/python3.11/site-packages/airflow/example_dags/example_short_circuit_decorator.py took 0.225 seconds
[2026-03-18T17:15:16.203+0100] {processor.py:186} INFO - Started process (PID=60394) to work on /Users/atanasivanov/ipo-intel/ipo-intel/.venv_airflow/lib/python3.11/site-packages/airflow/example_dags/example_short_circuit_decorator.py
[2026-03-18T17:15:16.204+0100] {processor.py:914} INFO - Processing file /Users/atanasivanov/ipo-intel/ipo-intel/.venv_airflow/lib/python3.11/site-packages/airflow/example_dags/example_short_circuit_decorator.py for tasks to queue
[2026-03-18T17:15:16.205+0100] {logging_mixin.py:190} INFO - [2026-03-18T17:15:16.205+0100] {dagbag.py:588} INFO - Filling up the DagBag from /Users/atanasivanov/ipo-intel/ipo-intel/.venv_airflow/lib/python3.11/site-packages/airflow/example_dags/example_short_circuit_decorator.py
[2026-03-18T17:15:16.242+0100] {processor.py:925} INFO - DAG(s) 'example_short_circuit_decorator' retrieved from /Users/atanasivanov/ipo-intel/ipo-intel/.venv_airflow/lib/python3.11/site-packages/airflow/example_dags/example_short_circuit_decorator.py
[2026-03-18T17:15:16.326+0100] {logging_mixin.py:190} INFO - [2026-03-18T17:15:16.326+0100] {dag.py:3239} INFO - Sync 1 DAGs
[2026-03-18T17:15:16.387+0100] {logging_mixin.py:190} INFO - [2026-03-18T17:15:16.387+0100] {dag.py:4180} INFO - Setting next_dagrun for example_short_circuit_decorator to None, run_after=None
[2026-03-18T17:15:16.405+0100] {processor.py:208} INFO - Processing /Users/atanasivanov/ipo-intel/ipo-intel/.venv_airflow/lib/python3.11/site-packages/airflow/example_dags/example_short_circuit_decorator.py took 0.208 seconds
