[2026-03-18T16:20:58.808+0100] {processor.py:186} INFO - Started process (PID=45481) to work on /Users/atanasivanov/ipo-intel/ipo-intel/.venv_airflow/lib/python3.11/site-packages/airflow/example_dags/example_params_trigger_ui.py
[2026-03-18T16:20:58.809+0100] {processor.py:914} INFO - Processing file /Users/atanasivanov/ipo-intel/ipo-intel/.venv_airflow/lib/python3.11/site-packages/airflow/example_dags/example_params_trigger_ui.py for tasks to queue
[2026-03-18T16:20:58.810+0100] {logging_mixin.py:190} INFO - [2026-03-18T16:20:58.809+0100] {dagbag.py:588} INFO - Filling up the DagBag from /Users/atanasivanov/ipo-intel/ipo-intel/.venv_airflow/lib/python3.11/site-packages/airflow/example_dags/example_params_trigger_ui.py
[2026-03-18T16:20:58.852+0100] {processor.py:925} INFO - DAG(s) 'example_params_trigger_ui' retrieved from /Users/atanasivanov/ipo-intel/ipo-intel/.venv_airflow/lib/python3.11/site-packages/airflow/example_dags/example_params_trigger_ui.py
[2026-03-18T16:20:59.100+0100] {logging_mixin.py:190} INFO - [2026-03-18T16:20:59.100+0100] {override.py:1912} INFO - Created Permission View: can read on DAG:example_params_trigger_ui
[2026-03-18T16:20:59.110+0100] {logging_mixin.py:190} INFO - [2026-03-18T16:20:59.109+0100] {override.py:1912} INFO - Created Permission View: can edit on DAG:example_params_trigger_ui
[2026-03-18T16:20:59.116+0100] {logging_mixin.py:190} INFO - [2026-03-18T16:20:59.115+0100] {override.py:1912} INFO - Created Permission View: can delete on DAG:example_params_trigger_ui
[2026-03-18T16:20:59.126+0100] {logging_mixin.py:190} INFO - [2026-03-18T16:20:59.125+0100] {override.py:1912} INFO - Created Permission View: can read on DAG Run:example_params_trigger_ui
[2026-03-18T16:20:59.132+0100] {logging_mixin.py:190} INFO - [2026-03-18T16:20:59.132+0100] {override.py:1912} INFO - Created Permission View: can delete on DAG Run:example_params_trigger_ui
[2026-03-18T16:20:59.139+0100] {logging_mixin.py:190} INFO - [2026-03-18T16:20:59.139+0100] {override.py:1912} INFO - Created Permission View: can create on DAG Run:example_params_trigger_ui
[2026-03-18T16:20:59.147+0100] {logging_mixin.py:190} INFO - [2026-03-18T16:20:59.146+0100] {override.py:1912} INFO - Created Permission View: menu access on DAG Run:example_params_trigger_ui
[2026-03-18T16:20:59.147+0100] {logging_mixin.py:190} INFO - [2026-03-18T16:20:59.147+0100] {dag.py:3239} INFO - Sync 1 DAGs
[2026-03-18T16:20:59.159+0100] {logging_mixin.py:190} INFO - [2026-03-18T16:20:59.159+0100] {dag.py:3262} INFO - Creating ORM DAG for example_params_trigger_ui
[2026-03-18T16:20:59.159+0100] {logging_mixin.py:190} INFO - [2026-03-18T16:20:59.159+0100] {dag.py:4180} INFO - Setting next_dagrun for example_params_trigger_ui to None, run_after=None
[2026-03-18T16:20:59.176+0100] {processor.py:208} INFO - Processing /Users/atanasivanov/ipo-intel/ipo-intel/.venv_airflow/lib/python3.11/site-packages/airflow/example_dags/example_params_trigger_ui.py took 0.374 seconds
[2026-03-18T16:23:38.205+0100] {processor.py:186} INFO - Started process (PID=46082) to work on /Users/atanasivanov/ipo-intel/ipo-intel/.venv_airflow/lib/python3.11/site-packages/airflow/example_dags/example_params_trigger_ui.py
[2026-03-18T16:23:38.206+0100] {processor.py:914} INFO - Processing file /Users/atanasivanov/ipo-intel/ipo-intel/.venv_airflow/lib/python3.11/site-packages/airflow/example_dags/example_params_trigger_ui.py for tasks to queue
[2026-03-18T16:23:38.206+0100] {logging_mixin.py:190} INFO - [2026-03-18T16:23:38.206+0100] {dagbag.py:588} INFO - Filling up the DagBag from /Users/atanasivanov/ipo-intel/ipo-intel/.venv_airflow/lib/python3.11/site-packages/airflow/example_dags/example_params_trigger_ui.py
[2026-03-18T16:23:38.241+0100] {processor.py:925} INFO - DAG(s) 'example_params_trigger_ui' retrieved from /Users/atanasivanov/ipo-intel/ipo-intel/.venv_airflow/lib/python3.11/site-packages/airflow/example_dags/example_params_trigger_ui.py
[2026-03-18T16:23:38.338+0100] {logging_mixin.py:190} INFO - [2026-03-18T16:23:38.338+0100] {dag.py:3239} INFO - Sync 1 DAGs
[2026-03-18T16:23:38.394+0100] {logging_mixin.py:190} INFO - [2026-03-18T16:23:38.394+0100] {dag.py:4180} INFO - Setting next_dagrun for example_params_trigger_ui to None, run_after=None
[2026-03-18T16:23:38.410+0100] {processor.py:208} INFO - Processing /Users/atanasivanov/ipo-intel/ipo-intel/.venv_airflow/lib/python3.11/site-packages/airflow/example_dags/example_params_trigger_ui.py took 0.210 seconds
[2026-03-18T16:25:39.773+0100] {processor.py:186} INFO - Started process (PID=46539) to work on /Users/atanasivanov/ipo-intel/ipo-intel/.venv_airflow/lib/python3.11/site-packages/airflow/example_dags/example_params_trigger_ui.py
[2026-03-18T16:25:39.774+0100] {processor.py:914} INFO - Processing file /Users/atanasivanov/ipo-intel/ipo-intel/.venv_airflow/lib/python3.11/site-packages/airflow/example_dags/example_params_trigger_ui.py for tasks to queue
[2026-03-18T16:25:39.775+0100] {logging_mixin.py:190} INFO - [2026-03-18T16:25:39.775+0100] {dagbag.py:588} INFO - Filling up the DagBag from /Users/atanasivanov/ipo-intel/ipo-intel/.venv_airflow/lib/python3.11/site-packages/airflow/example_dags/example_params_trigger_ui.py
[2026-03-18T16:25:39.814+0100] {processor.py:925} INFO - DAG(s) 'example_params_trigger_ui' retrieved from /Users/atanasivanov/ipo-intel/ipo-intel/.venv_airflow/lib/python3.11/site-packages/airflow/example_dags/example_params_trigger_ui.py
[2026-03-18T16:25:39.916+0100] {logging_mixin.py:190} INFO - [2026-03-18T16:25:39.916+0100] {dag.py:3239} INFO - Sync 1 DAGs
[2026-03-18T16:25:39.980+0100] {logging_mixin.py:190} INFO - [2026-03-18T16:25:39.980+0100] {dag.py:4180} INFO - Setting next_dagrun for example_params_trigger_ui to None, run_after=None
[2026-03-18T16:25:39.999+0100] {processor.py:208} INFO - Processing /Users/atanasivanov/ipo-intel/ipo-intel/.venv_airflow/lib/python3.11/site-packages/airflow/example_dags/example_params_trigger_ui.py took 0.231 seconds
[2026-03-18T16:27:44.495+0100] {processor.py:186} INFO - Started process (PID=47673) to work on /Users/atanasivanov/ipo-intel/ipo-intel/.venv_airflow/lib/python3.11/site-packages/airflow/example_dags/example_params_trigger_ui.py
[2026-03-18T16:27:44.497+0100] {processor.py:914} INFO - Processing file /Users/atanasivanov/ipo-intel/ipo-intel/.venv_airflow/lib/python3.11/site-packages/airflow/example_dags/example_params_trigger_ui.py for tasks to queue
[2026-03-18T16:27:44.498+0100] {logging_mixin.py:190} INFO - [2026-03-18T16:27:44.498+0100] {dagbag.py:588} INFO - Filling up the DagBag from /Users/atanasivanov/ipo-intel/ipo-intel/.venv_airflow/lib/python3.11/site-packages/airflow/example_dags/example_params_trigger_ui.py
[2026-03-18T16:27:44.534+0100] {processor.py:925} INFO - DAG(s) 'example_params_trigger_ui' retrieved from /Users/atanasivanov/ipo-intel/ipo-intel/.venv_airflow/lib/python3.11/site-packages/airflow/example_dags/example_params_trigger_ui.py
[2026-03-18T16:27:44.628+0100] {logging_mixin.py:190} INFO - [2026-03-18T16:27:44.628+0100] {dag.py:3239} INFO - Sync 1 DAGs
[2026-03-18T16:27:44.690+0100] {logging_mixin.py:190} INFO - [2026-03-18T16:27:44.690+0100] {dag.py:4180} INFO - Setting next_dagrun for example_params_trigger_ui to None, run_after=None
[2026-03-18T16:27:44.708+0100] {processor.py:208} INFO - Processing /Users/atanasivanov/ipo-intel/ipo-intel/.venv_airflow/lib/python3.11/site-packages/airflow/example_dags/example_params_trigger_ui.py took 0.218 seconds
[2026-03-18T16:29:48.589+0100] {processor.py:186} INFO - Started process (PID=48136) to work on /Users/atanasivanov/ipo-intel/ipo-intel/.venv_airflow/lib/python3.11/site-packages/airflow/example_dags/example_params_trigger_ui.py
[2026-03-18T16:29:48.589+0100] {processor.py:914} INFO - Processing file /Users/atanasivanov/ipo-intel/ipo-intel/.venv_airflow/lib/python3.11/site-packages/airflow/example_dags/example_params_trigger_ui.py for tasks to queue
[2026-03-18T16:29:48.590+0100] {logging_mixin.py:190} INFO - [2026-03-18T16:29:48.590+0100] {dagbag.py:588} INFO - Filling up the DagBag from /Users/atanasivanov/ipo-intel/ipo-intel/.venv_airflow/lib/python3.11/site-packages/airflow/example_dags/example_params_trigger_ui.py
[2026-03-18T16:29:48.625+0100] {processor.py:925} INFO - DAG(s) 'example_params_trigger_ui' retrieved from /Users/atanasivanov/ipo-intel/ipo-intel/.venv_airflow/lib/python3.11/site-packages/airflow/example_dags/example_params_trigger_ui.py
[2026-03-18T16:29:48.717+0100] {logging_mixin.py:190} INFO - [2026-03-18T16:29:48.717+0100] {dag.py:3239} INFO - Sync 1 DAGs
[2026-03-18T16:29:48.775+0100] {logging_mixin.py:190} INFO - [2026-03-18T16:29:48.775+0100] {dag.py:4180} INFO - Setting next_dagrun for example_params_trigger_ui to None, run_after=None
[2026-03-18T16:29:48.793+0100] {processor.py:208} INFO - Processing /Users/atanasivanov/ipo-intel/ipo-intel/.venv_airflow/lib/python3.11/site-packages/airflow/example_dags/example_params_trigger_ui.py took 0.209 seconds
[2026-03-18T16:31:40.881+0100] {processor.py:186} INFO - Started process (PID=48541) to work on /Users/atanasivanov/ipo-intel/ipo-intel/.venv_airflow/lib/python3.11/site-packages/airflow/example_dags/example_params_trigger_ui.py
[2026-03-18T16:31:40.882+0100] {processor.py:914} INFO - Processing file /Users/atanasivanov/ipo-intel/ipo-intel/.venv_airflow/lib/python3.11/site-packages/airflow/example_dags/example_params_trigger_ui.py for tasks to queue
[2026-03-18T16:31:40.883+0100] {logging_mixin.py:190} INFO - [2026-03-18T16:31:40.883+0100] {dagbag.py:588} INFO - Filling up the DagBag from /Users/atanasivanov/ipo-intel/ipo-intel/.venv_airflow/lib/python3.11/site-packages/airflow/example_dags/example_params_trigger_ui.py
[2026-03-18T16:31:40.918+0100] {processor.py:925} INFO - DAG(s) 'example_params_trigger_ui' retrieved from /Users/atanasivanov/ipo-intel/ipo-intel/.venv_airflow/lib/python3.11/site-packages/airflow/example_dags/example_params_trigger_ui.py
[2026-03-18T16:31:41.011+0100] {logging_mixin.py:190} INFO - [2026-03-18T16:31:41.011+0100] {dag.py:3239} INFO - Sync 1 DAGs
[2026-03-18T16:31:41.068+0100] {logging_mixin.py:190} INFO - [2026-03-18T16:31:41.067+0100] {dag.py:4180} INFO - Setting next_dagrun for example_params_trigger_ui to None, run_after=None
[2026-03-18T16:31:41.085+0100] {processor.py:208} INFO - Processing /Users/atanasivanov/ipo-intel/ipo-intel/.venv_airflow/lib/python3.11/site-packages/airflow/example_dags/example_params_trigger_ui.py took 0.209 seconds
[2026-03-18T16:33:32.034+0100] {processor.py:186} INFO - Started process (PID=48954) to work on /Users/atanasivanov/ipo-intel/ipo-intel/.venv_airflow/lib/python3.11/site-packages/airflow/example_dags/example_params_trigger_ui.py
[2026-03-18T16:33:32.036+0100] {processor.py:914} INFO - Processing file /Users/atanasivanov/ipo-intel/ipo-intel/.venv_airflow/lib/python3.11/site-packages/airflow/example_dags/example_params_trigger_ui.py for tasks to queue
[2026-03-18T16:33:32.037+0100] {logging_mixin.py:190} INFO - [2026-03-18T16:33:32.037+0100] {dagbag.py:588} INFO - Filling up the DagBag from /Users/atanasivanov/ipo-intel/ipo-intel/.venv_airflow/lib/python3.11/site-packages/airflow/example_dags/example_params_trigger_ui.py
[2026-03-18T16:33:32.071+0100] {processor.py:925} INFO - DAG(s) 'example_params_trigger_ui' retrieved from /Users/atanasivanov/ipo-intel/ipo-intel/.venv_airflow/lib/python3.11/site-packages/airflow/example_dags/example_params_trigger_ui.py
[2026-03-18T16:33:32.166+0100] {logging_mixin.py:190} INFO - [2026-03-18T16:33:32.165+0100] {dag.py:3239} INFO - Sync 1 DAGs
[2026-03-18T16:33:32.224+0100] {logging_mixin.py:190} INFO - [2026-03-18T16:33:32.223+0100] {dag.py:4180} INFO - Setting next_dagrun for example_params_trigger_ui to None, run_after=None
[2026-03-18T16:33:32.242+0100] {processor.py:208} INFO - Processing /Users/atanasivanov/ipo-intel/ipo-intel/.venv_airflow/lib/python3.11/site-packages/airflow/example_dags/example_params_trigger_ui.py took 0.212 seconds
[2026-03-18T16:35:30.762+0100] {processor.py:186} INFO - Started process (PID=49382) to work on /Users/atanasivanov/ipo-intel/ipo-intel/.venv_airflow/lib/python3.11/site-packages/airflow/example_dags/example_params_trigger_ui.py
[2026-03-18T16:35:30.763+0100] {processor.py:914} INFO - Processing file /Users/atanasivanov/ipo-intel/ipo-intel/.venv_airflow/lib/python3.11/site-packages/airflow/example_dags/example_params_trigger_ui.py for tasks to queue
[2026-03-18T16:35:30.764+0100] {logging_mixin.py:190} INFO - [2026-03-18T16:35:30.764+0100] {dagbag.py:588} INFO - Filling up the DagBag from /Users/atanasivanov/ipo-intel/ipo-intel/.venv_airflow/lib/python3.11/site-packages/airflow/example_dags/example_params_trigger_ui.py
[2026-03-18T16:35:30.801+0100] {processor.py:925} INFO - DAG(s) 'example_params_trigger_ui' retrieved from /Users/atanasivanov/ipo-intel/ipo-intel/.venv_airflow/lib/python3.11/site-packages/airflow/example_dags/example_params_trigger_ui.py
[2026-03-18T16:35:30.897+0100] {logging_mixin.py:190} INFO - [2026-03-18T16:35:30.896+0100] {dag.py:3239} INFO - Sync 1 DAGs
[2026-03-18T16:35:30.954+0100] {logging_mixin.py:190} INFO - [2026-03-18T16:35:30.954+0100] {dag.py:4180} INFO - Setting next_dagrun for example_params_trigger_ui to None, run_after=None
[2026-03-18T16:35:30.971+0100] {processor.py:208} INFO - Processing /Users/atanasivanov/ipo-intel/ipo-intel/.venv_airflow/lib/python3.11/site-packages/airflow/example_dags/example_params_trigger_ui.py took 0.213 seconds
[2026-03-18T16:37:21.212+0100] {processor.py:186} INFO - Started process (PID=49782) to work on /Users/atanasivanov/ipo-intel/ipo-intel/.venv_airflow/lib/python3.11/site-packages/airflow/example_dags/example_params_trigger_ui.py
[2026-03-18T16:37:21.213+0100] {processor.py:914} INFO - Processing file /Users/atanasivanov/ipo-intel/ipo-intel/.venv_airflow/lib/python3.11/site-packages/airflow/example_dags/example_params_trigger_ui.py for tasks to queue
[2026-03-18T16:37:21.214+0100] {logging_mixin.py:190} INFO - [2026-03-18T16:37:21.214+0100] {dagbag.py:588} INFO - Filling up the DagBag from /Users/atanasivanov/ipo-intel/ipo-intel/.venv_airflow/lib/python3.11/site-packages/airflow/example_dags/example_params_trigger_ui.py
[2026-03-18T16:37:21.249+0100] {processor.py:925} INFO - DAG(s) 'example_params_trigger_ui' retrieved from /Users/atanasivanov/ipo-intel/ipo-intel/.venv_airflow/lib/python3.11/site-packages/airflow/example_dags/example_params_trigger_ui.py
[2026-03-18T16:37:21.340+0100] {logging_mixin.py:190} INFO - [2026-03-18T16:37:21.340+0100] {dag.py:3239} INFO - Sync 1 DAGs
[2026-03-18T16:37:21.403+0100] {logging_mixin.py:190} INFO - [2026-03-18T16:37:21.403+0100] {dag.py:4180} INFO - Setting next_dagrun for example_params_trigger_ui to None, run_after=None
[2026-03-18T16:37:21.420+0100] {processor.py:208} INFO - Processing /Users/atanasivanov/ipo-intel/ipo-intel/.venv_airflow/lib/python3.11/site-packages/airflow/example_dags/example_params_trigger_ui.py took 0.213 seconds
[2026-03-18T16:39:15.860+0100] {processor.py:186} INFO - Started process (PID=50206) to work on /Users/atanasivanov/ipo-intel/ipo-intel/.venv_airflow/lib/python3.11/site-packages/airflow/example_dags/example_params_trigger_ui.py
[2026-03-18T16:39:15.861+0100] {processor.py:914} INFO - Processing file /Users/atanasivanov/ipo-intel/ipo-intel/.venv_airflow/lib/python3.11/site-packages/airflow/example_dags/example_params_trigger_ui.py for tasks to queue
[2026-03-18T16:39:15.862+0100] {logging_mixin.py:190} INFO - [2026-03-18T16:39:15.862+0100] {dagbag.py:588} INFO - Filling up the DagBag from /Users/atanasivanov/ipo-intel/ipo-intel/.venv_airflow/lib/python3.11/site-packages/airflow/example_dags/example_params_trigger_ui.py
[2026-03-18T16:39:15.908+0100] {processor.py:925} INFO - DAG(s) 'example_params_trigger_ui' retrieved from /Users/atanasivanov/ipo-intel/ipo-intel/.venv_airflow/lib/python3.11/site-packages/airflow/example_dags/example_params_trigger_ui.py
[2026-03-18T16:39:16.019+0100] {logging_mixin.py:190} INFO - [2026-03-18T16:39:16.018+0100] {dag.py:3239} INFO - Sync 1 DAGs
[2026-03-18T16:39:16.079+0100] {logging_mixin.py:190} INFO - [2026-03-18T16:39:16.078+0100] {dag.py:4180} INFO - Setting next_dagrun for example_params_trigger_ui to None, run_after=None
[2026-03-18T16:39:16.095+0100] {processor.py:208} INFO - Processing /Users/atanasivanov/ipo-intel/ipo-intel/.venv_airflow/lib/python3.11/site-packages/airflow/example_dags/example_params_trigger_ui.py took 0.242 seconds
[2026-03-18T16:41:17.702+0100] {processor.py:186} INFO - Started process (PID=51658) to work on /Users/atanasivanov/ipo-intel/ipo-intel/.venv_airflow/lib/python3.11/site-packages/airflow/example_dags/example_params_trigger_ui.py
[2026-03-18T16:41:17.704+0100] {processor.py:914} INFO - Processing file /Users/atanasivanov/ipo-intel/ipo-intel/.venv_airflow/lib/python3.11/site-packages/airflow/example_dags/example_params_trigger_ui.py for tasks to queue
[2026-03-18T16:41:17.705+0100] {logging_mixin.py:190} INFO - [2026-03-18T16:41:17.704+0100] {dagbag.py:588} INFO - Filling up the DagBag from /Users/atanasivanov/ipo-intel/ipo-intel/.venv_airflow/lib/python3.11/site-packages/airflow/example_dags/example_params_trigger_ui.py
[2026-03-18T16:41:17.741+0100] {processor.py:925} INFO - DAG(s) 'example_params_trigger_ui' retrieved from /Users/atanasivanov/ipo-intel/ipo-intel/.venv_airflow/lib/python3.11/site-packages/airflow/example_dags/example_params_trigger_ui.py
[2026-03-18T16:41:17.837+0100] {logging_mixin.py:190} INFO - [2026-03-18T16:41:17.837+0100] {dag.py:3239} INFO - Sync 1 DAGs
[2026-03-18T16:41:17.896+0100] {logging_mixin.py:190} INFO - [2026-03-18T16:41:17.896+0100] {dag.py:4180} INFO - Setting next_dagrun for example_params_trigger_ui to None, run_after=None
[2026-03-18T16:41:17.914+0100] {processor.py:208} INFO - Processing /Users/atanasivanov/ipo-intel/ipo-intel/.venv_airflow/lib/python3.11/site-packages/airflow/example_dags/example_params_trigger_ui.py took 0.217 seconds
[2026-03-18T16:43:24.536+0100] {processor.py:186} INFO - Started process (PID=52241) to work on /Users/atanasivanov/ipo-intel/ipo-intel/.venv_airflow/lib/python3.11/site-packages/airflow/example_dags/example_params_trigger_ui.py
[2026-03-18T16:43:24.537+0100] {processor.py:914} INFO - Processing file /Users/atanasivanov/ipo-intel/ipo-intel/.venv_airflow/lib/python3.11/site-packages/airflow/example_dags/example_params_trigger_ui.py for tasks to queue
[2026-03-18T16:43:24.538+0100] {logging_mixin.py:190} INFO - [2026-03-18T16:43:24.538+0100] {dagbag.py:588} INFO - Filling up the DagBag from /Users/atanasivanov/ipo-intel/ipo-intel/.venv_airflow/lib/python3.11/site-packages/airflow/example_dags/example_params_trigger_ui.py
[2026-03-18T16:43:24.576+0100] {processor.py:925} INFO - DAG(s) 'example_params_trigger_ui' retrieved from /Users/atanasivanov/ipo-intel/ipo-intel/.venv_airflow/lib/python3.11/site-packages/airflow/example_dags/example_params_trigger_ui.py
[2026-03-18T16:43:24.678+0100] {logging_mixin.py:190} INFO - [2026-03-18T16:43:24.678+0100] {dag.py:3239} INFO - Sync 1 DAGs
[2026-03-18T16:43:24.741+0100] {logging_mixin.py:190} INFO - [2026-03-18T16:43:24.740+0100] {dag.py:4180} INFO - Setting next_dagrun for example_params_trigger_ui to None, run_after=None
[2026-03-18T16:43:24.759+0100] {processor.py:208} INFO - Processing /Users/atanasivanov/ipo-intel/ipo-intel/.venv_airflow/lib/python3.11/site-packages/airflow/example_dags/example_params_trigger_ui.py took 0.229 seconds
[2026-03-18T16:48:58.604+0100] {processor.py:186} INFO - Started process (PID=53423) to work on /Users/atanasivanov/ipo-intel/ipo-intel/.venv_airflow/lib/python3.11/site-packages/airflow/example_dags/example_params_trigger_ui.py
[2026-03-18T16:48:58.605+0100] {processor.py:914} INFO - Processing file /Users/atanasivanov/ipo-intel/ipo-intel/.venv_airflow/lib/python3.11/site-packages/airflow/example_dags/example_params_trigger_ui.py for tasks to queue
[2026-03-18T16:48:58.606+0100] {logging_mixin.py:190} INFO - [2026-03-18T16:48:58.606+0100] {dagbag.py:588} INFO - Filling up the DagBag from /Users/atanasivanov/ipo-intel/ipo-intel/.venv_airflow/lib/python3.11/site-packages/airflow/example_dags/example_params_trigger_ui.py
[2026-03-18T16:48:58.640+0100] {processor.py:925} INFO - DAG(s) 'example_params_trigger_ui' retrieved from /Users/atanasivanov/ipo-intel/ipo-intel/.venv_airflow/lib/python3.11/site-packages/airflow/example_dags/example_params_trigger_ui.py
[2026-03-18T16:48:58.732+0100] {logging_mixin.py:190} INFO - [2026-03-18T16:48:58.732+0100] {dag.py:3239} INFO - Sync 1 DAGs
[2026-03-18T16:48:58.790+0100] {logging_mixin.py:190} INFO - [2026-03-18T16:48:58.790+0100] {dag.py:4180} INFO - Setting next_dagrun for example_params_trigger_ui to None, run_after=None
[2026-03-18T16:48:58.808+0100] {processor.py:208} INFO - Processing /Users/atanasivanov/ipo-intel/ipo-intel/.venv_airflow/lib/python3.11/site-packages/airflow/example_dags/example_params_trigger_ui.py took 0.208 seconds
[2026-03-18T16:51:29.259+0100] {processor.py:186} INFO - Started process (PID=53968) to work on /Users/atanasivanov/ipo-intel/ipo-intel/.venv_airflow/lib/python3.11/site-packages/airflow/example_dags/example_params_trigger_ui.py
[2026-03-18T16:51:29.260+0100] {processor.py:914} INFO - Processing file /Users/atanasivanov/ipo-intel/ipo-intel/.venv_airflow/lib/python3.11/site-packages/airflow/example_dags/example_params_trigger_ui.py for tasks to queue
[2026-03-18T16:51:29.261+0100] {logging_mixin.py:190} INFO - [2026-03-18T16:51:29.260+0100] {dagbag.py:588} INFO - Filling up the DagBag from /Users/atanasivanov/ipo-intel/ipo-intel/.venv_airflow/lib/python3.11/site-packages/airflow/example_dags/example_params_trigger_ui.py
[2026-03-18T16:51:29.296+0100] {processor.py:925} INFO - DAG(s) 'example_params_trigger_ui' retrieved from /Users/atanasivanov/ipo-intel/ipo-intel/.venv_airflow/lib/python3.11/site-packages/airflow/example_dags/example_params_trigger_ui.py
[2026-03-18T16:51:29.390+0100] {logging_mixin.py:190} INFO - [2026-03-18T16:51:29.389+0100] {dag.py:3239} INFO - Sync 1 DAGs
[2026-03-18T16:51:29.446+0100] {logging_mixin.py:190} INFO - [2026-03-18T16:51:29.446+0100] {dag.py:4180} INFO - Setting next_dagrun for example_params_trigger_ui to None, run_after=None
[2026-03-18T16:51:29.463+0100] {processor.py:208} INFO - Processing /Users/atanasivanov/ipo-intel/ipo-intel/.venv_airflow/lib/python3.11/site-packages/airflow/example_dags/example_params_trigger_ui.py took 0.210 seconds
[2026-03-18T16:53:32.556+0100] {processor.py:186} INFO - Started process (PID=54415) to work on /Users/atanasivanov/ipo-intel/ipo-intel/.venv_airflow/lib/python3.11/site-packages/airflow/example_dags/example_params_trigger_ui.py
[2026-03-18T16:53:32.557+0100] {processor.py:914} INFO - Processing file /Users/atanasivanov/ipo-intel/ipo-intel/.venv_airflow/lib/python3.11/site-packages/airflow/example_dags/example_params_trigger_ui.py for tasks to queue
[2026-03-18T16:53:32.558+0100] {logging_mixin.py:190} INFO - [2026-03-18T16:53:32.558+0100] {dagbag.py:588} INFO - Filling up the DagBag from /Users/atanasivanov/ipo-intel/ipo-intel/.venv_airflow/lib/python3.11/site-packages/airflow/example_dags/example_params_trigger_ui.py
[2026-03-18T16:53:32.592+0100] {processor.py:925} INFO - DAG(s) 'example_params_trigger_ui' retrieved from /Users/atanasivanov/ipo-intel/ipo-intel/.venv_airflow/lib/python3.11/site-packages/airflow/example_dags/example_params_trigger_ui.py
[2026-03-18T16:53:32.684+0100] {logging_mixin.py:190} INFO - [2026-03-18T16:53:32.684+0100] {dag.py:3239} INFO - Sync 1 DAGs
[2026-03-18T16:53:32.746+0100] {logging_mixin.py:190} INFO - [2026-03-18T16:53:32.745+0100] {dag.py:4180} INFO - Setting next_dagrun for example_params_trigger_ui to None, run_after=None
[2026-03-18T16:53:32.766+0100] {processor.py:208} INFO - Processing /Users/atanasivanov/ipo-intel/ipo-intel/.venv_airflow/lib/python3.11/site-packages/airflow/example_dags/example_params_trigger_ui.py took 0.215 seconds
[2026-03-18T16:55:40.205+0100] {processor.py:186} INFO - Started process (PID=55186) to work on /Users/atanasivanov/ipo-intel/ipo-intel/.venv_airflow/lib/python3.11/site-packages/airflow/example_dags/example_params_trigger_ui.py
[2026-03-18T16:55:40.206+0100] {processor.py:914} INFO - Processing file /Users/atanasivanov/ipo-intel/ipo-intel/.venv_airflow/lib/python3.11/site-packages/airflow/example_dags/example_params_trigger_ui.py for tasks to queue
[2026-03-18T16:55:40.208+0100] {logging_mixin.py:190} INFO - [2026-03-18T16:55:40.207+0100] {dagbag.py:588} INFO - Filling up the DagBag from /Users/atanasivanov/ipo-intel/ipo-intel/.venv_airflow/lib/python3.11/site-packages/airflow/example_dags/example_params_trigger_ui.py
[2026-03-18T16:55:40.250+0100] {processor.py:925} INFO - DAG(s) 'example_params_trigger_ui' retrieved from /Users/atanasivanov/ipo-intel/ipo-intel/.venv_airflow/lib/python3.11/site-packages/airflow/example_dags/example_params_trigger_ui.py
[2026-03-18T16:55:40.351+0100] {logging_mixin.py:190} INFO - [2026-03-18T16:55:40.351+0100] {dag.py:3239} INFO - Sync 1 DAGs
[2026-03-18T16:55:40.409+0100] {logging_mixin.py:190} INFO - [2026-03-18T16:55:40.409+0100] {dag.py:4180} INFO - Setting next_dagrun for example_params_trigger_ui to None, run_after=None
[2026-03-18T16:55:40.426+0100] {processor.py:208} INFO - Processing /Users/atanasivanov/ipo-intel/ipo-intel/.venv_airflow/lib/python3.11/site-packages/airflow/example_dags/example_params_trigger_ui.py took 0.227 seconds
[2026-03-18T16:57:42.322+0100] {processor.py:186} INFO - Started process (PID=55654) to work on /Users/atanasivanov/ipo-intel/ipo-intel/.venv_airflow/lib/python3.11/site-packages/airflow/example_dags/example_params_trigger_ui.py
[2026-03-18T16:57:42.322+0100] {processor.py:914} INFO - Processing file /Users/atanasivanov/ipo-intel/ipo-intel/.venv_airflow/lib/python3.11/site-packages/airflow/example_dags/example_params_trigger_ui.py for tasks to queue
[2026-03-18T16:57:42.323+0100] {logging_mixin.py:190} INFO - [2026-03-18T16:57:42.323+0100] {dagbag.py:588} INFO - Filling up the DagBag from /Users/atanasivanov/ipo-intel/ipo-intel/.venv_airflow/lib/python3.11/site-packages/airflow/example_dags/example_params_trigger_ui.py
[2026-03-18T16:57:42.359+0100] {processor.py:925} INFO - DAG(s) 'example_params_trigger_ui' retrieved from /Users/atanasivanov/ipo-intel/ipo-intel/.venv_airflow/lib/python3.11/site-packages/airflow/example_dags/example_params_trigger_ui.py
[2026-03-18T16:57:42.458+0100] {logging_mixin.py:190} INFO - [2026-03-18T16:57:42.458+0100] {dag.py:3239} INFO - Sync 1 DAGs
[2026-03-18T16:57:42.520+0100] {logging_mixin.py:190} INFO - [2026-03-18T16:57:42.520+0100] {dag.py:4180} INFO - Setting next_dagrun for example_params_trigger_ui to None, run_after=None
[2026-03-18T16:57:42.539+0100] {processor.py:208} INFO - Processing /Users/atanasivanov/ipo-intel/ipo-intel/.venv_airflow/lib/python3.11/site-packages/airflow/example_dags/example_params_trigger_ui.py took 0.223 seconds
[2026-03-18T16:59:47.999+0100] {processor.py:186} INFO - Started process (PID=56103) to work on /Users/atanasivanov/ipo-intel/ipo-intel/.venv_airflow/lib/python3.11/site-packages/airflow/example_dags/example_params_trigger_ui.py
[2026-03-18T16:59:48.001+0100] {processor.py:914} INFO - Processing file /Users/atanasivanov/ipo-intel/ipo-intel/.venv_airflow/lib/python3.11/site-packages/airflow/example_dags/example_params_trigger_ui.py for tasks to queue
[2026-03-18T16:59:48.002+0100] {logging_mixin.py:190} INFO - [2026-03-18T16:59:48.002+0100] {dagbag.py:588} INFO - Filling up the DagBag from /Users/atanasivanov/ipo-intel/ipo-intel/.venv_airflow/lib/python3.11/site-packages/airflow/example_dags/example_params_trigger_ui.py
[2026-03-18T16:59:48.038+0100] {processor.py:925} INFO - DAG(s) 'example_params_trigger_ui' retrieved from /Users/atanasivanov/ipo-intel/ipo-intel/.venv_airflow/lib/python3.11/site-packages/airflow/example_dags/example_params_trigger_ui.py
[2026-03-18T16:59:48.135+0100] {logging_mixin.py:190} INFO - [2026-03-18T16:59:48.135+0100] {dag.py:3239} INFO - Sync 1 DAGs
[2026-03-18T16:59:48.196+0100] {logging_mixin.py:190} INFO - [2026-03-18T16:59:48.196+0100] {dag.py:4180} INFO - Setting next_dagrun for example_params_trigger_ui to None, run_after=None
[2026-03-18T16:59:48.214+0100] {processor.py:208} INFO - Processing /Users/atanasivanov/ipo-intel/ipo-intel/.venv_airflow/lib/python3.11/site-packages/airflow/example_dags/example_params_trigger_ui.py took 0.220 seconds
[2026-03-18T17:01:44.196+0100] {processor.py:186} INFO - Started process (PID=56527) to work on /Users/atanasivanov/ipo-intel/ipo-intel/.venv_airflow/lib/python3.11/site-packages/airflow/example_dags/example_params_trigger_ui.py
[2026-03-18T17:01:44.198+0100] {processor.py:914} INFO - Processing file /Users/atanasivanov/ipo-intel/ipo-intel/.venv_airflow/lib/python3.11/site-packages/airflow/example_dags/example_params_trigger_ui.py for tasks to queue
[2026-03-18T17:01:44.198+0100] {logging_mixin.py:190} INFO - [2026-03-18T17:01:44.198+0100] {dagbag.py:588} INFO - Filling up the DagBag from /Users/atanasivanov/ipo-intel/ipo-intel/.venv_airflow/lib/python3.11/site-packages/airflow/example_dags/example_params_trigger_ui.py
[2026-03-18T17:01:44.230+0100] {processor.py:925} INFO - DAG(s) 'example_params_trigger_ui' retrieved from /Users/atanasivanov/ipo-intel/ipo-intel/.venv_airflow/lib/python3.11/site-packages/airflow/example_dags/example_params_trigger_ui.py
[2026-03-18T17:01:44.330+0100] {logging_mixin.py:190} INFO - [2026-03-18T17:01:44.329+0100] {dag.py:3239} INFO - Sync 1 DAGs
[2026-03-18T17:01:44.477+0100] {logging_mixin.py:190} INFO - [2026-03-18T17:01:44.477+0100] {dag.py:4180} INFO - Setting next_dagrun for example_params_trigger_ui to None, run_after=None
[2026-03-18T17:01:44.492+0100] {processor.py:208} INFO - Processing /Users/atanasivanov/ipo-intel/ipo-intel/.venv_airflow/lib/python3.11/site-packages/airflow/example_dags/example_params_trigger_ui.py took 0.301 seconds
[2026-03-18T17:03:42.876+0100] {processor.py:186} INFO - Started process (PID=56955) to work on /Users/atanasivanov/ipo-intel/ipo-intel/.venv_airflow/lib/python3.11/site-packages/airflow/example_dags/example_params_trigger_ui.py
[2026-03-18T17:03:42.877+0100] {processor.py:914} INFO - Processing file /Users/atanasivanov/ipo-intel/ipo-intel/.venv_airflow/lib/python3.11/site-packages/airflow/example_dags/example_params_trigger_ui.py for tasks to queue
[2026-03-18T17:03:42.878+0100] {logging_mixin.py:190} INFO - [2026-03-18T17:03:42.877+0100] {dagbag.py:588} INFO - Filling up the DagBag from /Users/atanasivanov/ipo-intel/ipo-intel/.venv_airflow/lib/python3.11/site-packages/airflow/example_dags/example_params_trigger_ui.py
[2026-03-18T17:03:42.910+0100] {processor.py:925} INFO - DAG(s) 'example_params_trigger_ui' retrieved from /Users/atanasivanov/ipo-intel/ipo-intel/.venv_airflow/lib/python3.11/site-packages/airflow/example_dags/example_params_trigger_ui.py
[2026-03-18T17:03:43.005+0100] {logging_mixin.py:190} INFO - [2026-03-18T17:03:43.005+0100] {dag.py:3239} INFO - Sync 1 DAGs
[2026-03-18T17:03:43.061+0100] {logging_mixin.py:190} INFO - [2026-03-18T17:03:43.061+0100] {dag.py:4180} INFO - Setting next_dagrun for example_params_trigger_ui to None, run_after=None
[2026-03-18T17:03:43.077+0100] {processor.py:208} INFO - Processing /Users/atanasivanov/ipo-intel/ipo-intel/.venv_airflow/lib/python3.11/site-packages/airflow/example_dags/example_params_trigger_ui.py took 0.206 seconds
[2026-03-18T17:05:38.936+0100] {processor.py:186} INFO - Started process (PID=57388) to work on /Users/atanasivanov/ipo-intel/ipo-intel/.venv_airflow/lib/python3.11/site-packages/airflow/example_dags/example_params_trigger_ui.py
[2026-03-18T17:05:38.937+0100] {processor.py:914} INFO - Processing file /Users/atanasivanov/ipo-intel/ipo-intel/.venv_airflow/lib/python3.11/site-packages/airflow/example_dags/example_params_trigger_ui.py for tasks to queue
[2026-03-18T17:05:38.938+0100] {logging_mixin.py:190} INFO - [2026-03-18T17:05:38.937+0100] {dagbag.py:588} INFO - Filling up the DagBag from /Users/atanasivanov/ipo-intel/ipo-intel/.venv_airflow/lib/python3.11/site-packages/airflow/example_dags/example_params_trigger_ui.py
[2026-03-18T17:05:38.972+0100] {processor.py:925} INFO - DAG(s) 'example_params_trigger_ui' retrieved from /Users/atanasivanov/ipo-intel/ipo-intel/.venv_airflow/lib/python3.11/site-packages/airflow/example_dags/example_params_trigger_ui.py
[2026-03-18T17:05:39.071+0100] {logging_mixin.py:190} INFO - [2026-03-18T17:05:39.071+0100] {dag.py:3239} INFO - Sync 1 DAGs
[2026-03-18T17:05:39.130+0100] {logging_mixin.py:190} INFO - [2026-03-18T17:05:39.130+0100] {dag.py:4180} INFO - Setting next_dagrun for example_params_trigger_ui to None, run_after=None
[2026-03-18T17:05:39.147+0100] {processor.py:208} INFO - Processing /Users/atanasivanov/ipo-intel/ipo-intel/.venv_airflow/lib/python3.11/site-packages/airflow/example_dags/example_params_trigger_ui.py took 0.216 seconds
[2026-03-18T17:07:32.661+0100] {processor.py:186} INFO - Started process (PID=57803) to work on /Users/atanasivanov/ipo-intel/ipo-intel/.venv_airflow/lib/python3.11/site-packages/airflow/example_dags/example_params_trigger_ui.py
[2026-03-18T17:07:32.662+0100] {processor.py:914} INFO - Processing file /Users/atanasivanov/ipo-intel/ipo-intel/.venv_airflow/lib/python3.11/site-packages/airflow/example_dags/example_params_trigger_ui.py for tasks to queue
[2026-03-18T17:07:32.663+0100] {logging_mixin.py:190} INFO - [2026-03-18T17:07:32.663+0100] {dagbag.py:588} INFO - Filling up the DagBag from /Users/atanasivanov/ipo-intel/ipo-intel/.venv_airflow/lib/python3.11/site-packages/airflow/example_dags/example_params_trigger_ui.py
[2026-03-18T17:07:32.697+0100] {processor.py:925} INFO - DAG(s) 'example_params_trigger_ui' retrieved from /Users/atanasivanov/ipo-intel/ipo-intel/.venv_airflow/lib/python3.11/site-packages/airflow/example_dags/example_params_trigger_ui.py
[2026-03-18T17:07:32.787+0100] {logging_mixin.py:190} INFO - [2026-03-18T17:07:32.787+0100] {dag.py:3239} INFO - Sync 1 DAGs
[2026-03-18T17:07:32.844+0100] {logging_mixin.py:190} INFO - [2026-03-18T17:07:32.843+0100] {dag.py:4180} INFO - Setting next_dagrun for example_params_trigger_ui to None, run_after=None
[2026-03-18T17:07:32.861+0100] {processor.py:208} INFO - Processing /Users/atanasivanov/ipo-intel/ipo-intel/.venv_airflow/lib/python3.11/site-packages/airflow/example_dags/example_params_trigger_ui.py took 0.205 seconds
[2026-03-18T17:09:32.660+0100] {processor.py:186} INFO - Started process (PID=58276) to work on /Users/atanasivanov/ipo-intel/ipo-intel/.venv_airflow/lib/python3.11/site-packages/airflow/example_dags/example_params_trigger_ui.py
[2026-03-18T17:09:32.662+0100] {processor.py:914} INFO - Processing file /Users/atanasivanov/ipo-intel/ipo-intel/.venv_airflow/lib/python3.11/site-packages/airflow/example_dags/example_params_trigger_ui.py for tasks to queue
[2026-03-18T17:09:32.663+0100] {logging_mixin.py:190} INFO - [2026-03-18T17:09:32.662+0100] {dagbag.py:588} INFO - Filling up the DagBag from /Users/atanasivanov/ipo-intel/ipo-intel/.venv_airflow/lib/python3.11/site-packages/airflow/example_dags/example_params_trigger_ui.py
[2026-03-18T17:09:32.696+0100] {processor.py:925} INFO - DAG(s) 'example_params_trigger_ui' retrieved from /Users/atanasivanov/ipo-intel/ipo-intel/.venv_airflow/lib/python3.11/site-packages/airflow/example_dags/example_params_trigger_ui.py
[2026-03-18T17:09:32.787+0100] {logging_mixin.py:190} INFO - [2026-03-18T17:09:32.786+0100] {dag.py:3239} INFO - Sync 1 DAGs
[2026-03-18T17:09:32.846+0100] {logging_mixin.py:190} INFO - [2026-03-18T17:09:32.846+0100] {dag.py:4180} INFO - Setting next_dagrun for example_params_trigger_ui to None, run_after=None
[2026-03-18T17:09:32.863+0100] {processor.py:208} INFO - Processing /Users/atanasivanov/ipo-intel/ipo-intel/.venv_airflow/lib/python3.11/site-packages/airflow/example_dags/example_params_trigger_ui.py took 0.208 seconds
[2026-03-18T17:11:30.920+0100] {processor.py:186} INFO - Started process (PID=58745) to work on /Users/atanasivanov/ipo-intel/ipo-intel/.venv_airflow/lib/python3.11/site-packages/airflow/example_dags/example_params_trigger_ui.py
[2026-03-18T17:11:30.921+0100] {processor.py:914} INFO - Processing file /Users/atanasivanov/ipo-intel/ipo-intel/.venv_airflow/lib/python3.11/site-packages/airflow/example_dags/example_params_trigger_ui.py for tasks to queue
[2026-03-18T17:11:30.922+0100] {logging_mixin.py:190} INFO - [2026-03-18T17:11:30.922+0100] {dagbag.py:588} INFO - Filling up the DagBag from /Users/atanasivanov/ipo-intel/ipo-intel/.venv_airflow/lib/python3.11/site-packages/airflow/example_dags/example_params_trigger_ui.py
[2026-03-18T17:11:30.957+0100] {processor.py:925} INFO - DAG(s) 'example_params_trigger_ui' retrieved from /Users/atanasivanov/ipo-intel/ipo-intel/.venv_airflow/lib/python3.11/site-packages/airflow/example_dags/example_params_trigger_ui.py
[2026-03-18T17:11:31.050+0100] {logging_mixin.py:190} INFO - [2026-03-18T17:11:31.050+0100] {dag.py:3239} INFO - Sync 1 DAGs
[2026-03-18T17:11:31.107+0100] {logging_mixin.py:190} INFO - [2026-03-18T17:11:31.107+0100] {dag.py:4180} INFO - Setting next_dagrun for example_params_trigger_ui to None, run_after=None
[2026-03-18T17:11:31.124+0100] {processor.py:208} INFO - Processing /Users/atanasivanov/ipo-intel/ipo-intel/.venv_airflow/lib/python3.11/site-packages/airflow/example_dags/example_params_trigger_ui.py took 0.209 seconds
[2026-03-18T17:13:38.029+0100] {processor.py:186} INFO - Started process (PID=59501) to work on /Users/atanasivanov/ipo-intel/ipo-intel/.venv_airflow/lib/python3.11/site-packages/airflow/example_dags/example_params_trigger_ui.py
[2026-03-18T17:13:38.030+0100] {processor.py:914} INFO - Processing file /Users/atanasivanov/ipo-intel/ipo-intel/.venv_airflow/lib/python3.11/site-packages/airflow/example_dags/example_params_trigger_ui.py for tasks to queue
[2026-03-18T17:13:38.031+0100] {logging_mixin.py:190} INFO - [2026-03-18T17:13:38.031+0100] {dagbag.py:588} INFO - Filling up the DagBag from /Users/atanasivanov/ipo-intel/ipo-intel/.venv_airflow/lib/python3.11/site-packages/airflow/example_dags/example_params_trigger_ui.py
[2026-03-18T17:13:38.069+0100] {processor.py:925} INFO - DAG(s) 'example_params_trigger_ui' retrieved from /Users/atanasivanov/ipo-intel/ipo-intel/.venv_airflow/lib/python3.11/site-packages/airflow/example_dags/example_params_trigger_ui.py
[2026-03-18T17:13:38.169+0100] {logging_mixin.py:190} INFO - [2026-03-18T17:13:38.168+0100] {dag.py:3239} INFO - Sync 1 DAGs
[2026-03-18T17:13:38.227+0100] {logging_mixin.py:190} INFO - [2026-03-18T17:13:38.226+0100] {dag.py:4180} INFO - Setting next_dagrun for example_params_trigger_ui to None, run_after=None
[2026-03-18T17:13:38.244+0100] {processor.py:208} INFO - Processing /Users/atanasivanov/ipo-intel/ipo-intel/.venv_airflow/lib/python3.11/site-packages/airflow/example_dags/example_params_trigger_ui.py took 0.219 seconds
[2026-03-18T17:15:39.364+0100] {processor.py:186} INFO - Started process (PID=60937) to work on /Users/atanasivanov/ipo-intel/ipo-intel/.venv_airflow/lib/python3.11/site-packages/airflow/example_dags/example_params_trigger_ui.py
[2026-03-18T17:15:39.366+0100] {processor.py:914} INFO - Processing file /Users/atanasivanov/ipo-intel/ipo-intel/.venv_airflow/lib/python3.11/site-packages/airflow/example_dags/example_params_trigger_ui.py for tasks to queue
[2026-03-18T17:15:39.367+0100] {logging_mixin.py:190} INFO - [2026-03-18T17:15:39.367+0100] {dagbag.py:588} INFO - Filling up the DagBag from /Users/atanasivanov/ipo-intel/ipo-intel/.venv_airflow/lib/python3.11/site-packages/airflow/example_dags/example_params_trigger_ui.py
[2026-03-18T17:15:39.411+0100] {processor.py:925} INFO - DAG(s) 'example_params_trigger_ui' retrieved from /Users/atanasivanov/ipo-intel/ipo-intel/.venv_airflow/lib/python3.11/site-packages/airflow/example_dags/example_params_trigger_ui.py
[2026-03-18T17:15:39.547+0100] {logging_mixin.py:190} INFO - [2026-03-18T17:15:39.547+0100] {dag.py:3239} INFO - Sync 1 DAGs
[2026-03-18T17:15:39.620+0100] {logging_mixin.py:190} INFO - [2026-03-18T17:15:39.619+0100] {dag.py:4180} INFO - Setting next_dagrun for example_params_trigger_ui to None, run_after=None
[2026-03-18T17:15:39.641+0100] {processor.py:208} INFO - Processing /Users/atanasivanov/ipo-intel/ipo-intel/.venv_airflow/lib/python3.11/site-packages/airflow/example_dags/example_params_trigger_ui.py took 0.282 seconds
