[2026-03-18T16:16:21.449+0100] {processor.py:186} INFO - Started process (PID=44505) to work on /Users/atanasivanov/ipo-intel/ipo-intel/.venv_airflow/lib/python3.11/site-packages/airflow/example_dags/example_short_circuit_operator.py
[2026-03-18T16:16:21.450+0100] {processor.py:914} INFO - Processing file /Users/atanasivanov/ipo-intel/ipo-intel/.venv_airflow/lib/python3.11/site-packages/airflow/example_dags/example_short_circuit_operator.py for tasks to queue
[2026-03-18T16:16:21.451+0100] {logging_mixin.py:190} INFO - [2026-03-18T16:16:21.451+0100] {dagbag.py:588} INFO - Filling up the DagBag from /Users/atanasivanov/ipo-intel/ipo-intel/.venv_airflow/lib/python3.11/site-packages/airflow/example_dags/example_short_circuit_operator.py
[2026-03-18T16:16:21.478+0100] {processor.py:925} INFO - DAG(s) 'example_short_circuit_operator' retrieved from /Users/atanasivanov/ipo-intel/ipo-intel/.venv_airflow/lib/python3.11/site-packages/airflow/example_dags/example_short_circuit_operator.py
[2026-03-18T16:16:21.713+0100] {logging_mixin.py:190} INFO - [2026-03-18T16:16:21.713+0100] {override.py:1912} INFO - Created Permission View: can edit on DAG:example_short_circuit_operator
[2026-03-18T16:16:21.721+0100] {logging_mixin.py:190} INFO - [2026-03-18T16:16:21.721+0100] {override.py:1912} INFO - Created Permission View: can read on DAG:example_short_circuit_operator
[2026-03-18T16:16:21.727+0100] {logging_mixin.py:190} INFO - [2026-03-18T16:16:21.726+0100] {override.py:1912} INFO - Created Permission View: can delete on DAG:example_short_circuit_operator
[2026-03-18T16:16:21.734+0100] {logging_mixin.py:190} INFO - [2026-03-18T16:16:21.734+0100] {override.py:1912} INFO - Created Permission View: menu access on DAG Run:example_short_circuit_operator
[2026-03-18T16:16:21.740+0100] {logging_mixin.py:190} INFO - [2026-03-18T16:16:21.740+0100] {override.py:1912} INFO - Created Permission View: can create on DAG Run:example_short_circuit_operator
[2026-03-18T16:16:21.746+0100] {logging_mixin.py:190} INFO - [2026-03-18T16:16:21.745+0100] {override.py:1912} INFO - Created Permission View: can read on DAG Run:example_short_circuit_operator
[2026-03-18T16:16:21.751+0100] {logging_mixin.py:190} INFO - [2026-03-18T16:16:21.751+0100] {override.py:1912} INFO - Created Permission View: can delete on DAG Run:example_short_circuit_operator
[2026-03-18T16:16:21.752+0100] {logging_mixin.py:190} INFO - [2026-03-18T16:16:21.751+0100] {dag.py:3239} INFO - Sync 1 DAGs
[2026-03-18T16:16:21.762+0100] {logging_mixin.py:190} INFO - [2026-03-18T16:16:21.762+0100] {dag.py:3262} INFO - Creating ORM DAG for example_short_circuit_operator
[2026-03-18T16:16:21.763+0100] {logging_mixin.py:190} INFO - [2026-03-18T16:16:21.763+0100] {dag.py:4180} INFO - Setting next_dagrun for example_short_circuit_operator to None, run_after=None
[2026-03-18T16:16:21.777+0100] {processor.py:208} INFO - Processing /Users/atanasivanov/ipo-intel/ipo-intel/.venv_airflow/lib/python3.11/site-packages/airflow/example_dags/example_short_circuit_operator.py took 0.332 seconds
[2026-03-18T16:20:31.390+0100] {processor.py:186} INFO - Started process (PID=45374) to work on /Users/atanasivanov/ipo-intel/ipo-intel/.venv_airflow/lib/python3.11/site-packages/airflow/example_dags/example_short_circuit_operator.py
[2026-03-18T16:20:31.392+0100] {processor.py:914} INFO - Processing file /Users/atanasivanov/ipo-intel/ipo-intel/.venv_airflow/lib/python3.11/site-packages/airflow/example_dags/example_short_circuit_operator.py for tasks to queue
[2026-03-18T16:20:31.393+0100] {logging_mixin.py:190} INFO - [2026-03-18T16:20:31.393+0100] {dagbag.py:588} INFO - Filling up the DagBag from /Users/atanasivanov/ipo-intel/ipo-intel/.venv_airflow/lib/python3.11/site-packages/airflow/example_dags/example_short_circuit_operator.py
[2026-03-18T16:20:31.426+0100] {processor.py:925} INFO - DAG(s) 'example_short_circuit_operator' retrieved from /Users/atanasivanov/ipo-intel/ipo-intel/.venv_airflow/lib/python3.11/site-packages/airflow/example_dags/example_short_circuit_operator.py
[2026-03-18T16:20:31.516+0100] {logging_mixin.py:190} INFO - [2026-03-18T16:20:31.516+0100] {dag.py:3239} INFO - Sync 1 DAGs
[2026-03-18T16:20:31.575+0100] {logging_mixin.py:190} INFO - [2026-03-18T16:20:31.575+0100] {dag.py:4180} INFO - Setting next_dagrun for example_short_circuit_operator to None, run_after=None
[2026-03-18T16:20:31.592+0100] {processor.py:208} INFO - Processing /Users/atanasivanov/ipo-intel/ipo-intel/.venv_airflow/lib/python3.11/site-packages/airflow/example_dags/example_short_circuit_operator.py took 0.209 seconds
[2026-03-18T16:23:11.164+0100] {processor.py:186} INFO - Started process (PID=45983) to work on /Users/atanasivanov/ipo-intel/ipo-intel/.venv_airflow/lib/python3.11/site-packages/airflow/example_dags/example_short_circuit_operator.py
[2026-03-18T16:23:11.165+0100] {processor.py:914} INFO - Processing file /Users/atanasivanov/ipo-intel/ipo-intel/.venv_airflow/lib/python3.11/site-packages/airflow/example_dags/example_short_circuit_operator.py for tasks to queue
[2026-03-18T16:23:11.166+0100] {logging_mixin.py:190} INFO - [2026-03-18T16:23:11.166+0100] {dagbag.py:588} INFO - Filling up the DagBag from /Users/atanasivanov/ipo-intel/ipo-intel/.venv_airflow/lib/python3.11/site-packages/airflow/example_dags/example_short_circuit_operator.py
[2026-03-18T16:23:11.189+0100] {processor.py:925} INFO - DAG(s) 'example_short_circuit_operator' retrieved from /Users/atanasivanov/ipo-intel/ipo-intel/.venv_airflow/lib/python3.11/site-packages/airflow/example_dags/example_short_circuit_operator.py
[2026-03-18T16:23:11.267+0100] {logging_mixin.py:190} INFO - [2026-03-18T16:23:11.267+0100] {dag.py:3239} INFO - Sync 1 DAGs
[2026-03-18T16:23:11.322+0100] {logging_mixin.py:190} INFO - [2026-03-18T16:23:11.322+0100] {dag.py:4180} INFO - Setting next_dagrun for example_short_circuit_operator to None, run_after=None
[2026-03-18T16:23:11.339+0100] {processor.py:208} INFO - Processing /Users/atanasivanov/ipo-intel/ipo-intel/.venv_airflow/lib/python3.11/site-packages/airflow/example_dags/example_short_circuit_operator.py took 0.181 seconds
[2026-03-18T16:25:14.338+0100] {processor.py:186} INFO - Started process (PID=46445) to work on /Users/atanasivanov/ipo-intel/ipo-intel/.venv_airflow/lib/python3.11/site-packages/airflow/example_dags/example_short_circuit_operator.py
[2026-03-18T16:25:14.339+0100] {processor.py:914} INFO - Processing file /Users/atanasivanov/ipo-intel/ipo-intel/.venv_airflow/lib/python3.11/site-packages/airflow/example_dags/example_short_circuit_operator.py for tasks to queue
[2026-03-18T16:25:14.340+0100] {logging_mixin.py:190} INFO - [2026-03-18T16:25:14.340+0100] {dagbag.py:588} INFO - Filling up the DagBag from /Users/atanasivanov/ipo-intel/ipo-intel/.venv_airflow/lib/python3.11/site-packages/airflow/example_dags/example_short_circuit_operator.py
[2026-03-18T16:25:14.369+0100] {processor.py:925} INFO - DAG(s) 'example_short_circuit_operator' retrieved from /Users/atanasivanov/ipo-intel/ipo-intel/.venv_airflow/lib/python3.11/site-packages/airflow/example_dags/example_short_circuit_operator.py
[2026-03-18T16:25:14.471+0100] {logging_mixin.py:190} INFO - [2026-03-18T16:25:14.471+0100] {dag.py:3239} INFO - Sync 1 DAGs
[2026-03-18T16:25:14.539+0100] {logging_mixin.py:190} INFO - [2026-03-18T16:25:14.539+0100] {dag.py:4180} INFO - Setting next_dagrun for example_short_circuit_operator to None, run_after=None
[2026-03-18T16:25:14.559+0100] {processor.py:208} INFO - Processing /Users/atanasivanov/ipo-intel/ipo-intel/.venv_airflow/lib/python3.11/site-packages/airflow/example_dags/example_short_circuit_operator.py took 0.228 seconds
[2026-03-18T16:27:16.762+0100] {processor.py:186} INFO - Started process (PID=47396) to work on /Users/atanasivanov/ipo-intel/ipo-intel/.venv_airflow/lib/python3.11/site-packages/airflow/example_dags/example_short_circuit_operator.py
[2026-03-18T16:27:16.763+0100] {processor.py:914} INFO - Processing file /Users/atanasivanov/ipo-intel/ipo-intel/.venv_airflow/lib/python3.11/site-packages/airflow/example_dags/example_short_circuit_operator.py for tasks to queue
[2026-03-18T16:27:16.764+0100] {logging_mixin.py:190} INFO - [2026-03-18T16:27:16.764+0100] {dagbag.py:588} INFO - Filling up the DagBag from /Users/atanasivanov/ipo-intel/ipo-intel/.venv_airflow/lib/python3.11/site-packages/airflow/example_dags/example_short_circuit_operator.py
[2026-03-18T16:27:16.789+0100] {processor.py:925} INFO - DAG(s) 'example_short_circuit_operator' retrieved from /Users/atanasivanov/ipo-intel/ipo-intel/.venv_airflow/lib/python3.11/site-packages/airflow/example_dags/example_short_circuit_operator.py
[2026-03-18T16:27:16.870+0100] {logging_mixin.py:190} INFO - [2026-03-18T16:27:16.869+0100] {dag.py:3239} INFO - Sync 1 DAGs
[2026-03-18T16:27:16.925+0100] {logging_mixin.py:190} INFO - [2026-03-18T16:27:16.925+0100] {dag.py:4180} INFO - Setting next_dagrun for example_short_circuit_operator to None, run_after=None
[2026-03-18T16:27:16.943+0100] {processor.py:208} INFO - Processing /Users/atanasivanov/ipo-intel/ipo-intel/.venv_airflow/lib/python3.11/site-packages/airflow/example_dags/example_short_circuit_operator.py took 0.186 seconds
[2026-03-18T16:29:22.290+0100] {processor.py:186} INFO - Started process (PID=48039) to work on /Users/atanasivanov/ipo-intel/ipo-intel/.venv_airflow/lib/python3.11/site-packages/airflow/example_dags/example_short_circuit_operator.py
[2026-03-18T16:29:22.291+0100] {processor.py:914} INFO - Processing file /Users/atanasivanov/ipo-intel/ipo-intel/.venv_airflow/lib/python3.11/site-packages/airflow/example_dags/example_short_circuit_operator.py for tasks to queue
[2026-03-18T16:29:22.292+0100] {logging_mixin.py:190} INFO - [2026-03-18T16:29:22.292+0100] {dagbag.py:588} INFO - Filling up the DagBag from /Users/atanasivanov/ipo-intel/ipo-intel/.venv_airflow/lib/python3.11/site-packages/airflow/example_dags/example_short_circuit_operator.py
[2026-03-18T16:29:22.316+0100] {processor.py:925} INFO - DAG(s) 'example_short_circuit_operator' retrieved from /Users/atanasivanov/ipo-intel/ipo-intel/.venv_airflow/lib/python3.11/site-packages/airflow/example_dags/example_short_circuit_operator.py
[2026-03-18T16:29:22.394+0100] {logging_mixin.py:190} INFO - [2026-03-18T16:29:22.394+0100] {dag.py:3239} INFO - Sync 1 DAGs
[2026-03-18T16:29:22.452+0100] {logging_mixin.py:190} INFO - [2026-03-18T16:29:22.452+0100] {dag.py:4180} INFO - Setting next_dagrun for example_short_circuit_operator to None, run_after=None
[2026-03-18T16:29:22.469+0100] {processor.py:208} INFO - Processing /Users/atanasivanov/ipo-intel/ipo-intel/.venv_airflow/lib/python3.11/site-packages/airflow/example_dags/example_short_circuit_operator.py took 0.185 seconds
[2026-03-18T16:31:16.035+0100] {processor.py:186} INFO - Started process (PID=48455) to work on /Users/atanasivanov/ipo-intel/ipo-intel/.venv_airflow/lib/python3.11/site-packages/airflow/example_dags/example_short_circuit_operator.py
[2026-03-18T16:31:16.037+0100] {processor.py:914} INFO - Processing file /Users/atanasivanov/ipo-intel/ipo-intel/.venv_airflow/lib/python3.11/site-packages/airflow/example_dags/example_short_circuit_operator.py for tasks to queue
[2026-03-18T16:31:16.038+0100] {logging_mixin.py:190} INFO - [2026-03-18T16:31:16.038+0100] {dagbag.py:588} INFO - Filling up the DagBag from /Users/atanasivanov/ipo-intel/ipo-intel/.venv_airflow/lib/python3.11/site-packages/airflow/example_dags/example_short_circuit_operator.py
[2026-03-18T16:31:16.062+0100] {processor.py:925} INFO - DAG(s) 'example_short_circuit_operator' retrieved from /Users/atanasivanov/ipo-intel/ipo-intel/.venv_airflow/lib/python3.11/site-packages/airflow/example_dags/example_short_circuit_operator.py
[2026-03-18T16:31:16.139+0100] {logging_mixin.py:190} INFO - [2026-03-18T16:31:16.138+0100] {dag.py:3239} INFO - Sync 1 DAGs
[2026-03-18T16:31:16.194+0100] {logging_mixin.py:190} INFO - [2026-03-18T16:31:16.194+0100] {dag.py:4180} INFO - Setting next_dagrun for example_short_circuit_operator to None, run_after=None
[2026-03-18T16:31:16.212+0100] {processor.py:208} INFO - Processing /Users/atanasivanov/ipo-intel/ipo-intel/.venv_airflow/lib/python3.11/site-packages/airflow/example_dags/example_short_circuit_operator.py took 0.182 seconds
[2026-03-18T16:33:08.287+0100] {processor.py:186} INFO - Started process (PID=48859) to work on /Users/atanasivanov/ipo-intel/ipo-intel/.venv_airflow/lib/python3.11/site-packages/airflow/example_dags/example_short_circuit_operator.py
[2026-03-18T16:33:08.288+0100] {processor.py:914} INFO - Processing file /Users/atanasivanov/ipo-intel/ipo-intel/.venv_airflow/lib/python3.11/site-packages/airflow/example_dags/example_short_circuit_operator.py for tasks to queue
[2026-03-18T16:33:08.289+0100] {logging_mixin.py:190} INFO - [2026-03-18T16:33:08.289+0100] {dagbag.py:588} INFO - Filling up the DagBag from /Users/atanasivanov/ipo-intel/ipo-intel/.venv_airflow/lib/python3.11/site-packages/airflow/example_dags/example_short_circuit_operator.py
[2026-03-18T16:33:08.314+0100] {processor.py:925} INFO - DAG(s) 'example_short_circuit_operator' retrieved from /Users/atanasivanov/ipo-intel/ipo-intel/.venv_airflow/lib/python3.11/site-packages/airflow/example_dags/example_short_circuit_operator.py
[2026-03-18T16:33:08.392+0100] {logging_mixin.py:190} INFO - [2026-03-18T16:33:08.391+0100] {dag.py:3239} INFO - Sync 1 DAGs
[2026-03-18T16:33:08.446+0100] {logging_mixin.py:190} INFO - [2026-03-18T16:33:08.446+0100] {dag.py:4180} INFO - Setting next_dagrun for example_short_circuit_operator to None, run_after=None
[2026-03-18T16:33:08.464+0100] {processor.py:208} INFO - Processing /Users/atanasivanov/ipo-intel/ipo-intel/.venv_airflow/lib/python3.11/site-packages/airflow/example_dags/example_short_circuit_operator.py took 0.182 seconds
[2026-03-18T16:35:04.560+0100] {processor.py:186} INFO - Started process (PID=49287) to work on /Users/atanasivanov/ipo-intel/ipo-intel/.venv_airflow/lib/python3.11/site-packages/airflow/example_dags/example_short_circuit_operator.py
[2026-03-18T16:35:04.561+0100] {processor.py:914} INFO - Processing file /Users/atanasivanov/ipo-intel/ipo-intel/.venv_airflow/lib/python3.11/site-packages/airflow/example_dags/example_short_circuit_operator.py for tasks to queue
[2026-03-18T16:35:04.562+0100] {logging_mixin.py:190} INFO - [2026-03-18T16:35:04.561+0100] {dagbag.py:588} INFO - Filling up the DagBag from /Users/atanasivanov/ipo-intel/ipo-intel/.venv_airflow/lib/python3.11/site-packages/airflow/example_dags/example_short_circuit_operator.py
[2026-03-18T16:35:04.587+0100] {processor.py:925} INFO - DAG(s) 'example_short_circuit_operator' retrieved from /Users/atanasivanov/ipo-intel/ipo-intel/.venv_airflow/lib/python3.11/site-packages/airflow/example_dags/example_short_circuit_operator.py
[2026-03-18T16:35:04.668+0100] {logging_mixin.py:190} INFO - [2026-03-18T16:35:04.667+0100] {dag.py:3239} INFO - Sync 1 DAGs
[2026-03-18T16:35:04.724+0100] {logging_mixin.py:190} INFO - [2026-03-18T16:35:04.723+0100] {dag.py:4180} INFO - Setting next_dagrun for example_short_circuit_operator to None, run_after=None
[2026-03-18T16:35:04.741+0100] {processor.py:208} INFO - Processing /Users/atanasivanov/ipo-intel/ipo-intel/.venv_airflow/lib/python3.11/site-packages/airflow/example_dags/example_short_circuit_operator.py took 0.186 seconds
[2026-03-18T16:36:57.427+0100] {processor.py:186} INFO - Started process (PID=49701) to work on /Users/atanasivanov/ipo-intel/ipo-intel/.venv_airflow/lib/python3.11/site-packages/airflow/example_dags/example_short_circuit_operator.py
[2026-03-18T16:36:57.428+0100] {processor.py:914} INFO - Processing file /Users/atanasivanov/ipo-intel/ipo-intel/.venv_airflow/lib/python3.11/site-packages/airflow/example_dags/example_short_circuit_operator.py for tasks to queue
[2026-03-18T16:36:57.429+0100] {logging_mixin.py:190} INFO - [2026-03-18T16:36:57.429+0100] {dagbag.py:588} INFO - Filling up the DagBag from /Users/atanasivanov/ipo-intel/ipo-intel/.venv_airflow/lib/python3.11/site-packages/airflow/example_dags/example_short_circuit_operator.py
[2026-03-18T16:36:57.454+0100] {processor.py:925} INFO - DAG(s) 'example_short_circuit_operator' retrieved from /Users/atanasivanov/ipo-intel/ipo-intel/.venv_airflow/lib/python3.11/site-packages/airflow/example_dags/example_short_circuit_operator.py
[2026-03-18T16:36:57.533+0100] {logging_mixin.py:190} INFO - [2026-03-18T16:36:57.533+0100] {dag.py:3239} INFO - Sync 1 DAGs
[2026-03-18T16:36:57.589+0100] {logging_mixin.py:190} INFO - [2026-03-18T16:36:57.589+0100] {dag.py:4180} INFO - Setting next_dagrun for example_short_circuit_operator to None, run_after=None
[2026-03-18T16:36:57.606+0100] {processor.py:208} INFO - Processing /Users/atanasivanov/ipo-intel/ipo-intel/.venv_airflow/lib/python3.11/site-packages/airflow/example_dags/example_short_circuit_operator.py took 0.184 seconds
[2026-03-18T16:38:49.211+0100] {processor.py:186} INFO - Started process (PID=50103) to work on /Users/atanasivanov/ipo-intel/ipo-intel/.venv_airflow/lib/python3.11/site-packages/airflow/example_dags/example_short_circuit_operator.py
[2026-03-18T16:38:49.212+0100] {processor.py:914} INFO - Processing file /Users/atanasivanov/ipo-intel/ipo-intel/.venv_airflow/lib/python3.11/site-packages/airflow/example_dags/example_short_circuit_operator.py for tasks to queue
[2026-03-18T16:38:49.213+0100] {logging_mixin.py:190} INFO - [2026-03-18T16:38:49.213+0100] {dagbag.py:588} INFO - Filling up the DagBag from /Users/atanasivanov/ipo-intel/ipo-intel/.venv_airflow/lib/python3.11/site-packages/airflow/example_dags/example_short_circuit_operator.py
[2026-03-18T16:38:49.238+0100] {processor.py:925} INFO - DAG(s) 'example_short_circuit_operator' retrieved from /Users/atanasivanov/ipo-intel/ipo-intel/.venv_airflow/lib/python3.11/site-packages/airflow/example_dags/example_short_circuit_operator.py
[2026-03-18T16:38:49.319+0100] {logging_mixin.py:190} INFO - [2026-03-18T16:38:49.319+0100] {dag.py:3239} INFO - Sync 1 DAGs
[2026-03-18T16:38:49.373+0100] {logging_mixin.py:190} INFO - [2026-03-18T16:38:49.373+0100] {dag.py:4180} INFO - Setting next_dagrun for example_short_circuit_operator to None, run_after=None
[2026-03-18T16:38:49.390+0100] {processor.py:208} INFO - Processing /Users/atanasivanov/ipo-intel/ipo-intel/.venv_airflow/lib/python3.11/site-packages/airflow/example_dags/example_short_circuit_operator.py took 0.185 seconds
[2026-03-18T16:40:54.291+0100] {processor.py:186} INFO - Started process (PID=51535) to work on /Users/atanasivanov/ipo-intel/ipo-intel/.venv_airflow/lib/python3.11/site-packages/airflow/example_dags/example_short_circuit_operator.py
[2026-03-18T16:40:54.292+0100] {processor.py:914} INFO - Processing file /Users/atanasivanov/ipo-intel/ipo-intel/.venv_airflow/lib/python3.11/site-packages/airflow/example_dags/example_short_circuit_operator.py for tasks to queue
[2026-03-18T16:40:54.293+0100] {logging_mixin.py:190} INFO - [2026-03-18T16:40:54.293+0100] {dagbag.py:588} INFO - Filling up the DagBag from /Users/atanasivanov/ipo-intel/ipo-intel/.venv_airflow/lib/python3.11/site-packages/airflow/example_dags/example_short_circuit_operator.py
[2026-03-18T16:40:54.326+0100] {processor.py:925} INFO - DAG(s) 'example_short_circuit_operator' retrieved from /Users/atanasivanov/ipo-intel/ipo-intel/.venv_airflow/lib/python3.11/site-packages/airflow/example_dags/example_short_circuit_operator.py
[2026-03-18T16:40:54.433+0100] {logging_mixin.py:190} INFO - [2026-03-18T16:40:54.433+0100] {dag.py:3239} INFO - Sync 1 DAGs
[2026-03-18T16:40:54.501+0100] {logging_mixin.py:190} INFO - [2026-03-18T16:40:54.500+0100] {dag.py:4180} INFO - Setting next_dagrun for example_short_circuit_operator to None, run_after=None
[2026-03-18T16:40:54.521+0100] {processor.py:208} INFO - Processing /Users/atanasivanov/ipo-intel/ipo-intel/.venv_airflow/lib/python3.11/site-packages/airflow/example_dags/example_short_circuit_operator.py took 0.236 seconds
[2026-03-18T16:42:56.616+0100] {processor.py:186} INFO - Started process (PID=52124) to work on /Users/atanasivanov/ipo-intel/ipo-intel/.venv_airflow/lib/python3.11/site-packages/airflow/example_dags/example_short_circuit_operator.py
[2026-03-18T16:42:56.617+0100] {processor.py:914} INFO - Processing file /Users/atanasivanov/ipo-intel/ipo-intel/.venv_airflow/lib/python3.11/site-packages/airflow/example_dags/example_short_circuit_operator.py for tasks to queue
[2026-03-18T16:42:56.618+0100] {logging_mixin.py:190} INFO - [2026-03-18T16:42:56.618+0100] {dagbag.py:588} INFO - Filling up the DagBag from /Users/atanasivanov/ipo-intel/ipo-intel/.venv_airflow/lib/python3.11/site-packages/airflow/example_dags/example_short_circuit_operator.py
[2026-03-18T16:42:56.646+0100] {processor.py:925} INFO - DAG(s) 'example_short_circuit_operator' retrieved from /Users/atanasivanov/ipo-intel/ipo-intel/.venv_airflow/lib/python3.11/site-packages/airflow/example_dags/example_short_circuit_operator.py
[2026-03-18T16:42:56.744+0100] {logging_mixin.py:190} INFO - [2026-03-18T16:42:56.743+0100] {dag.py:3239} INFO - Sync 1 DAGs
[2026-03-18T16:42:56.811+0100] {logging_mixin.py:190} INFO - [2026-03-18T16:42:56.811+0100] {dag.py:4180} INFO - Setting next_dagrun for example_short_circuit_operator to None, run_after=None
[2026-03-18T16:42:56.832+0100] {processor.py:208} INFO - Processing /Users/atanasivanov/ipo-intel/ipo-intel/.venv_airflow/lib/python3.11/site-packages/airflow/example_dags/example_short_circuit_operator.py took 0.221 seconds
[2026-03-18T16:48:33.880+0100] {processor.py:186} INFO - Started process (PID=53335) to work on /Users/atanasivanov/ipo-intel/ipo-intel/.venv_airflow/lib/python3.11/site-packages/airflow/example_dags/example_short_circuit_operator.py
[2026-03-18T16:48:33.882+0100] {processor.py:914} INFO - Processing file /Users/atanasivanov/ipo-intel/ipo-intel/.venv_airflow/lib/python3.11/site-packages/airflow/example_dags/example_short_circuit_operator.py for tasks to queue
[2026-03-18T16:48:33.883+0100] {logging_mixin.py:190} INFO - [2026-03-18T16:48:33.882+0100] {dagbag.py:588} INFO - Filling up the DagBag from /Users/atanasivanov/ipo-intel/ipo-intel/.venv_airflow/lib/python3.11/site-packages/airflow/example_dags/example_short_circuit_operator.py
[2026-03-18T16:48:33.907+0100] {processor.py:925} INFO - DAG(s) 'example_short_circuit_operator' retrieved from /Users/atanasivanov/ipo-intel/ipo-intel/.venv_airflow/lib/python3.11/site-packages/airflow/example_dags/example_short_circuit_operator.py
[2026-03-18T16:48:33.983+0100] {logging_mixin.py:190} INFO - [2026-03-18T16:48:33.983+0100] {dag.py:3239} INFO - Sync 1 DAGs
[2026-03-18T16:48:34.044+0100] {logging_mixin.py:190} INFO - [2026-03-18T16:48:34.043+0100] {dag.py:4180} INFO - Setting next_dagrun for example_short_circuit_operator to None, run_after=None
[2026-03-18T16:48:34.061+0100] {processor.py:208} INFO - Processing /Users/atanasivanov/ipo-intel/ipo-intel/.venv_airflow/lib/python3.11/site-packages/airflow/example_dags/example_short_circuit_operator.py took 0.186 seconds
[2026-03-18T16:51:02.194+0100] {processor.py:186} INFO - Started process (PID=53868) to work on /Users/atanasivanov/ipo-intel/ipo-intel/.venv_airflow/lib/python3.11/site-packages/airflow/example_dags/example_short_circuit_operator.py
[2026-03-18T16:51:02.195+0100] {processor.py:914} INFO - Processing file /Users/atanasivanov/ipo-intel/ipo-intel/.venv_airflow/lib/python3.11/site-packages/airflow/example_dags/example_short_circuit_operator.py for tasks to queue
[2026-03-18T16:51:02.196+0100] {logging_mixin.py:190} INFO - [2026-03-18T16:51:02.196+0100] {dagbag.py:588} INFO - Filling up the DagBag from /Users/atanasivanov/ipo-intel/ipo-intel/.venv_airflow/lib/python3.11/site-packages/airflow/example_dags/example_short_circuit_operator.py
[2026-03-18T16:51:02.223+0100] {processor.py:925} INFO - DAG(s) 'example_short_circuit_operator' retrieved from /Users/atanasivanov/ipo-intel/ipo-intel/.venv_airflow/lib/python3.11/site-packages/airflow/example_dags/example_short_circuit_operator.py
[2026-03-18T16:51:02.315+0100] {logging_mixin.py:190} INFO - [2026-03-18T16:51:02.315+0100] {dag.py:3239} INFO - Sync 1 DAGs
[2026-03-18T16:51:02.381+0100] {logging_mixin.py:190} INFO - [2026-03-18T16:51:02.380+0100] {dag.py:4180} INFO - Setting next_dagrun for example_short_circuit_operator to None, run_after=None
[2026-03-18T16:51:02.399+0100] {processor.py:208} INFO - Processing /Users/atanasivanov/ipo-intel/ipo-intel/.venv_airflow/lib/python3.11/site-packages/airflow/example_dags/example_short_circuit_operator.py took 0.210 seconds
[2026-03-18T16:53:05.078+0100] {processor.py:186} INFO - Started process (PID=54315) to work on /Users/atanasivanov/ipo-intel/ipo-intel/.venv_airflow/lib/python3.11/site-packages/airflow/example_dags/example_short_circuit_operator.py
[2026-03-18T16:53:05.079+0100] {processor.py:914} INFO - Processing file /Users/atanasivanov/ipo-intel/ipo-intel/.venv_airflow/lib/python3.11/site-packages/airflow/example_dags/example_short_circuit_operator.py for tasks to queue
[2026-03-18T16:53:05.080+0100] {logging_mixin.py:190} INFO - [2026-03-18T16:53:05.080+0100] {dagbag.py:588} INFO - Filling up the DagBag from /Users/atanasivanov/ipo-intel/ipo-intel/.venv_airflow/lib/python3.11/site-packages/airflow/example_dags/example_short_circuit_operator.py
[2026-03-18T16:53:05.105+0100] {processor.py:925} INFO - DAG(s) 'example_short_circuit_operator' retrieved from /Users/atanasivanov/ipo-intel/ipo-intel/.venv_airflow/lib/python3.11/site-packages/airflow/example_dags/example_short_circuit_operator.py
[2026-03-18T16:53:05.188+0100] {logging_mixin.py:190} INFO - [2026-03-18T16:53:05.187+0100] {dag.py:3239} INFO - Sync 1 DAGs
[2026-03-18T16:53:05.244+0100] {logging_mixin.py:190} INFO - [2026-03-18T16:53:05.244+0100] {dag.py:4180} INFO - Setting next_dagrun for example_short_circuit_operator to None, run_after=None
[2026-03-18T16:53:05.262+0100] {processor.py:208} INFO - Processing /Users/atanasivanov/ipo-intel/ipo-intel/.venv_airflow/lib/python3.11/site-packages/airflow/example_dags/example_short_circuit_operator.py took 0.189 seconds
[2026-03-18T16:55:12.544+0100] {processor.py:186} INFO - Started process (PID=55084) to work on /Users/atanasivanov/ipo-intel/ipo-intel/.venv_airflow/lib/python3.11/site-packages/airflow/example_dags/example_short_circuit_operator.py
[2026-03-18T16:55:12.545+0100] {processor.py:914} INFO - Processing file /Users/atanasivanov/ipo-intel/ipo-intel/.venv_airflow/lib/python3.11/site-packages/airflow/example_dags/example_short_circuit_operator.py for tasks to queue
[2026-03-18T16:55:12.546+0100] {logging_mixin.py:190} INFO - [2026-03-18T16:55:12.545+0100] {dagbag.py:588} INFO - Filling up the DagBag from /Users/atanasivanov/ipo-intel/ipo-intel/.venv_airflow/lib/python3.11/site-packages/airflow/example_dags/example_short_circuit_operator.py
[2026-03-18T16:55:12.568+0100] {processor.py:925} INFO - DAG(s) 'example_short_circuit_operator' retrieved from /Users/atanasivanov/ipo-intel/ipo-intel/.venv_airflow/lib/python3.11/site-packages/airflow/example_dags/example_short_circuit_operator.py
[2026-03-18T16:55:12.647+0100] {logging_mixin.py:190} INFO - [2026-03-18T16:55:12.646+0100] {dag.py:3239} INFO - Sync 1 DAGs
[2026-03-18T16:55:12.702+0100] {logging_mixin.py:190} INFO - [2026-03-18T16:55:12.702+0100] {dag.py:4180} INFO - Setting next_dagrun for example_short_circuit_operator to None, run_after=None
[2026-03-18T16:55:12.719+0100] {processor.py:208} INFO - Processing /Users/atanasivanov/ipo-intel/ipo-intel/.venv_airflow/lib/python3.11/site-packages/airflow/example_dags/example_short_circuit_operator.py took 0.180 seconds
[2026-03-18T16:57:14.821+0100] {processor.py:186} INFO - Started process (PID=55551) to work on /Users/atanasivanov/ipo-intel/ipo-intel/.venv_airflow/lib/python3.11/site-packages/airflow/example_dags/example_short_circuit_operator.py
[2026-03-18T16:57:14.822+0100] {processor.py:914} INFO - Processing file /Users/atanasivanov/ipo-intel/ipo-intel/.venv_airflow/lib/python3.11/site-packages/airflow/example_dags/example_short_circuit_operator.py for tasks to queue
[2026-03-18T16:57:14.823+0100] {logging_mixin.py:190} INFO - [2026-03-18T16:57:14.823+0100] {dagbag.py:588} INFO - Filling up the DagBag from /Users/atanasivanov/ipo-intel/ipo-intel/.venv_airflow/lib/python3.11/site-packages/airflow/example_dags/example_short_circuit_operator.py
[2026-03-18T16:57:14.846+0100] {processor.py:925} INFO - DAG(s) 'example_short_circuit_operator' retrieved from /Users/atanasivanov/ipo-intel/ipo-intel/.venv_airflow/lib/python3.11/site-packages/airflow/example_dags/example_short_circuit_operator.py
[2026-03-18T16:57:14.926+0100] {logging_mixin.py:190} INFO - [2026-03-18T16:57:14.925+0100] {dag.py:3239} INFO - Sync 1 DAGs
[2026-03-18T16:57:14.980+0100] {logging_mixin.py:190} INFO - [2026-03-18T16:57:14.980+0100] {dag.py:4180} INFO - Setting next_dagrun for example_short_circuit_operator to None, run_after=None
[2026-03-18T16:57:14.997+0100] {processor.py:208} INFO - Processing /Users/atanasivanov/ipo-intel/ipo-intel/.venv_airflow/lib/python3.11/site-packages/airflow/example_dags/example_short_circuit_operator.py took 0.181 seconds
[2026-03-18T16:59:20.889+0100] {processor.py:186} INFO - Started process (PID=56004) to work on /Users/atanasivanov/ipo-intel/ipo-intel/.venv_airflow/lib/python3.11/site-packages/airflow/example_dags/example_short_circuit_operator.py
[2026-03-18T16:59:20.891+0100] {processor.py:914} INFO - Processing file /Users/atanasivanov/ipo-intel/ipo-intel/.venv_airflow/lib/python3.11/site-packages/airflow/example_dags/example_short_circuit_operator.py for tasks to queue
[2026-03-18T16:59:20.892+0100] {logging_mixin.py:190} INFO - [2026-03-18T16:59:20.892+0100] {dagbag.py:588} INFO - Filling up the DagBag from /Users/atanasivanov/ipo-intel/ipo-intel/.venv_airflow/lib/python3.11/site-packages/airflow/example_dags/example_short_circuit_operator.py
[2026-03-18T16:59:20.916+0100] {processor.py:925} INFO - DAG(s) 'example_short_circuit_operator' retrieved from /Users/atanasivanov/ipo-intel/ipo-intel/.venv_airflow/lib/python3.11/site-packages/airflow/example_dags/example_short_circuit_operator.py
[2026-03-18T16:59:20.997+0100] {logging_mixin.py:190} INFO - [2026-03-18T16:59:20.997+0100] {dag.py:3239} INFO - Sync 1 DAGs
[2026-03-18T16:59:21.054+0100] {logging_mixin.py:190} INFO - [2026-03-18T16:59:21.054+0100] {dag.py:4180} INFO - Setting next_dagrun for example_short_circuit_operator to None, run_after=None
[2026-03-18T16:59:21.072+0100] {processor.py:208} INFO - Processing /Users/atanasivanov/ipo-intel/ipo-intel/.venv_airflow/lib/python3.11/site-packages/airflow/example_dags/example_short_circuit_operator.py took 0.188 seconds
[2026-03-18T17:01:20.613+0100] {processor.py:186} INFO - Started process (PID=56438) to work on /Users/atanasivanov/ipo-intel/ipo-intel/.venv_airflow/lib/python3.11/site-packages/airflow/example_dags/example_short_circuit_operator.py
[2026-03-18T17:01:20.614+0100] {processor.py:914} INFO - Processing file /Users/atanasivanov/ipo-intel/ipo-intel/.venv_airflow/lib/python3.11/site-packages/airflow/example_dags/example_short_circuit_operator.py for tasks to queue
[2026-03-18T17:01:20.614+0100] {logging_mixin.py:190} INFO - [2026-03-18T17:01:20.614+0100] {dagbag.py:588} INFO - Filling up the DagBag from /Users/atanasivanov/ipo-intel/ipo-intel/.venv_airflow/lib/python3.11/site-packages/airflow/example_dags/example_short_circuit_operator.py
[2026-03-18T17:01:20.636+0100] {processor.py:925} INFO - DAG(s) 'example_short_circuit_operator' retrieved from /Users/atanasivanov/ipo-intel/ipo-intel/.venv_airflow/lib/python3.11/site-packages/airflow/example_dags/example_short_circuit_operator.py
[2026-03-18T17:01:20.715+0100] {logging_mixin.py:190} INFO - [2026-03-18T17:01:20.715+0100] {dag.py:3239} INFO - Sync 1 DAGs
[2026-03-18T17:01:20.770+0100] {logging_mixin.py:190} INFO - [2026-03-18T17:01:20.769+0100] {dag.py:4180} INFO - Setting next_dagrun for example_short_circuit_operator to None, run_after=None
[2026-03-18T17:01:20.786+0100] {processor.py:208} INFO - Processing /Users/atanasivanov/ipo-intel/ipo-intel/.venv_airflow/lib/python3.11/site-packages/airflow/example_dags/example_short_circuit_operator.py took 0.179 seconds
[2026-03-18T17:03:17.002+0100] {processor.py:186} INFO - Started process (PID=56868) to work on /Users/atanasivanov/ipo-intel/ipo-intel/.venv_airflow/lib/python3.11/site-packages/airflow/example_dags/example_short_circuit_operator.py
[2026-03-18T17:03:17.004+0100] {processor.py:914} INFO - Processing file /Users/atanasivanov/ipo-intel/ipo-intel/.venv_airflow/lib/python3.11/site-packages/airflow/example_dags/example_short_circuit_operator.py for tasks to queue
[2026-03-18T17:03:17.005+0100] {logging_mixin.py:190} INFO - [2026-03-18T17:03:17.005+0100] {dagbag.py:588} INFO - Filling up the DagBag from /Users/atanasivanov/ipo-intel/ipo-intel/.venv_airflow/lib/python3.11/site-packages/airflow/example_dags/example_short_circuit_operator.py
[2026-03-18T17:03:17.030+0100] {processor.py:925} INFO - DAG(s) 'example_short_circuit_operator' retrieved from /Users/atanasivanov/ipo-intel/ipo-intel/.venv_airflow/lib/python3.11/site-packages/airflow/example_dags/example_short_circuit_operator.py
[2026-03-18T17:03:17.111+0100] {logging_mixin.py:190} INFO - [2026-03-18T17:03:17.111+0100] {dag.py:3239} INFO - Sync 1 DAGs
[2026-03-18T17:03:17.169+0100] {logging_mixin.py:190} INFO - [2026-03-18T17:03:17.168+0100] {dag.py:4180} INFO - Setting next_dagrun for example_short_circuit_operator to None, run_after=None
[2026-03-18T17:03:17.191+0100] {processor.py:208} INFO - Processing /Users/atanasivanov/ipo-intel/ipo-intel/.venv_airflow/lib/python3.11/site-packages/airflow/example_dags/example_short_circuit_operator.py took 0.195 seconds
[2026-03-18T17:05:12.648+0100] {processor.py:186} INFO - Started process (PID=57294) to work on /Users/atanasivanov/ipo-intel/ipo-intel/.venv_airflow/lib/python3.11/site-packages/airflow/example_dags/example_short_circuit_operator.py
[2026-03-18T17:05:12.649+0100] {processor.py:914} INFO - Processing file /Users/atanasivanov/ipo-intel/ipo-intel/.venv_airflow/lib/python3.11/site-packages/airflow/example_dags/example_short_circuit_operator.py for tasks to queue
[2026-03-18T17:05:12.650+0100] {logging_mixin.py:190} INFO - [2026-03-18T17:05:12.650+0100] {dagbag.py:588} INFO - Filling up the DagBag from /Users/atanasivanov/ipo-intel/ipo-intel/.venv_airflow/lib/python3.11/site-packages/airflow/example_dags/example_short_circuit_operator.py
[2026-03-18T17:05:12.672+0100] {processor.py:925} INFO - DAG(s) 'example_short_circuit_operator' retrieved from /Users/atanasivanov/ipo-intel/ipo-intel/.venv_airflow/lib/python3.11/site-packages/airflow/example_dags/example_short_circuit_operator.py
[2026-03-18T17:05:12.751+0100] {logging_mixin.py:190} INFO - [2026-03-18T17:05:12.750+0100] {dag.py:3239} INFO - Sync 1 DAGs
[2026-03-18T17:05:12.808+0100] {logging_mixin.py:190} INFO - [2026-03-18T17:05:12.807+0100] {dag.py:4180} INFO - Setting next_dagrun for example_short_circuit_operator to None, run_after=None
[2026-03-18T17:05:12.825+0100] {processor.py:208} INFO - Processing /Users/atanasivanov/ipo-intel/ipo-intel/.venv_airflow/lib/python3.11/site-packages/airflow/example_dags/example_short_circuit_operator.py took 0.183 seconds
[2026-03-18T17:07:09.470+0100] {processor.py:186} INFO - Started process (PID=57717) to work on /Users/atanasivanov/ipo-intel/ipo-intel/.venv_airflow/lib/python3.11/site-packages/airflow/example_dags/example_short_circuit_operator.py
[2026-03-18T17:07:09.471+0100] {processor.py:914} INFO - Processing file /Users/atanasivanov/ipo-intel/ipo-intel/.venv_airflow/lib/python3.11/site-packages/airflow/example_dags/example_short_circuit_operator.py for tasks to queue
[2026-03-18T17:07:09.472+0100] {logging_mixin.py:190} INFO - [2026-03-18T17:07:09.472+0100] {dagbag.py:588} INFO - Filling up the DagBag from /Users/atanasivanov/ipo-intel/ipo-intel/.venv_airflow/lib/python3.11/site-packages/airflow/example_dags/example_short_circuit_operator.py
[2026-03-18T17:07:09.497+0100] {processor.py:925} INFO - DAG(s) 'example_short_circuit_operator' retrieved from /Users/atanasivanov/ipo-intel/ipo-intel/.venv_airflow/lib/python3.11/site-packages/airflow/example_dags/example_short_circuit_operator.py
[2026-03-18T17:07:09.576+0100] {logging_mixin.py:190} INFO - [2026-03-18T17:07:09.575+0100] {dag.py:3239} INFO - Sync 1 DAGs
[2026-03-18T17:07:09.630+0100] {logging_mixin.py:190} INFO - [2026-03-18T17:07:09.630+0100] {dag.py:4180} INFO - Setting next_dagrun for example_short_circuit_operator to None, run_after=None
[2026-03-18T17:07:09.648+0100] {processor.py:208} INFO - Processing /Users/atanasivanov/ipo-intel/ipo-intel/.venv_airflow/lib/python3.11/site-packages/airflow/example_dags/example_short_circuit_operator.py took 0.183 seconds
[2026-03-18T17:09:05.281+0100] {processor.py:186} INFO - Started process (PID=58146) to work on /Users/atanasivanov/ipo-intel/ipo-intel/.venv_airflow/lib/python3.11/site-packages/airflow/example_dags/example_short_circuit_operator.py
[2026-03-18T17:09:05.282+0100] {processor.py:914} INFO - Processing file /Users/atanasivanov/ipo-intel/ipo-intel/.venv_airflow/lib/python3.11/site-packages/airflow/example_dags/example_short_circuit_operator.py for tasks to queue
[2026-03-18T17:09:05.283+0100] {logging_mixin.py:190} INFO - [2026-03-18T17:09:05.282+0100] {dagbag.py:588} INFO - Filling up the DagBag from /Users/atanasivanov/ipo-intel/ipo-intel/.venv_airflow/lib/python3.11/site-packages/airflow/example_dags/example_short_circuit_operator.py
[2026-03-18T17:09:05.308+0100] {processor.py:925} INFO - DAG(s) 'example_short_circuit_operator' retrieved from /Users/atanasivanov/ipo-intel/ipo-intel/.venv_airflow/lib/python3.11/site-packages/airflow/example_dags/example_short_circuit_operator.py
[2026-03-18T17:09:05.391+0100] {logging_mixin.py:190} INFO - [2026-03-18T17:09:05.391+0100] {dag.py:3239} INFO - Sync 1 DAGs
[2026-03-18T17:09:05.448+0100] {logging_mixin.py:190} INFO - [2026-03-18T17:09:05.448+0100] {dag.py:4180} INFO - Setting next_dagrun for example_short_circuit_operator to None, run_after=None
[2026-03-18T17:09:05.467+0100] {processor.py:208} INFO - Processing /Users/atanasivanov/ipo-intel/ipo-intel/.venv_airflow/lib/python3.11/site-packages/airflow/example_dags/example_short_circuit_operator.py took 0.192 seconds
[2026-03-18T17:11:04.830+0100] {processor.py:186} INFO - Started process (PID=58654) to work on /Users/atanasivanov/ipo-intel/ipo-intel/.venv_airflow/lib/python3.11/site-packages/airflow/example_dags/example_short_circuit_operator.py
[2026-03-18T17:11:04.831+0100] {processor.py:914} INFO - Processing file /Users/atanasivanov/ipo-intel/ipo-intel/.venv_airflow/lib/python3.11/site-packages/airflow/example_dags/example_short_circuit_operator.py for tasks to queue
[2026-03-18T17:11:04.832+0100] {logging_mixin.py:190} INFO - [2026-03-18T17:11:04.832+0100] {dagbag.py:588} INFO - Filling up the DagBag from /Users/atanasivanov/ipo-intel/ipo-intel/.venv_airflow/lib/python3.11/site-packages/airflow/example_dags/example_short_circuit_operator.py
[2026-03-18T17:11:04.916+0100] {processor.py:925} INFO - DAG(s) 'example_short_circuit_operator' retrieved from /Users/atanasivanov/ipo-intel/ipo-intel/.venv_airflow/lib/python3.11/site-packages/airflow/example_dags/example_short_circuit_operator.py
[2026-03-18T17:11:05.040+0100] {logging_mixin.py:190} INFO - [2026-03-18T17:11:05.040+0100] {dag.py:3239} INFO - Sync 1 DAGs
[2026-03-18T17:11:05.100+0100] {logging_mixin.py:190} INFO - [2026-03-18T17:11:05.100+0100] {dag.py:4180} INFO - Setting next_dagrun for example_short_circuit_operator to None, run_after=None
[2026-03-18T17:11:05.118+0100] {processor.py:208} INFO - Processing /Users/atanasivanov/ipo-intel/ipo-intel/.venv_airflow/lib/python3.11/site-packages/airflow/example_dags/example_short_circuit_operator.py took 0.293 seconds
[2026-03-18T17:13:09.685+0100] {processor.py:186} INFO - Started process (PID=59391) to work on /Users/atanasivanov/ipo-intel/ipo-intel/.venv_airflow/lib/python3.11/site-packages/airflow/example_dags/example_short_circuit_operator.py
[2026-03-18T17:13:09.686+0100] {processor.py:914} INFO - Processing file /Users/atanasivanov/ipo-intel/ipo-intel/.venv_airflow/lib/python3.11/site-packages/airflow/example_dags/example_short_circuit_operator.py for tasks to queue
[2026-03-18T17:13:09.687+0100] {logging_mixin.py:190} INFO - [2026-03-18T17:13:09.687+0100] {dagbag.py:588} INFO - Filling up the DagBag from /Users/atanasivanov/ipo-intel/ipo-intel/.venv_airflow/lib/python3.11/site-packages/airflow/example_dags/example_short_circuit_operator.py
[2026-03-18T17:13:09.714+0100] {processor.py:925} INFO - DAG(s) 'example_short_circuit_operator' retrieved from /Users/atanasivanov/ipo-intel/ipo-intel/.venv_airflow/lib/python3.11/site-packages/airflow/example_dags/example_short_circuit_operator.py
[2026-03-18T17:13:09.849+0100] {logging_mixin.py:190} INFO - [2026-03-18T17:13:09.848+0100] {dag.py:3239} INFO - Sync 1 DAGs
[2026-03-18T17:13:09.920+0100] {logging_mixin.py:190} INFO - [2026-03-18T17:13:09.920+0100] {dag.py:4180} INFO - Setting next_dagrun for example_short_circuit_operator to None, run_after=None
[2026-03-18T17:13:09.940+0100] {processor.py:208} INFO - Processing /Users/atanasivanov/ipo-intel/ipo-intel/.venv_airflow/lib/python3.11/site-packages/airflow/example_dags/example_short_circuit_operator.py took 0.261 seconds
[2026-03-18T17:15:13.374+0100] {processor.py:186} INFO - Started process (PID=60382) to work on /Users/atanasivanov/ipo-intel/ipo-intel/.venv_airflow/lib/python3.11/site-packages/airflow/example_dags/example_short_circuit_operator.py
[2026-03-18T17:15:13.375+0100] {processor.py:914} INFO - Processing file /Users/atanasivanov/ipo-intel/ipo-intel/.venv_airflow/lib/python3.11/site-packages/airflow/example_dags/example_short_circuit_operator.py for tasks to queue
[2026-03-18T17:15:13.376+0100] {logging_mixin.py:190} INFO - [2026-03-18T17:15:13.375+0100] {dagbag.py:588} INFO - Filling up the DagBag from /Users/atanasivanov/ipo-intel/ipo-intel/.venv_airflow/lib/python3.11/site-packages/airflow/example_dags/example_short_circuit_operator.py
[2026-03-18T17:15:13.400+0100] {processor.py:925} INFO - DAG(s) 'example_short_circuit_operator' retrieved from /Users/atanasivanov/ipo-intel/ipo-intel/.venv_airflow/lib/python3.11/site-packages/airflow/example_dags/example_short_circuit_operator.py
[2026-03-18T17:15:13.480+0100] {logging_mixin.py:190} INFO - [2026-03-18T17:15:13.480+0100] {dag.py:3239} INFO - Sync 1 DAGs
[2026-03-18T17:15:13.546+0100] {logging_mixin.py:190} INFO - [2026-03-18T17:15:13.546+0100] {dag.py:4180} INFO - Setting next_dagrun for example_short_circuit_operator to None, run_after=None
[2026-03-18T17:15:13.565+0100] {processor.py:208} INFO - Processing /Users/atanasivanov/ipo-intel/ipo-intel/.venv_airflow/lib/python3.11/site-packages/airflow/example_dags/example_short_circuit_operator.py took 0.197 seconds
