[2026-03-18T16:20:45.587+0100] {processor.py:186} INFO - Started process (PID=45429) to work on /Users/atanasivanov/ipo-intel/ipo-intel/.venv_airflow/lib/python3.11/site-packages/airflow/example_dags/example_sensor_decorator.py
[2026-03-18T16:20:45.589+0100] {processor.py:914} INFO - Processing file /Users/atanasivanov/ipo-intel/ipo-intel/.venv_airflow/lib/python3.11/site-packages/airflow/example_dags/example_sensor_decorator.py for tasks to queue
[2026-03-18T16:20:45.590+0100] {logging_mixin.py:190} INFO - [2026-03-18T16:20:45.589+0100] {dagbag.py:588} INFO - Filling up the DagBag from /Users/atanasivanov/ipo-intel/ipo-intel/.venv_airflow/lib/python3.11/site-packages/airflow/example_dags/example_sensor_decorator.py
[2026-03-18T16:20:45.625+0100] {processor.py:925} INFO - DAG(s) 'example_sensor_decorator' retrieved from /Users/atanasivanov/ipo-intel/ipo-intel/.venv_airflow/lib/python3.11/site-packages/airflow/example_dags/example_sensor_decorator.py
[2026-03-18T16:20:45.699+0100] {logging_mixin.py:190} INFO - [2026-03-18T16:20:45.698+0100] {workday.py:41} WARNING - Could not import pandas. Holidays will not be considered.
[2026-03-18T16:20:45.849+0100] {logging_mixin.py:190} INFO - [2026-03-18T16:20:45.848+0100] {override.py:1912} INFO - Created Permission View: can read on DAG:example_sensor_decorator
[2026-03-18T16:20:45.856+0100] {logging_mixin.py:190} INFO - [2026-03-18T16:20:45.856+0100] {override.py:1912} INFO - Created Permission View: can delete on DAG:example_sensor_decorator
[2026-03-18T16:20:45.861+0100] {logging_mixin.py:190} INFO - [2026-03-18T16:20:45.861+0100] {override.py:1912} INFO - Created Permission View: can edit on DAG:example_sensor_decorator
[2026-03-18T16:20:45.868+0100] {logging_mixin.py:190} INFO - [2026-03-18T16:20:45.868+0100] {override.py:1912} INFO - Created Permission View: can read on DAG Run:example_sensor_decorator
[2026-03-18T16:20:45.873+0100] {logging_mixin.py:190} INFO - [2026-03-18T16:20:45.873+0100] {override.py:1912} INFO - Created Permission View: menu access on DAG Run:example_sensor_decorator
[2026-03-18T16:20:45.878+0100] {logging_mixin.py:190} INFO - [2026-03-18T16:20:45.877+0100] {override.py:1912} INFO - Created Permission View: can delete on DAG Run:example_sensor_decorator
[2026-03-18T16:20:45.883+0100] {logging_mixin.py:190} INFO - [2026-03-18T16:20:45.883+0100] {override.py:1912} INFO - Created Permission View: can create on DAG Run:example_sensor_decorator
[2026-03-18T16:20:45.883+0100] {logging_mixin.py:190} INFO - [2026-03-18T16:20:45.883+0100] {dag.py:3239} INFO - Sync 1 DAGs
[2026-03-18T16:20:45.893+0100] {logging_mixin.py:190} INFO - [2026-03-18T16:20:45.893+0100] {dag.py:3262} INFO - Creating ORM DAG for example_sensor_decorator
[2026-03-18T16:20:45.893+0100] {logging_mixin.py:190} INFO - [2026-03-18T16:20:45.893+0100] {dag.py:4180} INFO - Setting next_dagrun for example_sensor_decorator to None, run_after=None
[2026-03-18T16:20:45.908+0100] {processor.py:208} INFO - Processing /Users/atanasivanov/ipo-intel/ipo-intel/.venv_airflow/lib/python3.11/site-packages/airflow/example_dags/example_sensor_decorator.py took 0.326 seconds
[2026-03-18T16:23:24.584+0100] {processor.py:186} INFO - Started process (PID=46034) to work on /Users/atanasivanov/ipo-intel/ipo-intel/.venv_airflow/lib/python3.11/site-packages/airflow/example_dags/example_sensor_decorator.py
[2026-03-18T16:23:24.586+0100] {processor.py:914} INFO - Processing file /Users/atanasivanov/ipo-intel/ipo-intel/.venv_airflow/lib/python3.11/site-packages/airflow/example_dags/example_sensor_decorator.py for tasks to queue
[2026-03-18T16:23:24.587+0100] {logging_mixin.py:190} INFO - [2026-03-18T16:23:24.587+0100] {dagbag.py:588} INFO - Filling up the DagBag from /Users/atanasivanov/ipo-intel/ipo-intel/.venv_airflow/lib/python3.11/site-packages/airflow/example_dags/example_sensor_decorator.py
[2026-03-18T16:23:24.617+0100] {processor.py:925} INFO - DAG(s) 'example_sensor_decorator' retrieved from /Users/atanasivanov/ipo-intel/ipo-intel/.venv_airflow/lib/python3.11/site-packages/airflow/example_dags/example_sensor_decorator.py
[2026-03-18T16:23:24.686+0100] {logging_mixin.py:190} INFO - [2026-03-18T16:23:24.685+0100] {workday.py:41} WARNING - Could not import pandas. Holidays will not be considered.
[2026-03-18T16:23:24.704+0100] {logging_mixin.py:190} INFO - [2026-03-18T16:23:24.703+0100] {dag.py:3239} INFO - Sync 1 DAGs
[2026-03-18T16:23:24.760+0100] {logging_mixin.py:190} INFO - [2026-03-18T16:23:24.760+0100] {dag.py:4180} INFO - Setting next_dagrun for example_sensor_decorator to None, run_after=None
[2026-03-18T16:23:24.776+0100] {processor.py:208} INFO - Processing /Users/atanasivanov/ipo-intel/ipo-intel/.venv_airflow/lib/python3.11/site-packages/airflow/example_dags/example_sensor_decorator.py took 0.197 seconds
[2026-03-18T16:25:26.921+0100] {processor.py:186} INFO - Started process (PID=46490) to work on /Users/atanasivanov/ipo-intel/ipo-intel/.venv_airflow/lib/python3.11/site-packages/airflow/example_dags/example_sensor_decorator.py
[2026-03-18T16:25:26.922+0100] {processor.py:914} INFO - Processing file /Users/atanasivanov/ipo-intel/ipo-intel/.venv_airflow/lib/python3.11/site-packages/airflow/example_dags/example_sensor_decorator.py for tasks to queue
[2026-03-18T16:25:26.923+0100] {logging_mixin.py:190} INFO - [2026-03-18T16:25:26.923+0100] {dagbag.py:588} INFO - Filling up the DagBag from /Users/atanasivanov/ipo-intel/ipo-intel/.venv_airflow/lib/python3.11/site-packages/airflow/example_dags/example_sensor_decorator.py
[2026-03-18T16:25:26.961+0100] {processor.py:925} INFO - DAG(s) 'example_sensor_decorator' retrieved from /Users/atanasivanov/ipo-intel/ipo-intel/.venv_airflow/lib/python3.11/site-packages/airflow/example_dags/example_sensor_decorator.py
[2026-03-18T16:25:27.046+0100] {logging_mixin.py:190} INFO - [2026-03-18T16:25:27.046+0100] {workday.py:41} WARNING - Could not import pandas. Holidays will not be considered.
[2026-03-18T16:25:27.066+0100] {logging_mixin.py:190} INFO - [2026-03-18T16:25:27.066+0100] {dag.py:3239} INFO - Sync 1 DAGs
[2026-03-18T16:25:27.130+0100] {logging_mixin.py:190} INFO - [2026-03-18T16:25:27.129+0100] {dag.py:4180} INFO - Setting next_dagrun for example_sensor_decorator to None, run_after=None
[2026-03-18T16:25:27.148+0100] {processor.py:208} INFO - Processing /Users/atanasivanov/ipo-intel/ipo-intel/.venv_airflow/lib/python3.11/site-packages/airflow/example_dags/example_sensor_decorator.py took 0.233 seconds
[2026-03-18T16:27:30.581+0100] {processor.py:186} INFO - Started process (PID=47553) to work on /Users/atanasivanov/ipo-intel/ipo-intel/.venv_airflow/lib/python3.11/site-packages/airflow/example_dags/example_sensor_decorator.py
[2026-03-18T16:27:30.582+0100] {processor.py:914} INFO - Processing file /Users/atanasivanov/ipo-intel/ipo-intel/.venv_airflow/lib/python3.11/site-packages/airflow/example_dags/example_sensor_decorator.py for tasks to queue
[2026-03-18T16:27:30.583+0100] {logging_mixin.py:190} INFO - [2026-03-18T16:27:30.583+0100] {dagbag.py:588} INFO - Filling up the DagBag from /Users/atanasivanov/ipo-intel/ipo-intel/.venv_airflow/lib/python3.11/site-packages/airflow/example_dags/example_sensor_decorator.py
[2026-03-18T16:27:30.620+0100] {processor.py:925} INFO - DAG(s) 'example_sensor_decorator' retrieved from /Users/atanasivanov/ipo-intel/ipo-intel/.venv_airflow/lib/python3.11/site-packages/airflow/example_dags/example_sensor_decorator.py
[2026-03-18T16:27:30.694+0100] {logging_mixin.py:190} INFO - [2026-03-18T16:27:30.694+0100] {workday.py:41} WARNING - Could not import pandas. Holidays will not be considered.
[2026-03-18T16:27:30.713+0100] {logging_mixin.py:190} INFO - [2026-03-18T16:27:30.712+0100] {dag.py:3239} INFO - Sync 1 DAGs
[2026-03-18T16:27:30.776+0100] {logging_mixin.py:190} INFO - [2026-03-18T16:27:30.776+0100] {dag.py:4180} INFO - Setting next_dagrun for example_sensor_decorator to None, run_after=None
[2026-03-18T16:27:30.797+0100] {processor.py:208} INFO - Processing /Users/atanasivanov/ipo-intel/ipo-intel/.venv_airflow/lib/python3.11/site-packages/airflow/example_dags/example_sensor_decorator.py took 0.221 seconds
[2026-03-18T16:29:35.462+0100] {processor.py:186} INFO - Started process (PID=48085) to work on /Users/atanasivanov/ipo-intel/ipo-intel/.venv_airflow/lib/python3.11/site-packages/airflow/example_dags/example_sensor_decorator.py
[2026-03-18T16:29:35.463+0100] {processor.py:914} INFO - Processing file /Users/atanasivanov/ipo-intel/ipo-intel/.venv_airflow/lib/python3.11/site-packages/airflow/example_dags/example_sensor_decorator.py for tasks to queue
[2026-03-18T16:29:35.464+0100] {logging_mixin.py:190} INFO - [2026-03-18T16:29:35.464+0100] {dagbag.py:588} INFO - Filling up the DagBag from /Users/atanasivanov/ipo-intel/ipo-intel/.venv_airflow/lib/python3.11/site-packages/airflow/example_dags/example_sensor_decorator.py
[2026-03-18T16:29:35.498+0100] {processor.py:925} INFO - DAG(s) 'example_sensor_decorator' retrieved from /Users/atanasivanov/ipo-intel/ipo-intel/.venv_airflow/lib/python3.11/site-packages/airflow/example_dags/example_sensor_decorator.py
[2026-03-18T16:29:35.568+0100] {logging_mixin.py:190} INFO - [2026-03-18T16:29:35.568+0100] {workday.py:41} WARNING - Could not import pandas. Holidays will not be considered.
[2026-03-18T16:29:35.585+0100] {logging_mixin.py:190} INFO - [2026-03-18T16:29:35.585+0100] {dag.py:3239} INFO - Sync 1 DAGs
[2026-03-18T16:29:35.644+0100] {logging_mixin.py:190} INFO - [2026-03-18T16:29:35.643+0100] {dag.py:4180} INFO - Setting next_dagrun for example_sensor_decorator to None, run_after=None
[2026-03-18T16:29:35.661+0100] {processor.py:208} INFO - Processing /Users/atanasivanov/ipo-intel/ipo-intel/.venv_airflow/lib/python3.11/site-packages/airflow/example_dags/example_sensor_decorator.py took 0.204 seconds
[2026-03-18T16:31:27.813+0100] {processor.py:186} INFO - Started process (PID=48498) to work on /Users/atanasivanov/ipo-intel/ipo-intel/.venv_airflow/lib/python3.11/site-packages/airflow/example_dags/example_sensor_decorator.py
[2026-03-18T16:31:27.814+0100] {processor.py:914} INFO - Processing file /Users/atanasivanov/ipo-intel/ipo-intel/.venv_airflow/lib/python3.11/site-packages/airflow/example_dags/example_sensor_decorator.py for tasks to queue
[2026-03-18T16:31:27.815+0100] {logging_mixin.py:190} INFO - [2026-03-18T16:31:27.815+0100] {dagbag.py:588} INFO - Filling up the DagBag from /Users/atanasivanov/ipo-intel/ipo-intel/.venv_airflow/lib/python3.11/site-packages/airflow/example_dags/example_sensor_decorator.py
[2026-03-18T16:31:27.850+0100] {processor.py:925} INFO - DAG(s) 'example_sensor_decorator' retrieved from /Users/atanasivanov/ipo-intel/ipo-intel/.venv_airflow/lib/python3.11/site-packages/airflow/example_dags/example_sensor_decorator.py
[2026-03-18T16:31:27.920+0100] {logging_mixin.py:190} INFO - [2026-03-18T16:31:27.920+0100] {workday.py:41} WARNING - Could not import pandas. Holidays will not be considered.
[2026-03-18T16:31:27.937+0100] {logging_mixin.py:190} INFO - [2026-03-18T16:31:27.936+0100] {dag.py:3239} INFO - Sync 1 DAGs
[2026-03-18T16:31:27.994+0100] {logging_mixin.py:190} INFO - [2026-03-18T16:31:27.994+0100] {dag.py:4180} INFO - Setting next_dagrun for example_sensor_decorator to None, run_after=None
[2026-03-18T16:31:28.011+0100] {processor.py:208} INFO - Processing /Users/atanasivanov/ipo-intel/ipo-intel/.venv_airflow/lib/python3.11/site-packages/airflow/example_dags/example_sensor_decorator.py took 0.202 seconds
[2026-03-18T16:33:20.142+0100] {processor.py:186} INFO - Started process (PID=48911) to work on /Users/atanasivanov/ipo-intel/ipo-intel/.venv_airflow/lib/python3.11/site-packages/airflow/example_dags/example_sensor_decorator.py
[2026-03-18T16:33:20.143+0100] {processor.py:914} INFO - Processing file /Users/atanasivanov/ipo-intel/ipo-intel/.venv_airflow/lib/python3.11/site-packages/airflow/example_dags/example_sensor_decorator.py for tasks to queue
[2026-03-18T16:33:20.144+0100] {logging_mixin.py:190} INFO - [2026-03-18T16:33:20.144+0100] {dagbag.py:588} INFO - Filling up the DagBag from /Users/atanasivanov/ipo-intel/ipo-intel/.venv_airflow/lib/python3.11/site-packages/airflow/example_dags/example_sensor_decorator.py
[2026-03-18T16:33:20.176+0100] {processor.py:925} INFO - DAG(s) 'example_sensor_decorator' retrieved from /Users/atanasivanov/ipo-intel/ipo-intel/.venv_airflow/lib/python3.11/site-packages/airflow/example_dags/example_sensor_decorator.py
[2026-03-18T16:33:20.243+0100] {logging_mixin.py:190} INFO - [2026-03-18T16:33:20.243+0100] {workday.py:41} WARNING - Could not import pandas. Holidays will not be considered.
[2026-03-18T16:33:20.260+0100] {logging_mixin.py:190} INFO - [2026-03-18T16:33:20.260+0100] {dag.py:3239} INFO - Sync 1 DAGs
[2026-03-18T16:33:20.321+0100] {logging_mixin.py:190} INFO - [2026-03-18T16:33:20.321+0100] {dag.py:4180} INFO - Setting next_dagrun for example_sensor_decorator to None, run_after=None
[2026-03-18T16:33:20.339+0100] {processor.py:208} INFO - Processing /Users/atanasivanov/ipo-intel/ipo-intel/.venv_airflow/lib/python3.11/site-packages/airflow/example_dags/example_sensor_decorator.py took 0.201 seconds
[2026-03-18T16:35:17.580+0100] {processor.py:186} INFO - Started process (PID=49336) to work on /Users/atanasivanov/ipo-intel/ipo-intel/.venv_airflow/lib/python3.11/site-packages/airflow/example_dags/example_sensor_decorator.py
[2026-03-18T16:35:17.581+0100] {processor.py:914} INFO - Processing file /Users/atanasivanov/ipo-intel/ipo-intel/.venv_airflow/lib/python3.11/site-packages/airflow/example_dags/example_sensor_decorator.py for tasks to queue
[2026-03-18T16:35:17.582+0100] {logging_mixin.py:190} INFO - [2026-03-18T16:35:17.582+0100] {dagbag.py:588} INFO - Filling up the DagBag from /Users/atanasivanov/ipo-intel/ipo-intel/.venv_airflow/lib/python3.11/site-packages/airflow/example_dags/example_sensor_decorator.py
[2026-03-18T16:35:17.616+0100] {processor.py:925} INFO - DAG(s) 'example_sensor_decorator' retrieved from /Users/atanasivanov/ipo-intel/ipo-intel/.venv_airflow/lib/python3.11/site-packages/airflow/example_dags/example_sensor_decorator.py
[2026-03-18T16:35:17.684+0100] {logging_mixin.py:190} INFO - [2026-03-18T16:35:17.683+0100] {workday.py:41} WARNING - Could not import pandas. Holidays will not be considered.
[2026-03-18T16:35:17.700+0100] {logging_mixin.py:190} INFO - [2026-03-18T16:35:17.700+0100] {dag.py:3239} INFO - Sync 1 DAGs
[2026-03-18T16:35:17.758+0100] {logging_mixin.py:190} INFO - [2026-03-18T16:35:17.758+0100] {dag.py:4180} INFO - Setting next_dagrun for example_sensor_decorator to None, run_after=None
[2026-03-18T16:35:17.775+0100] {processor.py:208} INFO - Processing /Users/atanasivanov/ipo-intel/ipo-intel/.venv_airflow/lib/python3.11/site-packages/airflow/example_dags/example_sensor_decorator.py took 0.200 seconds
[2026-03-18T16:37:08.389+0100] {processor.py:186} INFO - Started process (PID=49739) to work on /Users/atanasivanov/ipo-intel/ipo-intel/.venv_airflow/lib/python3.11/site-packages/airflow/example_dags/example_sensor_decorator.py
[2026-03-18T16:37:08.390+0100] {processor.py:914} INFO - Processing file /Users/atanasivanov/ipo-intel/ipo-intel/.venv_airflow/lib/python3.11/site-packages/airflow/example_dags/example_sensor_decorator.py for tasks to queue
[2026-03-18T16:37:08.392+0100] {logging_mixin.py:190} INFO - [2026-03-18T16:37:08.391+0100] {dagbag.py:588} INFO - Filling up the DagBag from /Users/atanasivanov/ipo-intel/ipo-intel/.venv_airflow/lib/python3.11/site-packages/airflow/example_dags/example_sensor_decorator.py
[2026-03-18T16:37:08.425+0100] {processor.py:925} INFO - DAG(s) 'example_sensor_decorator' retrieved from /Users/atanasivanov/ipo-intel/ipo-intel/.venv_airflow/lib/python3.11/site-packages/airflow/example_dags/example_sensor_decorator.py
[2026-03-18T16:37:08.494+0100] {logging_mixin.py:190} INFO - [2026-03-18T16:37:08.493+0100] {workday.py:41} WARNING - Could not import pandas. Holidays will not be considered.
[2026-03-18T16:37:08.511+0100] {logging_mixin.py:190} INFO - [2026-03-18T16:37:08.510+0100] {dag.py:3239} INFO - Sync 1 DAGs
[2026-03-18T16:37:08.572+0100] {logging_mixin.py:190} INFO - [2026-03-18T16:37:08.571+0100] {dag.py:4180} INFO - Setting next_dagrun for example_sensor_decorator to None, run_after=None
[2026-03-18T16:37:08.589+0100] {processor.py:208} INFO - Processing /Users/atanasivanov/ipo-intel/ipo-intel/.venv_airflow/lib/python3.11/site-packages/airflow/example_dags/example_sensor_decorator.py took 0.204 seconds
[2026-03-18T16:39:01.735+0100] {processor.py:186} INFO - Started process (PID=50148) to work on /Users/atanasivanov/ipo-intel/ipo-intel/.venv_airflow/lib/python3.11/site-packages/airflow/example_dags/example_sensor_decorator.py
[2026-03-18T16:39:01.736+0100] {processor.py:914} INFO - Processing file /Users/atanasivanov/ipo-intel/ipo-intel/.venv_airflow/lib/python3.11/site-packages/airflow/example_dags/example_sensor_decorator.py for tasks to queue
[2026-03-18T16:39:01.736+0100] {logging_mixin.py:190} INFO - [2026-03-18T16:39:01.736+0100] {dagbag.py:588} INFO - Filling up the DagBag from /Users/atanasivanov/ipo-intel/ipo-intel/.venv_airflow/lib/python3.11/site-packages/airflow/example_dags/example_sensor_decorator.py
[2026-03-18T16:39:01.776+0100] {processor.py:925} INFO - DAG(s) 'example_sensor_decorator' retrieved from /Users/atanasivanov/ipo-intel/ipo-intel/.venv_airflow/lib/python3.11/site-packages/airflow/example_dags/example_sensor_decorator.py
[2026-03-18T16:39:01.850+0100] {logging_mixin.py:190} INFO - [2026-03-18T16:39:01.850+0100] {workday.py:41} WARNING - Could not import pandas. Holidays will not be considered.
[2026-03-18T16:39:01.866+0100] {logging_mixin.py:190} INFO - [2026-03-18T16:39:01.866+0100] {dag.py:3239} INFO - Sync 1 DAGs
[2026-03-18T16:39:01.924+0100] {logging_mixin.py:190} INFO - [2026-03-18T16:39:01.924+0100] {dag.py:4180} INFO - Setting next_dagrun for example_sensor_decorator to None, run_after=None
[2026-03-18T16:39:01.942+0100] {processor.py:208} INFO - Processing /Users/atanasivanov/ipo-intel/ipo-intel/.venv_airflow/lib/python3.11/site-packages/airflow/example_dags/example_sensor_decorator.py took 0.212 seconds
[2026-03-18T16:41:05.961+0100] {processor.py:186} INFO - Started process (PID=51605) to work on /Users/atanasivanov/ipo-intel/ipo-intel/.venv_airflow/lib/python3.11/site-packages/airflow/example_dags/example_sensor_decorator.py
[2026-03-18T16:41:05.963+0100] {processor.py:914} INFO - Processing file /Users/atanasivanov/ipo-intel/ipo-intel/.venv_airflow/lib/python3.11/site-packages/airflow/example_dags/example_sensor_decorator.py for tasks to queue
[2026-03-18T16:41:05.964+0100] {logging_mixin.py:190} INFO - [2026-03-18T16:41:05.963+0100] {dagbag.py:588} INFO - Filling up the DagBag from /Users/atanasivanov/ipo-intel/ipo-intel/.venv_airflow/lib/python3.11/site-packages/airflow/example_dags/example_sensor_decorator.py
[2026-03-18T16:41:05.996+0100] {processor.py:925} INFO - DAG(s) 'example_sensor_decorator' retrieved from /Users/atanasivanov/ipo-intel/ipo-intel/.venv_airflow/lib/python3.11/site-packages/airflow/example_dags/example_sensor_decorator.py
[2026-03-18T16:41:06.065+0100] {logging_mixin.py:190} INFO - [2026-03-18T16:41:06.065+0100] {workday.py:41} WARNING - Could not import pandas. Holidays will not be considered.
[2026-03-18T16:41:06.083+0100] {logging_mixin.py:190} INFO - [2026-03-18T16:41:06.083+0100] {dag.py:3239} INFO - Sync 1 DAGs
[2026-03-18T16:41:06.142+0100] {logging_mixin.py:190} INFO - [2026-03-18T16:41:06.142+0100] {dag.py:4180} INFO - Setting next_dagrun for example_sensor_decorator to None, run_after=None
[2026-03-18T16:41:06.159+0100] {processor.py:208} INFO - Processing /Users/atanasivanov/ipo-intel/ipo-intel/.venv_airflow/lib/python3.11/site-packages/airflow/example_dags/example_sensor_decorator.py took 0.202 seconds
[2026-03-18T16:43:10.623+0100] {processor.py:186} INFO - Started process (PID=52177) to work on /Users/atanasivanov/ipo-intel/ipo-intel/.venv_airflow/lib/python3.11/site-packages/airflow/example_dags/example_sensor_decorator.py
[2026-03-18T16:43:10.624+0100] {processor.py:914} INFO - Processing file /Users/atanasivanov/ipo-intel/ipo-intel/.venv_airflow/lib/python3.11/site-packages/airflow/example_dags/example_sensor_decorator.py for tasks to queue
[2026-03-18T16:43:10.625+0100] {logging_mixin.py:190} INFO - [2026-03-18T16:43:10.625+0100] {dagbag.py:588} INFO - Filling up the DagBag from /Users/atanasivanov/ipo-intel/ipo-intel/.venv_airflow/lib/python3.11/site-packages/airflow/example_dags/example_sensor_decorator.py
[2026-03-18T16:43:10.664+0100] {processor.py:925} INFO - DAG(s) 'example_sensor_decorator' retrieved from /Users/atanasivanov/ipo-intel/ipo-intel/.venv_airflow/lib/python3.11/site-packages/airflow/example_dags/example_sensor_decorator.py
[2026-03-18T16:43:10.746+0100] {logging_mixin.py:190} INFO - [2026-03-18T16:43:10.746+0100] {workday.py:41} WARNING - Could not import pandas. Holidays will not be considered.
[2026-03-18T16:43:10.767+0100] {logging_mixin.py:190} INFO - [2026-03-18T16:43:10.767+0100] {dag.py:3239} INFO - Sync 1 DAGs
[2026-03-18T16:43:10.833+0100] {logging_mixin.py:190} INFO - [2026-03-18T16:43:10.833+0100] {dag.py:4180} INFO - Setting next_dagrun for example_sensor_decorator to None, run_after=None
[2026-03-18T16:43:10.852+0100] {processor.py:208} INFO - Processing /Users/atanasivanov/ipo-intel/ipo-intel/.venv_airflow/lib/python3.11/site-packages/airflow/example_dags/example_sensor_decorator.py took 0.234 seconds
[2026-03-18T16:48:47.643+0100] {processor.py:186} INFO - Started process (PID=53383) to work on /Users/atanasivanov/ipo-intel/ipo-intel/.venv_airflow/lib/python3.11/site-packages/airflow/example_dags/example_sensor_decorator.py
[2026-03-18T16:48:47.644+0100] {processor.py:914} INFO - Processing file /Users/atanasivanov/ipo-intel/ipo-intel/.venv_airflow/lib/python3.11/site-packages/airflow/example_dags/example_sensor_decorator.py for tasks to queue
[2026-03-18T16:48:47.645+0100] {logging_mixin.py:190} INFO - [2026-03-18T16:48:47.645+0100] {dagbag.py:588} INFO - Filling up the DagBag from /Users/atanasivanov/ipo-intel/ipo-intel/.venv_airflow/lib/python3.11/site-packages/airflow/example_dags/example_sensor_decorator.py
[2026-03-18T16:48:47.677+0100] {processor.py:925} INFO - DAG(s) 'example_sensor_decorator' retrieved from /Users/atanasivanov/ipo-intel/ipo-intel/.venv_airflow/lib/python3.11/site-packages/airflow/example_dags/example_sensor_decorator.py
[2026-03-18T16:48:47.743+0100] {logging_mixin.py:190} INFO - [2026-03-18T16:48:47.743+0100] {workday.py:41} WARNING - Could not import pandas. Holidays will not be considered.
[2026-03-18T16:48:47.759+0100] {logging_mixin.py:190} INFO - [2026-03-18T16:48:47.759+0100] {dag.py:3239} INFO - Sync 1 DAGs
[2026-03-18T16:48:47.817+0100] {logging_mixin.py:190} INFO - [2026-03-18T16:48:47.817+0100] {dag.py:4180} INFO - Setting next_dagrun for example_sensor_decorator to None, run_after=None
[2026-03-18T16:48:47.835+0100] {processor.py:208} INFO - Processing /Users/atanasivanov/ipo-intel/ipo-intel/.venv_airflow/lib/python3.11/site-packages/airflow/example_dags/example_sensor_decorator.py took 0.197 seconds
[2026-03-18T16:51:15.607+0100] {processor.py:186} INFO - Started process (PID=53925) to work on /Users/atanasivanov/ipo-intel/ipo-intel/.venv_airflow/lib/python3.11/site-packages/airflow/example_dags/example_sensor_decorator.py
[2026-03-18T16:51:15.608+0100] {processor.py:914} INFO - Processing file /Users/atanasivanov/ipo-intel/ipo-intel/.venv_airflow/lib/python3.11/site-packages/airflow/example_dags/example_sensor_decorator.py for tasks to queue
[2026-03-18T16:51:15.609+0100] {logging_mixin.py:190} INFO - [2026-03-18T16:51:15.609+0100] {dagbag.py:588} INFO - Filling up the DagBag from /Users/atanasivanov/ipo-intel/ipo-intel/.venv_airflow/lib/python3.11/site-packages/airflow/example_dags/example_sensor_decorator.py
[2026-03-18T16:51:15.643+0100] {processor.py:925} INFO - DAG(s) 'example_sensor_decorator' retrieved from /Users/atanasivanov/ipo-intel/ipo-intel/.venv_airflow/lib/python3.11/site-packages/airflow/example_dags/example_sensor_decorator.py
[2026-03-18T16:51:15.714+0100] {logging_mixin.py:190} INFO - [2026-03-18T16:51:15.714+0100] {workday.py:41} WARNING - Could not import pandas. Holidays will not be considered.
[2026-03-18T16:51:15.731+0100] {logging_mixin.py:190} INFO - [2026-03-18T16:51:15.731+0100] {dag.py:3239} INFO - Sync 1 DAGs
[2026-03-18T16:51:15.788+0100] {logging_mixin.py:190} INFO - [2026-03-18T16:51:15.787+0100] {dag.py:4180} INFO - Setting next_dagrun for example_sensor_decorator to None, run_after=None
[2026-03-18T16:51:15.805+0100] {processor.py:208} INFO - Processing /Users/atanasivanov/ipo-intel/ipo-intel/.venv_airflow/lib/python3.11/site-packages/airflow/example_dags/example_sensor_decorator.py took 0.203 seconds
[2026-03-18T16:53:18.704+0100] {processor.py:186} INFO - Started process (PID=54363) to work on /Users/atanasivanov/ipo-intel/ipo-intel/.venv_airflow/lib/python3.11/site-packages/airflow/example_dags/example_sensor_decorator.py
[2026-03-18T16:53:18.705+0100] {processor.py:914} INFO - Processing file /Users/atanasivanov/ipo-intel/ipo-intel/.venv_airflow/lib/python3.11/site-packages/airflow/example_dags/example_sensor_decorator.py for tasks to queue
[2026-03-18T16:53:18.706+0100] {logging_mixin.py:190} INFO - [2026-03-18T16:53:18.706+0100] {dagbag.py:588} INFO - Filling up the DagBag from /Users/atanasivanov/ipo-intel/ipo-intel/.venv_airflow/lib/python3.11/site-packages/airflow/example_dags/example_sensor_decorator.py
[2026-03-18T16:53:18.744+0100] {processor.py:925} INFO - DAG(s) 'example_sensor_decorator' retrieved from /Users/atanasivanov/ipo-intel/ipo-intel/.venv_airflow/lib/python3.11/site-packages/airflow/example_dags/example_sensor_decorator.py
[2026-03-18T16:53:18.829+0100] {logging_mixin.py:190} INFO - [2026-03-18T16:53:18.829+0100] {workday.py:41} WARNING - Could not import pandas. Holidays will not be considered.
[2026-03-18T16:53:18.850+0100] {logging_mixin.py:190} INFO - [2026-03-18T16:53:18.850+0100] {dag.py:3239} INFO - Sync 1 DAGs
[2026-03-18T16:53:18.917+0100] {logging_mixin.py:190} INFO - [2026-03-18T16:53:18.917+0100] {dag.py:4180} INFO - Setting next_dagrun for example_sensor_decorator to None, run_after=None
[2026-03-18T16:53:18.936+0100] {processor.py:208} INFO - Processing /Users/atanasivanov/ipo-intel/ipo-intel/.venv_airflow/lib/python3.11/site-packages/airflow/example_dags/example_sensor_decorator.py took 0.238 seconds
[2026-03-18T16:55:26.020+0100] {processor.py:186} INFO - Started process (PID=55138) to work on /Users/atanasivanov/ipo-intel/ipo-intel/.venv_airflow/lib/python3.11/site-packages/airflow/example_dags/example_sensor_decorator.py
[2026-03-18T16:55:26.021+0100] {processor.py:914} INFO - Processing file /Users/atanasivanov/ipo-intel/ipo-intel/.venv_airflow/lib/python3.11/site-packages/airflow/example_dags/example_sensor_decorator.py for tasks to queue
[2026-03-18T16:55:26.022+0100] {logging_mixin.py:190} INFO - [2026-03-18T16:55:26.021+0100] {dagbag.py:588} INFO - Filling up the DagBag from /Users/atanasivanov/ipo-intel/ipo-intel/.venv_airflow/lib/python3.11/site-packages/airflow/example_dags/example_sensor_decorator.py
[2026-03-18T16:55:26.060+0100] {processor.py:925} INFO - DAG(s) 'example_sensor_decorator' retrieved from /Users/atanasivanov/ipo-intel/ipo-intel/.venv_airflow/lib/python3.11/site-packages/airflow/example_dags/example_sensor_decorator.py
[2026-03-18T16:55:26.133+0100] {logging_mixin.py:190} INFO - [2026-03-18T16:55:26.133+0100] {workday.py:41} WARNING - Could not import pandas. Holidays will not be considered.
[2026-03-18T16:55:26.151+0100] {logging_mixin.py:190} INFO - [2026-03-18T16:55:26.151+0100] {dag.py:3239} INFO - Sync 1 DAGs
[2026-03-18T16:55:26.209+0100] {logging_mixin.py:190} INFO - [2026-03-18T16:55:26.209+0100] {dag.py:4180} INFO - Setting next_dagrun for example_sensor_decorator to None, run_after=None
[2026-03-18T16:55:26.225+0100] {processor.py:208} INFO - Processing /Users/atanasivanov/ipo-intel/ipo-intel/.venv_airflow/lib/python3.11/site-packages/airflow/example_dags/example_sensor_decorator.py took 0.210 seconds
[2026-03-18T16:57:28.296+0100] {processor.py:186} INFO - Started process (PID=55605) to work on /Users/atanasivanov/ipo-intel/ipo-intel/.venv_airflow/lib/python3.11/site-packages/airflow/example_dags/example_sensor_decorator.py
[2026-03-18T16:57:28.297+0100] {processor.py:914} INFO - Processing file /Users/atanasivanov/ipo-intel/ipo-intel/.venv_airflow/lib/python3.11/site-packages/airflow/example_dags/example_sensor_decorator.py for tasks to queue
[2026-03-18T16:57:28.298+0100] {logging_mixin.py:190} INFO - [2026-03-18T16:57:28.298+0100] {dagbag.py:588} INFO - Filling up the DagBag from /Users/atanasivanov/ipo-intel/ipo-intel/.venv_airflow/lib/python3.11/site-packages/airflow/example_dags/example_sensor_decorator.py
[2026-03-18T16:57:28.331+0100] {processor.py:925} INFO - DAG(s) 'example_sensor_decorator' retrieved from /Users/atanasivanov/ipo-intel/ipo-intel/.venv_airflow/lib/python3.11/site-packages/airflow/example_dags/example_sensor_decorator.py
[2026-03-18T16:57:28.401+0100] {logging_mixin.py:190} INFO - [2026-03-18T16:57:28.400+0100] {workday.py:41} WARNING - Could not import pandas. Holidays will not be considered.
[2026-03-18T16:57:28.418+0100] {logging_mixin.py:190} INFO - [2026-03-18T16:57:28.417+0100] {dag.py:3239} INFO - Sync 1 DAGs
[2026-03-18T16:57:28.473+0100] {logging_mixin.py:190} INFO - [2026-03-18T16:57:28.473+0100] {dag.py:4180} INFO - Setting next_dagrun for example_sensor_decorator to None, run_after=None
[2026-03-18T16:57:28.489+0100] {processor.py:208} INFO - Processing /Users/atanasivanov/ipo-intel/ipo-intel/.venv_airflow/lib/python3.11/site-packages/airflow/example_dags/example_sensor_decorator.py took 0.198 seconds
[2026-03-18T16:59:34.363+0100] {processor.py:186} INFO - Started process (PID=56055) to work on /Users/atanasivanov/ipo-intel/ipo-intel/.venv_airflow/lib/python3.11/site-packages/airflow/example_dags/example_sensor_decorator.py
[2026-03-18T16:59:34.363+0100] {processor.py:914} INFO - Processing file /Users/atanasivanov/ipo-intel/ipo-intel/.venv_airflow/lib/python3.11/site-packages/airflow/example_dags/example_sensor_decorator.py for tasks to queue
[2026-03-18T16:59:34.364+0100] {logging_mixin.py:190} INFO - [2026-03-18T16:59:34.364+0100] {dagbag.py:588} INFO - Filling up the DagBag from /Users/atanasivanov/ipo-intel/ipo-intel/.venv_airflow/lib/python3.11/site-packages/airflow/example_dags/example_sensor_decorator.py
[2026-03-18T16:59:34.401+0100] {processor.py:925} INFO - DAG(s) 'example_sensor_decorator' retrieved from /Users/atanasivanov/ipo-intel/ipo-intel/.venv_airflow/lib/python3.11/site-packages/airflow/example_dags/example_sensor_decorator.py
[2026-03-18T16:59:34.476+0100] {logging_mixin.py:190} INFO - [2026-03-18T16:59:34.476+0100] {workday.py:41} WARNING - Could not import pandas. Holidays will not be considered.
[2026-03-18T16:59:34.497+0100] {logging_mixin.py:190} INFO - [2026-03-18T16:59:34.496+0100] {dag.py:3239} INFO - Sync 1 DAGs
[2026-03-18T16:59:34.560+0100] {logging_mixin.py:190} INFO - [2026-03-18T16:59:34.560+0100] {dag.py:4180} INFO - Setting next_dagrun for example_sensor_decorator to None, run_after=None
[2026-03-18T16:59:34.577+0100] {processor.py:208} INFO - Processing /Users/atanasivanov/ipo-intel/ipo-intel/.venv_airflow/lib/python3.11/site-packages/airflow/example_dags/example_sensor_decorator.py took 0.220 seconds
[2026-03-18T17:01:32.413+0100] {processor.py:186} INFO - Started process (PID=56481) to work on /Users/atanasivanov/ipo-intel/ipo-intel/.venv_airflow/lib/python3.11/site-packages/airflow/example_dags/example_sensor_decorator.py
[2026-03-18T17:01:32.414+0100] {processor.py:914} INFO - Processing file /Users/atanasivanov/ipo-intel/ipo-intel/.venv_airflow/lib/python3.11/site-packages/airflow/example_dags/example_sensor_decorator.py for tasks to queue
[2026-03-18T17:01:32.415+0100] {logging_mixin.py:190} INFO - [2026-03-18T17:01:32.415+0100] {dagbag.py:588} INFO - Filling up the DagBag from /Users/atanasivanov/ipo-intel/ipo-intel/.venv_airflow/lib/python3.11/site-packages/airflow/example_dags/example_sensor_decorator.py
[2026-03-18T17:01:32.449+0100] {processor.py:925} INFO - DAG(s) 'example_sensor_decorator' retrieved from /Users/atanasivanov/ipo-intel/ipo-intel/.venv_airflow/lib/python3.11/site-packages/airflow/example_dags/example_sensor_decorator.py
[2026-03-18T17:01:32.522+0100] {logging_mixin.py:190} INFO - [2026-03-18T17:01:32.522+0100] {workday.py:41} WARNING - Could not import pandas. Holidays will not be considered.
[2026-03-18T17:01:32.539+0100] {logging_mixin.py:190} INFO - [2026-03-18T17:01:32.539+0100] {dag.py:3239} INFO - Sync 1 DAGs
[2026-03-18T17:01:32.595+0100] {logging_mixin.py:190} INFO - [2026-03-18T17:01:32.595+0100] {dag.py:4180} INFO - Setting next_dagrun for example_sensor_decorator to None, run_after=None
[2026-03-18T17:01:32.611+0100] {processor.py:208} INFO - Processing /Users/atanasivanov/ipo-intel/ipo-intel/.venv_airflow/lib/python3.11/site-packages/airflow/example_dags/example_sensor_decorator.py took 0.203 seconds
[2026-03-18T17:03:29.882+0100] {processor.py:186} INFO - Started process (PID=56912) to work on /Users/atanasivanov/ipo-intel/ipo-intel/.venv_airflow/lib/python3.11/site-packages/airflow/example_dags/example_sensor_decorator.py
[2026-03-18T17:03:29.883+0100] {processor.py:914} INFO - Processing file /Users/atanasivanov/ipo-intel/ipo-intel/.venv_airflow/lib/python3.11/site-packages/airflow/example_dags/example_sensor_decorator.py for tasks to queue
[2026-03-18T17:03:29.884+0100] {logging_mixin.py:190} INFO - [2026-03-18T17:03:29.883+0100] {dagbag.py:588} INFO - Filling up the DagBag from /Users/atanasivanov/ipo-intel/ipo-intel/.venv_airflow/lib/python3.11/site-packages/airflow/example_dags/example_sensor_decorator.py
[2026-03-18T17:03:29.914+0100] {processor.py:925} INFO - DAG(s) 'example_sensor_decorator' retrieved from /Users/atanasivanov/ipo-intel/ipo-intel/.venv_airflow/lib/python3.11/site-packages/airflow/example_dags/example_sensor_decorator.py
[2026-03-18T17:03:29.984+0100] {logging_mixin.py:190} INFO - [2026-03-18T17:03:29.984+0100] {workday.py:41} WARNING - Could not import pandas. Holidays will not be considered.
[2026-03-18T17:03:30.001+0100] {logging_mixin.py:190} INFO - [2026-03-18T17:03:30.001+0100] {dag.py:3239} INFO - Sync 1 DAGs
[2026-03-18T17:03:30.059+0100] {logging_mixin.py:190} INFO - [2026-03-18T17:03:30.059+0100] {dag.py:4180} INFO - Setting next_dagrun for example_sensor_decorator to None, run_after=None
[2026-03-18T17:03:30.076+0100] {processor.py:208} INFO - Processing /Users/atanasivanov/ipo-intel/ipo-intel/.venv_airflow/lib/python3.11/site-packages/airflow/example_dags/example_sensor_decorator.py took 0.199 seconds
[2026-03-18T17:05:25.664+0100] {processor.py:186} INFO - Started process (PID=57340) to work on /Users/atanasivanov/ipo-intel/ipo-intel/.venv_airflow/lib/python3.11/site-packages/airflow/example_dags/example_sensor_decorator.py
[2026-03-18T17:05:25.665+0100] {processor.py:914} INFO - Processing file /Users/atanasivanov/ipo-intel/ipo-intel/.venv_airflow/lib/python3.11/site-packages/airflow/example_dags/example_sensor_decorator.py for tasks to queue
[2026-03-18T17:05:25.666+0100] {logging_mixin.py:190} INFO - [2026-03-18T17:05:25.665+0100] {dagbag.py:588} INFO - Filling up the DagBag from /Users/atanasivanov/ipo-intel/ipo-intel/.venv_airflow/lib/python3.11/site-packages/airflow/example_dags/example_sensor_decorator.py
[2026-03-18T17:05:25.696+0100] {processor.py:925} INFO - DAG(s) 'example_sensor_decorator' retrieved from /Users/atanasivanov/ipo-intel/ipo-intel/.venv_airflow/lib/python3.11/site-packages/airflow/example_dags/example_sensor_decorator.py
[2026-03-18T17:05:25.764+0100] {logging_mixin.py:190} INFO - [2026-03-18T17:05:25.764+0100] {workday.py:41} WARNING - Could not import pandas. Holidays will not be considered.
[2026-03-18T17:05:25.781+0100] {logging_mixin.py:190} INFO - [2026-03-18T17:05:25.781+0100] {dag.py:3239} INFO - Sync 1 DAGs
[2026-03-18T17:05:25.837+0100] {logging_mixin.py:190} INFO - [2026-03-18T17:05:25.837+0100] {dag.py:4180} INFO - Setting next_dagrun for example_sensor_decorator to None, run_after=None
[2026-03-18T17:05:25.853+0100] {processor.py:208} INFO - Processing /Users/atanasivanov/ipo-intel/ipo-intel/.venv_airflow/lib/python3.11/site-packages/airflow/example_dags/example_sensor_decorator.py took 0.194 seconds
[2026-03-18T17:07:21.048+0100] {processor.py:186} INFO - Started process (PID=57760) to work on /Users/atanasivanov/ipo-intel/ipo-intel/.venv_airflow/lib/python3.11/site-packages/airflow/example_dags/example_sensor_decorator.py
[2026-03-18T17:07:21.050+0100] {processor.py:914} INFO - Processing file /Users/atanasivanov/ipo-intel/ipo-intel/.venv_airflow/lib/python3.11/site-packages/airflow/example_dags/example_sensor_decorator.py for tasks to queue
[2026-03-18T17:07:21.051+0100] {logging_mixin.py:190} INFO - [2026-03-18T17:07:21.051+0100] {dagbag.py:588} INFO - Filling up the DagBag from /Users/atanasivanov/ipo-intel/ipo-intel/.venv_airflow/lib/python3.11/site-packages/airflow/example_dags/example_sensor_decorator.py
[2026-03-18T17:07:21.082+0100] {processor.py:925} INFO - DAG(s) 'example_sensor_decorator' retrieved from /Users/atanasivanov/ipo-intel/ipo-intel/.venv_airflow/lib/python3.11/site-packages/airflow/example_dags/example_sensor_decorator.py
[2026-03-18T17:07:21.151+0100] {logging_mixin.py:190} INFO - [2026-03-18T17:07:21.151+0100] {workday.py:41} WARNING - Could not import pandas. Holidays will not be considered.
[2026-03-18T17:07:21.168+0100] {logging_mixin.py:190} INFO - [2026-03-18T17:07:21.168+0100] {dag.py:3239} INFO - Sync 1 DAGs
[2026-03-18T17:07:21.224+0100] {logging_mixin.py:190} INFO - [2026-03-18T17:07:21.224+0100] {dag.py:4180} INFO - Setting next_dagrun for example_sensor_decorator to None, run_after=None
[2026-03-18T17:07:21.241+0100] {processor.py:208} INFO - Processing /Users/atanasivanov/ipo-intel/ipo-intel/.venv_airflow/lib/python3.11/site-packages/airflow/example_dags/example_sensor_decorator.py took 0.198 seconds
[2026-03-18T17:09:19.002+0100] {processor.py:186} INFO - Started process (PID=58211) to work on /Users/atanasivanov/ipo-intel/ipo-intel/.venv_airflow/lib/python3.11/site-packages/airflow/example_dags/example_sensor_decorator.py
[2026-03-18T17:09:19.003+0100] {processor.py:914} INFO - Processing file /Users/atanasivanov/ipo-intel/ipo-intel/.venv_airflow/lib/python3.11/site-packages/airflow/example_dags/example_sensor_decorator.py for tasks to queue
[2026-03-18T17:09:19.005+0100] {logging_mixin.py:190} INFO - [2026-03-18T17:09:19.004+0100] {dagbag.py:588} INFO - Filling up the DagBag from /Users/atanasivanov/ipo-intel/ipo-intel/.venv_airflow/lib/python3.11/site-packages/airflow/example_dags/example_sensor_decorator.py
[2026-03-18T17:09:19.039+0100] {processor.py:925} INFO - DAG(s) 'example_sensor_decorator' retrieved from /Users/atanasivanov/ipo-intel/ipo-intel/.venv_airflow/lib/python3.11/site-packages/airflow/example_dags/example_sensor_decorator.py
[2026-03-18T17:09:19.109+0100] {logging_mixin.py:190} INFO - [2026-03-18T17:09:19.109+0100] {workday.py:41} WARNING - Could not import pandas. Holidays will not be considered.
[2026-03-18T17:09:19.127+0100] {logging_mixin.py:190} INFO - [2026-03-18T17:09:19.127+0100] {dag.py:3239} INFO - Sync 1 DAGs
[2026-03-18T17:09:19.187+0100] {logging_mixin.py:190} INFO - [2026-03-18T17:09:19.186+0100] {dag.py:4180} INFO - Setting next_dagrun for example_sensor_decorator to None, run_after=None
[2026-03-18T17:09:19.204+0100] {processor.py:208} INFO - Processing /Users/atanasivanov/ipo-intel/ipo-intel/.venv_airflow/lib/python3.11/site-packages/airflow/example_dags/example_sensor_decorator.py took 0.208 seconds
[2026-03-18T17:11:17.881+0100] {processor.py:186} INFO - Started process (PID=58697) to work on /Users/atanasivanov/ipo-intel/ipo-intel/.venv_airflow/lib/python3.11/site-packages/airflow/example_dags/example_sensor_decorator.py
[2026-03-18T17:11:17.882+0100] {processor.py:914} INFO - Processing file /Users/atanasivanov/ipo-intel/ipo-intel/.venv_airflow/lib/python3.11/site-packages/airflow/example_dags/example_sensor_decorator.py for tasks to queue
[2026-03-18T17:11:17.883+0100] {logging_mixin.py:190} INFO - [2026-03-18T17:11:17.883+0100] {dagbag.py:588} INFO - Filling up the DagBag from /Users/atanasivanov/ipo-intel/ipo-intel/.venv_airflow/lib/python3.11/site-packages/airflow/example_dags/example_sensor_decorator.py
[2026-03-18T17:11:17.917+0100] {processor.py:925} INFO - DAG(s) 'example_sensor_decorator' retrieved from /Users/atanasivanov/ipo-intel/ipo-intel/.venv_airflow/lib/python3.11/site-packages/airflow/example_dags/example_sensor_decorator.py
[2026-03-18T17:11:17.986+0100] {logging_mixin.py:190} INFO - [2026-03-18T17:11:17.986+0100] {workday.py:41} WARNING - Could not import pandas. Holidays will not be considered.
[2026-03-18T17:11:18.003+0100] {logging_mixin.py:190} INFO - [2026-03-18T17:11:18.003+0100] {dag.py:3239} INFO - Sync 1 DAGs
[2026-03-18T17:11:18.059+0100] {logging_mixin.py:190} INFO - [2026-03-18T17:11:18.059+0100] {dag.py:4180} INFO - Setting next_dagrun for example_sensor_decorator to None, run_after=None
[2026-03-18T17:11:18.076+0100] {processor.py:208} INFO - Processing /Users/atanasivanov/ipo-intel/ipo-intel/.venv_airflow/lib/python3.11/site-packages/airflow/example_dags/example_sensor_decorator.py took 0.199 seconds
[2026-03-18T17:13:23.433+0100] {processor.py:186} INFO - Started process (PID=59445) to work on /Users/atanasivanov/ipo-intel/ipo-intel/.venv_airflow/lib/python3.11/site-packages/airflow/example_dags/example_sensor_decorator.py
[2026-03-18T17:13:23.434+0100] {processor.py:914} INFO - Processing file /Users/atanasivanov/ipo-intel/ipo-intel/.venv_airflow/lib/python3.11/site-packages/airflow/example_dags/example_sensor_decorator.py for tasks to queue
[2026-03-18T17:13:23.435+0100] {logging_mixin.py:190} INFO - [2026-03-18T17:13:23.434+0100] {dagbag.py:588} INFO - Filling up the DagBag from /Users/atanasivanov/ipo-intel/ipo-intel/.venv_airflow/lib/python3.11/site-packages/airflow/example_dags/example_sensor_decorator.py
[2026-03-18T17:13:23.475+0100] {processor.py:925} INFO - DAG(s) 'example_sensor_decorator' retrieved from /Users/atanasivanov/ipo-intel/ipo-intel/.venv_airflow/lib/python3.11/site-packages/airflow/example_dags/example_sensor_decorator.py
[2026-03-18T17:13:23.558+0100] {logging_mixin.py:190} INFO - [2026-03-18T17:13:23.558+0100] {workday.py:41} WARNING - Could not import pandas. Holidays will not be considered.
[2026-03-18T17:13:23.578+0100] {logging_mixin.py:190} INFO - [2026-03-18T17:13:23.578+0100] {dag.py:3239} INFO - Sync 1 DAGs
[2026-03-18T17:13:23.644+0100] {logging_mixin.py:190} INFO - [2026-03-18T17:13:23.644+0100] {dag.py:4180} INFO - Setting next_dagrun for example_sensor_decorator to None, run_after=None
[2026-03-18T17:13:23.662+0100] {processor.py:208} INFO - Processing /Users/atanasivanov/ipo-intel/ipo-intel/.venv_airflow/lib/python3.11/site-packages/airflow/example_dags/example_sensor_decorator.py took 0.235 seconds
[2026-03-18T17:15:25.889+0100] {processor.py:186} INFO - Started process (PID=60632) to work on /Users/atanasivanov/ipo-intel/ipo-intel/.venv_airflow/lib/python3.11/site-packages/airflow/example_dags/example_sensor_decorator.py
[2026-03-18T17:15:25.891+0100] {processor.py:914} INFO - Processing file /Users/atanasivanov/ipo-intel/ipo-intel/.venv_airflow/lib/python3.11/site-packages/airflow/example_dags/example_sensor_decorator.py for tasks to queue
[2026-03-18T17:15:25.892+0100] {logging_mixin.py:190} INFO - [2026-03-18T17:15:25.892+0100] {dagbag.py:588} INFO - Filling up the DagBag from /Users/atanasivanov/ipo-intel/ipo-intel/.venv_airflow/lib/python3.11/site-packages/airflow/example_dags/example_sensor_decorator.py
[2026-03-18T17:15:25.930+0100] {processor.py:925} INFO - DAG(s) 'example_sensor_decorator' retrieved from /Users/atanasivanov/ipo-intel/ipo-intel/.venv_airflow/lib/python3.11/site-packages/airflow/example_dags/example_sensor_decorator.py
[2026-03-18T17:15:26.014+0100] {logging_mixin.py:190} INFO - [2026-03-18T17:15:26.014+0100] {workday.py:41} WARNING - Could not import pandas. Holidays will not be considered.
[2026-03-18T17:15:26.032+0100] {logging_mixin.py:190} INFO - [2026-03-18T17:15:26.032+0100] {dag.py:3239} INFO - Sync 1 DAGs
[2026-03-18T17:15:26.092+0100] {logging_mixin.py:190} INFO - [2026-03-18T17:15:26.092+0100] {dag.py:4180} INFO - Setting next_dagrun for example_sensor_decorator to None, run_after=None
[2026-03-18T17:15:26.108+0100] {processor.py:208} INFO - Processing /Users/atanasivanov/ipo-intel/ipo-intel/.venv_airflow/lib/python3.11/site-packages/airflow/example_dags/example_sensor_decorator.py took 0.224 seconds
