[2026-03-18T16:22:02.362+0100] {processor.py:186} INFO - Started process (PID=45729) to work on /Users/atanasivanov/ipo-intel/ipo-intel/.venv_airflow/lib/python3.11/site-packages/airflow/example_dags/example_branch_datetime_operator.py
[2026-03-18T16:22:02.363+0100] {processor.py:914} INFO - Processing file /Users/atanasivanov/ipo-intel/ipo-intel/.venv_airflow/lib/python3.11/site-packages/airflow/example_dags/example_branch_datetime_operator.py for tasks to queue
[2026-03-18T16:22:02.364+0100] {logging_mixin.py:190} INFO - [2026-03-18T16:22:02.364+0100] {dagbag.py:588} INFO - Filling up the DagBag from /Users/atanasivanov/ipo-intel/ipo-intel/.venv_airflow/lib/python3.11/site-packages/airflow/example_dags/example_branch_datetime_operator.py
[2026-03-18T16:22:02.377+0100] {processor.py:925} INFO - DAG(s) 'example_branch_datetime_operator', 'example_branch_datetime_operator_2', 'example_branch_datetime_operator_3' retrieved from /Users/atanasivanov/ipo-intel/ipo-intel/.venv_airflow/lib/python3.11/site-packages/airflow/example_dags/example_branch_datetime_operator.py
[2026-03-18T16:22:02.597+0100] {logging_mixin.py:190} INFO - [2026-03-18T16:22:02.596+0100] {override.py:1912} INFO - Created Permission View: can edit on DAG:example_branch_datetime_operator
[2026-03-18T16:22:02.606+0100] {logging_mixin.py:190} INFO - [2026-03-18T16:22:02.605+0100] {override.py:1912} INFO - Created Permission View: can delete on DAG:example_branch_datetime_operator
[2026-03-18T16:22:02.612+0100] {logging_mixin.py:190} INFO - [2026-03-18T16:22:02.612+0100] {override.py:1912} INFO - Created Permission View: can read on DAG:example_branch_datetime_operator
[2026-03-18T16:22:02.621+0100] {logging_mixin.py:190} INFO - [2026-03-18T16:22:02.621+0100] {override.py:1912} INFO - Created Permission View: can create on DAG Run:example_branch_datetime_operator
[2026-03-18T16:22:02.628+0100] {logging_mixin.py:190} INFO - [2026-03-18T16:22:02.628+0100] {override.py:1912} INFO - Created Permission View: menu access on DAG Run:example_branch_datetime_operator
[2026-03-18T16:22:02.635+0100] {logging_mixin.py:190} INFO - [2026-03-18T16:22:02.634+0100] {override.py:1912} INFO - Created Permission View: can delete on DAG Run:example_branch_datetime_operator
[2026-03-18T16:22:02.640+0100] {logging_mixin.py:190} INFO - [2026-03-18T16:22:02.640+0100] {override.py:1912} INFO - Created Permission View: can read on DAG Run:example_branch_datetime_operator
[2026-03-18T16:22:02.652+0100] {logging_mixin.py:190} INFO - [2026-03-18T16:22:02.651+0100] {override.py:1912} INFO - Created Permission View: can edit on DAG:example_branch_datetime_operator_2
[2026-03-18T16:22:02.657+0100] {logging_mixin.py:190} INFO - [2026-03-18T16:22:02.657+0100] {override.py:1912} INFO - Created Permission View: can delete on DAG:example_branch_datetime_operator_2
[2026-03-18T16:22:02.663+0100] {logging_mixin.py:190} INFO - [2026-03-18T16:22:02.662+0100] {override.py:1912} INFO - Created Permission View: can read on DAG:example_branch_datetime_operator_2
[2026-03-18T16:22:02.670+0100] {logging_mixin.py:190} INFO - [2026-03-18T16:22:02.669+0100] {override.py:1912} INFO - Created Permission View: can create on DAG Run:example_branch_datetime_operator_2
[2026-03-18T16:22:02.675+0100] {logging_mixin.py:190} INFO - [2026-03-18T16:22:02.674+0100] {override.py:1912} INFO - Created Permission View: menu access on DAG Run:example_branch_datetime_operator_2
[2026-03-18T16:22:02.680+0100] {logging_mixin.py:190} INFO - [2026-03-18T16:22:02.679+0100] {override.py:1912} INFO - Created Permission View: can delete on DAG Run:example_branch_datetime_operator_2
[2026-03-18T16:22:02.685+0100] {logging_mixin.py:190} INFO - [2026-03-18T16:22:02.684+0100] {override.py:1912} INFO - Created Permission View: can read on DAG Run:example_branch_datetime_operator_2
[2026-03-18T16:22:02.695+0100] {logging_mixin.py:190} INFO - [2026-03-18T16:22:02.694+0100] {override.py:1912} INFO - Created Permission View: can edit on DAG:example_branch_datetime_operator_3
[2026-03-18T16:22:02.699+0100] {logging_mixin.py:190} INFO - [2026-03-18T16:22:02.699+0100] {override.py:1912} INFO - Created Permission View: can delete on DAG:example_branch_datetime_operator_3
[2026-03-18T16:22:02.705+0100] {logging_mixin.py:190} INFO - [2026-03-18T16:22:02.704+0100] {override.py:1912} INFO - Created Permission View: can read on DAG:example_branch_datetime_operator_3
[2026-03-18T16:22:02.711+0100] {logging_mixin.py:190} INFO - [2026-03-18T16:22:02.711+0100] {override.py:1912} INFO - Created Permission View: can create on DAG Run:example_branch_datetime_operator_3
[2026-03-18T16:22:02.716+0100] {logging_mixin.py:190} INFO - [2026-03-18T16:22:02.715+0100] {override.py:1912} INFO - Created Permission View: menu access on DAG Run:example_branch_datetime_operator_3
[2026-03-18T16:22:02.720+0100] {logging_mixin.py:190} INFO - [2026-03-18T16:22:02.720+0100] {override.py:1912} INFO - Created Permission View: can delete on DAG Run:example_branch_datetime_operator_3
[2026-03-18T16:22:02.724+0100] {logging_mixin.py:190} INFO - [2026-03-18T16:22:02.724+0100] {override.py:1912} INFO - Created Permission View: can read on DAG Run:example_branch_datetime_operator_3
[2026-03-18T16:22:02.725+0100] {logging_mixin.py:190} INFO - [2026-03-18T16:22:02.725+0100] {dag.py:3239} INFO - Sync 3 DAGs
[2026-03-18T16:22:02.733+0100] {logging_mixin.py:190} INFO - [2026-03-18T16:22:02.733+0100] {dag.py:3262} INFO - Creating ORM DAG for example_branch_datetime_operator
[2026-03-18T16:22:02.734+0100] {logging_mixin.py:190} INFO - [2026-03-18T16:22:02.733+0100] {dag.py:3262} INFO - Creating ORM DAG for example_branch_datetime_operator_3
[2026-03-18T16:22:02.734+0100] {logging_mixin.py:190} INFO - [2026-03-18T16:22:02.734+0100] {dag.py:3262} INFO - Creating ORM DAG for example_branch_datetime_operator_2
[2026-03-18T16:22:02.740+0100] {logging_mixin.py:190} INFO - [2026-03-18T16:22:02.740+0100] {dag.py:4180} INFO - Setting next_dagrun for example_branch_datetime_operator to 2026-03-17 00:00:00+00:00, run_after=2026-03-18 00:00:00+00:00
[2026-03-18T16:22:02.742+0100] {logging_mixin.py:190} INFO - [2026-03-18T16:22:02.742+0100] {dag.py:4180} INFO - Setting next_dagrun for example_branch_datetime_operator_2 to 2026-03-17 00:00:00+00:00, run_after=2026-03-18 00:00:00+00:00
[2026-03-18T16:22:02.743+0100] {logging_mixin.py:190} INFO - [2026-03-18T16:22:02.743+0100] {dag.py:4180} INFO - Setting next_dagrun for example_branch_datetime_operator_3 to 2026-03-17 00:00:00+00:00, run_after=2026-03-18 00:00:00+00:00
[2026-03-18T16:22:02.759+0100] {processor.py:208} INFO - Processing /Users/atanasivanov/ipo-intel/ipo-intel/.venv_airflow/lib/python3.11/site-packages/airflow/example_dags/example_branch_datetime_operator.py took 0.402 seconds
[2026-03-18T16:26:08.470+0100] {processor.py:186} INFO - Started process (PID=46649) to work on /Users/atanasivanov/ipo-intel/ipo-intel/.venv_airflow/lib/python3.11/site-packages/airflow/example_dags/example_branch_datetime_operator.py
[2026-03-18T16:26:08.471+0100] {processor.py:914} INFO - Processing file /Users/atanasivanov/ipo-intel/ipo-intel/.venv_airflow/lib/python3.11/site-packages/airflow/example_dags/example_branch_datetime_operator.py for tasks to queue
[2026-03-18T16:26:08.472+0100] {logging_mixin.py:190} INFO - [2026-03-18T16:26:08.471+0100] {dagbag.py:588} INFO - Filling up the DagBag from /Users/atanasivanov/ipo-intel/ipo-intel/.venv_airflow/lib/python3.11/site-packages/airflow/example_dags/example_branch_datetime_operator.py
[2026-03-18T16:26:08.483+0100] {processor.py:925} INFO - DAG(s) 'example_branch_datetime_operator_2', 'example_branch_datetime_operator_3', 'example_branch_datetime_operator' retrieved from /Users/atanasivanov/ipo-intel/ipo-intel/.venv_airflow/lib/python3.11/site-packages/airflow/example_dags/example_branch_datetime_operator.py
[2026-03-18T16:26:08.568+0100] {logging_mixin.py:190} INFO - [2026-03-18T16:26:08.568+0100] {dag.py:3239} INFO - Sync 3 DAGs
[2026-03-18T16:26:08.583+0100] {logging_mixin.py:190} INFO - [2026-03-18T16:26:08.583+0100] {dag.py:4180} INFO - Setting next_dagrun for example_branch_datetime_operator to 2026-03-17 00:00:00+00:00, run_after=2026-03-18 00:00:00+00:00
[2026-03-18T16:26:08.586+0100] {logging_mixin.py:190} INFO - [2026-03-18T16:26:08.586+0100] {dag.py:4180} INFO - Setting next_dagrun for example_branch_datetime_operator_2 to 2026-03-17 00:00:00+00:00, run_after=2026-03-18 00:00:00+00:00
[2026-03-18T16:26:08.588+0100] {logging_mixin.py:190} INFO - [2026-03-18T16:26:08.588+0100] {dag.py:4180} INFO - Setting next_dagrun for example_branch_datetime_operator_3 to 2026-03-17 00:00:00+00:00, run_after=2026-03-18 00:00:00+00:00
[2026-03-18T16:26:08.600+0100] {processor.py:208} INFO - Processing /Users/atanasivanov/ipo-intel/ipo-intel/.venv_airflow/lib/python3.11/site-packages/airflow/example_dags/example_branch_datetime_operator.py took 0.135 seconds
[2026-03-18T16:30:14.757+0100] {processor.py:186} INFO - Started process (PID=48231) to work on /Users/atanasivanov/ipo-intel/ipo-intel/.venv_airflow/lib/python3.11/site-packages/airflow/example_dags/example_branch_datetime_operator.py
[2026-03-18T16:30:14.759+0100] {processor.py:914} INFO - Processing file /Users/atanasivanov/ipo-intel/ipo-intel/.venv_airflow/lib/python3.11/site-packages/airflow/example_dags/example_branch_datetime_operator.py for tasks to queue
[2026-03-18T16:30:14.760+0100] {logging_mixin.py:190} INFO - [2026-03-18T16:30:14.759+0100] {dagbag.py:588} INFO - Filling up the DagBag from /Users/atanasivanov/ipo-intel/ipo-intel/.venv_airflow/lib/python3.11/site-packages/airflow/example_dags/example_branch_datetime_operator.py
[2026-03-18T16:30:14.771+0100] {processor.py:925} INFO - DAG(s) 'example_branch_datetime_operator', 'example_branch_datetime_operator_2', 'example_branch_datetime_operator_3' retrieved from /Users/atanasivanov/ipo-intel/ipo-intel/.venv_airflow/lib/python3.11/site-packages/airflow/example_dags/example_branch_datetime_operator.py
[2026-03-18T16:30:14.856+0100] {logging_mixin.py:190} INFO - [2026-03-18T16:30:14.856+0100] {dag.py:3239} INFO - Sync 3 DAGs
[2026-03-18T16:30:14.871+0100] {logging_mixin.py:190} INFO - [2026-03-18T16:30:14.871+0100] {dag.py:4180} INFO - Setting next_dagrun for example_branch_datetime_operator to 2026-03-17 00:00:00+00:00, run_after=2026-03-18 00:00:00+00:00
[2026-03-18T16:30:14.874+0100] {logging_mixin.py:190} INFO - [2026-03-18T16:30:14.874+0100] {dag.py:4180} INFO - Setting next_dagrun for example_branch_datetime_operator_2 to 2026-03-17 00:00:00+00:00, run_after=2026-03-18 00:00:00+00:00
[2026-03-18T16:30:14.876+0100] {logging_mixin.py:190} INFO - [2026-03-18T16:30:14.876+0100] {dag.py:4180} INFO - Setting next_dagrun for example_branch_datetime_operator_3 to 2026-03-17 00:00:00+00:00, run_after=2026-03-18 00:00:00+00:00
[2026-03-18T16:30:14.889+0100] {processor.py:208} INFO - Processing /Users/atanasivanov/ipo-intel/ipo-intel/.venv_airflow/lib/python3.11/site-packages/airflow/example_dags/example_branch_datetime_operator.py took 0.136 seconds
[2026-03-18T16:33:58.094+0100] {processor.py:186} INFO - Started process (PID=49050) to work on /Users/atanasivanov/ipo-intel/ipo-intel/.venv_airflow/lib/python3.11/site-packages/airflow/example_dags/example_branch_datetime_operator.py
[2026-03-18T16:33:58.095+0100] {processor.py:914} INFO - Processing file /Users/atanasivanov/ipo-intel/ipo-intel/.venv_airflow/lib/python3.11/site-packages/airflow/example_dags/example_branch_datetime_operator.py for tasks to queue
[2026-03-18T16:33:58.096+0100] {logging_mixin.py:190} INFO - [2026-03-18T16:33:58.096+0100] {dagbag.py:588} INFO - Filling up the DagBag from /Users/atanasivanov/ipo-intel/ipo-intel/.venv_airflow/lib/python3.11/site-packages/airflow/example_dags/example_branch_datetime_operator.py
[2026-03-18T16:33:58.108+0100] {processor.py:925} INFO - DAG(s) 'example_branch_datetime_operator_3', 'example_branch_datetime_operator', 'example_branch_datetime_operator_2' retrieved from /Users/atanasivanov/ipo-intel/ipo-intel/.venv_airflow/lib/python3.11/site-packages/airflow/example_dags/example_branch_datetime_operator.py
[2026-03-18T16:33:58.190+0100] {logging_mixin.py:190} INFO - [2026-03-18T16:33:58.190+0100] {dag.py:3239} INFO - Sync 3 DAGs
[2026-03-18T16:33:58.204+0100] {logging_mixin.py:190} INFO - [2026-03-18T16:33:58.204+0100] {dag.py:4180} INFO - Setting next_dagrun for example_branch_datetime_operator to 2026-03-17 00:00:00+00:00, run_after=2026-03-18 00:00:00+00:00
[2026-03-18T16:33:58.207+0100] {logging_mixin.py:190} INFO - [2026-03-18T16:33:58.207+0100] {dag.py:4180} INFO - Setting next_dagrun for example_branch_datetime_operator_2 to 2026-03-17 00:00:00+00:00, run_after=2026-03-18 00:00:00+00:00
[2026-03-18T16:33:58.209+0100] {logging_mixin.py:190} INFO - [2026-03-18T16:33:58.209+0100] {dag.py:4180} INFO - Setting next_dagrun for example_branch_datetime_operator_3 to 2026-03-17 00:00:00+00:00, run_after=2026-03-18 00:00:00+00:00
[2026-03-18T16:33:58.221+0100] {processor.py:208} INFO - Processing /Users/atanasivanov/ipo-intel/ipo-intel/.venv_airflow/lib/python3.11/site-packages/airflow/example_dags/example_branch_datetime_operator.py took 0.131 seconds
[2026-03-18T16:37:47.213+0100] {processor.py:186} INFO - Started process (PID=49876) to work on /Users/atanasivanov/ipo-intel/ipo-intel/.venv_airflow/lib/python3.11/site-packages/airflow/example_dags/example_branch_datetime_operator.py
[2026-03-18T16:37:47.214+0100] {processor.py:914} INFO - Processing file /Users/atanasivanov/ipo-intel/ipo-intel/.venv_airflow/lib/python3.11/site-packages/airflow/example_dags/example_branch_datetime_operator.py for tasks to queue
[2026-03-18T16:37:47.214+0100] {logging_mixin.py:190} INFO - [2026-03-18T16:37:47.214+0100] {dagbag.py:588} INFO - Filling up the DagBag from /Users/atanasivanov/ipo-intel/ipo-intel/.venv_airflow/lib/python3.11/site-packages/airflow/example_dags/example_branch_datetime_operator.py
[2026-03-18T16:37:47.226+0100] {processor.py:925} INFO - DAG(s) 'example_branch_datetime_operator_3', 'example_branch_datetime_operator', 'example_branch_datetime_operator_2' retrieved from /Users/atanasivanov/ipo-intel/ipo-intel/.venv_airflow/lib/python3.11/site-packages/airflow/example_dags/example_branch_datetime_operator.py
[2026-03-18T16:37:47.308+0100] {logging_mixin.py:190} INFO - [2026-03-18T16:37:47.308+0100] {dag.py:3239} INFO - Sync 3 DAGs
[2026-03-18T16:37:47.322+0100] {logging_mixin.py:190} INFO - [2026-03-18T16:37:47.322+0100] {dag.py:4180} INFO - Setting next_dagrun for example_branch_datetime_operator to 2026-03-17 00:00:00+00:00, run_after=2026-03-18 00:00:00+00:00
[2026-03-18T16:37:47.325+0100] {logging_mixin.py:190} INFO - [2026-03-18T16:37:47.325+0100] {dag.py:4180} INFO - Setting next_dagrun for example_branch_datetime_operator_2 to 2026-03-17 00:00:00+00:00, run_after=2026-03-18 00:00:00+00:00
[2026-03-18T16:37:47.327+0100] {logging_mixin.py:190} INFO - [2026-03-18T16:37:47.327+0100] {dag.py:4180} INFO - Setting next_dagrun for example_branch_datetime_operator_3 to 2026-03-17 00:00:00+00:00, run_after=2026-03-18 00:00:00+00:00
[2026-03-18T16:37:47.339+0100] {processor.py:208} INFO - Processing /Users/atanasivanov/ipo-intel/ipo-intel/.venv_airflow/lib/python3.11/site-packages/airflow/example_dags/example_branch_datetime_operator.py took 0.131 seconds
[2026-03-18T16:41:46.695+0100] {processor.py:186} INFO - Started process (PID=51790) to work on /Users/atanasivanov/ipo-intel/ipo-intel/.venv_airflow/lib/python3.11/site-packages/airflow/example_dags/example_branch_datetime_operator.py
[2026-03-18T16:41:46.696+0100] {processor.py:914} INFO - Processing file /Users/atanasivanov/ipo-intel/ipo-intel/.venv_airflow/lib/python3.11/site-packages/airflow/example_dags/example_branch_datetime_operator.py for tasks to queue
[2026-03-18T16:41:46.697+0100] {logging_mixin.py:190} INFO - [2026-03-18T16:41:46.697+0100] {dagbag.py:588} INFO - Filling up the DagBag from /Users/atanasivanov/ipo-intel/ipo-intel/.venv_airflow/lib/python3.11/site-packages/airflow/example_dags/example_branch_datetime_operator.py
[2026-03-18T16:41:46.711+0100] {processor.py:925} INFO - DAG(s) 'example_branch_datetime_operator_3', 'example_branch_datetime_operator', 'example_branch_datetime_operator_2' retrieved from /Users/atanasivanov/ipo-intel/ipo-intel/.venv_airflow/lib/python3.11/site-packages/airflow/example_dags/example_branch_datetime_operator.py
[2026-03-18T16:41:46.808+0100] {logging_mixin.py:190} INFO - [2026-03-18T16:41:46.807+0100] {dag.py:3239} INFO - Sync 3 DAGs
[2026-03-18T16:41:46.828+0100] {logging_mixin.py:190} INFO - [2026-03-18T16:41:46.827+0100] {dag.py:4180} INFO - Setting next_dagrun for example_branch_datetime_operator to 2026-03-17 00:00:00+00:00, run_after=2026-03-18 00:00:00+00:00
[2026-03-18T16:41:46.835+0100] {logging_mixin.py:190} INFO - [2026-03-18T16:41:46.834+0100] {dag.py:4180} INFO - Setting next_dagrun for example_branch_datetime_operator_2 to 2026-03-17 00:00:00+00:00, run_after=2026-03-18 00:00:00+00:00
[2026-03-18T16:41:46.838+0100] {logging_mixin.py:190} INFO - [2026-03-18T16:41:46.838+0100] {dag.py:4180} INFO - Setting next_dagrun for example_branch_datetime_operator_3 to 2026-03-17 00:00:00+00:00, run_after=2026-03-18 00:00:00+00:00
[2026-03-18T16:41:46.860+0100] {processor.py:208} INFO - Processing /Users/atanasivanov/ipo-intel/ipo-intel/.venv_airflow/lib/python3.11/site-packages/airflow/example_dags/example_branch_datetime_operator.py took 0.169 seconds
[2026-03-18T16:49:54.906+0100] {processor.py:186} INFO - Started process (PID=53627) to work on /Users/atanasivanov/ipo-intel/ipo-intel/.venv_airflow/lib/python3.11/site-packages/airflow/example_dags/example_branch_datetime_operator.py
[2026-03-18T16:49:54.907+0100] {processor.py:914} INFO - Processing file /Users/atanasivanov/ipo-intel/ipo-intel/.venv_airflow/lib/python3.11/site-packages/airflow/example_dags/example_branch_datetime_operator.py for tasks to queue
[2026-03-18T16:49:54.908+0100] {logging_mixin.py:190} INFO - [2026-03-18T16:49:54.908+0100] {dagbag.py:588} INFO - Filling up the DagBag from /Users/atanasivanov/ipo-intel/ipo-intel/.venv_airflow/lib/python3.11/site-packages/airflow/example_dags/example_branch_datetime_operator.py
[2026-03-18T16:49:54.920+0100] {processor.py:925} INFO - DAG(s) 'example_branch_datetime_operator_3', 'example_branch_datetime_operator', 'example_branch_datetime_operator_2' retrieved from /Users/atanasivanov/ipo-intel/ipo-intel/.venv_airflow/lib/python3.11/site-packages/airflow/example_dags/example_branch_datetime_operator.py
[2026-03-18T16:49:55.041+0100] {logging_mixin.py:190} INFO - [2026-03-18T16:49:55.040+0100] {dag.py:3239} INFO - Sync 3 DAGs
[2026-03-18T16:49:55.062+0100] {logging_mixin.py:190} INFO - [2026-03-18T16:49:55.062+0100] {dag.py:4180} INFO - Setting next_dagrun for example_branch_datetime_operator to 2026-03-17 00:00:00+00:00, run_after=2026-03-18 00:00:00+00:00
[2026-03-18T16:49:55.067+0100] {logging_mixin.py:190} INFO - [2026-03-18T16:49:55.066+0100] {dag.py:4180} INFO - Setting next_dagrun for example_branch_datetime_operator_2 to 2026-03-17 00:00:00+00:00, run_after=2026-03-18 00:00:00+00:00
[2026-03-18T16:49:55.069+0100] {logging_mixin.py:190} INFO - [2026-03-18T16:49:55.069+0100] {dag.py:4180} INFO - Setting next_dagrun for example_branch_datetime_operator_3 to 2026-03-17 00:00:00+00:00, run_after=2026-03-18 00:00:00+00:00
[2026-03-18T16:49:55.087+0100] {processor.py:208} INFO - Processing /Users/atanasivanov/ipo-intel/ipo-intel/.venv_airflow/lib/python3.11/site-packages/airflow/example_dags/example_branch_datetime_operator.py took 0.185 seconds
[2026-03-18T16:54:00.520+0100] {processor.py:186} INFO - Started process (PID=54635) to work on /Users/atanasivanov/ipo-intel/ipo-intel/.venv_airflow/lib/python3.11/site-packages/airflow/example_dags/example_branch_datetime_operator.py
[2026-03-18T16:54:00.521+0100] {processor.py:914} INFO - Processing file /Users/atanasivanov/ipo-intel/ipo-intel/.venv_airflow/lib/python3.11/site-packages/airflow/example_dags/example_branch_datetime_operator.py for tasks to queue
[2026-03-18T16:54:00.522+0100] {logging_mixin.py:190} INFO - [2026-03-18T16:54:00.522+0100] {dagbag.py:588} INFO - Filling up the DagBag from /Users/atanasivanov/ipo-intel/ipo-intel/.venv_airflow/lib/python3.11/site-packages/airflow/example_dags/example_branch_datetime_operator.py
[2026-03-18T16:54:00.536+0100] {processor.py:925} INFO - DAG(s) 'example_branch_datetime_operator_3', 'example_branch_datetime_operator', 'example_branch_datetime_operator_2' retrieved from /Users/atanasivanov/ipo-intel/ipo-intel/.venv_airflow/lib/python3.11/site-packages/airflow/example_dags/example_branch_datetime_operator.py
[2026-03-18T16:54:00.646+0100] {logging_mixin.py:190} INFO - [2026-03-18T16:54:00.646+0100] {dag.py:3239} INFO - Sync 3 DAGs
[2026-03-18T16:54:00.666+0100] {logging_mixin.py:190} INFO - [2026-03-18T16:54:00.665+0100] {dag.py:4180} INFO - Setting next_dagrun for example_branch_datetime_operator to 2026-03-17 00:00:00+00:00, run_after=2026-03-18 00:00:00+00:00
[2026-03-18T16:54:00.670+0100] {logging_mixin.py:190} INFO - [2026-03-18T16:54:00.670+0100] {dag.py:4180} INFO - Setting next_dagrun for example_branch_datetime_operator_2 to 2026-03-17 00:00:00+00:00, run_after=2026-03-18 00:00:00+00:00
[2026-03-18T16:54:00.672+0100] {logging_mixin.py:190} INFO - [2026-03-18T16:54:00.672+0100] {dag.py:4180} INFO - Setting next_dagrun for example_branch_datetime_operator_3 to 2026-03-17 00:00:00+00:00, run_after=2026-03-18 00:00:00+00:00
[2026-03-18T16:54:00.687+0100] {processor.py:208} INFO - Processing /Users/atanasivanov/ipo-intel/ipo-intel/.venv_airflow/lib/python3.11/site-packages/airflow/example_dags/example_branch_datetime_operator.py took 0.174 seconds
[2026-03-18T16:58:12.004+0100] {processor.py:186} INFO - Started process (PID=55758) to work on /Users/atanasivanov/ipo-intel/ipo-intel/.venv_airflow/lib/python3.11/site-packages/airflow/example_dags/example_branch_datetime_operator.py
[2026-03-18T16:58:12.005+0100] {processor.py:914} INFO - Processing file /Users/atanasivanov/ipo-intel/ipo-intel/.venv_airflow/lib/python3.11/site-packages/airflow/example_dags/example_branch_datetime_operator.py for tasks to queue
[2026-03-18T16:58:12.005+0100] {logging_mixin.py:190} INFO - [2026-03-18T16:58:12.005+0100] {dagbag.py:588} INFO - Filling up the DagBag from /Users/atanasivanov/ipo-intel/ipo-intel/.venv_airflow/lib/python3.11/site-packages/airflow/example_dags/example_branch_datetime_operator.py
[2026-03-18T16:58:12.017+0100] {processor.py:925} INFO - DAG(s) 'example_branch_datetime_operator', 'example_branch_datetime_operator_2', 'example_branch_datetime_operator_3' retrieved from /Users/atanasivanov/ipo-intel/ipo-intel/.venv_airflow/lib/python3.11/site-packages/airflow/example_dags/example_branch_datetime_operator.py
[2026-03-18T16:58:12.106+0100] {logging_mixin.py:190} INFO - [2026-03-18T16:58:12.105+0100] {dag.py:3239} INFO - Sync 3 DAGs
[2026-03-18T16:58:12.126+0100] {logging_mixin.py:190} INFO - [2026-03-18T16:58:12.126+0100] {dag.py:4180} INFO - Setting next_dagrun for example_branch_datetime_operator to 2026-03-17 00:00:00+00:00, run_after=2026-03-18 00:00:00+00:00
[2026-03-18T16:58:12.130+0100] {logging_mixin.py:190} INFO - [2026-03-18T16:58:12.130+0100] {dag.py:4180} INFO - Setting next_dagrun for example_branch_datetime_operator_2 to 2026-03-17 00:00:00+00:00, run_after=2026-03-18 00:00:00+00:00
[2026-03-18T16:58:12.132+0100] {logging_mixin.py:190} INFO - [2026-03-18T16:58:12.132+0100] {dag.py:4180} INFO - Setting next_dagrun for example_branch_datetime_operator_3 to 2026-03-17 00:00:00+00:00, run_after=2026-03-18 00:00:00+00:00
[2026-03-18T16:58:12.147+0100] {processor.py:208} INFO - Processing /Users/atanasivanov/ipo-intel/ipo-intel/.venv_airflow/lib/python3.11/site-packages/airflow/example_dags/example_branch_datetime_operator.py took 0.149 seconds
[2026-03-18T17:02:13.008+0100] {processor.py:186} INFO - Started process (PID=56631) to work on /Users/atanasivanov/ipo-intel/ipo-intel/.venv_airflow/lib/python3.11/site-packages/airflow/example_dags/example_branch_datetime_operator.py
[2026-03-18T17:02:13.009+0100] {processor.py:914} INFO - Processing file /Users/atanasivanov/ipo-intel/ipo-intel/.venv_airflow/lib/python3.11/site-packages/airflow/example_dags/example_branch_datetime_operator.py for tasks to queue
[2026-03-18T17:02:13.010+0100] {logging_mixin.py:190} INFO - [2026-03-18T17:02:13.010+0100] {dagbag.py:588} INFO - Filling up the DagBag from /Users/atanasivanov/ipo-intel/ipo-intel/.venv_airflow/lib/python3.11/site-packages/airflow/example_dags/example_branch_datetime_operator.py
[2026-03-18T17:02:13.020+0100] {processor.py:925} INFO - DAG(s) 'example_branch_datetime_operator_2', 'example_branch_datetime_operator_3', 'example_branch_datetime_operator' retrieved from /Users/atanasivanov/ipo-intel/ipo-intel/.venv_airflow/lib/python3.11/site-packages/airflow/example_dags/example_branch_datetime_operator.py
[2026-03-18T17:02:13.103+0100] {logging_mixin.py:190} INFO - [2026-03-18T17:02:13.103+0100] {dag.py:3239} INFO - Sync 3 DAGs
[2026-03-18T17:02:13.118+0100] {logging_mixin.py:190} INFO - [2026-03-18T17:02:13.118+0100] {dag.py:4180} INFO - Setting next_dagrun for example_branch_datetime_operator to 2026-03-17 00:00:00+00:00, run_after=2026-03-18 00:00:00+00:00
[2026-03-18T17:02:13.121+0100] {logging_mixin.py:190} INFO - [2026-03-18T17:02:13.121+0100] {dag.py:4180} INFO - Setting next_dagrun for example_branch_datetime_operator_2 to 2026-03-17 00:00:00+00:00, run_after=2026-03-18 00:00:00+00:00
[2026-03-18T17:02:13.123+0100] {logging_mixin.py:190} INFO - [2026-03-18T17:02:13.123+0100] {dag.py:4180} INFO - Setting next_dagrun for example_branch_datetime_operator_3 to 2026-03-17 00:00:00+00:00, run_after=2026-03-18 00:00:00+00:00
[2026-03-18T17:02:13.135+0100] {processor.py:208} INFO - Processing /Users/atanasivanov/ipo-intel/ipo-intel/.venv_airflow/lib/python3.11/site-packages/airflow/example_dags/example_branch_datetime_operator.py took 0.132 seconds
[2026-03-18T17:06:05.563+0100] {processor.py:186} INFO - Started process (PID=57488) to work on /Users/atanasivanov/ipo-intel/ipo-intel/.venv_airflow/lib/python3.11/site-packages/airflow/example_dags/example_branch_datetime_operator.py
[2026-03-18T17:06:05.564+0100] {processor.py:914} INFO - Processing file /Users/atanasivanov/ipo-intel/ipo-intel/.venv_airflow/lib/python3.11/site-packages/airflow/example_dags/example_branch_datetime_operator.py for tasks to queue
[2026-03-18T17:06:05.564+0100] {logging_mixin.py:190} INFO - [2026-03-18T17:06:05.564+0100] {dagbag.py:588} INFO - Filling up the DagBag from /Users/atanasivanov/ipo-intel/ipo-intel/.venv_airflow/lib/python3.11/site-packages/airflow/example_dags/example_branch_datetime_operator.py
[2026-03-18T17:06:05.574+0100] {processor.py:925} INFO - DAG(s) 'example_branch_datetime_operator_3', 'example_branch_datetime_operator_2', 'example_branch_datetime_operator' retrieved from /Users/atanasivanov/ipo-intel/ipo-intel/.venv_airflow/lib/python3.11/site-packages/airflow/example_dags/example_branch_datetime_operator.py
[2026-03-18T17:06:05.657+0100] {logging_mixin.py:190} INFO - [2026-03-18T17:06:05.657+0100] {dag.py:3239} INFO - Sync 3 DAGs
[2026-03-18T17:06:05.671+0100] {logging_mixin.py:190} INFO - [2026-03-18T17:06:05.671+0100] {dag.py:4180} INFO - Setting next_dagrun for example_branch_datetime_operator to 2026-03-17 00:00:00+00:00, run_after=2026-03-18 00:00:00+00:00
[2026-03-18T17:06:05.674+0100] {logging_mixin.py:190} INFO - [2026-03-18T17:06:05.674+0100] {dag.py:4180} INFO - Setting next_dagrun for example_branch_datetime_operator_2 to 2026-03-17 00:00:00+00:00, run_after=2026-03-18 00:00:00+00:00
[2026-03-18T17:06:05.676+0100] {logging_mixin.py:190} INFO - [2026-03-18T17:06:05.676+0100] {dag.py:4180} INFO - Setting next_dagrun for example_branch_datetime_operator_3 to 2026-03-17 00:00:00+00:00, run_after=2026-03-18 00:00:00+00:00
[2026-03-18T17:06:05.688+0100] {processor.py:208} INFO - Processing /Users/atanasivanov/ipo-intel/ipo-intel/.venv_airflow/lib/python3.11/site-packages/airflow/example_dags/example_branch_datetime_operator.py took 0.130 seconds
[2026-03-18T17:09:56.519+0100] {processor.py:186} INFO - Started process (PID=58379) to work on /Users/atanasivanov/ipo-intel/ipo-intel/.venv_airflow/lib/python3.11/site-packages/airflow/example_dags/example_branch_datetime_operator.py
[2026-03-18T17:09:56.520+0100] {processor.py:914} INFO - Processing file /Users/atanasivanov/ipo-intel/ipo-intel/.venv_airflow/lib/python3.11/site-packages/airflow/example_dags/example_branch_datetime_operator.py for tasks to queue
[2026-03-18T17:09:56.521+0100] {logging_mixin.py:190} INFO - [2026-03-18T17:09:56.521+0100] {dagbag.py:588} INFO - Filling up the DagBag from /Users/atanasivanov/ipo-intel/ipo-intel/.venv_airflow/lib/python3.11/site-packages/airflow/example_dags/example_branch_datetime_operator.py
[2026-03-18T17:09:56.531+0100] {processor.py:925} INFO - DAG(s) 'example_branch_datetime_operator_3', 'example_branch_datetime_operator_2', 'example_branch_datetime_operator' retrieved from /Users/atanasivanov/ipo-intel/ipo-intel/.venv_airflow/lib/python3.11/site-packages/airflow/example_dags/example_branch_datetime_operator.py
[2026-03-18T17:09:56.620+0100] {logging_mixin.py:190} INFO - [2026-03-18T17:09:56.619+0100] {dag.py:3239} INFO - Sync 3 DAGs
[2026-03-18T17:09:56.635+0100] {logging_mixin.py:190} INFO - [2026-03-18T17:09:56.635+0100] {dag.py:4180} INFO - Setting next_dagrun for example_branch_datetime_operator to 2026-03-17 00:00:00+00:00, run_after=2026-03-18 00:00:00+00:00
[2026-03-18T17:09:56.639+0100] {logging_mixin.py:190} INFO - [2026-03-18T17:09:56.639+0100] {dag.py:4180} INFO - Setting next_dagrun for example_branch_datetime_operator_2 to 2026-03-17 00:00:00+00:00, run_after=2026-03-18 00:00:00+00:00
[2026-03-18T17:09:56.641+0100] {logging_mixin.py:190} INFO - [2026-03-18T17:09:56.641+0100] {dag.py:4180} INFO - Setting next_dagrun for example_branch_datetime_operator_3 to 2026-03-17 00:00:00+00:00, run_after=2026-03-18 00:00:00+00:00
[2026-03-18T17:09:56.654+0100] {processor.py:208} INFO - Processing /Users/atanasivanov/ipo-intel/ipo-intel/.venv_airflow/lib/python3.11/site-packages/airflow/example_dags/example_branch_datetime_operator.py took 0.141 seconds
[2026-03-18T17:14:06.410+0100] {processor.py:186} INFO - Started process (PID=59735) to work on /Users/atanasivanov/ipo-intel/ipo-intel/.venv_airflow/lib/python3.11/site-packages/airflow/example_dags/example_branch_datetime_operator.py
[2026-03-18T17:14:06.412+0100] {processor.py:914} INFO - Processing file /Users/atanasivanov/ipo-intel/ipo-intel/.venv_airflow/lib/python3.11/site-packages/airflow/example_dags/example_branch_datetime_operator.py for tasks to queue
[2026-03-18T17:14:06.413+0100] {logging_mixin.py:190} INFO - [2026-03-18T17:14:06.413+0100] {dagbag.py:588} INFO - Filling up the DagBag from /Users/atanasivanov/ipo-intel/ipo-intel/.venv_airflow/lib/python3.11/site-packages/airflow/example_dags/example_branch_datetime_operator.py
[2026-03-18T17:14:06.424+0100] {processor.py:925} INFO - DAG(s) 'example_branch_datetime_operator_2', 'example_branch_datetime_operator', 'example_branch_datetime_operator_3' retrieved from /Users/atanasivanov/ipo-intel/ipo-intel/.venv_airflow/lib/python3.11/site-packages/airflow/example_dags/example_branch_datetime_operator.py
[2026-03-18T17:14:06.509+0100] {logging_mixin.py:190} INFO - [2026-03-18T17:14:06.508+0100] {dag.py:3239} INFO - Sync 3 DAGs
[2026-03-18T17:14:06.523+0100] {logging_mixin.py:190} INFO - [2026-03-18T17:14:06.523+0100] {dag.py:4180} INFO - Setting next_dagrun for example_branch_datetime_operator to 2026-03-17 00:00:00+00:00, run_after=2026-03-18 00:00:00+00:00
[2026-03-18T17:14:06.526+0100] {logging_mixin.py:190} INFO - [2026-03-18T17:14:06.526+0100] {dag.py:4180} INFO - Setting next_dagrun for example_branch_datetime_operator_2 to 2026-03-17 00:00:00+00:00, run_after=2026-03-18 00:00:00+00:00
[2026-03-18T17:14:06.528+0100] {logging_mixin.py:190} INFO - [2026-03-18T17:14:06.528+0100] {dag.py:4180} INFO - Setting next_dagrun for example_branch_datetime_operator_3 to 2026-03-17 00:00:00+00:00, run_after=2026-03-18 00:00:00+00:00
[2026-03-18T17:14:06.540+0100] {processor.py:208} INFO - Processing /Users/atanasivanov/ipo-intel/ipo-intel/.venv_airflow/lib/python3.11/site-packages/airflow/example_dags/example_branch_datetime_operator.py took 0.135 seconds
