[2026-03-18T16:20:39.882+0100] {processor.py:186} INFO - Started process (PID=45405) to work on /Users/atanasivanov/ipo-intel/ipo-intel/.venv_airflow/lib/python3.11/site-packages/airflow/example_dags/example_setup_teardown.py
[2026-03-18T16:20:39.884+0100] {processor.py:914} INFO - Processing file /Users/atanasivanov/ipo-intel/ipo-intel/.venv_airflow/lib/python3.11/site-packages/airflow/example_dags/example_setup_teardown.py for tasks to queue
[2026-03-18T16:20:39.885+0100] {logging_mixin.py:190} INFO - [2026-03-18T16:20:39.885+0100] {dagbag.py:588} INFO - Filling up the DagBag from /Users/atanasivanov/ipo-intel/ipo-intel/.venv_airflow/lib/python3.11/site-packages/airflow/example_dags/example_setup_teardown.py
[2026-03-18T16:20:39.893+0100] {processor.py:925} INFO - DAG(s) 'example_setup_teardown' retrieved from /Users/atanasivanov/ipo-intel/ipo-intel/.venv_airflow/lib/python3.11/site-packages/airflow/example_dags/example_setup_teardown.py
[2026-03-18T16:20:40.106+0100] {logging_mixin.py:190} INFO - [2026-03-18T16:20:40.106+0100] {override.py:1912} INFO - Created Permission View: can edit on DAG:example_setup_teardown
[2026-03-18T16:20:40.116+0100] {logging_mixin.py:190} INFO - [2026-03-18T16:20:40.115+0100] {override.py:1912} INFO - Created Permission View: can read on DAG:example_setup_teardown
[2026-03-18T16:20:40.121+0100] {logging_mixin.py:190} INFO - [2026-03-18T16:20:40.121+0100] {override.py:1912} INFO - Created Permission View: can delete on DAG:example_setup_teardown
[2026-03-18T16:20:40.129+0100] {logging_mixin.py:190} INFO - [2026-03-18T16:20:40.128+0100] {override.py:1912} INFO - Created Permission View: can create on DAG Run:example_setup_teardown
[2026-03-18T16:20:40.134+0100] {logging_mixin.py:190} INFO - [2026-03-18T16:20:40.134+0100] {override.py:1912} INFO - Created Permission View: can read on DAG Run:example_setup_teardown
[2026-03-18T16:20:40.139+0100] {logging_mixin.py:190} INFO - [2026-03-18T16:20:40.139+0100] {override.py:1912} INFO - Created Permission View: menu access on DAG Run:example_setup_teardown
[2026-03-18T16:20:40.144+0100] {logging_mixin.py:190} INFO - [2026-03-18T16:20:40.144+0100] {override.py:1912} INFO - Created Permission View: can delete on DAG Run:example_setup_teardown
[2026-03-18T16:20:40.144+0100] {logging_mixin.py:190} INFO - [2026-03-18T16:20:40.144+0100] {dag.py:3239} INFO - Sync 1 DAGs
[2026-03-18T16:20:40.154+0100] {logging_mixin.py:190} INFO - [2026-03-18T16:20:40.154+0100] {dag.py:3262} INFO - Creating ORM DAG for example_setup_teardown
[2026-03-18T16:20:40.154+0100] {logging_mixin.py:190} INFO - [2026-03-18T16:20:40.154+0100] {dag.py:4180} INFO - Setting next_dagrun for example_setup_teardown to None, run_after=None
[2026-03-18T16:20:40.167+0100] {processor.py:208} INFO - Processing /Users/atanasivanov/ipo-intel/ipo-intel/.venv_airflow/lib/python3.11/site-packages/airflow/example_dags/example_setup_teardown.py took 0.290 seconds
[2026-03-18T16:23:19.278+0100] {processor.py:186} INFO - Started process (PID=46012) to work on /Users/atanasivanov/ipo-intel/ipo-intel/.venv_airflow/lib/python3.11/site-packages/airflow/example_dags/example_setup_teardown.py
[2026-03-18T16:23:19.279+0100] {processor.py:914} INFO - Processing file /Users/atanasivanov/ipo-intel/ipo-intel/.venv_airflow/lib/python3.11/site-packages/airflow/example_dags/example_setup_teardown.py for tasks to queue
[2026-03-18T16:23:19.280+0100] {logging_mixin.py:190} INFO - [2026-03-18T16:23:19.280+0100] {dagbag.py:588} INFO - Filling up the DagBag from /Users/atanasivanov/ipo-intel/ipo-intel/.venv_airflow/lib/python3.11/site-packages/airflow/example_dags/example_setup_teardown.py
[2026-03-18T16:23:19.290+0100] {processor.py:925} INFO - DAG(s) 'example_setup_teardown' retrieved from /Users/atanasivanov/ipo-intel/ipo-intel/.venv_airflow/lib/python3.11/site-packages/airflow/example_dags/example_setup_teardown.py
[2026-03-18T16:23:19.385+0100] {logging_mixin.py:190} INFO - [2026-03-18T16:23:19.385+0100] {dag.py:3239} INFO - Sync 1 DAGs
[2026-03-18T16:23:19.394+0100] {logging_mixin.py:190} INFO - [2026-03-18T16:23:19.394+0100] {dag.py:4180} INFO - Setting next_dagrun for example_setup_teardown to None, run_after=None
[2026-03-18T16:23:19.409+0100] {processor.py:208} INFO - Processing /Users/atanasivanov/ipo-intel/ipo-intel/.venv_airflow/lib/python3.11/site-packages/airflow/example_dags/example_setup_teardown.py took 0.138 seconds
[2026-03-18T16:25:22.577+0100] {processor.py:186} INFO - Started process (PID=46473) to work on /Users/atanasivanov/ipo-intel/ipo-intel/.venv_airflow/lib/python3.11/site-packages/airflow/example_dags/example_setup_teardown.py
[2026-03-18T16:25:22.578+0100] {processor.py:914} INFO - Processing file /Users/atanasivanov/ipo-intel/ipo-intel/.venv_airflow/lib/python3.11/site-packages/airflow/example_dags/example_setup_teardown.py for tasks to queue
[2026-03-18T16:25:22.579+0100] {logging_mixin.py:190} INFO - [2026-03-18T16:25:22.579+0100] {dagbag.py:588} INFO - Filling up the DagBag from /Users/atanasivanov/ipo-intel/ipo-intel/.venv_airflow/lib/python3.11/site-packages/airflow/example_dags/example_setup_teardown.py
[2026-03-18T16:25:22.588+0100] {processor.py:925} INFO - DAG(s) 'example_setup_teardown' retrieved from /Users/atanasivanov/ipo-intel/ipo-intel/.venv_airflow/lib/python3.11/site-packages/airflow/example_dags/example_setup_teardown.py
[2026-03-18T16:25:22.670+0100] {logging_mixin.py:190} INFO - [2026-03-18T16:25:22.670+0100] {dag.py:3239} INFO - Sync 1 DAGs
[2026-03-18T16:25:22.678+0100] {logging_mixin.py:190} INFO - [2026-03-18T16:25:22.678+0100] {dag.py:4180} INFO - Setting next_dagrun for example_setup_teardown to None, run_after=None
[2026-03-18T16:25:22.691+0100] {processor.py:208} INFO - Processing /Users/atanasivanov/ipo-intel/ipo-intel/.venv_airflow/lib/python3.11/site-packages/airflow/example_dags/example_setup_teardown.py took 0.119 seconds
[2026-03-18T16:27:25.194+0100] {processor.py:186} INFO - Started process (PID=47433) to work on /Users/atanasivanov/ipo-intel/ipo-intel/.venv_airflow/lib/python3.11/site-packages/airflow/example_dags/example_setup_teardown.py
[2026-03-18T16:27:25.195+0100] {processor.py:914} INFO - Processing file /Users/atanasivanov/ipo-intel/ipo-intel/.venv_airflow/lib/python3.11/site-packages/airflow/example_dags/example_setup_teardown.py for tasks to queue
[2026-03-18T16:27:25.197+0100] {logging_mixin.py:190} INFO - [2026-03-18T16:27:25.196+0100] {dagbag.py:588} INFO - Filling up the DagBag from /Users/atanasivanov/ipo-intel/ipo-intel/.venv_airflow/lib/python3.11/site-packages/airflow/example_dags/example_setup_teardown.py
[2026-03-18T16:27:25.205+0100] {processor.py:925} INFO - DAG(s) 'example_setup_teardown' retrieved from /Users/atanasivanov/ipo-intel/ipo-intel/.venv_airflow/lib/python3.11/site-packages/airflow/example_dags/example_setup_teardown.py
[2026-03-18T16:27:25.291+0100] {logging_mixin.py:190} INFO - [2026-03-18T16:27:25.291+0100] {dag.py:3239} INFO - Sync 1 DAGs
[2026-03-18T16:27:25.300+0100] {logging_mixin.py:190} INFO - [2026-03-18T16:27:25.299+0100] {dag.py:4180} INFO - Setting next_dagrun for example_setup_teardown to None, run_after=None
[2026-03-18T16:27:25.313+0100] {processor.py:208} INFO - Processing /Users/atanasivanov/ipo-intel/ipo-intel/.venv_airflow/lib/python3.11/site-packages/airflow/example_dags/example_setup_teardown.py took 0.125 seconds
[2026-03-18T16:29:30.288+0100] {processor.py:186} INFO - Started process (PID=48068) to work on /Users/atanasivanov/ipo-intel/ipo-intel/.venv_airflow/lib/python3.11/site-packages/airflow/example_dags/example_setup_teardown.py
[2026-03-18T16:29:30.289+0100] {processor.py:914} INFO - Processing file /Users/atanasivanov/ipo-intel/ipo-intel/.venv_airflow/lib/python3.11/site-packages/airflow/example_dags/example_setup_teardown.py for tasks to queue
[2026-03-18T16:29:30.290+0100] {logging_mixin.py:190} INFO - [2026-03-18T16:29:30.290+0100] {dagbag.py:588} INFO - Filling up the DagBag from /Users/atanasivanov/ipo-intel/ipo-intel/.venv_airflow/lib/python3.11/site-packages/airflow/example_dags/example_setup_teardown.py
[2026-03-18T16:29:30.298+0100] {processor.py:925} INFO - DAG(s) 'example_setup_teardown' retrieved from /Users/atanasivanov/ipo-intel/ipo-intel/.venv_airflow/lib/python3.11/site-packages/airflow/example_dags/example_setup_teardown.py
[2026-03-18T16:29:30.377+0100] {logging_mixin.py:190} INFO - [2026-03-18T16:29:30.377+0100] {dag.py:3239} INFO - Sync 1 DAGs
[2026-03-18T16:29:30.385+0100] {logging_mixin.py:190} INFO - [2026-03-18T16:29:30.385+0100] {dag.py:4180} INFO - Setting next_dagrun for example_setup_teardown to None, run_after=None
[2026-03-18T16:29:30.398+0100] {processor.py:208} INFO - Processing /Users/atanasivanov/ipo-intel/ipo-intel/.venv_airflow/lib/python3.11/site-packages/airflow/example_dags/example_setup_teardown.py took 0.116 seconds
[2026-03-18T16:31:22.669+0100] {processor.py:186} INFO - Started process (PID=48476) to work on /Users/atanasivanov/ipo-intel/ipo-intel/.venv_airflow/lib/python3.11/site-packages/airflow/example_dags/example_setup_teardown.py
[2026-03-18T16:31:22.670+0100] {processor.py:914} INFO - Processing file /Users/atanasivanov/ipo-intel/ipo-intel/.venv_airflow/lib/python3.11/site-packages/airflow/example_dags/example_setup_teardown.py for tasks to queue
[2026-03-18T16:31:22.671+0100] {logging_mixin.py:190} INFO - [2026-03-18T16:31:22.670+0100] {dagbag.py:588} INFO - Filling up the DagBag from /Users/atanasivanov/ipo-intel/ipo-intel/.venv_airflow/lib/python3.11/site-packages/airflow/example_dags/example_setup_teardown.py
[2026-03-18T16:31:22.678+0100] {processor.py:925} INFO - DAG(s) 'example_setup_teardown' retrieved from /Users/atanasivanov/ipo-intel/ipo-intel/.venv_airflow/lib/python3.11/site-packages/airflow/example_dags/example_setup_teardown.py
[2026-03-18T16:31:22.758+0100] {logging_mixin.py:190} INFO - [2026-03-18T16:31:22.758+0100] {dag.py:3239} INFO - Sync 1 DAGs
[2026-03-18T16:31:22.766+0100] {logging_mixin.py:190} INFO - [2026-03-18T16:31:22.766+0100] {dag.py:4180} INFO - Setting next_dagrun for example_setup_teardown to None, run_after=None
[2026-03-18T16:31:22.780+0100] {processor.py:208} INFO - Processing /Users/atanasivanov/ipo-intel/ipo-intel/.venv_airflow/lib/python3.11/site-packages/airflow/example_dags/example_setup_teardown.py took 0.115 seconds
[2026-03-18T16:33:15.570+0100] {processor.py:186} INFO - Started process (PID=48888) to work on /Users/atanasivanov/ipo-intel/ipo-intel/.venv_airflow/lib/python3.11/site-packages/airflow/example_dags/example_setup_teardown.py
[2026-03-18T16:33:15.571+0100] {processor.py:914} INFO - Processing file /Users/atanasivanov/ipo-intel/ipo-intel/.venv_airflow/lib/python3.11/site-packages/airflow/example_dags/example_setup_teardown.py for tasks to queue
[2026-03-18T16:33:15.572+0100] {logging_mixin.py:190} INFO - [2026-03-18T16:33:15.572+0100] {dagbag.py:588} INFO - Filling up the DagBag from /Users/atanasivanov/ipo-intel/ipo-intel/.venv_airflow/lib/python3.11/site-packages/airflow/example_dags/example_setup_teardown.py
[2026-03-18T16:33:15.580+0100] {processor.py:925} INFO - DAG(s) 'example_setup_teardown' retrieved from /Users/atanasivanov/ipo-intel/ipo-intel/.venv_airflow/lib/python3.11/site-packages/airflow/example_dags/example_setup_teardown.py
[2026-03-18T16:33:15.659+0100] {logging_mixin.py:190} INFO - [2026-03-18T16:33:15.659+0100] {dag.py:3239} INFO - Sync 1 DAGs
[2026-03-18T16:33:15.667+0100] {logging_mixin.py:190} INFO - [2026-03-18T16:33:15.667+0100] {dag.py:4180} INFO - Setting next_dagrun for example_setup_teardown to None, run_after=None
[2026-03-18T16:33:15.681+0100] {processor.py:208} INFO - Processing /Users/atanasivanov/ipo-intel/ipo-intel/.venv_airflow/lib/python3.11/site-packages/airflow/example_dags/example_setup_teardown.py took 0.115 seconds
[2026-03-18T16:35:12.422+0100] {processor.py:186} INFO - Started process (PID=49314) to work on /Users/atanasivanov/ipo-intel/ipo-intel/.venv_airflow/lib/python3.11/site-packages/airflow/example_dags/example_setup_teardown.py
[2026-03-18T16:35:12.423+0100] {processor.py:914} INFO - Processing file /Users/atanasivanov/ipo-intel/ipo-intel/.venv_airflow/lib/python3.11/site-packages/airflow/example_dags/example_setup_teardown.py for tasks to queue
[2026-03-18T16:35:12.423+0100] {logging_mixin.py:190} INFO - [2026-03-18T16:35:12.423+0100] {dagbag.py:588} INFO - Filling up the DagBag from /Users/atanasivanov/ipo-intel/ipo-intel/.venv_airflow/lib/python3.11/site-packages/airflow/example_dags/example_setup_teardown.py
[2026-03-18T16:35:12.431+0100] {processor.py:925} INFO - DAG(s) 'example_setup_teardown' retrieved from /Users/atanasivanov/ipo-intel/ipo-intel/.venv_airflow/lib/python3.11/site-packages/airflow/example_dags/example_setup_teardown.py
[2026-03-18T16:35:12.511+0100] {logging_mixin.py:190} INFO - [2026-03-18T16:35:12.511+0100] {dag.py:3239} INFO - Sync 1 DAGs
[2026-03-18T16:35:12.519+0100] {logging_mixin.py:190} INFO - [2026-03-18T16:35:12.519+0100] {dag.py:4180} INFO - Setting next_dagrun for example_setup_teardown to None, run_after=None
[2026-03-18T16:35:12.532+0100] {processor.py:208} INFO - Processing /Users/atanasivanov/ipo-intel/ipo-intel/.venv_airflow/lib/python3.11/site-packages/airflow/example_dags/example_setup_teardown.py took 0.115 seconds
[2026-03-18T16:37:03.625+0100] {processor.py:186} INFO - Started process (PID=49725) to work on /Users/atanasivanov/ipo-intel/ipo-intel/.venv_airflow/lib/python3.11/site-packages/airflow/example_dags/example_setup_teardown.py
[2026-03-18T16:37:03.626+0100] {processor.py:914} INFO - Processing file /Users/atanasivanov/ipo-intel/ipo-intel/.venv_airflow/lib/python3.11/site-packages/airflow/example_dags/example_setup_teardown.py for tasks to queue
[2026-03-18T16:37:03.627+0100] {logging_mixin.py:190} INFO - [2026-03-18T16:37:03.627+0100] {dagbag.py:588} INFO - Filling up the DagBag from /Users/atanasivanov/ipo-intel/ipo-intel/.venv_airflow/lib/python3.11/site-packages/airflow/example_dags/example_setup_teardown.py
[2026-03-18T16:37:03.635+0100] {processor.py:925} INFO - DAG(s) 'example_setup_teardown' retrieved from /Users/atanasivanov/ipo-intel/ipo-intel/.venv_airflow/lib/python3.11/site-packages/airflow/example_dags/example_setup_teardown.py
[2026-03-18T16:37:03.714+0100] {logging_mixin.py:190} INFO - [2026-03-18T16:37:03.713+0100] {dag.py:3239} INFO - Sync 1 DAGs
[2026-03-18T16:37:03.721+0100] {logging_mixin.py:190} INFO - [2026-03-18T16:37:03.721+0100] {dag.py:4180} INFO - Setting next_dagrun for example_setup_teardown to None, run_after=None
[2026-03-18T16:37:03.735+0100] {processor.py:208} INFO - Processing /Users/atanasivanov/ipo-intel/ipo-intel/.venv_airflow/lib/python3.11/site-packages/airflow/example_dags/example_setup_teardown.py took 0.114 seconds
[2026-03-18T16:38:56.359+0100] {processor.py:186} INFO - Started process (PID=50129) to work on /Users/atanasivanov/ipo-intel/ipo-intel/.venv_airflow/lib/python3.11/site-packages/airflow/example_dags/example_setup_teardown.py
[2026-03-18T16:38:56.360+0100] {processor.py:914} INFO - Processing file /Users/atanasivanov/ipo-intel/ipo-intel/.venv_airflow/lib/python3.11/site-packages/airflow/example_dags/example_setup_teardown.py for tasks to queue
[2026-03-18T16:38:56.361+0100] {logging_mixin.py:190} INFO - [2026-03-18T16:38:56.360+0100] {dagbag.py:588} INFO - Filling up the DagBag from /Users/atanasivanov/ipo-intel/ipo-intel/.venv_airflow/lib/python3.11/site-packages/airflow/example_dags/example_setup_teardown.py
[2026-03-18T16:38:56.370+0100] {processor.py:925} INFO - DAG(s) 'example_setup_teardown' retrieved from /Users/atanasivanov/ipo-intel/ipo-intel/.venv_airflow/lib/python3.11/site-packages/airflow/example_dags/example_setup_teardown.py
[2026-03-18T16:38:56.466+0100] {logging_mixin.py:190} INFO - [2026-03-18T16:38:56.466+0100] {dag.py:3239} INFO - Sync 1 DAGs
[2026-03-18T16:38:56.476+0100] {logging_mixin.py:190} INFO - [2026-03-18T16:38:56.476+0100] {dag.py:4180} INFO - Setting next_dagrun for example_setup_teardown to None, run_after=None
[2026-03-18T16:38:56.491+0100] {processor.py:208} INFO - Processing /Users/atanasivanov/ipo-intel/ipo-intel/.venv_airflow/lib/python3.11/site-packages/airflow/example_dags/example_setup_teardown.py took 0.138 seconds
[2026-03-18T16:41:01.719+0100] {processor.py:186} INFO - Started process (PID=51583) to work on /Users/atanasivanov/ipo-intel/ipo-intel/.venv_airflow/lib/python3.11/site-packages/airflow/example_dags/example_setup_teardown.py
[2026-03-18T16:41:01.721+0100] {processor.py:914} INFO - Processing file /Users/atanasivanov/ipo-intel/ipo-intel/.venv_airflow/lib/python3.11/site-packages/airflow/example_dags/example_setup_teardown.py for tasks to queue
[2026-03-18T16:41:01.722+0100] {logging_mixin.py:190} INFO - [2026-03-18T16:41:01.721+0100] {dagbag.py:588} INFO - Filling up the DagBag from /Users/atanasivanov/ipo-intel/ipo-intel/.venv_airflow/lib/python3.11/site-packages/airflow/example_dags/example_setup_teardown.py
[2026-03-18T16:41:01.731+0100] {processor.py:925} INFO - DAG(s) 'example_setup_teardown' retrieved from /Users/atanasivanov/ipo-intel/ipo-intel/.venv_airflow/lib/python3.11/site-packages/airflow/example_dags/example_setup_teardown.py
[2026-03-18T16:41:01.849+0100] {logging_mixin.py:190} INFO - [2026-03-18T16:41:01.849+0100] {dag.py:3239} INFO - Sync 1 DAGs
[2026-03-18T16:41:01.862+0100] {logging_mixin.py:190} INFO - [2026-03-18T16:41:01.862+0100] {dag.py:4180} INFO - Setting next_dagrun for example_setup_teardown to None, run_after=None
[2026-03-18T16:41:01.883+0100] {processor.py:208} INFO - Processing /Users/atanasivanov/ipo-intel/ipo-intel/.venv_airflow/lib/python3.11/site-packages/airflow/example_dags/example_setup_teardown.py took 0.168 seconds
[2026-03-18T16:43:05.282+0100] {processor.py:186} INFO - Started process (PID=52153) to work on /Users/atanasivanov/ipo-intel/ipo-intel/.venv_airflow/lib/python3.11/site-packages/airflow/example_dags/example_setup_teardown.py
[2026-03-18T16:43:05.283+0100] {processor.py:914} INFO - Processing file /Users/atanasivanov/ipo-intel/ipo-intel/.venv_airflow/lib/python3.11/site-packages/airflow/example_dags/example_setup_teardown.py for tasks to queue
[2026-03-18T16:43:05.284+0100] {logging_mixin.py:190} INFO - [2026-03-18T16:43:05.283+0100] {dagbag.py:588} INFO - Filling up the DagBag from /Users/atanasivanov/ipo-intel/ipo-intel/.venv_airflow/lib/python3.11/site-packages/airflow/example_dags/example_setup_teardown.py
[2026-03-18T16:43:05.292+0100] {processor.py:925} INFO - DAG(s) 'example_setup_teardown' retrieved from /Users/atanasivanov/ipo-intel/ipo-intel/.venv_airflow/lib/python3.11/site-packages/airflow/example_dags/example_setup_teardown.py
[2026-03-18T16:43:05.407+0100] {logging_mixin.py:190} INFO - [2026-03-18T16:43:05.407+0100] {dag.py:3239} INFO - Sync 1 DAGs
[2026-03-18T16:43:05.419+0100] {logging_mixin.py:190} INFO - [2026-03-18T16:43:05.419+0100] {dag.py:4180} INFO - Setting next_dagrun for example_setup_teardown to None, run_after=None
[2026-03-18T16:43:05.439+0100] {processor.py:208} INFO - Processing /Users/atanasivanov/ipo-intel/ipo-intel/.venv_airflow/lib/python3.11/site-packages/airflow/example_dags/example_setup_teardown.py took 0.163 seconds
[2026-03-18T16:48:42.058+0100] {processor.py:186} INFO - Started process (PID=53361) to work on /Users/atanasivanov/ipo-intel/ipo-intel/.venv_airflow/lib/python3.11/site-packages/airflow/example_dags/example_setup_teardown.py
[2026-03-18T16:48:42.059+0100] {processor.py:914} INFO - Processing file /Users/atanasivanov/ipo-intel/ipo-intel/.venv_airflow/lib/python3.11/site-packages/airflow/example_dags/example_setup_teardown.py for tasks to queue
[2026-03-18T16:48:42.060+0100] {logging_mixin.py:190} INFO - [2026-03-18T16:48:42.060+0100] {dagbag.py:588} INFO - Filling up the DagBag from /Users/atanasivanov/ipo-intel/ipo-intel/.venv_airflow/lib/python3.11/site-packages/airflow/example_dags/example_setup_teardown.py
[2026-03-18T16:48:42.068+0100] {processor.py:925} INFO - DAG(s) 'example_setup_teardown' retrieved from /Users/atanasivanov/ipo-intel/ipo-intel/.venv_airflow/lib/python3.11/site-packages/airflow/example_dags/example_setup_teardown.py
[2026-03-18T16:48:42.151+0100] {logging_mixin.py:190} INFO - [2026-03-18T16:48:42.151+0100] {dag.py:3239} INFO - Sync 1 DAGs
[2026-03-18T16:48:42.161+0100] {logging_mixin.py:190} INFO - [2026-03-18T16:48:42.161+0100] {dag.py:4180} INFO - Setting next_dagrun for example_setup_teardown to None, run_after=None
[2026-03-18T16:48:42.177+0100] {processor.py:208} INFO - Processing /Users/atanasivanov/ipo-intel/ipo-intel/.venv_airflow/lib/python3.11/site-packages/airflow/example_dags/example_setup_teardown.py took 0.124 seconds
[2026-03-18T16:51:10.369+0100] {processor.py:186} INFO - Started process (PID=53903) to work on /Users/atanasivanov/ipo-intel/ipo-intel/.venv_airflow/lib/python3.11/site-packages/airflow/example_dags/example_setup_teardown.py
[2026-03-18T16:51:10.370+0100] {processor.py:914} INFO - Processing file /Users/atanasivanov/ipo-intel/ipo-intel/.venv_airflow/lib/python3.11/site-packages/airflow/example_dags/example_setup_teardown.py for tasks to queue
[2026-03-18T16:51:10.371+0100] {logging_mixin.py:190} INFO - [2026-03-18T16:51:10.371+0100] {dagbag.py:588} INFO - Filling up the DagBag from /Users/atanasivanov/ipo-intel/ipo-intel/.venv_airflow/lib/python3.11/site-packages/airflow/example_dags/example_setup_teardown.py
[2026-03-18T16:51:10.379+0100] {processor.py:925} INFO - DAG(s) 'example_setup_teardown' retrieved from /Users/atanasivanov/ipo-intel/ipo-intel/.venv_airflow/lib/python3.11/site-packages/airflow/example_dags/example_setup_teardown.py
[2026-03-18T16:51:10.465+0100] {logging_mixin.py:190} INFO - [2026-03-18T16:51:10.465+0100] {dag.py:3239} INFO - Sync 1 DAGs
[2026-03-18T16:51:10.474+0100] {logging_mixin.py:190} INFO - [2026-03-18T16:51:10.474+0100] {dag.py:4180} INFO - Setting next_dagrun for example_setup_teardown to None, run_after=None
[2026-03-18T16:51:10.489+0100] {processor.py:208} INFO - Processing /Users/atanasivanov/ipo-intel/ipo-intel/.venv_airflow/lib/python3.11/site-packages/airflow/example_dags/example_setup_teardown.py took 0.125 seconds
[2026-03-18T16:53:13.138+0100] {processor.py:186} INFO - Started process (PID=54341) to work on /Users/atanasivanov/ipo-intel/ipo-intel/.venv_airflow/lib/python3.11/site-packages/airflow/example_dags/example_setup_teardown.py
[2026-03-18T16:53:13.139+0100] {processor.py:914} INFO - Processing file /Users/atanasivanov/ipo-intel/ipo-intel/.venv_airflow/lib/python3.11/site-packages/airflow/example_dags/example_setup_teardown.py for tasks to queue
[2026-03-18T16:53:13.140+0100] {logging_mixin.py:190} INFO - [2026-03-18T16:53:13.140+0100] {dagbag.py:588} INFO - Filling up the DagBag from /Users/atanasivanov/ipo-intel/ipo-intel/.venv_airflow/lib/python3.11/site-packages/airflow/example_dags/example_setup_teardown.py
[2026-03-18T16:53:13.148+0100] {processor.py:925} INFO - DAG(s) 'example_setup_teardown' retrieved from /Users/atanasivanov/ipo-intel/ipo-intel/.venv_airflow/lib/python3.11/site-packages/airflow/example_dags/example_setup_teardown.py
[2026-03-18T16:53:13.227+0100] {logging_mixin.py:190} INFO - [2026-03-18T16:53:13.227+0100] {dag.py:3239} INFO - Sync 1 DAGs
[2026-03-18T16:53:13.235+0100] {logging_mixin.py:190} INFO - [2026-03-18T16:53:13.235+0100] {dag.py:4180} INFO - Setting next_dagrun for example_setup_teardown to None, run_after=None
[2026-03-18T16:53:13.248+0100] {processor.py:208} INFO - Processing /Users/atanasivanov/ipo-intel/ipo-intel/.venv_airflow/lib/python3.11/site-packages/airflow/example_dags/example_setup_teardown.py took 0.114 seconds
[2026-03-18T16:55:20.685+0100] {processor.py:186} INFO - Started process (PID=55116) to work on /Users/atanasivanov/ipo-intel/ipo-intel/.venv_airflow/lib/python3.11/site-packages/airflow/example_dags/example_setup_teardown.py
[2026-03-18T16:55:20.686+0100] {processor.py:914} INFO - Processing file /Users/atanasivanov/ipo-intel/ipo-intel/.venv_airflow/lib/python3.11/site-packages/airflow/example_dags/example_setup_teardown.py for tasks to queue
[2026-03-18T16:55:20.687+0100] {logging_mixin.py:190} INFO - [2026-03-18T16:55:20.687+0100] {dagbag.py:588} INFO - Filling up the DagBag from /Users/atanasivanov/ipo-intel/ipo-intel/.venv_airflow/lib/python3.11/site-packages/airflow/example_dags/example_setup_teardown.py
[2026-03-18T16:55:20.695+0100] {processor.py:925} INFO - DAG(s) 'example_setup_teardown' retrieved from /Users/atanasivanov/ipo-intel/ipo-intel/.venv_airflow/lib/python3.11/site-packages/airflow/example_dags/example_setup_teardown.py
[2026-03-18T16:55:20.774+0100] {logging_mixin.py:190} INFO - [2026-03-18T16:55:20.774+0100] {dag.py:3239} INFO - Sync 1 DAGs
[2026-03-18T16:55:20.782+0100] {logging_mixin.py:190} INFO - [2026-03-18T16:55:20.782+0100] {dag.py:4180} INFO - Setting next_dagrun for example_setup_teardown to None, run_after=None
[2026-03-18T16:55:20.795+0100] {processor.py:208} INFO - Processing /Users/atanasivanov/ipo-intel/ipo-intel/.venv_airflow/lib/python3.11/site-packages/airflow/example_dags/example_setup_teardown.py took 0.117 seconds
[2026-03-18T16:57:23.056+0100] {processor.py:186} INFO - Started process (PID=55582) to work on /Users/atanasivanov/ipo-intel/ipo-intel/.venv_airflow/lib/python3.11/site-packages/airflow/example_dags/example_setup_teardown.py
[2026-03-18T16:57:23.057+0100] {processor.py:914} INFO - Processing file /Users/atanasivanov/ipo-intel/ipo-intel/.venv_airflow/lib/python3.11/site-packages/airflow/example_dags/example_setup_teardown.py for tasks to queue
[2026-03-18T16:57:23.058+0100] {logging_mixin.py:190} INFO - [2026-03-18T16:57:23.057+0100] {dagbag.py:588} INFO - Filling up the DagBag from /Users/atanasivanov/ipo-intel/ipo-intel/.venv_airflow/lib/python3.11/site-packages/airflow/example_dags/example_setup_teardown.py
[2026-03-18T16:57:23.066+0100] {processor.py:925} INFO - DAG(s) 'example_setup_teardown' retrieved from /Users/atanasivanov/ipo-intel/ipo-intel/.venv_airflow/lib/python3.11/site-packages/airflow/example_dags/example_setup_teardown.py
[2026-03-18T16:57:23.155+0100] {logging_mixin.py:190} INFO - [2026-03-18T16:57:23.155+0100] {dag.py:3239} INFO - Sync 1 DAGs
[2026-03-18T16:57:23.165+0100] {logging_mixin.py:190} INFO - [2026-03-18T16:57:23.165+0100] {dag.py:4180} INFO - Setting next_dagrun for example_setup_teardown to None, run_after=None
[2026-03-18T16:57:23.178+0100] {processor.py:208} INFO - Processing /Users/atanasivanov/ipo-intel/ipo-intel/.venv_airflow/lib/python3.11/site-packages/airflow/example_dags/example_setup_teardown.py took 0.128 seconds
[2026-03-18T16:59:29.060+0100] {processor.py:186} INFO - Started process (PID=56033) to work on /Users/atanasivanov/ipo-intel/ipo-intel/.venv_airflow/lib/python3.11/site-packages/airflow/example_dags/example_setup_teardown.py
[2026-03-18T16:59:29.061+0100] {processor.py:914} INFO - Processing file /Users/atanasivanov/ipo-intel/ipo-intel/.venv_airflow/lib/python3.11/site-packages/airflow/example_dags/example_setup_teardown.py for tasks to queue
[2026-03-18T16:59:29.062+0100] {logging_mixin.py:190} INFO - [2026-03-18T16:59:29.062+0100] {dagbag.py:588} INFO - Filling up the DagBag from /Users/atanasivanov/ipo-intel/ipo-intel/.venv_airflow/lib/python3.11/site-packages/airflow/example_dags/example_setup_teardown.py
[2026-03-18T16:59:29.070+0100] {processor.py:925} INFO - DAG(s) 'example_setup_teardown' retrieved from /Users/atanasivanov/ipo-intel/ipo-intel/.venv_airflow/lib/python3.11/site-packages/airflow/example_dags/example_setup_teardown.py
[2026-03-18T16:59:29.177+0100] {logging_mixin.py:190} INFO - [2026-03-18T16:59:29.177+0100] {dag.py:3239} INFO - Sync 1 DAGs
[2026-03-18T16:59:29.188+0100] {logging_mixin.py:190} INFO - [2026-03-18T16:59:29.188+0100] {dag.py:4180} INFO - Setting next_dagrun for example_setup_teardown to None, run_after=None
[2026-03-18T16:59:29.205+0100] {processor.py:208} INFO - Processing /Users/atanasivanov/ipo-intel/ipo-intel/.venv_airflow/lib/python3.11/site-packages/airflow/example_dags/example_setup_teardown.py took 0.151 seconds
[2026-03-18T17:01:27.999+0100] {processor.py:186} INFO - Started process (PID=56467) to work on /Users/atanasivanov/ipo-intel/ipo-intel/.venv_airflow/lib/python3.11/site-packages/airflow/example_dags/example_setup_teardown.py
[2026-03-18T17:01:28.000+0100] {processor.py:914} INFO - Processing file /Users/atanasivanov/ipo-intel/ipo-intel/.venv_airflow/lib/python3.11/site-packages/airflow/example_dags/example_setup_teardown.py for tasks to queue
[2026-03-18T17:01:28.001+0100] {logging_mixin.py:190} INFO - [2026-03-18T17:01:28.001+0100] {dagbag.py:588} INFO - Filling up the DagBag from /Users/atanasivanov/ipo-intel/ipo-intel/.venv_airflow/lib/python3.11/site-packages/airflow/example_dags/example_setup_teardown.py
[2026-03-18T17:01:28.008+0100] {processor.py:925} INFO - DAG(s) 'example_setup_teardown' retrieved from /Users/atanasivanov/ipo-intel/ipo-intel/.venv_airflow/lib/python3.11/site-packages/airflow/example_dags/example_setup_teardown.py
[2026-03-18T17:01:28.085+0100] {logging_mixin.py:190} INFO - [2026-03-18T17:01:28.085+0100] {dag.py:3239} INFO - Sync 1 DAGs
[2026-03-18T17:01:28.093+0100] {logging_mixin.py:190} INFO - [2026-03-18T17:01:28.093+0100] {dag.py:4180} INFO - Setting next_dagrun for example_setup_teardown to None, run_after=None
[2026-03-18T17:01:28.106+0100] {processor.py:208} INFO - Processing /Users/atanasivanov/ipo-intel/ipo-intel/.venv_airflow/lib/python3.11/site-packages/airflow/example_dags/example_setup_teardown.py took 0.112 seconds
[2026-03-18T17:03:24.810+0100] {processor.py:186} INFO - Started process (PID=56894) to work on /Users/atanasivanov/ipo-intel/ipo-intel/.venv_airflow/lib/python3.11/site-packages/airflow/example_dags/example_setup_teardown.py
[2026-03-18T17:03:24.810+0100] {processor.py:914} INFO - Processing file /Users/atanasivanov/ipo-intel/ipo-intel/.venv_airflow/lib/python3.11/site-packages/airflow/example_dags/example_setup_teardown.py for tasks to queue
[2026-03-18T17:03:24.811+0100] {logging_mixin.py:190} INFO - [2026-03-18T17:03:24.811+0100] {dagbag.py:588} INFO - Filling up the DagBag from /Users/atanasivanov/ipo-intel/ipo-intel/.venv_airflow/lib/python3.11/site-packages/airflow/example_dags/example_setup_teardown.py
[2026-03-18T17:03:24.818+0100] {processor.py:925} INFO - DAG(s) 'example_setup_teardown' retrieved from /Users/atanasivanov/ipo-intel/ipo-intel/.venv_airflow/lib/python3.11/site-packages/airflow/example_dags/example_setup_teardown.py
[2026-03-18T17:03:24.897+0100] {logging_mixin.py:190} INFO - [2026-03-18T17:03:24.897+0100] {dag.py:3239} INFO - Sync 1 DAGs
[2026-03-18T17:03:24.905+0100] {logging_mixin.py:190} INFO - [2026-03-18T17:03:24.905+0100] {dag.py:4180} INFO - Setting next_dagrun for example_setup_teardown to None, run_after=None
[2026-03-18T17:03:24.918+0100] {processor.py:208} INFO - Processing /Users/atanasivanov/ipo-intel/ipo-intel/.venv_airflow/lib/python3.11/site-packages/airflow/example_dags/example_setup_teardown.py took 0.114 seconds
[2026-03-18T17:05:20.508+0100] {processor.py:186} INFO - Started process (PID=57318) to work on /Users/atanasivanov/ipo-intel/ipo-intel/.venv_airflow/lib/python3.11/site-packages/airflow/example_dags/example_setup_teardown.py
[2026-03-18T17:05:20.509+0100] {processor.py:914} INFO - Processing file /Users/atanasivanov/ipo-intel/ipo-intel/.venv_airflow/lib/python3.11/site-packages/airflow/example_dags/example_setup_teardown.py for tasks to queue
[2026-03-18T17:05:20.510+0100] {logging_mixin.py:190} INFO - [2026-03-18T17:05:20.510+0100] {dagbag.py:588} INFO - Filling up the DagBag from /Users/atanasivanov/ipo-intel/ipo-intel/.venv_airflow/lib/python3.11/site-packages/airflow/example_dags/example_setup_teardown.py
[2026-03-18T17:05:20.518+0100] {processor.py:925} INFO - DAG(s) 'example_setup_teardown' retrieved from /Users/atanasivanov/ipo-intel/ipo-intel/.venv_airflow/lib/python3.11/site-packages/airflow/example_dags/example_setup_teardown.py
[2026-03-18T17:05:20.598+0100] {logging_mixin.py:190} INFO - [2026-03-18T17:05:20.598+0100] {dag.py:3239} INFO - Sync 1 DAGs
[2026-03-18T17:05:20.606+0100] {logging_mixin.py:190} INFO - [2026-03-18T17:05:20.606+0100] {dag.py:4180} INFO - Setting next_dagrun for example_setup_teardown to None, run_after=None
[2026-03-18T17:05:20.619+0100] {processor.py:208} INFO - Processing /Users/atanasivanov/ipo-intel/ipo-intel/.venv_airflow/lib/python3.11/site-packages/airflow/example_dags/example_setup_teardown.py took 0.117 seconds
[2026-03-18T17:07:16.285+0100] {processor.py:186} INFO - Started process (PID=57746) to work on /Users/atanasivanov/ipo-intel/ipo-intel/.venv_airflow/lib/python3.11/site-packages/airflow/example_dags/example_setup_teardown.py
[2026-03-18T17:07:16.285+0100] {processor.py:914} INFO - Processing file /Users/atanasivanov/ipo-intel/ipo-intel/.venv_airflow/lib/python3.11/site-packages/airflow/example_dags/example_setup_teardown.py for tasks to queue
[2026-03-18T17:07:16.286+0100] {logging_mixin.py:190} INFO - [2026-03-18T17:07:16.286+0100] {dagbag.py:588} INFO - Filling up the DagBag from /Users/atanasivanov/ipo-intel/ipo-intel/.venv_airflow/lib/python3.11/site-packages/airflow/example_dags/example_setup_teardown.py
[2026-03-18T17:07:16.294+0100] {processor.py:925} INFO - DAG(s) 'example_setup_teardown' retrieved from /Users/atanasivanov/ipo-intel/ipo-intel/.venv_airflow/lib/python3.11/site-packages/airflow/example_dags/example_setup_teardown.py
[2026-03-18T17:07:16.374+0100] {logging_mixin.py:190} INFO - [2026-03-18T17:07:16.374+0100] {dag.py:3239} INFO - Sync 1 DAGs
[2026-03-18T17:07:16.382+0100] {logging_mixin.py:190} INFO - [2026-03-18T17:07:16.381+0100] {dag.py:4180} INFO - Setting next_dagrun for example_setup_teardown to None, run_after=None
[2026-03-18T17:07:16.394+0100] {processor.py:208} INFO - Processing /Users/atanasivanov/ipo-intel/ipo-intel/.venv_airflow/lib/python3.11/site-packages/airflow/example_dags/example_setup_teardown.py took 0.115 seconds
[2026-03-18T17:09:13.343+0100] {processor.py:186} INFO - Started process (PID=58183) to work on /Users/atanasivanov/ipo-intel/ipo-intel/.venv_airflow/lib/python3.11/site-packages/airflow/example_dags/example_setup_teardown.py
[2026-03-18T17:09:13.344+0100] {processor.py:914} INFO - Processing file /Users/atanasivanov/ipo-intel/ipo-intel/.venv_airflow/lib/python3.11/site-packages/airflow/example_dags/example_setup_teardown.py for tasks to queue
[2026-03-18T17:09:13.345+0100] {logging_mixin.py:190} INFO - [2026-03-18T17:09:13.345+0100] {dagbag.py:588} INFO - Filling up the DagBag from /Users/atanasivanov/ipo-intel/ipo-intel/.venv_airflow/lib/python3.11/site-packages/airflow/example_dags/example_setup_teardown.py
[2026-03-18T17:09:13.354+0100] {processor.py:925} INFO - DAG(s) 'example_setup_teardown' retrieved from /Users/atanasivanov/ipo-intel/ipo-intel/.venv_airflow/lib/python3.11/site-packages/airflow/example_dags/example_setup_teardown.py
[2026-03-18T17:09:13.434+0100] {logging_mixin.py:190} INFO - [2026-03-18T17:09:13.434+0100] {dag.py:3239} INFO - Sync 1 DAGs
[2026-03-18T17:09:13.442+0100] {logging_mixin.py:190} INFO - [2026-03-18T17:09:13.442+0100] {dag.py:4180} INFO - Setting next_dagrun for example_setup_teardown to None, run_after=None
[2026-03-18T17:09:13.455+0100] {processor.py:208} INFO - Processing /Users/atanasivanov/ipo-intel/ipo-intel/.venv_airflow/lib/python3.11/site-packages/airflow/example_dags/example_setup_teardown.py took 0.117 seconds
[2026-03-18T17:11:12.727+0100] {processor.py:186} INFO - Started process (PID=58680) to work on /Users/atanasivanov/ipo-intel/ipo-intel/.venv_airflow/lib/python3.11/site-packages/airflow/example_dags/example_setup_teardown.py
[2026-03-18T17:11:12.728+0100] {processor.py:914} INFO - Processing file /Users/atanasivanov/ipo-intel/ipo-intel/.venv_airflow/lib/python3.11/site-packages/airflow/example_dags/example_setup_teardown.py for tasks to queue
[2026-03-18T17:11:12.729+0100] {logging_mixin.py:190} INFO - [2026-03-18T17:11:12.729+0100] {dagbag.py:588} INFO - Filling up the DagBag from /Users/atanasivanov/ipo-intel/ipo-intel/.venv_airflow/lib/python3.11/site-packages/airflow/example_dags/example_setup_teardown.py
[2026-03-18T17:11:12.737+0100] {processor.py:925} INFO - DAG(s) 'example_setup_teardown' retrieved from /Users/atanasivanov/ipo-intel/ipo-intel/.venv_airflow/lib/python3.11/site-packages/airflow/example_dags/example_setup_teardown.py
[2026-03-18T17:11:12.818+0100] {logging_mixin.py:190} INFO - [2026-03-18T17:11:12.818+0100] {dag.py:3239} INFO - Sync 1 DAGs
[2026-03-18T17:11:12.826+0100] {logging_mixin.py:190} INFO - [2026-03-18T17:11:12.826+0100] {dag.py:4180} INFO - Setting next_dagrun for example_setup_teardown to None, run_after=None
[2026-03-18T17:11:12.839+0100] {processor.py:208} INFO - Processing /Users/atanasivanov/ipo-intel/ipo-intel/.venv_airflow/lib/python3.11/site-packages/airflow/example_dags/example_setup_teardown.py took 0.117 seconds
[2026-03-18T17:13:17.659+0100] {processor.py:186} INFO - Started process (PID=59425) to work on /Users/atanasivanov/ipo-intel/ipo-intel/.venv_airflow/lib/python3.11/site-packages/airflow/example_dags/example_setup_teardown.py
[2026-03-18T17:13:17.660+0100] {processor.py:914} INFO - Processing file /Users/atanasivanov/ipo-intel/ipo-intel/.venv_airflow/lib/python3.11/site-packages/airflow/example_dags/example_setup_teardown.py for tasks to queue
[2026-03-18T17:13:17.661+0100] {logging_mixin.py:190} INFO - [2026-03-18T17:13:17.661+0100] {dagbag.py:588} INFO - Filling up the DagBag from /Users/atanasivanov/ipo-intel/ipo-intel/.venv_airflow/lib/python3.11/site-packages/airflow/example_dags/example_setup_teardown.py
[2026-03-18T17:13:17.670+0100] {processor.py:925} INFO - DAG(s) 'example_setup_teardown' retrieved from /Users/atanasivanov/ipo-intel/ipo-intel/.venv_airflow/lib/python3.11/site-packages/airflow/example_dags/example_setup_teardown.py
[2026-03-18T17:13:17.755+0100] {logging_mixin.py:190} INFO - [2026-03-18T17:13:17.755+0100] {dag.py:3239} INFO - Sync 1 DAGs
[2026-03-18T17:13:17.764+0100] {logging_mixin.py:190} INFO - [2026-03-18T17:13:17.763+0100] {dag.py:4180} INFO - Setting next_dagrun for example_setup_teardown to None, run_after=None
[2026-03-18T17:13:17.779+0100] {processor.py:208} INFO - Processing /Users/atanasivanov/ipo-intel/ipo-intel/.venv_airflow/lib/python3.11/site-packages/airflow/example_dags/example_setup_teardown.py took 0.126 seconds
[2026-03-18T17:15:21.273+0100] {processor.py:186} INFO - Started process (PID=60605) to work on /Users/atanasivanov/ipo-intel/ipo-intel/.venv_airflow/lib/python3.11/site-packages/airflow/example_dags/example_setup_teardown.py
[2026-03-18T17:15:21.274+0100] {processor.py:914} INFO - Processing file /Users/atanasivanov/ipo-intel/ipo-intel/.venv_airflow/lib/python3.11/site-packages/airflow/example_dags/example_setup_teardown.py for tasks to queue
[2026-03-18T17:15:21.275+0100] {logging_mixin.py:190} INFO - [2026-03-18T17:15:21.275+0100] {dagbag.py:588} INFO - Filling up the DagBag from /Users/atanasivanov/ipo-intel/ipo-intel/.venv_airflow/lib/python3.11/site-packages/airflow/example_dags/example_setup_teardown.py
[2026-03-18T17:15:21.283+0100] {processor.py:925} INFO - DAG(s) 'example_setup_teardown' retrieved from /Users/atanasivanov/ipo-intel/ipo-intel/.venv_airflow/lib/python3.11/site-packages/airflow/example_dags/example_setup_teardown.py
[2026-03-18T17:15:21.371+0100] {logging_mixin.py:190} INFO - [2026-03-18T17:15:21.370+0100] {dag.py:3239} INFO - Sync 1 DAGs
[2026-03-18T17:15:21.379+0100] {logging_mixin.py:190} INFO - [2026-03-18T17:15:21.379+0100] {dag.py:4180} INFO - Setting next_dagrun for example_setup_teardown to None, run_after=None
[2026-03-18T17:15:21.392+0100] {processor.py:208} INFO - Processing /Users/atanasivanov/ipo-intel/ipo-intel/.venv_airflow/lib/python3.11/site-packages/airflow/example_dags/example_setup_teardown.py took 0.125 seconds
