[2026-03-18T16:21:59.390+0100] {processor.py:186} INFO - Started process (PID=45720) to work on /Users/atanasivanov/ipo-intel/ipo-intel/.venv_airflow/lib/python3.11/site-packages/airflow/example_dags/example_branch_day_of_week_operator.py
[2026-03-18T16:21:59.392+0100] {processor.py:914} INFO - Processing file /Users/atanasivanov/ipo-intel/ipo-intel/.venv_airflow/lib/python3.11/site-packages/airflow/example_dags/example_branch_day_of_week_operator.py for tasks to queue
[2026-03-18T16:21:59.393+0100] {logging_mixin.py:190} INFO - [2026-03-18T16:21:59.393+0100] {dagbag.py:588} INFO - Filling up the DagBag from /Users/atanasivanov/ipo-intel/ipo-intel/.venv_airflow/lib/python3.11/site-packages/airflow/example_dags/example_branch_day_of_week_operator.py
[2026-03-18T16:21:59.403+0100] {processor.py:925} INFO - DAG(s) 'example_weekday_branch_operator' retrieved from /Users/atanasivanov/ipo-intel/ipo-intel/.venv_airflow/lib/python3.11/site-packages/airflow/example_dags/example_branch_day_of_week_operator.py
[2026-03-18T16:21:59.604+0100] {logging_mixin.py:190} INFO - [2026-03-18T16:21:59.604+0100] {override.py:1912} INFO - Created Permission View: can delete on DAG:example_weekday_branch_operator
[2026-03-18T16:21:59.613+0100] {logging_mixin.py:190} INFO - [2026-03-18T16:21:59.612+0100] {override.py:1912} INFO - Created Permission View: can read on DAG:example_weekday_branch_operator
[2026-03-18T16:21:59.618+0100] {logging_mixin.py:190} INFO - [2026-03-18T16:21:59.618+0100] {override.py:1912} INFO - Created Permission View: can edit on DAG:example_weekday_branch_operator
[2026-03-18T16:21:59.625+0100] {logging_mixin.py:190} INFO - [2026-03-18T16:21:59.625+0100] {override.py:1912} INFO - Created Permission View: menu access on DAG Run:example_weekday_branch_operator
[2026-03-18T16:21:59.631+0100] {logging_mixin.py:190} INFO - [2026-03-18T16:21:59.631+0100] {override.py:1912} INFO - Created Permission View: can delete on DAG Run:example_weekday_branch_operator
[2026-03-18T16:21:59.638+0100] {logging_mixin.py:190} INFO - [2026-03-18T16:21:59.638+0100] {override.py:1912} INFO - Created Permission View: can read on DAG Run:example_weekday_branch_operator
[2026-03-18T16:21:59.644+0100] {logging_mixin.py:190} INFO - [2026-03-18T16:21:59.644+0100] {override.py:1912} INFO - Created Permission View: can create on DAG Run:example_weekday_branch_operator
[2026-03-18T16:21:59.644+0100] {logging_mixin.py:190} INFO - [2026-03-18T16:21:59.644+0100] {dag.py:3239} INFO - Sync 1 DAGs
[2026-03-18T16:21:59.654+0100] {logging_mixin.py:190} INFO - [2026-03-18T16:21:59.654+0100] {dag.py:3262} INFO - Creating ORM DAG for example_weekday_branch_operator
[2026-03-18T16:21:59.661+0100] {logging_mixin.py:190} INFO - [2026-03-18T16:21:59.661+0100] {dag.py:4180} INFO - Setting next_dagrun for example_weekday_branch_operator to 2026-03-17 00:00:00+00:00, run_after=2026-03-18 00:00:00+00:00
[2026-03-18T16:21:59.672+0100] {processor.py:208} INFO - Processing /Users/atanasivanov/ipo-intel/ipo-intel/.venv_airflow/lib/python3.11/site-packages/airflow/example_dags/example_branch_day_of_week_operator.py took 0.287 seconds
[2026-03-18T16:26:05.950+0100] {processor.py:186} INFO - Started process (PID=46637) to work on /Users/atanasivanov/ipo-intel/ipo-intel/.venv_airflow/lib/python3.11/site-packages/airflow/example_dags/example_branch_day_of_week_operator.py
[2026-03-18T16:26:05.951+0100] {processor.py:914} INFO - Processing file /Users/atanasivanov/ipo-intel/ipo-intel/.venv_airflow/lib/python3.11/site-packages/airflow/example_dags/example_branch_day_of_week_operator.py for tasks to queue
[2026-03-18T16:26:05.952+0100] {logging_mixin.py:190} INFO - [2026-03-18T16:26:05.952+0100] {dagbag.py:588} INFO - Filling up the DagBag from /Users/atanasivanov/ipo-intel/ipo-intel/.venv_airflow/lib/python3.11/site-packages/airflow/example_dags/example_branch_day_of_week_operator.py
[2026-03-18T16:26:05.961+0100] {processor.py:925} INFO - DAG(s) 'example_weekday_branch_operator' retrieved from /Users/atanasivanov/ipo-intel/ipo-intel/.venv_airflow/lib/python3.11/site-packages/airflow/example_dags/example_branch_day_of_week_operator.py
[2026-03-18T16:26:06.043+0100] {logging_mixin.py:190} INFO - [2026-03-18T16:26:06.043+0100] {dag.py:3239} INFO - Sync 1 DAGs
[2026-03-18T16:26:06.057+0100] {logging_mixin.py:190} INFO - [2026-03-18T16:26:06.057+0100] {dag.py:4180} INFO - Setting next_dagrun for example_weekday_branch_operator to 2026-03-17 00:00:00+00:00, run_after=2026-03-18 00:00:00+00:00
[2026-03-18T16:26:06.071+0100] {processor.py:208} INFO - Processing /Users/atanasivanov/ipo-intel/ipo-intel/.venv_airflow/lib/python3.11/site-packages/airflow/example_dags/example_branch_day_of_week_operator.py took 0.126 seconds
[2026-03-18T16:30:12.194+0100] {processor.py:186} INFO - Started process (PID=48216) to work on /Users/atanasivanov/ipo-intel/ipo-intel/.venv_airflow/lib/python3.11/site-packages/airflow/example_dags/example_branch_day_of_week_operator.py
[2026-03-18T16:30:12.196+0100] {processor.py:914} INFO - Processing file /Users/atanasivanov/ipo-intel/ipo-intel/.venv_airflow/lib/python3.11/site-packages/airflow/example_dags/example_branch_day_of_week_operator.py for tasks to queue
[2026-03-18T16:30:12.197+0100] {logging_mixin.py:190} INFO - [2026-03-18T16:30:12.197+0100] {dagbag.py:588} INFO - Filling up the DagBag from /Users/atanasivanov/ipo-intel/ipo-intel/.venv_airflow/lib/python3.11/site-packages/airflow/example_dags/example_branch_day_of_week_operator.py
[2026-03-18T16:30:12.206+0100] {processor.py:925} INFO - DAG(s) 'example_weekday_branch_operator' retrieved from /Users/atanasivanov/ipo-intel/ipo-intel/.venv_airflow/lib/python3.11/site-packages/airflow/example_dags/example_branch_day_of_week_operator.py
[2026-03-18T16:30:12.285+0100] {logging_mixin.py:190} INFO - [2026-03-18T16:30:12.285+0100] {dag.py:3239} INFO - Sync 1 DAGs
[2026-03-18T16:30:12.299+0100] {logging_mixin.py:190} INFO - [2026-03-18T16:30:12.299+0100] {dag.py:4180} INFO - Setting next_dagrun for example_weekday_branch_operator to 2026-03-17 00:00:00+00:00, run_after=2026-03-18 00:00:00+00:00
[2026-03-18T16:30:12.314+0100] {processor.py:208} INFO - Processing /Users/atanasivanov/ipo-intel/ipo-intel/.venv_airflow/lib/python3.11/site-packages/airflow/example_dags/example_branch_day_of_week_operator.py took 0.125 seconds
[2026-03-18T16:33:55.575+0100] {processor.py:186} INFO - Started process (PID=49038) to work on /Users/atanasivanov/ipo-intel/ipo-intel/.venv_airflow/lib/python3.11/site-packages/airflow/example_dags/example_branch_day_of_week_operator.py
[2026-03-18T16:33:55.576+0100] {processor.py:914} INFO - Processing file /Users/atanasivanov/ipo-intel/ipo-intel/.venv_airflow/lib/python3.11/site-packages/airflow/example_dags/example_branch_day_of_week_operator.py for tasks to queue
[2026-03-18T16:33:55.577+0100] {logging_mixin.py:190} INFO - [2026-03-18T16:33:55.577+0100] {dagbag.py:588} INFO - Filling up the DagBag from /Users/atanasivanov/ipo-intel/ipo-intel/.venv_airflow/lib/python3.11/site-packages/airflow/example_dags/example_branch_day_of_week_operator.py
[2026-03-18T16:33:55.587+0100] {processor.py:925} INFO - DAG(s) 'example_weekday_branch_operator' retrieved from /Users/atanasivanov/ipo-intel/ipo-intel/.venv_airflow/lib/python3.11/site-packages/airflow/example_dags/example_branch_day_of_week_operator.py
[2026-03-18T16:33:55.666+0100] {logging_mixin.py:190} INFO - [2026-03-18T16:33:55.666+0100] {dag.py:3239} INFO - Sync 1 DAGs
[2026-03-18T16:33:55.679+0100] {logging_mixin.py:190} INFO - [2026-03-18T16:33:55.679+0100] {dag.py:4180} INFO - Setting next_dagrun for example_weekday_branch_operator to 2026-03-17 00:00:00+00:00, run_after=2026-03-18 00:00:00+00:00
[2026-03-18T16:33:55.694+0100] {processor.py:208} INFO - Processing /Users/atanasivanov/ipo-intel/ipo-intel/.venv_airflow/lib/python3.11/site-packages/airflow/example_dags/example_branch_day_of_week_operator.py took 0.123 seconds
[2026-03-18T16:37:44.684+0100] {processor.py:186} INFO - Started process (PID=49869) to work on /Users/atanasivanov/ipo-intel/ipo-intel/.venv_airflow/lib/python3.11/site-packages/airflow/example_dags/example_branch_day_of_week_operator.py
[2026-03-18T16:37:44.685+0100] {processor.py:914} INFO - Processing file /Users/atanasivanov/ipo-intel/ipo-intel/.venv_airflow/lib/python3.11/site-packages/airflow/example_dags/example_branch_day_of_week_operator.py for tasks to queue
[2026-03-18T16:37:44.686+0100] {logging_mixin.py:190} INFO - [2026-03-18T16:37:44.685+0100] {dagbag.py:588} INFO - Filling up the DagBag from /Users/atanasivanov/ipo-intel/ipo-intel/.venv_airflow/lib/python3.11/site-packages/airflow/example_dags/example_branch_day_of_week_operator.py
[2026-03-18T16:37:44.696+0100] {processor.py:925} INFO - DAG(s) 'example_weekday_branch_operator' retrieved from /Users/atanasivanov/ipo-intel/ipo-intel/.venv_airflow/lib/python3.11/site-packages/airflow/example_dags/example_branch_day_of_week_operator.py
[2026-03-18T16:37:44.778+0100] {logging_mixin.py:190} INFO - [2026-03-18T16:37:44.777+0100] {dag.py:3239} INFO - Sync 1 DAGs
[2026-03-18T16:37:44.791+0100] {logging_mixin.py:190} INFO - [2026-03-18T16:37:44.791+0100] {dag.py:4180} INFO - Setting next_dagrun for example_weekday_branch_operator to 2026-03-17 00:00:00+00:00, run_after=2026-03-18 00:00:00+00:00
[2026-03-18T16:37:44.805+0100] {processor.py:208} INFO - Processing /Users/atanasivanov/ipo-intel/ipo-intel/.venv_airflow/lib/python3.11/site-packages/airflow/example_dags/example_branch_day_of_week_operator.py took 0.125 seconds
[2026-03-18T16:41:44.039+0100] {processor.py:186} INFO - Started process (PID=51777) to work on /Users/atanasivanov/ipo-intel/ipo-intel/.venv_airflow/lib/python3.11/site-packages/airflow/example_dags/example_branch_day_of_week_operator.py
[2026-03-18T16:41:44.040+0100] {processor.py:914} INFO - Processing file /Users/atanasivanov/ipo-intel/ipo-intel/.venv_airflow/lib/python3.11/site-packages/airflow/example_dags/example_branch_day_of_week_operator.py for tasks to queue
[2026-03-18T16:41:44.041+0100] {logging_mixin.py:190} INFO - [2026-03-18T16:41:44.041+0100] {dagbag.py:588} INFO - Filling up the DagBag from /Users/atanasivanov/ipo-intel/ipo-intel/.venv_airflow/lib/python3.11/site-packages/airflow/example_dags/example_branch_day_of_week_operator.py
[2026-03-18T16:41:44.052+0100] {processor.py:925} INFO - DAG(s) 'example_weekday_branch_operator' retrieved from /Users/atanasivanov/ipo-intel/ipo-intel/.venv_airflow/lib/python3.11/site-packages/airflow/example_dags/example_branch_day_of_week_operator.py
[2026-03-18T16:41:44.135+0100] {logging_mixin.py:190} INFO - [2026-03-18T16:41:44.134+0100] {dag.py:3239} INFO - Sync 1 DAGs
[2026-03-18T16:41:44.150+0100] {logging_mixin.py:190} INFO - [2026-03-18T16:41:44.150+0100] {dag.py:4180} INFO - Setting next_dagrun for example_weekday_branch_operator to 2026-03-17 00:00:00+00:00, run_after=2026-03-18 00:00:00+00:00
[2026-03-18T16:41:44.166+0100] {processor.py:208} INFO - Processing /Users/atanasivanov/ipo-intel/ipo-intel/.venv_airflow/lib/python3.11/site-packages/airflow/example_dags/example_branch_day_of_week_operator.py took 0.131 seconds
[2026-03-18T16:49:52.226+0100] {processor.py:186} INFO - Started process (PID=53615) to work on /Users/atanasivanov/ipo-intel/ipo-intel/.venv_airflow/lib/python3.11/site-packages/airflow/example_dags/example_branch_day_of_week_operator.py
[2026-03-18T16:49:52.227+0100] {processor.py:914} INFO - Processing file /Users/atanasivanov/ipo-intel/ipo-intel/.venv_airflow/lib/python3.11/site-packages/airflow/example_dags/example_branch_day_of_week_operator.py for tasks to queue
[2026-03-18T16:49:52.228+0100] {logging_mixin.py:190} INFO - [2026-03-18T16:49:52.228+0100] {dagbag.py:588} INFO - Filling up the DagBag from /Users/atanasivanov/ipo-intel/ipo-intel/.venv_airflow/lib/python3.11/site-packages/airflow/example_dags/example_branch_day_of_week_operator.py
[2026-03-18T16:49:52.239+0100] {processor.py:925} INFO - DAG(s) 'example_weekday_branch_operator' retrieved from /Users/atanasivanov/ipo-intel/ipo-intel/.venv_airflow/lib/python3.11/site-packages/airflow/example_dags/example_branch_day_of_week_operator.py
[2026-03-18T16:49:52.324+0100] {logging_mixin.py:190} INFO - [2026-03-18T16:49:52.323+0100] {dag.py:3239} INFO - Sync 1 DAGs
[2026-03-18T16:49:52.340+0100] {logging_mixin.py:190} INFO - [2026-03-18T16:49:52.340+0100] {dag.py:4180} INFO - Setting next_dagrun for example_weekday_branch_operator to 2026-03-17 00:00:00+00:00, run_after=2026-03-18 00:00:00+00:00
[2026-03-18T16:49:52.358+0100] {processor.py:208} INFO - Processing /Users/atanasivanov/ipo-intel/ipo-intel/.venv_airflow/lib/python3.11/site-packages/airflow/example_dags/example_branch_day_of_week_operator.py took 0.138 seconds
[2026-03-18T16:53:57.627+0100] {processor.py:186} INFO - Started process (PID=54621) to work on /Users/atanasivanov/ipo-intel/ipo-intel/.venv_airflow/lib/python3.11/site-packages/airflow/example_dags/example_branch_day_of_week_operator.py
[2026-03-18T16:53:57.628+0100] {processor.py:914} INFO - Processing file /Users/atanasivanov/ipo-intel/ipo-intel/.venv_airflow/lib/python3.11/site-packages/airflow/example_dags/example_branch_day_of_week_operator.py for tasks to queue
[2026-03-18T16:53:57.629+0100] {logging_mixin.py:190} INFO - [2026-03-18T16:53:57.628+0100] {dagbag.py:588} INFO - Filling up the DagBag from /Users/atanasivanov/ipo-intel/ipo-intel/.venv_airflow/lib/python3.11/site-packages/airflow/example_dags/example_branch_day_of_week_operator.py
[2026-03-18T16:53:57.638+0100] {processor.py:925} INFO - DAG(s) 'example_weekday_branch_operator' retrieved from /Users/atanasivanov/ipo-intel/ipo-intel/.venv_airflow/lib/python3.11/site-packages/airflow/example_dags/example_branch_day_of_week_operator.py
[2026-03-18T16:53:57.727+0100] {logging_mixin.py:190} INFO - [2026-03-18T16:53:57.727+0100] {dag.py:3239} INFO - Sync 1 DAGs
[2026-03-18T16:53:57.745+0100] {logging_mixin.py:190} INFO - [2026-03-18T16:53:57.744+0100] {dag.py:4180} INFO - Setting next_dagrun for example_weekday_branch_operator to 2026-03-17 00:00:00+00:00, run_after=2026-03-18 00:00:00+00:00
[2026-03-18T16:53:57.761+0100] {processor.py:208} INFO - Processing /Users/atanasivanov/ipo-intel/ipo-intel/.venv_airflow/lib/python3.11/site-packages/airflow/example_dags/example_branch_day_of_week_operator.py took 0.139 seconds
[2026-03-18T16:58:09.388+0100] {processor.py:186} INFO - Started process (PID=55751) to work on /Users/atanasivanov/ipo-intel/ipo-intel/.venv_airflow/lib/python3.11/site-packages/airflow/example_dags/example_branch_day_of_week_operator.py
[2026-03-18T16:58:09.389+0100] {processor.py:914} INFO - Processing file /Users/atanasivanov/ipo-intel/ipo-intel/.venv_airflow/lib/python3.11/site-packages/airflow/example_dags/example_branch_day_of_week_operator.py for tasks to queue
[2026-03-18T16:58:09.390+0100] {logging_mixin.py:190} INFO - [2026-03-18T16:58:09.390+0100] {dagbag.py:588} INFO - Filling up the DagBag from /Users/atanasivanov/ipo-intel/ipo-intel/.venv_airflow/lib/python3.11/site-packages/airflow/example_dags/example_branch_day_of_week_operator.py
[2026-03-18T16:58:09.400+0100] {processor.py:925} INFO - DAG(s) 'example_weekday_branch_operator' retrieved from /Users/atanasivanov/ipo-intel/ipo-intel/.venv_airflow/lib/python3.11/site-packages/airflow/example_dags/example_branch_day_of_week_operator.py
[2026-03-18T16:58:09.487+0100] {logging_mixin.py:190} INFO - [2026-03-18T16:58:09.487+0100] {dag.py:3239} INFO - Sync 1 DAGs
[2026-03-18T16:58:09.502+0100] {logging_mixin.py:190} INFO - [2026-03-18T16:58:09.502+0100] {dag.py:4180} INFO - Setting next_dagrun for example_weekday_branch_operator to 2026-03-17 00:00:00+00:00, run_after=2026-03-18 00:00:00+00:00
[2026-03-18T16:58:09.516+0100] {processor.py:208} INFO - Processing /Users/atanasivanov/ipo-intel/ipo-intel/.venv_airflow/lib/python3.11/site-packages/airflow/example_dags/example_branch_day_of_week_operator.py took 0.133 seconds
[2026-03-18T17:02:10.443+0100] {processor.py:186} INFO - Started process (PID=56624) to work on /Users/atanasivanov/ipo-intel/ipo-intel/.venv_airflow/lib/python3.11/site-packages/airflow/example_dags/example_branch_day_of_week_operator.py
[2026-03-18T17:02:10.444+0100] {processor.py:914} INFO - Processing file /Users/atanasivanov/ipo-intel/ipo-intel/.venv_airflow/lib/python3.11/site-packages/airflow/example_dags/example_branch_day_of_week_operator.py for tasks to queue
[2026-03-18T17:02:10.445+0100] {logging_mixin.py:190} INFO - [2026-03-18T17:02:10.445+0100] {dagbag.py:588} INFO - Filling up the DagBag from /Users/atanasivanov/ipo-intel/ipo-intel/.venv_airflow/lib/python3.11/site-packages/airflow/example_dags/example_branch_day_of_week_operator.py
[2026-03-18T17:02:10.454+0100] {processor.py:925} INFO - DAG(s) 'example_weekday_branch_operator' retrieved from /Users/atanasivanov/ipo-intel/ipo-intel/.venv_airflow/lib/python3.11/site-packages/airflow/example_dags/example_branch_day_of_week_operator.py
[2026-03-18T17:02:10.533+0100] {logging_mixin.py:190} INFO - [2026-03-18T17:02:10.533+0100] {dag.py:3239} INFO - Sync 1 DAGs
[2026-03-18T17:02:10.549+0100] {logging_mixin.py:190} INFO - [2026-03-18T17:02:10.549+0100] {dag.py:4180} INFO - Setting next_dagrun for example_weekday_branch_operator to 2026-03-17 00:00:00+00:00, run_after=2026-03-18 00:00:00+00:00
[2026-03-18T17:02:10.563+0100] {processor.py:208} INFO - Processing /Users/atanasivanov/ipo-intel/ipo-intel/.venv_airflow/lib/python3.11/site-packages/airflow/example_dags/example_branch_day_of_week_operator.py took 0.125 seconds
[2026-03-18T17:06:02.960+0100] {processor.py:186} INFO - Started process (PID=57473) to work on /Users/atanasivanov/ipo-intel/ipo-intel/.venv_airflow/lib/python3.11/site-packages/airflow/example_dags/example_branch_day_of_week_operator.py
[2026-03-18T17:06:02.961+0100] {processor.py:914} INFO - Processing file /Users/atanasivanov/ipo-intel/ipo-intel/.venv_airflow/lib/python3.11/site-packages/airflow/example_dags/example_branch_day_of_week_operator.py for tasks to queue
[2026-03-18T17:06:02.962+0100] {logging_mixin.py:190} INFO - [2026-03-18T17:06:02.962+0100] {dagbag.py:588} INFO - Filling up the DagBag from /Users/atanasivanov/ipo-intel/ipo-intel/.venv_airflow/lib/python3.11/site-packages/airflow/example_dags/example_branch_day_of_week_operator.py
[2026-03-18T17:06:02.973+0100] {processor.py:925} INFO - DAG(s) 'example_weekday_branch_operator' retrieved from /Users/atanasivanov/ipo-intel/ipo-intel/.venv_airflow/lib/python3.11/site-packages/airflow/example_dags/example_branch_day_of_week_operator.py
[2026-03-18T17:06:03.098+0100] {logging_mixin.py:190} INFO - [2026-03-18T17:06:03.098+0100] {dag.py:3239} INFO - Sync 1 DAGs
[2026-03-18T17:06:03.119+0100] {logging_mixin.py:190} INFO - [2026-03-18T17:06:03.119+0100] {dag.py:4180} INFO - Setting next_dagrun for example_weekday_branch_operator to 2026-03-17 00:00:00+00:00, run_after=2026-03-18 00:00:00+00:00
[2026-03-18T17:06:03.139+0100] {processor.py:208} INFO - Processing /Users/atanasivanov/ipo-intel/ipo-intel/.venv_airflow/lib/python3.11/site-packages/airflow/example_dags/example_branch_day_of_week_operator.py took 0.184 seconds
[2026-03-18T17:09:53.842+0100] {processor.py:186} INFO - Started process (PID=58372) to work on /Users/atanasivanov/ipo-intel/ipo-intel/.venv_airflow/lib/python3.11/site-packages/airflow/example_dags/example_branch_day_of_week_operator.py
[2026-03-18T17:09:53.843+0100] {processor.py:914} INFO - Processing file /Users/atanasivanov/ipo-intel/ipo-intel/.venv_airflow/lib/python3.11/site-packages/airflow/example_dags/example_branch_day_of_week_operator.py for tasks to queue
[2026-03-18T17:09:53.844+0100] {logging_mixin.py:190} INFO - [2026-03-18T17:09:53.844+0100] {dagbag.py:588} INFO - Filling up the DagBag from /Users/atanasivanov/ipo-intel/ipo-intel/.venv_airflow/lib/python3.11/site-packages/airflow/example_dags/example_branch_day_of_week_operator.py
[2026-03-18T17:09:53.854+0100] {processor.py:925} INFO - DAG(s) 'example_weekday_branch_operator' retrieved from /Users/atanasivanov/ipo-intel/ipo-intel/.venv_airflow/lib/python3.11/site-packages/airflow/example_dags/example_branch_day_of_week_operator.py
[2026-03-18T17:09:53.949+0100] {logging_mixin.py:190} INFO - [2026-03-18T17:09:53.949+0100] {dag.py:3239} INFO - Sync 1 DAGs
[2026-03-18T17:09:53.965+0100] {logging_mixin.py:190} INFO - [2026-03-18T17:09:53.965+0100] {dag.py:4180} INFO - Setting next_dagrun for example_weekday_branch_operator to 2026-03-17 00:00:00+00:00, run_after=2026-03-18 00:00:00+00:00
[2026-03-18T17:09:53.981+0100] {processor.py:208} INFO - Processing /Users/atanasivanov/ipo-intel/ipo-intel/.venv_airflow/lib/python3.11/site-packages/airflow/example_dags/example_branch_day_of_week_operator.py took 0.144 seconds
[2026-03-18T17:14:03.774+0100] {processor.py:186} INFO - Started process (PID=59725) to work on /Users/atanasivanov/ipo-intel/ipo-intel/.venv_airflow/lib/python3.11/site-packages/airflow/example_dags/example_branch_day_of_week_operator.py
[2026-03-18T17:14:03.775+0100] {processor.py:914} INFO - Processing file /Users/atanasivanov/ipo-intel/ipo-intel/.venv_airflow/lib/python3.11/site-packages/airflow/example_dags/example_branch_day_of_week_operator.py for tasks to queue
[2026-03-18T17:14:03.776+0100] {logging_mixin.py:190} INFO - [2026-03-18T17:14:03.776+0100] {dagbag.py:588} INFO - Filling up the DagBag from /Users/atanasivanov/ipo-intel/ipo-intel/.venv_airflow/lib/python3.11/site-packages/airflow/example_dags/example_branch_day_of_week_operator.py
[2026-03-18T17:14:03.786+0100] {processor.py:925} INFO - DAG(s) 'example_weekday_branch_operator' retrieved from /Users/atanasivanov/ipo-intel/ipo-intel/.venv_airflow/lib/python3.11/site-packages/airflow/example_dags/example_branch_day_of_week_operator.py
[2026-03-18T17:14:03.878+0100] {logging_mixin.py:190} INFO - [2026-03-18T17:14:03.877+0100] {dag.py:3239} INFO - Sync 1 DAGs
[2026-03-18T17:14:03.894+0100] {logging_mixin.py:190} INFO - [2026-03-18T17:14:03.894+0100] {dag.py:4180} INFO - Setting next_dagrun for example_weekday_branch_operator to 2026-03-17 00:00:00+00:00, run_after=2026-03-18 00:00:00+00:00
[2026-03-18T17:14:03.911+0100] {processor.py:208} INFO - Processing /Users/atanasivanov/ipo-intel/ipo-intel/.venv_airflow/lib/python3.11/site-packages/airflow/example_dags/example_branch_day_of_week_operator.py took 0.142 seconds
