[2026-03-18T16:20:48.168+0100] {processor.py:186} INFO - Started process (PID=45441) to work on /Users/atanasivanov/ipo-intel/ipo-intel/.venv_airflow/lib/python3.11/site-packages/airflow/example_dags/example_python_operator.py
[2026-03-18T16:20:48.169+0100] {processor.py:914} INFO - Processing file /Users/atanasivanov/ipo-intel/ipo-intel/.venv_airflow/lib/python3.11/site-packages/airflow/example_dags/example_python_operator.py for tasks to queue
[2026-03-18T16:20:48.170+0100] {logging_mixin.py:190} INFO - [2026-03-18T16:20:48.169+0100] {dagbag.py:588} INFO - Filling up the DagBag from /Users/atanasivanov/ipo-intel/ipo-intel/.venv_airflow/lib/python3.11/site-packages/airflow/example_dags/example_python_operator.py
[2026-03-18T16:20:48.193+0100] {logging_mixin.py:190} INFO - [2026-03-18T16:20:48.193+0100] {example_python_operator.py:93} WARNING - The virtalenv_python example task requires virtualenv, please install it.
[2026-03-18T16:20:48.196+0100] {processor.py:925} INFO - DAG(s) 'example_python_operator' retrieved from /Users/atanasivanov/ipo-intel/ipo-intel/.venv_airflow/lib/python3.11/site-packages/airflow/example_dags/example_python_operator.py
[2026-03-18T16:20:48.415+0100] {logging_mixin.py:190} INFO - [2026-03-18T16:20:48.415+0100] {override.py:1912} INFO - Created Permission View: can edit on DAG:example_python_operator
[2026-03-18T16:20:48.423+0100] {logging_mixin.py:190} INFO - [2026-03-18T16:20:48.423+0100] {override.py:1912} INFO - Created Permission View: can delete on DAG:example_python_operator
[2026-03-18T16:20:48.428+0100] {logging_mixin.py:190} INFO - [2026-03-18T16:20:48.428+0100] {override.py:1912} INFO - Created Permission View: can read on DAG:example_python_operator
[2026-03-18T16:20:48.435+0100] {logging_mixin.py:190} INFO - [2026-03-18T16:20:48.435+0100] {override.py:1912} INFO - Created Permission View: can create on DAG Run:example_python_operator
[2026-03-18T16:20:48.440+0100] {logging_mixin.py:190} INFO - [2026-03-18T16:20:48.440+0100] {override.py:1912} INFO - Created Permission View: can read on DAG Run:example_python_operator
[2026-03-18T16:20:48.445+0100] {logging_mixin.py:190} INFO - [2026-03-18T16:20:48.445+0100] {override.py:1912} INFO - Created Permission View: menu access on DAG Run:example_python_operator
[2026-03-18T16:20:48.450+0100] {logging_mixin.py:190} INFO - [2026-03-18T16:20:48.449+0100] {override.py:1912} INFO - Created Permission View: can delete on DAG Run:example_python_operator
[2026-03-18T16:20:48.450+0100] {logging_mixin.py:190} INFO - [2026-03-18T16:20:48.450+0100] {dag.py:3239} INFO - Sync 1 DAGs
[2026-03-18T16:20:48.460+0100] {logging_mixin.py:190} INFO - [2026-03-18T16:20:48.459+0100] {dag.py:3262} INFO - Creating ORM DAG for example_python_operator
[2026-03-18T16:20:48.460+0100] {logging_mixin.py:190} INFO - [2026-03-18T16:20:48.460+0100] {dag.py:4180} INFO - Setting next_dagrun for example_python_operator to None, run_after=None
[2026-03-18T16:20:48.473+0100] {processor.py:208} INFO - Processing /Users/atanasivanov/ipo-intel/ipo-intel/.venv_airflow/lib/python3.11/site-packages/airflow/example_dags/example_python_operator.py took 0.310 seconds
[2026-03-18T16:23:27.338+0100] {processor.py:186} INFO - Started process (PID=46041) to work on /Users/atanasivanov/ipo-intel/ipo-intel/.venv_airflow/lib/python3.11/site-packages/airflow/example_dags/example_python_operator.py
[2026-03-18T16:23:27.339+0100] {processor.py:914} INFO - Processing file /Users/atanasivanov/ipo-intel/ipo-intel/.venv_airflow/lib/python3.11/site-packages/airflow/example_dags/example_python_operator.py for tasks to queue
[2026-03-18T16:23:27.340+0100] {logging_mixin.py:190} INFO - [2026-03-18T16:23:27.340+0100] {dagbag.py:588} INFO - Filling up the DagBag from /Users/atanasivanov/ipo-intel/ipo-intel/.venv_airflow/lib/python3.11/site-packages/airflow/example_dags/example_python_operator.py
[2026-03-18T16:23:27.363+0100] {logging_mixin.py:190} INFO - [2026-03-18T16:23:27.363+0100] {example_python_operator.py:93} WARNING - The virtalenv_python example task requires virtualenv, please install it.
[2026-03-18T16:23:27.367+0100] {processor.py:925} INFO - DAG(s) 'example_python_operator' retrieved from /Users/atanasivanov/ipo-intel/ipo-intel/.venv_airflow/lib/python3.11/site-packages/airflow/example_dags/example_python_operator.py
[2026-03-18T16:23:27.461+0100] {logging_mixin.py:190} INFO - [2026-03-18T16:23:27.461+0100] {dag.py:3239} INFO - Sync 1 DAGs
[2026-03-18T16:23:27.522+0100] {logging_mixin.py:190} INFO - [2026-03-18T16:23:27.522+0100] {dag.py:4180} INFO - Setting next_dagrun for example_python_operator to None, run_after=None
[2026-03-18T16:23:27.539+0100] {processor.py:208} INFO - Processing /Users/atanasivanov/ipo-intel/ipo-intel/.venv_airflow/lib/python3.11/site-packages/airflow/example_dags/example_python_operator.py took 0.206 seconds
[2026-03-18T16:25:29.849+0100] {processor.py:186} INFO - Started process (PID=46499) to work on /Users/atanasivanov/ipo-intel/ipo-intel/.venv_airflow/lib/python3.11/site-packages/airflow/example_dags/example_python_operator.py
[2026-03-18T16:25:29.850+0100] {processor.py:914} INFO - Processing file /Users/atanasivanov/ipo-intel/ipo-intel/.venv_airflow/lib/python3.11/site-packages/airflow/example_dags/example_python_operator.py for tasks to queue
[2026-03-18T16:25:29.851+0100] {logging_mixin.py:190} INFO - [2026-03-18T16:25:29.851+0100] {dagbag.py:588} INFO - Filling up the DagBag from /Users/atanasivanov/ipo-intel/ipo-intel/.venv_airflow/lib/python3.11/site-packages/airflow/example_dags/example_python_operator.py
[2026-03-18T16:25:29.872+0100] {logging_mixin.py:190} INFO - [2026-03-18T16:25:29.872+0100] {example_python_operator.py:93} WARNING - The virtalenv_python example task requires virtualenv, please install it.
[2026-03-18T16:25:29.876+0100] {processor.py:925} INFO - DAG(s) 'example_python_operator' retrieved from /Users/atanasivanov/ipo-intel/ipo-intel/.venv_airflow/lib/python3.11/site-packages/airflow/example_dags/example_python_operator.py
[2026-03-18T16:25:29.955+0100] {logging_mixin.py:190} INFO - [2026-03-18T16:25:29.954+0100] {dag.py:3239} INFO - Sync 1 DAGs
[2026-03-18T16:25:30.011+0100] {logging_mixin.py:190} INFO - [2026-03-18T16:25:30.011+0100] {dag.py:4180} INFO - Setting next_dagrun for example_python_operator to None, run_after=None
[2026-03-18T16:25:30.029+0100] {processor.py:208} INFO - Processing /Users/atanasivanov/ipo-intel/ipo-intel/.venv_airflow/lib/python3.11/site-packages/airflow/example_dags/example_python_operator.py took 0.185 seconds
[2026-03-18T16:27:33.510+0100] {processor.py:186} INFO - Started process (PID=47568) to work on /Users/atanasivanov/ipo-intel/ipo-intel/.venv_airflow/lib/python3.11/site-packages/airflow/example_dags/example_python_operator.py
[2026-03-18T16:27:33.511+0100] {processor.py:914} INFO - Processing file /Users/atanasivanov/ipo-intel/ipo-intel/.venv_airflow/lib/python3.11/site-packages/airflow/example_dags/example_python_operator.py for tasks to queue
[2026-03-18T16:27:33.512+0100] {logging_mixin.py:190} INFO - [2026-03-18T16:27:33.512+0100] {dagbag.py:588} INFO - Filling up the DagBag from /Users/atanasivanov/ipo-intel/ipo-intel/.venv_airflow/lib/python3.11/site-packages/airflow/example_dags/example_python_operator.py
[2026-03-18T16:27:33.535+0100] {logging_mixin.py:190} INFO - [2026-03-18T16:27:33.535+0100] {example_python_operator.py:93} WARNING - The virtalenv_python example task requires virtualenv, please install it.
[2026-03-18T16:27:33.539+0100] {processor.py:925} INFO - DAG(s) 'example_python_operator' retrieved from /Users/atanasivanov/ipo-intel/ipo-intel/.venv_airflow/lib/python3.11/site-packages/airflow/example_dags/example_python_operator.py
[2026-03-18T16:27:33.637+0100] {logging_mixin.py:190} INFO - [2026-03-18T16:27:33.637+0100] {dag.py:3239} INFO - Sync 1 DAGs
[2026-03-18T16:27:33.701+0100] {logging_mixin.py:190} INFO - [2026-03-18T16:27:33.701+0100] {dag.py:4180} INFO - Setting next_dagrun for example_python_operator to None, run_after=None
[2026-03-18T16:27:33.720+0100] {processor.py:208} INFO - Processing /Users/atanasivanov/ipo-intel/ipo-intel/.venv_airflow/lib/python3.11/site-packages/airflow/example_dags/example_python_operator.py took 0.216 seconds
[2026-03-18T16:29:38.110+0100] {processor.py:186} INFO - Started process (PID=48097) to work on /Users/atanasivanov/ipo-intel/ipo-intel/.venv_airflow/lib/python3.11/site-packages/airflow/example_dags/example_python_operator.py
[2026-03-18T16:29:38.111+0100] {processor.py:914} INFO - Processing file /Users/atanasivanov/ipo-intel/ipo-intel/.venv_airflow/lib/python3.11/site-packages/airflow/example_dags/example_python_operator.py for tasks to queue
[2026-03-18T16:29:38.112+0100] {logging_mixin.py:190} INFO - [2026-03-18T16:29:38.112+0100] {dagbag.py:588} INFO - Filling up the DagBag from /Users/atanasivanov/ipo-intel/ipo-intel/.venv_airflow/lib/python3.11/site-packages/airflow/example_dags/example_python_operator.py
[2026-03-18T16:29:38.134+0100] {logging_mixin.py:190} INFO - [2026-03-18T16:29:38.134+0100] {example_python_operator.py:93} WARNING - The virtalenv_python example task requires virtualenv, please install it.
[2026-03-18T16:29:38.137+0100] {processor.py:925} INFO - DAG(s) 'example_python_operator' retrieved from /Users/atanasivanov/ipo-intel/ipo-intel/.venv_airflow/lib/python3.11/site-packages/airflow/example_dags/example_python_operator.py
[2026-03-18T16:29:38.215+0100] {logging_mixin.py:190} INFO - [2026-03-18T16:29:38.215+0100] {dag.py:3239} INFO - Sync 1 DAGs
[2026-03-18T16:29:38.270+0100] {logging_mixin.py:190} INFO - [2026-03-18T16:29:38.270+0100] {dag.py:4180} INFO - Setting next_dagrun for example_python_operator to None, run_after=None
[2026-03-18T16:29:38.288+0100] {processor.py:208} INFO - Processing /Users/atanasivanov/ipo-intel/ipo-intel/.venv_airflow/lib/python3.11/site-packages/airflow/example_dags/example_python_operator.py took 0.183 seconds
[2026-03-18T16:31:30.424+0100] {processor.py:186} INFO - Started process (PID=48505) to work on /Users/atanasivanov/ipo-intel/ipo-intel/.venv_airflow/lib/python3.11/site-packages/airflow/example_dags/example_python_operator.py
[2026-03-18T16:31:30.425+0100] {processor.py:914} INFO - Processing file /Users/atanasivanov/ipo-intel/ipo-intel/.venv_airflow/lib/python3.11/site-packages/airflow/example_dags/example_python_operator.py for tasks to queue
[2026-03-18T16:31:30.426+0100] {logging_mixin.py:190} INFO - [2026-03-18T16:31:30.425+0100] {dagbag.py:588} INFO - Filling up the DagBag from /Users/atanasivanov/ipo-intel/ipo-intel/.venv_airflow/lib/python3.11/site-packages/airflow/example_dags/example_python_operator.py
[2026-03-18T16:31:30.448+0100] {logging_mixin.py:190} INFO - [2026-03-18T16:31:30.448+0100] {example_python_operator.py:93} WARNING - The virtalenv_python example task requires virtualenv, please install it.
[2026-03-18T16:31:30.451+0100] {processor.py:925} INFO - DAG(s) 'example_python_operator' retrieved from /Users/atanasivanov/ipo-intel/ipo-intel/.venv_airflow/lib/python3.11/site-packages/airflow/example_dags/example_python_operator.py
[2026-03-18T16:31:30.528+0100] {logging_mixin.py:190} INFO - [2026-03-18T16:31:30.528+0100] {dag.py:3239} INFO - Sync 1 DAGs
[2026-03-18T16:31:30.591+0100] {logging_mixin.py:190} INFO - [2026-03-18T16:31:30.591+0100] {dag.py:4180} INFO - Setting next_dagrun for example_python_operator to None, run_after=None
[2026-03-18T16:31:30.608+0100] {processor.py:208} INFO - Processing /Users/atanasivanov/ipo-intel/ipo-intel/.venv_airflow/lib/python3.11/site-packages/airflow/example_dags/example_python_operator.py took 0.190 seconds
[2026-03-18T16:33:22.780+0100] {processor.py:186} INFO - Started process (PID=48921) to work on /Users/atanasivanov/ipo-intel/ipo-intel/.venv_airflow/lib/python3.11/site-packages/airflow/example_dags/example_python_operator.py
[2026-03-18T16:33:22.781+0100] {processor.py:914} INFO - Processing file /Users/atanasivanov/ipo-intel/ipo-intel/.venv_airflow/lib/python3.11/site-packages/airflow/example_dags/example_python_operator.py for tasks to queue
[2026-03-18T16:33:22.782+0100] {logging_mixin.py:190} INFO - [2026-03-18T16:33:22.781+0100] {dagbag.py:588} INFO - Filling up the DagBag from /Users/atanasivanov/ipo-intel/ipo-intel/.venv_airflow/lib/python3.11/site-packages/airflow/example_dags/example_python_operator.py
[2026-03-18T16:33:22.804+0100] {logging_mixin.py:190} INFO - [2026-03-18T16:33:22.803+0100] {example_python_operator.py:93} WARNING - The virtalenv_python example task requires virtualenv, please install it.
[2026-03-18T16:33:22.806+0100] {processor.py:925} INFO - DAG(s) 'example_python_operator' retrieved from /Users/atanasivanov/ipo-intel/ipo-intel/.venv_airflow/lib/python3.11/site-packages/airflow/example_dags/example_python_operator.py
[2026-03-18T16:33:22.883+0100] {logging_mixin.py:190} INFO - [2026-03-18T16:33:22.883+0100] {dag.py:3239} INFO - Sync 1 DAGs
[2026-03-18T16:33:22.942+0100] {logging_mixin.py:190} INFO - [2026-03-18T16:33:22.942+0100] {dag.py:4180} INFO - Setting next_dagrun for example_python_operator to None, run_after=None
[2026-03-18T16:33:22.961+0100] {processor.py:208} INFO - Processing /Users/atanasivanov/ipo-intel/ipo-intel/.venv_airflow/lib/python3.11/site-packages/airflow/example_dags/example_python_operator.py took 0.186 seconds
[2026-03-18T16:35:20.237+0100] {processor.py:186} INFO - Started process (PID=49343) to work on /Users/atanasivanov/ipo-intel/ipo-intel/.venv_airflow/lib/python3.11/site-packages/airflow/example_dags/example_python_operator.py
[2026-03-18T16:35:20.239+0100] {processor.py:914} INFO - Processing file /Users/atanasivanov/ipo-intel/ipo-intel/.venv_airflow/lib/python3.11/site-packages/airflow/example_dags/example_python_operator.py for tasks to queue
[2026-03-18T16:35:20.240+0100] {logging_mixin.py:190} INFO - [2026-03-18T16:35:20.240+0100] {dagbag.py:588} INFO - Filling up the DagBag from /Users/atanasivanov/ipo-intel/ipo-intel/.venv_airflow/lib/python3.11/site-packages/airflow/example_dags/example_python_operator.py
[2026-03-18T16:35:20.263+0100] {logging_mixin.py:190} INFO - [2026-03-18T16:35:20.262+0100] {example_python_operator.py:93} WARNING - The virtalenv_python example task requires virtualenv, please install it.
[2026-03-18T16:35:20.266+0100] {processor.py:925} INFO - DAG(s) 'example_python_operator' retrieved from /Users/atanasivanov/ipo-intel/ipo-intel/.venv_airflow/lib/python3.11/site-packages/airflow/example_dags/example_python_operator.py
[2026-03-18T16:35:20.347+0100] {logging_mixin.py:190} INFO - [2026-03-18T16:35:20.346+0100] {dag.py:3239} INFO - Sync 1 DAGs
[2026-03-18T16:35:20.408+0100] {logging_mixin.py:190} INFO - [2026-03-18T16:35:20.407+0100] {dag.py:4180} INFO - Setting next_dagrun for example_python_operator to None, run_after=None
[2026-03-18T16:35:20.426+0100] {processor.py:208} INFO - Processing /Users/atanasivanov/ipo-intel/ipo-intel/.venv_airflow/lib/python3.11/site-packages/airflow/example_dags/example_python_operator.py took 0.194 seconds
[2026-03-18T16:37:10.990+0100] {processor.py:186} INFO - Started process (PID=49746) to work on /Users/atanasivanov/ipo-intel/ipo-intel/.venv_airflow/lib/python3.11/site-packages/airflow/example_dags/example_python_operator.py
[2026-03-18T16:37:10.992+0100] {processor.py:914} INFO - Processing file /Users/atanasivanov/ipo-intel/ipo-intel/.venv_airflow/lib/python3.11/site-packages/airflow/example_dags/example_python_operator.py for tasks to queue
[2026-03-18T16:37:10.993+0100] {logging_mixin.py:190} INFO - [2026-03-18T16:37:10.993+0100] {dagbag.py:588} INFO - Filling up the DagBag from /Users/atanasivanov/ipo-intel/ipo-intel/.venv_airflow/lib/python3.11/site-packages/airflow/example_dags/example_python_operator.py
[2026-03-18T16:37:11.014+0100] {logging_mixin.py:190} INFO - [2026-03-18T16:37:11.014+0100] {example_python_operator.py:93} WARNING - The virtalenv_python example task requires virtualenv, please install it.
[2026-03-18T16:37:11.017+0100] {processor.py:925} INFO - DAG(s) 'example_python_operator' retrieved from /Users/atanasivanov/ipo-intel/ipo-intel/.venv_airflow/lib/python3.11/site-packages/airflow/example_dags/example_python_operator.py
[2026-03-18T16:37:11.095+0100] {logging_mixin.py:190} INFO - [2026-03-18T16:37:11.094+0100] {dag.py:3239} INFO - Sync 1 DAGs
[2026-03-18T16:37:11.150+0100] {logging_mixin.py:190} INFO - [2026-03-18T16:37:11.150+0100] {dag.py:4180} INFO - Setting next_dagrun for example_python_operator to None, run_after=None
[2026-03-18T16:37:11.168+0100] {processor.py:208} INFO - Processing /Users/atanasivanov/ipo-intel/ipo-intel/.venv_airflow/lib/python3.11/site-packages/airflow/example_dags/example_python_operator.py took 0.183 seconds
[2026-03-18T16:39:04.536+0100] {processor.py:186} INFO - Started process (PID=50158) to work on /Users/atanasivanov/ipo-intel/ipo-intel/.venv_airflow/lib/python3.11/site-packages/airflow/example_dags/example_python_operator.py
[2026-03-18T16:39:04.537+0100] {processor.py:914} INFO - Processing file /Users/atanasivanov/ipo-intel/ipo-intel/.venv_airflow/lib/python3.11/site-packages/airflow/example_dags/example_python_operator.py for tasks to queue
[2026-03-18T16:39:04.537+0100] {logging_mixin.py:190} INFO - [2026-03-18T16:39:04.537+0100] {dagbag.py:588} INFO - Filling up the DagBag from /Users/atanasivanov/ipo-intel/ipo-intel/.venv_airflow/lib/python3.11/site-packages/airflow/example_dags/example_python_operator.py
[2026-03-18T16:39:04.558+0100] {logging_mixin.py:190} INFO - [2026-03-18T16:39:04.557+0100] {example_python_operator.py:93} WARNING - The virtalenv_python example task requires virtualenv, please install it.
[2026-03-18T16:39:04.560+0100] {processor.py:925} INFO - DAG(s) 'example_python_operator' retrieved from /Users/atanasivanov/ipo-intel/ipo-intel/.venv_airflow/lib/python3.11/site-packages/airflow/example_dags/example_python_operator.py
[2026-03-18T16:39:04.637+0100] {logging_mixin.py:190} INFO - [2026-03-18T16:39:04.637+0100] {dag.py:3239} INFO - Sync 1 DAGs
[2026-03-18T16:39:04.693+0100] {logging_mixin.py:190} INFO - [2026-03-18T16:39:04.693+0100] {dag.py:4180} INFO - Setting next_dagrun for example_python_operator to None, run_after=None
[2026-03-18T16:39:04.710+0100] {processor.py:208} INFO - Processing /Users/atanasivanov/ipo-intel/ipo-intel/.venv_airflow/lib/python3.11/site-packages/airflow/example_dags/example_python_operator.py took 0.178 seconds
[2026-03-18T16:41:08.622+0100] {processor.py:186} INFO - Started process (PID=51612) to work on /Users/atanasivanov/ipo-intel/ipo-intel/.venv_airflow/lib/python3.11/site-packages/airflow/example_dags/example_python_operator.py
[2026-03-18T16:41:08.623+0100] {processor.py:914} INFO - Processing file /Users/atanasivanov/ipo-intel/ipo-intel/.venv_airflow/lib/python3.11/site-packages/airflow/example_dags/example_python_operator.py for tasks to queue
[2026-03-18T16:41:08.624+0100] {logging_mixin.py:190} INFO - [2026-03-18T16:41:08.624+0100] {dagbag.py:588} INFO - Filling up the DagBag from /Users/atanasivanov/ipo-intel/ipo-intel/.venv_airflow/lib/python3.11/site-packages/airflow/example_dags/example_python_operator.py
[2026-03-18T16:41:08.646+0100] {logging_mixin.py:190} INFO - [2026-03-18T16:41:08.645+0100] {example_python_operator.py:93} WARNING - The virtalenv_python example task requires virtualenv, please install it.
[2026-03-18T16:41:08.649+0100] {processor.py:925} INFO - DAG(s) 'example_python_operator' retrieved from /Users/atanasivanov/ipo-intel/ipo-intel/.venv_airflow/lib/python3.11/site-packages/airflow/example_dags/example_python_operator.py
[2026-03-18T16:41:08.726+0100] {logging_mixin.py:190} INFO - [2026-03-18T16:41:08.726+0100] {dag.py:3239} INFO - Sync 1 DAGs
[2026-03-18T16:41:08.781+0100] {logging_mixin.py:190} INFO - [2026-03-18T16:41:08.780+0100] {dag.py:4180} INFO - Setting next_dagrun for example_python_operator to None, run_after=None
[2026-03-18T16:41:08.799+0100] {processor.py:208} INFO - Processing /Users/atanasivanov/ipo-intel/ipo-intel/.venv_airflow/lib/python3.11/site-packages/airflow/example_dags/example_python_operator.py took 0.183 seconds
[2026-03-18T16:43:13.595+0100] {processor.py:186} INFO - Started process (PID=52201) to work on /Users/atanasivanov/ipo-intel/ipo-intel/.venv_airflow/lib/python3.11/site-packages/airflow/example_dags/example_python_operator.py
[2026-03-18T16:43:13.596+0100] {processor.py:914} INFO - Processing file /Users/atanasivanov/ipo-intel/ipo-intel/.venv_airflow/lib/python3.11/site-packages/airflow/example_dags/example_python_operator.py for tasks to queue
[2026-03-18T16:43:13.597+0100] {logging_mixin.py:190} INFO - [2026-03-18T16:43:13.596+0100] {dagbag.py:588} INFO - Filling up the DagBag from /Users/atanasivanov/ipo-intel/ipo-intel/.venv_airflow/lib/python3.11/site-packages/airflow/example_dags/example_python_operator.py
[2026-03-18T16:43:13.624+0100] {logging_mixin.py:190} INFO - [2026-03-18T16:43:13.624+0100] {example_python_operator.py:93} WARNING - The virtalenv_python example task requires virtualenv, please install it.
[2026-03-18T16:43:13.628+0100] {processor.py:925} INFO - DAG(s) 'example_python_operator' retrieved from /Users/atanasivanov/ipo-intel/ipo-intel/.venv_airflow/lib/python3.11/site-packages/airflow/example_dags/example_python_operator.py
[2026-03-18T16:43:13.713+0100] {logging_mixin.py:190} INFO - [2026-03-18T16:43:13.712+0100] {dag.py:3239} INFO - Sync 1 DAGs
[2026-03-18T16:43:13.778+0100] {logging_mixin.py:190} INFO - [2026-03-18T16:43:13.777+0100] {dag.py:4180} INFO - Setting next_dagrun for example_python_operator to None, run_after=None
[2026-03-18T16:43:13.798+0100] {processor.py:208} INFO - Processing /Users/atanasivanov/ipo-intel/ipo-intel/.venv_airflow/lib/python3.11/site-packages/airflow/example_dags/example_python_operator.py took 0.209 seconds
[2026-03-18T16:48:49.286+0100] {processor.py:186} INFO - Started process (PID=53390) to work on /Users/atanasivanov/ipo-intel/ipo-intel/.venv_airflow/lib/python3.11/site-packages/airflow/example_dags/example_python_operator.py
[2026-03-18T16:48:49.288+0100] {processor.py:914} INFO - Processing file /Users/atanasivanov/ipo-intel/ipo-intel/.venv_airflow/lib/python3.11/site-packages/airflow/example_dags/example_python_operator.py for tasks to queue
[2026-03-18T16:48:49.289+0100] {logging_mixin.py:190} INFO - [2026-03-18T16:48:49.289+0100] {dagbag.py:588} INFO - Filling up the DagBag from /Users/atanasivanov/ipo-intel/ipo-intel/.venv_airflow/lib/python3.11/site-packages/airflow/example_dags/example_python_operator.py
[2026-03-18T16:48:49.311+0100] {logging_mixin.py:190} INFO - [2026-03-18T16:48:49.311+0100] {example_python_operator.py:93} WARNING - The virtalenv_python example task requires virtualenv, please install it.
[2026-03-18T16:48:49.314+0100] {processor.py:925} INFO - DAG(s) 'example_python_operator' retrieved from /Users/atanasivanov/ipo-intel/ipo-intel/.venv_airflow/lib/python3.11/site-packages/airflow/example_dags/example_python_operator.py
[2026-03-18T16:48:49.398+0100] {logging_mixin.py:190} INFO - [2026-03-18T16:48:49.397+0100] {dag.py:3239} INFO - Sync 1 DAGs
[2026-03-18T16:48:49.459+0100] {logging_mixin.py:190} INFO - [2026-03-18T16:48:49.458+0100] {dag.py:4180} INFO - Setting next_dagrun for example_python_operator to None, run_after=None
[2026-03-18T16:48:49.477+0100] {processor.py:208} INFO - Processing /Users/atanasivanov/ipo-intel/ipo-intel/.venv_airflow/lib/python3.11/site-packages/airflow/example_dags/example_python_operator.py took 0.196 seconds
[2026-03-18T16:51:18.228+0100] {processor.py:186} INFO - Started process (PID=53932) to work on /Users/atanasivanov/ipo-intel/ipo-intel/.venv_airflow/lib/python3.11/site-packages/airflow/example_dags/example_python_operator.py
[2026-03-18T16:51:18.229+0100] {processor.py:914} INFO - Processing file /Users/atanasivanov/ipo-intel/ipo-intel/.venv_airflow/lib/python3.11/site-packages/airflow/example_dags/example_python_operator.py for tasks to queue
[2026-03-18T16:51:18.230+0100] {logging_mixin.py:190} INFO - [2026-03-18T16:51:18.230+0100] {dagbag.py:588} INFO - Filling up the DagBag from /Users/atanasivanov/ipo-intel/ipo-intel/.venv_airflow/lib/python3.11/site-packages/airflow/example_dags/example_python_operator.py
[2026-03-18T16:51:18.252+0100] {logging_mixin.py:190} INFO - [2026-03-18T16:51:18.252+0100] {example_python_operator.py:93} WARNING - The virtalenv_python example task requires virtualenv, please install it.
[2026-03-18T16:51:18.255+0100] {processor.py:925} INFO - DAG(s) 'example_python_operator' retrieved from /Users/atanasivanov/ipo-intel/ipo-intel/.venv_airflow/lib/python3.11/site-packages/airflow/example_dags/example_python_operator.py
[2026-03-18T16:51:18.333+0100] {logging_mixin.py:190} INFO - [2026-03-18T16:51:18.332+0100] {dag.py:3239} INFO - Sync 1 DAGs
[2026-03-18T16:51:18.388+0100] {logging_mixin.py:190} INFO - [2026-03-18T16:51:18.388+0100] {dag.py:4180} INFO - Setting next_dagrun for example_python_operator to None, run_after=None
[2026-03-18T16:51:18.406+0100] {processor.py:208} INFO - Processing /Users/atanasivanov/ipo-intel/ipo-intel/.venv_airflow/lib/python3.11/site-packages/airflow/example_dags/example_python_operator.py took 0.183 seconds
[2026-03-18T16:53:21.700+0100] {processor.py:186} INFO - Started process (PID=54370) to work on /Users/atanasivanov/ipo-intel/ipo-intel/.venv_airflow/lib/python3.11/site-packages/airflow/example_dags/example_python_operator.py
[2026-03-18T16:53:21.701+0100] {processor.py:914} INFO - Processing file /Users/atanasivanov/ipo-intel/ipo-intel/.venv_airflow/lib/python3.11/site-packages/airflow/example_dags/example_python_operator.py for tasks to queue
[2026-03-18T16:53:21.702+0100] {logging_mixin.py:190} INFO - [2026-03-18T16:53:21.702+0100] {dagbag.py:588} INFO - Filling up the DagBag from /Users/atanasivanov/ipo-intel/ipo-intel/.venv_airflow/lib/python3.11/site-packages/airflow/example_dags/example_python_operator.py
[2026-03-18T16:53:21.729+0100] {logging_mixin.py:190} INFO - [2026-03-18T16:53:21.729+0100] {example_python_operator.py:93} WARNING - The virtalenv_python example task requires virtualenv, please install it.
[2026-03-18T16:53:21.733+0100] {processor.py:925} INFO - DAG(s) 'example_python_operator' retrieved from /Users/atanasivanov/ipo-intel/ipo-intel/.venv_airflow/lib/python3.11/site-packages/airflow/example_dags/example_python_operator.py
[2026-03-18T16:53:21.844+0100] {logging_mixin.py:190} INFO - [2026-03-18T16:53:21.843+0100] {dag.py:3239} INFO - Sync 1 DAGs
[2026-03-18T16:53:21.913+0100] {logging_mixin.py:190} INFO - [2026-03-18T16:53:21.912+0100] {dag.py:4180} INFO - Setting next_dagrun for example_python_operator to None, run_after=None
[2026-03-18T16:53:21.934+0100] {processor.py:208} INFO - Processing /Users/atanasivanov/ipo-intel/ipo-intel/.venv_airflow/lib/python3.11/site-packages/airflow/example_dags/example_python_operator.py took 0.240 seconds
[2026-03-18T16:55:28.825+0100] {processor.py:186} INFO - Started process (PID=55145) to work on /Users/atanasivanov/ipo-intel/ipo-intel/.venv_airflow/lib/python3.11/site-packages/airflow/example_dags/example_python_operator.py
[2026-03-18T16:55:28.826+0100] {processor.py:914} INFO - Processing file /Users/atanasivanov/ipo-intel/ipo-intel/.venv_airflow/lib/python3.11/site-packages/airflow/example_dags/example_python_operator.py for tasks to queue
[2026-03-18T16:55:28.827+0100] {logging_mixin.py:190} INFO - [2026-03-18T16:55:28.827+0100] {dagbag.py:588} INFO - Filling up the DagBag from /Users/atanasivanov/ipo-intel/ipo-intel/.venv_airflow/lib/python3.11/site-packages/airflow/example_dags/example_python_operator.py
[2026-03-18T16:55:28.854+0100] {logging_mixin.py:190} INFO - [2026-03-18T16:55:28.854+0100] {example_python_operator.py:93} WARNING - The virtalenv_python example task requires virtualenv, please install it.
[2026-03-18T16:55:28.858+0100] {processor.py:925} INFO - DAG(s) 'example_python_operator' retrieved from /Users/atanasivanov/ipo-intel/ipo-intel/.venv_airflow/lib/python3.11/site-packages/airflow/example_dags/example_python_operator.py
[2026-03-18T16:55:28.972+0100] {logging_mixin.py:190} INFO - [2026-03-18T16:55:28.971+0100] {dag.py:3239} INFO - Sync 1 DAGs
[2026-03-18T16:55:29.045+0100] {logging_mixin.py:190} INFO - [2026-03-18T16:55:29.044+0100] {dag.py:4180} INFO - Setting next_dagrun for example_python_operator to None, run_after=None
[2026-03-18T16:55:29.065+0100] {processor.py:208} INFO - Processing /Users/atanasivanov/ipo-intel/ipo-intel/.venv_airflow/lib/python3.11/site-packages/airflow/example_dags/example_python_operator.py took 0.246 seconds
[2026-03-18T16:57:31.040+0100] {processor.py:186} INFO - Started process (PID=55612) to work on /Users/atanasivanov/ipo-intel/ipo-intel/.venv_airflow/lib/python3.11/site-packages/airflow/example_dags/example_python_operator.py
[2026-03-18T16:57:31.041+0100] {processor.py:914} INFO - Processing file /Users/atanasivanov/ipo-intel/ipo-intel/.venv_airflow/lib/python3.11/site-packages/airflow/example_dags/example_python_operator.py for tasks to queue
[2026-03-18T16:57:31.043+0100] {logging_mixin.py:190} INFO - [2026-03-18T16:57:31.043+0100] {dagbag.py:588} INFO - Filling up the DagBag from /Users/atanasivanov/ipo-intel/ipo-intel/.venv_airflow/lib/python3.11/site-packages/airflow/example_dags/example_python_operator.py
[2026-03-18T16:57:31.067+0100] {logging_mixin.py:190} INFO - [2026-03-18T16:57:31.067+0100] {example_python_operator.py:93} WARNING - The virtalenv_python example task requires virtualenv, please install it.
[2026-03-18T16:57:31.070+0100] {processor.py:925} INFO - DAG(s) 'example_python_operator' retrieved from /Users/atanasivanov/ipo-intel/ipo-intel/.venv_airflow/lib/python3.11/site-packages/airflow/example_dags/example_python_operator.py
[2026-03-18T16:57:31.157+0100] {logging_mixin.py:190} INFO - [2026-03-18T16:57:31.157+0100] {dag.py:3239} INFO - Sync 1 DAGs
[2026-03-18T16:57:31.220+0100] {logging_mixin.py:190} INFO - [2026-03-18T16:57:31.220+0100] {dag.py:4180} INFO - Setting next_dagrun for example_python_operator to None, run_after=None
[2026-03-18T16:57:31.239+0100] {processor.py:208} INFO - Processing /Users/atanasivanov/ipo-intel/ipo-intel/.venv_airflow/lib/python3.11/site-packages/airflow/example_dags/example_python_operator.py took 0.205 seconds
[2026-03-18T16:59:37.096+0100] {processor.py:186} INFO - Started process (PID=56062) to work on /Users/atanasivanov/ipo-intel/ipo-intel/.venv_airflow/lib/python3.11/site-packages/airflow/example_dags/example_python_operator.py
[2026-03-18T16:59:37.097+0100] {processor.py:914} INFO - Processing file /Users/atanasivanov/ipo-intel/ipo-intel/.venv_airflow/lib/python3.11/site-packages/airflow/example_dags/example_python_operator.py for tasks to queue
[2026-03-18T16:59:37.098+0100] {logging_mixin.py:190} INFO - [2026-03-18T16:59:37.098+0100] {dagbag.py:588} INFO - Filling up the DagBag from /Users/atanasivanov/ipo-intel/ipo-intel/.venv_airflow/lib/python3.11/site-packages/airflow/example_dags/example_python_operator.py
[2026-03-18T16:59:37.120+0100] {logging_mixin.py:190} INFO - [2026-03-18T16:59:37.120+0100] {example_python_operator.py:93} WARNING - The virtalenv_python example task requires virtualenv, please install it.
[2026-03-18T16:59:37.123+0100] {processor.py:925} INFO - DAG(s) 'example_python_operator' retrieved from /Users/atanasivanov/ipo-intel/ipo-intel/.venv_airflow/lib/python3.11/site-packages/airflow/example_dags/example_python_operator.py
[2026-03-18T16:59:37.204+0100] {logging_mixin.py:190} INFO - [2026-03-18T16:59:37.203+0100] {dag.py:3239} INFO - Sync 1 DAGs
[2026-03-18T16:59:37.262+0100] {logging_mixin.py:190} INFO - [2026-03-18T16:59:37.262+0100] {dag.py:4180} INFO - Setting next_dagrun for example_python_operator to None, run_after=None
[2026-03-18T16:59:37.280+0100] {processor.py:208} INFO - Processing /Users/atanasivanov/ipo-intel/ipo-intel/.venv_airflow/lib/python3.11/site-packages/airflow/example_dags/example_python_operator.py took 0.190 seconds
[2026-03-18T17:01:35.042+0100] {processor.py:186} INFO - Started process (PID=56491) to work on /Users/atanasivanov/ipo-intel/ipo-intel/.venv_airflow/lib/python3.11/site-packages/airflow/example_dags/example_python_operator.py
[2026-03-18T17:01:35.043+0100] {processor.py:914} INFO - Processing file /Users/atanasivanov/ipo-intel/ipo-intel/.venv_airflow/lib/python3.11/site-packages/airflow/example_dags/example_python_operator.py for tasks to queue
[2026-03-18T17:01:35.045+0100] {logging_mixin.py:190} INFO - [2026-03-18T17:01:35.045+0100] {dagbag.py:588} INFO - Filling up the DagBag from /Users/atanasivanov/ipo-intel/ipo-intel/.venv_airflow/lib/python3.11/site-packages/airflow/example_dags/example_python_operator.py
[2026-03-18T17:01:35.064+0100] {logging_mixin.py:190} INFO - [2026-03-18T17:01:35.064+0100] {example_python_operator.py:93} WARNING - The virtalenv_python example task requires virtualenv, please install it.
[2026-03-18T17:01:35.067+0100] {processor.py:925} INFO - DAG(s) 'example_python_operator' retrieved from /Users/atanasivanov/ipo-intel/ipo-intel/.venv_airflow/lib/python3.11/site-packages/airflow/example_dags/example_python_operator.py
[2026-03-18T17:01:35.144+0100] {logging_mixin.py:190} INFO - [2026-03-18T17:01:35.144+0100] {dag.py:3239} INFO - Sync 1 DAGs
[2026-03-18T17:01:35.198+0100] {logging_mixin.py:190} INFO - [2026-03-18T17:01:35.198+0100] {dag.py:4180} INFO - Setting next_dagrun for example_python_operator to None, run_after=None
[2026-03-18T17:01:35.214+0100] {processor.py:208} INFO - Processing /Users/atanasivanov/ipo-intel/ipo-intel/.venv_airflow/lib/python3.11/site-packages/airflow/example_dags/example_python_operator.py took 0.177 seconds
[2026-03-18T17:03:32.489+0100] {processor.py:186} INFO - Started process (PID=56919) to work on /Users/atanasivanov/ipo-intel/ipo-intel/.venv_airflow/lib/python3.11/site-packages/airflow/example_dags/example_python_operator.py
[2026-03-18T17:03:32.490+0100] {processor.py:914} INFO - Processing file /Users/atanasivanov/ipo-intel/ipo-intel/.venv_airflow/lib/python3.11/site-packages/airflow/example_dags/example_python_operator.py for tasks to queue
[2026-03-18T17:03:32.491+0100] {logging_mixin.py:190} INFO - [2026-03-18T17:03:32.491+0100] {dagbag.py:588} INFO - Filling up the DagBag from /Users/atanasivanov/ipo-intel/ipo-intel/.venv_airflow/lib/python3.11/site-packages/airflow/example_dags/example_python_operator.py
[2026-03-18T17:03:32.511+0100] {logging_mixin.py:190} INFO - [2026-03-18T17:03:32.511+0100] {example_python_operator.py:93} WARNING - The virtalenv_python example task requires virtualenv, please install it.
[2026-03-18T17:03:32.514+0100] {processor.py:925} INFO - DAG(s) 'example_python_operator' retrieved from /Users/atanasivanov/ipo-intel/ipo-intel/.venv_airflow/lib/python3.11/site-packages/airflow/example_dags/example_python_operator.py
[2026-03-18T17:03:32.590+0100] {logging_mixin.py:190} INFO - [2026-03-18T17:03:32.590+0100] {dag.py:3239} INFO - Sync 1 DAGs
[2026-03-18T17:03:32.643+0100] {logging_mixin.py:190} INFO - [2026-03-18T17:03:32.643+0100] {dag.py:4180} INFO - Setting next_dagrun for example_python_operator to None, run_after=None
[2026-03-18T17:03:32.660+0100] {processor.py:208} INFO - Processing /Users/atanasivanov/ipo-intel/ipo-intel/.venv_airflow/lib/python3.11/site-packages/airflow/example_dags/example_python_operator.py took 0.176 seconds
[2026-03-18T17:05:28.256+0100] {processor.py:186} INFO - Started process (PID=57347) to work on /Users/atanasivanov/ipo-intel/ipo-intel/.venv_airflow/lib/python3.11/site-packages/airflow/example_dags/example_python_operator.py
[2026-03-18T17:05:28.257+0100] {processor.py:914} INFO - Processing file /Users/atanasivanov/ipo-intel/ipo-intel/.venv_airflow/lib/python3.11/site-packages/airflow/example_dags/example_python_operator.py for tasks to queue
[2026-03-18T17:05:28.258+0100] {logging_mixin.py:190} INFO - [2026-03-18T17:05:28.258+0100] {dagbag.py:588} INFO - Filling up the DagBag from /Users/atanasivanov/ipo-intel/ipo-intel/.venv_airflow/lib/python3.11/site-packages/airflow/example_dags/example_python_operator.py
[2026-03-18T17:05:28.277+0100] {logging_mixin.py:190} INFO - [2026-03-18T17:05:28.277+0100] {example_python_operator.py:93} WARNING - The virtalenv_python example task requires virtualenv, please install it.
[2026-03-18T17:05:28.280+0100] {processor.py:925} INFO - DAG(s) 'example_python_operator' retrieved from /Users/atanasivanov/ipo-intel/ipo-intel/.venv_airflow/lib/python3.11/site-packages/airflow/example_dags/example_python_operator.py
[2026-03-18T17:05:28.355+0100] {logging_mixin.py:190} INFO - [2026-03-18T17:05:28.355+0100] {dag.py:3239} INFO - Sync 1 DAGs
[2026-03-18T17:05:28.409+0100] {logging_mixin.py:190} INFO - [2026-03-18T17:05:28.409+0100] {dag.py:4180} INFO - Setting next_dagrun for example_python_operator to None, run_after=None
[2026-03-18T17:05:28.426+0100] {processor.py:208} INFO - Processing /Users/atanasivanov/ipo-intel/ipo-intel/.venv_airflow/lib/python3.11/site-packages/airflow/example_dags/example_python_operator.py took 0.175 seconds
[2026-03-18T17:07:22.822+0100] {processor.py:186} INFO - Started process (PID=57767) to work on /Users/atanasivanov/ipo-intel/ipo-intel/.venv_airflow/lib/python3.11/site-packages/airflow/example_dags/example_python_operator.py
[2026-03-18T17:07:22.823+0100] {processor.py:914} INFO - Processing file /Users/atanasivanov/ipo-intel/ipo-intel/.venv_airflow/lib/python3.11/site-packages/airflow/example_dags/example_python_operator.py for tasks to queue
[2026-03-18T17:07:22.824+0100] {logging_mixin.py:190} INFO - [2026-03-18T17:07:22.824+0100] {dagbag.py:588} INFO - Filling up the DagBag from /Users/atanasivanov/ipo-intel/ipo-intel/.venv_airflow/lib/python3.11/site-packages/airflow/example_dags/example_python_operator.py
[2026-03-18T17:07:22.846+0100] {logging_mixin.py:190} INFO - [2026-03-18T17:07:22.846+0100] {example_python_operator.py:93} WARNING - The virtalenv_python example task requires virtualenv, please install it.
[2026-03-18T17:07:22.850+0100] {processor.py:925} INFO - DAG(s) 'example_python_operator' retrieved from /Users/atanasivanov/ipo-intel/ipo-intel/.venv_airflow/lib/python3.11/site-packages/airflow/example_dags/example_python_operator.py
[2026-03-18T17:07:22.929+0100] {logging_mixin.py:190} INFO - [2026-03-18T17:07:22.928+0100] {dag.py:3239} INFO - Sync 1 DAGs
[2026-03-18T17:07:22.984+0100] {logging_mixin.py:190} INFO - [2026-03-18T17:07:22.984+0100] {dag.py:4180} INFO - Setting next_dagrun for example_python_operator to None, run_after=None
[2026-03-18T17:07:23.002+0100] {processor.py:208} INFO - Processing /Users/atanasivanov/ipo-intel/ipo-intel/.venv_airflow/lib/python3.11/site-packages/airflow/example_dags/example_python_operator.py took 0.185 seconds
[2026-03-18T17:09:21.892+0100] {processor.py:186} INFO - Started process (PID=58224) to work on /Users/atanasivanov/ipo-intel/ipo-intel/.venv_airflow/lib/python3.11/site-packages/airflow/example_dags/example_python_operator.py
[2026-03-18T17:09:21.893+0100] {processor.py:914} INFO - Processing file /Users/atanasivanov/ipo-intel/ipo-intel/.venv_airflow/lib/python3.11/site-packages/airflow/example_dags/example_python_operator.py for tasks to queue
[2026-03-18T17:09:21.894+0100] {logging_mixin.py:190} INFO - [2026-03-18T17:09:21.893+0100] {dagbag.py:588} INFO - Filling up the DagBag from /Users/atanasivanov/ipo-intel/ipo-intel/.venv_airflow/lib/python3.11/site-packages/airflow/example_dags/example_python_operator.py
[2026-03-18T17:09:21.916+0100] {logging_mixin.py:190} INFO - [2026-03-18T17:09:21.916+0100] {example_python_operator.py:93} WARNING - The virtalenv_python example task requires virtualenv, please install it.
[2026-03-18T17:09:21.920+0100] {processor.py:925} INFO - DAG(s) 'example_python_operator' retrieved from /Users/atanasivanov/ipo-intel/ipo-intel/.venv_airflow/lib/python3.11/site-packages/airflow/example_dags/example_python_operator.py
[2026-03-18T17:09:21.999+0100] {logging_mixin.py:190} INFO - [2026-03-18T17:09:21.999+0100] {dag.py:3239} INFO - Sync 1 DAGs
[2026-03-18T17:09:22.061+0100] {logging_mixin.py:190} INFO - [2026-03-18T17:09:22.061+0100] {dag.py:4180} INFO - Setting next_dagrun for example_python_operator to None, run_after=None
[2026-03-18T17:09:22.081+0100] {processor.py:208} INFO - Processing /Users/atanasivanov/ipo-intel/ipo-intel/.venv_airflow/lib/python3.11/site-packages/airflow/example_dags/example_python_operator.py took 0.195 seconds
[2026-03-18T17:11:20.478+0100] {processor.py:186} INFO - Started process (PID=58709) to work on /Users/atanasivanov/ipo-intel/ipo-intel/.venv_airflow/lib/python3.11/site-packages/airflow/example_dags/example_python_operator.py
[2026-03-18T17:11:20.479+0100] {processor.py:914} INFO - Processing file /Users/atanasivanov/ipo-intel/ipo-intel/.venv_airflow/lib/python3.11/site-packages/airflow/example_dags/example_python_operator.py for tasks to queue
[2026-03-18T17:11:20.480+0100] {logging_mixin.py:190} INFO - [2026-03-18T17:11:20.479+0100] {dagbag.py:588} INFO - Filling up the DagBag from /Users/atanasivanov/ipo-intel/ipo-intel/.venv_airflow/lib/python3.11/site-packages/airflow/example_dags/example_python_operator.py
[2026-03-18T17:11:20.500+0100] {logging_mixin.py:190} INFO - [2026-03-18T17:11:20.500+0100] {example_python_operator.py:93} WARNING - The virtalenv_python example task requires virtualenv, please install it.
[2026-03-18T17:11:20.503+0100] {processor.py:925} INFO - DAG(s) 'example_python_operator' retrieved from /Users/atanasivanov/ipo-intel/ipo-intel/.venv_airflow/lib/python3.11/site-packages/airflow/example_dags/example_python_operator.py
[2026-03-18T17:11:20.581+0100] {logging_mixin.py:190} INFO - [2026-03-18T17:11:20.581+0100] {dag.py:3239} INFO - Sync 1 DAGs
[2026-03-18T17:11:20.637+0100] {logging_mixin.py:190} INFO - [2026-03-18T17:11:20.637+0100] {dag.py:4180} INFO - Setting next_dagrun for example_python_operator to None, run_after=None
[2026-03-18T17:11:20.655+0100] {processor.py:208} INFO - Processing /Users/atanasivanov/ipo-intel/ipo-intel/.venv_airflow/lib/python3.11/site-packages/airflow/example_dags/example_python_operator.py took 0.182 seconds
[2026-03-18T17:13:26.344+0100] {processor.py:186} INFO - Started process (PID=59455) to work on /Users/atanasivanov/ipo-intel/ipo-intel/.venv_airflow/lib/python3.11/site-packages/airflow/example_dags/example_python_operator.py
[2026-03-18T17:13:26.345+0100] {processor.py:914} INFO - Processing file /Users/atanasivanov/ipo-intel/ipo-intel/.venv_airflow/lib/python3.11/site-packages/airflow/example_dags/example_python_operator.py for tasks to queue
[2026-03-18T17:13:26.346+0100] {logging_mixin.py:190} INFO - [2026-03-18T17:13:26.346+0100] {dagbag.py:588} INFO - Filling up the DagBag from /Users/atanasivanov/ipo-intel/ipo-intel/.venv_airflow/lib/python3.11/site-packages/airflow/example_dags/example_python_operator.py
[2026-03-18T17:13:26.369+0100] {logging_mixin.py:190} INFO - [2026-03-18T17:13:26.369+0100] {example_python_operator.py:93} WARNING - The virtalenv_python example task requires virtualenv, please install it.
[2026-03-18T17:13:26.373+0100] {processor.py:925} INFO - DAG(s) 'example_python_operator' retrieved from /Users/atanasivanov/ipo-intel/ipo-intel/.venv_airflow/lib/python3.11/site-packages/airflow/example_dags/example_python_operator.py
[2026-03-18T17:13:26.456+0100] {logging_mixin.py:190} INFO - [2026-03-18T17:13:26.456+0100] {dag.py:3239} INFO - Sync 1 DAGs
[2026-03-18T17:13:26.516+0100] {logging_mixin.py:190} INFO - [2026-03-18T17:13:26.516+0100] {dag.py:4180} INFO - Setting next_dagrun for example_python_operator to None, run_after=None
[2026-03-18T17:13:26.533+0100] {processor.py:208} INFO - Processing /Users/atanasivanov/ipo-intel/ipo-intel/.venv_airflow/lib/python3.11/site-packages/airflow/example_dags/example_python_operator.py took 0.194 seconds
[2026-03-18T17:15:27.998+0100] {processor.py:186} INFO - Started process (PID=60644) to work on /Users/atanasivanov/ipo-intel/ipo-intel/.venv_airflow/lib/python3.11/site-packages/airflow/example_dags/example_python_operator.py
[2026-03-18T17:15:27.999+0100] {processor.py:914} INFO - Processing file /Users/atanasivanov/ipo-intel/ipo-intel/.venv_airflow/lib/python3.11/site-packages/airflow/example_dags/example_python_operator.py for tasks to queue
[2026-03-18T17:15:28.000+0100] {logging_mixin.py:190} INFO - [2026-03-18T17:15:27.999+0100] {dagbag.py:588} INFO - Filling up the DagBag from /Users/atanasivanov/ipo-intel/ipo-intel/.venv_airflow/lib/python3.11/site-packages/airflow/example_dags/example_python_operator.py
[2026-03-18T17:15:28.023+0100] {logging_mixin.py:190} INFO - [2026-03-18T17:15:28.023+0100] {example_python_operator.py:93} WARNING - The virtalenv_python example task requires virtualenv, please install it.
[2026-03-18T17:15:28.027+0100] {processor.py:925} INFO - DAG(s) 'example_python_operator' retrieved from /Users/atanasivanov/ipo-intel/ipo-intel/.venv_airflow/lib/python3.11/site-packages/airflow/example_dags/example_python_operator.py
[2026-03-18T17:15:28.116+0100] {logging_mixin.py:190} INFO - [2026-03-18T17:15:28.116+0100] {dag.py:3239} INFO - Sync 1 DAGs
[2026-03-18T17:15:28.187+0100] {logging_mixin.py:190} INFO - [2026-03-18T17:15:28.187+0100] {dag.py:4180} INFO - Setting next_dagrun for example_python_operator to None, run_after=None
[2026-03-18T17:15:28.210+0100] {processor.py:208} INFO - Processing /Users/atanasivanov/ipo-intel/ipo-intel/.venv_airflow/lib/python3.11/site-packages/airflow/example_dags/example_python_operator.py took 0.217 seconds
