[2026-03-18T16:21:23.826+0100] {processor.py:186} INFO - Started process (PID=45578) to work on /Users/atanasivanov/ipo-intel/ipo-intel/.venv_airflow/lib/python3.11/site-packages/airflow/example_dags/example_dynamic_task_mapping_with_no_taskflow_operators.py
[2026-03-18T16:21:23.827+0100] {processor.py:914} INFO - Processing file /Users/atanasivanov/ipo-intel/ipo-intel/.venv_airflow/lib/python3.11/site-packages/airflow/example_dags/example_dynamic_task_mapping_with_no_taskflow_operators.py for tasks to queue
[2026-03-18T16:21:23.828+0100] {logging_mixin.py:190} INFO - [2026-03-18T16:21:23.827+0100] {dagbag.py:588} INFO - Filling up the DagBag from /Users/atanasivanov/ipo-intel/ipo-intel/.venv_airflow/lib/python3.11/site-packages/airflow/example_dags/example_dynamic_task_mapping_with_no_taskflow_operators.py
[2026-03-18T16:21:23.836+0100] {processor.py:925} INFO - DAG(s) 'example_dynamic_task_mapping_with_no_taskflow_operators' retrieved from /Users/atanasivanov/ipo-intel/ipo-intel/.venv_airflow/lib/python3.11/site-packages/airflow/example_dags/example_dynamic_task_mapping_with_no_taskflow_operators.py
[2026-03-18T16:21:24.059+0100] {logging_mixin.py:190} INFO - [2026-03-18T16:21:24.059+0100] {override.py:1912} INFO - Created Permission View: can delete on DAG:example_dynamic_task_mapping_with_no_taskflow_operators
[2026-03-18T16:21:24.068+0100] {logging_mixin.py:190} INFO - [2026-03-18T16:21:24.068+0100] {override.py:1912} INFO - Created Permission View: can read on DAG:example_dynamic_task_mapping_with_no_taskflow_operators
[2026-03-18T16:21:24.074+0100] {logging_mixin.py:190} INFO - [2026-03-18T16:21:24.073+0100] {override.py:1912} INFO - Created Permission View: can edit on DAG:example_dynamic_task_mapping_with_no_taskflow_operators
[2026-03-18T16:21:24.081+0100] {logging_mixin.py:190} INFO - [2026-03-18T16:21:24.081+0100] {override.py:1912} INFO - Created Permission View: can create on DAG Run:example_dynamic_task_mapping_with_no_taskflow_operators
[2026-03-18T16:21:24.088+0100] {logging_mixin.py:190} INFO - [2026-03-18T16:21:24.088+0100] {override.py:1912} INFO - Created Permission View: can delete on DAG Run:example_dynamic_task_mapping_with_no_taskflow_operators
[2026-03-18T16:21:24.093+0100] {logging_mixin.py:190} INFO - [2026-03-18T16:21:24.093+0100] {override.py:1912} INFO - Created Permission View: can read on DAG Run:example_dynamic_task_mapping_with_no_taskflow_operators
[2026-03-18T16:21:24.099+0100] {logging_mixin.py:190} INFO - [2026-03-18T16:21:24.098+0100] {override.py:1912} INFO - Created Permission View: menu access on DAG Run:example_dynamic_task_mapping_with_no_taskflow_operators
[2026-03-18T16:21:24.099+0100] {logging_mixin.py:190} INFO - [2026-03-18T16:21:24.099+0100] {dag.py:3239} INFO - Sync 1 DAGs
[2026-03-18T16:21:24.109+0100] {logging_mixin.py:190} INFO - [2026-03-18T16:21:24.109+0100] {dag.py:3262} INFO - Creating ORM DAG for example_dynamic_task_mapping_with_no_taskflow_operators
[2026-03-18T16:21:24.110+0100] {logging_mixin.py:190} INFO - [2026-03-18T16:21:24.109+0100] {dag.py:4180} INFO - Setting next_dagrun for example_dynamic_task_mapping_with_no_taskflow_operators to None, run_after=None
[2026-03-18T16:21:24.122+0100] {processor.py:208} INFO - Processing /Users/atanasivanov/ipo-intel/ipo-intel/.venv_airflow/lib/python3.11/site-packages/airflow/example_dags/example_dynamic_task_mapping_with_no_taskflow_operators.py took 0.302 seconds
[2026-03-18T16:24:01.944+0100] {processor.py:186} INFO - Started process (PID=46163) to work on /Users/atanasivanov/ipo-intel/ipo-intel/.venv_airflow/lib/python3.11/site-packages/airflow/example_dags/example_dynamic_task_mapping_with_no_taskflow_operators.py
[2026-03-18T16:24:01.945+0100] {processor.py:914} INFO - Processing file /Users/atanasivanov/ipo-intel/ipo-intel/.venv_airflow/lib/python3.11/site-packages/airflow/example_dags/example_dynamic_task_mapping_with_no_taskflow_operators.py for tasks to queue
[2026-03-18T16:24:01.946+0100] {logging_mixin.py:190} INFO - [2026-03-18T16:24:01.946+0100] {dagbag.py:588} INFO - Filling up the DagBag from /Users/atanasivanov/ipo-intel/ipo-intel/.venv_airflow/lib/python3.11/site-packages/airflow/example_dags/example_dynamic_task_mapping_with_no_taskflow_operators.py
[2026-03-18T16:24:01.953+0100] {processor.py:925} INFO - DAG(s) 'example_dynamic_task_mapping_with_no_taskflow_operators' retrieved from /Users/atanasivanov/ipo-intel/ipo-intel/.venv_airflow/lib/python3.11/site-packages/airflow/example_dags/example_dynamic_task_mapping_with_no_taskflow_operators.py
[2026-03-18T16:24:02.033+0100] {logging_mixin.py:190} INFO - [2026-03-18T16:24:02.032+0100] {dag.py:3239} INFO - Sync 1 DAGs
[2026-03-18T16:24:02.041+0100] {logging_mixin.py:190} INFO - [2026-03-18T16:24:02.040+0100] {dag.py:4180} INFO - Setting next_dagrun for example_dynamic_task_mapping_with_no_taskflow_operators to None, run_after=None
[2026-03-18T16:24:02.053+0100] {processor.py:208} INFO - Processing /Users/atanasivanov/ipo-intel/ipo-intel/.venv_airflow/lib/python3.11/site-packages/airflow/example_dags/example_dynamic_task_mapping_with_no_taskflow_operators.py took 0.114 seconds
[2026-03-18T16:28:07.779+0100] {processor.py:186} INFO - Started process (PID=47766) to work on /Users/atanasivanov/ipo-intel/ipo-intel/.venv_airflow/lib/python3.11/site-packages/airflow/example_dags/example_dynamic_task_mapping_with_no_taskflow_operators.py
[2026-03-18T16:28:07.780+0100] {processor.py:914} INFO - Processing file /Users/atanasivanov/ipo-intel/ipo-intel/.venv_airflow/lib/python3.11/site-packages/airflow/example_dags/example_dynamic_task_mapping_with_no_taskflow_operators.py for tasks to queue
[2026-03-18T16:28:07.781+0100] {logging_mixin.py:190} INFO - [2026-03-18T16:28:07.781+0100] {dagbag.py:588} INFO - Filling up the DagBag from /Users/atanasivanov/ipo-intel/ipo-intel/.venv_airflow/lib/python3.11/site-packages/airflow/example_dags/example_dynamic_task_mapping_with_no_taskflow_operators.py
[2026-03-18T16:28:07.787+0100] {processor.py:925} INFO - DAG(s) 'example_dynamic_task_mapping_with_no_taskflow_operators' retrieved from /Users/atanasivanov/ipo-intel/ipo-intel/.venv_airflow/lib/python3.11/site-packages/airflow/example_dags/example_dynamic_task_mapping_with_no_taskflow_operators.py
[2026-03-18T16:28:07.865+0100] {logging_mixin.py:190} INFO - [2026-03-18T16:28:07.865+0100] {dag.py:3239} INFO - Sync 1 DAGs
[2026-03-18T16:28:07.873+0100] {logging_mixin.py:190} INFO - [2026-03-18T16:28:07.873+0100] {dag.py:4180} INFO - Setting next_dagrun for example_dynamic_task_mapping_with_no_taskflow_operators to None, run_after=None
[2026-03-18T16:28:07.886+0100] {processor.py:208} INFO - Processing /Users/atanasivanov/ipo-intel/ipo-intel/.venv_airflow/lib/python3.11/site-packages/airflow/example_dags/example_dynamic_task_mapping_with_no_taskflow_operators.py took 0.113 seconds
[2026-03-18T16:32:01.454+0100] {processor.py:186} INFO - Started process (PID=48615) to work on /Users/atanasivanov/ipo-intel/ipo-intel/.venv_airflow/lib/python3.11/site-packages/airflow/example_dags/example_dynamic_task_mapping_with_no_taskflow_operators.py
[2026-03-18T16:32:01.455+0100] {processor.py:914} INFO - Processing file /Users/atanasivanov/ipo-intel/ipo-intel/.venv_airflow/lib/python3.11/site-packages/airflow/example_dags/example_dynamic_task_mapping_with_no_taskflow_operators.py for tasks to queue
[2026-03-18T16:32:01.456+0100] {logging_mixin.py:190} INFO - [2026-03-18T16:32:01.456+0100] {dagbag.py:588} INFO - Filling up the DagBag from /Users/atanasivanov/ipo-intel/ipo-intel/.venv_airflow/lib/python3.11/site-packages/airflow/example_dags/example_dynamic_task_mapping_with_no_taskflow_operators.py
[2026-03-18T16:32:01.463+0100] {processor.py:925} INFO - DAG(s) 'example_dynamic_task_mapping_with_no_taskflow_operators' retrieved from /Users/atanasivanov/ipo-intel/ipo-intel/.venv_airflow/lib/python3.11/site-packages/airflow/example_dags/example_dynamic_task_mapping_with_no_taskflow_operators.py
[2026-03-18T16:32:01.542+0100] {logging_mixin.py:190} INFO - [2026-03-18T16:32:01.542+0100] {dag.py:3239} INFO - Sync 1 DAGs
[2026-03-18T16:32:01.550+0100] {logging_mixin.py:190} INFO - [2026-03-18T16:32:01.550+0100] {dag.py:4180} INFO - Setting next_dagrun for example_dynamic_task_mapping_with_no_taskflow_operators to None, run_after=None
[2026-03-18T16:32:01.564+0100] {processor.py:208} INFO - Processing /Users/atanasivanov/ipo-intel/ipo-intel/.venv_airflow/lib/python3.11/site-packages/airflow/example_dags/example_dynamic_task_mapping_with_no_taskflow_operators.py took 0.114 seconds
[2026-03-18T16:35:51.323+0100] {processor.py:186} INFO - Started process (PID=49456) to work on /Users/atanasivanov/ipo-intel/ipo-intel/.venv_airflow/lib/python3.11/site-packages/airflow/example_dags/example_dynamic_task_mapping_with_no_taskflow_operators.py
[2026-03-18T16:35:51.324+0100] {processor.py:914} INFO - Processing file /Users/atanasivanov/ipo-intel/ipo-intel/.venv_airflow/lib/python3.11/site-packages/airflow/example_dags/example_dynamic_task_mapping_with_no_taskflow_operators.py for tasks to queue
[2026-03-18T16:35:51.325+0100] {logging_mixin.py:190} INFO - [2026-03-18T16:35:51.325+0100] {dagbag.py:588} INFO - Filling up the DagBag from /Users/atanasivanov/ipo-intel/ipo-intel/.venv_airflow/lib/python3.11/site-packages/airflow/example_dags/example_dynamic_task_mapping_with_no_taskflow_operators.py
[2026-03-18T16:35:51.332+0100] {processor.py:925} INFO - DAG(s) 'example_dynamic_task_mapping_with_no_taskflow_operators' retrieved from /Users/atanasivanov/ipo-intel/ipo-intel/.venv_airflow/lib/python3.11/site-packages/airflow/example_dags/example_dynamic_task_mapping_with_no_taskflow_operators.py
[2026-03-18T16:35:51.411+0100] {logging_mixin.py:190} INFO - [2026-03-18T16:35:51.411+0100] {dag.py:3239} INFO - Sync 1 DAGs
[2026-03-18T16:35:51.419+0100] {logging_mixin.py:190} INFO - [2026-03-18T16:35:51.419+0100] {dag.py:4180} INFO - Setting next_dagrun for example_dynamic_task_mapping_with_no_taskflow_operators to None, run_after=None
[2026-03-18T16:35:51.432+0100] {processor.py:208} INFO - Processing /Users/atanasivanov/ipo-intel/ipo-intel/.venv_airflow/lib/python3.11/site-packages/airflow/example_dags/example_dynamic_task_mapping_with_no_taskflow_operators.py took 0.114 seconds
[2026-03-18T16:39:38.072+0100] {processor.py:186} INFO - Started process (PID=50898) to work on /Users/atanasivanov/ipo-intel/ipo-intel/.venv_airflow/lib/python3.11/site-packages/airflow/example_dags/example_dynamic_task_mapping_with_no_taskflow_operators.py
[2026-03-18T16:39:38.073+0100] {processor.py:914} INFO - Processing file /Users/atanasivanov/ipo-intel/ipo-intel/.venv_airflow/lib/python3.11/site-packages/airflow/example_dags/example_dynamic_task_mapping_with_no_taskflow_operators.py for tasks to queue
[2026-03-18T16:39:38.074+0100] {logging_mixin.py:190} INFO - [2026-03-18T16:39:38.074+0100] {dagbag.py:588} INFO - Filling up the DagBag from /Users/atanasivanov/ipo-intel/ipo-intel/.venv_airflow/lib/python3.11/site-packages/airflow/example_dags/example_dynamic_task_mapping_with_no_taskflow_operators.py
[2026-03-18T16:39:38.082+0100] {processor.py:925} INFO - DAG(s) 'example_dynamic_task_mapping_with_no_taskflow_operators' retrieved from /Users/atanasivanov/ipo-intel/ipo-intel/.venv_airflow/lib/python3.11/site-packages/airflow/example_dags/example_dynamic_task_mapping_with_no_taskflow_operators.py
[2026-03-18T16:39:38.168+0100] {logging_mixin.py:190} INFO - [2026-03-18T16:39:38.167+0100] {dag.py:3239} INFO - Sync 1 DAGs
[2026-03-18T16:39:38.176+0100] {logging_mixin.py:190} INFO - [2026-03-18T16:39:38.176+0100] {dag.py:4180} INFO - Setting next_dagrun for example_dynamic_task_mapping_with_no_taskflow_operators to None, run_after=None
[2026-03-18T16:39:38.193+0100] {processor.py:208} INFO - Processing /Users/atanasivanov/ipo-intel/ipo-intel/.venv_airflow/lib/python3.11/site-packages/airflow/example_dags/example_dynamic_task_mapping_with_no_taskflow_operators.py took 0.126 seconds
[2026-03-18T16:49:19.703+0100] {processor.py:186} INFO - Started process (PID=53502) to work on /Users/atanasivanov/ipo-intel/ipo-intel/.venv_airflow/lib/python3.11/site-packages/airflow/example_dags/example_dynamic_task_mapping_with_no_taskflow_operators.py
[2026-03-18T16:49:19.704+0100] {processor.py:914} INFO - Processing file /Users/atanasivanov/ipo-intel/ipo-intel/.venv_airflow/lib/python3.11/site-packages/airflow/example_dags/example_dynamic_task_mapping_with_no_taskflow_operators.py for tasks to queue
[2026-03-18T16:49:19.705+0100] {logging_mixin.py:190} INFO - [2026-03-18T16:49:19.705+0100] {dagbag.py:588} INFO - Filling up the DagBag from /Users/atanasivanov/ipo-intel/ipo-intel/.venv_airflow/lib/python3.11/site-packages/airflow/example_dags/example_dynamic_task_mapping_with_no_taskflow_operators.py
[2026-03-18T16:49:19.712+0100] {processor.py:925} INFO - DAG(s) 'example_dynamic_task_mapping_with_no_taskflow_operators' retrieved from /Users/atanasivanov/ipo-intel/ipo-intel/.venv_airflow/lib/python3.11/site-packages/airflow/example_dags/example_dynamic_task_mapping_with_no_taskflow_operators.py
[2026-03-18T16:49:19.792+0100] {logging_mixin.py:190} INFO - [2026-03-18T16:49:19.791+0100] {dag.py:3239} INFO - Sync 1 DAGs
[2026-03-18T16:49:19.800+0100] {logging_mixin.py:190} INFO - [2026-03-18T16:49:19.799+0100] {dag.py:4180} INFO - Setting next_dagrun for example_dynamic_task_mapping_with_no_taskflow_operators to None, run_after=None
[2026-03-18T16:49:19.813+0100] {processor.py:208} INFO - Processing /Users/atanasivanov/ipo-intel/ipo-intel/.venv_airflow/lib/python3.11/site-packages/airflow/example_dags/example_dynamic_task_mapping_with_no_taskflow_operators.py took 0.114 seconds
[2026-03-18T16:51:52.830+0100] {processor.py:186} INFO - Started process (PID=54054) to work on /Users/atanasivanov/ipo-intel/ipo-intel/.venv_airflow/lib/python3.11/site-packages/airflow/example_dags/example_dynamic_task_mapping_with_no_taskflow_operators.py
[2026-03-18T16:51:52.830+0100] {processor.py:914} INFO - Processing file /Users/atanasivanov/ipo-intel/ipo-intel/.venv_airflow/lib/python3.11/site-packages/airflow/example_dags/example_dynamic_task_mapping_with_no_taskflow_operators.py for tasks to queue
[2026-03-18T16:51:52.831+0100] {logging_mixin.py:190} INFO - [2026-03-18T16:51:52.831+0100] {dagbag.py:588} INFO - Filling up the DagBag from /Users/atanasivanov/ipo-intel/ipo-intel/.venv_airflow/lib/python3.11/site-packages/airflow/example_dags/example_dynamic_task_mapping_with_no_taskflow_operators.py
[2026-03-18T16:51:52.837+0100] {processor.py:925} INFO - DAG(s) 'example_dynamic_task_mapping_with_no_taskflow_operators' retrieved from /Users/atanasivanov/ipo-intel/ipo-intel/.venv_airflow/lib/python3.11/site-packages/airflow/example_dags/example_dynamic_task_mapping_with_no_taskflow_operators.py
[2026-03-18T16:51:52.917+0100] {logging_mixin.py:190} INFO - [2026-03-18T16:51:52.916+0100] {dag.py:3239} INFO - Sync 1 DAGs
[2026-03-18T16:51:52.925+0100] {logging_mixin.py:190} INFO - [2026-03-18T16:51:52.924+0100] {dag.py:4180} INFO - Setting next_dagrun for example_dynamic_task_mapping_with_no_taskflow_operators to None, run_after=None
[2026-03-18T16:51:52.937+0100] {processor.py:208} INFO - Processing /Users/atanasivanov/ipo-intel/ipo-intel/.venv_airflow/lib/python3.11/site-packages/airflow/example_dags/example_dynamic_task_mapping_with_no_taskflow_operators.py took 0.112 seconds
[2026-03-18T16:56:04.572+0100] {processor.py:186} INFO - Started process (PID=55275) to work on /Users/atanasivanov/ipo-intel/ipo-intel/.venv_airflow/lib/python3.11/site-packages/airflow/example_dags/example_dynamic_task_mapping_with_no_taskflow_operators.py
[2026-03-18T16:56:04.573+0100] {processor.py:914} INFO - Processing file /Users/atanasivanov/ipo-intel/ipo-intel/.venv_airflow/lib/python3.11/site-packages/airflow/example_dags/example_dynamic_task_mapping_with_no_taskflow_operators.py for tasks to queue
[2026-03-18T16:56:04.574+0100] {logging_mixin.py:190} INFO - [2026-03-18T16:56:04.574+0100] {dagbag.py:588} INFO - Filling up the DagBag from /Users/atanasivanov/ipo-intel/ipo-intel/.venv_airflow/lib/python3.11/site-packages/airflow/example_dags/example_dynamic_task_mapping_with_no_taskflow_operators.py
[2026-03-18T16:56:04.582+0100] {processor.py:925} INFO - DAG(s) 'example_dynamic_task_mapping_with_no_taskflow_operators' retrieved from /Users/atanasivanov/ipo-intel/ipo-intel/.venv_airflow/lib/python3.11/site-packages/airflow/example_dags/example_dynamic_task_mapping_with_no_taskflow_operators.py
[2026-03-18T16:56:04.666+0100] {logging_mixin.py:190} INFO - [2026-03-18T16:56:04.665+0100] {dag.py:3239} INFO - Sync 1 DAGs
[2026-03-18T16:56:04.674+0100] {logging_mixin.py:190} INFO - [2026-03-18T16:56:04.674+0100] {dag.py:4180} INFO - Setting next_dagrun for example_dynamic_task_mapping_with_no_taskflow_operators to None, run_after=None
[2026-03-18T16:56:04.687+0100] {processor.py:208} INFO - Processing /Users/atanasivanov/ipo-intel/ipo-intel/.venv_airflow/lib/python3.11/site-packages/airflow/example_dags/example_dynamic_task_mapping_with_no_taskflow_operators.py took 0.120 seconds
[2026-03-18T17:00:12.057+0100] {processor.py:186} INFO - Started process (PID=56189) to work on /Users/atanasivanov/ipo-intel/ipo-intel/.venv_airflow/lib/python3.11/site-packages/airflow/example_dags/example_dynamic_task_mapping_with_no_taskflow_operators.py
[2026-03-18T17:00:12.058+0100] {processor.py:914} INFO - Processing file /Users/atanasivanov/ipo-intel/ipo-intel/.venv_airflow/lib/python3.11/site-packages/airflow/example_dags/example_dynamic_task_mapping_with_no_taskflow_operators.py for tasks to queue
[2026-03-18T17:00:12.059+0100] {logging_mixin.py:190} INFO - [2026-03-18T17:00:12.058+0100] {dagbag.py:588} INFO - Filling up the DagBag from /Users/atanasivanov/ipo-intel/ipo-intel/.venv_airflow/lib/python3.11/site-packages/airflow/example_dags/example_dynamic_task_mapping_with_no_taskflow_operators.py
[2026-03-18T17:00:12.066+0100] {processor.py:925} INFO - DAG(s) 'example_dynamic_task_mapping_with_no_taskflow_operators' retrieved from /Users/atanasivanov/ipo-intel/ipo-intel/.venv_airflow/lib/python3.11/site-packages/airflow/example_dags/example_dynamic_task_mapping_with_no_taskflow_operators.py
[2026-03-18T17:00:12.154+0100] {logging_mixin.py:190} INFO - [2026-03-18T17:00:12.154+0100] {dag.py:3239} INFO - Sync 1 DAGs
[2026-03-18T17:00:12.167+0100] {logging_mixin.py:190} INFO - [2026-03-18T17:00:12.167+0100] {dag.py:4180} INFO - Setting next_dagrun for example_dynamic_task_mapping_with_no_taskflow_operators to None, run_after=None
[2026-03-18T17:00:12.182+0100] {processor.py:208} INFO - Processing /Users/atanasivanov/ipo-intel/ipo-intel/.venv_airflow/lib/python3.11/site-packages/airflow/example_dags/example_dynamic_task_mapping_with_no_taskflow_operators.py took 0.131 seconds
[2026-03-18T17:04:03.802+0100] {processor.py:186} INFO - Started process (PID=57037) to work on /Users/atanasivanov/ipo-intel/ipo-intel/.venv_airflow/lib/python3.11/site-packages/airflow/example_dags/example_dynamic_task_mapping_with_no_taskflow_operators.py
[2026-03-18T17:04:03.804+0100] {processor.py:914} INFO - Processing file /Users/atanasivanov/ipo-intel/ipo-intel/.venv_airflow/lib/python3.11/site-packages/airflow/example_dags/example_dynamic_task_mapping_with_no_taskflow_operators.py for tasks to queue
[2026-03-18T17:04:03.805+0100] {logging_mixin.py:190} INFO - [2026-03-18T17:04:03.805+0100] {dagbag.py:588} INFO - Filling up the DagBag from /Users/atanasivanov/ipo-intel/ipo-intel/.venv_airflow/lib/python3.11/site-packages/airflow/example_dags/example_dynamic_task_mapping_with_no_taskflow_operators.py
[2026-03-18T17:04:03.811+0100] {processor.py:925} INFO - DAG(s) 'example_dynamic_task_mapping_with_no_taskflow_operators' retrieved from /Users/atanasivanov/ipo-intel/ipo-intel/.venv_airflow/lib/python3.11/site-packages/airflow/example_dags/example_dynamic_task_mapping_with_no_taskflow_operators.py
[2026-03-18T17:04:03.887+0100] {logging_mixin.py:190} INFO - [2026-03-18T17:04:03.886+0100] {dag.py:3239} INFO - Sync 1 DAGs
[2026-03-18T17:04:03.898+0100] {logging_mixin.py:190} INFO - [2026-03-18T17:04:03.898+0100] {dag.py:4180} INFO - Setting next_dagrun for example_dynamic_task_mapping_with_no_taskflow_operators to None, run_after=None
[2026-03-18T17:04:03.913+0100] {processor.py:208} INFO - Processing /Users/atanasivanov/ipo-intel/ipo-intel/.venv_airflow/lib/python3.11/site-packages/airflow/example_dags/example_dynamic_task_mapping_with_no_taskflow_operators.py took 0.115 seconds
[2026-03-18T17:07:54.149+0100] {processor.py:186} INFO - Started process (PID=57880) to work on /Users/atanasivanov/ipo-intel/ipo-intel/.venv_airflow/lib/python3.11/site-packages/airflow/example_dags/example_dynamic_task_mapping_with_no_taskflow_operators.py
[2026-03-18T17:07:54.151+0100] {processor.py:914} INFO - Processing file /Users/atanasivanov/ipo-intel/ipo-intel/.venv_airflow/lib/python3.11/site-packages/airflow/example_dags/example_dynamic_task_mapping_with_no_taskflow_operators.py for tasks to queue
[2026-03-18T17:07:54.152+0100] {logging_mixin.py:190} INFO - [2026-03-18T17:07:54.152+0100] {dagbag.py:588} INFO - Filling up the DagBag from /Users/atanasivanov/ipo-intel/ipo-intel/.venv_airflow/lib/python3.11/site-packages/airflow/example_dags/example_dynamic_task_mapping_with_no_taskflow_operators.py
[2026-03-18T17:07:54.160+0100] {processor.py:925} INFO - DAG(s) 'example_dynamic_task_mapping_with_no_taskflow_operators' retrieved from /Users/atanasivanov/ipo-intel/ipo-intel/.venv_airflow/lib/python3.11/site-packages/airflow/example_dags/example_dynamic_task_mapping_with_no_taskflow_operators.py
[2026-03-18T17:07:54.240+0100] {logging_mixin.py:190} INFO - [2026-03-18T17:07:54.239+0100] {dag.py:3239} INFO - Sync 1 DAGs
[2026-03-18T17:07:54.248+0100] {logging_mixin.py:190} INFO - [2026-03-18T17:07:54.247+0100] {dag.py:4180} INFO - Setting next_dagrun for example_dynamic_task_mapping_with_no_taskflow_operators to None, run_after=None
[2026-03-18T17:07:54.260+0100] {processor.py:208} INFO - Processing /Users/atanasivanov/ipo-intel/ipo-intel/.venv_airflow/lib/python3.11/site-packages/airflow/example_dags/example_dynamic_task_mapping_with_no_taskflow_operators.py took 0.116 seconds
[2026-03-18T17:11:54.120+0100] {processor.py:186} INFO - Started process (PID=58830) to work on /Users/atanasivanov/ipo-intel/ipo-intel/.venv_airflow/lib/python3.11/site-packages/airflow/example_dags/example_dynamic_task_mapping_with_no_taskflow_operators.py
[2026-03-18T17:11:54.121+0100] {processor.py:914} INFO - Processing file /Users/atanasivanov/ipo-intel/ipo-intel/.venv_airflow/lib/python3.11/site-packages/airflow/example_dags/example_dynamic_task_mapping_with_no_taskflow_operators.py for tasks to queue
[2026-03-18T17:11:54.122+0100] {logging_mixin.py:190} INFO - [2026-03-18T17:11:54.122+0100] {dagbag.py:588} INFO - Filling up the DagBag from /Users/atanasivanov/ipo-intel/ipo-intel/.venv_airflow/lib/python3.11/site-packages/airflow/example_dags/example_dynamic_task_mapping_with_no_taskflow_operators.py
[2026-03-18T17:11:54.129+0100] {processor.py:925} INFO - DAG(s) 'example_dynamic_task_mapping_with_no_taskflow_operators' retrieved from /Users/atanasivanov/ipo-intel/ipo-intel/.venv_airflow/lib/python3.11/site-packages/airflow/example_dags/example_dynamic_task_mapping_with_no_taskflow_operators.py
[2026-03-18T17:11:54.208+0100] {logging_mixin.py:190} INFO - [2026-03-18T17:11:54.208+0100] {dag.py:3239} INFO - Sync 1 DAGs
[2026-03-18T17:11:54.216+0100] {logging_mixin.py:190} INFO - [2026-03-18T17:11:54.216+0100] {dag.py:4180} INFO - Setting next_dagrun for example_dynamic_task_mapping_with_no_taskflow_operators to None, run_after=None
[2026-03-18T17:11:54.229+0100] {processor.py:208} INFO - Processing /Users/atanasivanov/ipo-intel/ipo-intel/.venv_airflow/lib/python3.11/site-packages/airflow/example_dags/example_dynamic_task_mapping_with_no_taskflow_operators.py took 0.114 seconds
