[2026-03-18T16:21:42.417+0100] {processor.py:186} INFO - Started process (PID=45652) to work on /Users/atanasivanov/ipo-intel/ipo-intel/.venv_airflow/lib/python3.11/site-packages/airflow/example_dags/example_dag_decorator.py
[2026-03-18T16:21:42.418+0100] {processor.py:914} INFO - Processing file /Users/atanasivanov/ipo-intel/ipo-intel/.venv_airflow/lib/python3.11/site-packages/airflow/example_dags/example_dag_decorator.py for tasks to queue
[2026-03-18T16:21:42.419+0100] {logging_mixin.py:190} INFO - [2026-03-18T16:21:42.419+0100] {dagbag.py:588} INFO - Filling up the DagBag from /Users/atanasivanov/ipo-intel/ipo-intel/.venv_airflow/lib/python3.11/site-packages/airflow/example_dags/example_dag_decorator.py
[2026-03-18T16:21:42.615+0100] {processor.py:925} INFO - DAG(s) 'example_dag_decorator' retrieved from /Users/atanasivanov/ipo-intel/ipo-intel/.venv_airflow/lib/python3.11/site-packages/airflow/example_dags/example_dag_decorator.py
[2026-03-18T16:21:42.763+0100] {logging_mixin.py:190} INFO - [2026-03-18T16:21:42.762+0100] {override.py:1912} INFO - Created Permission View: can read on DAG:example_dag_decorator
[2026-03-18T16:21:42.770+0100] {logging_mixin.py:190} INFO - [2026-03-18T16:21:42.770+0100] {override.py:1912} INFO - Created Permission View: can delete on DAG:example_dag_decorator
[2026-03-18T16:21:42.775+0100] {logging_mixin.py:190} INFO - [2026-03-18T16:21:42.775+0100] {override.py:1912} INFO - Created Permission View: can edit on DAG:example_dag_decorator
[2026-03-18T16:21:42.783+0100] {logging_mixin.py:190} INFO - [2026-03-18T16:21:42.782+0100] {override.py:1912} INFO - Created Permission View: can read on DAG Run:example_dag_decorator
[2026-03-18T16:21:42.788+0100] {logging_mixin.py:190} INFO - [2026-03-18T16:21:42.788+0100] {override.py:1912} INFO - Created Permission View: can delete on DAG Run:example_dag_decorator
[2026-03-18T16:21:42.793+0100] {logging_mixin.py:190} INFO - [2026-03-18T16:21:42.793+0100] {override.py:1912} INFO - Created Permission View: menu access on DAG Run:example_dag_decorator
[2026-03-18T16:21:42.798+0100] {logging_mixin.py:190} INFO - [2026-03-18T16:21:42.798+0100] {override.py:1912} INFO - Created Permission View: can create on DAG Run:example_dag_decorator
[2026-03-18T16:21:42.798+0100] {logging_mixin.py:190} INFO - [2026-03-18T16:21:42.798+0100] {dag.py:3239} INFO - Sync 1 DAGs
[2026-03-18T16:21:42.809+0100] {logging_mixin.py:190} INFO - [2026-03-18T16:21:42.809+0100] {dag.py:3262} INFO - Creating ORM DAG for example_dag_decorator
[2026-03-18T16:21:42.809+0100] {logging_mixin.py:190} INFO - [2026-03-18T16:21:42.809+0100] {dag.py:4180} INFO - Setting next_dagrun for example_dag_decorator to None, run_after=None
[2026-03-18T16:21:42.822+0100] {processor.py:208} INFO - Processing /Users/atanasivanov/ipo-intel/ipo-intel/.venv_airflow/lib/python3.11/site-packages/airflow/example_dags/example_dag_decorator.py took 0.410 seconds
[2026-03-18T16:25:51.180+0100] {processor.py:186} INFO - Started process (PID=46582) to work on /Users/atanasivanov/ipo-intel/ipo-intel/.venv_airflow/lib/python3.11/site-packages/airflow/example_dags/example_dag_decorator.py
[2026-03-18T16:25:51.181+0100] {processor.py:914} INFO - Processing file /Users/atanasivanov/ipo-intel/ipo-intel/.venv_airflow/lib/python3.11/site-packages/airflow/example_dags/example_dag_decorator.py for tasks to queue
[2026-03-18T16:25:51.182+0100] {logging_mixin.py:190} INFO - [2026-03-18T16:25:51.181+0100] {dagbag.py:588} INFO - Filling up the DagBag from /Users/atanasivanov/ipo-intel/ipo-intel/.venv_airflow/lib/python3.11/site-packages/airflow/example_dags/example_dag_decorator.py
[2026-03-18T16:25:51.378+0100] {processor.py:925} INFO - DAG(s) 'example_dag_decorator' retrieved from /Users/atanasivanov/ipo-intel/ipo-intel/.venv_airflow/lib/python3.11/site-packages/airflow/example_dags/example_dag_decorator.py
[2026-03-18T16:25:51.542+0100] {logging_mixin.py:190} INFO - [2026-03-18T16:25:51.542+0100] {dag.py:3239} INFO - Sync 1 DAGs
[2026-03-18T16:25:51.551+0100] {logging_mixin.py:190} INFO - [2026-03-18T16:25:51.551+0100] {dag.py:4180} INFO - Setting next_dagrun for example_dag_decorator to None, run_after=None
[2026-03-18T16:25:51.564+0100] {processor.py:208} INFO - Processing /Users/atanasivanov/ipo-intel/ipo-intel/.venv_airflow/lib/python3.11/site-packages/airflow/example_dags/example_dag_decorator.py took 0.389 seconds
[2026-03-18T16:29:56.606+0100] {processor.py:186} INFO - Started process (PID=48165) to work on /Users/atanasivanov/ipo-intel/ipo-intel/.venv_airflow/lib/python3.11/site-packages/airflow/example_dags/example_dag_decorator.py
[2026-03-18T16:29:56.607+0100] {processor.py:914} INFO - Processing file /Users/atanasivanov/ipo-intel/ipo-intel/.venv_airflow/lib/python3.11/site-packages/airflow/example_dags/example_dag_decorator.py for tasks to queue
[2026-03-18T16:29:56.608+0100] {logging_mixin.py:190} INFO - [2026-03-18T16:29:56.608+0100] {dagbag.py:588} INFO - Filling up the DagBag from /Users/atanasivanov/ipo-intel/ipo-intel/.venv_airflow/lib/python3.11/site-packages/airflow/example_dags/example_dag_decorator.py
[2026-03-18T16:29:56.789+0100] {processor.py:925} INFO - DAG(s) 'example_dag_decorator' retrieved from /Users/atanasivanov/ipo-intel/ipo-intel/.venv_airflow/lib/python3.11/site-packages/airflow/example_dags/example_dag_decorator.py
[2026-03-18T16:29:56.945+0100] {logging_mixin.py:190} INFO - [2026-03-18T16:29:56.945+0100] {dag.py:3239} INFO - Sync 1 DAGs
[2026-03-18T16:29:56.953+0100] {logging_mixin.py:190} INFO - [2026-03-18T16:29:56.953+0100] {dag.py:4180} INFO - Setting next_dagrun for example_dag_decorator to None, run_after=None
[2026-03-18T16:29:56.965+0100] {processor.py:208} INFO - Processing /Users/atanasivanov/ipo-intel/ipo-intel/.venv_airflow/lib/python3.11/site-packages/airflow/example_dags/example_dag_decorator.py took 0.363 seconds
[2026-03-18T16:33:40.021+0100] {processor.py:186} INFO - Started process (PID=48983) to work on /Users/atanasivanov/ipo-intel/ipo-intel/.venv_airflow/lib/python3.11/site-packages/airflow/example_dags/example_dag_decorator.py
[2026-03-18T16:33:40.022+0100] {processor.py:914} INFO - Processing file /Users/atanasivanov/ipo-intel/ipo-intel/.venv_airflow/lib/python3.11/site-packages/airflow/example_dags/example_dag_decorator.py for tasks to queue
[2026-03-18T16:33:40.023+0100] {logging_mixin.py:190} INFO - [2026-03-18T16:33:40.023+0100] {dagbag.py:588} INFO - Filling up the DagBag from /Users/atanasivanov/ipo-intel/ipo-intel/.venv_airflow/lib/python3.11/site-packages/airflow/example_dags/example_dag_decorator.py
[2026-03-18T16:33:40.204+0100] {processor.py:925} INFO - DAG(s) 'example_dag_decorator' retrieved from /Users/atanasivanov/ipo-intel/ipo-intel/.venv_airflow/lib/python3.11/site-packages/airflow/example_dags/example_dag_decorator.py
[2026-03-18T16:33:40.345+0100] {logging_mixin.py:190} INFO - [2026-03-18T16:33:40.345+0100] {dag.py:3239} INFO - Sync 1 DAGs
[2026-03-18T16:33:40.353+0100] {logging_mixin.py:190} INFO - [2026-03-18T16:33:40.353+0100] {dag.py:4180} INFO - Setting next_dagrun for example_dag_decorator to None, run_after=None
[2026-03-18T16:33:40.367+0100] {processor.py:208} INFO - Processing /Users/atanasivanov/ipo-intel/ipo-intel/.venv_airflow/lib/python3.11/site-packages/airflow/example_dags/example_dag_decorator.py took 0.351 seconds
[2026-03-18T16:37:29.190+0100] {processor.py:186} INFO - Started process (PID=49811) to work on /Users/atanasivanov/ipo-intel/ipo-intel/.venv_airflow/lib/python3.11/site-packages/airflow/example_dags/example_dag_decorator.py
[2026-03-18T16:37:29.191+0100] {processor.py:914} INFO - Processing file /Users/atanasivanov/ipo-intel/ipo-intel/.venv_airflow/lib/python3.11/site-packages/airflow/example_dags/example_dag_decorator.py for tasks to queue
[2026-03-18T16:37:29.193+0100] {logging_mixin.py:190} INFO - [2026-03-18T16:37:29.193+0100] {dagbag.py:588} INFO - Filling up the DagBag from /Users/atanasivanov/ipo-intel/ipo-intel/.venv_airflow/lib/python3.11/site-packages/airflow/example_dags/example_dag_decorator.py
[2026-03-18T16:37:29.371+0100] {processor.py:925} INFO - DAG(s) 'example_dag_decorator' retrieved from /Users/atanasivanov/ipo-intel/ipo-intel/.venv_airflow/lib/python3.11/site-packages/airflow/example_dags/example_dag_decorator.py
[2026-03-18T16:37:29.510+0100] {logging_mixin.py:190} INFO - [2026-03-18T16:37:29.510+0100] {dag.py:3239} INFO - Sync 1 DAGs
[2026-03-18T16:37:29.518+0100] {logging_mixin.py:190} INFO - [2026-03-18T16:37:29.518+0100] {dag.py:4180} INFO - Setting next_dagrun for example_dag_decorator to None, run_after=None
[2026-03-18T16:37:29.531+0100] {processor.py:208} INFO - Processing /Users/atanasivanov/ipo-intel/ipo-intel/.venv_airflow/lib/python3.11/site-packages/airflow/example_dags/example_dag_decorator.py took 0.345 seconds
[2026-03-18T16:41:27.984+0100] {processor.py:186} INFO - Started process (PID=51704) to work on /Users/atanasivanov/ipo-intel/ipo-intel/.venv_airflow/lib/python3.11/site-packages/airflow/example_dags/example_dag_decorator.py
[2026-03-18T16:41:27.984+0100] {processor.py:914} INFO - Processing file /Users/atanasivanov/ipo-intel/ipo-intel/.venv_airflow/lib/python3.11/site-packages/airflow/example_dags/example_dag_decorator.py for tasks to queue
[2026-03-18T16:41:27.985+0100] {logging_mixin.py:190} INFO - [2026-03-18T16:41:27.985+0100] {dagbag.py:588} INFO - Filling up the DagBag from /Users/atanasivanov/ipo-intel/ipo-intel/.venv_airflow/lib/python3.11/site-packages/airflow/example_dags/example_dag_decorator.py
[2026-03-18T16:41:28.186+0100] {processor.py:925} INFO - DAG(s) 'example_dag_decorator' retrieved from /Users/atanasivanov/ipo-intel/ipo-intel/.venv_airflow/lib/python3.11/site-packages/airflow/example_dags/example_dag_decorator.py
[2026-03-18T16:41:28.377+0100] {logging_mixin.py:190} INFO - [2026-03-18T16:41:28.377+0100] {dag.py:3239} INFO - Sync 1 DAGs
[2026-03-18T16:41:28.388+0100] {logging_mixin.py:190} INFO - [2026-03-18T16:41:28.388+0100] {dag.py:4180} INFO - Setting next_dagrun for example_dag_decorator to None, run_after=None
[2026-03-18T16:41:28.408+0100] {processor.py:208} INFO - Processing /Users/atanasivanov/ipo-intel/ipo-intel/.venv_airflow/lib/python3.11/site-packages/airflow/example_dags/example_dag_decorator.py took 0.430 seconds
[2026-03-18T16:49:36.642+0100] {processor.py:186} INFO - Started process (PID=53560) to work on /Users/atanasivanov/ipo-intel/ipo-intel/.venv_airflow/lib/python3.11/site-packages/airflow/example_dags/example_dag_decorator.py
[2026-03-18T16:49:36.644+0100] {processor.py:914} INFO - Processing file /Users/atanasivanov/ipo-intel/ipo-intel/.venv_airflow/lib/python3.11/site-packages/airflow/example_dags/example_dag_decorator.py for tasks to queue
[2026-03-18T16:49:36.645+0100] {logging_mixin.py:190} INFO - [2026-03-18T16:49:36.645+0100] {dagbag.py:588} INFO - Filling up the DagBag from /Users/atanasivanov/ipo-intel/ipo-intel/.venv_airflow/lib/python3.11/site-packages/airflow/example_dags/example_dag_decorator.py
[2026-03-18T16:49:36.829+0100] {processor.py:925} INFO - DAG(s) 'example_dag_decorator' retrieved from /Users/atanasivanov/ipo-intel/ipo-intel/.venv_airflow/lib/python3.11/site-packages/airflow/example_dags/example_dag_decorator.py
[2026-03-18T16:49:36.972+0100] {logging_mixin.py:190} INFO - [2026-03-18T16:49:36.971+0100] {dag.py:3239} INFO - Sync 1 DAGs
[2026-03-18T16:49:36.979+0100] {logging_mixin.py:190} INFO - [2026-03-18T16:49:36.979+0100] {dag.py:4180} INFO - Setting next_dagrun for example_dag_decorator to None, run_after=None
[2026-03-18T16:49:36.994+0100] {processor.py:208} INFO - Processing /Users/atanasivanov/ipo-intel/ipo-intel/.venv_airflow/lib/python3.11/site-packages/airflow/example_dags/example_dag_decorator.py took 0.357 seconds
[2026-03-18T16:53:41.179+0100] {processor.py:186} INFO - Started process (PID=54536) to work on /Users/atanasivanov/ipo-intel/ipo-intel/.venv_airflow/lib/python3.11/site-packages/airflow/example_dags/example_dag_decorator.py
[2026-03-18T16:53:41.180+0100] {processor.py:914} INFO - Processing file /Users/atanasivanov/ipo-intel/ipo-intel/.venv_airflow/lib/python3.11/site-packages/airflow/example_dags/example_dag_decorator.py for tasks to queue
[2026-03-18T16:53:41.181+0100] {logging_mixin.py:190} INFO - [2026-03-18T16:53:41.181+0100] {dagbag.py:588} INFO - Filling up the DagBag from /Users/atanasivanov/ipo-intel/ipo-intel/.venv_airflow/lib/python3.11/site-packages/airflow/example_dags/example_dag_decorator.py
[2026-03-18T16:53:41.376+0100] {processor.py:925} INFO - DAG(s) 'example_dag_decorator' retrieved from /Users/atanasivanov/ipo-intel/ipo-intel/.venv_airflow/lib/python3.11/site-packages/airflow/example_dags/example_dag_decorator.py
[2026-03-18T16:53:41.533+0100] {logging_mixin.py:190} INFO - [2026-03-18T16:53:41.532+0100] {dag.py:3239} INFO - Sync 1 DAGs
[2026-03-18T16:53:41.542+0100] {logging_mixin.py:190} INFO - [2026-03-18T16:53:41.541+0100] {dag.py:4180} INFO - Setting next_dagrun for example_dag_decorator to None, run_after=None
[2026-03-18T16:53:41.558+0100] {processor.py:208} INFO - Processing /Users/atanasivanov/ipo-intel/ipo-intel/.venv_airflow/lib/python3.11/site-packages/airflow/example_dags/example_dag_decorator.py took 0.383 seconds
[2026-03-18T16:57:53.438+0100] {processor.py:186} INFO - Started process (PID=55693) to work on /Users/atanasivanov/ipo-intel/ipo-intel/.venv_airflow/lib/python3.11/site-packages/airflow/example_dags/example_dag_decorator.py
[2026-03-18T16:57:53.439+0100] {processor.py:914} INFO - Processing file /Users/atanasivanov/ipo-intel/ipo-intel/.venv_airflow/lib/python3.11/site-packages/airflow/example_dags/example_dag_decorator.py for tasks to queue
[2026-03-18T16:57:53.440+0100] {logging_mixin.py:190} INFO - [2026-03-18T16:57:53.440+0100] {dagbag.py:588} INFO - Filling up the DagBag from /Users/atanasivanov/ipo-intel/ipo-intel/.venv_airflow/lib/python3.11/site-packages/airflow/example_dags/example_dag_decorator.py
[2026-03-18T16:57:53.633+0100] {processor.py:925} INFO - DAG(s) 'example_dag_decorator' retrieved from /Users/atanasivanov/ipo-intel/ipo-intel/.venv_airflow/lib/python3.11/site-packages/airflow/example_dags/example_dag_decorator.py
[2026-03-18T16:57:53.782+0100] {logging_mixin.py:190} INFO - [2026-03-18T16:57:53.782+0100] {dag.py:3239} INFO - Sync 1 DAGs
[2026-03-18T16:57:53.791+0100] {logging_mixin.py:190} INFO - [2026-03-18T16:57:53.790+0100] {dag.py:4180} INFO - Setting next_dagrun for example_dag_decorator to None, run_after=None
[2026-03-18T16:57:53.804+0100] {processor.py:208} INFO - Processing /Users/atanasivanov/ipo-intel/ipo-intel/.venv_airflow/lib/python3.11/site-packages/airflow/example_dags/example_dag_decorator.py took 0.371 seconds
[2026-03-18T17:01:54.893+0100] {processor.py:186} INFO - Started process (PID=56565) to work on /Users/atanasivanov/ipo-intel/ipo-intel/.venv_airflow/lib/python3.11/site-packages/airflow/example_dags/example_dag_decorator.py
[2026-03-18T17:01:54.894+0100] {processor.py:914} INFO - Processing file /Users/atanasivanov/ipo-intel/ipo-intel/.venv_airflow/lib/python3.11/site-packages/airflow/example_dags/example_dag_decorator.py for tasks to queue
[2026-03-18T17:01:54.896+0100] {logging_mixin.py:190} INFO - [2026-03-18T17:01:54.895+0100] {dagbag.py:588} INFO - Filling up the DagBag from /Users/atanasivanov/ipo-intel/ipo-intel/.venv_airflow/lib/python3.11/site-packages/airflow/example_dags/example_dag_decorator.py
[2026-03-18T17:01:55.071+0100] {processor.py:925} INFO - DAG(s) 'example_dag_decorator' retrieved from /Users/atanasivanov/ipo-intel/ipo-intel/.venv_airflow/lib/python3.11/site-packages/airflow/example_dags/example_dag_decorator.py
[2026-03-18T17:01:55.219+0100] {logging_mixin.py:190} INFO - [2026-03-18T17:01:55.218+0100] {dag.py:3239} INFO - Sync 1 DAGs
[2026-03-18T17:01:55.227+0100] {logging_mixin.py:190} INFO - [2026-03-18T17:01:55.227+0100] {dag.py:4180} INFO - Setting next_dagrun for example_dag_decorator to None, run_after=None
[2026-03-18T17:01:55.240+0100] {processor.py:208} INFO - Processing /Users/atanasivanov/ipo-intel/ipo-intel/.venv_airflow/lib/python3.11/site-packages/airflow/example_dags/example_dag_decorator.py took 0.353 seconds
[2026-03-18T17:05:47.214+0100] {processor.py:186} INFO - Started process (PID=57421) to work on /Users/atanasivanov/ipo-intel/ipo-intel/.venv_airflow/lib/python3.11/site-packages/airflow/example_dags/example_dag_decorator.py
[2026-03-18T17:05:47.215+0100] {processor.py:914} INFO - Processing file /Users/atanasivanov/ipo-intel/ipo-intel/.venv_airflow/lib/python3.11/site-packages/airflow/example_dags/example_dag_decorator.py for tasks to queue
[2026-03-18T17:05:47.216+0100] {logging_mixin.py:190} INFO - [2026-03-18T17:05:47.215+0100] {dagbag.py:588} INFO - Filling up the DagBag from /Users/atanasivanov/ipo-intel/ipo-intel/.venv_airflow/lib/python3.11/site-packages/airflow/example_dags/example_dag_decorator.py
[2026-03-18T17:05:47.402+0100] {processor.py:925} INFO - DAG(s) 'example_dag_decorator' retrieved from /Users/atanasivanov/ipo-intel/ipo-intel/.venv_airflow/lib/python3.11/site-packages/airflow/example_dags/example_dag_decorator.py
[2026-03-18T17:05:47.543+0100] {logging_mixin.py:190} INFO - [2026-03-18T17:05:47.543+0100] {dag.py:3239} INFO - Sync 1 DAGs
[2026-03-18T17:05:47.552+0100] {logging_mixin.py:190} INFO - [2026-03-18T17:05:47.551+0100] {dag.py:4180} INFO - Setting next_dagrun for example_dag_decorator to None, run_after=None
[2026-03-18T17:05:47.564+0100] {processor.py:208} INFO - Processing /Users/atanasivanov/ipo-intel/ipo-intel/.venv_airflow/lib/python3.11/site-packages/airflow/example_dags/example_dag_decorator.py took 0.355 seconds
[2026-03-18T17:09:38.056+0100] {processor.py:186} INFO - Started process (PID=58298) to work on /Users/atanasivanov/ipo-intel/ipo-intel/.venv_airflow/lib/python3.11/site-packages/airflow/example_dags/example_dag_decorator.py
[2026-03-18T17:09:38.058+0100] {processor.py:914} INFO - Processing file /Users/atanasivanov/ipo-intel/ipo-intel/.venv_airflow/lib/python3.11/site-packages/airflow/example_dags/example_dag_decorator.py for tasks to queue
[2026-03-18T17:09:38.059+0100] {logging_mixin.py:190} INFO - [2026-03-18T17:09:38.059+0100] {dagbag.py:588} INFO - Filling up the DagBag from /Users/atanasivanov/ipo-intel/ipo-intel/.venv_airflow/lib/python3.11/site-packages/airflow/example_dags/example_dag_decorator.py
[2026-03-18T17:09:38.240+0100] {processor.py:925} INFO - DAG(s) 'example_dag_decorator' retrieved from /Users/atanasivanov/ipo-intel/ipo-intel/.venv_airflow/lib/python3.11/site-packages/airflow/example_dags/example_dag_decorator.py
[2026-03-18T17:09:38.385+0100] {logging_mixin.py:190} INFO - [2026-03-18T17:09:38.385+0100] {dag.py:3239} INFO - Sync 1 DAGs
[2026-03-18T17:09:38.393+0100] {logging_mixin.py:190} INFO - [2026-03-18T17:09:38.393+0100] {dag.py:4180} INFO - Setting next_dagrun for example_dag_decorator to None, run_after=None
[2026-03-18T17:09:38.407+0100] {processor.py:208} INFO - Processing /Users/atanasivanov/ipo-intel/ipo-intel/.venv_airflow/lib/python3.11/site-packages/airflow/example_dags/example_dag_decorator.py took 0.355 seconds
[2026-03-18T17:13:46.500+0100] {processor.py:186} INFO - Started process (PID=59641) to work on /Users/atanasivanov/ipo-intel/ipo-intel/.venv_airflow/lib/python3.11/site-packages/airflow/example_dags/example_dag_decorator.py
[2026-03-18T17:13:46.501+0100] {processor.py:914} INFO - Processing file /Users/atanasivanov/ipo-intel/ipo-intel/.venv_airflow/lib/python3.11/site-packages/airflow/example_dags/example_dag_decorator.py for tasks to queue
[2026-03-18T17:13:46.502+0100] {logging_mixin.py:190} INFO - [2026-03-18T17:13:46.502+0100] {dagbag.py:588} INFO - Filling up the DagBag from /Users/atanasivanov/ipo-intel/ipo-intel/.venv_airflow/lib/python3.11/site-packages/airflow/example_dags/example_dag_decorator.py
[2026-03-18T17:13:46.716+0100] {processor.py:925} INFO - DAG(s) 'example_dag_decorator' retrieved from /Users/atanasivanov/ipo-intel/ipo-intel/.venv_airflow/lib/python3.11/site-packages/airflow/example_dags/example_dag_decorator.py
[2026-03-18T17:13:46.893+0100] {logging_mixin.py:190} INFO - [2026-03-18T17:13:46.893+0100] {dag.py:3239} INFO - Sync 1 DAGs
[2026-03-18T17:13:46.903+0100] {logging_mixin.py:190} INFO - [2026-03-18T17:13:46.903+0100] {dag.py:4180} INFO - Setting next_dagrun for example_dag_decorator to None, run_after=None
[2026-03-18T17:13:46.918+0100] {processor.py:208} INFO - Processing /Users/atanasivanov/ipo-intel/ipo-intel/.venv_airflow/lib/python3.11/site-packages/airflow/example_dags/example_dag_decorator.py took 0.424 seconds
