[2026-03-18T16:20:42.715+0100] {processor.py:186} INFO - Started process (PID=45417) to work on /Users/atanasivanov/ipo-intel/ipo-intel/.venv_airflow/lib/python3.11/site-packages/airflow/example_dags/example_sensors.py
[2026-03-18T16:20:42.716+0100] {processor.py:914} INFO - Processing file /Users/atanasivanov/ipo-intel/ipo-intel/.venv_airflow/lib/python3.11/site-packages/airflow/example_dags/example_sensors.py for tasks to queue
[2026-03-18T16:20:42.717+0100] {logging_mixin.py:190} INFO - [2026-03-18T16:20:42.717+0100] {dagbag.py:588} INFO - Filling up the DagBag from /Users/atanasivanov/ipo-intel/ipo-intel/.venv_airflow/lib/python3.11/site-packages/airflow/example_dags/example_sensors.py
[2026-03-18T16:20:42.731+0100] {processor.py:925} INFO - DAG(s) 'example_sensors' retrieved from /Users/atanasivanov/ipo-intel/ipo-intel/.venv_airflow/lib/python3.11/site-packages/airflow/example_dags/example_sensors.py
[2026-03-18T16:20:42.808+0100] {logging_mixin.py:190} INFO - [2026-03-18T16:20:42.808+0100] {workday.py:41} WARNING - Could not import pandas. Holidays will not be considered.
[2026-03-18T16:20:42.966+0100] {logging_mixin.py:190} INFO - [2026-03-18T16:20:42.965+0100] {override.py:1912} INFO - Created Permission View: can read on DAG:example_sensors
[2026-03-18T16:20:42.973+0100] {logging_mixin.py:190} INFO - [2026-03-18T16:20:42.973+0100] {override.py:1912} INFO - Created Permission View: can edit on DAG:example_sensors
[2026-03-18T16:20:42.979+0100] {logging_mixin.py:190} INFO - [2026-03-18T16:20:42.979+0100] {override.py:1912} INFO - Created Permission View: can delete on DAG:example_sensors
[2026-03-18T16:20:42.986+0100] {logging_mixin.py:190} INFO - [2026-03-18T16:20:42.985+0100] {override.py:1912} INFO - Created Permission View: can read on DAG Run:example_sensors
[2026-03-18T16:20:42.991+0100] {logging_mixin.py:190} INFO - [2026-03-18T16:20:42.990+0100] {override.py:1912} INFO - Created Permission View: menu access on DAG Run:example_sensors
[2026-03-18T16:20:42.996+0100] {logging_mixin.py:190} INFO - [2026-03-18T16:20:42.996+0100] {override.py:1912} INFO - Created Permission View: can delete on DAG Run:example_sensors
[2026-03-18T16:20:43.001+0100] {logging_mixin.py:190} INFO - [2026-03-18T16:20:43.000+0100] {override.py:1912} INFO - Created Permission View: can create on DAG Run:example_sensors
[2026-03-18T16:20:43.001+0100] {logging_mixin.py:190} INFO - [2026-03-18T16:20:43.001+0100] {dag.py:3239} INFO - Sync 1 DAGs
[2026-03-18T16:20:43.011+0100] {logging_mixin.py:190} INFO - [2026-03-18T16:20:43.010+0100] {dag.py:3262} INFO - Creating ORM DAG for example_sensors
[2026-03-18T16:20:43.011+0100] {logging_mixin.py:190} INFO - [2026-03-18T16:20:43.011+0100] {dag.py:4180} INFO - Setting next_dagrun for example_sensors to None, run_after=None
[2026-03-18T16:20:43.025+0100] {processor.py:208} INFO - Processing /Users/atanasivanov/ipo-intel/ipo-intel/.venv_airflow/lib/python3.11/site-packages/airflow/example_dags/example_sensors.py took 0.314 seconds
[2026-03-18T16:23:21.907+0100] {processor.py:186} INFO - Started process (PID=46024) to work on /Users/atanasivanov/ipo-intel/ipo-intel/.venv_airflow/lib/python3.11/site-packages/airflow/example_dags/example_sensors.py
[2026-03-18T16:23:21.908+0100] {processor.py:914} INFO - Processing file /Users/atanasivanov/ipo-intel/ipo-intel/.venv_airflow/lib/python3.11/site-packages/airflow/example_dags/example_sensors.py for tasks to queue
[2026-03-18T16:23:21.909+0100] {logging_mixin.py:190} INFO - [2026-03-18T16:23:21.909+0100] {dagbag.py:588} INFO - Filling up the DagBag from /Users/atanasivanov/ipo-intel/ipo-intel/.venv_airflow/lib/python3.11/site-packages/airflow/example_dags/example_sensors.py
[2026-03-18T16:23:21.924+0100] {processor.py:925} INFO - DAG(s) 'example_sensors' retrieved from /Users/atanasivanov/ipo-intel/ipo-intel/.venv_airflow/lib/python3.11/site-packages/airflow/example_dags/example_sensors.py
[2026-03-18T16:23:22.006+0100] {logging_mixin.py:190} INFO - [2026-03-18T16:23:22.005+0100] {workday.py:41} WARNING - Could not import pandas. Holidays will not be considered.
[2026-03-18T16:23:22.027+0100] {logging_mixin.py:190} INFO - [2026-03-18T16:23:22.026+0100] {dag.py:3239} INFO - Sync 1 DAGs
[2026-03-18T16:23:22.035+0100] {logging_mixin.py:190} INFO - [2026-03-18T16:23:22.034+0100] {dag.py:4180} INFO - Setting next_dagrun for example_sensors to None, run_after=None
[2026-03-18T16:23:22.096+0100] {processor.py:208} INFO - Processing /Users/atanasivanov/ipo-intel/ipo-intel/.venv_airflow/lib/python3.11/site-packages/airflow/example_dags/example_sensors.py took 0.195 seconds
[2026-03-18T16:25:25.113+0100] {processor.py:186} INFO - Started process (PID=46483) to work on /Users/atanasivanov/ipo-intel/ipo-intel/.venv_airflow/lib/python3.11/site-packages/airflow/example_dags/example_sensors.py
[2026-03-18T16:25:25.114+0100] {processor.py:914} INFO - Processing file /Users/atanasivanov/ipo-intel/ipo-intel/.venv_airflow/lib/python3.11/site-packages/airflow/example_dags/example_sensors.py for tasks to queue
[2026-03-18T16:25:25.115+0100] {logging_mixin.py:190} INFO - [2026-03-18T16:25:25.115+0100] {dagbag.py:588} INFO - Filling up the DagBag from /Users/atanasivanov/ipo-intel/ipo-intel/.venv_airflow/lib/python3.11/site-packages/airflow/example_dags/example_sensors.py
[2026-03-18T16:25:25.128+0100] {processor.py:925} INFO - DAG(s) 'example_sensors' retrieved from /Users/atanasivanov/ipo-intel/ipo-intel/.venv_airflow/lib/python3.11/site-packages/airflow/example_dags/example_sensors.py
[2026-03-18T16:25:25.201+0100] {logging_mixin.py:190} INFO - [2026-03-18T16:25:25.201+0100] {workday.py:41} WARNING - Could not import pandas. Holidays will not be considered.
[2026-03-18T16:25:25.222+0100] {logging_mixin.py:190} INFO - [2026-03-18T16:25:25.222+0100] {dag.py:3239} INFO - Sync 1 DAGs
[2026-03-18T16:25:25.230+0100] {logging_mixin.py:190} INFO - [2026-03-18T16:25:25.230+0100] {dag.py:4180} INFO - Setting next_dagrun for example_sensors to None, run_after=None
[2026-03-18T16:25:25.293+0100] {processor.py:208} INFO - Processing /Users/atanasivanov/ipo-intel/ipo-intel/.venv_airflow/lib/python3.11/site-packages/airflow/example_dags/example_sensors.py took 0.185 seconds
[2026-03-18T16:27:27.827+0100] {processor.py:186} INFO - Started process (PID=47446) to work on /Users/atanasivanov/ipo-intel/ipo-intel/.venv_airflow/lib/python3.11/site-packages/airflow/example_dags/example_sensors.py
[2026-03-18T16:27:27.828+0100] {processor.py:914} INFO - Processing file /Users/atanasivanov/ipo-intel/ipo-intel/.venv_airflow/lib/python3.11/site-packages/airflow/example_dags/example_sensors.py for tasks to queue
[2026-03-18T16:27:27.829+0100] {logging_mixin.py:190} INFO - [2026-03-18T16:27:27.829+0100] {dagbag.py:588} INFO - Filling up the DagBag from /Users/atanasivanov/ipo-intel/ipo-intel/.venv_airflow/lib/python3.11/site-packages/airflow/example_dags/example_sensors.py
[2026-03-18T16:27:27.843+0100] {processor.py:925} INFO - DAG(s) 'example_sensors' retrieved from /Users/atanasivanov/ipo-intel/ipo-intel/.venv_airflow/lib/python3.11/site-packages/airflow/example_dags/example_sensors.py
[2026-03-18T16:27:27.918+0100] {logging_mixin.py:190} INFO - [2026-03-18T16:27:27.917+0100] {workday.py:41} WARNING - Could not import pandas. Holidays will not be considered.
[2026-03-18T16:27:27.939+0100] {logging_mixin.py:190} INFO - [2026-03-18T16:27:27.939+0100] {dag.py:3239} INFO - Sync 1 DAGs
[2026-03-18T16:27:27.947+0100] {logging_mixin.py:190} INFO - [2026-03-18T16:27:27.947+0100] {dag.py:4180} INFO - Setting next_dagrun for example_sensors to None, run_after=None
[2026-03-18T16:27:28.012+0100] {processor.py:208} INFO - Processing /Users/atanasivanov/ipo-intel/ipo-intel/.venv_airflow/lib/python3.11/site-packages/airflow/example_dags/example_sensors.py took 0.190 seconds
[2026-03-18T16:29:32.835+0100] {processor.py:186} INFO - Started process (PID=48078) to work on /Users/atanasivanov/ipo-intel/ipo-intel/.venv_airflow/lib/python3.11/site-packages/airflow/example_dags/example_sensors.py
[2026-03-18T16:29:32.835+0100] {processor.py:914} INFO - Processing file /Users/atanasivanov/ipo-intel/ipo-intel/.venv_airflow/lib/python3.11/site-packages/airflow/example_dags/example_sensors.py for tasks to queue
[2026-03-18T16:29:32.836+0100] {logging_mixin.py:190} INFO - [2026-03-18T16:29:32.836+0100] {dagbag.py:588} INFO - Filling up the DagBag from /Users/atanasivanov/ipo-intel/ipo-intel/.venv_airflow/lib/python3.11/site-packages/airflow/example_dags/example_sensors.py
[2026-03-18T16:29:32.852+0100] {processor.py:925} INFO - DAG(s) 'example_sensors' retrieved from /Users/atanasivanov/ipo-intel/ipo-intel/.venv_airflow/lib/python3.11/site-packages/airflow/example_dags/example_sensors.py
[2026-03-18T16:29:32.934+0100] {logging_mixin.py:190} INFO - [2026-03-18T16:29:32.934+0100] {workday.py:41} WARNING - Could not import pandas. Holidays will not be considered.
[2026-03-18T16:29:32.957+0100] {logging_mixin.py:190} INFO - [2026-03-18T16:29:32.957+0100] {dag.py:3239} INFO - Sync 1 DAGs
[2026-03-18T16:29:32.965+0100] {logging_mixin.py:190} INFO - [2026-03-18T16:29:32.965+0100] {dag.py:4180} INFO - Setting next_dagrun for example_sensors to None, run_after=None
[2026-03-18T16:29:33.027+0100] {processor.py:208} INFO - Processing /Users/atanasivanov/ipo-intel/ipo-intel/.venv_airflow/lib/python3.11/site-packages/airflow/example_dags/example_sensors.py took 0.198 seconds
[2026-03-18T16:31:25.209+0100] {processor.py:186} INFO - Started process (PID=48486) to work on /Users/atanasivanov/ipo-intel/ipo-intel/.venv_airflow/lib/python3.11/site-packages/airflow/example_dags/example_sensors.py
[2026-03-18T16:31:25.210+0100] {processor.py:914} INFO - Processing file /Users/atanasivanov/ipo-intel/ipo-intel/.venv_airflow/lib/python3.11/site-packages/airflow/example_dags/example_sensors.py for tasks to queue
[2026-03-18T16:31:25.211+0100] {logging_mixin.py:190} INFO - [2026-03-18T16:31:25.211+0100] {dagbag.py:588} INFO - Filling up the DagBag from /Users/atanasivanov/ipo-intel/ipo-intel/.venv_airflow/lib/python3.11/site-packages/airflow/example_dags/example_sensors.py
[2026-03-18T16:31:25.224+0100] {processor.py:925} INFO - DAG(s) 'example_sensors' retrieved from /Users/atanasivanov/ipo-intel/ipo-intel/.venv_airflow/lib/python3.11/site-packages/airflow/example_dags/example_sensors.py
[2026-03-18T16:31:25.296+0100] {logging_mixin.py:190} INFO - [2026-03-18T16:31:25.296+0100] {workday.py:41} WARNING - Could not import pandas. Holidays will not be considered.
[2026-03-18T16:31:25.317+0100] {logging_mixin.py:190} INFO - [2026-03-18T16:31:25.317+0100] {dag.py:3239} INFO - Sync 1 DAGs
[2026-03-18T16:31:25.325+0100] {logging_mixin.py:190} INFO - [2026-03-18T16:31:25.325+0100] {dag.py:4180} INFO - Setting next_dagrun for example_sensors to None, run_after=None
[2026-03-18T16:31:25.389+0100] {processor.py:208} INFO - Processing /Users/atanasivanov/ipo-intel/ipo-intel/.venv_airflow/lib/python3.11/site-packages/airflow/example_dags/example_sensors.py took 0.185 seconds
[2026-03-18T16:33:18.141+0100] {processor.py:186} INFO - Started process (PID=48895) to work on /Users/atanasivanov/ipo-intel/ipo-intel/.venv_airflow/lib/python3.11/site-packages/airflow/example_dags/example_sensors.py
[2026-03-18T16:33:18.143+0100] {processor.py:914} INFO - Processing file /Users/atanasivanov/ipo-intel/ipo-intel/.venv_airflow/lib/python3.11/site-packages/airflow/example_dags/example_sensors.py for tasks to queue
[2026-03-18T16:33:18.145+0100] {logging_mixin.py:190} INFO - [2026-03-18T16:33:18.144+0100] {dagbag.py:588} INFO - Filling up the DagBag from /Users/atanasivanov/ipo-intel/ipo-intel/.venv_airflow/lib/python3.11/site-packages/airflow/example_dags/example_sensors.py
[2026-03-18T16:33:18.159+0100] {processor.py:925} INFO - DAG(s) 'example_sensors' retrieved from /Users/atanasivanov/ipo-intel/ipo-intel/.venv_airflow/lib/python3.11/site-packages/airflow/example_dags/example_sensors.py
[2026-03-18T16:33:18.238+0100] {logging_mixin.py:190} INFO - [2026-03-18T16:33:18.238+0100] {workday.py:41} WARNING - Could not import pandas. Holidays will not be considered.
[2026-03-18T16:33:18.260+0100] {logging_mixin.py:190} INFO - [2026-03-18T16:33:18.260+0100] {dag.py:3239} INFO - Sync 1 DAGs
[2026-03-18T16:33:18.269+0100] {logging_mixin.py:190} INFO - [2026-03-18T16:33:18.269+0100] {dag.py:4180} INFO - Setting next_dagrun for example_sensors to None, run_after=None
[2026-03-18T16:33:18.340+0100] {processor.py:208} INFO - Processing /Users/atanasivanov/ipo-intel/ipo-intel/.venv_airflow/lib/python3.11/site-packages/airflow/example_dags/example_sensors.py took 0.205 seconds
[2026-03-18T16:35:14.981+0100] {processor.py:186} INFO - Started process (PID=49324) to work on /Users/atanasivanov/ipo-intel/ipo-intel/.venv_airflow/lib/python3.11/site-packages/airflow/example_dags/example_sensors.py
[2026-03-18T16:35:14.982+0100] {processor.py:914} INFO - Processing file /Users/atanasivanov/ipo-intel/ipo-intel/.venv_airflow/lib/python3.11/site-packages/airflow/example_dags/example_sensors.py for tasks to queue
[2026-03-18T16:35:14.983+0100] {logging_mixin.py:190} INFO - [2026-03-18T16:35:14.982+0100] {dagbag.py:588} INFO - Filling up the DagBag from /Users/atanasivanov/ipo-intel/ipo-intel/.venv_airflow/lib/python3.11/site-packages/airflow/example_dags/example_sensors.py
[2026-03-18T16:35:14.996+0100] {processor.py:925} INFO - DAG(s) 'example_sensors' retrieved from /Users/atanasivanov/ipo-intel/ipo-intel/.venv_airflow/lib/python3.11/site-packages/airflow/example_dags/example_sensors.py
[2026-03-18T16:35:15.070+0100] {logging_mixin.py:190} INFO - [2026-03-18T16:35:15.070+0100] {workday.py:41} WARNING - Could not import pandas. Holidays will not be considered.
[2026-03-18T16:35:15.091+0100] {logging_mixin.py:190} INFO - [2026-03-18T16:35:15.091+0100] {dag.py:3239} INFO - Sync 1 DAGs
[2026-03-18T16:35:15.099+0100] {logging_mixin.py:190} INFO - [2026-03-18T16:35:15.099+0100] {dag.py:4180} INFO - Setting next_dagrun for example_sensors to None, run_after=None
[2026-03-18T16:35:15.164+0100] {processor.py:208} INFO - Processing /Users/atanasivanov/ipo-intel/ipo-intel/.venv_airflow/lib/python3.11/site-packages/airflow/example_dags/example_sensors.py took 0.188 seconds
[2026-03-18T16:37:05.776+0100] {processor.py:186} INFO - Started process (PID=49732) to work on /Users/atanasivanov/ipo-intel/ipo-intel/.venv_airflow/lib/python3.11/site-packages/airflow/example_dags/example_sensors.py
[2026-03-18T16:37:05.777+0100] {processor.py:914} INFO - Processing file /Users/atanasivanov/ipo-intel/ipo-intel/.venv_airflow/lib/python3.11/site-packages/airflow/example_dags/example_sensors.py for tasks to queue
[2026-03-18T16:37:05.778+0100] {logging_mixin.py:190} INFO - [2026-03-18T16:37:05.778+0100] {dagbag.py:588} INFO - Filling up the DagBag from /Users/atanasivanov/ipo-intel/ipo-intel/.venv_airflow/lib/python3.11/site-packages/airflow/example_dags/example_sensors.py
[2026-03-18T16:37:05.791+0100] {processor.py:925} INFO - DAG(s) 'example_sensors' retrieved from /Users/atanasivanov/ipo-intel/ipo-intel/.venv_airflow/lib/python3.11/site-packages/airflow/example_dags/example_sensors.py
[2026-03-18T16:37:05.864+0100] {logging_mixin.py:190} INFO - [2026-03-18T16:37:05.864+0100] {workday.py:41} WARNING - Could not import pandas. Holidays will not be considered.
[2026-03-18T16:37:05.885+0100] {logging_mixin.py:190} INFO - [2026-03-18T16:37:05.885+0100] {dag.py:3239} INFO - Sync 1 DAGs
[2026-03-18T16:37:05.892+0100] {logging_mixin.py:190} INFO - [2026-03-18T16:37:05.892+0100] {dag.py:4180} INFO - Setting next_dagrun for example_sensors to None, run_after=None
[2026-03-18T16:37:05.955+0100] {processor.py:208} INFO - Processing /Users/atanasivanov/ipo-intel/ipo-intel/.venv_airflow/lib/python3.11/site-packages/airflow/example_dags/example_sensors.py took 0.183 seconds
[2026-03-18T16:38:59.089+0100] {processor.py:186} INFO - Started process (PID=50136) to work on /Users/atanasivanov/ipo-intel/ipo-intel/.venv_airflow/lib/python3.11/site-packages/airflow/example_dags/example_sensors.py
[2026-03-18T16:38:59.090+0100] {processor.py:914} INFO - Processing file /Users/atanasivanov/ipo-intel/ipo-intel/.venv_airflow/lib/python3.11/site-packages/airflow/example_dags/example_sensors.py for tasks to queue
[2026-03-18T16:38:59.091+0100] {logging_mixin.py:190} INFO - [2026-03-18T16:38:59.091+0100] {dagbag.py:588} INFO - Filling up the DagBag from /Users/atanasivanov/ipo-intel/ipo-intel/.venv_airflow/lib/python3.11/site-packages/airflow/example_dags/example_sensors.py
[2026-03-18T16:38:59.108+0100] {processor.py:925} INFO - DAG(s) 'example_sensors' retrieved from /Users/atanasivanov/ipo-intel/ipo-intel/.venv_airflow/lib/python3.11/site-packages/airflow/example_dags/example_sensors.py
[2026-03-18T16:38:59.201+0100] {logging_mixin.py:190} INFO - [2026-03-18T16:38:59.201+0100] {workday.py:41} WARNING - Could not import pandas. Holidays will not be considered.
[2026-03-18T16:38:59.226+0100] {logging_mixin.py:190} INFO - [2026-03-18T16:38:59.226+0100] {dag.py:3239} INFO - Sync 1 DAGs
[2026-03-18T16:38:59.235+0100] {logging_mixin.py:190} INFO - [2026-03-18T16:38:59.235+0100] {dag.py:4180} INFO - Setting next_dagrun for example_sensors to None, run_after=None
[2026-03-18T16:38:59.304+0100] {processor.py:208} INFO - Processing /Users/atanasivanov/ipo-intel/ipo-intel/.venv_airflow/lib/python3.11/site-packages/airflow/example_dags/example_sensors.py took 0.220 seconds
[2026-03-18T16:41:03.992+0100] {processor.py:186} INFO - Started process (PID=51593) to work on /Users/atanasivanov/ipo-intel/ipo-intel/.venv_airflow/lib/python3.11/site-packages/airflow/example_dags/example_sensors.py
[2026-03-18T16:41:03.992+0100] {processor.py:914} INFO - Processing file /Users/atanasivanov/ipo-intel/ipo-intel/.venv_airflow/lib/python3.11/site-packages/airflow/example_dags/example_sensors.py for tasks to queue
[2026-03-18T16:41:03.993+0100] {logging_mixin.py:190} INFO - [2026-03-18T16:41:03.993+0100] {dagbag.py:588} INFO - Filling up the DagBag from /Users/atanasivanov/ipo-intel/ipo-intel/.venv_airflow/lib/python3.11/site-packages/airflow/example_dags/example_sensors.py
[2026-03-18T16:41:04.009+0100] {processor.py:925} INFO - DAG(s) 'example_sensors' retrieved from /Users/atanasivanov/ipo-intel/ipo-intel/.venv_airflow/lib/python3.11/site-packages/airflow/example_dags/example_sensors.py
[2026-03-18T16:41:04.096+0100] {logging_mixin.py:190} INFO - [2026-03-18T16:41:04.096+0100] {workday.py:41} WARNING - Could not import pandas. Holidays will not be considered.
[2026-03-18T16:41:04.125+0100] {logging_mixin.py:190} INFO - [2026-03-18T16:41:04.125+0100] {dag.py:3239} INFO - Sync 1 DAGs
[2026-03-18T16:41:04.135+0100] {logging_mixin.py:190} INFO - [2026-03-18T16:41:04.135+0100] {dag.py:4180} INFO - Setting next_dagrun for example_sensors to None, run_after=None
[2026-03-18T16:41:04.214+0100] {processor.py:208} INFO - Processing /Users/atanasivanov/ipo-intel/ipo-intel/.venv_airflow/lib/python3.11/site-packages/airflow/example_dags/example_sensors.py took 0.227 seconds
[2026-03-18T16:43:07.731+0100] {processor.py:186} INFO - Started process (PID=52168) to work on /Users/atanasivanov/ipo-intel/ipo-intel/.venv_airflow/lib/python3.11/site-packages/airflow/example_dags/example_sensors.py
[2026-03-18T16:43:07.732+0100] {processor.py:914} INFO - Processing file /Users/atanasivanov/ipo-intel/ipo-intel/.venv_airflow/lib/python3.11/site-packages/airflow/example_dags/example_sensors.py for tasks to queue
[2026-03-18T16:43:07.733+0100] {logging_mixin.py:190} INFO - [2026-03-18T16:43:07.733+0100] {dagbag.py:588} INFO - Filling up the DagBag from /Users/atanasivanov/ipo-intel/ipo-intel/.venv_airflow/lib/python3.11/site-packages/airflow/example_dags/example_sensors.py
[2026-03-18T16:43:07.747+0100] {processor.py:925} INFO - DAG(s) 'example_sensors' retrieved from /Users/atanasivanov/ipo-intel/ipo-intel/.venv_airflow/lib/python3.11/site-packages/airflow/example_dags/example_sensors.py
[2026-03-18T16:43:07.825+0100] {logging_mixin.py:190} INFO - [2026-03-18T16:43:07.825+0100] {workday.py:41} WARNING - Could not import pandas. Holidays will not be considered.
[2026-03-18T16:43:07.848+0100] {logging_mixin.py:190} INFO - [2026-03-18T16:43:07.848+0100] {dag.py:3239} INFO - Sync 1 DAGs
[2026-03-18T16:43:07.857+0100] {logging_mixin.py:190} INFO - [2026-03-18T16:43:07.857+0100] {dag.py:4180} INFO - Setting next_dagrun for example_sensors to None, run_after=None
[2026-03-18T16:43:07.924+0100] {processor.py:208} INFO - Processing /Users/atanasivanov/ipo-intel/ipo-intel/.venv_airflow/lib/python3.11/site-packages/airflow/example_dags/example_sensors.py took 0.198 seconds
[2026-03-18T16:48:44.910+0100] {processor.py:186} INFO - Started process (PID=53371) to work on /Users/atanasivanov/ipo-intel/ipo-intel/.venv_airflow/lib/python3.11/site-packages/airflow/example_dags/example_sensors.py
[2026-03-18T16:48:44.911+0100] {processor.py:914} INFO - Processing file /Users/atanasivanov/ipo-intel/ipo-intel/.venv_airflow/lib/python3.11/site-packages/airflow/example_dags/example_sensors.py for tasks to queue
[2026-03-18T16:48:44.912+0100] {logging_mixin.py:190} INFO - [2026-03-18T16:48:44.912+0100] {dagbag.py:588} INFO - Filling up the DagBag from /Users/atanasivanov/ipo-intel/ipo-intel/.venv_airflow/lib/python3.11/site-packages/airflow/example_dags/example_sensors.py
[2026-03-18T16:48:44.926+0100] {processor.py:925} INFO - DAG(s) 'example_sensors' retrieved from /Users/atanasivanov/ipo-intel/ipo-intel/.venv_airflow/lib/python3.11/site-packages/airflow/example_dags/example_sensors.py
[2026-03-18T16:48:45.003+0100] {logging_mixin.py:190} INFO - [2026-03-18T16:48:45.003+0100] {workday.py:41} WARNING - Could not import pandas. Holidays will not be considered.
[2026-03-18T16:48:45.025+0100] {logging_mixin.py:190} INFO - [2026-03-18T16:48:45.025+0100] {dag.py:3239} INFO - Sync 1 DAGs
[2026-03-18T16:48:45.034+0100] {logging_mixin.py:190} INFO - [2026-03-18T16:48:45.034+0100] {dag.py:4180} INFO - Setting next_dagrun for example_sensors to None, run_after=None
[2026-03-18T16:48:45.104+0100] {processor.py:208} INFO - Processing /Users/atanasivanov/ipo-intel/ipo-intel/.venv_airflow/lib/python3.11/site-packages/airflow/example_dags/example_sensors.py took 0.199 seconds
[2026-03-18T16:51:13.005+0100] {processor.py:186} INFO - Started process (PID=53910) to work on /Users/atanasivanov/ipo-intel/ipo-intel/.venv_airflow/lib/python3.11/site-packages/airflow/example_dags/example_sensors.py
[2026-03-18T16:51:13.006+0100] {processor.py:914} INFO - Processing file /Users/atanasivanov/ipo-intel/ipo-intel/.venv_airflow/lib/python3.11/site-packages/airflow/example_dags/example_sensors.py for tasks to queue
[2026-03-18T16:51:13.007+0100] {logging_mixin.py:190} INFO - [2026-03-18T16:51:13.006+0100] {dagbag.py:588} INFO - Filling up the DagBag from /Users/atanasivanov/ipo-intel/ipo-intel/.venv_airflow/lib/python3.11/site-packages/airflow/example_dags/example_sensors.py
[2026-03-18T16:51:13.019+0100] {processor.py:925} INFO - DAG(s) 'example_sensors' retrieved from /Users/atanasivanov/ipo-intel/ipo-intel/.venv_airflow/lib/python3.11/site-packages/airflow/example_dags/example_sensors.py
[2026-03-18T16:51:13.095+0100] {logging_mixin.py:190} INFO - [2026-03-18T16:51:13.095+0100] {workday.py:41} WARNING - Could not import pandas. Holidays will not be considered.
[2026-03-18T16:51:13.117+0100] {logging_mixin.py:190} INFO - [2026-03-18T16:51:13.116+0100] {dag.py:3239} INFO - Sync 1 DAGs
[2026-03-18T16:51:13.125+0100] {logging_mixin.py:190} INFO - [2026-03-18T16:51:13.124+0100] {dag.py:4180} INFO - Setting next_dagrun for example_sensors to None, run_after=None
[2026-03-18T16:51:13.189+0100] {processor.py:208} INFO - Processing /Users/atanasivanov/ipo-intel/ipo-intel/.venv_airflow/lib/python3.11/site-packages/airflow/example_dags/example_sensors.py took 0.189 seconds
[2026-03-18T16:53:15.818+0100] {processor.py:186} INFO - Started process (PID=54356) to work on /Users/atanasivanov/ipo-intel/ipo-intel/.venv_airflow/lib/python3.11/site-packages/airflow/example_dags/example_sensors.py
[2026-03-18T16:53:15.819+0100] {processor.py:914} INFO - Processing file /Users/atanasivanov/ipo-intel/ipo-intel/.venv_airflow/lib/python3.11/site-packages/airflow/example_dags/example_sensors.py for tasks to queue
[2026-03-18T16:53:15.820+0100] {logging_mixin.py:190} INFO - [2026-03-18T16:53:15.820+0100] {dagbag.py:588} INFO - Filling up the DagBag from /Users/atanasivanov/ipo-intel/ipo-intel/.venv_airflow/lib/python3.11/site-packages/airflow/example_dags/example_sensors.py
[2026-03-18T16:53:15.835+0100] {processor.py:925} INFO - DAG(s) 'example_sensors' retrieved from /Users/atanasivanov/ipo-intel/ipo-intel/.venv_airflow/lib/python3.11/site-packages/airflow/example_dags/example_sensors.py
[2026-03-18T16:53:15.920+0100] {logging_mixin.py:190} INFO - [2026-03-18T16:53:15.920+0100] {workday.py:41} WARNING - Could not import pandas. Holidays will not be considered.
[2026-03-18T16:53:15.942+0100] {logging_mixin.py:190} INFO - [2026-03-18T16:53:15.942+0100] {dag.py:3239} INFO - Sync 1 DAGs
[2026-03-18T16:53:15.950+0100] {logging_mixin.py:190} INFO - [2026-03-18T16:53:15.950+0100] {dag.py:4180} INFO - Setting next_dagrun for example_sensors to None, run_after=None
[2026-03-18T16:53:16.017+0100] {processor.py:208} INFO - Processing /Users/atanasivanov/ipo-intel/ipo-intel/.venv_airflow/lib/python3.11/site-packages/airflow/example_dags/example_sensors.py took 0.204 seconds
[2026-03-18T16:55:23.307+0100] {processor.py:186} INFO - Started process (PID=55126) to work on /Users/atanasivanov/ipo-intel/ipo-intel/.venv_airflow/lib/python3.11/site-packages/airflow/example_dags/example_sensors.py
[2026-03-18T16:55:23.307+0100] {processor.py:914} INFO - Processing file /Users/atanasivanov/ipo-intel/ipo-intel/.venv_airflow/lib/python3.11/site-packages/airflow/example_dags/example_sensors.py for tasks to queue
[2026-03-18T16:55:23.308+0100] {logging_mixin.py:190} INFO - [2026-03-18T16:55:23.308+0100] {dagbag.py:588} INFO - Filling up the DagBag from /Users/atanasivanov/ipo-intel/ipo-intel/.venv_airflow/lib/python3.11/site-packages/airflow/example_dags/example_sensors.py
[2026-03-18T16:55:23.320+0100] {processor.py:925} INFO - DAG(s) 'example_sensors' retrieved from /Users/atanasivanov/ipo-intel/ipo-intel/.venv_airflow/lib/python3.11/site-packages/airflow/example_dags/example_sensors.py
[2026-03-18T16:55:23.392+0100] {logging_mixin.py:190} INFO - [2026-03-18T16:55:23.392+0100] {workday.py:41} WARNING - Could not import pandas. Holidays will not be considered.
[2026-03-18T16:55:23.413+0100] {logging_mixin.py:190} INFO - [2026-03-18T16:55:23.413+0100] {dag.py:3239} INFO - Sync 1 DAGs
[2026-03-18T16:55:23.421+0100] {logging_mixin.py:190} INFO - [2026-03-18T16:55:23.421+0100] {dag.py:4180} INFO - Setting next_dagrun for example_sensors to None, run_after=None
[2026-03-18T16:55:23.480+0100] {processor.py:208} INFO - Processing /Users/atanasivanov/ipo-intel/ipo-intel/.venv_airflow/lib/python3.11/site-packages/airflow/example_dags/example_sensors.py took 0.179 seconds
[2026-03-18T16:57:25.630+0100] {processor.py:186} INFO - Started process (PID=55598) to work on /Users/atanasivanov/ipo-intel/ipo-intel/.venv_airflow/lib/python3.11/site-packages/airflow/example_dags/example_sensors.py
[2026-03-18T16:57:25.631+0100] {processor.py:914} INFO - Processing file /Users/atanasivanov/ipo-intel/ipo-intel/.venv_airflow/lib/python3.11/site-packages/airflow/example_dags/example_sensors.py for tasks to queue
[2026-03-18T16:57:25.632+0100] {logging_mixin.py:190} INFO - [2026-03-18T16:57:25.632+0100] {dagbag.py:588} INFO - Filling up the DagBag from /Users/atanasivanov/ipo-intel/ipo-intel/.venv_airflow/lib/python3.11/site-packages/airflow/example_dags/example_sensors.py
[2026-03-18T16:57:25.646+0100] {processor.py:925} INFO - DAG(s) 'example_sensors' retrieved from /Users/atanasivanov/ipo-intel/ipo-intel/.venv_airflow/lib/python3.11/site-packages/airflow/example_dags/example_sensors.py
[2026-03-18T16:57:25.721+0100] {logging_mixin.py:190} INFO - [2026-03-18T16:57:25.721+0100] {workday.py:41} WARNING - Could not import pandas. Holidays will not be considered.
[2026-03-18T16:57:25.744+0100] {logging_mixin.py:190} INFO - [2026-03-18T16:57:25.743+0100] {dag.py:3239} INFO - Sync 1 DAGs
[2026-03-18T16:57:25.752+0100] {logging_mixin.py:190} INFO - [2026-03-18T16:57:25.752+0100] {dag.py:4180} INFO - Setting next_dagrun for example_sensors to None, run_after=None
[2026-03-18T16:57:25.816+0100] {processor.py:208} INFO - Processing /Users/atanasivanov/ipo-intel/ipo-intel/.venv_airflow/lib/python3.11/site-packages/airflow/example_dags/example_sensors.py took 0.191 seconds
[2026-03-18T16:59:31.689+0100] {processor.py:186} INFO - Started process (PID=56045) to work on /Users/atanasivanov/ipo-intel/ipo-intel/.venv_airflow/lib/python3.11/site-packages/airflow/example_dags/example_sensors.py
[2026-03-18T16:59:31.691+0100] {processor.py:914} INFO - Processing file /Users/atanasivanov/ipo-intel/ipo-intel/.venv_airflow/lib/python3.11/site-packages/airflow/example_dags/example_sensors.py for tasks to queue
[2026-03-18T16:59:31.692+0100] {logging_mixin.py:190} INFO - [2026-03-18T16:59:31.692+0100] {dagbag.py:588} INFO - Filling up the DagBag from /Users/atanasivanov/ipo-intel/ipo-intel/.venv_airflow/lib/python3.11/site-packages/airflow/example_dags/example_sensors.py
[2026-03-18T16:59:31.704+0100] {processor.py:925} INFO - DAG(s) 'example_sensors' retrieved from /Users/atanasivanov/ipo-intel/ipo-intel/.venv_airflow/lib/python3.11/site-packages/airflow/example_dags/example_sensors.py
[2026-03-18T16:59:31.778+0100] {logging_mixin.py:190} INFO - [2026-03-18T16:59:31.777+0100] {workday.py:41} WARNING - Could not import pandas. Holidays will not be considered.
[2026-03-18T16:59:31.799+0100] {logging_mixin.py:190} INFO - [2026-03-18T16:59:31.799+0100] {dag.py:3239} INFO - Sync 1 DAGs
[2026-03-18T16:59:31.808+0100] {logging_mixin.py:190} INFO - [2026-03-18T16:59:31.808+0100] {dag.py:4180} INFO - Setting next_dagrun for example_sensors to None, run_after=None
[2026-03-18T16:59:31.871+0100] {processor.py:208} INFO - Processing /Users/atanasivanov/ipo-intel/ipo-intel/.venv_airflow/lib/python3.11/site-packages/airflow/example_dags/example_sensors.py took 0.187 seconds
[2026-03-18T17:01:30.506+0100] {processor.py:186} INFO - Started process (PID=56474) to work on /Users/atanasivanov/ipo-intel/ipo-intel/.venv_airflow/lib/python3.11/site-packages/airflow/example_dags/example_sensors.py
[2026-03-18T17:01:30.506+0100] {processor.py:914} INFO - Processing file /Users/atanasivanov/ipo-intel/ipo-intel/.venv_airflow/lib/python3.11/site-packages/airflow/example_dags/example_sensors.py for tasks to queue
[2026-03-18T17:01:30.507+0100] {logging_mixin.py:190} INFO - [2026-03-18T17:01:30.507+0100] {dagbag.py:588} INFO - Filling up the DagBag from /Users/atanasivanov/ipo-intel/ipo-intel/.venv_airflow/lib/python3.11/site-packages/airflow/example_dags/example_sensors.py
[2026-03-18T17:01:30.519+0100] {processor.py:925} INFO - DAG(s) 'example_sensors' retrieved from /Users/atanasivanov/ipo-intel/ipo-intel/.venv_airflow/lib/python3.11/site-packages/airflow/example_dags/example_sensors.py
[2026-03-18T17:01:30.591+0100] {logging_mixin.py:190} INFO - [2026-03-18T17:01:30.591+0100] {workday.py:41} WARNING - Could not import pandas. Holidays will not be considered.
[2026-03-18T17:01:30.613+0100] {logging_mixin.py:190} INFO - [2026-03-18T17:01:30.613+0100] {dag.py:3239} INFO - Sync 1 DAGs
[2026-03-18T17:01:30.621+0100] {logging_mixin.py:190} INFO - [2026-03-18T17:01:30.621+0100] {dag.py:4180} INFO - Setting next_dagrun for example_sensors to None, run_after=None
[2026-03-18T17:01:30.682+0100] {processor.py:208} INFO - Processing /Users/atanasivanov/ipo-intel/ipo-intel/.venv_airflow/lib/python3.11/site-packages/airflow/example_dags/example_sensors.py took 0.181 seconds
[2026-03-18T17:03:27.318+0100] {processor.py:186} INFO - Started process (PID=56905) to work on /Users/atanasivanov/ipo-intel/ipo-intel/.venv_airflow/lib/python3.11/site-packages/airflow/example_dags/example_sensors.py
[2026-03-18T17:03:27.319+0100] {processor.py:914} INFO - Processing file /Users/atanasivanov/ipo-intel/ipo-intel/.venv_airflow/lib/python3.11/site-packages/airflow/example_dags/example_sensors.py for tasks to queue
[2026-03-18T17:03:27.320+0100] {logging_mixin.py:190} INFO - [2026-03-18T17:03:27.320+0100] {dagbag.py:588} INFO - Filling up the DagBag from /Users/atanasivanov/ipo-intel/ipo-intel/.venv_airflow/lib/python3.11/site-packages/airflow/example_dags/example_sensors.py
[2026-03-18T17:03:27.332+0100] {processor.py:925} INFO - DAG(s) 'example_sensors' retrieved from /Users/atanasivanov/ipo-intel/ipo-intel/.venv_airflow/lib/python3.11/site-packages/airflow/example_dags/example_sensors.py
[2026-03-18T17:03:27.404+0100] {logging_mixin.py:190} INFO - [2026-03-18T17:03:27.404+0100] {workday.py:41} WARNING - Could not import pandas. Holidays will not be considered.
[2026-03-18T17:03:27.425+0100] {logging_mixin.py:190} INFO - [2026-03-18T17:03:27.425+0100] {dag.py:3239} INFO - Sync 1 DAGs
[2026-03-18T17:03:27.433+0100] {logging_mixin.py:190} INFO - [2026-03-18T17:03:27.433+0100] {dag.py:4180} INFO - Setting next_dagrun for example_sensors to None, run_after=None
[2026-03-18T17:03:27.492+0100] {processor.py:208} INFO - Processing /Users/atanasivanov/ipo-intel/ipo-intel/.venv_airflow/lib/python3.11/site-packages/airflow/example_dags/example_sensors.py took 0.179 seconds
[2026-03-18T17:05:23.076+0100] {processor.py:186} INFO - Started process (PID=57330) to work on /Users/atanasivanov/ipo-intel/ipo-intel/.venv_airflow/lib/python3.11/site-packages/airflow/example_dags/example_sensors.py
[2026-03-18T17:05:23.077+0100] {processor.py:914} INFO - Processing file /Users/atanasivanov/ipo-intel/ipo-intel/.venv_airflow/lib/python3.11/site-packages/airflow/example_dags/example_sensors.py for tasks to queue
[2026-03-18T17:05:23.078+0100] {logging_mixin.py:190} INFO - [2026-03-18T17:05:23.077+0100] {dagbag.py:588} INFO - Filling up the DagBag from /Users/atanasivanov/ipo-intel/ipo-intel/.venv_airflow/lib/python3.11/site-packages/airflow/example_dags/example_sensors.py
[2026-03-18T17:05:23.090+0100] {processor.py:925} INFO - DAG(s) 'example_sensors' retrieved from /Users/atanasivanov/ipo-intel/ipo-intel/.venv_airflow/lib/python3.11/site-packages/airflow/example_dags/example_sensors.py
[2026-03-18T17:05:23.163+0100] {logging_mixin.py:190} INFO - [2026-03-18T17:05:23.163+0100] {workday.py:41} WARNING - Could not import pandas. Holidays will not be considered.
[2026-03-18T17:05:23.184+0100] {logging_mixin.py:190} INFO - [2026-03-18T17:05:23.184+0100] {dag.py:3239} INFO - Sync 1 DAGs
[2026-03-18T17:05:23.192+0100] {logging_mixin.py:190} INFO - [2026-03-18T17:05:23.192+0100] {dag.py:4180} INFO - Setting next_dagrun for example_sensors to None, run_after=None
[2026-03-18T17:05:23.252+0100] {processor.py:208} INFO - Processing /Users/atanasivanov/ipo-intel/ipo-intel/.venv_airflow/lib/python3.11/site-packages/airflow/example_dags/example_sensors.py took 0.182 seconds
[2026-03-18T17:07:18.800+0100] {processor.py:186} INFO - Started process (PID=57753) to work on /Users/atanasivanov/ipo-intel/ipo-intel/.venv_airflow/lib/python3.11/site-packages/airflow/example_dags/example_sensors.py
[2026-03-18T17:07:18.802+0100] {processor.py:914} INFO - Processing file /Users/atanasivanov/ipo-intel/ipo-intel/.venv_airflow/lib/python3.11/site-packages/airflow/example_dags/example_sensors.py for tasks to queue
[2026-03-18T17:07:18.803+0100] {logging_mixin.py:190} INFO - [2026-03-18T17:07:18.803+0100] {dagbag.py:588} INFO - Filling up the DagBag from /Users/atanasivanov/ipo-intel/ipo-intel/.venv_airflow/lib/python3.11/site-packages/airflow/example_dags/example_sensors.py
[2026-03-18T17:07:18.816+0100] {processor.py:925} INFO - DAG(s) 'example_sensors' retrieved from /Users/atanasivanov/ipo-intel/ipo-intel/.venv_airflow/lib/python3.11/site-packages/airflow/example_dags/example_sensors.py
[2026-03-18T17:07:18.889+0100] {logging_mixin.py:190} INFO - [2026-03-18T17:07:18.888+0100] {workday.py:41} WARNING - Could not import pandas. Holidays will not be considered.
[2026-03-18T17:07:18.910+0100] {logging_mixin.py:190} INFO - [2026-03-18T17:07:18.909+0100] {dag.py:3239} INFO - Sync 1 DAGs
[2026-03-18T17:07:18.917+0100] {logging_mixin.py:190} INFO - [2026-03-18T17:07:18.917+0100] {dag.py:4180} INFO - Setting next_dagrun for example_sensors to None, run_after=None
[2026-03-18T17:07:18.980+0100] {processor.py:208} INFO - Processing /Users/atanasivanov/ipo-intel/ipo-intel/.venv_airflow/lib/python3.11/site-packages/airflow/example_dags/example_sensors.py took 0.184 seconds
[2026-03-18T17:09:16.075+0100] {processor.py:186} INFO - Started process (PID=58194) to work on /Users/atanasivanov/ipo-intel/ipo-intel/.venv_airflow/lib/python3.11/site-packages/airflow/example_dags/example_sensors.py
[2026-03-18T17:09:16.076+0100] {processor.py:914} INFO - Processing file /Users/atanasivanov/ipo-intel/ipo-intel/.venv_airflow/lib/python3.11/site-packages/airflow/example_dags/example_sensors.py for tasks to queue
[2026-03-18T17:09:16.077+0100] {logging_mixin.py:190} INFO - [2026-03-18T17:09:16.077+0100] {dagbag.py:588} INFO - Filling up the DagBag from /Users/atanasivanov/ipo-intel/ipo-intel/.venv_airflow/lib/python3.11/site-packages/airflow/example_dags/example_sensors.py
[2026-03-18T17:09:16.096+0100] {processor.py:925} INFO - DAG(s) 'example_sensors' retrieved from /Users/atanasivanov/ipo-intel/ipo-intel/.venv_airflow/lib/python3.11/site-packages/airflow/example_dags/example_sensors.py
[2026-03-18T17:09:16.203+0100] {logging_mixin.py:190} INFO - [2026-03-18T17:09:16.203+0100] {workday.py:41} WARNING - Could not import pandas. Holidays will not be considered.
[2026-03-18T17:09:16.229+0100] {logging_mixin.py:190} INFO - [2026-03-18T17:09:16.229+0100] {dag.py:3239} INFO - Sync 1 DAGs
[2026-03-18T17:09:16.239+0100] {logging_mixin.py:190} INFO - [2026-03-18T17:09:16.239+0100] {dag.py:4180} INFO - Setting next_dagrun for example_sensors to None, run_after=None
[2026-03-18T17:09:16.309+0100] {processor.py:208} INFO - Processing /Users/atanasivanov/ipo-intel/ipo-intel/.venv_airflow/lib/python3.11/site-packages/airflow/example_dags/example_sensors.py took 0.240 seconds
[2026-03-18T17:11:15.273+0100] {processor.py:186} INFO - Started process (PID=58690) to work on /Users/atanasivanov/ipo-intel/ipo-intel/.venv_airflow/lib/python3.11/site-packages/airflow/example_dags/example_sensors.py
[2026-03-18T17:11:15.274+0100] {processor.py:914} INFO - Processing file /Users/atanasivanov/ipo-intel/ipo-intel/.venv_airflow/lib/python3.11/site-packages/airflow/example_dags/example_sensors.py for tasks to queue
[2026-03-18T17:11:15.275+0100] {logging_mixin.py:190} INFO - [2026-03-18T17:11:15.275+0100] {dagbag.py:588} INFO - Filling up the DagBag from /Users/atanasivanov/ipo-intel/ipo-intel/.venv_airflow/lib/python3.11/site-packages/airflow/example_dags/example_sensors.py
[2026-03-18T17:11:15.288+0100] {processor.py:925} INFO - DAG(s) 'example_sensors' retrieved from /Users/atanasivanov/ipo-intel/ipo-intel/.venv_airflow/lib/python3.11/site-packages/airflow/example_dags/example_sensors.py
[2026-03-18T17:11:15.361+0100] {logging_mixin.py:190} INFO - [2026-03-18T17:11:15.361+0100] {workday.py:41} WARNING - Could not import pandas. Holidays will not be considered.
[2026-03-18T17:11:15.381+0100] {logging_mixin.py:190} INFO - [2026-03-18T17:11:15.381+0100] {dag.py:3239} INFO - Sync 1 DAGs
[2026-03-18T17:11:15.389+0100] {logging_mixin.py:190} INFO - [2026-03-18T17:11:15.389+0100] {dag.py:4180} INFO - Setting next_dagrun for example_sensors to None, run_after=None
[2026-03-18T17:11:15.454+0100] {processor.py:208} INFO - Processing /Users/atanasivanov/ipo-intel/ipo-intel/.venv_airflow/lib/python3.11/site-packages/airflow/example_dags/example_sensors.py took 0.186 seconds
[2026-03-18T17:13:20.530+0100] {processor.py:186} INFO - Started process (PID=59433) to work on /Users/atanasivanov/ipo-intel/ipo-intel/.venv_airflow/lib/python3.11/site-packages/airflow/example_dags/example_sensors.py
[2026-03-18T17:13:20.531+0100] {processor.py:914} INFO - Processing file /Users/atanasivanov/ipo-intel/ipo-intel/.venv_airflow/lib/python3.11/site-packages/airflow/example_dags/example_sensors.py for tasks to queue
[2026-03-18T17:13:20.532+0100] {logging_mixin.py:190} INFO - [2026-03-18T17:13:20.532+0100] {dagbag.py:588} INFO - Filling up the DagBag from /Users/atanasivanov/ipo-intel/ipo-intel/.venv_airflow/lib/python3.11/site-packages/airflow/example_dags/example_sensors.py
[2026-03-18T17:13:20.546+0100] {processor.py:925} INFO - DAG(s) 'example_sensors' retrieved from /Users/atanasivanov/ipo-intel/ipo-intel/.venv_airflow/lib/python3.11/site-packages/airflow/example_dags/example_sensors.py
[2026-03-18T17:13:20.629+0100] {logging_mixin.py:190} INFO - [2026-03-18T17:13:20.629+0100] {workday.py:41} WARNING - Could not import pandas. Holidays will not be considered.
[2026-03-18T17:13:20.653+0100] {logging_mixin.py:190} INFO - [2026-03-18T17:13:20.653+0100] {dag.py:3239} INFO - Sync 1 DAGs
[2026-03-18T17:13:20.662+0100] {logging_mixin.py:190} INFO - [2026-03-18T17:13:20.661+0100] {dag.py:4180} INFO - Setting next_dagrun for example_sensors to None, run_after=None
[2026-03-18T17:13:20.726+0100] {processor.py:208} INFO - Processing /Users/atanasivanov/ipo-intel/ipo-intel/.venv_airflow/lib/python3.11/site-packages/airflow/example_dags/example_sensors.py took 0.200 seconds
[2026-03-18T17:15:23.052+0100] {processor.py:186} INFO - Started process (PID=60620) to work on /Users/atanasivanov/ipo-intel/ipo-intel/.venv_airflow/lib/python3.11/site-packages/airflow/example_dags/example_sensors.py
[2026-03-18T17:15:23.053+0100] {processor.py:914} INFO - Processing file /Users/atanasivanov/ipo-intel/ipo-intel/.venv_airflow/lib/python3.11/site-packages/airflow/example_dags/example_sensors.py for tasks to queue
[2026-03-18T17:15:23.054+0100] {logging_mixin.py:190} INFO - [2026-03-18T17:15:23.054+0100] {dagbag.py:588} INFO - Filling up the DagBag from /Users/atanasivanov/ipo-intel/ipo-intel/.venv_airflow/lib/python3.11/site-packages/airflow/example_dags/example_sensors.py
[2026-03-18T17:15:23.069+0100] {processor.py:925} INFO - DAG(s) 'example_sensors' retrieved from /Users/atanasivanov/ipo-intel/ipo-intel/.venv_airflow/lib/python3.11/site-packages/airflow/example_dags/example_sensors.py
[2026-03-18T17:15:23.147+0100] {logging_mixin.py:190} INFO - [2026-03-18T17:15:23.146+0100] {workday.py:41} WARNING - Could not import pandas. Holidays will not be considered.
[2026-03-18T17:15:23.170+0100] {logging_mixin.py:190} INFO - [2026-03-18T17:15:23.169+0100] {dag.py:3239} INFO - Sync 1 DAGs
[2026-03-18T17:15:23.178+0100] {logging_mixin.py:190} INFO - [2026-03-18T17:15:23.178+0100] {dag.py:4180} INFO - Setting next_dagrun for example_sensors to None, run_after=None
[2026-03-18T17:15:23.245+0100] {processor.py:208} INFO - Processing /Users/atanasivanov/ipo-intel/ipo-intel/.venv_airflow/lib/python3.11/site-packages/airflow/example_dags/example_sensors.py took 0.199 seconds
