[2026-03-18T16:21:14.843+0100] {processor.py:186} INFO - Started process (PID=45545) to work on /Users/atanasivanov/ipo-intel/ipo-intel/.venv_airflow/lib/python3.11/site-packages/airflow/example_dags/example_kubernetes_executor.py
[2026-03-18T16:21:14.845+0100] {processor.py:914} INFO - Processing file /Users/atanasivanov/ipo-intel/ipo-intel/.venv_airflow/lib/python3.11/site-packages/airflow/example_dags/example_kubernetes_executor.py for tasks to queue
[2026-03-18T16:21:14.846+0100] {logging_mixin.py:190} INFO - [2026-03-18T16:21:14.846+0100] {dagbag.py:588} INFO - Filling up the DagBag from /Users/atanasivanov/ipo-intel/ipo-intel/.venv_airflow/lib/python3.11/site-packages/airflow/example_dags/example_kubernetes_executor.py
[2026-03-18T16:21:14.881+0100] {logging_mixin.py:190} INFO - [2026-03-18T16:21:14.881+0100] {example_kubernetes_executor.py:39} WARNING - The example_kubernetes_executor example DAG requires the kubernetes provider. Please install it with: pip install apache-airflow[cncf.kubernetes]
[2026-03-18T16:21:14.882+0100] {processor.py:927} WARNING - No viable dags retrieved from /Users/atanasivanov/ipo-intel/ipo-intel/.venv_airflow/lib/python3.11/site-packages/airflow/example_dags/example_kubernetes_executor.py
[2026-03-18T16:21:14.963+0100] {processor.py:208} INFO - Processing /Users/atanasivanov/ipo-intel/ipo-intel/.venv_airflow/lib/python3.11/site-packages/airflow/example_dags/example_kubernetes_executor.py took 0.125 seconds
[2026-03-18T16:23:54.206+0100] {processor.py:186} INFO - Started process (PID=46137) to work on /Users/atanasivanov/ipo-intel/ipo-intel/.venv_airflow/lib/python3.11/site-packages/airflow/example_dags/example_kubernetes_executor.py
[2026-03-18T16:23:54.207+0100] {processor.py:914} INFO - Processing file /Users/atanasivanov/ipo-intel/ipo-intel/.venv_airflow/lib/python3.11/site-packages/airflow/example_dags/example_kubernetes_executor.py for tasks to queue
[2026-03-18T16:23:54.208+0100] {logging_mixin.py:190} INFO - [2026-03-18T16:23:54.207+0100] {dagbag.py:588} INFO - Filling up the DagBag from /Users/atanasivanov/ipo-intel/ipo-intel/.venv_airflow/lib/python3.11/site-packages/airflow/example_dags/example_kubernetes_executor.py
[2026-03-18T16:23:54.239+0100] {logging_mixin.py:190} INFO - [2026-03-18T16:23:54.239+0100] {example_kubernetes_executor.py:39} WARNING - The example_kubernetes_executor example DAG requires the kubernetes provider. Please install it with: pip install apache-airflow[cncf.kubernetes]
[2026-03-18T16:23:54.239+0100] {processor.py:927} WARNING - No viable dags retrieved from /Users/atanasivanov/ipo-intel/ipo-intel/.venv_airflow/lib/python3.11/site-packages/airflow/example_dags/example_kubernetes_executor.py
[2026-03-18T16:23:54.307+0100] {processor.py:208} INFO - Processing /Users/atanasivanov/ipo-intel/ipo-intel/.venv_airflow/lib/python3.11/site-packages/airflow/example_dags/example_kubernetes_executor.py took 0.106 seconds
[2026-03-18T16:28:01.225+0100] {processor.py:186} INFO - Started process (PID=47742) to work on /Users/atanasivanov/ipo-intel/ipo-intel/.venv_airflow/lib/python3.11/site-packages/airflow/example_dags/example_kubernetes_executor.py
[2026-03-18T16:28:01.226+0100] {processor.py:914} INFO - Processing file /Users/atanasivanov/ipo-intel/ipo-intel/.venv_airflow/lib/python3.11/site-packages/airflow/example_dags/example_kubernetes_executor.py for tasks to queue
[2026-03-18T16:28:01.227+0100] {logging_mixin.py:190} INFO - [2026-03-18T16:28:01.227+0100] {dagbag.py:588} INFO - Filling up the DagBag from /Users/atanasivanov/ipo-intel/ipo-intel/.venv_airflow/lib/python3.11/site-packages/airflow/example_dags/example_kubernetes_executor.py
[2026-03-18T16:28:01.258+0100] {logging_mixin.py:190} INFO - [2026-03-18T16:28:01.258+0100] {example_kubernetes_executor.py:39} WARNING - The example_kubernetes_executor example DAG requires the kubernetes provider. Please install it with: pip install apache-airflow[cncf.kubernetes]
[2026-03-18T16:28:01.259+0100] {processor.py:927} WARNING - No viable dags retrieved from /Users/atanasivanov/ipo-intel/ipo-intel/.venv_airflow/lib/python3.11/site-packages/airflow/example_dags/example_kubernetes_executor.py
[2026-03-18T16:28:01.328+0100] {processor.py:208} INFO - Processing /Users/atanasivanov/ipo-intel/ipo-intel/.venv_airflow/lib/python3.11/site-packages/airflow/example_dags/example_kubernetes_executor.py took 0.109 seconds
[2026-03-18T16:31:53.751+0100] {processor.py:186} INFO - Started process (PID=48589) to work on /Users/atanasivanov/ipo-intel/ipo-intel/.venv_airflow/lib/python3.11/site-packages/airflow/example_dags/example_kubernetes_executor.py
[2026-03-18T16:31:53.752+0100] {processor.py:914} INFO - Processing file /Users/atanasivanov/ipo-intel/ipo-intel/.venv_airflow/lib/python3.11/site-packages/airflow/example_dags/example_kubernetes_executor.py for tasks to queue
[2026-03-18T16:31:53.753+0100] {logging_mixin.py:190} INFO - [2026-03-18T16:31:53.753+0100] {dagbag.py:588} INFO - Filling up the DagBag from /Users/atanasivanov/ipo-intel/ipo-intel/.venv_airflow/lib/python3.11/site-packages/airflow/example_dags/example_kubernetes_executor.py
[2026-03-18T16:31:53.785+0100] {logging_mixin.py:190} INFO - [2026-03-18T16:31:53.785+0100] {example_kubernetes_executor.py:39} WARNING - The example_kubernetes_executor example DAG requires the kubernetes provider. Please install it with: pip install apache-airflow[cncf.kubernetes]
[2026-03-18T16:31:53.785+0100] {processor.py:927} WARNING - No viable dags retrieved from /Users/atanasivanov/ipo-intel/ipo-intel/.venv_airflow/lib/python3.11/site-packages/airflow/example_dags/example_kubernetes_executor.py
[2026-03-18T16:31:53.860+0100] {processor.py:208} INFO - Processing /Users/atanasivanov/ipo-intel/ipo-intel/.venv_airflow/lib/python3.11/site-packages/airflow/example_dags/example_kubernetes_executor.py took 0.114 seconds
[2026-03-18T16:35:43.616+0100] {processor.py:186} INFO - Started process (PID=49428) to work on /Users/atanasivanov/ipo-intel/ipo-intel/.venv_airflow/lib/python3.11/site-packages/airflow/example_dags/example_kubernetes_executor.py
[2026-03-18T16:35:43.617+0100] {processor.py:914} INFO - Processing file /Users/atanasivanov/ipo-intel/ipo-intel/.venv_airflow/lib/python3.11/site-packages/airflow/example_dags/example_kubernetes_executor.py for tasks to queue
[2026-03-18T16:35:43.618+0100] {logging_mixin.py:190} INFO - [2026-03-18T16:35:43.618+0100] {dagbag.py:588} INFO - Filling up the DagBag from /Users/atanasivanov/ipo-intel/ipo-intel/.venv_airflow/lib/python3.11/site-packages/airflow/example_dags/example_kubernetes_executor.py
[2026-03-18T16:35:43.650+0100] {logging_mixin.py:190} INFO - [2026-03-18T16:35:43.650+0100] {example_kubernetes_executor.py:39} WARNING - The example_kubernetes_executor example DAG requires the kubernetes provider. Please install it with: pip install apache-airflow[cncf.kubernetes]
[2026-03-18T16:35:43.650+0100] {processor.py:927} WARNING - No viable dags retrieved from /Users/atanasivanov/ipo-intel/ipo-intel/.venv_airflow/lib/python3.11/site-packages/airflow/example_dags/example_kubernetes_executor.py
[2026-03-18T16:35:43.726+0100] {processor.py:208} INFO - Processing /Users/atanasivanov/ipo-intel/ipo-intel/.venv_airflow/lib/python3.11/site-packages/airflow/example_dags/example_kubernetes_executor.py took 0.115 seconds
[2026-03-18T16:39:29.713+0100] {processor.py:186} INFO - Started process (PID=50535) to work on /Users/atanasivanov/ipo-intel/ipo-intel/.venv_airflow/lib/python3.11/site-packages/airflow/example_dags/example_kubernetes_executor.py
[2026-03-18T16:39:29.714+0100] {processor.py:914} INFO - Processing file /Users/atanasivanov/ipo-intel/ipo-intel/.venv_airflow/lib/python3.11/site-packages/airflow/example_dags/example_kubernetes_executor.py for tasks to queue
[2026-03-18T16:39:29.715+0100] {logging_mixin.py:190} INFO - [2026-03-18T16:39:29.715+0100] {dagbag.py:588} INFO - Filling up the DagBag from /Users/atanasivanov/ipo-intel/ipo-intel/.venv_airflow/lib/python3.11/site-packages/airflow/example_dags/example_kubernetes_executor.py
[2026-03-18T16:39:29.750+0100] {logging_mixin.py:190} INFO - [2026-03-18T16:39:29.750+0100] {example_kubernetes_executor.py:39} WARNING - The example_kubernetes_executor example DAG requires the kubernetes provider. Please install it with: pip install apache-airflow[cncf.kubernetes]
[2026-03-18T16:39:29.750+0100] {processor.py:927} WARNING - No viable dags retrieved from /Users/atanasivanov/ipo-intel/ipo-intel/.venv_airflow/lib/python3.11/site-packages/airflow/example_dags/example_kubernetes_executor.py
[2026-03-18T16:39:29.823+0100] {processor.py:208} INFO - Processing /Users/atanasivanov/ipo-intel/ipo-intel/.venv_airflow/lib/python3.11/site-packages/airflow/example_dags/example_kubernetes_executor.py took 0.114 seconds
[2026-03-18T16:49:13.157+0100] {processor.py:186} INFO - Started process (PID=53476) to work on /Users/atanasivanov/ipo-intel/ipo-intel/.venv_airflow/lib/python3.11/site-packages/airflow/example_dags/example_kubernetes_executor.py
[2026-03-18T16:49:13.158+0100] {processor.py:914} INFO - Processing file /Users/atanasivanov/ipo-intel/ipo-intel/.venv_airflow/lib/python3.11/site-packages/airflow/example_dags/example_kubernetes_executor.py for tasks to queue
[2026-03-18T16:49:13.159+0100] {logging_mixin.py:190} INFO - [2026-03-18T16:49:13.159+0100] {dagbag.py:588} INFO - Filling up the DagBag from /Users/atanasivanov/ipo-intel/ipo-intel/.venv_airflow/lib/python3.11/site-packages/airflow/example_dags/example_kubernetes_executor.py
[2026-03-18T16:49:13.190+0100] {logging_mixin.py:190} INFO - [2026-03-18T16:49:13.190+0100] {example_kubernetes_executor.py:39} WARNING - The example_kubernetes_executor example DAG requires the kubernetes provider. Please install it with: pip install apache-airflow[cncf.kubernetes]
[2026-03-18T16:49:13.190+0100] {processor.py:927} WARNING - No viable dags retrieved from /Users/atanasivanov/ipo-intel/ipo-intel/.venv_airflow/lib/python3.11/site-packages/airflow/example_dags/example_kubernetes_executor.py
[2026-03-18T16:49:13.257+0100] {processor.py:208} INFO - Processing /Users/atanasivanov/ipo-intel/ipo-intel/.venv_airflow/lib/python3.11/site-packages/airflow/example_dags/example_kubernetes_executor.py took 0.104 seconds
[2026-03-18T16:51:45.130+0100] {processor.py:186} INFO - Started process (PID=54026) to work on /Users/atanasivanov/ipo-intel/ipo-intel/.venv_airflow/lib/python3.11/site-packages/airflow/example_dags/example_kubernetes_executor.py
[2026-03-18T16:51:45.131+0100] {processor.py:914} INFO - Processing file /Users/atanasivanov/ipo-intel/ipo-intel/.venv_airflow/lib/python3.11/site-packages/airflow/example_dags/example_kubernetes_executor.py for tasks to queue
[2026-03-18T16:51:45.132+0100] {logging_mixin.py:190} INFO - [2026-03-18T16:51:45.132+0100] {dagbag.py:588} INFO - Filling up the DagBag from /Users/atanasivanov/ipo-intel/ipo-intel/.venv_airflow/lib/python3.11/site-packages/airflow/example_dags/example_kubernetes_executor.py
[2026-03-18T16:51:45.167+0100] {logging_mixin.py:190} INFO - [2026-03-18T16:51:45.167+0100] {example_kubernetes_executor.py:39} WARNING - The example_kubernetes_executor example DAG requires the kubernetes provider. Please install it with: pip install apache-airflow[cncf.kubernetes]
[2026-03-18T16:51:45.167+0100] {processor.py:927} WARNING - No viable dags retrieved from /Users/atanasivanov/ipo-intel/ipo-intel/.venv_airflow/lib/python3.11/site-packages/airflow/example_dags/example_kubernetes_executor.py
[2026-03-18T16:51:45.239+0100] {processor.py:208} INFO - Processing /Users/atanasivanov/ipo-intel/ipo-intel/.venv_airflow/lib/python3.11/site-packages/airflow/example_dags/example_kubernetes_executor.py took 0.114 seconds
[2026-03-18T16:55:56.325+0100] {processor.py:186} INFO - Started process (PID=55246) to work on /Users/atanasivanov/ipo-intel/ipo-intel/.venv_airflow/lib/python3.11/site-packages/airflow/example_dags/example_kubernetes_executor.py
[2026-03-18T16:55:56.326+0100] {processor.py:914} INFO - Processing file /Users/atanasivanov/ipo-intel/ipo-intel/.venv_airflow/lib/python3.11/site-packages/airflow/example_dags/example_kubernetes_executor.py for tasks to queue
[2026-03-18T16:55:56.327+0100] {logging_mixin.py:190} INFO - [2026-03-18T16:55:56.327+0100] {dagbag.py:588} INFO - Filling up the DagBag from /Users/atanasivanov/ipo-intel/ipo-intel/.venv_airflow/lib/python3.11/site-packages/airflow/example_dags/example_kubernetes_executor.py
[2026-03-18T16:55:56.445+0100] {logging_mixin.py:190} INFO - [2026-03-18T16:55:56.445+0100] {example_kubernetes_executor.py:39} WARNING - The example_kubernetes_executor example DAG requires the kubernetes provider. Please install it with: pip install apache-airflow[cncf.kubernetes]
[2026-03-18T16:55:56.446+0100] {processor.py:927} WARNING - No viable dags retrieved from /Users/atanasivanov/ipo-intel/ipo-intel/.venv_airflow/lib/python3.11/site-packages/airflow/example_dags/example_kubernetes_executor.py
[2026-03-18T16:55:56.571+0100] {processor.py:208} INFO - Processing /Users/atanasivanov/ipo-intel/ipo-intel/.venv_airflow/lib/python3.11/site-packages/airflow/example_dags/example_kubernetes_executor.py took 0.250 seconds
[2026-03-18T17:00:04.005+0100] {processor.py:186} INFO - Started process (PID=56163) to work on /Users/atanasivanov/ipo-intel/ipo-intel/.venv_airflow/lib/python3.11/site-packages/airflow/example_dags/example_kubernetes_executor.py
[2026-03-18T17:00:04.006+0100] {processor.py:914} INFO - Processing file /Users/atanasivanov/ipo-intel/ipo-intel/.venv_airflow/lib/python3.11/site-packages/airflow/example_dags/example_kubernetes_executor.py for tasks to queue
[2026-03-18T17:00:04.007+0100] {logging_mixin.py:190} INFO - [2026-03-18T17:00:04.007+0100] {dagbag.py:588} INFO - Filling up the DagBag from /Users/atanasivanov/ipo-intel/ipo-intel/.venv_airflow/lib/python3.11/site-packages/airflow/example_dags/example_kubernetes_executor.py
[2026-03-18T17:00:04.037+0100] {logging_mixin.py:190} INFO - [2026-03-18T17:00:04.037+0100] {example_kubernetes_executor.py:39} WARNING - The example_kubernetes_executor example DAG requires the kubernetes provider. Please install it with: pip install apache-airflow[cncf.kubernetes]
[2026-03-18T17:00:04.037+0100] {processor.py:927} WARNING - No viable dags retrieved from /Users/atanasivanov/ipo-intel/ipo-intel/.venv_airflow/lib/python3.11/site-packages/airflow/example_dags/example_kubernetes_executor.py
[2026-03-18T17:00:04.108+0100] {processor.py:208} INFO - Processing /Users/atanasivanov/ipo-intel/ipo-intel/.venv_airflow/lib/python3.11/site-packages/airflow/example_dags/example_kubernetes_executor.py took 0.108 seconds
[2026-03-18T17:03:56.019+0100] {processor.py:186} INFO - Started process (PID=57006) to work on /Users/atanasivanov/ipo-intel/ipo-intel/.venv_airflow/lib/python3.11/site-packages/airflow/example_dags/example_kubernetes_executor.py
[2026-03-18T17:03:56.019+0100] {processor.py:914} INFO - Processing file /Users/atanasivanov/ipo-intel/ipo-intel/.venv_airflow/lib/python3.11/site-packages/airflow/example_dags/example_kubernetes_executor.py for tasks to queue
[2026-03-18T17:03:56.020+0100] {logging_mixin.py:190} INFO - [2026-03-18T17:03:56.020+0100] {dagbag.py:588} INFO - Filling up the DagBag from /Users/atanasivanov/ipo-intel/ipo-intel/.venv_airflow/lib/python3.11/site-packages/airflow/example_dags/example_kubernetes_executor.py
[2026-03-18T17:03:56.050+0100] {logging_mixin.py:190} INFO - [2026-03-18T17:03:56.050+0100] {example_kubernetes_executor.py:39} WARNING - The example_kubernetes_executor example DAG requires the kubernetes provider. Please install it with: pip install apache-airflow[cncf.kubernetes]
[2026-03-18T17:03:56.050+0100] {processor.py:927} WARNING - No viable dags retrieved from /Users/atanasivanov/ipo-intel/ipo-intel/.venv_airflow/lib/python3.11/site-packages/airflow/example_dags/example_kubernetes_executor.py
[2026-03-18T17:03:56.118+0100] {processor.py:208} INFO - Processing /Users/atanasivanov/ipo-intel/ipo-intel/.venv_airflow/lib/python3.11/site-packages/airflow/example_dags/example_kubernetes_executor.py took 0.104 seconds
[2026-03-18T17:07:46.391+0100] {processor.py:186} INFO - Started process (PID=57851) to work on /Users/atanasivanov/ipo-intel/ipo-intel/.venv_airflow/lib/python3.11/site-packages/airflow/example_dags/example_kubernetes_executor.py
[2026-03-18T17:07:46.392+0100] {processor.py:914} INFO - Processing file /Users/atanasivanov/ipo-intel/ipo-intel/.venv_airflow/lib/python3.11/site-packages/airflow/example_dags/example_kubernetes_executor.py for tasks to queue
[2026-03-18T17:07:46.393+0100] {logging_mixin.py:190} INFO - [2026-03-18T17:07:46.393+0100] {dagbag.py:588} INFO - Filling up the DagBag from /Users/atanasivanov/ipo-intel/ipo-intel/.venv_airflow/lib/python3.11/site-packages/airflow/example_dags/example_kubernetes_executor.py
[2026-03-18T17:07:46.424+0100] {logging_mixin.py:190} INFO - [2026-03-18T17:07:46.424+0100] {example_kubernetes_executor.py:39} WARNING - The example_kubernetes_executor example DAG requires the kubernetes provider. Please install it with: pip install apache-airflow[cncf.kubernetes]
[2026-03-18T17:07:46.424+0100] {processor.py:927} WARNING - No viable dags retrieved from /Users/atanasivanov/ipo-intel/ipo-intel/.venv_airflow/lib/python3.11/site-packages/airflow/example_dags/example_kubernetes_executor.py
[2026-03-18T17:07:46.492+0100] {processor.py:208} INFO - Processing /Users/atanasivanov/ipo-intel/ipo-intel/.venv_airflow/lib/python3.11/site-packages/airflow/example_dags/example_kubernetes_executor.py took 0.106 seconds
[2026-03-18T17:11:46.382+0100] {processor.py:186} INFO - Started process (PID=58799) to work on /Users/atanasivanov/ipo-intel/ipo-intel/.venv_airflow/lib/python3.11/site-packages/airflow/example_dags/example_kubernetes_executor.py
[2026-03-18T17:11:46.383+0100] {processor.py:914} INFO - Processing file /Users/atanasivanov/ipo-intel/ipo-intel/.venv_airflow/lib/python3.11/site-packages/airflow/example_dags/example_kubernetes_executor.py for tasks to queue
[2026-03-18T17:11:46.384+0100] {logging_mixin.py:190} INFO - [2026-03-18T17:11:46.383+0100] {dagbag.py:588} INFO - Filling up the DagBag from /Users/atanasivanov/ipo-intel/ipo-intel/.venv_airflow/lib/python3.11/site-packages/airflow/example_dags/example_kubernetes_executor.py
[2026-03-18T17:11:46.414+0100] {logging_mixin.py:190} INFO - [2026-03-18T17:11:46.414+0100] {example_kubernetes_executor.py:39} WARNING - The example_kubernetes_executor example DAG requires the kubernetes provider. Please install it with: pip install apache-airflow[cncf.kubernetes]
[2026-03-18T17:11:46.414+0100] {processor.py:927} WARNING - No viable dags retrieved from /Users/atanasivanov/ipo-intel/ipo-intel/.venv_airflow/lib/python3.11/site-packages/airflow/example_dags/example_kubernetes_executor.py
[2026-03-18T17:11:46.481+0100] {processor.py:208} INFO - Processing /Users/atanasivanov/ipo-intel/ipo-intel/.venv_airflow/lib/python3.11/site-packages/airflow/example_dags/example_kubernetes_executor.py took 0.104 seconds
[2026-03-18T17:15:56.112+0100] {processor.py:186} INFO - Started process (PID=61427) to work on /Users/atanasivanov/ipo-intel/ipo-intel/.venv_airflow/lib/python3.11/site-packages/airflow/example_dags/example_kubernetes_executor.py
[2026-03-18T17:15:56.114+0100] {processor.py:914} INFO - Processing file /Users/atanasivanov/ipo-intel/ipo-intel/.venv_airflow/lib/python3.11/site-packages/airflow/example_dags/example_kubernetes_executor.py for tasks to queue
[2026-03-18T17:15:56.115+0100] {logging_mixin.py:190} INFO - [2026-03-18T17:15:56.115+0100] {dagbag.py:588} INFO - Filling up the DagBag from /Users/atanasivanov/ipo-intel/ipo-intel/.venv_airflow/lib/python3.11/site-packages/airflow/example_dags/example_kubernetes_executor.py
[2026-03-18T17:15:56.146+0100] {logging_mixin.py:190} INFO - [2026-03-18T17:15:56.146+0100] {example_kubernetes_executor.py:39} WARNING - The example_kubernetes_executor example DAG requires the kubernetes provider. Please install it with: pip install apache-airflow[cncf.kubernetes]
[2026-03-18T17:15:56.146+0100] {processor.py:927} WARNING - No viable dags retrieved from /Users/atanasivanov/ipo-intel/ipo-intel/.venv_airflow/lib/python3.11/site-packages/airflow/example_dags/example_kubernetes_executor.py
[2026-03-18T17:15:56.214+0100] {processor.py:208} INFO - Processing /Users/atanasivanov/ipo-intel/ipo-intel/.venv_airflow/lib/python3.11/site-packages/airflow/example_dags/example_kubernetes_executor.py took 0.107 seconds
