[2026-03-18T16:21:39.385+0100] {processor.py:186} INFO - Started process (PID=45638) to work on /Users/atanasivanov/ipo-intel/ipo-intel/.venv_airflow/lib/python3.11/site-packages/airflow/example_dags/example_dataset_alias.py
[2026-03-18T16:21:39.387+0100] {processor.py:914} INFO - Processing file /Users/atanasivanov/ipo-intel/ipo-intel/.venv_airflow/lib/python3.11/site-packages/airflow/example_dags/example_dataset_alias.py for tasks to queue
[2026-03-18T16:21:39.388+0100] {logging_mixin.py:190} INFO - [2026-03-18T16:21:39.388+0100] {dagbag.py:588} INFO - Filling up the DagBag from /Users/atanasivanov/ipo-intel/ipo-intel/.venv_airflow/lib/python3.11/site-packages/airflow/example_dags/example_dataset_alias.py
[2026-03-18T16:21:39.517+0100] {processor.py:925} INFO - DAG(s) 'dataset_s3_bucket_producer', 'dataset_s3_bucket_consumer', 'dataset_alias_example_alias_producer', 'dataset_alias_example_alias_consumer' retrieved from /Users/atanasivanov/ipo-intel/ipo-intel/.venv_airflow/lib/python3.11/site-packages/airflow/example_dags/example_dataset_alias.py
[2026-03-18T16:21:39.663+0100] {logging_mixin.py:190} INFO - [2026-03-18T16:21:39.663+0100] {override.py:1912} INFO - Created Permission View: can edit on DAG:dataset_s3_bucket_producer
[2026-03-18T16:21:39.670+0100] {logging_mixin.py:190} INFO - [2026-03-18T16:21:39.670+0100] {override.py:1912} INFO - Created Permission View: can read on DAG:dataset_s3_bucket_producer
[2026-03-18T16:21:39.676+0100] {logging_mixin.py:190} INFO - [2026-03-18T16:21:39.676+0100] {override.py:1912} INFO - Created Permission View: can delete on DAG:dataset_s3_bucket_producer
[2026-03-18T16:21:39.683+0100] {logging_mixin.py:190} INFO - [2026-03-18T16:21:39.683+0100] {override.py:1912} INFO - Created Permission View: menu access on DAG Run:dataset_s3_bucket_producer
[2026-03-18T16:21:39.688+0100] {logging_mixin.py:190} INFO - [2026-03-18T16:21:39.688+0100] {override.py:1912} INFO - Created Permission View: can read on DAG Run:dataset_s3_bucket_producer
[2026-03-18T16:21:39.693+0100] {logging_mixin.py:190} INFO - [2026-03-18T16:21:39.693+0100] {override.py:1912} INFO - Created Permission View: can delete on DAG Run:dataset_s3_bucket_producer
[2026-03-18T16:21:39.698+0100] {logging_mixin.py:190} INFO - [2026-03-18T16:21:39.698+0100] {override.py:1912} INFO - Created Permission View: can create on DAG Run:dataset_s3_bucket_producer
[2026-03-18T16:21:39.708+0100] {logging_mixin.py:190} INFO - [2026-03-18T16:21:39.707+0100] {override.py:1912} INFO - Created Permission View: can edit on DAG:dataset_s3_bucket_consumer
[2026-03-18T16:21:39.712+0100] {logging_mixin.py:190} INFO - [2026-03-18T16:21:39.712+0100] {override.py:1912} INFO - Created Permission View: can read on DAG:dataset_s3_bucket_consumer
[2026-03-18T16:21:39.717+0100] {logging_mixin.py:190} INFO - [2026-03-18T16:21:39.717+0100] {override.py:1912} INFO - Created Permission View: can delete on DAG:dataset_s3_bucket_consumer
[2026-03-18T16:21:39.724+0100] {logging_mixin.py:190} INFO - [2026-03-18T16:21:39.724+0100] {override.py:1912} INFO - Created Permission View: menu access on DAG Run:dataset_s3_bucket_consumer
[2026-03-18T16:21:39.729+0100] {logging_mixin.py:190} INFO - [2026-03-18T16:21:39.729+0100] {override.py:1912} INFO - Created Permission View: can read on DAG Run:dataset_s3_bucket_consumer
[2026-03-18T16:21:39.734+0100] {logging_mixin.py:190} INFO - [2026-03-18T16:21:39.733+0100] {override.py:1912} INFO - Created Permission View: can delete on DAG Run:dataset_s3_bucket_consumer
[2026-03-18T16:21:39.738+0100] {logging_mixin.py:190} INFO - [2026-03-18T16:21:39.738+0100] {override.py:1912} INFO - Created Permission View: can create on DAG Run:dataset_s3_bucket_consumer
[2026-03-18T16:21:39.750+0100] {logging_mixin.py:190} INFO - [2026-03-18T16:21:39.750+0100] {override.py:1912} INFO - Created Permission View: can edit on DAG:dataset_alias_example_alias_producer
[2026-03-18T16:21:39.755+0100] {logging_mixin.py:190} INFO - [2026-03-18T16:21:39.755+0100] {override.py:1912} INFO - Created Permission View: can read on DAG:dataset_alias_example_alias_producer
[2026-03-18T16:21:39.760+0100] {logging_mixin.py:190} INFO - [2026-03-18T16:21:39.760+0100] {override.py:1912} INFO - Created Permission View: can delete on DAG:dataset_alias_example_alias_producer
[2026-03-18T16:21:39.766+0100] {logging_mixin.py:190} INFO - [2026-03-18T16:21:39.766+0100] {override.py:1912} INFO - Created Permission View: menu access on DAG Run:dataset_alias_example_alias_producer
[2026-03-18T16:21:39.771+0100] {logging_mixin.py:190} INFO - [2026-03-18T16:21:39.771+0100] {override.py:1912} INFO - Created Permission View: can read on DAG Run:dataset_alias_example_alias_producer
[2026-03-18T16:21:39.776+0100] {logging_mixin.py:190} INFO - [2026-03-18T16:21:39.776+0100] {override.py:1912} INFO - Created Permission View: can delete on DAG Run:dataset_alias_example_alias_producer
[2026-03-18T16:21:39.781+0100] {logging_mixin.py:190} INFO - [2026-03-18T16:21:39.781+0100] {override.py:1912} INFO - Created Permission View: can create on DAG Run:dataset_alias_example_alias_producer
[2026-03-18T16:21:39.791+0100] {logging_mixin.py:190} INFO - [2026-03-18T16:21:39.791+0100] {override.py:1912} INFO - Created Permission View: can edit on DAG:dataset_alias_example_alias_consumer
[2026-03-18T16:21:39.796+0100] {logging_mixin.py:190} INFO - [2026-03-18T16:21:39.796+0100] {override.py:1912} INFO - Created Permission View: can read on DAG:dataset_alias_example_alias_consumer
[2026-03-18T16:21:39.801+0100] {logging_mixin.py:190} INFO - [2026-03-18T16:21:39.801+0100] {override.py:1912} INFO - Created Permission View: can delete on DAG:dataset_alias_example_alias_consumer
[2026-03-18T16:21:39.807+0100] {logging_mixin.py:190} INFO - [2026-03-18T16:21:39.807+0100] {override.py:1912} INFO - Created Permission View: menu access on DAG Run:dataset_alias_example_alias_consumer
[2026-03-18T16:21:39.812+0100] {logging_mixin.py:190} INFO - [2026-03-18T16:21:39.812+0100] {override.py:1912} INFO - Created Permission View: can read on DAG Run:dataset_alias_example_alias_consumer
[2026-03-18T16:21:39.817+0100] {logging_mixin.py:190} INFO - [2026-03-18T16:21:39.817+0100] {override.py:1912} INFO - Created Permission View: can delete on DAG Run:dataset_alias_example_alias_consumer
[2026-03-18T16:21:39.822+0100] {logging_mixin.py:190} INFO - [2026-03-18T16:21:39.821+0100] {override.py:1912} INFO - Created Permission View: can create on DAG Run:dataset_alias_example_alias_consumer
[2026-03-18T16:21:39.822+0100] {logging_mixin.py:190} INFO - [2026-03-18T16:21:39.822+0100] {dag.py:3239} INFO - Sync 4 DAGs
[2026-03-18T16:21:39.833+0100] {logging_mixin.py:190} INFO - [2026-03-18T16:21:39.832+0100] {dag.py:3262} INFO - Creating ORM DAG for dataset_alias_example_alias_consumer
[2026-03-18T16:21:39.833+0100] {logging_mixin.py:190} INFO - [2026-03-18T16:21:39.833+0100] {dag.py:3262} INFO - Creating ORM DAG for dataset_s3_bucket_consumer
[2026-03-18T16:21:39.834+0100] {logging_mixin.py:190} INFO - [2026-03-18T16:21:39.833+0100] {dag.py:3262} INFO - Creating ORM DAG for dataset_s3_bucket_producer
[2026-03-18T16:21:39.834+0100] {logging_mixin.py:190} INFO - [2026-03-18T16:21:39.834+0100] {dag.py:3262} INFO - Creating ORM DAG for dataset_alias_example_alias_producer
[2026-03-18T16:21:39.840+0100] {logging_mixin.py:190} INFO - [2026-03-18T16:21:39.840+0100] {dag.py:4180} INFO - Setting next_dagrun for dataset_alias_example_alias_consumer to None, run_after=None
[2026-03-18T16:21:39.841+0100] {logging_mixin.py:190} INFO - [2026-03-18T16:21:39.841+0100] {dag.py:4180} INFO - Setting next_dagrun for dataset_alias_example_alias_producer to None, run_after=None
[2026-03-18T16:21:39.841+0100] {logging_mixin.py:190} INFO - [2026-03-18T16:21:39.841+0100] {dag.py:4180} INFO - Setting next_dagrun for dataset_s3_bucket_consumer to None, run_after=None
[2026-03-18T16:21:39.842+0100] {logging_mixin.py:190} INFO - [2026-03-18T16:21:39.842+0100] {dag.py:4180} INFO - Setting next_dagrun for dataset_s3_bucket_producer to None, run_after=None
[2026-03-18T16:21:39.853+0100] {logging_mixin.py:190} INFO - [2026-03-18T16:21:39.853+0100] {workday.py:41} WARNING - Could not import pandas. Holidays will not be considered.
[2026-03-18T16:21:39.866+0100] {processor.py:208} INFO - Processing /Users/atanasivanov/ipo-intel/ipo-intel/.venv_airflow/lib/python3.11/site-packages/airflow/example_dags/example_dataset_alias.py took 0.486 seconds
[2026-03-18T16:25:48.162+0100] {processor.py:186} INFO - Started process (PID=46570) to work on /Users/atanasivanov/ipo-intel/ipo-intel/.venv_airflow/lib/python3.11/site-packages/airflow/example_dags/example_dataset_alias.py
[2026-03-18T16:25:48.163+0100] {processor.py:914} INFO - Processing file /Users/atanasivanov/ipo-intel/ipo-intel/.venv_airflow/lib/python3.11/site-packages/airflow/example_dags/example_dataset_alias.py for tasks to queue
[2026-03-18T16:25:48.164+0100] {logging_mixin.py:190} INFO - [2026-03-18T16:25:48.164+0100] {dagbag.py:588} INFO - Filling up the DagBag from /Users/atanasivanov/ipo-intel/ipo-intel/.venv_airflow/lib/python3.11/site-packages/airflow/example_dags/example_dataset_alias.py
[2026-03-18T16:25:48.323+0100] {processor.py:925} INFO - DAG(s) 'dataset_alias_example_alias_producer', 'dataset_s3_bucket_producer', 'dataset_s3_bucket_consumer', 'dataset_alias_example_alias_consumer' retrieved from /Users/atanasivanov/ipo-intel/ipo-intel/.venv_airflow/lib/python3.11/site-packages/airflow/example_dags/example_dataset_alias.py
[2026-03-18T16:25:48.404+0100] {logging_mixin.py:190} INFO - [2026-03-18T16:25:48.403+0100] {dag.py:3239} INFO - Sync 4 DAGs
[2026-03-18T16:25:48.421+0100] {logging_mixin.py:190} INFO - [2026-03-18T16:25:48.421+0100] {dag.py:4180} INFO - Setting next_dagrun for dataset_alias_example_alias_consumer to None, run_after=None
[2026-03-18T16:25:48.423+0100] {logging_mixin.py:190} INFO - [2026-03-18T16:25:48.423+0100] {dag.py:4180} INFO - Setting next_dagrun for dataset_alias_example_alias_producer to None, run_after=None
[2026-03-18T16:25:48.424+0100] {logging_mixin.py:190} INFO - [2026-03-18T16:25:48.424+0100] {dag.py:4180} INFO - Setting next_dagrun for dataset_s3_bucket_consumer to None, run_after=None
[2026-03-18T16:25:48.425+0100] {logging_mixin.py:190} INFO - [2026-03-18T16:25:48.425+0100] {dag.py:4180} INFO - Setting next_dagrun for dataset_s3_bucket_producer to None, run_after=None
[2026-03-18T16:25:48.442+0100] {processor.py:208} INFO - Processing /Users/atanasivanov/ipo-intel/ipo-intel/.venv_airflow/lib/python3.11/site-packages/airflow/example_dags/example_dataset_alias.py took 0.286 seconds
[2026-03-18T16:29:53.940+0100] {processor.py:186} INFO - Started process (PID=48153) to work on /Users/atanasivanov/ipo-intel/ipo-intel/.venv_airflow/lib/python3.11/site-packages/airflow/example_dags/example_dataset_alias.py
[2026-03-18T16:29:53.941+0100] {processor.py:914} INFO - Processing file /Users/atanasivanov/ipo-intel/ipo-intel/.venv_airflow/lib/python3.11/site-packages/airflow/example_dags/example_dataset_alias.py for tasks to queue
[2026-03-18T16:29:53.942+0100] {logging_mixin.py:190} INFO - [2026-03-18T16:29:53.942+0100] {dagbag.py:588} INFO - Filling up the DagBag from /Users/atanasivanov/ipo-intel/ipo-intel/.venv_airflow/lib/python3.11/site-packages/airflow/example_dags/example_dataset_alias.py
[2026-03-18T16:29:54.081+0100] {processor.py:925} INFO - DAG(s) 'dataset_s3_bucket_producer', 'dataset_s3_bucket_consumer', 'dataset_alias_example_alias_producer', 'dataset_alias_example_alias_consumer' retrieved from /Users/atanasivanov/ipo-intel/ipo-intel/.venv_airflow/lib/python3.11/site-packages/airflow/example_dags/example_dataset_alias.py
[2026-03-18T16:29:54.154+0100] {logging_mixin.py:190} INFO - [2026-03-18T16:29:54.153+0100] {dag.py:3239} INFO - Sync 4 DAGs
[2026-03-18T16:29:54.171+0100] {logging_mixin.py:190} INFO - [2026-03-18T16:29:54.171+0100] {dag.py:4180} INFO - Setting next_dagrun for dataset_alias_example_alias_consumer to None, run_after=None
[2026-03-18T16:29:54.173+0100] {logging_mixin.py:190} INFO - [2026-03-18T16:29:54.173+0100] {dag.py:4180} INFO - Setting next_dagrun for dataset_alias_example_alias_producer to None, run_after=None
[2026-03-18T16:29:54.174+0100] {logging_mixin.py:190} INFO - [2026-03-18T16:29:54.174+0100] {dag.py:4180} INFO - Setting next_dagrun for dataset_s3_bucket_consumer to None, run_after=None
[2026-03-18T16:29:54.175+0100] {logging_mixin.py:190} INFO - [2026-03-18T16:29:54.175+0100] {dag.py:4180} INFO - Setting next_dagrun for dataset_s3_bucket_producer to None, run_after=None
[2026-03-18T16:29:54.193+0100] {processor.py:208} INFO - Processing /Users/atanasivanov/ipo-intel/ipo-intel/.venv_airflow/lib/python3.11/site-packages/airflow/example_dags/example_dataset_alias.py took 0.258 seconds
[2026-03-18T16:33:37.365+0100] {processor.py:186} INFO - Started process (PID=48971) to work on /Users/atanasivanov/ipo-intel/ipo-intel/.venv_airflow/lib/python3.11/site-packages/airflow/example_dags/example_dataset_alias.py
[2026-03-18T16:33:37.366+0100] {processor.py:914} INFO - Processing file /Users/atanasivanov/ipo-intel/ipo-intel/.venv_airflow/lib/python3.11/site-packages/airflow/example_dags/example_dataset_alias.py for tasks to queue
[2026-03-18T16:33:37.367+0100] {logging_mixin.py:190} INFO - [2026-03-18T16:33:37.367+0100] {dagbag.py:588} INFO - Filling up the DagBag from /Users/atanasivanov/ipo-intel/ipo-intel/.venv_airflow/lib/python3.11/site-packages/airflow/example_dags/example_dataset_alias.py
[2026-03-18T16:33:37.497+0100] {processor.py:925} INFO - DAG(s) 'dataset_s3_bucket_consumer', 'dataset_alias_example_alias_consumer', 'dataset_alias_example_alias_producer', 'dataset_s3_bucket_producer' retrieved from /Users/atanasivanov/ipo-intel/ipo-intel/.venv_airflow/lib/python3.11/site-packages/airflow/example_dags/example_dataset_alias.py
[2026-03-18T16:33:37.566+0100] {logging_mixin.py:190} INFO - [2026-03-18T16:33:37.566+0100] {dag.py:3239} INFO - Sync 4 DAGs
[2026-03-18T16:33:37.583+0100] {logging_mixin.py:190} INFO - [2026-03-18T16:33:37.583+0100] {dag.py:4180} INFO - Setting next_dagrun for dataset_alias_example_alias_consumer to None, run_after=None
[2026-03-18T16:33:37.585+0100] {logging_mixin.py:190} INFO - [2026-03-18T16:33:37.585+0100] {dag.py:4180} INFO - Setting next_dagrun for dataset_alias_example_alias_producer to None, run_after=None
[2026-03-18T16:33:37.586+0100] {logging_mixin.py:190} INFO - [2026-03-18T16:33:37.586+0100] {dag.py:4180} INFO - Setting next_dagrun for dataset_s3_bucket_consumer to None, run_after=None
[2026-03-18T16:33:37.587+0100] {logging_mixin.py:190} INFO - [2026-03-18T16:33:37.587+0100] {dag.py:4180} INFO - Setting next_dagrun for dataset_s3_bucket_producer to None, run_after=None
[2026-03-18T16:33:37.604+0100] {processor.py:208} INFO - Processing /Users/atanasivanov/ipo-intel/ipo-intel/.venv_airflow/lib/python3.11/site-packages/airflow/example_dags/example_dataset_alias.py took 0.243 seconds
[2026-03-18T16:37:26.523+0100] {processor.py:186} INFO - Started process (PID=49804) to work on /Users/atanasivanov/ipo-intel/ipo-intel/.venv_airflow/lib/python3.11/site-packages/airflow/example_dags/example_dataset_alias.py
[2026-03-18T16:37:26.524+0100] {processor.py:914} INFO - Processing file /Users/atanasivanov/ipo-intel/ipo-intel/.venv_airflow/lib/python3.11/site-packages/airflow/example_dags/example_dataset_alias.py for tasks to queue
[2026-03-18T16:37:26.525+0100] {logging_mixin.py:190} INFO - [2026-03-18T16:37:26.525+0100] {dagbag.py:588} INFO - Filling up the DagBag from /Users/atanasivanov/ipo-intel/ipo-intel/.venv_airflow/lib/python3.11/site-packages/airflow/example_dags/example_dataset_alias.py
[2026-03-18T16:37:26.652+0100] {processor.py:925} INFO - DAG(s) 'dataset_alias_example_alias_consumer', 'dataset_s3_bucket_consumer', 'dataset_alias_example_alias_producer', 'dataset_s3_bucket_producer' retrieved from /Users/atanasivanov/ipo-intel/ipo-intel/.venv_airflow/lib/python3.11/site-packages/airflow/example_dags/example_dataset_alias.py
[2026-03-18T16:37:26.721+0100] {logging_mixin.py:190} INFO - [2026-03-18T16:37:26.720+0100] {dag.py:3239} INFO - Sync 4 DAGs
[2026-03-18T16:37:26.737+0100] {logging_mixin.py:190} INFO - [2026-03-18T16:37:26.737+0100] {dag.py:4180} INFO - Setting next_dagrun for dataset_alias_example_alias_consumer to None, run_after=None
[2026-03-18T16:37:26.739+0100] {logging_mixin.py:190} INFO - [2026-03-18T16:37:26.739+0100] {dag.py:4180} INFO - Setting next_dagrun for dataset_alias_example_alias_producer to None, run_after=None
[2026-03-18T16:37:26.740+0100] {logging_mixin.py:190} INFO - [2026-03-18T16:37:26.739+0100] {dag.py:4180} INFO - Setting next_dagrun for dataset_s3_bucket_consumer to None, run_after=None
[2026-03-18T16:37:26.740+0100] {logging_mixin.py:190} INFO - [2026-03-18T16:37:26.740+0100] {dag.py:4180} INFO - Setting next_dagrun for dataset_s3_bucket_producer to None, run_after=None
[2026-03-18T16:37:26.757+0100] {processor.py:208} INFO - Processing /Users/atanasivanov/ipo-intel/ipo-intel/.venv_airflow/lib/python3.11/site-packages/airflow/example_dags/example_dataset_alias.py took 0.238 seconds
[2026-03-18T16:41:25.096+0100] {processor.py:186} INFO - Started process (PID=51692) to work on /Users/atanasivanov/ipo-intel/ipo-intel/.venv_airflow/lib/python3.11/site-packages/airflow/example_dags/example_dataset_alias.py
[2026-03-18T16:41:25.097+0100] {processor.py:914} INFO - Processing file /Users/atanasivanov/ipo-intel/ipo-intel/.venv_airflow/lib/python3.11/site-packages/airflow/example_dags/example_dataset_alias.py for tasks to queue
[2026-03-18T16:41:25.098+0100] {logging_mixin.py:190} INFO - [2026-03-18T16:41:25.098+0100] {dagbag.py:588} INFO - Filling up the DagBag from /Users/atanasivanov/ipo-intel/ipo-intel/.venv_airflow/lib/python3.11/site-packages/airflow/example_dags/example_dataset_alias.py
[2026-03-18T16:41:25.227+0100] {processor.py:925} INFO - DAG(s) 'dataset_alias_example_alias_producer', 'dataset_alias_example_alias_consumer', 'dataset_s3_bucket_consumer', 'dataset_s3_bucket_producer' retrieved from /Users/atanasivanov/ipo-intel/ipo-intel/.venv_airflow/lib/python3.11/site-packages/airflow/example_dags/example_dataset_alias.py
[2026-03-18T16:41:25.304+0100] {logging_mixin.py:190} INFO - [2026-03-18T16:41:25.304+0100] {dag.py:3239} INFO - Sync 4 DAGs
[2026-03-18T16:41:25.322+0100] {logging_mixin.py:190} INFO - [2026-03-18T16:41:25.322+0100] {dag.py:4180} INFO - Setting next_dagrun for dataset_alias_example_alias_consumer to None, run_after=None
[2026-03-18T16:41:25.325+0100] {logging_mixin.py:190} INFO - [2026-03-18T16:41:25.324+0100] {dag.py:4180} INFO - Setting next_dagrun for dataset_alias_example_alias_producer to None, run_after=None
[2026-03-18T16:41:25.326+0100] {logging_mixin.py:190} INFO - [2026-03-18T16:41:25.325+0100] {dag.py:4180} INFO - Setting next_dagrun for dataset_s3_bucket_consumer to None, run_after=None
[2026-03-18T16:41:25.327+0100] {logging_mixin.py:190} INFO - [2026-03-18T16:41:25.326+0100] {dag.py:4180} INFO - Setting next_dagrun for dataset_s3_bucket_producer to None, run_after=None
[2026-03-18T16:41:25.346+0100] {processor.py:208} INFO - Processing /Users/atanasivanov/ipo-intel/ipo-intel/.venv_airflow/lib/python3.11/site-packages/airflow/example_dags/example_dataset_alias.py took 0.255 seconds
[2026-03-18T16:49:33.763+0100] {processor.py:186} INFO - Started process (PID=53548) to work on /Users/atanasivanov/ipo-intel/ipo-intel/.venv_airflow/lib/python3.11/site-packages/airflow/example_dags/example_dataset_alias.py
[2026-03-18T16:49:33.764+0100] {processor.py:914} INFO - Processing file /Users/atanasivanov/ipo-intel/ipo-intel/.venv_airflow/lib/python3.11/site-packages/airflow/example_dags/example_dataset_alias.py for tasks to queue
[2026-03-18T16:49:33.765+0100] {logging_mixin.py:190} INFO - [2026-03-18T16:49:33.765+0100] {dagbag.py:588} INFO - Filling up the DagBag from /Users/atanasivanov/ipo-intel/ipo-intel/.venv_airflow/lib/python3.11/site-packages/airflow/example_dags/example_dataset_alias.py
[2026-03-18T16:49:33.945+0100] {processor.py:925} INFO - DAG(s) 'dataset_s3_bucket_consumer', 'dataset_s3_bucket_producer', 'dataset_alias_example_alias_producer', 'dataset_alias_example_alias_consumer' retrieved from /Users/atanasivanov/ipo-intel/ipo-intel/.venv_airflow/lib/python3.11/site-packages/airflow/example_dags/example_dataset_alias.py
[2026-03-18T16:49:34.038+0100] {logging_mixin.py:190} INFO - [2026-03-18T16:49:34.038+0100] {dag.py:3239} INFO - Sync 4 DAGs
[2026-03-18T16:49:34.061+0100] {logging_mixin.py:190} INFO - [2026-03-18T16:49:34.060+0100] {dag.py:4180} INFO - Setting next_dagrun for dataset_alias_example_alias_consumer to None, run_after=None
[2026-03-18T16:49:34.064+0100] {logging_mixin.py:190} INFO - [2026-03-18T16:49:34.064+0100] {dag.py:4180} INFO - Setting next_dagrun for dataset_alias_example_alias_producer to None, run_after=None
[2026-03-18T16:49:34.065+0100] {logging_mixin.py:190} INFO - [2026-03-18T16:49:34.065+0100] {dag.py:4180} INFO - Setting next_dagrun for dataset_s3_bucket_consumer to None, run_after=None
[2026-03-18T16:49:34.067+0100] {logging_mixin.py:190} INFO - [2026-03-18T16:49:34.067+0100] {dag.py:4180} INFO - Setting next_dagrun for dataset_s3_bucket_producer to None, run_after=None
[2026-03-18T16:49:34.094+0100] {processor.py:208} INFO - Processing /Users/atanasivanov/ipo-intel/ipo-intel/.venv_airflow/lib/python3.11/site-packages/airflow/example_dags/example_dataset_alias.py took 0.338 seconds
[2026-03-18T16:53:38.314+0100] {processor.py:186} INFO - Started process (PID=54523) to work on /Users/atanasivanov/ipo-intel/ipo-intel/.venv_airflow/lib/python3.11/site-packages/airflow/example_dags/example_dataset_alias.py
[2026-03-18T16:53:38.315+0100] {processor.py:914} INFO - Processing file /Users/atanasivanov/ipo-intel/ipo-intel/.venv_airflow/lib/python3.11/site-packages/airflow/example_dags/example_dataset_alias.py for tasks to queue
[2026-03-18T16:53:38.315+0100] {logging_mixin.py:190} INFO - [2026-03-18T16:53:38.315+0100] {dagbag.py:588} INFO - Filling up the DagBag from /Users/atanasivanov/ipo-intel/ipo-intel/.venv_airflow/lib/python3.11/site-packages/airflow/example_dags/example_dataset_alias.py
[2026-03-18T16:53:38.444+0100] {processor.py:925} INFO - DAG(s) 'dataset_s3_bucket_producer', 'dataset_alias_example_alias_producer', 'dataset_alias_example_alias_consumer', 'dataset_s3_bucket_consumer' retrieved from /Users/atanasivanov/ipo-intel/ipo-intel/.venv_airflow/lib/python3.11/site-packages/airflow/example_dags/example_dataset_alias.py
[2026-03-18T16:53:38.518+0100] {logging_mixin.py:190} INFO - [2026-03-18T16:53:38.518+0100] {dag.py:3239} INFO - Sync 4 DAGs
[2026-03-18T16:53:38.534+0100] {logging_mixin.py:190} INFO - [2026-03-18T16:53:38.534+0100] {dag.py:4180} INFO - Setting next_dagrun for dataset_alias_example_alias_consumer to None, run_after=None
[2026-03-18T16:53:38.536+0100] {logging_mixin.py:190} INFO - [2026-03-18T16:53:38.536+0100] {dag.py:4180} INFO - Setting next_dagrun for dataset_alias_example_alias_producer to None, run_after=None
[2026-03-18T16:53:38.537+0100] {logging_mixin.py:190} INFO - [2026-03-18T16:53:38.537+0100] {dag.py:4180} INFO - Setting next_dagrun for dataset_s3_bucket_consumer to None, run_after=None
[2026-03-18T16:53:38.538+0100] {logging_mixin.py:190} INFO - [2026-03-18T16:53:38.537+0100] {dag.py:4180} INFO - Setting next_dagrun for dataset_s3_bucket_producer to None, run_after=None
[2026-03-18T16:53:38.554+0100] {processor.py:208} INFO - Processing /Users/atanasivanov/ipo-intel/ipo-intel/.venv_airflow/lib/python3.11/site-packages/airflow/example_dags/example_dataset_alias.py took 0.246 seconds
[2026-03-18T16:57:50.698+0100] {processor.py:186} INFO - Started process (PID=55683) to work on /Users/atanasivanov/ipo-intel/ipo-intel/.venv_airflow/lib/python3.11/site-packages/airflow/example_dags/example_dataset_alias.py
[2026-03-18T16:57:50.699+0100] {processor.py:914} INFO - Processing file /Users/atanasivanov/ipo-intel/ipo-intel/.venv_airflow/lib/python3.11/site-packages/airflow/example_dags/example_dataset_alias.py for tasks to queue
[2026-03-18T16:57:50.700+0100] {logging_mixin.py:190} INFO - [2026-03-18T16:57:50.700+0100] {dagbag.py:588} INFO - Filling up the DagBag from /Users/atanasivanov/ipo-intel/ipo-intel/.venv_airflow/lib/python3.11/site-packages/airflow/example_dags/example_dataset_alias.py
[2026-03-18T16:57:50.830+0100] {processor.py:925} INFO - DAG(s) 'dataset_alias_example_alias_consumer', 'dataset_alias_example_alias_producer', 'dataset_s3_bucket_producer', 'dataset_s3_bucket_consumer' retrieved from /Users/atanasivanov/ipo-intel/ipo-intel/.venv_airflow/lib/python3.11/site-packages/airflow/example_dags/example_dataset_alias.py
[2026-03-18T16:57:50.904+0100] {logging_mixin.py:190} INFO - [2026-03-18T16:57:50.904+0100] {dag.py:3239} INFO - Sync 4 DAGs
[2026-03-18T16:57:50.921+0100] {logging_mixin.py:190} INFO - [2026-03-18T16:57:50.921+0100] {dag.py:4180} INFO - Setting next_dagrun for dataset_alias_example_alias_consumer to None, run_after=None
[2026-03-18T16:57:50.923+0100] {logging_mixin.py:190} INFO - [2026-03-18T16:57:50.923+0100] {dag.py:4180} INFO - Setting next_dagrun for dataset_alias_example_alias_producer to None, run_after=None
[2026-03-18T16:57:50.924+0100] {logging_mixin.py:190} INFO - [2026-03-18T16:57:50.924+0100] {dag.py:4180} INFO - Setting next_dagrun for dataset_s3_bucket_consumer to None, run_after=None
[2026-03-18T16:57:50.925+0100] {logging_mixin.py:190} INFO - [2026-03-18T16:57:50.925+0100] {dag.py:4180} INFO - Setting next_dagrun for dataset_s3_bucket_producer to None, run_after=None
[2026-03-18T16:57:50.942+0100] {processor.py:208} INFO - Processing /Users/atanasivanov/ipo-intel/ipo-intel/.venv_airflow/lib/python3.11/site-packages/airflow/example_dags/example_dataset_alias.py took 0.250 seconds
[2026-03-18T17:01:52.225+0100] {processor.py:186} INFO - Started process (PID=56555) to work on /Users/atanasivanov/ipo-intel/ipo-intel/.venv_airflow/lib/python3.11/site-packages/airflow/example_dags/example_dataset_alias.py
[2026-03-18T17:01:52.226+0100] {processor.py:914} INFO - Processing file /Users/atanasivanov/ipo-intel/ipo-intel/.venv_airflow/lib/python3.11/site-packages/airflow/example_dags/example_dataset_alias.py for tasks to queue
[2026-03-18T17:01:52.226+0100] {logging_mixin.py:190} INFO - [2026-03-18T17:01:52.226+0100] {dagbag.py:588} INFO - Filling up the DagBag from /Users/atanasivanov/ipo-intel/ipo-intel/.venv_airflow/lib/python3.11/site-packages/airflow/example_dags/example_dataset_alias.py
[2026-03-18T17:01:52.361+0100] {processor.py:925} INFO - DAG(s) 'dataset_alias_example_alias_consumer', 'dataset_s3_bucket_consumer', 'dataset_s3_bucket_producer', 'dataset_alias_example_alias_producer' retrieved from /Users/atanasivanov/ipo-intel/ipo-intel/.venv_airflow/lib/python3.11/site-packages/airflow/example_dags/example_dataset_alias.py
[2026-03-18T17:01:52.429+0100] {logging_mixin.py:190} INFO - [2026-03-18T17:01:52.428+0100] {dag.py:3239} INFO - Sync 4 DAGs
[2026-03-18T17:01:52.444+0100] {logging_mixin.py:190} INFO - [2026-03-18T17:01:52.444+0100] {dag.py:4180} INFO - Setting next_dagrun for dataset_alias_example_alias_consumer to None, run_after=None
[2026-03-18T17:01:52.445+0100] {logging_mixin.py:190} INFO - [2026-03-18T17:01:52.445+0100] {dag.py:4180} INFO - Setting next_dagrun for dataset_alias_example_alias_producer to None, run_after=None
[2026-03-18T17:01:52.446+0100] {logging_mixin.py:190} INFO - [2026-03-18T17:01:52.446+0100] {dag.py:4180} INFO - Setting next_dagrun for dataset_s3_bucket_consumer to None, run_after=None
[2026-03-18T17:01:52.447+0100] {logging_mixin.py:190} INFO - [2026-03-18T17:01:52.447+0100] {dag.py:4180} INFO - Setting next_dagrun for dataset_s3_bucket_producer to None, run_after=None
[2026-03-18T17:01:52.463+0100] {processor.py:208} INFO - Processing /Users/atanasivanov/ipo-intel/ipo-intel/.venv_airflow/lib/python3.11/site-packages/airflow/example_dags/example_dataset_alias.py took 0.243 seconds
[2026-03-18T17:05:44.387+0100] {processor.py:186} INFO - Started process (PID=57409) to work on /Users/atanasivanov/ipo-intel/ipo-intel/.venv_airflow/lib/python3.11/site-packages/airflow/example_dags/example_dataset_alias.py
[2026-03-18T17:05:44.388+0100] {processor.py:914} INFO - Processing file /Users/atanasivanov/ipo-intel/ipo-intel/.venv_airflow/lib/python3.11/site-packages/airflow/example_dags/example_dataset_alias.py for tasks to queue
[2026-03-18T17:05:44.389+0100] {logging_mixin.py:190} INFO - [2026-03-18T17:05:44.388+0100] {dagbag.py:588} INFO - Filling up the DagBag from /Users/atanasivanov/ipo-intel/ipo-intel/.venv_airflow/lib/python3.11/site-packages/airflow/example_dags/example_dataset_alias.py
[2026-03-18T17:05:44.524+0100] {processor.py:925} INFO - DAG(s) 'dataset_alias_example_alias_consumer', 'dataset_s3_bucket_producer', 'dataset_s3_bucket_consumer', 'dataset_alias_example_alias_producer' retrieved from /Users/atanasivanov/ipo-intel/ipo-intel/.venv_airflow/lib/python3.11/site-packages/airflow/example_dags/example_dataset_alias.py
[2026-03-18T17:05:44.598+0100] {logging_mixin.py:190} INFO - [2026-03-18T17:05:44.598+0100] {dag.py:3239} INFO - Sync 4 DAGs
[2026-03-18T17:05:44.617+0100] {logging_mixin.py:190} INFO - [2026-03-18T17:05:44.617+0100] {dag.py:4180} INFO - Setting next_dagrun for dataset_alias_example_alias_consumer to None, run_after=None
[2026-03-18T17:05:44.620+0100] {logging_mixin.py:190} INFO - [2026-03-18T17:05:44.620+0100] {dag.py:4180} INFO - Setting next_dagrun for dataset_alias_example_alias_producer to None, run_after=None
[2026-03-18T17:05:44.621+0100] {logging_mixin.py:190} INFO - [2026-03-18T17:05:44.621+0100] {dag.py:4180} INFO - Setting next_dagrun for dataset_s3_bucket_consumer to None, run_after=None
[2026-03-18T17:05:44.622+0100] {logging_mixin.py:190} INFO - [2026-03-18T17:05:44.621+0100] {dag.py:4180} INFO - Setting next_dagrun for dataset_s3_bucket_producer to None, run_after=None
[2026-03-18T17:05:44.640+0100] {processor.py:208} INFO - Processing /Users/atanasivanov/ipo-intel/ipo-intel/.venv_airflow/lib/python3.11/site-packages/airflow/example_dags/example_dataset_alias.py took 0.258 seconds
[2026-03-18T17:09:35.337+0100] {processor.py:186} INFO - Started process (PID=58286) to work on /Users/atanasivanov/ipo-intel/ipo-intel/.venv_airflow/lib/python3.11/site-packages/airflow/example_dags/example_dataset_alias.py
[2026-03-18T17:09:35.338+0100] {processor.py:914} INFO - Processing file /Users/atanasivanov/ipo-intel/ipo-intel/.venv_airflow/lib/python3.11/site-packages/airflow/example_dags/example_dataset_alias.py for tasks to queue
[2026-03-18T17:09:35.339+0100] {logging_mixin.py:190} INFO - [2026-03-18T17:09:35.339+0100] {dagbag.py:588} INFO - Filling up the DagBag from /Users/atanasivanov/ipo-intel/ipo-intel/.venv_airflow/lib/python3.11/site-packages/airflow/example_dags/example_dataset_alias.py
[2026-03-18T17:09:35.471+0100] {processor.py:925} INFO - DAG(s) 'dataset_s3_bucket_producer', 'dataset_s3_bucket_consumer', 'dataset_alias_example_alias_producer', 'dataset_alias_example_alias_consumer' retrieved from /Users/atanasivanov/ipo-intel/ipo-intel/.venv_airflow/lib/python3.11/site-packages/airflow/example_dags/example_dataset_alias.py
[2026-03-18T17:09:35.545+0100] {logging_mixin.py:190} INFO - [2026-03-18T17:09:35.545+0100] {dag.py:3239} INFO - Sync 4 DAGs
[2026-03-18T17:09:35.563+0100] {logging_mixin.py:190} INFO - [2026-03-18T17:09:35.562+0100] {dag.py:4180} INFO - Setting next_dagrun for dataset_alias_example_alias_consumer to None, run_after=None
[2026-03-18T17:09:35.565+0100] {logging_mixin.py:190} INFO - [2026-03-18T17:09:35.564+0100] {dag.py:4180} INFO - Setting next_dagrun for dataset_alias_example_alias_producer to None, run_after=None
[2026-03-18T17:09:35.566+0100] {logging_mixin.py:190} INFO - [2026-03-18T17:09:35.565+0100] {dag.py:4180} INFO - Setting next_dagrun for dataset_s3_bucket_consumer to None, run_after=None
[2026-03-18T17:09:35.566+0100] {logging_mixin.py:190} INFO - [2026-03-18T17:09:35.566+0100] {dag.py:4180} INFO - Setting next_dagrun for dataset_s3_bucket_producer to None, run_after=None
[2026-03-18T17:09:35.585+0100] {processor.py:208} INFO - Processing /Users/atanasivanov/ipo-intel/ipo-intel/.venv_airflow/lib/python3.11/site-packages/airflow/example_dags/example_dataset_alias.py took 0.254 seconds
[2026-03-18T17:13:43.635+0100] {processor.py:186} INFO - Started process (PID=59571) to work on /Users/atanasivanov/ipo-intel/ipo-intel/.venv_airflow/lib/python3.11/site-packages/airflow/example_dags/example_dataset_alias.py
[2026-03-18T17:13:43.637+0100] {processor.py:914} INFO - Processing file /Users/atanasivanov/ipo-intel/ipo-intel/.venv_airflow/lib/python3.11/site-packages/airflow/example_dags/example_dataset_alias.py for tasks to queue
[2026-03-18T17:13:43.638+0100] {logging_mixin.py:190} INFO - [2026-03-18T17:13:43.637+0100] {dagbag.py:588} INFO - Filling up the DagBag from /Users/atanasivanov/ipo-intel/ipo-intel/.venv_airflow/lib/python3.11/site-packages/airflow/example_dags/example_dataset_alias.py
[2026-03-18T17:13:44.071+0100] {processor.py:925} INFO - DAG(s) 'dataset_s3_bucket_producer', 'dataset_alias_example_alias_consumer', 'dataset_s3_bucket_consumer', 'dataset_alias_example_alias_producer' retrieved from /Users/atanasivanov/ipo-intel/ipo-intel/.venv_airflow/lib/python3.11/site-packages/airflow/example_dags/example_dataset_alias.py
[2026-03-18T17:13:44.198+0100] {logging_mixin.py:190} INFO - [2026-03-18T17:13:44.198+0100] {dag.py:3239} INFO - Sync 4 DAGs
[2026-03-18T17:13:44.215+0100] {logging_mixin.py:190} INFO - [2026-03-18T17:13:44.214+0100] {dag.py:4180} INFO - Setting next_dagrun for dataset_alias_example_alias_consumer to None, run_after=None
[2026-03-18T17:13:44.217+0100] {logging_mixin.py:190} INFO - [2026-03-18T17:13:44.217+0100] {dag.py:4180} INFO - Setting next_dagrun for dataset_alias_example_alias_producer to None, run_after=None
[2026-03-18T17:13:44.218+0100] {logging_mixin.py:190} INFO - [2026-03-18T17:13:44.218+0100] {dag.py:4180} INFO - Setting next_dagrun for dataset_s3_bucket_consumer to None, run_after=None
[2026-03-18T17:13:44.219+0100] {logging_mixin.py:190} INFO - [2026-03-18T17:13:44.219+0100] {dag.py:4180} INFO - Setting next_dagrun for dataset_s3_bucket_producer to None, run_after=None
[2026-03-18T17:13:44.280+0100] {processor.py:208} INFO - Processing /Users/atanasivanov/ipo-intel/ipo-intel/.venv_airflow/lib/python3.11/site-packages/airflow/example_dags/example_dataset_alias.py took 0.650 seconds
