[2026-03-18T16:16:01.963+0100] {processor.py:186} INFO - Started process (PID=44431) to work on /Users/atanasivanov/ipo-intel/ipo-intel/.venv_airflow/lib/python3.11/site-packages/airflow/example_dags/example_trigger_controller_dag.py
[2026-03-18T16:16:01.964+0100] {processor.py:914} INFO - Processing file /Users/atanasivanov/ipo-intel/ipo-intel/.venv_airflow/lib/python3.11/site-packages/airflow/example_dags/example_trigger_controller_dag.py for tasks to queue
[2026-03-18T16:16:01.965+0100] {logging_mixin.py:190} INFO - [2026-03-18T16:16:01.964+0100] {dagbag.py:588} INFO - Filling up the DagBag from /Users/atanasivanov/ipo-intel/ipo-intel/.venv_airflow/lib/python3.11/site-packages/airflow/example_dags/example_trigger_controller_dag.py
[2026-03-18T16:16:01.976+0100] {processor.py:925} INFO - DAG(s) 'example_trigger_controller_dag' retrieved from /Users/atanasivanov/ipo-intel/ipo-intel/.venv_airflow/lib/python3.11/site-packages/airflow/example_dags/example_trigger_controller_dag.py
[2026-03-18T16:16:02.190+0100] {logging_mixin.py:190} INFO - [2026-03-18T16:16:02.190+0100] {override.py:1912} INFO - Created Permission View: can delete on DAG:example_trigger_controller_dag
[2026-03-18T16:16:02.199+0100] {logging_mixin.py:190} INFO - [2026-03-18T16:16:02.199+0100] {override.py:1912} INFO - Created Permission View: can edit on DAG:example_trigger_controller_dag
[2026-03-18T16:16:02.205+0100] {logging_mixin.py:190} INFO - [2026-03-18T16:16:02.205+0100] {override.py:1912} INFO - Created Permission View: can read on DAG:example_trigger_controller_dag
[2026-03-18T16:16:02.213+0100] {logging_mixin.py:190} INFO - [2026-03-18T16:16:02.213+0100] {override.py:1912} INFO - Created Permission View: menu access on DAG Run:example_trigger_controller_dag
[2026-03-18T16:16:02.219+0100] {logging_mixin.py:190} INFO - [2026-03-18T16:16:02.219+0100] {override.py:1912} INFO - Created Permission View: can delete on DAG Run:example_trigger_controller_dag
[2026-03-18T16:16:02.226+0100] {logging_mixin.py:190} INFO - [2026-03-18T16:16:02.226+0100] {override.py:1912} INFO - Created Permission View: can read on DAG Run:example_trigger_controller_dag
[2026-03-18T16:16:02.231+0100] {logging_mixin.py:190} INFO - [2026-03-18T16:16:02.231+0100] {override.py:1912} INFO - Created Permission View: can create on DAG Run:example_trigger_controller_dag
[2026-03-18T16:16:02.232+0100] {logging_mixin.py:190} INFO - [2026-03-18T16:16:02.232+0100] {dag.py:3239} INFO - Sync 1 DAGs
[2026-03-18T16:16:02.244+0100] {logging_mixin.py:190} INFO - [2026-03-18T16:16:02.244+0100] {dag.py:3262} INFO - Creating ORM DAG for example_trigger_controller_dag
[2026-03-18T16:16:02.252+0100] {logging_mixin.py:190} INFO - [2026-03-18T16:16:02.252+0100] {dag.py:4180} INFO - Setting next_dagrun for example_trigger_controller_dag to 2021-01-01 00:00:00+00:00, run_after=2021-01-01 00:00:00+00:00
[2026-03-18T16:16:02.267+0100] {processor.py:208} INFO - Processing /Users/atanasivanov/ipo-intel/ipo-intel/.venv_airflow/lib/python3.11/site-packages/airflow/example_dags/example_trigger_controller_dag.py took 0.309 seconds
[2026-03-18T16:20:13.964+0100] {processor.py:186} INFO - Started process (PID=45301) to work on /Users/atanasivanov/ipo-intel/ipo-intel/.venv_airflow/lib/python3.11/site-packages/airflow/example_dags/example_trigger_controller_dag.py
[2026-03-18T16:20:13.964+0100] {processor.py:914} INFO - Processing file /Users/atanasivanov/ipo-intel/ipo-intel/.venv_airflow/lib/python3.11/site-packages/airflow/example_dags/example_trigger_controller_dag.py for tasks to queue
[2026-03-18T16:20:13.965+0100] {logging_mixin.py:190} INFO - [2026-03-18T16:20:13.965+0100] {dagbag.py:588} INFO - Filling up the DagBag from /Users/atanasivanov/ipo-intel/ipo-intel/.venv_airflow/lib/python3.11/site-packages/airflow/example_dags/example_trigger_controller_dag.py
[2026-03-18T16:20:13.976+0100] {processor.py:925} INFO - DAG(s) 'example_trigger_controller_dag' retrieved from /Users/atanasivanov/ipo-intel/ipo-intel/.venv_airflow/lib/python3.11/site-packages/airflow/example_dags/example_trigger_controller_dag.py
[2026-03-18T16:20:14.056+0100] {logging_mixin.py:190} INFO - [2026-03-18T16:20:14.056+0100] {dag.py:3239} INFO - Sync 1 DAGs
[2026-03-18T16:20:14.070+0100] {logging_mixin.py:190} INFO - [2026-03-18T16:20:14.069+0100] {dag.py:4180} INFO - Setting next_dagrun for example_trigger_controller_dag to 2021-01-01 00:00:00+00:00, run_after=2021-01-01 00:00:00+00:00
[2026-03-18T16:20:14.083+0100] {processor.py:208} INFO - Processing /Users/atanasivanov/ipo-intel/ipo-intel/.venv_airflow/lib/python3.11/site-packages/airflow/example_dags/example_trigger_controller_dag.py took 0.125 seconds
[2026-03-18T16:22:52.279+0100] {processor.py:186} INFO - Started process (PID=45918) to work on /Users/atanasivanov/ipo-intel/ipo-intel/.venv_airflow/lib/python3.11/site-packages/airflow/example_dags/example_trigger_controller_dag.py
[2026-03-18T16:22:52.280+0100] {processor.py:914} INFO - Processing file /Users/atanasivanov/ipo-intel/ipo-intel/.venv_airflow/lib/python3.11/site-packages/airflow/example_dags/example_trigger_controller_dag.py for tasks to queue
[2026-03-18T16:22:52.281+0100] {logging_mixin.py:190} INFO - [2026-03-18T16:22:52.281+0100] {dagbag.py:588} INFO - Filling up the DagBag from /Users/atanasivanov/ipo-intel/ipo-intel/.venv_airflow/lib/python3.11/site-packages/airflow/example_dags/example_trigger_controller_dag.py
[2026-03-18T16:22:52.294+0100] {processor.py:925} INFO - DAG(s) 'example_trigger_controller_dag' retrieved from /Users/atanasivanov/ipo-intel/ipo-intel/.venv_airflow/lib/python3.11/site-packages/airflow/example_dags/example_trigger_controller_dag.py
[2026-03-18T16:22:52.392+0100] {logging_mixin.py:190} INFO - [2026-03-18T16:22:52.391+0100] {dag.py:3239} INFO - Sync 1 DAGs
[2026-03-18T16:22:52.413+0100] {logging_mixin.py:190} INFO - [2026-03-18T16:22:52.413+0100] {dag.py:4180} INFO - Setting next_dagrun for example_trigger_controller_dag to 2021-01-01 00:00:00+00:00, run_after=2021-01-01 00:00:00+00:00
[2026-03-18T16:22:52.430+0100] {processor.py:208} INFO - Processing /Users/atanasivanov/ipo-intel/ipo-intel/.venv_airflow/lib/python3.11/site-packages/airflow/example_dags/example_trigger_controller_dag.py took 0.158 seconds
[2026-03-18T16:24:58.134+0100] {processor.py:186} INFO - Started process (PID=46378) to work on /Users/atanasivanov/ipo-intel/ipo-intel/.venv_airflow/lib/python3.11/site-packages/airflow/example_dags/example_trigger_controller_dag.py
[2026-03-18T16:24:58.135+0100] {processor.py:914} INFO - Processing file /Users/atanasivanov/ipo-intel/ipo-intel/.venv_airflow/lib/python3.11/site-packages/airflow/example_dags/example_trigger_controller_dag.py for tasks to queue
[2026-03-18T16:24:58.137+0100] {logging_mixin.py:190} INFO - [2026-03-18T16:24:58.136+0100] {dagbag.py:588} INFO - Filling up the DagBag from /Users/atanasivanov/ipo-intel/ipo-intel/.venv_airflow/lib/python3.11/site-packages/airflow/example_dags/example_trigger_controller_dag.py
[2026-03-18T16:24:58.147+0100] {processor.py:925} INFO - DAG(s) 'example_trigger_controller_dag' retrieved from /Users/atanasivanov/ipo-intel/ipo-intel/.venv_airflow/lib/python3.11/site-packages/airflow/example_dags/example_trigger_controller_dag.py
[2026-03-18T16:24:58.224+0100] {logging_mixin.py:190} INFO - [2026-03-18T16:24:58.224+0100] {dag.py:3239} INFO - Sync 1 DAGs
[2026-03-18T16:24:58.236+0100] {logging_mixin.py:190} INFO - [2026-03-18T16:24:58.236+0100] {dag.py:4180} INFO - Setting next_dagrun for example_trigger_controller_dag to 2021-01-01 00:00:00+00:00, run_after=2021-01-01 00:00:00+00:00
[2026-03-18T16:24:58.250+0100] {processor.py:208} INFO - Processing /Users/atanasivanov/ipo-intel/ipo-intel/.venv_airflow/lib/python3.11/site-packages/airflow/example_dags/example_trigger_controller_dag.py took 0.121 seconds
[2026-03-18T16:26:59.803+0100] {processor.py:186} INFO - Started process (PID=46830) to work on /Users/atanasivanov/ipo-intel/ipo-intel/.venv_airflow/lib/python3.11/site-packages/airflow/example_dags/example_trigger_controller_dag.py
[2026-03-18T16:26:59.804+0100] {processor.py:914} INFO - Processing file /Users/atanasivanov/ipo-intel/ipo-intel/.venv_airflow/lib/python3.11/site-packages/airflow/example_dags/example_trigger_controller_dag.py for tasks to queue
[2026-03-18T16:26:59.806+0100] {logging_mixin.py:190} INFO - [2026-03-18T16:26:59.805+0100] {dagbag.py:588} INFO - Filling up the DagBag from /Users/atanasivanov/ipo-intel/ipo-intel/.venv_airflow/lib/python3.11/site-packages/airflow/example_dags/example_trigger_controller_dag.py
[2026-03-18T16:26:59.817+0100] {processor.py:925} INFO - DAG(s) 'example_trigger_controller_dag' retrieved from /Users/atanasivanov/ipo-intel/ipo-intel/.venv_airflow/lib/python3.11/site-packages/airflow/example_dags/example_trigger_controller_dag.py
[2026-03-18T16:26:59.913+0100] {logging_mixin.py:190} INFO - [2026-03-18T16:26:59.912+0100] {dag.py:3239} INFO - Sync 1 DAGs
[2026-03-18T16:26:59.929+0100] {logging_mixin.py:190} INFO - [2026-03-18T16:26:59.928+0100] {dag.py:4180} INFO - Setting next_dagrun for example_trigger_controller_dag to 2021-01-01 00:00:00+00:00, run_after=2021-01-01 00:00:00+00:00
[2026-03-18T16:26:59.945+0100] {processor.py:208} INFO - Processing /Users/atanasivanov/ipo-intel/ipo-intel/.venv_airflow/lib/python3.11/site-packages/airflow/example_dags/example_trigger_controller_dag.py took 0.146 seconds
[2026-03-18T16:29:03.467+0100] {processor.py:186} INFO - Started process (PID=47972) to work on /Users/atanasivanov/ipo-intel/ipo-intel/.venv_airflow/lib/python3.11/site-packages/airflow/example_dags/example_trigger_controller_dag.py
[2026-03-18T16:29:03.468+0100] {processor.py:914} INFO - Processing file /Users/atanasivanov/ipo-intel/ipo-intel/.venv_airflow/lib/python3.11/site-packages/airflow/example_dags/example_trigger_controller_dag.py for tasks to queue
[2026-03-18T16:29:03.469+0100] {logging_mixin.py:190} INFO - [2026-03-18T16:29:03.469+0100] {dagbag.py:588} INFO - Filling up the DagBag from /Users/atanasivanov/ipo-intel/ipo-intel/.venv_airflow/lib/python3.11/site-packages/airflow/example_dags/example_trigger_controller_dag.py
[2026-03-18T16:29:03.480+0100] {processor.py:925} INFO - DAG(s) 'example_trigger_controller_dag' retrieved from /Users/atanasivanov/ipo-intel/ipo-intel/.venv_airflow/lib/python3.11/site-packages/airflow/example_dags/example_trigger_controller_dag.py
[2026-03-18T16:29:03.563+0100] {logging_mixin.py:190} INFO - [2026-03-18T16:29:03.562+0100] {dag.py:3239} INFO - Sync 1 DAGs
[2026-03-18T16:29:03.576+0100] {logging_mixin.py:190} INFO - [2026-03-18T16:29:03.575+0100] {dag.py:4180} INFO - Setting next_dagrun for example_trigger_controller_dag to 2021-01-01 00:00:00+00:00, run_after=2021-01-01 00:00:00+00:00
[2026-03-18T16:29:03.589+0100] {processor.py:208} INFO - Processing /Users/atanasivanov/ipo-intel/ipo-intel/.venv_airflow/lib/python3.11/site-packages/airflow/example_dags/example_trigger_controller_dag.py took 0.128 seconds
[2026-03-18T16:30:59.161+0100] {processor.py:186} INFO - Started process (PID=48390) to work on /Users/atanasivanov/ipo-intel/ipo-intel/.venv_airflow/lib/python3.11/site-packages/airflow/example_dags/example_trigger_controller_dag.py
[2026-03-18T16:30:59.161+0100] {processor.py:914} INFO - Processing file /Users/atanasivanov/ipo-intel/ipo-intel/.venv_airflow/lib/python3.11/site-packages/airflow/example_dags/example_trigger_controller_dag.py for tasks to queue
[2026-03-18T16:30:59.162+0100] {logging_mixin.py:190} INFO - [2026-03-18T16:30:59.162+0100] {dagbag.py:588} INFO - Filling up the DagBag from /Users/atanasivanov/ipo-intel/ipo-intel/.venv_airflow/lib/python3.11/site-packages/airflow/example_dags/example_trigger_controller_dag.py
[2026-03-18T16:30:59.172+0100] {processor.py:925} INFO - DAG(s) 'example_trigger_controller_dag' retrieved from /Users/atanasivanov/ipo-intel/ipo-intel/.venv_airflow/lib/python3.11/site-packages/airflow/example_dags/example_trigger_controller_dag.py
[2026-03-18T16:30:59.248+0100] {logging_mixin.py:190} INFO - [2026-03-18T16:30:59.248+0100] {dag.py:3239} INFO - Sync 1 DAGs
[2026-03-18T16:30:59.260+0100] {logging_mixin.py:190} INFO - [2026-03-18T16:30:59.260+0100] {dag.py:4180} INFO - Setting next_dagrun for example_trigger_controller_dag to 2021-01-01 00:00:00+00:00, run_after=2021-01-01 00:00:00+00:00
[2026-03-18T16:30:59.273+0100] {processor.py:208} INFO - Processing /Users/atanasivanov/ipo-intel/ipo-intel/.venv_airflow/lib/python3.11/site-packages/airflow/example_dags/example_trigger_controller_dag.py took 0.117 seconds
[2026-03-18T16:32:52.333+0100] {processor.py:186} INFO - Started process (PID=48799) to work on /Users/atanasivanov/ipo-intel/ipo-intel/.venv_airflow/lib/python3.11/site-packages/airflow/example_dags/example_trigger_controller_dag.py
[2026-03-18T16:32:52.334+0100] {processor.py:914} INFO - Processing file /Users/atanasivanov/ipo-intel/ipo-intel/.venv_airflow/lib/python3.11/site-packages/airflow/example_dags/example_trigger_controller_dag.py for tasks to queue
[2026-03-18T16:32:52.335+0100] {logging_mixin.py:190} INFO - [2026-03-18T16:32:52.335+0100] {dagbag.py:588} INFO - Filling up the DagBag from /Users/atanasivanov/ipo-intel/ipo-intel/.venv_airflow/lib/python3.11/site-packages/airflow/example_dags/example_trigger_controller_dag.py
[2026-03-18T16:32:52.346+0100] {processor.py:925} INFO - DAG(s) 'example_trigger_controller_dag' retrieved from /Users/atanasivanov/ipo-intel/ipo-intel/.venv_airflow/lib/python3.11/site-packages/airflow/example_dags/example_trigger_controller_dag.py
[2026-03-18T16:32:52.419+0100] {logging_mixin.py:190} INFO - [2026-03-18T16:32:52.419+0100] {dag.py:3239} INFO - Sync 1 DAGs
[2026-03-18T16:32:52.432+0100] {logging_mixin.py:190} INFO - [2026-03-18T16:32:52.431+0100] {dag.py:4180} INFO - Setting next_dagrun for example_trigger_controller_dag to 2021-01-01 00:00:00+00:00, run_after=2021-01-01 00:00:00+00:00
[2026-03-18T16:32:52.445+0100] {processor.py:208} INFO - Processing /Users/atanasivanov/ipo-intel/ipo-intel/.venv_airflow/lib/python3.11/site-packages/airflow/example_dags/example_trigger_controller_dag.py took 0.117 seconds
[2026-03-18T16:34:46.436+0100] {processor.py:186} INFO - Started process (PID=49220) to work on /Users/atanasivanov/ipo-intel/ipo-intel/.venv_airflow/lib/python3.11/site-packages/airflow/example_dags/example_trigger_controller_dag.py
[2026-03-18T16:34:46.437+0100] {processor.py:914} INFO - Processing file /Users/atanasivanov/ipo-intel/ipo-intel/.venv_airflow/lib/python3.11/site-packages/airflow/example_dags/example_trigger_controller_dag.py for tasks to queue
[2026-03-18T16:34:46.438+0100] {logging_mixin.py:190} INFO - [2026-03-18T16:34:46.438+0100] {dagbag.py:588} INFO - Filling up the DagBag from /Users/atanasivanov/ipo-intel/ipo-intel/.venv_airflow/lib/python3.11/site-packages/airflow/example_dags/example_trigger_controller_dag.py
[2026-03-18T16:34:46.448+0100] {processor.py:925} INFO - DAG(s) 'example_trigger_controller_dag' retrieved from /Users/atanasivanov/ipo-intel/ipo-intel/.venv_airflow/lib/python3.11/site-packages/airflow/example_dags/example_trigger_controller_dag.py
[2026-03-18T16:34:46.522+0100] {logging_mixin.py:190} INFO - [2026-03-18T16:34:46.522+0100] {dag.py:3239} INFO - Sync 1 DAGs
[2026-03-18T16:34:46.534+0100] {logging_mixin.py:190} INFO - [2026-03-18T16:34:46.534+0100] {dag.py:4180} INFO - Setting next_dagrun for example_trigger_controller_dag to 2021-01-01 00:00:00+00:00, run_after=2021-01-01 00:00:00+00:00
[2026-03-18T16:34:46.547+0100] {processor.py:208} INFO - Processing /Users/atanasivanov/ipo-intel/ipo-intel/.venv_airflow/lib/python3.11/site-packages/airflow/example_dags/example_trigger_controller_dag.py took 0.116 seconds
[2026-03-18T16:36:40.881+0100] {processor.py:186} INFO - Started process (PID=49638) to work on /Users/atanasivanov/ipo-intel/ipo-intel/.venv_airflow/lib/python3.11/site-packages/airflow/example_dags/example_trigger_controller_dag.py
[2026-03-18T16:36:40.882+0100] {processor.py:914} INFO - Processing file /Users/atanasivanov/ipo-intel/ipo-intel/.venv_airflow/lib/python3.11/site-packages/airflow/example_dags/example_trigger_controller_dag.py for tasks to queue
[2026-03-18T16:36:40.883+0100] {logging_mixin.py:190} INFO - [2026-03-18T16:36:40.882+0100] {dagbag.py:588} INFO - Filling up the DagBag from /Users/atanasivanov/ipo-intel/ipo-intel/.venv_airflow/lib/python3.11/site-packages/airflow/example_dags/example_trigger_controller_dag.py
[2026-03-18T16:36:40.893+0100] {processor.py:925} INFO - DAG(s) 'example_trigger_controller_dag' retrieved from /Users/atanasivanov/ipo-intel/ipo-intel/.venv_airflow/lib/python3.11/site-packages/airflow/example_dags/example_trigger_controller_dag.py
[2026-03-18T16:36:40.968+0100] {logging_mixin.py:190} INFO - [2026-03-18T16:36:40.968+0100] {dag.py:3239} INFO - Sync 1 DAGs
[2026-03-18T16:36:40.980+0100] {logging_mixin.py:190} INFO - [2026-03-18T16:36:40.980+0100] {dag.py:4180} INFO - Setting next_dagrun for example_trigger_controller_dag to 2021-01-01 00:00:00+00:00, run_after=2021-01-01 00:00:00+00:00
[2026-03-18T16:36:40.993+0100] {processor.py:208} INFO - Processing /Users/atanasivanov/ipo-intel/ipo-intel/.venv_airflow/lib/python3.11/site-packages/airflow/example_dags/example_trigger_controller_dag.py took 0.117 seconds
[2026-03-18T16:38:32.626+0100] {processor.py:186} INFO - Started process (PID=50043) to work on /Users/atanasivanov/ipo-intel/ipo-intel/.venv_airflow/lib/python3.11/site-packages/airflow/example_dags/example_trigger_controller_dag.py
[2026-03-18T16:38:32.627+0100] {processor.py:914} INFO - Processing file /Users/atanasivanov/ipo-intel/ipo-intel/.venv_airflow/lib/python3.11/site-packages/airflow/example_dags/example_trigger_controller_dag.py for tasks to queue
[2026-03-18T16:38:32.628+0100] {logging_mixin.py:190} INFO - [2026-03-18T16:38:32.627+0100] {dagbag.py:588} INFO - Filling up the DagBag from /Users/atanasivanov/ipo-intel/ipo-intel/.venv_airflow/lib/python3.11/site-packages/airflow/example_dags/example_trigger_controller_dag.py
[2026-03-18T16:38:32.638+0100] {processor.py:925} INFO - DAG(s) 'example_trigger_controller_dag' retrieved from /Users/atanasivanov/ipo-intel/ipo-intel/.venv_airflow/lib/python3.11/site-packages/airflow/example_dags/example_trigger_controller_dag.py
[2026-03-18T16:38:32.715+0100] {logging_mixin.py:190} INFO - [2026-03-18T16:38:32.715+0100] {dag.py:3239} INFO - Sync 1 DAGs
[2026-03-18T16:38:32.727+0100] {logging_mixin.py:190} INFO - [2026-03-18T16:38:32.727+0100] {dag.py:4180} INFO - Setting next_dagrun for example_trigger_controller_dag to 2021-01-01 00:00:00+00:00, run_after=2021-01-01 00:00:00+00:00
[2026-03-18T16:38:32.741+0100] {processor.py:208} INFO - Processing /Users/atanasivanov/ipo-intel/ipo-intel/.venv_airflow/lib/python3.11/site-packages/airflow/example_dags/example_trigger_controller_dag.py took 0.120 seconds
[2026-03-18T16:40:33.843+0100] {processor.py:186} INFO - Started process (PID=51364) to work on /Users/atanasivanov/ipo-intel/ipo-intel/.venv_airflow/lib/python3.11/site-packages/airflow/example_dags/example_trigger_controller_dag.py
[2026-03-18T16:40:33.844+0100] {processor.py:914} INFO - Processing file /Users/atanasivanov/ipo-intel/ipo-intel/.venv_airflow/lib/python3.11/site-packages/airflow/example_dags/example_trigger_controller_dag.py for tasks to queue
[2026-03-18T16:40:33.845+0100] {logging_mixin.py:190} INFO - [2026-03-18T16:40:33.845+0100] {dagbag.py:588} INFO - Filling up the DagBag from /Users/atanasivanov/ipo-intel/ipo-intel/.venv_airflow/lib/python3.11/site-packages/airflow/example_dags/example_trigger_controller_dag.py
[2026-03-18T16:40:33.857+0100] {processor.py:925} INFO - DAG(s) 'example_trigger_controller_dag' retrieved from /Users/atanasivanov/ipo-intel/ipo-intel/.venv_airflow/lib/python3.11/site-packages/airflow/example_dags/example_trigger_controller_dag.py
[2026-03-18T16:40:33.948+0100] {logging_mixin.py:190} INFO - [2026-03-18T16:40:33.947+0100] {dag.py:3239} INFO - Sync 1 DAGs
[2026-03-18T16:40:33.963+0100] {logging_mixin.py:190} INFO - [2026-03-18T16:40:33.962+0100] {dag.py:4180} INFO - Setting next_dagrun for example_trigger_controller_dag to 2021-01-01 00:00:00+00:00, run_after=2021-01-01 00:00:00+00:00
[2026-03-18T16:40:33.978+0100] {processor.py:208} INFO - Processing /Users/atanasivanov/ipo-intel/ipo-intel/.venv_airflow/lib/python3.11/site-packages/airflow/example_dags/example_trigger_controller_dag.py took 0.141 seconds
[2026-03-18T16:42:38.200+0100] {processor.py:186} INFO - Started process (PID=52040) to work on /Users/atanasivanov/ipo-intel/ipo-intel/.venv_airflow/lib/python3.11/site-packages/airflow/example_dags/example_trigger_controller_dag.py
[2026-03-18T16:42:38.201+0100] {processor.py:914} INFO - Processing file /Users/atanasivanov/ipo-intel/ipo-intel/.venv_airflow/lib/python3.11/site-packages/airflow/example_dags/example_trigger_controller_dag.py for tasks to queue
[2026-03-18T16:42:38.202+0100] {logging_mixin.py:190} INFO - [2026-03-18T16:42:38.202+0100] {dagbag.py:588} INFO - Filling up the DagBag from /Users/atanasivanov/ipo-intel/ipo-intel/.venv_airflow/lib/python3.11/site-packages/airflow/example_dags/example_trigger_controller_dag.py
[2026-03-18T16:42:38.212+0100] {processor.py:925} INFO - DAG(s) 'example_trigger_controller_dag' retrieved from /Users/atanasivanov/ipo-intel/ipo-intel/.venv_airflow/lib/python3.11/site-packages/airflow/example_dags/example_trigger_controller_dag.py
[2026-03-18T16:42:38.287+0100] {logging_mixin.py:190} INFO - [2026-03-18T16:42:38.286+0100] {dag.py:3239} INFO - Sync 1 DAGs
[2026-03-18T16:42:38.300+0100] {logging_mixin.py:190} INFO - [2026-03-18T16:42:38.299+0100] {dag.py:4180} INFO - Setting next_dagrun for example_trigger_controller_dag to 2021-01-01 00:00:00+00:00, run_after=2021-01-01 00:00:00+00:00
[2026-03-18T16:42:38.315+0100] {processor.py:208} INFO - Processing /Users/atanasivanov/ipo-intel/ipo-intel/.venv_airflow/lib/python3.11/site-packages/airflow/example_dags/example_trigger_controller_dag.py took 0.120 seconds
[2026-03-18T16:48:15.223+0100] {processor.py:186} INFO - Started process (PID=53267) to work on /Users/atanasivanov/ipo-intel/ipo-intel/.venv_airflow/lib/python3.11/site-packages/airflow/example_dags/example_trigger_controller_dag.py
[2026-03-18T16:48:15.225+0100] {processor.py:914} INFO - Processing file /Users/atanasivanov/ipo-intel/ipo-intel/.venv_airflow/lib/python3.11/site-packages/airflow/example_dags/example_trigger_controller_dag.py for tasks to queue
[2026-03-18T16:48:15.226+0100] {logging_mixin.py:190} INFO - [2026-03-18T16:48:15.225+0100] {dagbag.py:588} INFO - Filling up the DagBag from /Users/atanasivanov/ipo-intel/ipo-intel/.venv_airflow/lib/python3.11/site-packages/airflow/example_dags/example_trigger_controller_dag.py
[2026-03-18T16:48:15.236+0100] {processor.py:925} INFO - DAG(s) 'example_trigger_controller_dag' retrieved from /Users/atanasivanov/ipo-intel/ipo-intel/.venv_airflow/lib/python3.11/site-packages/airflow/example_dags/example_trigger_controller_dag.py
[2026-03-18T16:48:15.312+0100] {logging_mixin.py:190} INFO - [2026-03-18T16:48:15.312+0100] {dag.py:3239} INFO - Sync 1 DAGs
[2026-03-18T16:48:15.325+0100] {logging_mixin.py:190} INFO - [2026-03-18T16:48:15.325+0100] {dag.py:4180} INFO - Setting next_dagrun for example_trigger_controller_dag to 2021-01-01 00:00:00+00:00, run_after=2021-01-01 00:00:00+00:00
[2026-03-18T16:48:15.338+0100] {processor.py:208} INFO - Processing /Users/atanasivanov/ipo-intel/ipo-intel/.venv_airflow/lib/python3.11/site-packages/airflow/example_dags/example_trigger_controller_dag.py took 0.120 seconds
[2026-03-18T16:50:43.549+0100] {processor.py:186} INFO - Started process (PID=53801) to work on /Users/atanasivanov/ipo-intel/ipo-intel/.venv_airflow/lib/python3.11/site-packages/airflow/example_dags/example_trigger_controller_dag.py
[2026-03-18T16:50:43.550+0100] {processor.py:914} INFO - Processing file /Users/atanasivanov/ipo-intel/ipo-intel/.venv_airflow/lib/python3.11/site-packages/airflow/example_dags/example_trigger_controller_dag.py for tasks to queue
[2026-03-18T16:50:43.551+0100] {logging_mixin.py:190} INFO - [2026-03-18T16:50:43.551+0100] {dagbag.py:588} INFO - Filling up the DagBag from /Users/atanasivanov/ipo-intel/ipo-intel/.venv_airflow/lib/python3.11/site-packages/airflow/example_dags/example_trigger_controller_dag.py
[2026-03-18T16:50:43.561+0100] {processor.py:925} INFO - DAG(s) 'example_trigger_controller_dag' retrieved from /Users/atanasivanov/ipo-intel/ipo-intel/.venv_airflow/lib/python3.11/site-packages/airflow/example_dags/example_trigger_controller_dag.py
[2026-03-18T16:50:43.634+0100] {logging_mixin.py:190} INFO - [2026-03-18T16:50:43.634+0100] {dag.py:3239} INFO - Sync 1 DAGs
[2026-03-18T16:50:43.646+0100] {logging_mixin.py:190} INFO - [2026-03-18T16:50:43.646+0100] {dag.py:4180} INFO - Setting next_dagrun for example_trigger_controller_dag to 2021-01-01 00:00:00+00:00, run_after=2021-01-01 00:00:00+00:00
[2026-03-18T16:50:43.658+0100] {processor.py:208} INFO - Processing /Users/atanasivanov/ipo-intel/ipo-intel/.venv_airflow/lib/python3.11/site-packages/airflow/example_dags/example_trigger_controller_dag.py took 0.114 seconds
[2026-03-18T16:52:46.193+0100] {processor.py:186} INFO - Started process (PID=54248) to work on /Users/atanasivanov/ipo-intel/ipo-intel/.venv_airflow/lib/python3.11/site-packages/airflow/example_dags/example_trigger_controller_dag.py
[2026-03-18T16:52:46.195+0100] {processor.py:914} INFO - Processing file /Users/atanasivanov/ipo-intel/ipo-intel/.venv_airflow/lib/python3.11/site-packages/airflow/example_dags/example_trigger_controller_dag.py for tasks to queue
[2026-03-18T16:52:46.196+0100] {logging_mixin.py:190} INFO - [2026-03-18T16:52:46.196+0100] {dagbag.py:588} INFO - Filling up the DagBag from /Users/atanasivanov/ipo-intel/ipo-intel/.venv_airflow/lib/python3.11/site-packages/airflow/example_dags/example_trigger_controller_dag.py
[2026-03-18T16:52:46.206+0100] {processor.py:925} INFO - DAG(s) 'example_trigger_controller_dag' retrieved from /Users/atanasivanov/ipo-intel/ipo-intel/.venv_airflow/lib/python3.11/site-packages/airflow/example_dags/example_trigger_controller_dag.py
[2026-03-18T16:52:46.291+0100] {logging_mixin.py:190} INFO - [2026-03-18T16:52:46.291+0100] {dag.py:3239} INFO - Sync 1 DAGs
[2026-03-18T16:52:46.304+0100] {logging_mixin.py:190} INFO - [2026-03-18T16:52:46.304+0100] {dag.py:4180} INFO - Setting next_dagrun for example_trigger_controller_dag to 2021-01-01 00:00:00+00:00, run_after=2021-01-01 00:00:00+00:00
[2026-03-18T16:52:46.317+0100] {processor.py:208} INFO - Processing /Users/atanasivanov/ipo-intel/ipo-intel/.venv_airflow/lib/python3.11/site-packages/airflow/example_dags/example_trigger_controller_dag.py took 0.130 seconds
[2026-03-18T16:54:53.300+0100] {processor.py:186} INFO - Started process (PID=55017) to work on /Users/atanasivanov/ipo-intel/ipo-intel/.venv_airflow/lib/python3.11/site-packages/airflow/example_dags/example_trigger_controller_dag.py
[2026-03-18T16:54:53.301+0100] {processor.py:914} INFO - Processing file /Users/atanasivanov/ipo-intel/ipo-intel/.venv_airflow/lib/python3.11/site-packages/airflow/example_dags/example_trigger_controller_dag.py for tasks to queue
[2026-03-18T16:54:53.302+0100] {logging_mixin.py:190} INFO - [2026-03-18T16:54:53.301+0100] {dagbag.py:588} INFO - Filling up the DagBag from /Users/atanasivanov/ipo-intel/ipo-intel/.venv_airflow/lib/python3.11/site-packages/airflow/example_dags/example_trigger_controller_dag.py
[2026-03-18T16:54:53.312+0100] {processor.py:925} INFO - DAG(s) 'example_trigger_controller_dag' retrieved from /Users/atanasivanov/ipo-intel/ipo-intel/.venv_airflow/lib/python3.11/site-packages/airflow/example_dags/example_trigger_controller_dag.py
[2026-03-18T16:54:53.390+0100] {logging_mixin.py:190} INFO - [2026-03-18T16:54:53.389+0100] {dag.py:3239} INFO - Sync 1 DAGs
[2026-03-18T16:54:53.402+0100] {logging_mixin.py:190} INFO - [2026-03-18T16:54:53.402+0100] {dag.py:4180} INFO - Setting next_dagrun for example_trigger_controller_dag to 2021-01-01 00:00:00+00:00, run_after=2021-01-01 00:00:00+00:00
[2026-03-18T16:54:53.415+0100] {processor.py:208} INFO - Processing /Users/atanasivanov/ipo-intel/ipo-intel/.venv_airflow/lib/python3.11/site-packages/airflow/example_dags/example_trigger_controller_dag.py took 0.121 seconds
[2026-03-18T16:56:58.287+0100] {processor.py:186} INFO - Started process (PID=55468) to work on /Users/atanasivanov/ipo-intel/ipo-intel/.venv_airflow/lib/python3.11/site-packages/airflow/example_dags/example_trigger_controller_dag.py
[2026-03-18T16:56:58.289+0100] {processor.py:914} INFO - Processing file /Users/atanasivanov/ipo-intel/ipo-intel/.venv_airflow/lib/python3.11/site-packages/airflow/example_dags/example_trigger_controller_dag.py for tasks to queue
[2026-03-18T16:56:58.290+0100] {logging_mixin.py:190} INFO - [2026-03-18T16:56:58.290+0100] {dagbag.py:588} INFO - Filling up the DagBag from /Users/atanasivanov/ipo-intel/ipo-intel/.venv_airflow/lib/python3.11/site-packages/airflow/example_dags/example_trigger_controller_dag.py
[2026-03-18T16:56:58.300+0100] {processor.py:925} INFO - DAG(s) 'example_trigger_controller_dag' retrieved from /Users/atanasivanov/ipo-intel/ipo-intel/.venv_airflow/lib/python3.11/site-packages/airflow/example_dags/example_trigger_controller_dag.py
[2026-03-18T16:56:58.386+0100] {logging_mixin.py:190} INFO - [2026-03-18T16:56:58.386+0100] {dag.py:3239} INFO - Sync 1 DAGs
[2026-03-18T16:56:58.401+0100] {logging_mixin.py:190} INFO - [2026-03-18T16:56:58.401+0100] {dag.py:4180} INFO - Setting next_dagrun for example_trigger_controller_dag to 2021-01-01 00:00:00+00:00, run_after=2021-01-01 00:00:00+00:00
[2026-03-18T16:56:58.416+0100] {processor.py:208} INFO - Processing /Users/atanasivanov/ipo-intel/ipo-intel/.venv_airflow/lib/python3.11/site-packages/airflow/example_dags/example_trigger_controller_dag.py took 0.135 seconds
[2026-03-18T16:59:02.290+0100] {processor.py:186} INFO - Started process (PID=55938) to work on /Users/atanasivanov/ipo-intel/ipo-intel/.venv_airflow/lib/python3.11/site-packages/airflow/example_dags/example_trigger_controller_dag.py
[2026-03-18T16:59:02.291+0100] {processor.py:914} INFO - Processing file /Users/atanasivanov/ipo-intel/ipo-intel/.venv_airflow/lib/python3.11/site-packages/airflow/example_dags/example_trigger_controller_dag.py for tasks to queue
[2026-03-18T16:59:02.293+0100] {logging_mixin.py:190} INFO - [2026-03-18T16:59:02.293+0100] {dagbag.py:588} INFO - Filling up the DagBag from /Users/atanasivanov/ipo-intel/ipo-intel/.venv_airflow/lib/python3.11/site-packages/airflow/example_dags/example_trigger_controller_dag.py
[2026-03-18T16:59:02.303+0100] {processor.py:925} INFO - DAG(s) 'example_trigger_controller_dag' retrieved from /Users/atanasivanov/ipo-intel/ipo-intel/.venv_airflow/lib/python3.11/site-packages/airflow/example_dags/example_trigger_controller_dag.py
[2026-03-18T16:59:02.381+0100] {logging_mixin.py:190} INFO - [2026-03-18T16:59:02.381+0100] {dag.py:3239} INFO - Sync 1 DAGs
[2026-03-18T16:59:02.394+0100] {logging_mixin.py:190} INFO - [2026-03-18T16:59:02.394+0100] {dag.py:4180} INFO - Setting next_dagrun for example_trigger_controller_dag to 2021-01-01 00:00:00+00:00, run_after=2021-01-01 00:00:00+00:00
[2026-03-18T16:59:02.410+0100] {processor.py:208} INFO - Processing /Users/atanasivanov/ipo-intel/ipo-intel/.venv_airflow/lib/python3.11/site-packages/airflow/example_dags/example_trigger_controller_dag.py took 0.125 seconds
[2026-03-18T17:01:04.873+0100] {processor.py:186} INFO - Started process (PID=56386) to work on /Users/atanasivanov/ipo-intel/ipo-intel/.venv_airflow/lib/python3.11/site-packages/airflow/example_dags/example_trigger_controller_dag.py
[2026-03-18T17:01:04.874+0100] {processor.py:914} INFO - Processing file /Users/atanasivanov/ipo-intel/ipo-intel/.venv_airflow/lib/python3.11/site-packages/airflow/example_dags/example_trigger_controller_dag.py for tasks to queue
[2026-03-18T17:01:04.875+0100] {logging_mixin.py:190} INFO - [2026-03-18T17:01:04.875+0100] {dagbag.py:588} INFO - Filling up the DagBag from /Users/atanasivanov/ipo-intel/ipo-intel/.venv_airflow/lib/python3.11/site-packages/airflow/example_dags/example_trigger_controller_dag.py
[2026-03-18T17:01:04.884+0100] {processor.py:925} INFO - DAG(s) 'example_trigger_controller_dag' retrieved from /Users/atanasivanov/ipo-intel/ipo-intel/.venv_airflow/lib/python3.11/site-packages/airflow/example_dags/example_trigger_controller_dag.py
[2026-03-18T17:01:04.959+0100] {logging_mixin.py:190} INFO - [2026-03-18T17:01:04.959+0100] {dag.py:3239} INFO - Sync 1 DAGs
[2026-03-18T17:01:04.972+0100] {logging_mixin.py:190} INFO - [2026-03-18T17:01:04.972+0100] {dag.py:4180} INFO - Setting next_dagrun for example_trigger_controller_dag to 2021-01-01 00:00:00+00:00, run_after=2021-01-01 00:00:00+00:00
[2026-03-18T17:01:04.985+0100] {processor.py:208} INFO - Processing /Users/atanasivanov/ipo-intel/ipo-intel/.venv_airflow/lib/python3.11/site-packages/airflow/example_dags/example_trigger_controller_dag.py took 0.117 seconds
[2026-03-18T17:02:58.816+0100] {processor.py:186} INFO - Started process (PID=56803) to work on /Users/atanasivanov/ipo-intel/ipo-intel/.venv_airflow/lib/python3.11/site-packages/airflow/example_dags/example_trigger_controller_dag.py
[2026-03-18T17:02:58.816+0100] {processor.py:914} INFO - Processing file /Users/atanasivanov/ipo-intel/ipo-intel/.venv_airflow/lib/python3.11/site-packages/airflow/example_dags/example_trigger_controller_dag.py for tasks to queue
[2026-03-18T17:02:58.817+0100] {logging_mixin.py:190} INFO - [2026-03-18T17:02:58.817+0100] {dagbag.py:588} INFO - Filling up the DagBag from /Users/atanasivanov/ipo-intel/ipo-intel/.venv_airflow/lib/python3.11/site-packages/airflow/example_dags/example_trigger_controller_dag.py
[2026-03-18T17:02:58.826+0100] {processor.py:925} INFO - DAG(s) 'example_trigger_controller_dag' retrieved from /Users/atanasivanov/ipo-intel/ipo-intel/.venv_airflow/lib/python3.11/site-packages/airflow/example_dags/example_trigger_controller_dag.py
[2026-03-18T17:02:58.900+0100] {logging_mixin.py:190} INFO - [2026-03-18T17:02:58.900+0100] {dag.py:3239} INFO - Sync 1 DAGs
[2026-03-18T17:02:58.912+0100] {logging_mixin.py:190} INFO - [2026-03-18T17:02:58.912+0100] {dag.py:4180} INFO - Setting next_dagrun for example_trigger_controller_dag to 2021-01-01 00:00:00+00:00, run_after=2021-01-01 00:00:00+00:00
[2026-03-18T17:02:58.925+0100] {processor.py:208} INFO - Processing /Users/atanasivanov/ipo-intel/ipo-intel/.venv_airflow/lib/python3.11/site-packages/airflow/example_dags/example_trigger_controller_dag.py took 0.115 seconds
[2026-03-18T17:04:54.632+0100] {processor.py:186} INFO - Started process (PID=57224) to work on /Users/atanasivanov/ipo-intel/ipo-intel/.venv_airflow/lib/python3.11/site-packages/airflow/example_dags/example_trigger_controller_dag.py
[2026-03-18T17:04:54.633+0100] {processor.py:914} INFO - Processing file /Users/atanasivanov/ipo-intel/ipo-intel/.venv_airflow/lib/python3.11/site-packages/airflow/example_dags/example_trigger_controller_dag.py for tasks to queue
[2026-03-18T17:04:54.634+0100] {logging_mixin.py:190} INFO - [2026-03-18T17:04:54.634+0100] {dagbag.py:588} INFO - Filling up the DagBag from /Users/atanasivanov/ipo-intel/ipo-intel/.venv_airflow/lib/python3.11/site-packages/airflow/example_dags/example_trigger_controller_dag.py
[2026-03-18T17:04:54.642+0100] {processor.py:925} INFO - DAG(s) 'example_trigger_controller_dag' retrieved from /Users/atanasivanov/ipo-intel/ipo-intel/.venv_airflow/lib/python3.11/site-packages/airflow/example_dags/example_trigger_controller_dag.py
[2026-03-18T17:04:54.719+0100] {logging_mixin.py:190} INFO - [2026-03-18T17:04:54.719+0100] {dag.py:3239} INFO - Sync 1 DAGs
[2026-03-18T17:04:54.732+0100] {logging_mixin.py:190} INFO - [2026-03-18T17:04:54.732+0100] {dag.py:4180} INFO - Setting next_dagrun for example_trigger_controller_dag to 2021-01-01 00:00:00+00:00, run_after=2021-01-01 00:00:00+00:00
[2026-03-18T17:04:54.744+0100] {processor.py:208} INFO - Processing /Users/atanasivanov/ipo-intel/ipo-intel/.venv_airflow/lib/python3.11/site-packages/airflow/example_dags/example_trigger_controller_dag.py took 0.117 seconds
[2026-03-18T17:06:53.817+0100] {processor.py:186} INFO - Started process (PID=57658) to work on /Users/atanasivanov/ipo-intel/ipo-intel/.venv_airflow/lib/python3.11/site-packages/airflow/example_dags/example_trigger_controller_dag.py
[2026-03-18T17:06:53.818+0100] {processor.py:914} INFO - Processing file /Users/atanasivanov/ipo-intel/ipo-intel/.venv_airflow/lib/python3.11/site-packages/airflow/example_dags/example_trigger_controller_dag.py for tasks to queue
[2026-03-18T17:06:53.819+0100] {logging_mixin.py:190} INFO - [2026-03-18T17:06:53.818+0100] {dagbag.py:588} INFO - Filling up the DagBag from /Users/atanasivanov/ipo-intel/ipo-intel/.venv_airflow/lib/python3.11/site-packages/airflow/example_dags/example_trigger_controller_dag.py
[2026-03-18T17:06:53.828+0100] {processor.py:925} INFO - DAG(s) 'example_trigger_controller_dag' retrieved from /Users/atanasivanov/ipo-intel/ipo-intel/.venv_airflow/lib/python3.11/site-packages/airflow/example_dags/example_trigger_controller_dag.py
[2026-03-18T17:06:53.903+0100] {logging_mixin.py:190} INFO - [2026-03-18T17:06:53.903+0100] {dag.py:3239} INFO - Sync 1 DAGs
[2026-03-18T17:06:53.916+0100] {logging_mixin.py:190} INFO - [2026-03-18T17:06:53.916+0100] {dag.py:4180} INFO - Setting next_dagrun for example_trigger_controller_dag to 2021-01-01 00:00:00+00:00, run_after=2021-01-01 00:00:00+00:00
[2026-03-18T17:06:53.928+0100] {processor.py:208} INFO - Processing /Users/atanasivanov/ipo-intel/ipo-intel/.venv_airflow/lib/python3.11/site-packages/airflow/example_dags/example_trigger_controller_dag.py took 0.116 seconds
[2026-03-18T17:08:45.559+0100] {processor.py:186} INFO - Started process (PID=58064) to work on /Users/atanasivanov/ipo-intel/ipo-intel/.venv_airflow/lib/python3.11/site-packages/airflow/example_dags/example_trigger_controller_dag.py
[2026-03-18T17:08:45.560+0100] {processor.py:914} INFO - Processing file /Users/atanasivanov/ipo-intel/ipo-intel/.venv_airflow/lib/python3.11/site-packages/airflow/example_dags/example_trigger_controller_dag.py for tasks to queue
[2026-03-18T17:08:45.561+0100] {logging_mixin.py:190} INFO - [2026-03-18T17:08:45.561+0100] {dagbag.py:588} INFO - Filling up the DagBag from /Users/atanasivanov/ipo-intel/ipo-intel/.venv_airflow/lib/python3.11/site-packages/airflow/example_dags/example_trigger_controller_dag.py
[2026-03-18T17:08:45.571+0100] {processor.py:925} INFO - DAG(s) 'example_trigger_controller_dag' retrieved from /Users/atanasivanov/ipo-intel/ipo-intel/.venv_airflow/lib/python3.11/site-packages/airflow/example_dags/example_trigger_controller_dag.py
[2026-03-18T17:08:45.646+0100] {logging_mixin.py:190} INFO - [2026-03-18T17:08:45.646+0100] {dag.py:3239} INFO - Sync 1 DAGs
[2026-03-18T17:08:45.658+0100] {logging_mixin.py:190} INFO - [2026-03-18T17:08:45.658+0100] {dag.py:4180} INFO - Setting next_dagrun for example_trigger_controller_dag to 2021-01-01 00:00:00+00:00, run_after=2021-01-01 00:00:00+00:00
[2026-03-18T17:08:45.672+0100] {processor.py:208} INFO - Processing /Users/atanasivanov/ipo-intel/ipo-intel/.venv_airflow/lib/python3.11/site-packages/airflow/example_dags/example_trigger_controller_dag.py took 0.118 seconds
[2026-03-18T17:10:46.597+0100] {processor.py:186} INFO - Started process (PID=58587) to work on /Users/atanasivanov/ipo-intel/ipo-intel/.venv_airflow/lib/python3.11/site-packages/airflow/example_dags/example_trigger_controller_dag.py
[2026-03-18T17:10:46.598+0100] {processor.py:914} INFO - Processing file /Users/atanasivanov/ipo-intel/ipo-intel/.venv_airflow/lib/python3.11/site-packages/airflow/example_dags/example_trigger_controller_dag.py for tasks to queue
[2026-03-18T17:10:46.599+0100] {logging_mixin.py:190} INFO - [2026-03-18T17:10:46.599+0100] {dagbag.py:588} INFO - Filling up the DagBag from /Users/atanasivanov/ipo-intel/ipo-intel/.venv_airflow/lib/python3.11/site-packages/airflow/example_dags/example_trigger_controller_dag.py
[2026-03-18T17:10:46.609+0100] {processor.py:925} INFO - DAG(s) 'example_trigger_controller_dag' retrieved from /Users/atanasivanov/ipo-intel/ipo-intel/.venv_airflow/lib/python3.11/site-packages/airflow/example_dags/example_trigger_controller_dag.py
[2026-03-18T17:10:46.686+0100] {logging_mixin.py:190} INFO - [2026-03-18T17:10:46.686+0100] {dag.py:3239} INFO - Sync 1 DAGs
[2026-03-18T17:10:46.699+0100] {logging_mixin.py:190} INFO - [2026-03-18T17:10:46.699+0100] {dag.py:4180} INFO - Setting next_dagrun for example_trigger_controller_dag to 2021-01-01 00:00:00+00:00, run_after=2021-01-01 00:00:00+00:00
[2026-03-18T17:10:46.711+0100] {processor.py:208} INFO - Processing /Users/atanasivanov/ipo-intel/ipo-intel/.venv_airflow/lib/python3.11/site-packages/airflow/example_dags/example_trigger_controller_dag.py took 0.119 seconds
[2026-03-18T17:12:49.545+0100] {processor.py:186} INFO - Started process (PID=59267) to work on /Users/atanasivanov/ipo-intel/ipo-intel/.venv_airflow/lib/python3.11/site-packages/airflow/example_dags/example_trigger_controller_dag.py
[2026-03-18T17:12:49.546+0100] {processor.py:914} INFO - Processing file /Users/atanasivanov/ipo-intel/ipo-intel/.venv_airflow/lib/python3.11/site-packages/airflow/example_dags/example_trigger_controller_dag.py for tasks to queue
[2026-03-18T17:12:49.547+0100] {logging_mixin.py:190} INFO - [2026-03-18T17:12:49.547+0100] {dagbag.py:588} INFO - Filling up the DagBag from /Users/atanasivanov/ipo-intel/ipo-intel/.venv_airflow/lib/python3.11/site-packages/airflow/example_dags/example_trigger_controller_dag.py
[2026-03-18T17:12:49.559+0100] {processor.py:925} INFO - DAG(s) 'example_trigger_controller_dag' retrieved from /Users/atanasivanov/ipo-intel/ipo-intel/.venv_airflow/lib/python3.11/site-packages/airflow/example_dags/example_trigger_controller_dag.py
[2026-03-18T17:12:49.654+0100] {logging_mixin.py:190} INFO - [2026-03-18T17:12:49.654+0100] {dag.py:3239} INFO - Sync 1 DAGs
[2026-03-18T17:12:49.671+0100] {logging_mixin.py:190} INFO - [2026-03-18T17:12:49.670+0100] {dag.py:4180} INFO - Setting next_dagrun for example_trigger_controller_dag to 2021-01-01 00:00:00+00:00, run_after=2021-01-01 00:00:00+00:00
[2026-03-18T17:12:49.687+0100] {processor.py:208} INFO - Processing /Users/atanasivanov/ipo-intel/ipo-intel/.venv_airflow/lib/python3.11/site-packages/airflow/example_dags/example_trigger_controller_dag.py took 0.149 seconds
[2026-03-18T17:14:54.130+0100] {processor.py:186} INFO - Started process (PID=59917) to work on /Users/atanasivanov/ipo-intel/ipo-intel/.venv_airflow/lib/python3.11/site-packages/airflow/example_dags/example_trigger_controller_dag.py
[2026-03-18T17:14:54.131+0100] {processor.py:914} INFO - Processing file /Users/atanasivanov/ipo-intel/ipo-intel/.venv_airflow/lib/python3.11/site-packages/airflow/example_dags/example_trigger_controller_dag.py for tasks to queue
[2026-03-18T17:14:54.132+0100] {logging_mixin.py:190} INFO - [2026-03-18T17:14:54.132+0100] {dagbag.py:588} INFO - Filling up the DagBag from /Users/atanasivanov/ipo-intel/ipo-intel/.venv_airflow/lib/python3.11/site-packages/airflow/example_dags/example_trigger_controller_dag.py
[2026-03-18T17:14:54.142+0100] {processor.py:925} INFO - DAG(s) 'example_trigger_controller_dag' retrieved from /Users/atanasivanov/ipo-intel/ipo-intel/.venv_airflow/lib/python3.11/site-packages/airflow/example_dags/example_trigger_controller_dag.py
[2026-03-18T17:14:54.217+0100] {logging_mixin.py:190} INFO - [2026-03-18T17:14:54.216+0100] {dag.py:3239} INFO - Sync 1 DAGs
[2026-03-18T17:14:54.229+0100] {logging_mixin.py:190} INFO - [2026-03-18T17:14:54.229+0100] {dag.py:4180} INFO - Setting next_dagrun for example_trigger_controller_dag to 2021-01-01 00:00:00+00:00, run_after=2021-01-01 00:00:00+00:00
[2026-03-18T17:14:54.242+0100] {processor.py:208} INFO - Processing /Users/atanasivanov/ipo-intel/ipo-intel/.venv_airflow/lib/python3.11/site-packages/airflow/example_dags/example_trigger_controller_dag.py took 0.118 seconds
