[2026-03-18T16:21:32.819+0100] {processor.py:186} INFO - Started process (PID=45614) to work on /Users/atanasivanov/ipo-intel/ipo-intel/.venv_airflow/lib/python3.11/site-packages/airflow/example_dags/example_datasets.py
[2026-03-18T16:21:32.820+0100] {processor.py:914} INFO - Processing file /Users/atanasivanov/ipo-intel/ipo-intel/.venv_airflow/lib/python3.11/site-packages/airflow/example_dags/example_datasets.py for tasks to queue
[2026-03-18T16:21:32.821+0100] {logging_mixin.py:190} INFO - [2026-03-18T16:21:32.821+0100] {dagbag.py:588} INFO - Filling up the DagBag from /Users/atanasivanov/ipo-intel/ipo-intel/.venv_airflow/lib/python3.11/site-packages/airflow/example_dags/example_datasets.py
[2026-03-18T16:21:32.871+0100] {processor.py:925} INFO - DAG(s) 'dataset_consumes_1_never_scheduled', 'dataset_consumes_unknown_never_scheduled', 'consume_1_or_both_2_and_3_with_dataset_expressions', 'dataset_produces_1', 'consume_1_or_2_with_dataset_expressions', 'conditional_dataset_and_time_based_timetable', 'dataset_produces_2', 'dataset_consumes_1_and_2', 'consume_1_and_2_with_dataset_expressions', 'dataset_consumes_1' retrieved from /Users/atanasivanov/ipo-intel/ipo-intel/.venv_airflow/lib/python3.11/site-packages/airflow/example_dags/example_datasets.py
[2026-03-18T16:21:33.116+0100] {logging_mixin.py:190} INFO - [2026-03-18T16:21:33.116+0100] {override.py:1912} INFO - Created Permission View: can read on DAG:dataset_consumes_1_never_scheduled
[2026-03-18T16:21:33.125+0100] {logging_mixin.py:190} INFO - [2026-03-18T16:21:33.124+0100] {override.py:1912} INFO - Created Permission View: can delete on DAG:dataset_consumes_1_never_scheduled
[2026-03-18T16:21:33.130+0100] {logging_mixin.py:190} INFO - [2026-03-18T16:21:33.130+0100] {override.py:1912} INFO - Created Permission View: can edit on DAG:dataset_consumes_1_never_scheduled
[2026-03-18T16:21:33.138+0100] {logging_mixin.py:190} INFO - [2026-03-18T16:21:33.137+0100] {override.py:1912} INFO - Created Permission View: can read on DAG Run:dataset_consumes_1_never_scheduled
[2026-03-18T16:21:33.143+0100] {logging_mixin.py:190} INFO - [2026-03-18T16:21:33.143+0100] {override.py:1912} INFO - Created Permission View: can create on DAG Run:dataset_consumes_1_never_scheduled
[2026-03-18T16:21:33.149+0100] {logging_mixin.py:190} INFO - [2026-03-18T16:21:33.149+0100] {override.py:1912} INFO - Created Permission View: can delete on DAG Run:dataset_consumes_1_never_scheduled
[2026-03-18T16:21:33.154+0100] {logging_mixin.py:190} INFO - [2026-03-18T16:21:33.154+0100] {override.py:1912} INFO - Created Permission View: menu access on DAG Run:dataset_consumes_1_never_scheduled
[2026-03-18T16:21:33.165+0100] {logging_mixin.py:190} INFO - [2026-03-18T16:21:33.165+0100] {override.py:1912} INFO - Created Permission View: can read on DAG:dataset_consumes_unknown_never_scheduled
[2026-03-18T16:21:33.170+0100] {logging_mixin.py:190} INFO - [2026-03-18T16:21:33.170+0100] {override.py:1912} INFO - Created Permission View: can delete on DAG:dataset_consumes_unknown_never_scheduled
[2026-03-18T16:21:33.175+0100] {logging_mixin.py:190} INFO - [2026-03-18T16:21:33.175+0100] {override.py:1912} INFO - Created Permission View: can edit on DAG:dataset_consumes_unknown_never_scheduled
[2026-03-18T16:21:33.182+0100] {logging_mixin.py:190} INFO - [2026-03-18T16:21:33.182+0100] {override.py:1912} INFO - Created Permission View: can read on DAG Run:dataset_consumes_unknown_never_scheduled
[2026-03-18T16:21:33.187+0100] {logging_mixin.py:190} INFO - [2026-03-18T16:21:33.187+0100] {override.py:1912} INFO - Created Permission View: can create on DAG Run:dataset_consumes_unknown_never_scheduled
[2026-03-18T16:21:33.193+0100] {logging_mixin.py:190} INFO - [2026-03-18T16:21:33.192+0100] {override.py:1912} INFO - Created Permission View: can delete on DAG Run:dataset_consumes_unknown_never_scheduled
[2026-03-18T16:21:33.198+0100] {logging_mixin.py:190} INFO - [2026-03-18T16:21:33.197+0100] {override.py:1912} INFO - Created Permission View: menu access on DAG Run:dataset_consumes_unknown_never_scheduled
[2026-03-18T16:21:33.208+0100] {logging_mixin.py:190} INFO - [2026-03-18T16:21:33.207+0100] {override.py:1912} INFO - Created Permission View: can read on DAG:consume_1_or_both_2_and_3_with_dataset_expressions
[2026-03-18T16:21:33.213+0100] {logging_mixin.py:190} INFO - [2026-03-18T16:21:33.212+0100] {override.py:1912} INFO - Created Permission View: can delete on DAG:consume_1_or_both_2_and_3_with_dataset_expressions
[2026-03-18T16:21:33.218+0100] {logging_mixin.py:190} INFO - [2026-03-18T16:21:33.217+0100] {override.py:1912} INFO - Created Permission View: can edit on DAG:consume_1_or_both_2_and_3_with_dataset_expressions
[2026-03-18T16:21:33.225+0100] {logging_mixin.py:190} INFO - [2026-03-18T16:21:33.224+0100] {override.py:1912} INFO - Created Permission View: can read on DAG Run:consume_1_or_both_2_and_3_with_dataset_expressions
[2026-03-18T16:21:33.229+0100] {logging_mixin.py:190} INFO - [2026-03-18T16:21:33.229+0100] {override.py:1912} INFO - Created Permission View: can create on DAG Run:consume_1_or_both_2_and_3_with_dataset_expressions
[2026-03-18T16:21:33.235+0100] {logging_mixin.py:190} INFO - [2026-03-18T16:21:33.234+0100] {override.py:1912} INFO - Created Permission View: can delete on DAG Run:consume_1_or_both_2_and_3_with_dataset_expressions
[2026-03-18T16:21:33.240+0100] {logging_mixin.py:190} INFO - [2026-03-18T16:21:33.240+0100] {override.py:1912} INFO - Created Permission View: menu access on DAG Run:consume_1_or_both_2_and_3_with_dataset_expressions
[2026-03-18T16:21:33.250+0100] {logging_mixin.py:190} INFO - [2026-03-18T16:21:33.250+0100] {override.py:1912} INFO - Created Permission View: can read on DAG:dataset_produces_1
[2026-03-18T16:21:33.255+0100] {logging_mixin.py:190} INFO - [2026-03-18T16:21:33.255+0100] {override.py:1912} INFO - Created Permission View: can delete on DAG:dataset_produces_1
[2026-03-18T16:21:33.260+0100] {logging_mixin.py:190} INFO - [2026-03-18T16:21:33.260+0100] {override.py:1912} INFO - Created Permission View: can edit on DAG:dataset_produces_1
[2026-03-18T16:21:33.267+0100] {logging_mixin.py:190} INFO - [2026-03-18T16:21:33.267+0100] {override.py:1912} INFO - Created Permission View: can read on DAG Run:dataset_produces_1
[2026-03-18T16:21:33.273+0100] {logging_mixin.py:190} INFO - [2026-03-18T16:21:33.273+0100] {override.py:1912} INFO - Created Permission View: can create on DAG Run:dataset_produces_1
[2026-03-18T16:21:33.278+0100] {logging_mixin.py:190} INFO - [2026-03-18T16:21:33.278+0100] {override.py:1912} INFO - Created Permission View: can delete on DAG Run:dataset_produces_1
[2026-03-18T16:21:33.283+0100] {logging_mixin.py:190} INFO - [2026-03-18T16:21:33.283+0100] {override.py:1912} INFO - Created Permission View: menu access on DAG Run:dataset_produces_1
[2026-03-18T16:21:33.293+0100] {logging_mixin.py:190} INFO - [2026-03-18T16:21:33.293+0100] {override.py:1912} INFO - Created Permission View: can read on DAG:consume_1_or_2_with_dataset_expressions
[2026-03-18T16:21:33.298+0100] {logging_mixin.py:190} INFO - [2026-03-18T16:21:33.298+0100] {override.py:1912} INFO - Created Permission View: can delete on DAG:consume_1_or_2_with_dataset_expressions
[2026-03-18T16:21:33.303+0100] {logging_mixin.py:190} INFO - [2026-03-18T16:21:33.303+0100] {override.py:1912} INFO - Created Permission View: can edit on DAG:consume_1_or_2_with_dataset_expressions
[2026-03-18T16:21:33.310+0100] {logging_mixin.py:190} INFO - [2026-03-18T16:21:33.310+0100] {override.py:1912} INFO - Created Permission View: can read on DAG Run:consume_1_or_2_with_dataset_expressions
[2026-03-18T16:21:33.315+0100] {logging_mixin.py:190} INFO - [2026-03-18T16:21:33.315+0100] {override.py:1912} INFO - Created Permission View: can create on DAG Run:consume_1_or_2_with_dataset_expressions
[2026-03-18T16:21:33.320+0100] {logging_mixin.py:190} INFO - [2026-03-18T16:21:33.320+0100] {override.py:1912} INFO - Created Permission View: can delete on DAG Run:consume_1_or_2_with_dataset_expressions
[2026-03-18T16:21:33.325+0100] {logging_mixin.py:190} INFO - [2026-03-18T16:21:33.325+0100] {override.py:1912} INFO - Created Permission View: menu access on DAG Run:consume_1_or_2_with_dataset_expressions
[2026-03-18T16:21:33.334+0100] {logging_mixin.py:190} INFO - [2026-03-18T16:21:33.334+0100] {override.py:1912} INFO - Created Permission View: can read on DAG:conditional_dataset_and_time_based_timetable
[2026-03-18T16:21:33.339+0100] {logging_mixin.py:190} INFO - [2026-03-18T16:21:33.339+0100] {override.py:1912} INFO - Created Permission View: can delete on DAG:conditional_dataset_and_time_based_timetable
[2026-03-18T16:21:33.344+0100] {logging_mixin.py:190} INFO - [2026-03-18T16:21:33.344+0100] {override.py:1912} INFO - Created Permission View: can edit on DAG:conditional_dataset_and_time_based_timetable
[2026-03-18T16:21:33.351+0100] {logging_mixin.py:190} INFO - [2026-03-18T16:21:33.351+0100] {override.py:1912} INFO - Created Permission View: can read on DAG Run:conditional_dataset_and_time_based_timetable
[2026-03-18T16:21:33.356+0100] {logging_mixin.py:190} INFO - [2026-03-18T16:21:33.355+0100] {override.py:1912} INFO - Created Permission View: can create on DAG Run:conditional_dataset_and_time_based_timetable
[2026-03-18T16:21:33.361+0100] {logging_mixin.py:190} INFO - [2026-03-18T16:21:33.360+0100] {override.py:1912} INFO - Created Permission View: can delete on DAG Run:conditional_dataset_and_time_based_timetable
[2026-03-18T16:21:33.365+0100] {logging_mixin.py:190} INFO - [2026-03-18T16:21:33.365+0100] {override.py:1912} INFO - Created Permission View: menu access on DAG Run:conditional_dataset_and_time_based_timetable
[2026-03-18T16:21:33.375+0100] {logging_mixin.py:190} INFO - [2026-03-18T16:21:33.374+0100] {override.py:1912} INFO - Created Permission View: can read on DAG:dataset_produces_2
[2026-03-18T16:21:33.379+0100] {logging_mixin.py:190} INFO - [2026-03-18T16:21:33.379+0100] {override.py:1912} INFO - Created Permission View: can delete on DAG:dataset_produces_2
[2026-03-18T16:21:33.383+0100] {logging_mixin.py:190} INFO - [2026-03-18T16:21:33.383+0100] {override.py:1912} INFO - Created Permission View: can edit on DAG:dataset_produces_2
[2026-03-18T16:21:33.389+0100] {logging_mixin.py:190} INFO - [2026-03-18T16:21:33.389+0100] {override.py:1912} INFO - Created Permission View: can read on DAG Run:dataset_produces_2
[2026-03-18T16:21:33.394+0100] {logging_mixin.py:190} INFO - [2026-03-18T16:21:33.394+0100] {override.py:1912} INFO - Created Permission View: can create on DAG Run:dataset_produces_2
[2026-03-18T16:21:33.399+0100] {logging_mixin.py:190} INFO - [2026-03-18T16:21:33.399+0100] {override.py:1912} INFO - Created Permission View: can delete on DAG Run:dataset_produces_2
[2026-03-18T16:21:33.403+0100] {logging_mixin.py:190} INFO - [2026-03-18T16:21:33.403+0100] {override.py:1912} INFO - Created Permission View: menu access on DAG Run:dataset_produces_2
[2026-03-18T16:21:33.413+0100] {logging_mixin.py:190} INFO - [2026-03-18T16:21:33.412+0100] {override.py:1912} INFO - Created Permission View: can read on DAG:dataset_consumes_1_and_2
[2026-03-18T16:21:33.417+0100] {logging_mixin.py:190} INFO - [2026-03-18T16:21:33.417+0100] {override.py:1912} INFO - Created Permission View: can delete on DAG:dataset_consumes_1_and_2
[2026-03-18T16:21:33.422+0100] {logging_mixin.py:190} INFO - [2026-03-18T16:21:33.422+0100] {override.py:1912} INFO - Created Permission View: can edit on DAG:dataset_consumes_1_and_2
[2026-03-18T16:21:33.428+0100] {logging_mixin.py:190} INFO - [2026-03-18T16:21:33.428+0100] {override.py:1912} INFO - Created Permission View: can read on DAG Run:dataset_consumes_1_and_2
[2026-03-18T16:21:33.433+0100] {logging_mixin.py:190} INFO - [2026-03-18T16:21:33.433+0100] {override.py:1912} INFO - Created Permission View: can create on DAG Run:dataset_consumes_1_and_2
[2026-03-18T16:21:33.437+0100] {logging_mixin.py:190} INFO - [2026-03-18T16:21:33.437+0100] {override.py:1912} INFO - Created Permission View: can delete on DAG Run:dataset_consumes_1_and_2
[2026-03-18T16:21:33.441+0100] {logging_mixin.py:190} INFO - [2026-03-18T16:21:33.441+0100] {override.py:1912} INFO - Created Permission View: menu access on DAG Run:dataset_consumes_1_and_2
[2026-03-18T16:21:33.449+0100] {logging_mixin.py:190} INFO - [2026-03-18T16:21:33.449+0100] {override.py:1912} INFO - Created Permission View: can read on DAG:consume_1_and_2_with_dataset_expressions
[2026-03-18T16:21:33.454+0100] {logging_mixin.py:190} INFO - [2026-03-18T16:21:33.453+0100] {override.py:1912} INFO - Created Permission View: can delete on DAG:consume_1_and_2_with_dataset_expressions
[2026-03-18T16:21:33.458+0100] {logging_mixin.py:190} INFO - [2026-03-18T16:21:33.458+0100] {override.py:1912} INFO - Created Permission View: can edit on DAG:consume_1_and_2_with_dataset_expressions
[2026-03-18T16:21:33.464+0100] {logging_mixin.py:190} INFO - [2026-03-18T16:21:33.464+0100] {override.py:1912} INFO - Created Permission View: can read on DAG Run:consume_1_and_2_with_dataset_expressions
[2026-03-18T16:21:33.469+0100] {logging_mixin.py:190} INFO - [2026-03-18T16:21:33.468+0100] {override.py:1912} INFO - Created Permission View: can create on DAG Run:consume_1_and_2_with_dataset_expressions
[2026-03-18T16:21:33.473+0100] {logging_mixin.py:190} INFO - [2026-03-18T16:21:33.473+0100] {override.py:1912} INFO - Created Permission View: can delete on DAG Run:consume_1_and_2_with_dataset_expressions
[2026-03-18T16:21:33.477+0100] {logging_mixin.py:190} INFO - [2026-03-18T16:21:33.477+0100] {override.py:1912} INFO - Created Permission View: menu access on DAG Run:consume_1_and_2_with_dataset_expressions
[2026-03-18T16:21:33.490+0100] {logging_mixin.py:190} INFO - [2026-03-18T16:21:33.490+0100] {override.py:1912} INFO - Created Permission View: can read on DAG:dataset_consumes_1
[2026-03-18T16:21:33.495+0100] {logging_mixin.py:190} INFO - [2026-03-18T16:21:33.495+0100] {override.py:1912} INFO - Created Permission View: can delete on DAG:dataset_consumes_1
[2026-03-18T16:21:33.500+0100] {logging_mixin.py:190} INFO - [2026-03-18T16:21:33.500+0100] {override.py:1912} INFO - Created Permission View: can edit on DAG:dataset_consumes_1
[2026-03-18T16:21:33.507+0100] {logging_mixin.py:190} INFO - [2026-03-18T16:21:33.507+0100] {override.py:1912} INFO - Created Permission View: can read on DAG Run:dataset_consumes_1
[2026-03-18T16:21:33.512+0100] {logging_mixin.py:190} INFO - [2026-03-18T16:21:33.512+0100] {override.py:1912} INFO - Created Permission View: can create on DAG Run:dataset_consumes_1
[2026-03-18T16:21:33.517+0100] {logging_mixin.py:190} INFO - [2026-03-18T16:21:33.517+0100] {override.py:1912} INFO - Created Permission View: can delete on DAG Run:dataset_consumes_1
[2026-03-18T16:21:33.522+0100] {logging_mixin.py:190} INFO - [2026-03-18T16:21:33.521+0100] {override.py:1912} INFO - Created Permission View: menu access on DAG Run:dataset_consumes_1
[2026-03-18T16:21:33.522+0100] {logging_mixin.py:190} INFO - [2026-03-18T16:21:33.522+0100] {dag.py:3239} INFO - Sync 10 DAGs
[2026-03-18T16:21:33.532+0100] {logging_mixin.py:190} INFO - [2026-03-18T16:21:33.531+0100] {dag.py:3262} INFO - Creating ORM DAG for dataset_consumes_1_never_scheduled
[2026-03-18T16:21:33.532+0100] {logging_mixin.py:190} INFO - [2026-03-18T16:21:33.532+0100] {dag.py:3262} INFO - Creating ORM DAG for dataset_consumes_1
[2026-03-18T16:21:33.533+0100] {logging_mixin.py:190} INFO - [2026-03-18T16:21:33.532+0100] {dag.py:3262} INFO - Creating ORM DAG for dataset_consumes_unknown_never_scheduled
[2026-03-18T16:21:33.533+0100] {logging_mixin.py:190} INFO - [2026-03-18T16:21:33.533+0100] {dag.py:3262} INFO - Creating ORM DAG for conditional_dataset_and_time_based_timetable
[2026-03-18T16:21:33.534+0100] {logging_mixin.py:190} INFO - [2026-03-18T16:21:33.533+0100] {dag.py:3262} INFO - Creating ORM DAG for consume_1_or_both_2_and_3_with_dataset_expressions
[2026-03-18T16:21:33.534+0100] {logging_mixin.py:190} INFO - [2026-03-18T16:21:33.534+0100] {dag.py:3262} INFO - Creating ORM DAG for dataset_produces_2
[2026-03-18T16:21:33.534+0100] {logging_mixin.py:190} INFO - [2026-03-18T16:21:33.534+0100] {dag.py:3262} INFO - Creating ORM DAG for consume_1_or_2_with_dataset_expressions
[2026-03-18T16:21:33.535+0100] {logging_mixin.py:190} INFO - [2026-03-18T16:21:33.535+0100] {dag.py:3262} INFO - Creating ORM DAG for dataset_consumes_1_and_2
[2026-03-18T16:21:33.535+0100] {logging_mixin.py:190} INFO - [2026-03-18T16:21:33.535+0100] {dag.py:3262} INFO - Creating ORM DAG for consume_1_and_2_with_dataset_expressions
[2026-03-18T16:21:33.536+0100] {logging_mixin.py:190} INFO - [2026-03-18T16:21:33.536+0100] {dag.py:3262} INFO - Creating ORM DAG for dataset_produces_1
[2026-03-18T16:21:33.544+0100] {logging_mixin.py:190} INFO - [2026-03-18T16:21:33.544+0100] {dag.py:4180} INFO - Setting next_dagrun for conditional_dataset_and_time_based_timetable to 2026-03-18 01:00:00+00:00, run_after=2026-03-18 01:00:00+00:00
[2026-03-18T16:21:33.545+0100] {logging_mixin.py:190} INFO - [2026-03-18T16:21:33.544+0100] {dag.py:4180} INFO - Setting next_dagrun for consume_1_and_2_with_dataset_expressions to None, run_after=None
[2026-03-18T16:21:33.545+0100] {logging_mixin.py:190} INFO - [2026-03-18T16:21:33.545+0100] {dag.py:4180} INFO - Setting next_dagrun for consume_1_or_2_with_dataset_expressions to None, run_after=None
[2026-03-18T16:21:33.545+0100] {logging_mixin.py:190} INFO - [2026-03-18T16:21:33.545+0100] {dag.py:4180} INFO - Setting next_dagrun for consume_1_or_both_2_and_3_with_dataset_expressions to None, run_after=None
[2026-03-18T16:21:33.546+0100] {logging_mixin.py:190} INFO - [2026-03-18T16:21:33.545+0100] {dag.py:4180} INFO - Setting next_dagrun for dataset_consumes_1 to None, run_after=None
[2026-03-18T16:21:33.546+0100] {logging_mixin.py:190} INFO - [2026-03-18T16:21:33.546+0100] {dag.py:4180} INFO - Setting next_dagrun for dataset_consumes_1_and_2 to None, run_after=None
[2026-03-18T16:21:33.547+0100] {logging_mixin.py:190} INFO - [2026-03-18T16:21:33.547+0100] {dag.py:4180} INFO - Setting next_dagrun for dataset_consumes_1_never_scheduled to None, run_after=None
[2026-03-18T16:21:33.547+0100] {logging_mixin.py:190} INFO - [2026-03-18T16:21:33.547+0100] {dag.py:4180} INFO - Setting next_dagrun for dataset_consumes_unknown_never_scheduled to None, run_after=None
[2026-03-18T16:21:33.549+0100] {logging_mixin.py:190} INFO - [2026-03-18T16:21:33.549+0100] {dag.py:4180} INFO - Setting next_dagrun for dataset_produces_1 to 2026-03-17 00:00:00+00:00, run_after=2026-03-18 00:00:00+00:00
[2026-03-18T16:21:33.549+0100] {logging_mixin.py:190} INFO - [2026-03-18T16:21:33.549+0100] {dag.py:4180} INFO - Setting next_dagrun for dataset_produces_2 to None, run_after=None
[2026-03-18T16:21:33.567+0100] {logging_mixin.py:190} INFO - [2026-03-18T16:21:33.567+0100] {workday.py:41} WARNING - Could not import pandas. Holidays will not be considered.
[2026-03-18T16:21:33.583+0100] {processor.py:208} INFO - Processing /Users/atanasivanov/ipo-intel/ipo-intel/.venv_airflow/lib/python3.11/site-packages/airflow/example_dags/example_datasets.py took 0.770 seconds
[2026-03-18T16:24:09.912+0100] {processor.py:186} INFO - Started process (PID=46192) to work on /Users/atanasivanov/ipo-intel/ipo-intel/.venv_airflow/lib/python3.11/site-packages/airflow/example_dags/example_datasets.py
[2026-03-18T16:24:09.913+0100] {processor.py:914} INFO - Processing file /Users/atanasivanov/ipo-intel/ipo-intel/.venv_airflow/lib/python3.11/site-packages/airflow/example_dags/example_datasets.py for tasks to queue
[2026-03-18T16:24:09.914+0100] {logging_mixin.py:190} INFO - [2026-03-18T16:24:09.913+0100] {dagbag.py:588} INFO - Filling up the DagBag from /Users/atanasivanov/ipo-intel/ipo-intel/.venv_airflow/lib/python3.11/site-packages/airflow/example_dags/example_datasets.py
[2026-03-18T16:24:09.956+0100] {processor.py:925} INFO - DAG(s) 'consume_1_or_2_with_dataset_expressions', 'dataset_produces_2', 'conditional_dataset_and_time_based_timetable', 'dataset_produces_1', 'dataset_consumes_1_and_2', 'dataset_consumes_1', 'dataset_consumes_unknown_never_scheduled', 'consume_1_and_2_with_dataset_expressions', 'consume_1_or_both_2_and_3_with_dataset_expressions', 'dataset_consumes_1_never_scheduled' retrieved from /Users/atanasivanov/ipo-intel/ipo-intel/.venv_airflow/lib/python3.11/site-packages/airflow/example_dags/example_datasets.py
[2026-03-18T16:24:10.051+0100] {logging_mixin.py:190} INFO - [2026-03-18T16:24:10.051+0100] {dag.py:3239} INFO - Sync 10 DAGs
[2026-03-18T16:24:10.116+0100] {logging_mixin.py:190} INFO - [2026-03-18T16:24:10.116+0100] {dag.py:4180} INFO - Setting next_dagrun for conditional_dataset_and_time_based_timetable to 2026-03-18 01:00:00+00:00, run_after=2026-03-18 01:00:00+00:00
[2026-03-18T16:24:10.119+0100] {logging_mixin.py:190} INFO - [2026-03-18T16:24:10.119+0100] {dag.py:4180} INFO - Setting next_dagrun for consume_1_and_2_with_dataset_expressions to None, run_after=None
[2026-03-18T16:24:10.120+0100] {logging_mixin.py:190} INFO - [2026-03-18T16:24:10.120+0100] {dag.py:4180} INFO - Setting next_dagrun for consume_1_or_2_with_dataset_expressions to None, run_after=None
[2026-03-18T16:24:10.121+0100] {logging_mixin.py:190} INFO - [2026-03-18T16:24:10.121+0100] {dag.py:4180} INFO - Setting next_dagrun for consume_1_or_both_2_and_3_with_dataset_expressions to None, run_after=None
[2026-03-18T16:24:10.122+0100] {logging_mixin.py:190} INFO - [2026-03-18T16:24:10.122+0100] {dag.py:4180} INFO - Setting next_dagrun for dataset_consumes_1 to None, run_after=None
[2026-03-18T16:24:10.123+0100] {logging_mixin.py:190} INFO - [2026-03-18T16:24:10.123+0100] {dag.py:4180} INFO - Setting next_dagrun for dataset_consumes_1_and_2 to None, run_after=None
[2026-03-18T16:24:10.124+0100] {logging_mixin.py:190} INFO - [2026-03-18T16:24:10.124+0100] {dag.py:4180} INFO - Setting next_dagrun for dataset_consumes_1_never_scheduled to None, run_after=None
[2026-03-18T16:24:10.125+0100] {logging_mixin.py:190} INFO - [2026-03-18T16:24:10.125+0100] {dag.py:4180} INFO - Setting next_dagrun for dataset_consumes_unknown_never_scheduled to None, run_after=None
[2026-03-18T16:24:10.127+0100] {logging_mixin.py:190} INFO - [2026-03-18T16:24:10.127+0100] {dag.py:4180} INFO - Setting next_dagrun for dataset_produces_1 to 2026-03-17 00:00:00+00:00, run_after=2026-03-18 00:00:00+00:00
[2026-03-18T16:24:10.128+0100] {logging_mixin.py:190} INFO - [2026-03-18T16:24:10.128+0100] {dag.py:4180} INFO - Setting next_dagrun for dataset_produces_2 to None, run_after=None
[2026-03-18T16:24:10.153+0100] {processor.py:208} INFO - Processing /Users/atanasivanov/ipo-intel/ipo-intel/.venv_airflow/lib/python3.11/site-packages/airflow/example_dags/example_datasets.py took 0.247 seconds
[2026-03-18T16:28:14.372+0100] {processor.py:186} INFO - Started process (PID=47790) to work on /Users/atanasivanov/ipo-intel/ipo-intel/.venv_airflow/lib/python3.11/site-packages/airflow/example_dags/example_datasets.py
[2026-03-18T16:28:14.373+0100] {processor.py:914} INFO - Processing file /Users/atanasivanov/ipo-intel/ipo-intel/.venv_airflow/lib/python3.11/site-packages/airflow/example_dags/example_datasets.py for tasks to queue
[2026-03-18T16:28:14.374+0100] {logging_mixin.py:190} INFO - [2026-03-18T16:28:14.373+0100] {dagbag.py:588} INFO - Filling up the DagBag from /Users/atanasivanov/ipo-intel/ipo-intel/.venv_airflow/lib/python3.11/site-packages/airflow/example_dags/example_datasets.py
[2026-03-18T16:28:14.412+0100] {processor.py:925} INFO - DAG(s) 'dataset_consumes_1_and_2', 'dataset_consumes_1', 'dataset_consumes_1_never_scheduled', 'conditional_dataset_and_time_based_timetable', 'dataset_produces_1', 'dataset_consumes_unknown_never_scheduled', 'consume_1_or_2_with_dataset_expressions', 'consume_1_or_both_2_and_3_with_dataset_expressions', 'consume_1_and_2_with_dataset_expressions', 'dataset_produces_2' retrieved from /Users/atanasivanov/ipo-intel/ipo-intel/.venv_airflow/lib/python3.11/site-packages/airflow/example_dags/example_datasets.py
[2026-03-18T16:28:14.506+0100] {logging_mixin.py:190} INFO - [2026-03-18T16:28:14.506+0100] {dag.py:3239} INFO - Sync 10 DAGs
[2026-03-18T16:28:14.572+0100] {logging_mixin.py:190} INFO - [2026-03-18T16:28:14.572+0100] {dag.py:4180} INFO - Setting next_dagrun for conditional_dataset_and_time_based_timetable to 2026-03-18 01:00:00+00:00, run_after=2026-03-18 01:00:00+00:00
[2026-03-18T16:28:14.575+0100] {logging_mixin.py:190} INFO - [2026-03-18T16:28:14.575+0100] {dag.py:4180} INFO - Setting next_dagrun for consume_1_and_2_with_dataset_expressions to None, run_after=None
[2026-03-18T16:28:14.576+0100] {logging_mixin.py:190} INFO - [2026-03-18T16:28:14.576+0100] {dag.py:4180} INFO - Setting next_dagrun for consume_1_or_2_with_dataset_expressions to None, run_after=None
[2026-03-18T16:28:14.577+0100] {logging_mixin.py:190} INFO - [2026-03-18T16:28:14.576+0100] {dag.py:4180} INFO - Setting next_dagrun for consume_1_or_both_2_and_3_with_dataset_expressions to None, run_after=None
[2026-03-18T16:28:14.578+0100] {logging_mixin.py:190} INFO - [2026-03-18T16:28:14.577+0100] {dag.py:4180} INFO - Setting next_dagrun for dataset_consumes_1 to None, run_after=None
[2026-03-18T16:28:14.578+0100] {logging_mixin.py:190} INFO - [2026-03-18T16:28:14.578+0100] {dag.py:4180} INFO - Setting next_dagrun for dataset_consumes_1_and_2 to None, run_after=None
[2026-03-18T16:28:14.579+0100] {logging_mixin.py:190} INFO - [2026-03-18T16:28:14.579+0100] {dag.py:4180} INFO - Setting next_dagrun for dataset_consumes_1_never_scheduled to None, run_after=None
[2026-03-18T16:28:14.580+0100] {logging_mixin.py:190} INFO - [2026-03-18T16:28:14.580+0100] {dag.py:4180} INFO - Setting next_dagrun for dataset_consumes_unknown_never_scheduled to None, run_after=None
[2026-03-18T16:28:14.582+0100] {logging_mixin.py:190} INFO - [2026-03-18T16:28:14.582+0100] {dag.py:4180} INFO - Setting next_dagrun for dataset_produces_1 to 2026-03-17 00:00:00+00:00, run_after=2026-03-18 00:00:00+00:00
[2026-03-18T16:28:14.583+0100] {logging_mixin.py:190} INFO - [2026-03-18T16:28:14.583+0100] {dag.py:4180} INFO - Setting next_dagrun for dataset_produces_2 to None, run_after=None
[2026-03-18T16:28:14.607+0100] {processor.py:208} INFO - Processing /Users/atanasivanov/ipo-intel/ipo-intel/.venv_airflow/lib/python3.11/site-packages/airflow/example_dags/example_datasets.py took 0.240 seconds
[2026-03-18T16:32:09.381+0100] {processor.py:186} INFO - Started process (PID=48644) to work on /Users/atanasivanov/ipo-intel/ipo-intel/.venv_airflow/lib/python3.11/site-packages/airflow/example_dags/example_datasets.py
[2026-03-18T16:32:09.382+0100] {processor.py:914} INFO - Processing file /Users/atanasivanov/ipo-intel/ipo-intel/.venv_airflow/lib/python3.11/site-packages/airflow/example_dags/example_datasets.py for tasks to queue
[2026-03-18T16:32:09.382+0100] {logging_mixin.py:190} INFO - [2026-03-18T16:32:09.382+0100] {dagbag.py:588} INFO - Filling up the DagBag from /Users/atanasivanov/ipo-intel/ipo-intel/.venv_airflow/lib/python3.11/site-packages/airflow/example_dags/example_datasets.py
[2026-03-18T16:32:09.427+0100] {processor.py:925} INFO - DAG(s) 'consume_1_or_2_with_dataset_expressions', 'dataset_produces_1', 'conditional_dataset_and_time_based_timetable', 'dataset_consumes_unknown_never_scheduled', 'dataset_consumes_1_and_2', 'consume_1_or_both_2_and_3_with_dataset_expressions', 'dataset_consumes_1_never_scheduled', 'consume_1_and_2_with_dataset_expressions', 'dataset_produces_2', 'dataset_consumes_1' retrieved from /Users/atanasivanov/ipo-intel/ipo-intel/.venv_airflow/lib/python3.11/site-packages/airflow/example_dags/example_datasets.py
[2026-03-18T16:32:09.535+0100] {logging_mixin.py:190} INFO - [2026-03-18T16:32:09.535+0100] {dag.py:3239} INFO - Sync 10 DAGs
[2026-03-18T16:32:09.606+0100] {logging_mixin.py:190} INFO - [2026-03-18T16:32:09.606+0100] {dag.py:4180} INFO - Setting next_dagrun for conditional_dataset_and_time_based_timetable to 2026-03-18 01:00:00+00:00, run_after=2026-03-18 01:00:00+00:00
[2026-03-18T16:32:09.609+0100] {logging_mixin.py:190} INFO - [2026-03-18T16:32:09.609+0100] {dag.py:4180} INFO - Setting next_dagrun for consume_1_and_2_with_dataset_expressions to None, run_after=None
[2026-03-18T16:32:09.610+0100] {logging_mixin.py:190} INFO - [2026-03-18T16:32:09.610+0100] {dag.py:4180} INFO - Setting next_dagrun for consume_1_or_2_with_dataset_expressions to None, run_after=None
[2026-03-18T16:32:09.611+0100] {logging_mixin.py:190} INFO - [2026-03-18T16:32:09.611+0100] {dag.py:4180} INFO - Setting next_dagrun for consume_1_or_both_2_and_3_with_dataset_expressions to None, run_after=None
[2026-03-18T16:32:09.612+0100] {logging_mixin.py:190} INFO - [2026-03-18T16:32:09.612+0100] {dag.py:4180} INFO - Setting next_dagrun for dataset_consumes_1 to None, run_after=None
[2026-03-18T16:32:09.613+0100] {logging_mixin.py:190} INFO - [2026-03-18T16:32:09.613+0100] {dag.py:4180} INFO - Setting next_dagrun for dataset_consumes_1_and_2 to None, run_after=None
[2026-03-18T16:32:09.614+0100] {logging_mixin.py:190} INFO - [2026-03-18T16:32:09.614+0100] {dag.py:4180} INFO - Setting next_dagrun for dataset_consumes_1_never_scheduled to None, run_after=None
[2026-03-18T16:32:09.615+0100] {logging_mixin.py:190} INFO - [2026-03-18T16:32:09.615+0100] {dag.py:4180} INFO - Setting next_dagrun for dataset_consumes_unknown_never_scheduled to None, run_after=None
[2026-03-18T16:32:09.617+0100] {logging_mixin.py:190} INFO - [2026-03-18T16:32:09.617+0100] {dag.py:4180} INFO - Setting next_dagrun for dataset_produces_1 to 2026-03-17 00:00:00+00:00, run_after=2026-03-18 00:00:00+00:00
[2026-03-18T16:32:09.618+0100] {logging_mixin.py:190} INFO - [2026-03-18T16:32:09.618+0100] {dag.py:4180} INFO - Setting next_dagrun for dataset_produces_2 to None, run_after=None
[2026-03-18T16:32:09.643+0100] {processor.py:208} INFO - Processing /Users/atanasivanov/ipo-intel/ipo-intel/.venv_airflow/lib/python3.11/site-packages/airflow/example_dags/example_datasets.py took 0.267 seconds
[2026-03-18T16:35:59.091+0100] {processor.py:186} INFO - Started process (PID=49485) to work on /Users/atanasivanov/ipo-intel/ipo-intel/.venv_airflow/lib/python3.11/site-packages/airflow/example_dags/example_datasets.py
[2026-03-18T16:35:59.092+0100] {processor.py:914} INFO - Processing file /Users/atanasivanov/ipo-intel/ipo-intel/.venv_airflow/lib/python3.11/site-packages/airflow/example_dags/example_datasets.py for tasks to queue
[2026-03-18T16:35:59.093+0100] {logging_mixin.py:190} INFO - [2026-03-18T16:35:59.093+0100] {dagbag.py:588} INFO - Filling up the DagBag from /Users/atanasivanov/ipo-intel/ipo-intel/.venv_airflow/lib/python3.11/site-packages/airflow/example_dags/example_datasets.py
[2026-03-18T16:35:59.132+0100] {processor.py:925} INFO - DAG(s) 'conditional_dataset_and_time_based_timetable', 'dataset_consumes_1_never_scheduled', 'dataset_consumes_1', 'dataset_produces_2', 'dataset_produces_1', 'dataset_consumes_1_and_2', 'dataset_consumes_unknown_never_scheduled', 'consume_1_or_2_with_dataset_expressions', 'consume_1_or_both_2_and_3_with_dataset_expressions', 'consume_1_and_2_with_dataset_expressions' retrieved from /Users/atanasivanov/ipo-intel/ipo-intel/.venv_airflow/lib/python3.11/site-packages/airflow/example_dags/example_datasets.py
[2026-03-18T16:35:59.227+0100] {logging_mixin.py:190} INFO - [2026-03-18T16:35:59.227+0100] {dag.py:3239} INFO - Sync 10 DAGs
[2026-03-18T16:35:59.292+0100] {logging_mixin.py:190} INFO - [2026-03-18T16:35:59.292+0100] {dag.py:4180} INFO - Setting next_dagrun for conditional_dataset_and_time_based_timetable to 2026-03-18 01:00:00+00:00, run_after=2026-03-18 01:00:00+00:00
[2026-03-18T16:35:59.295+0100] {logging_mixin.py:190} INFO - [2026-03-18T16:35:59.295+0100] {dag.py:4180} INFO - Setting next_dagrun for consume_1_and_2_with_dataset_expressions to None, run_after=None
[2026-03-18T16:35:59.296+0100] {logging_mixin.py:190} INFO - [2026-03-18T16:35:59.296+0100] {dag.py:4180} INFO - Setting next_dagrun for consume_1_or_2_with_dataset_expressions to None, run_after=None
[2026-03-18T16:35:59.297+0100] {logging_mixin.py:190} INFO - [2026-03-18T16:35:59.297+0100] {dag.py:4180} INFO - Setting next_dagrun for consume_1_or_both_2_and_3_with_dataset_expressions to None, run_after=None
[2026-03-18T16:35:59.298+0100] {logging_mixin.py:190} INFO - [2026-03-18T16:35:59.298+0100] {dag.py:4180} INFO - Setting next_dagrun for dataset_consumes_1 to None, run_after=None
[2026-03-18T16:35:59.299+0100] {logging_mixin.py:190} INFO - [2026-03-18T16:35:59.299+0100] {dag.py:4180} INFO - Setting next_dagrun for dataset_consumes_1_and_2 to None, run_after=None
[2026-03-18T16:35:59.300+0100] {logging_mixin.py:190} INFO - [2026-03-18T16:35:59.300+0100] {dag.py:4180} INFO - Setting next_dagrun for dataset_consumes_1_never_scheduled to None, run_after=None
[2026-03-18T16:35:59.301+0100] {logging_mixin.py:190} INFO - [2026-03-18T16:35:59.301+0100] {dag.py:4180} INFO - Setting next_dagrun for dataset_consumes_unknown_never_scheduled to None, run_after=None
[2026-03-18T16:35:59.303+0100] {logging_mixin.py:190} INFO - [2026-03-18T16:35:59.303+0100] {dag.py:4180} INFO - Setting next_dagrun for dataset_produces_1 to 2026-03-17 00:00:00+00:00, run_after=2026-03-18 00:00:00+00:00
[2026-03-18T16:35:59.304+0100] {logging_mixin.py:190} INFO - [2026-03-18T16:35:59.304+0100] {dag.py:4180} INFO - Setting next_dagrun for dataset_produces_2 to None, run_after=None
[2026-03-18T16:35:59.330+0100] {processor.py:208} INFO - Processing /Users/atanasivanov/ipo-intel/ipo-intel/.venv_airflow/lib/python3.11/site-packages/airflow/example_dags/example_datasets.py took 0.244 seconds
[2026-03-18T16:39:46.659+0100] {processor.py:186} INFO - Started process (PID=50936) to work on /Users/atanasivanov/ipo-intel/ipo-intel/.venv_airflow/lib/python3.11/site-packages/airflow/example_dags/example_datasets.py
[2026-03-18T16:39:46.660+0100] {processor.py:914} INFO - Processing file /Users/atanasivanov/ipo-intel/ipo-intel/.venv_airflow/lib/python3.11/site-packages/airflow/example_dags/example_datasets.py for tasks to queue
[2026-03-18T16:39:46.661+0100] {logging_mixin.py:190} INFO - [2026-03-18T16:39:46.661+0100] {dagbag.py:588} INFO - Filling up the DagBag from /Users/atanasivanov/ipo-intel/ipo-intel/.venv_airflow/lib/python3.11/site-packages/airflow/example_dags/example_datasets.py
[2026-03-18T16:39:46.706+0100] {processor.py:925} INFO - DAG(s) 'consume_1_and_2_with_dataset_expressions', 'dataset_produces_1', 'conditional_dataset_and_time_based_timetable', 'dataset_consumes_1_never_scheduled', 'dataset_consumes_unknown_never_scheduled', 'dataset_consumes_1', 'consume_1_or_2_with_dataset_expressions', 'dataset_produces_2', 'consume_1_or_both_2_and_3_with_dataset_expressions', 'dataset_consumes_1_and_2' retrieved from /Users/atanasivanov/ipo-intel/ipo-intel/.venv_airflow/lib/python3.11/site-packages/airflow/example_dags/example_datasets.py
[2026-03-18T16:39:46.820+0100] {logging_mixin.py:190} INFO - [2026-03-18T16:39:46.819+0100] {dag.py:3239} INFO - Sync 10 DAGs
[2026-03-18T16:39:46.895+0100] {logging_mixin.py:190} INFO - [2026-03-18T16:39:46.895+0100] {dag.py:4180} INFO - Setting next_dagrun for conditional_dataset_and_time_based_timetable to 2026-03-18 01:00:00+00:00, run_after=2026-03-18 01:00:00+00:00
[2026-03-18T16:39:46.898+0100] {logging_mixin.py:190} INFO - [2026-03-18T16:39:46.898+0100] {dag.py:4180} INFO - Setting next_dagrun for consume_1_and_2_with_dataset_expressions to None, run_after=None
[2026-03-18T16:39:46.899+0100] {logging_mixin.py:190} INFO - [2026-03-18T16:39:46.899+0100] {dag.py:4180} INFO - Setting next_dagrun for consume_1_or_2_with_dataset_expressions to None, run_after=None
[2026-03-18T16:39:46.900+0100] {logging_mixin.py:190} INFO - [2026-03-18T16:39:46.900+0100] {dag.py:4180} INFO - Setting next_dagrun for consume_1_or_both_2_and_3_with_dataset_expressions to None, run_after=None
[2026-03-18T16:39:46.901+0100] {logging_mixin.py:190} INFO - [2026-03-18T16:39:46.901+0100] {dag.py:4180} INFO - Setting next_dagrun for dataset_consumes_1 to None, run_after=None
[2026-03-18T16:39:46.902+0100] {logging_mixin.py:190} INFO - [2026-03-18T16:39:46.902+0100] {dag.py:4180} INFO - Setting next_dagrun for dataset_consumes_1_and_2 to None, run_after=None
[2026-03-18T16:39:46.903+0100] {logging_mixin.py:190} INFO - [2026-03-18T16:39:46.903+0100] {dag.py:4180} INFO - Setting next_dagrun for dataset_consumes_1_never_scheduled to None, run_after=None
[2026-03-18T16:39:46.904+0100] {logging_mixin.py:190} INFO - [2026-03-18T16:39:46.904+0100] {dag.py:4180} INFO - Setting next_dagrun for dataset_consumes_unknown_never_scheduled to None, run_after=None
[2026-03-18T16:39:46.907+0100] {logging_mixin.py:190} INFO - [2026-03-18T16:39:46.906+0100] {dag.py:4180} INFO - Setting next_dagrun for dataset_produces_1 to 2026-03-17 00:00:00+00:00, run_after=2026-03-18 00:00:00+00:00
[2026-03-18T16:39:46.907+0100] {logging_mixin.py:190} INFO - [2026-03-18T16:39:46.907+0100] {dag.py:4180} INFO - Setting next_dagrun for dataset_produces_2 to None, run_after=None
[2026-03-18T16:39:46.936+0100] {processor.py:208} INFO - Processing /Users/atanasivanov/ipo-intel/ipo-intel/.venv_airflow/lib/python3.11/site-packages/airflow/example_dags/example_datasets.py took 0.282 seconds
[2026-03-18T16:49:28.030+0100] {processor.py:186} INFO - Started process (PID=53531) to work on /Users/atanasivanov/ipo-intel/ipo-intel/.venv_airflow/lib/python3.11/site-packages/airflow/example_dags/example_datasets.py
[2026-03-18T16:49:28.031+0100] {processor.py:914} INFO - Processing file /Users/atanasivanov/ipo-intel/ipo-intel/.venv_airflow/lib/python3.11/site-packages/airflow/example_dags/example_datasets.py for tasks to queue
[2026-03-18T16:49:28.032+0100] {logging_mixin.py:190} INFO - [2026-03-18T16:49:28.032+0100] {dagbag.py:588} INFO - Filling up the DagBag from /Users/atanasivanov/ipo-intel/ipo-intel/.venv_airflow/lib/python3.11/site-packages/airflow/example_dags/example_datasets.py
[2026-03-18T16:49:28.071+0100] {processor.py:925} INFO - DAG(s) 'dataset_consumes_1_and_2', 'dataset_consumes_1_never_scheduled', 'conditional_dataset_and_time_based_timetable', 'dataset_produces_1', 'consume_1_and_2_with_dataset_expressions', 'dataset_consumes_1', 'consume_1_or_2_with_dataset_expressions', 'dataset_produces_2', 'dataset_consumes_unknown_never_scheduled', 'consume_1_or_both_2_and_3_with_dataset_expressions' retrieved from /Users/atanasivanov/ipo-intel/ipo-intel/.venv_airflow/lib/python3.11/site-packages/airflow/example_dags/example_datasets.py
[2026-03-18T16:49:28.179+0100] {logging_mixin.py:190} INFO - [2026-03-18T16:49:28.178+0100] {dag.py:3239} INFO - Sync 10 DAGs
[2026-03-18T16:49:28.260+0100] {logging_mixin.py:190} INFO - [2026-03-18T16:49:28.259+0100] {dag.py:4180} INFO - Setting next_dagrun for conditional_dataset_and_time_based_timetable to 2026-03-18 01:00:00+00:00, run_after=2026-03-18 01:00:00+00:00
[2026-03-18T16:49:28.263+0100] {logging_mixin.py:190} INFO - [2026-03-18T16:49:28.263+0100] {dag.py:4180} INFO - Setting next_dagrun for consume_1_and_2_with_dataset_expressions to None, run_after=None
[2026-03-18T16:49:28.265+0100] {logging_mixin.py:190} INFO - [2026-03-18T16:49:28.265+0100] {dag.py:4180} INFO - Setting next_dagrun for consume_1_or_2_with_dataset_expressions to None, run_after=None
[2026-03-18T16:49:28.267+0100] {logging_mixin.py:190} INFO - [2026-03-18T16:49:28.266+0100] {dag.py:4180} INFO - Setting next_dagrun for consume_1_or_both_2_and_3_with_dataset_expressions to None, run_after=None
[2026-03-18T16:49:28.268+0100] {logging_mixin.py:190} INFO - [2026-03-18T16:49:28.268+0100] {dag.py:4180} INFO - Setting next_dagrun for dataset_consumes_1 to None, run_after=None
[2026-03-18T16:49:28.269+0100] {logging_mixin.py:190} INFO - [2026-03-18T16:49:28.269+0100] {dag.py:4180} INFO - Setting next_dagrun for dataset_consumes_1_and_2 to None, run_after=None
[2026-03-18T16:49:28.270+0100] {logging_mixin.py:190} INFO - [2026-03-18T16:49:28.270+0100] {dag.py:4180} INFO - Setting next_dagrun for dataset_consumes_1_never_scheduled to None, run_after=None
[2026-03-18T16:49:28.271+0100] {logging_mixin.py:190} INFO - [2026-03-18T16:49:28.271+0100] {dag.py:4180} INFO - Setting next_dagrun for dataset_consumes_unknown_never_scheduled to None, run_after=None
[2026-03-18T16:49:28.274+0100] {logging_mixin.py:190} INFO - [2026-03-18T16:49:28.274+0100] {dag.py:4180} INFO - Setting next_dagrun for dataset_produces_1 to 2026-03-17 00:00:00+00:00, run_after=2026-03-18 00:00:00+00:00
[2026-03-18T16:49:28.275+0100] {logging_mixin.py:190} INFO - [2026-03-18T16:49:28.275+0100] {dag.py:4180} INFO - Setting next_dagrun for dataset_produces_2 to None, run_after=None
[2026-03-18T16:49:28.305+0100] {processor.py:208} INFO - Processing /Users/atanasivanov/ipo-intel/ipo-intel/.venv_airflow/lib/python3.11/site-packages/airflow/example_dags/example_datasets.py took 0.280 seconds
[2026-03-18T16:51:59.067+0100] {processor.py:186} INFO - Started process (PID=54080) to work on /Users/atanasivanov/ipo-intel/ipo-intel/.venv_airflow/lib/python3.11/site-packages/airflow/example_dags/example_datasets.py
[2026-03-18T16:51:59.068+0100] {processor.py:914} INFO - Processing file /Users/atanasivanov/ipo-intel/ipo-intel/.venv_airflow/lib/python3.11/site-packages/airflow/example_dags/example_datasets.py for tasks to queue
[2026-03-18T16:51:59.069+0100] {logging_mixin.py:190} INFO - [2026-03-18T16:51:59.068+0100] {dagbag.py:588} INFO - Filling up the DagBag from /Users/atanasivanov/ipo-intel/ipo-intel/.venv_airflow/lib/python3.11/site-packages/airflow/example_dags/example_datasets.py
[2026-03-18T16:51:59.108+0100] {processor.py:925} INFO - DAG(s) 'dataset_consumes_1_never_scheduled', 'conditional_dataset_and_time_based_timetable', 'dataset_consumes_1', 'consume_1_and_2_with_dataset_expressions', 'consume_1_or_2_with_dataset_expressions', 'consume_1_or_both_2_and_3_with_dataset_expressions', 'dataset_produces_1', 'dataset_produces_2', 'dataset_consumes_unknown_never_scheduled', 'dataset_consumes_1_and_2' retrieved from /Users/atanasivanov/ipo-intel/ipo-intel/.venv_airflow/lib/python3.11/site-packages/airflow/example_dags/example_datasets.py
[2026-03-18T16:51:59.203+0100] {logging_mixin.py:190} INFO - [2026-03-18T16:51:59.203+0100] {dag.py:3239} INFO - Sync 10 DAGs
[2026-03-18T16:51:59.270+0100] {logging_mixin.py:190} INFO - [2026-03-18T16:51:59.269+0100] {dag.py:4180} INFO - Setting next_dagrun for conditional_dataset_and_time_based_timetable to 2026-03-18 01:00:00+00:00, run_after=2026-03-18 01:00:00+00:00
[2026-03-18T16:51:59.273+0100] {logging_mixin.py:190} INFO - [2026-03-18T16:51:59.273+0100] {dag.py:4180} INFO - Setting next_dagrun for consume_1_and_2_with_dataset_expressions to None, run_after=None
[2026-03-18T16:51:59.274+0100] {logging_mixin.py:190} INFO - [2026-03-18T16:51:59.274+0100] {dag.py:4180} INFO - Setting next_dagrun for consume_1_or_2_with_dataset_expressions to None, run_after=None
[2026-03-18T16:51:59.275+0100] {logging_mixin.py:190} INFO - [2026-03-18T16:51:59.274+0100] {dag.py:4180} INFO - Setting next_dagrun for consume_1_or_both_2_and_3_with_dataset_expressions to None, run_after=None
[2026-03-18T16:51:59.275+0100] {logging_mixin.py:190} INFO - [2026-03-18T16:51:59.275+0100] {dag.py:4180} INFO - Setting next_dagrun for dataset_consumes_1 to None, run_after=None
[2026-03-18T16:51:59.276+0100] {logging_mixin.py:190} INFO - [2026-03-18T16:51:59.276+0100] {dag.py:4180} INFO - Setting next_dagrun for dataset_consumes_1_and_2 to None, run_after=None
[2026-03-18T16:51:59.277+0100] {logging_mixin.py:190} INFO - [2026-03-18T16:51:59.277+0100] {dag.py:4180} INFO - Setting next_dagrun for dataset_consumes_1_never_scheduled to None, run_after=None
[2026-03-18T16:51:59.278+0100] {logging_mixin.py:190} INFO - [2026-03-18T16:51:59.278+0100] {dag.py:4180} INFO - Setting next_dagrun for dataset_consumes_unknown_never_scheduled to None, run_after=None
[2026-03-18T16:51:59.281+0100] {logging_mixin.py:190} INFO - [2026-03-18T16:51:59.280+0100] {dag.py:4180} INFO - Setting next_dagrun for dataset_produces_1 to 2026-03-17 00:00:00+00:00, run_after=2026-03-18 00:00:00+00:00
[2026-03-18T16:51:59.281+0100] {logging_mixin.py:190} INFO - [2026-03-18T16:51:59.281+0100] {dag.py:4180} INFO - Setting next_dagrun for dataset_produces_2 to None, run_after=None
[2026-03-18T16:51:59.308+0100] {processor.py:208} INFO - Processing /Users/atanasivanov/ipo-intel/ipo-intel/.venv_airflow/lib/python3.11/site-packages/airflow/example_dags/example_datasets.py took 0.246 seconds
[2026-03-18T16:56:12.397+0100] {processor.py:186} INFO - Started process (PID=55302) to work on /Users/atanasivanov/ipo-intel/ipo-intel/.venv_airflow/lib/python3.11/site-packages/airflow/example_dags/example_datasets.py
[2026-03-18T16:56:12.398+0100] {processor.py:914} INFO - Processing file /Users/atanasivanov/ipo-intel/ipo-intel/.venv_airflow/lib/python3.11/site-packages/airflow/example_dags/example_datasets.py for tasks to queue
[2026-03-18T16:56:12.399+0100] {logging_mixin.py:190} INFO - [2026-03-18T16:56:12.399+0100] {dagbag.py:588} INFO - Filling up the DagBag from /Users/atanasivanov/ipo-intel/ipo-intel/.venv_airflow/lib/python3.11/site-packages/airflow/example_dags/example_datasets.py
[2026-03-18T16:56:12.441+0100] {processor.py:925} INFO - DAG(s) 'consume_1_or_both_2_and_3_with_dataset_expressions', 'dataset_consumes_unknown_never_scheduled', 'dataset_produces_1', 'consume_1_or_2_with_dataset_expressions', 'dataset_produces_2', 'dataset_consumes_1', 'dataset_consumes_1_and_2', 'consume_1_and_2_with_dataset_expressions', 'dataset_consumes_1_never_scheduled', 'conditional_dataset_and_time_based_timetable' retrieved from /Users/atanasivanov/ipo-intel/ipo-intel/.venv_airflow/lib/python3.11/site-packages/airflow/example_dags/example_datasets.py
[2026-03-18T16:56:12.543+0100] {logging_mixin.py:190} INFO - [2026-03-18T16:56:12.542+0100] {dag.py:3239} INFO - Sync 10 DAGs
[2026-03-18T16:56:12.611+0100] {logging_mixin.py:190} INFO - [2026-03-18T16:56:12.611+0100] {dag.py:4180} INFO - Setting next_dagrun for conditional_dataset_and_time_based_timetable to 2026-03-18 01:00:00+00:00, run_after=2026-03-18 01:00:00+00:00
[2026-03-18T16:56:12.614+0100] {logging_mixin.py:190} INFO - [2026-03-18T16:56:12.614+0100] {dag.py:4180} INFO - Setting next_dagrun for consume_1_and_2_with_dataset_expressions to None, run_after=None
[2026-03-18T16:56:12.615+0100] {logging_mixin.py:190} INFO - [2026-03-18T16:56:12.615+0100] {dag.py:4180} INFO - Setting next_dagrun for consume_1_or_2_with_dataset_expressions to None, run_after=None
[2026-03-18T16:56:12.616+0100] {logging_mixin.py:190} INFO - [2026-03-18T16:56:12.616+0100] {dag.py:4180} INFO - Setting next_dagrun for consume_1_or_both_2_and_3_with_dataset_expressions to None, run_after=None
[2026-03-18T16:56:12.617+0100] {logging_mixin.py:190} INFO - [2026-03-18T16:56:12.617+0100] {dag.py:4180} INFO - Setting next_dagrun for dataset_consumes_1 to None, run_after=None
[2026-03-18T16:56:12.618+0100] {logging_mixin.py:190} INFO - [2026-03-18T16:56:12.618+0100] {dag.py:4180} INFO - Setting next_dagrun for dataset_consumes_1_and_2 to None, run_after=None
[2026-03-18T16:56:12.619+0100] {logging_mixin.py:190} INFO - [2026-03-18T16:56:12.619+0100] {dag.py:4180} INFO - Setting next_dagrun for dataset_consumes_1_never_scheduled to None, run_after=None
[2026-03-18T16:56:12.620+0100] {logging_mixin.py:190} INFO - [2026-03-18T16:56:12.620+0100] {dag.py:4180} INFO - Setting next_dagrun for dataset_consumes_unknown_never_scheduled to None, run_after=None
[2026-03-18T16:56:12.622+0100] {logging_mixin.py:190} INFO - [2026-03-18T16:56:12.622+0100] {dag.py:4180} INFO - Setting next_dagrun for dataset_produces_1 to 2026-03-17 00:00:00+00:00, run_after=2026-03-18 00:00:00+00:00
[2026-03-18T16:56:12.623+0100] {logging_mixin.py:190} INFO - [2026-03-18T16:56:12.623+0100] {dag.py:4180} INFO - Setting next_dagrun for dataset_produces_2 to None, run_after=None
[2026-03-18T16:56:12.649+0100] {processor.py:208} INFO - Processing /Users/atanasivanov/ipo-intel/ipo-intel/.venv_airflow/lib/python3.11/site-packages/airflow/example_dags/example_datasets.py took 0.258 seconds
[2026-03-18T17:00:20.717+0100] {processor.py:186} INFO - Started process (PID=56218) to work on /Users/atanasivanov/ipo-intel/ipo-intel/.venv_airflow/lib/python3.11/site-packages/airflow/example_dags/example_datasets.py
[2026-03-18T17:00:20.718+0100] {processor.py:914} INFO - Processing file /Users/atanasivanov/ipo-intel/ipo-intel/.venv_airflow/lib/python3.11/site-packages/airflow/example_dags/example_datasets.py for tasks to queue
[2026-03-18T17:00:20.719+0100] {logging_mixin.py:190} INFO - [2026-03-18T17:00:20.719+0100] {dagbag.py:588} INFO - Filling up the DagBag from /Users/atanasivanov/ipo-intel/ipo-intel/.venv_airflow/lib/python3.11/site-packages/airflow/example_dags/example_datasets.py
[2026-03-18T17:00:20.761+0100] {processor.py:925} INFO - DAG(s) 'consume_1_or_both_2_and_3_with_dataset_expressions', 'conditional_dataset_and_time_based_timetable', 'dataset_consumes_1_never_scheduled', 'dataset_produces_2', 'dataset_consumes_1_and_2', 'dataset_consumes_1', 'dataset_consumes_unknown_never_scheduled', 'consume_1_and_2_with_dataset_expressions', 'dataset_produces_1', 'consume_1_or_2_with_dataset_expressions' retrieved from /Users/atanasivanov/ipo-intel/ipo-intel/.venv_airflow/lib/python3.11/site-packages/airflow/example_dags/example_datasets.py
[2026-03-18T17:00:20.857+0100] {logging_mixin.py:190} INFO - [2026-03-18T17:00:20.857+0100] {dag.py:3239} INFO - Sync 10 DAGs
[2026-03-18T17:00:20.921+0100] {logging_mixin.py:190} INFO - [2026-03-18T17:00:20.921+0100] {dag.py:4180} INFO - Setting next_dagrun for conditional_dataset_and_time_based_timetable to 2026-03-18 01:00:00+00:00, run_after=2026-03-18 01:00:00+00:00
[2026-03-18T17:00:20.924+0100] {logging_mixin.py:190} INFO - [2026-03-18T17:00:20.924+0100] {dag.py:4180} INFO - Setting next_dagrun for consume_1_and_2_with_dataset_expressions to None, run_after=None
[2026-03-18T17:00:20.925+0100] {logging_mixin.py:190} INFO - [2026-03-18T17:00:20.925+0100] {dag.py:4180} INFO - Setting next_dagrun for consume_1_or_2_with_dataset_expressions to None, run_after=None
[2026-03-18T17:00:20.926+0100] {logging_mixin.py:190} INFO - [2026-03-18T17:00:20.926+0100] {dag.py:4180} INFO - Setting next_dagrun for consume_1_or_both_2_and_3_with_dataset_expressions to None, run_after=None
[2026-03-18T17:00:20.927+0100] {logging_mixin.py:190} INFO - [2026-03-18T17:00:20.927+0100] {dag.py:4180} INFO - Setting next_dagrun for dataset_consumes_1 to None, run_after=None
[2026-03-18T17:00:20.928+0100] {logging_mixin.py:190} INFO - [2026-03-18T17:00:20.928+0100] {dag.py:4180} INFO - Setting next_dagrun for dataset_consumes_1_and_2 to None, run_after=None
[2026-03-18T17:00:20.929+0100] {logging_mixin.py:190} INFO - [2026-03-18T17:00:20.929+0100] {dag.py:4180} INFO - Setting next_dagrun for dataset_consumes_1_never_scheduled to None, run_after=None
[2026-03-18T17:00:20.930+0100] {logging_mixin.py:190} INFO - [2026-03-18T17:00:20.929+0100] {dag.py:4180} INFO - Setting next_dagrun for dataset_consumes_unknown_never_scheduled to None, run_after=None
[2026-03-18T17:00:20.932+0100] {logging_mixin.py:190} INFO - [2026-03-18T17:00:20.932+0100] {dag.py:4180} INFO - Setting next_dagrun for dataset_produces_1 to 2026-03-17 00:00:00+00:00, run_after=2026-03-18 00:00:00+00:00
[2026-03-18T17:00:20.933+0100] {logging_mixin.py:190} INFO - [2026-03-18T17:00:20.932+0100] {dag.py:4180} INFO - Setting next_dagrun for dataset_produces_2 to None, run_after=None
[2026-03-18T17:00:20.956+0100] {processor.py:208} INFO - Processing /Users/atanasivanov/ipo-intel/ipo-intel/.venv_airflow/lib/python3.11/site-packages/airflow/example_dags/example_datasets.py took 0.243 seconds
[2026-03-18T17:04:10.147+0100] {processor.py:186} INFO - Started process (PID=57058) to work on /Users/atanasivanov/ipo-intel/ipo-intel/.venv_airflow/lib/python3.11/site-packages/airflow/example_dags/example_datasets.py
[2026-03-18T17:04:10.148+0100] {processor.py:914} INFO - Processing file /Users/atanasivanov/ipo-intel/ipo-intel/.venv_airflow/lib/python3.11/site-packages/airflow/example_dags/example_datasets.py for tasks to queue
[2026-03-18T17:04:10.149+0100] {logging_mixin.py:190} INFO - [2026-03-18T17:04:10.149+0100] {dagbag.py:588} INFO - Filling up the DagBag from /Users/atanasivanov/ipo-intel/ipo-intel/.venv_airflow/lib/python3.11/site-packages/airflow/example_dags/example_datasets.py
[2026-03-18T17:04:10.186+0100] {processor.py:925} INFO - DAG(s) 'dataset_consumes_1_never_scheduled', 'dataset_consumes_1_and_2', 'dataset_produces_1', 'consume_1_or_2_with_dataset_expressions', 'consume_1_or_both_2_and_3_with_dataset_expressions', 'dataset_consumes_unknown_never_scheduled', 'consume_1_and_2_with_dataset_expressions', 'conditional_dataset_and_time_based_timetable', 'dataset_produces_2', 'dataset_consumes_1' retrieved from /Users/atanasivanov/ipo-intel/ipo-intel/.venv_airflow/lib/python3.11/site-packages/airflow/example_dags/example_datasets.py
[2026-03-18T17:04:10.283+0100] {logging_mixin.py:190} INFO - [2026-03-18T17:04:10.282+0100] {dag.py:3239} INFO - Sync 10 DAGs
[2026-03-18T17:04:10.353+0100] {logging_mixin.py:190} INFO - [2026-03-18T17:04:10.353+0100] {dag.py:4180} INFO - Setting next_dagrun for conditional_dataset_and_time_based_timetable to 2026-03-18 01:00:00+00:00, run_after=2026-03-18 01:00:00+00:00
[2026-03-18T17:04:10.356+0100] {logging_mixin.py:190} INFO - [2026-03-18T17:04:10.356+0100] {dag.py:4180} INFO - Setting next_dagrun for consume_1_and_2_with_dataset_expressions to None, run_after=None
[2026-03-18T17:04:10.357+0100] {logging_mixin.py:190} INFO - [2026-03-18T17:04:10.357+0100] {dag.py:4180} INFO - Setting next_dagrun for consume_1_or_2_with_dataset_expressions to None, run_after=None
[2026-03-18T17:04:10.358+0100] {logging_mixin.py:190} INFO - [2026-03-18T17:04:10.358+0100] {dag.py:4180} INFO - Setting next_dagrun for consume_1_or_both_2_and_3_with_dataset_expressions to None, run_after=None
[2026-03-18T17:04:10.359+0100] {logging_mixin.py:190} INFO - [2026-03-18T17:04:10.359+0100] {dag.py:4180} INFO - Setting next_dagrun for dataset_consumes_1 to None, run_after=None
[2026-03-18T17:04:10.360+0100] {logging_mixin.py:190} INFO - [2026-03-18T17:04:10.360+0100] {dag.py:4180} INFO - Setting next_dagrun for dataset_consumes_1_and_2 to None, run_after=None
[2026-03-18T17:04:10.361+0100] {logging_mixin.py:190} INFO - [2026-03-18T17:04:10.361+0100] {dag.py:4180} INFO - Setting next_dagrun for dataset_consumes_1_never_scheduled to None, run_after=None
[2026-03-18T17:04:10.362+0100] {logging_mixin.py:190} INFO - [2026-03-18T17:04:10.361+0100] {dag.py:4180} INFO - Setting next_dagrun for dataset_consumes_unknown_never_scheduled to None, run_after=None
[2026-03-18T17:04:10.364+0100] {logging_mixin.py:190} INFO - [2026-03-18T17:04:10.364+0100] {dag.py:4180} INFO - Setting next_dagrun for dataset_produces_1 to 2026-03-17 00:00:00+00:00, run_after=2026-03-18 00:00:00+00:00
[2026-03-18T17:04:10.365+0100] {logging_mixin.py:190} INFO - [2026-03-18T17:04:10.365+0100] {dag.py:4180} INFO - Setting next_dagrun for dataset_produces_2 to None, run_after=None
[2026-03-18T17:04:10.392+0100] {processor.py:208} INFO - Processing /Users/atanasivanov/ipo-intel/ipo-intel/.venv_airflow/lib/python3.11/site-packages/airflow/example_dags/example_datasets.py took 0.251 seconds
[2026-03-18T17:08:00.677+0100] {processor.py:186} INFO - Started process (PID=57903) to work on /Users/atanasivanov/ipo-intel/ipo-intel/.venv_airflow/lib/python3.11/site-packages/airflow/example_dags/example_datasets.py
[2026-03-18T17:08:00.678+0100] {processor.py:914} INFO - Processing file /Users/atanasivanov/ipo-intel/ipo-intel/.venv_airflow/lib/python3.11/site-packages/airflow/example_dags/example_datasets.py for tasks to queue
[2026-03-18T17:08:00.679+0100] {logging_mixin.py:190} INFO - [2026-03-18T17:08:00.679+0100] {dagbag.py:588} INFO - Filling up the DagBag from /Users/atanasivanov/ipo-intel/ipo-intel/.venv_airflow/lib/python3.11/site-packages/airflow/example_dags/example_datasets.py
[2026-03-18T17:08:00.719+0100] {processor.py:925} INFO - DAG(s) 'consume_1_and_2_with_dataset_expressions', 'consume_1_or_2_with_dataset_expressions', 'conditional_dataset_and_time_based_timetable', 'dataset_consumes_1_and_2', 'dataset_consumes_unknown_never_scheduled', 'consume_1_or_both_2_and_3_with_dataset_expressions', 'dataset_consumes_1', 'dataset_produces_2', 'dataset_consumes_1_never_scheduled', 'dataset_produces_1' retrieved from /Users/atanasivanov/ipo-intel/ipo-intel/.venv_airflow/lib/python3.11/site-packages/airflow/example_dags/example_datasets.py
[2026-03-18T17:08:00.812+0100] {logging_mixin.py:190} INFO - [2026-03-18T17:08:00.811+0100] {dag.py:3239} INFO - Sync 10 DAGs
[2026-03-18T17:08:00.875+0100] {logging_mixin.py:190} INFO - [2026-03-18T17:08:00.875+0100] {dag.py:4180} INFO - Setting next_dagrun for conditional_dataset_and_time_based_timetable to 2026-03-18 01:00:00+00:00, run_after=2026-03-18 01:00:00+00:00
[2026-03-18T17:08:00.879+0100] {logging_mixin.py:190} INFO - [2026-03-18T17:08:00.878+0100] {dag.py:4180} INFO - Setting next_dagrun for consume_1_and_2_with_dataset_expressions to None, run_after=None
[2026-03-18T17:08:00.880+0100] {logging_mixin.py:190} INFO - [2026-03-18T17:08:00.879+0100] {dag.py:4180} INFO - Setting next_dagrun for consume_1_or_2_with_dataset_expressions to None, run_after=None
[2026-03-18T17:08:00.880+0100] {logging_mixin.py:190} INFO - [2026-03-18T17:08:00.880+0100] {dag.py:4180} INFO - Setting next_dagrun for consume_1_or_both_2_and_3_with_dataset_expressions to None, run_after=None
[2026-03-18T17:08:00.881+0100] {logging_mixin.py:190} INFO - [2026-03-18T17:08:00.881+0100] {dag.py:4180} INFO - Setting next_dagrun for dataset_consumes_1 to None, run_after=None
[2026-03-18T17:08:00.882+0100] {logging_mixin.py:190} INFO - [2026-03-18T17:08:00.882+0100] {dag.py:4180} INFO - Setting next_dagrun for dataset_consumes_1_and_2 to None, run_after=None
[2026-03-18T17:08:00.883+0100] {logging_mixin.py:190} INFO - [2026-03-18T17:08:00.883+0100] {dag.py:4180} INFO - Setting next_dagrun for dataset_consumes_1_never_scheduled to None, run_after=None
[2026-03-18T17:08:00.884+0100] {logging_mixin.py:190} INFO - [2026-03-18T17:08:00.884+0100] {dag.py:4180} INFO - Setting next_dagrun for dataset_consumes_unknown_never_scheduled to None, run_after=None
[2026-03-18T17:08:00.887+0100] {logging_mixin.py:190} INFO - [2026-03-18T17:08:00.886+0100] {dag.py:4180} INFO - Setting next_dagrun for dataset_produces_1 to 2026-03-17 00:00:00+00:00, run_after=2026-03-18 00:00:00+00:00
[2026-03-18T17:08:00.887+0100] {logging_mixin.py:190} INFO - [2026-03-18T17:08:00.887+0100] {dag.py:4180} INFO - Setting next_dagrun for dataset_produces_2 to None, run_after=None
[2026-03-18T17:08:00.913+0100] {processor.py:208} INFO - Processing /Users/atanasivanov/ipo-intel/ipo-intel/.venv_airflow/lib/python3.11/site-packages/airflow/example_dags/example_datasets.py took 0.241 seconds
[2026-03-18T17:12:01.848+0100] {processor.py:186} INFO - Started process (PID=58858) to work on /Users/atanasivanov/ipo-intel/ipo-intel/.venv_airflow/lib/python3.11/site-packages/airflow/example_dags/example_datasets.py
[2026-03-18T17:12:01.849+0100] {processor.py:914} INFO - Processing file /Users/atanasivanov/ipo-intel/ipo-intel/.venv_airflow/lib/python3.11/site-packages/airflow/example_dags/example_datasets.py for tasks to queue
[2026-03-18T17:12:01.850+0100] {logging_mixin.py:190} INFO - [2026-03-18T17:12:01.850+0100] {dagbag.py:588} INFO - Filling up the DagBag from /Users/atanasivanov/ipo-intel/ipo-intel/.venv_airflow/lib/python3.11/site-packages/airflow/example_dags/example_datasets.py
[2026-03-18T17:12:01.891+0100] {processor.py:925} INFO - DAG(s) 'consume_1_or_both_2_and_3_with_dataset_expressions', 'dataset_consumes_unknown_never_scheduled', 'conditional_dataset_and_time_based_timetable', 'dataset_consumes_1', 'dataset_consumes_1_never_scheduled', 'dataset_consumes_1_and_2', 'consume_1_or_2_with_dataset_expressions', 'dataset_produces_2', 'dataset_produces_1', 'consume_1_and_2_with_dataset_expressions' retrieved from /Users/atanasivanov/ipo-intel/ipo-intel/.venv_airflow/lib/python3.11/site-packages/airflow/example_dags/example_datasets.py
[2026-03-18T17:12:01.984+0100] {logging_mixin.py:190} INFO - [2026-03-18T17:12:01.984+0100] {dag.py:3239} INFO - Sync 10 DAGs
[2026-03-18T17:12:02.050+0100] {logging_mixin.py:190} INFO - [2026-03-18T17:12:02.050+0100] {dag.py:4180} INFO - Setting next_dagrun for conditional_dataset_and_time_based_timetable to 2026-03-18 01:00:00+00:00, run_after=2026-03-18 01:00:00+00:00
[2026-03-18T17:12:02.053+0100] {logging_mixin.py:190} INFO - [2026-03-18T17:12:02.053+0100] {dag.py:4180} INFO - Setting next_dagrun for consume_1_and_2_with_dataset_expressions to None, run_after=None
[2026-03-18T17:12:02.054+0100] {logging_mixin.py:190} INFO - [2026-03-18T17:12:02.054+0100] {dag.py:4180} INFO - Setting next_dagrun for consume_1_or_2_with_dataset_expressions to None, run_after=None
[2026-03-18T17:12:02.055+0100] {logging_mixin.py:190} INFO - [2026-03-18T17:12:02.055+0100] {dag.py:4180} INFO - Setting next_dagrun for consume_1_or_both_2_and_3_with_dataset_expressions to None, run_after=None
[2026-03-18T17:12:02.056+0100] {logging_mixin.py:190} INFO - [2026-03-18T17:12:02.056+0100] {dag.py:4180} INFO - Setting next_dagrun for dataset_consumes_1 to None, run_after=None
[2026-03-18T17:12:02.057+0100] {logging_mixin.py:190} INFO - [2026-03-18T17:12:02.057+0100] {dag.py:4180} INFO - Setting next_dagrun for dataset_consumes_1_and_2 to None, run_after=None
[2026-03-18T17:12:02.058+0100] {logging_mixin.py:190} INFO - [2026-03-18T17:12:02.058+0100] {dag.py:4180} INFO - Setting next_dagrun for dataset_consumes_1_never_scheduled to None, run_after=None
[2026-03-18T17:12:02.059+0100] {logging_mixin.py:190} INFO - [2026-03-18T17:12:02.058+0100] {dag.py:4180} INFO - Setting next_dagrun for dataset_consumes_unknown_never_scheduled to None, run_after=None
[2026-03-18T17:12:02.061+0100] {logging_mixin.py:190} INFO - [2026-03-18T17:12:02.061+0100] {dag.py:4180} INFO - Setting next_dagrun for dataset_produces_1 to 2026-03-17 00:00:00+00:00, run_after=2026-03-18 00:00:00+00:00
[2026-03-18T17:12:02.062+0100] {logging_mixin.py:190} INFO - [2026-03-18T17:12:02.062+0100] {dag.py:4180} INFO - Setting next_dagrun for dataset_produces_2 to None, run_after=None
[2026-03-18T17:12:02.087+0100] {processor.py:208} INFO - Processing /Users/atanasivanov/ipo-intel/ipo-intel/.venv_airflow/lib/python3.11/site-packages/airflow/example_dags/example_datasets.py took 0.244 seconds
