[2026-03-18T16:20:37.041+0100] {processor.py:186} INFO - Started process (PID=45393) to work on /Users/atanasivanov/ipo-intel/ipo-intel/.venv_airflow/lib/python3.11/site-packages/airflow/example_dags/example_setup_teardown_taskflow.py
[2026-03-18T16:20:37.042+0100] {processor.py:914} INFO - Processing file /Users/atanasivanov/ipo-intel/ipo-intel/.venv_airflow/lib/python3.11/site-packages/airflow/example_dags/example_setup_teardown_taskflow.py for tasks to queue
[2026-03-18T16:20:37.043+0100] {logging_mixin.py:190} INFO - [2026-03-18T16:20:37.043+0100] {dagbag.py:588} INFO - Filling up the DagBag from /Users/atanasivanov/ipo-intel/ipo-intel/.venv_airflow/lib/python3.11/site-packages/airflow/example_dags/example_setup_teardown_taskflow.py
[2026-03-18T16:20:37.081+0100] {processor.py:925} INFO - DAG(s) 'example_setup_teardown_taskflow' retrieved from /Users/atanasivanov/ipo-intel/ipo-intel/.venv_airflow/lib/python3.11/site-packages/airflow/example_dags/example_setup_teardown_taskflow.py
[2026-03-18T16:20:37.298+0100] {logging_mixin.py:190} INFO - [2026-03-18T16:20:37.297+0100] {override.py:1912} INFO - Created Permission View: can delete on DAG:example_setup_teardown_taskflow
[2026-03-18T16:20:37.306+0100] {logging_mixin.py:190} INFO - [2026-03-18T16:20:37.305+0100] {override.py:1912} INFO - Created Permission View: can edit on DAG:example_setup_teardown_taskflow
[2026-03-18T16:20:37.311+0100] {logging_mixin.py:190} INFO - [2026-03-18T16:20:37.310+0100] {override.py:1912} INFO - Created Permission View: can read on DAG:example_setup_teardown_taskflow
[2026-03-18T16:20:37.318+0100] {logging_mixin.py:190} INFO - [2026-03-18T16:20:37.317+0100] {override.py:1912} INFO - Created Permission View: can delete on DAG Run:example_setup_teardown_taskflow
[2026-03-18T16:20:37.323+0100] {logging_mixin.py:190} INFO - [2026-03-18T16:20:37.323+0100] {override.py:1912} INFO - Created Permission View: menu access on DAG Run:example_setup_teardown_taskflow
[2026-03-18T16:20:37.328+0100] {logging_mixin.py:190} INFO - [2026-03-18T16:20:37.328+0100] {override.py:1912} INFO - Created Permission View: can read on DAG Run:example_setup_teardown_taskflow
[2026-03-18T16:20:37.333+0100] {logging_mixin.py:190} INFO - [2026-03-18T16:20:37.333+0100] {override.py:1912} INFO - Created Permission View: can create on DAG Run:example_setup_teardown_taskflow
[2026-03-18T16:20:37.333+0100] {logging_mixin.py:190} INFO - [2026-03-18T16:20:37.333+0100] {dag.py:3239} INFO - Sync 1 DAGs
[2026-03-18T16:20:37.343+0100] {logging_mixin.py:190} INFO - [2026-03-18T16:20:37.343+0100] {dag.py:3262} INFO - Creating ORM DAG for example_setup_teardown_taskflow
[2026-03-18T16:20:37.344+0100] {logging_mixin.py:190} INFO - [2026-03-18T16:20:37.344+0100] {dag.py:4180} INFO - Setting next_dagrun for example_setup_teardown_taskflow to None, run_after=None
[2026-03-18T16:20:37.358+0100] {processor.py:208} INFO - Processing /Users/atanasivanov/ipo-intel/ipo-intel/.venv_airflow/lib/python3.11/site-packages/airflow/example_dags/example_setup_teardown_taskflow.py took 0.322 seconds
[2026-03-18T16:23:16.553+0100] {processor.py:186} INFO - Started process (PID=46005) to work on /Users/atanasivanov/ipo-intel/ipo-intel/.venv_airflow/lib/python3.11/site-packages/airflow/example_dags/example_setup_teardown_taskflow.py
[2026-03-18T16:23:16.554+0100] {processor.py:914} INFO - Processing file /Users/atanasivanov/ipo-intel/ipo-intel/.venv_airflow/lib/python3.11/site-packages/airflow/example_dags/example_setup_teardown_taskflow.py for tasks to queue
[2026-03-18T16:23:16.555+0100] {logging_mixin.py:190} INFO - [2026-03-18T16:23:16.555+0100] {dagbag.py:588} INFO - Filling up the DagBag from /Users/atanasivanov/ipo-intel/ipo-intel/.venv_airflow/lib/python3.11/site-packages/airflow/example_dags/example_setup_teardown_taskflow.py
[2026-03-18T16:23:16.598+0100] {processor.py:925} INFO - DAG(s) 'example_setup_teardown_taskflow' retrieved from /Users/atanasivanov/ipo-intel/ipo-intel/.venv_airflow/lib/python3.11/site-packages/airflow/example_dags/example_setup_teardown_taskflow.py
[2026-03-18T16:23:16.683+0100] {logging_mixin.py:190} INFO - [2026-03-18T16:23:16.683+0100] {dag.py:3239} INFO - Sync 1 DAGs
[2026-03-18T16:23:16.745+0100] {logging_mixin.py:190} INFO - [2026-03-18T16:23:16.745+0100] {dag.py:4180} INFO - Setting next_dagrun for example_setup_teardown_taskflow to None, run_after=None
[2026-03-18T16:23:16.764+0100] {processor.py:208} INFO - Processing /Users/atanasivanov/ipo-intel/ipo-intel/.venv_airflow/lib/python3.11/site-packages/airflow/example_dags/example_setup_teardown_taskflow.py took 0.217 seconds
[2026-03-18T16:25:19.896+0100] {processor.py:186} INFO - Started process (PID=46464) to work on /Users/atanasivanov/ipo-intel/ipo-intel/.venv_airflow/lib/python3.11/site-packages/airflow/example_dags/example_setup_teardown_taskflow.py
[2026-03-18T16:25:19.897+0100] {processor.py:914} INFO - Processing file /Users/atanasivanov/ipo-intel/ipo-intel/.venv_airflow/lib/python3.11/site-packages/airflow/example_dags/example_setup_teardown_taskflow.py for tasks to queue
[2026-03-18T16:25:19.898+0100] {logging_mixin.py:190} INFO - [2026-03-18T16:25:19.898+0100] {dagbag.py:588} INFO - Filling up the DagBag from /Users/atanasivanov/ipo-intel/ipo-intel/.venv_airflow/lib/python3.11/site-packages/airflow/example_dags/example_setup_teardown_taskflow.py
[2026-03-18T16:25:19.934+0100] {processor.py:925} INFO - DAG(s) 'example_setup_teardown_taskflow' retrieved from /Users/atanasivanov/ipo-intel/ipo-intel/.venv_airflow/lib/python3.11/site-packages/airflow/example_dags/example_setup_teardown_taskflow.py
[2026-03-18T16:25:20.010+0100] {logging_mixin.py:190} INFO - [2026-03-18T16:25:20.010+0100] {dag.py:3239} INFO - Sync 1 DAGs
[2026-03-18T16:25:20.073+0100] {logging_mixin.py:190} INFO - [2026-03-18T16:25:20.073+0100] {dag.py:4180} INFO - Setting next_dagrun for example_setup_teardown_taskflow to None, run_after=None
[2026-03-18T16:25:20.092+0100] {processor.py:208} INFO - Processing /Users/atanasivanov/ipo-intel/ipo-intel/.venv_airflow/lib/python3.11/site-packages/airflow/example_dags/example_setup_teardown_taskflow.py took 0.201 seconds
[2026-03-18T16:27:22.445+0100] {processor.py:186} INFO - Started process (PID=47419) to work on /Users/atanasivanov/ipo-intel/ipo-intel/.venv_airflow/lib/python3.11/site-packages/airflow/example_dags/example_setup_teardown_taskflow.py
[2026-03-18T16:27:22.447+0100] {processor.py:914} INFO - Processing file /Users/atanasivanov/ipo-intel/ipo-intel/.venv_airflow/lib/python3.11/site-packages/airflow/example_dags/example_setup_teardown_taskflow.py for tasks to queue
[2026-03-18T16:27:22.448+0100] {logging_mixin.py:190} INFO - [2026-03-18T16:27:22.448+0100] {dagbag.py:588} INFO - Filling up the DagBag from /Users/atanasivanov/ipo-intel/ipo-intel/.venv_airflow/lib/python3.11/site-packages/airflow/example_dags/example_setup_teardown_taskflow.py
[2026-03-18T16:27:22.489+0100] {processor.py:925} INFO - DAG(s) 'example_setup_teardown_taskflow' retrieved from /Users/atanasivanov/ipo-intel/ipo-intel/.venv_airflow/lib/python3.11/site-packages/airflow/example_dags/example_setup_teardown_taskflow.py
[2026-03-18T16:27:22.580+0100] {logging_mixin.py:190} INFO - [2026-03-18T16:27:22.580+0100] {dag.py:3239} INFO - Sync 1 DAGs
[2026-03-18T16:27:22.642+0100] {logging_mixin.py:190} INFO - [2026-03-18T16:27:22.642+0100] {dag.py:4180} INFO - Setting next_dagrun for example_setup_teardown_taskflow to None, run_after=None
[2026-03-18T16:27:22.660+0100] {processor.py:208} INFO - Processing /Users/atanasivanov/ipo-intel/ipo-intel/.venv_airflow/lib/python3.11/site-packages/airflow/example_dags/example_setup_teardown_taskflow.py took 0.220 seconds
[2026-03-18T16:29:27.636+0100] {processor.py:186} INFO - Started process (PID=48056) to work on /Users/atanasivanov/ipo-intel/ipo-intel/.venv_airflow/lib/python3.11/site-packages/airflow/example_dags/example_setup_teardown_taskflow.py
[2026-03-18T16:29:27.637+0100] {processor.py:914} INFO - Processing file /Users/atanasivanov/ipo-intel/ipo-intel/.venv_airflow/lib/python3.11/site-packages/airflow/example_dags/example_setup_teardown_taskflow.py for tasks to queue
[2026-03-18T16:29:27.638+0100] {logging_mixin.py:190} INFO - [2026-03-18T16:29:27.638+0100] {dagbag.py:588} INFO - Filling up the DagBag from /Users/atanasivanov/ipo-intel/ipo-intel/.venv_airflow/lib/python3.11/site-packages/airflow/example_dags/example_setup_teardown_taskflow.py
[2026-03-18T16:29:27.672+0100] {processor.py:925} INFO - DAG(s) 'example_setup_teardown_taskflow' retrieved from /Users/atanasivanov/ipo-intel/ipo-intel/.venv_airflow/lib/python3.11/site-packages/airflow/example_dags/example_setup_teardown_taskflow.py
[2026-03-18T16:29:27.750+0100] {logging_mixin.py:190} INFO - [2026-03-18T16:29:27.750+0100] {dag.py:3239} INFO - Sync 1 DAGs
[2026-03-18T16:29:27.806+0100] {logging_mixin.py:190} INFO - [2026-03-18T16:29:27.805+0100] {dag.py:4180} INFO - Setting next_dagrun for example_setup_teardown_taskflow to None, run_after=None
[2026-03-18T16:29:27.821+0100] {processor.py:208} INFO - Processing /Users/atanasivanov/ipo-intel/ipo-intel/.venv_airflow/lib/python3.11/site-packages/airflow/example_dags/example_setup_teardown_taskflow.py took 0.190 seconds
[2026-03-18T16:31:20.422+0100] {processor.py:186} INFO - Started process (PID=48469) to work on /Users/atanasivanov/ipo-intel/ipo-intel/.venv_airflow/lib/python3.11/site-packages/airflow/example_dags/example_setup_teardown_taskflow.py
[2026-03-18T16:31:20.423+0100] {processor.py:914} INFO - Processing file /Users/atanasivanov/ipo-intel/ipo-intel/.venv_airflow/lib/python3.11/site-packages/airflow/example_dags/example_setup_teardown_taskflow.py for tasks to queue
[2026-03-18T16:31:20.424+0100] {logging_mixin.py:190} INFO - [2026-03-18T16:31:20.424+0100] {dagbag.py:588} INFO - Filling up the DagBag from /Users/atanasivanov/ipo-intel/ipo-intel/.venv_airflow/lib/python3.11/site-packages/airflow/example_dags/example_setup_teardown_taskflow.py
[2026-03-18T16:31:20.462+0100] {processor.py:925} INFO - DAG(s) 'example_setup_teardown_taskflow' retrieved from /Users/atanasivanov/ipo-intel/ipo-intel/.venv_airflow/lib/python3.11/site-packages/airflow/example_dags/example_setup_teardown_taskflow.py
[2026-03-18T16:31:20.540+0100] {logging_mixin.py:190} INFO - [2026-03-18T16:31:20.539+0100] {dag.py:3239} INFO - Sync 1 DAGs
[2026-03-18T16:31:20.597+0100] {logging_mixin.py:190} INFO - [2026-03-18T16:31:20.597+0100] {dag.py:4180} INFO - Setting next_dagrun for example_setup_teardown_taskflow to None, run_after=None
[2026-03-18T16:31:20.614+0100] {processor.py:208} INFO - Processing /Users/atanasivanov/ipo-intel/ipo-intel/.venv_airflow/lib/python3.11/site-packages/airflow/example_dags/example_setup_teardown_taskflow.py took 0.197 seconds
[2026-03-18T16:33:13.507+0100] {processor.py:186} INFO - Started process (PID=48881) to work on /Users/atanasivanov/ipo-intel/ipo-intel/.venv_airflow/lib/python3.11/site-packages/airflow/example_dags/example_setup_teardown_taskflow.py
[2026-03-18T16:33:13.508+0100] {processor.py:914} INFO - Processing file /Users/atanasivanov/ipo-intel/ipo-intel/.venv_airflow/lib/python3.11/site-packages/airflow/example_dags/example_setup_teardown_taskflow.py for tasks to queue
[2026-03-18T16:33:13.509+0100] {logging_mixin.py:190} INFO - [2026-03-18T16:33:13.509+0100] {dagbag.py:588} INFO - Filling up the DagBag from /Users/atanasivanov/ipo-intel/ipo-intel/.venv_airflow/lib/python3.11/site-packages/airflow/example_dags/example_setup_teardown_taskflow.py
[2026-03-18T16:33:13.545+0100] {processor.py:925} INFO - DAG(s) 'example_setup_teardown_taskflow' retrieved from /Users/atanasivanov/ipo-intel/ipo-intel/.venv_airflow/lib/python3.11/site-packages/airflow/example_dags/example_setup_teardown_taskflow.py
[2026-03-18T16:33:13.622+0100] {logging_mixin.py:190} INFO - [2026-03-18T16:33:13.622+0100] {dag.py:3239} INFO - Sync 1 DAGs
[2026-03-18T16:33:13.681+0100] {logging_mixin.py:190} INFO - [2026-03-18T16:33:13.681+0100] {dag.py:4180} INFO - Setting next_dagrun for example_setup_teardown_taskflow to None, run_after=None
[2026-03-18T16:33:13.701+0100] {processor.py:208} INFO - Processing /Users/atanasivanov/ipo-intel/ipo-intel/.venv_airflow/lib/python3.11/site-packages/airflow/example_dags/example_setup_teardown_taskflow.py took 0.199 seconds
[2026-03-18T16:35:09.804+0100] {processor.py:186} INFO - Started process (PID=49307) to work on /Users/atanasivanov/ipo-intel/ipo-intel/.venv_airflow/lib/python3.11/site-packages/airflow/example_dags/example_setup_teardown_taskflow.py
[2026-03-18T16:35:09.805+0100] {processor.py:914} INFO - Processing file /Users/atanasivanov/ipo-intel/ipo-intel/.venv_airflow/lib/python3.11/site-packages/airflow/example_dags/example_setup_teardown_taskflow.py for tasks to queue
[2026-03-18T16:35:09.806+0100] {logging_mixin.py:190} INFO - [2026-03-18T16:35:09.806+0100] {dagbag.py:588} INFO - Filling up the DagBag from /Users/atanasivanov/ipo-intel/ipo-intel/.venv_airflow/lib/python3.11/site-packages/airflow/example_dags/example_setup_teardown_taskflow.py
[2026-03-18T16:35:09.842+0100] {processor.py:925} INFO - DAG(s) 'example_setup_teardown_taskflow' retrieved from /Users/atanasivanov/ipo-intel/ipo-intel/.venv_airflow/lib/python3.11/site-packages/airflow/example_dags/example_setup_teardown_taskflow.py
[2026-03-18T16:35:09.920+0100] {logging_mixin.py:190} INFO - [2026-03-18T16:35:09.920+0100] {dag.py:3239} INFO - Sync 1 DAGs
[2026-03-18T16:35:09.978+0100] {logging_mixin.py:190} INFO - [2026-03-18T16:35:09.978+0100] {dag.py:4180} INFO - Setting next_dagrun for example_setup_teardown_taskflow to None, run_after=None
[2026-03-18T16:35:09.996+0100] {processor.py:208} INFO - Processing /Users/atanasivanov/ipo-intel/ipo-intel/.venv_airflow/lib/python3.11/site-packages/airflow/example_dags/example_setup_teardown_taskflow.py took 0.197 seconds
[2026-03-18T16:37:01.780+0100] {processor.py:186} INFO - Started process (PID=49715) to work on /Users/atanasivanov/ipo-intel/ipo-intel/.venv_airflow/lib/python3.11/site-packages/airflow/example_dags/example_setup_teardown_taskflow.py
[2026-03-18T16:37:01.781+0100] {processor.py:914} INFO - Processing file /Users/atanasivanov/ipo-intel/ipo-intel/.venv_airflow/lib/python3.11/site-packages/airflow/example_dags/example_setup_teardown_taskflow.py for tasks to queue
[2026-03-18T16:37:01.782+0100] {logging_mixin.py:190} INFO - [2026-03-18T16:37:01.781+0100] {dagbag.py:588} INFO - Filling up the DagBag from /Users/atanasivanov/ipo-intel/ipo-intel/.venv_airflow/lib/python3.11/site-packages/airflow/example_dags/example_setup_teardown_taskflow.py
[2026-03-18T16:37:01.817+0100] {processor.py:925} INFO - DAG(s) 'example_setup_teardown_taskflow' retrieved from /Users/atanasivanov/ipo-intel/ipo-intel/.venv_airflow/lib/python3.11/site-packages/airflow/example_dags/example_setup_teardown_taskflow.py
[2026-03-18T16:37:01.893+0100] {logging_mixin.py:190} INFO - [2026-03-18T16:37:01.893+0100] {dag.py:3239} INFO - Sync 1 DAGs
[2026-03-18T16:37:01.950+0100] {logging_mixin.py:190} INFO - [2026-03-18T16:37:01.949+0100] {dag.py:4180} INFO - Setting next_dagrun for example_setup_teardown_taskflow to None, run_after=None
[2026-03-18T16:37:01.967+0100] {processor.py:208} INFO - Processing /Users/atanasivanov/ipo-intel/ipo-intel/.venv_airflow/lib/python3.11/site-packages/airflow/example_dags/example_setup_teardown_taskflow.py took 0.191 seconds
[2026-03-18T16:38:53.554+0100] {processor.py:186} INFO - Started process (PID=50122) to work on /Users/atanasivanov/ipo-intel/ipo-intel/.venv_airflow/lib/python3.11/site-packages/airflow/example_dags/example_setup_teardown_taskflow.py
[2026-03-18T16:38:53.555+0100] {processor.py:914} INFO - Processing file /Users/atanasivanov/ipo-intel/ipo-intel/.venv_airflow/lib/python3.11/site-packages/airflow/example_dags/example_setup_teardown_taskflow.py for tasks to queue
[2026-03-18T16:38:53.556+0100] {logging_mixin.py:190} INFO - [2026-03-18T16:38:53.556+0100] {dagbag.py:588} INFO - Filling up the DagBag from /Users/atanasivanov/ipo-intel/ipo-intel/.venv_airflow/lib/python3.11/site-packages/airflow/example_dags/example_setup_teardown_taskflow.py
[2026-03-18T16:38:53.591+0100] {processor.py:925} INFO - DAG(s) 'example_setup_teardown_taskflow' retrieved from /Users/atanasivanov/ipo-intel/ipo-intel/.venv_airflow/lib/python3.11/site-packages/airflow/example_dags/example_setup_teardown_taskflow.py
[2026-03-18T16:38:53.667+0100] {logging_mixin.py:190} INFO - [2026-03-18T16:38:53.667+0100] {dag.py:3239} INFO - Sync 1 DAGs
[2026-03-18T16:38:53.725+0100] {logging_mixin.py:190} INFO - [2026-03-18T16:38:53.724+0100] {dag.py:4180} INFO - Setting next_dagrun for example_setup_teardown_taskflow to None, run_after=None
[2026-03-18T16:38:53.742+0100] {processor.py:208} INFO - Processing /Users/atanasivanov/ipo-intel/ipo-intel/.venv_airflow/lib/python3.11/site-packages/airflow/example_dags/example_setup_teardown_taskflow.py took 0.193 seconds
[2026-03-18T16:40:58.986+0100] {processor.py:186} INFO - Started process (PID=51566) to work on /Users/atanasivanov/ipo-intel/ipo-intel/.venv_airflow/lib/python3.11/site-packages/airflow/example_dags/example_setup_teardown_taskflow.py
[2026-03-18T16:40:58.988+0100] {processor.py:914} INFO - Processing file /Users/atanasivanov/ipo-intel/ipo-intel/.venv_airflow/lib/python3.11/site-packages/airflow/example_dags/example_setup_teardown_taskflow.py for tasks to queue
[2026-03-18T16:40:58.989+0100] {logging_mixin.py:190} INFO - [2026-03-18T16:40:58.989+0100] {dagbag.py:588} INFO - Filling up the DagBag from /Users/atanasivanov/ipo-intel/ipo-intel/.venv_airflow/lib/python3.11/site-packages/airflow/example_dags/example_setup_teardown_taskflow.py
[2026-03-18T16:40:59.024+0100] {processor.py:925} INFO - DAG(s) 'example_setup_teardown_taskflow' retrieved from /Users/atanasivanov/ipo-intel/ipo-intel/.venv_airflow/lib/python3.11/site-packages/airflow/example_dags/example_setup_teardown_taskflow.py
[2026-03-18T16:40:59.101+0100] {logging_mixin.py:190} INFO - [2026-03-18T16:40:59.101+0100] {dag.py:3239} INFO - Sync 1 DAGs
[2026-03-18T16:40:59.158+0100] {logging_mixin.py:190} INFO - [2026-03-18T16:40:59.158+0100] {dag.py:4180} INFO - Setting next_dagrun for example_setup_teardown_taskflow to None, run_after=None
[2026-03-18T16:40:59.175+0100] {processor.py:208} INFO - Processing /Users/atanasivanov/ipo-intel/ipo-intel/.venv_airflow/lib/python3.11/site-packages/airflow/example_dags/example_setup_teardown_taskflow.py took 0.194 seconds
[2026-03-18T16:43:02.388+0100] {processor.py:186} INFO - Started process (PID=52143) to work on /Users/atanasivanov/ipo-intel/ipo-intel/.venv_airflow/lib/python3.11/site-packages/airflow/example_dags/example_setup_teardown_taskflow.py
[2026-03-18T16:43:02.389+0100] {processor.py:914} INFO - Processing file /Users/atanasivanov/ipo-intel/ipo-intel/.venv_airflow/lib/python3.11/site-packages/airflow/example_dags/example_setup_teardown_taskflow.py for tasks to queue
[2026-03-18T16:43:02.390+0100] {logging_mixin.py:190} INFO - [2026-03-18T16:43:02.389+0100] {dagbag.py:588} INFO - Filling up the DagBag from /Users/atanasivanov/ipo-intel/ipo-intel/.venv_airflow/lib/python3.11/site-packages/airflow/example_dags/example_setup_teardown_taskflow.py
[2026-03-18T16:43:02.429+0100] {processor.py:925} INFO - DAG(s) 'example_setup_teardown_taskflow' retrieved from /Users/atanasivanov/ipo-intel/ipo-intel/.venv_airflow/lib/python3.11/site-packages/airflow/example_dags/example_setup_teardown_taskflow.py
[2026-03-18T16:43:02.510+0100] {logging_mixin.py:190} INFO - [2026-03-18T16:43:02.509+0100] {dag.py:3239} INFO - Sync 1 DAGs
[2026-03-18T16:43:02.571+0100] {logging_mixin.py:190} INFO - [2026-03-18T16:43:02.571+0100] {dag.py:4180} INFO - Setting next_dagrun for example_setup_teardown_taskflow to None, run_after=None
[2026-03-18T16:43:02.588+0100] {processor.py:208} INFO - Processing /Users/atanasivanov/ipo-intel/ipo-intel/.venv_airflow/lib/python3.11/site-packages/airflow/example_dags/example_setup_teardown_taskflow.py took 0.206 seconds
[2026-03-18T16:48:39.214+0100] {processor.py:186} INFO - Started process (PID=53354) to work on /Users/atanasivanov/ipo-intel/ipo-intel/.venv_airflow/lib/python3.11/site-packages/airflow/example_dags/example_setup_teardown_taskflow.py
[2026-03-18T16:48:39.215+0100] {processor.py:914} INFO - Processing file /Users/atanasivanov/ipo-intel/ipo-intel/.venv_airflow/lib/python3.11/site-packages/airflow/example_dags/example_setup_teardown_taskflow.py for tasks to queue
[2026-03-18T16:48:39.216+0100] {logging_mixin.py:190} INFO - [2026-03-18T16:48:39.216+0100] {dagbag.py:588} INFO - Filling up the DagBag from /Users/atanasivanov/ipo-intel/ipo-intel/.venv_airflow/lib/python3.11/site-packages/airflow/example_dags/example_setup_teardown_taskflow.py
[2026-03-18T16:48:39.251+0100] {processor.py:925} INFO - DAG(s) 'example_setup_teardown_taskflow' retrieved from /Users/atanasivanov/ipo-intel/ipo-intel/.venv_airflow/lib/python3.11/site-packages/airflow/example_dags/example_setup_teardown_taskflow.py
[2026-03-18T16:48:39.328+0100] {logging_mixin.py:190} INFO - [2026-03-18T16:48:39.327+0100] {dag.py:3239} INFO - Sync 1 DAGs
[2026-03-18T16:48:39.388+0100] {logging_mixin.py:190} INFO - [2026-03-18T16:48:39.387+0100] {dag.py:4180} INFO - Setting next_dagrun for example_setup_teardown_taskflow to None, run_after=None
[2026-03-18T16:48:39.405+0100] {processor.py:208} INFO - Processing /Users/atanasivanov/ipo-intel/ipo-intel/.venv_airflow/lib/python3.11/site-packages/airflow/example_dags/example_setup_teardown_taskflow.py took 0.197 seconds
[2026-03-18T16:51:07.608+0100] {processor.py:186} INFO - Started process (PID=53896) to work on /Users/atanasivanov/ipo-intel/ipo-intel/.venv_airflow/lib/python3.11/site-packages/airflow/example_dags/example_setup_teardown_taskflow.py
[2026-03-18T16:51:07.609+0100] {processor.py:914} INFO - Processing file /Users/atanasivanov/ipo-intel/ipo-intel/.venv_airflow/lib/python3.11/site-packages/airflow/example_dags/example_setup_teardown_taskflow.py for tasks to queue
[2026-03-18T16:51:07.610+0100] {logging_mixin.py:190} INFO - [2026-03-18T16:51:07.610+0100] {dagbag.py:588} INFO - Filling up the DagBag from /Users/atanasivanov/ipo-intel/ipo-intel/.venv_airflow/lib/python3.11/site-packages/airflow/example_dags/example_setup_teardown_taskflow.py
[2026-03-18T16:51:07.642+0100] {processor.py:925} INFO - DAG(s) 'example_setup_teardown_taskflow' retrieved from /Users/atanasivanov/ipo-intel/ipo-intel/.venv_airflow/lib/python3.11/site-packages/airflow/example_dags/example_setup_teardown_taskflow.py
[2026-03-18T16:51:07.719+0100] {logging_mixin.py:190} INFO - [2026-03-18T16:51:07.718+0100] {dag.py:3239} INFO - Sync 1 DAGs
[2026-03-18T16:51:07.774+0100] {logging_mixin.py:190} INFO - [2026-03-18T16:51:07.773+0100] {dag.py:4180} INFO - Setting next_dagrun for example_setup_teardown_taskflow to None, run_after=None
[2026-03-18T16:51:07.790+0100] {processor.py:208} INFO - Processing /Users/atanasivanov/ipo-intel/ipo-intel/.venv_airflow/lib/python3.11/site-packages/airflow/example_dags/example_setup_teardown_taskflow.py took 0.187 seconds
[2026-03-18T16:53:10.486+0100] {processor.py:186} INFO - Started process (PID=54334) to work on /Users/atanasivanov/ipo-intel/ipo-intel/.venv_airflow/lib/python3.11/site-packages/airflow/example_dags/example_setup_teardown_taskflow.py
[2026-03-18T16:53:10.487+0100] {processor.py:914} INFO - Processing file /Users/atanasivanov/ipo-intel/ipo-intel/.venv_airflow/lib/python3.11/site-packages/airflow/example_dags/example_setup_teardown_taskflow.py for tasks to queue
[2026-03-18T16:53:10.488+0100] {logging_mixin.py:190} INFO - [2026-03-18T16:53:10.487+0100] {dagbag.py:588} INFO - Filling up the DagBag from /Users/atanasivanov/ipo-intel/ipo-intel/.venv_airflow/lib/python3.11/site-packages/airflow/example_dags/example_setup_teardown_taskflow.py
[2026-03-18T16:53:10.521+0100] {processor.py:925} INFO - DAG(s) 'example_setup_teardown_taskflow' retrieved from /Users/atanasivanov/ipo-intel/ipo-intel/.venv_airflow/lib/python3.11/site-packages/airflow/example_dags/example_setup_teardown_taskflow.py
[2026-03-18T16:53:10.600+0100] {logging_mixin.py:190} INFO - [2026-03-18T16:53:10.599+0100] {dag.py:3239} INFO - Sync 1 DAGs
[2026-03-18T16:53:10.655+0100] {logging_mixin.py:190} INFO - [2026-03-18T16:53:10.655+0100] {dag.py:4180} INFO - Setting next_dagrun for example_setup_teardown_taskflow to None, run_after=None
[2026-03-18T16:53:10.671+0100] {processor.py:208} INFO - Processing /Users/atanasivanov/ipo-intel/ipo-intel/.venv_airflow/lib/python3.11/site-packages/airflow/example_dags/example_setup_teardown_taskflow.py took 0.191 seconds
[2026-03-18T16:55:17.938+0100] {processor.py:186} INFO - Started process (PID=55106) to work on /Users/atanasivanov/ipo-intel/ipo-intel/.venv_airflow/lib/python3.11/site-packages/airflow/example_dags/example_setup_teardown_taskflow.py
[2026-03-18T16:55:17.939+0100] {processor.py:914} INFO - Processing file /Users/atanasivanov/ipo-intel/ipo-intel/.venv_airflow/lib/python3.11/site-packages/airflow/example_dags/example_setup_teardown_taskflow.py for tasks to queue
[2026-03-18T16:55:17.940+0100] {logging_mixin.py:190} INFO - [2026-03-18T16:55:17.940+0100] {dagbag.py:588} INFO - Filling up the DagBag from /Users/atanasivanov/ipo-intel/ipo-intel/.venv_airflow/lib/python3.11/site-packages/airflow/example_dags/example_setup_teardown_taskflow.py
[2026-03-18T16:55:17.973+0100] {processor.py:925} INFO - DAG(s) 'example_setup_teardown_taskflow' retrieved from /Users/atanasivanov/ipo-intel/ipo-intel/.venv_airflow/lib/python3.11/site-packages/airflow/example_dags/example_setup_teardown_taskflow.py
[2026-03-18T16:55:18.053+0100] {logging_mixin.py:190} INFO - [2026-03-18T16:55:18.053+0100] {dag.py:3239} INFO - Sync 1 DAGs
[2026-03-18T16:55:18.111+0100] {logging_mixin.py:190} INFO - [2026-03-18T16:55:18.111+0100] {dag.py:4180} INFO - Setting next_dagrun for example_setup_teardown_taskflow to None, run_after=None
[2026-03-18T16:55:18.128+0100] {processor.py:208} INFO - Processing /Users/atanasivanov/ipo-intel/ipo-intel/.venv_airflow/lib/python3.11/site-packages/airflow/example_dags/example_setup_teardown_taskflow.py took 0.195 seconds
[2026-03-18T16:57:20.146+0100] {processor.py:186} INFO - Started process (PID=55575) to work on /Users/atanasivanov/ipo-intel/ipo-intel/.venv_airflow/lib/python3.11/site-packages/airflow/example_dags/example_setup_teardown_taskflow.py
[2026-03-18T16:57:20.147+0100] {processor.py:914} INFO - Processing file /Users/atanasivanov/ipo-intel/ipo-intel/.venv_airflow/lib/python3.11/site-packages/airflow/example_dags/example_setup_teardown_taskflow.py for tasks to queue
[2026-03-18T16:57:20.148+0100] {logging_mixin.py:190} INFO - [2026-03-18T16:57:20.148+0100] {dagbag.py:588} INFO - Filling up the DagBag from /Users/atanasivanov/ipo-intel/ipo-intel/.venv_airflow/lib/python3.11/site-packages/airflow/example_dags/example_setup_teardown_taskflow.py
[2026-03-18T16:57:20.181+0100] {processor.py:925} INFO - DAG(s) 'example_setup_teardown_taskflow' retrieved from /Users/atanasivanov/ipo-intel/ipo-intel/.venv_airflow/lib/python3.11/site-packages/airflow/example_dags/example_setup_teardown_taskflow.py
[2026-03-18T16:57:20.320+0100] {logging_mixin.py:190} INFO - [2026-03-18T16:57:20.320+0100] {dag.py:3239} INFO - Sync 1 DAGs
[2026-03-18T16:57:20.382+0100] {logging_mixin.py:190} INFO - [2026-03-18T16:57:20.381+0100] {dag.py:4180} INFO - Setting next_dagrun for example_setup_teardown_taskflow to None, run_after=None
[2026-03-18T16:57:20.399+0100] {processor.py:208} INFO - Processing /Users/atanasivanov/ipo-intel/ipo-intel/.venv_airflow/lib/python3.11/site-packages/airflow/example_dags/example_setup_teardown_taskflow.py took 0.257 seconds
[2026-03-18T16:59:26.263+0100] {processor.py:186} INFO - Started process (PID=56026) to work on /Users/atanasivanov/ipo-intel/ipo-intel/.venv_airflow/lib/python3.11/site-packages/airflow/example_dags/example_setup_teardown_taskflow.py
[2026-03-18T16:59:26.263+0100] {processor.py:914} INFO - Processing file /Users/atanasivanov/ipo-intel/ipo-intel/.venv_airflow/lib/python3.11/site-packages/airflow/example_dags/example_setup_teardown_taskflow.py for tasks to queue
[2026-03-18T16:59:26.265+0100] {logging_mixin.py:190} INFO - [2026-03-18T16:59:26.264+0100] {dagbag.py:588} INFO - Filling up the DagBag from /Users/atanasivanov/ipo-intel/ipo-intel/.venv_airflow/lib/python3.11/site-packages/airflow/example_dags/example_setup_teardown_taskflow.py
[2026-03-18T16:59:26.299+0100] {processor.py:925} INFO - DAG(s) 'example_setup_teardown_taskflow' retrieved from /Users/atanasivanov/ipo-intel/ipo-intel/.venv_airflow/lib/python3.11/site-packages/airflow/example_dags/example_setup_teardown_taskflow.py
[2026-03-18T16:59:26.379+0100] {logging_mixin.py:190} INFO - [2026-03-18T16:59:26.379+0100] {dag.py:3239} INFO - Sync 1 DAGs
[2026-03-18T16:59:26.439+0100] {logging_mixin.py:190} INFO - [2026-03-18T16:59:26.438+0100] {dag.py:4180} INFO - Setting next_dagrun for example_setup_teardown_taskflow to None, run_after=None
[2026-03-18T16:59:26.457+0100] {processor.py:208} INFO - Processing /Users/atanasivanov/ipo-intel/ipo-intel/.venv_airflow/lib/python3.11/site-packages/airflow/example_dags/example_setup_teardown_taskflow.py took 0.199 seconds
[2026-03-18T17:01:25.803+0100] {processor.py:186} INFO - Started process (PID=56460) to work on /Users/atanasivanov/ipo-intel/ipo-intel/.venv_airflow/lib/python3.11/site-packages/airflow/example_dags/example_setup_teardown_taskflow.py
[2026-03-18T17:01:25.805+0100] {processor.py:914} INFO - Processing file /Users/atanasivanov/ipo-intel/ipo-intel/.venv_airflow/lib/python3.11/site-packages/airflow/example_dags/example_setup_teardown_taskflow.py for tasks to queue
[2026-03-18T17:01:25.805+0100] {logging_mixin.py:190} INFO - [2026-03-18T17:01:25.805+0100] {dagbag.py:588} INFO - Filling up the DagBag from /Users/atanasivanov/ipo-intel/ipo-intel/.venv_airflow/lib/python3.11/site-packages/airflow/example_dags/example_setup_teardown_taskflow.py
[2026-03-18T17:01:25.837+0100] {processor.py:925} INFO - DAG(s) 'example_setup_teardown_taskflow' retrieved from /Users/atanasivanov/ipo-intel/ipo-intel/.venv_airflow/lib/python3.11/site-packages/airflow/example_dags/example_setup_teardown_taskflow.py
[2026-03-18T17:01:25.915+0100] {logging_mixin.py:190} INFO - [2026-03-18T17:01:25.915+0100] {dag.py:3239} INFO - Sync 1 DAGs
[2026-03-18T17:01:25.970+0100] {logging_mixin.py:190} INFO - [2026-03-18T17:01:25.970+0100] {dag.py:4180} INFO - Setting next_dagrun for example_setup_teardown_taskflow to None, run_after=None
[2026-03-18T17:01:25.986+0100] {processor.py:208} INFO - Processing /Users/atanasivanov/ipo-intel/ipo-intel/.venv_airflow/lib/python3.11/site-packages/airflow/example_dags/example_setup_teardown_taskflow.py took 0.188 seconds
[2026-03-18T17:03:22.184+0100] {processor.py:186} INFO - Started process (PID=56883) to work on /Users/atanasivanov/ipo-intel/ipo-intel/.venv_airflow/lib/python3.11/site-packages/airflow/example_dags/example_setup_teardown_taskflow.py
[2026-03-18T17:03:22.185+0100] {processor.py:914} INFO - Processing file /Users/atanasivanov/ipo-intel/ipo-intel/.venv_airflow/lib/python3.11/site-packages/airflow/example_dags/example_setup_teardown_taskflow.py for tasks to queue
[2026-03-18T17:03:22.186+0100] {logging_mixin.py:190} INFO - [2026-03-18T17:03:22.185+0100] {dagbag.py:588} INFO - Filling up the DagBag from /Users/atanasivanov/ipo-intel/ipo-intel/.venv_airflow/lib/python3.11/site-packages/airflow/example_dags/example_setup_teardown_taskflow.py
[2026-03-18T17:03:22.227+0100] {processor.py:925} INFO - DAG(s) 'example_setup_teardown_taskflow' retrieved from /Users/atanasivanov/ipo-intel/ipo-intel/.venv_airflow/lib/python3.11/site-packages/airflow/example_dags/example_setup_teardown_taskflow.py
[2026-03-18T17:03:22.314+0100] {logging_mixin.py:190} INFO - [2026-03-18T17:03:22.314+0100] {dag.py:3239} INFO - Sync 1 DAGs
[2026-03-18T17:03:22.372+0100] {logging_mixin.py:190} INFO - [2026-03-18T17:03:22.372+0100] {dag.py:4180} INFO - Setting next_dagrun for example_setup_teardown_taskflow to None, run_after=None
[2026-03-18T17:03:22.388+0100] {processor.py:208} INFO - Processing /Users/atanasivanov/ipo-intel/ipo-intel/.venv_airflow/lib/python3.11/site-packages/airflow/example_dags/example_setup_teardown_taskflow.py took 0.209 seconds
[2026-03-18T17:05:17.889+0100] {processor.py:186} INFO - Started process (PID=57311) to work on /Users/atanasivanov/ipo-intel/ipo-intel/.venv_airflow/lib/python3.11/site-packages/airflow/example_dags/example_setup_teardown_taskflow.py
[2026-03-18T17:05:17.889+0100] {processor.py:914} INFO - Processing file /Users/atanasivanov/ipo-intel/ipo-intel/.venv_airflow/lib/python3.11/site-packages/airflow/example_dags/example_setup_teardown_taskflow.py for tasks to queue
[2026-03-18T17:05:17.890+0100] {logging_mixin.py:190} INFO - [2026-03-18T17:05:17.890+0100] {dagbag.py:588} INFO - Filling up the DagBag from /Users/atanasivanov/ipo-intel/ipo-intel/.venv_airflow/lib/python3.11/site-packages/airflow/example_dags/example_setup_teardown_taskflow.py
[2026-03-18T17:05:17.926+0100] {processor.py:925} INFO - DAG(s) 'example_setup_teardown_taskflow' retrieved from /Users/atanasivanov/ipo-intel/ipo-intel/.venv_airflow/lib/python3.11/site-packages/airflow/example_dags/example_setup_teardown_taskflow.py
[2026-03-18T17:05:18.004+0100] {logging_mixin.py:190} INFO - [2026-03-18T17:05:18.003+0100] {dag.py:3239} INFO - Sync 1 DAGs
[2026-03-18T17:05:18.061+0100] {logging_mixin.py:190} INFO - [2026-03-18T17:05:18.061+0100] {dag.py:4180} INFO - Setting next_dagrun for example_setup_teardown_taskflow to None, run_after=None
[2026-03-18T17:05:18.077+0100] {processor.py:208} INFO - Processing /Users/atanasivanov/ipo-intel/ipo-intel/.venv_airflow/lib/python3.11/site-packages/airflow/example_dags/example_setup_teardown_taskflow.py took 0.194 seconds
[2026-03-18T17:07:13.687+0100] {processor.py:186} INFO - Started process (PID=57734) to work on /Users/atanasivanov/ipo-intel/ipo-intel/.venv_airflow/lib/python3.11/site-packages/airflow/example_dags/example_setup_teardown_taskflow.py
[2026-03-18T17:07:13.688+0100] {processor.py:914} INFO - Processing file /Users/atanasivanov/ipo-intel/ipo-intel/.venv_airflow/lib/python3.11/site-packages/airflow/example_dags/example_setup_teardown_taskflow.py for tasks to queue
[2026-03-18T17:07:13.689+0100] {logging_mixin.py:190} INFO - [2026-03-18T17:07:13.689+0100] {dagbag.py:588} INFO - Filling up the DagBag from /Users/atanasivanov/ipo-intel/ipo-intel/.venv_airflow/lib/python3.11/site-packages/airflow/example_dags/example_setup_teardown_taskflow.py
[2026-03-18T17:07:13.724+0100] {processor.py:925} INFO - DAG(s) 'example_setup_teardown_taskflow' retrieved from /Users/atanasivanov/ipo-intel/ipo-intel/.venv_airflow/lib/python3.11/site-packages/airflow/example_dags/example_setup_teardown_taskflow.py
[2026-03-18T17:07:13.800+0100] {logging_mixin.py:190} INFO - [2026-03-18T17:07:13.800+0100] {dag.py:3239} INFO - Sync 1 DAGs
[2026-03-18T17:07:13.857+0100] {logging_mixin.py:190} INFO - [2026-03-18T17:07:13.857+0100] {dag.py:4180} INFO - Setting next_dagrun for example_setup_teardown_taskflow to None, run_after=None
[2026-03-18T17:07:13.874+0100] {processor.py:208} INFO - Processing /Users/atanasivanov/ipo-intel/ipo-intel/.venv_airflow/lib/python3.11/site-packages/airflow/example_dags/example_setup_teardown_taskflow.py took 0.191 seconds
[2026-03-18T17:09:10.653+0100] {processor.py:186} INFO - Started process (PID=58171) to work on /Users/atanasivanov/ipo-intel/ipo-intel/.venv_airflow/lib/python3.11/site-packages/airflow/example_dags/example_setup_teardown_taskflow.py
[2026-03-18T17:09:10.654+0100] {processor.py:914} INFO - Processing file /Users/atanasivanov/ipo-intel/ipo-intel/.venv_airflow/lib/python3.11/site-packages/airflow/example_dags/example_setup_teardown_taskflow.py for tasks to queue
[2026-03-18T17:09:10.655+0100] {logging_mixin.py:190} INFO - [2026-03-18T17:09:10.655+0100] {dagbag.py:588} INFO - Filling up the DagBag from /Users/atanasivanov/ipo-intel/ipo-intel/.venv_airflow/lib/python3.11/site-packages/airflow/example_dags/example_setup_teardown_taskflow.py
[2026-03-18T17:09:10.690+0100] {processor.py:925} INFO - DAG(s) 'example_setup_teardown_taskflow' retrieved from /Users/atanasivanov/ipo-intel/ipo-intel/.venv_airflow/lib/python3.11/site-packages/airflow/example_dags/example_setup_teardown_taskflow.py
[2026-03-18T17:09:10.766+0100] {logging_mixin.py:190} INFO - [2026-03-18T17:09:10.765+0100] {dag.py:3239} INFO - Sync 1 DAGs
[2026-03-18T17:09:10.823+0100] {logging_mixin.py:190} INFO - [2026-03-18T17:09:10.823+0100] {dag.py:4180} INFO - Setting next_dagrun for example_setup_teardown_taskflow to None, run_after=None
[2026-03-18T17:09:10.839+0100] {processor.py:208} INFO - Processing /Users/atanasivanov/ipo-intel/ipo-intel/.venv_airflow/lib/python3.11/site-packages/airflow/example_dags/example_setup_teardown_taskflow.py took 0.192 seconds
[2026-03-18T17:11:10.117+0100] {processor.py:186} INFO - Started process (PID=58673) to work on /Users/atanasivanov/ipo-intel/ipo-intel/.venv_airflow/lib/python3.11/site-packages/airflow/example_dags/example_setup_teardown_taskflow.py
[2026-03-18T17:11:10.118+0100] {processor.py:914} INFO - Processing file /Users/atanasivanov/ipo-intel/ipo-intel/.venv_airflow/lib/python3.11/site-packages/airflow/example_dags/example_setup_teardown_taskflow.py for tasks to queue
[2026-03-18T17:11:10.119+0100] {logging_mixin.py:190} INFO - [2026-03-18T17:11:10.119+0100] {dagbag.py:588} INFO - Filling up the DagBag from /Users/atanasivanov/ipo-intel/ipo-intel/.venv_airflow/lib/python3.11/site-packages/airflow/example_dags/example_setup_teardown_taskflow.py
[2026-03-18T17:11:10.154+0100] {processor.py:925} INFO - DAG(s) 'example_setup_teardown_taskflow' retrieved from /Users/atanasivanov/ipo-intel/ipo-intel/.venv_airflow/lib/python3.11/site-packages/airflow/example_dags/example_setup_teardown_taskflow.py
[2026-03-18T17:11:10.230+0100] {logging_mixin.py:190} INFO - [2026-03-18T17:11:10.230+0100] {dag.py:3239} INFO - Sync 1 DAGs
[2026-03-18T17:11:10.287+0100] {logging_mixin.py:190} INFO - [2026-03-18T17:11:10.287+0100] {dag.py:4180} INFO - Setting next_dagrun for example_setup_teardown_taskflow to None, run_after=None
[2026-03-18T17:11:10.304+0100] {processor.py:208} INFO - Processing /Users/atanasivanov/ipo-intel/ipo-intel/.venv_airflow/lib/python3.11/site-packages/airflow/example_dags/example_setup_teardown_taskflow.py took 0.192 seconds
[2026-03-18T17:13:14.798+0100] {processor.py:186} INFO - Started process (PID=59416) to work on /Users/atanasivanov/ipo-intel/ipo-intel/.venv_airflow/lib/python3.11/site-packages/airflow/example_dags/example_setup_teardown_taskflow.py
[2026-03-18T17:13:14.799+0100] {processor.py:914} INFO - Processing file /Users/atanasivanov/ipo-intel/ipo-intel/.venv_airflow/lib/python3.11/site-packages/airflow/example_dags/example_setup_teardown_taskflow.py for tasks to queue
[2026-03-18T17:13:14.800+0100] {logging_mixin.py:190} INFO - [2026-03-18T17:13:14.800+0100] {dagbag.py:588} INFO - Filling up the DagBag from /Users/atanasivanov/ipo-intel/ipo-intel/.venv_airflow/lib/python3.11/site-packages/airflow/example_dags/example_setup_teardown_taskflow.py
[2026-03-18T17:13:14.844+0100] {processor.py:925} INFO - DAG(s) 'example_setup_teardown_taskflow' retrieved from /Users/atanasivanov/ipo-intel/ipo-intel/.venv_airflow/lib/python3.11/site-packages/airflow/example_dags/example_setup_teardown_taskflow.py
[2026-03-18T17:13:14.940+0100] {logging_mixin.py:190} INFO - [2026-03-18T17:13:14.939+0100] {dag.py:3239} INFO - Sync 1 DAGs
[2026-03-18T17:13:15.007+0100] {logging_mixin.py:190} INFO - [2026-03-18T17:13:15.007+0100] {dag.py:4180} INFO - Setting next_dagrun for example_setup_teardown_taskflow to None, run_after=None
[2026-03-18T17:13:15.030+0100] {processor.py:208} INFO - Processing /Users/atanasivanov/ipo-intel/ipo-intel/.venv_airflow/lib/python3.11/site-packages/airflow/example_dags/example_setup_teardown_taskflow.py took 0.237 seconds
[2026-03-18T17:15:18.192+0100] {processor.py:186} INFO - Started process (PID=60406) to work on /Users/atanasivanov/ipo-intel/ipo-intel/.venv_airflow/lib/python3.11/site-packages/airflow/example_dags/example_setup_teardown_taskflow.py
[2026-03-18T17:15:18.193+0100] {processor.py:914} INFO - Processing file /Users/atanasivanov/ipo-intel/ipo-intel/.venv_airflow/lib/python3.11/site-packages/airflow/example_dags/example_setup_teardown_taskflow.py for tasks to queue
[2026-03-18T17:15:18.194+0100] {logging_mixin.py:190} INFO - [2026-03-18T17:15:18.194+0100] {dagbag.py:588} INFO - Filling up the DagBag from /Users/atanasivanov/ipo-intel/ipo-intel/.venv_airflow/lib/python3.11/site-packages/airflow/example_dags/example_setup_teardown_taskflow.py
[2026-03-18T17:15:18.232+0100] {processor.py:925} INFO - DAG(s) 'example_setup_teardown_taskflow' retrieved from /Users/atanasivanov/ipo-intel/ipo-intel/.venv_airflow/lib/python3.11/site-packages/airflow/example_dags/example_setup_teardown_taskflow.py
[2026-03-18T17:15:18.309+0100] {logging_mixin.py:190} INFO - [2026-03-18T17:15:18.309+0100] {dag.py:3239} INFO - Sync 1 DAGs
[2026-03-18T17:15:18.367+0100] {logging_mixin.py:190} INFO - [2026-03-18T17:15:18.367+0100] {dag.py:4180} INFO - Setting next_dagrun for example_setup_teardown_taskflow to None, run_after=None
[2026-03-18T17:15:18.385+0100] {processor.py:208} INFO - Processing /Users/atanasivanov/ipo-intel/ipo-intel/.venv_airflow/lib/python3.11/site-packages/airflow/example_dags/example_setup_teardown_taskflow.py took 0.198 seconds
