[2026-03-18T16:16:07.417+0100] {processor.py:186} INFO - Started process (PID=44453) to work on /Users/atanasivanov/ipo-intel/ipo-intel/.venv_airflow/lib/python3.11/site-packages/airflow/example_dags/example_task_group_decorator.py
[2026-03-18T16:16:07.418+0100] {processor.py:914} INFO - Processing file /Users/atanasivanov/ipo-intel/ipo-intel/.venv_airflow/lib/python3.11/site-packages/airflow/example_dags/example_task_group_decorator.py for tasks to queue
[2026-03-18T16:16:07.419+0100] {logging_mixin.py:190} INFO - [2026-03-18T16:16:07.419+0100] {dagbag.py:588} INFO - Filling up the DagBag from /Users/atanasivanov/ipo-intel/ipo-intel/.venv_airflow/lib/python3.11/site-packages/airflow/example_dags/example_task_group_decorator.py
[2026-03-18T16:16:07.463+0100] {processor.py:925} INFO - DAG(s) 'example_task_group_decorator' retrieved from /Users/atanasivanov/ipo-intel/ipo-intel/.venv_airflow/lib/python3.11/site-packages/airflow/example_dags/example_task_group_decorator.py
[2026-03-18T16:16:07.687+0100] {logging_mixin.py:190} INFO - [2026-03-18T16:16:07.687+0100] {override.py:1912} INFO - Created Permission View: can edit on DAG:example_task_group_decorator
[2026-03-18T16:16:07.694+0100] {logging_mixin.py:190} INFO - [2026-03-18T16:16:07.694+0100] {override.py:1912} INFO - Created Permission View: can read on DAG:example_task_group_decorator
[2026-03-18T16:16:07.699+0100] {logging_mixin.py:190} INFO - [2026-03-18T16:16:07.699+0100] {override.py:1912} INFO - Created Permission View: can delete on DAG:example_task_group_decorator
[2026-03-18T16:16:07.705+0100] {logging_mixin.py:190} INFO - [2026-03-18T16:16:07.705+0100] {override.py:1912} INFO - Created Permission View: menu access on DAG Run:example_task_group_decorator
[2026-03-18T16:16:07.709+0100] {logging_mixin.py:190} INFO - [2026-03-18T16:16:07.709+0100] {override.py:1912} INFO - Created Permission View: can delete on DAG Run:example_task_group_decorator
[2026-03-18T16:16:07.714+0100] {logging_mixin.py:190} INFO - [2026-03-18T16:16:07.713+0100] {override.py:1912} INFO - Created Permission View: can read on DAG Run:example_task_group_decorator
[2026-03-18T16:16:07.718+0100] {logging_mixin.py:190} INFO - [2026-03-18T16:16:07.718+0100] {override.py:1912} INFO - Created Permission View: can create on DAG Run:example_task_group_decorator
[2026-03-18T16:16:07.718+0100] {logging_mixin.py:190} INFO - [2026-03-18T16:16:07.718+0100] {dag.py:3239} INFO - Sync 1 DAGs
[2026-03-18T16:16:07.726+0100] {logging_mixin.py:190} INFO - [2026-03-18T16:16:07.726+0100] {dag.py:3262} INFO - Creating ORM DAG for example_task_group_decorator
[2026-03-18T16:16:07.727+0100] {logging_mixin.py:190} INFO - [2026-03-18T16:16:07.726+0100] {dag.py:4180} INFO - Setting next_dagrun for example_task_group_decorator to None, run_after=None
[2026-03-18T16:16:07.740+0100] {processor.py:208} INFO - Processing /Users/atanasivanov/ipo-intel/ipo-intel/.venv_airflow/lib/python3.11/site-packages/airflow/example_dags/example_task_group_decorator.py took 0.328 seconds
[2026-03-18T16:20:18.668+0100] {processor.py:186} INFO - Started process (PID=45317) to work on /Users/atanasivanov/ipo-intel/ipo-intel/.venv_airflow/lib/python3.11/site-packages/airflow/example_dags/example_task_group_decorator.py
[2026-03-18T16:20:18.669+0100] {processor.py:914} INFO - Processing file /Users/atanasivanov/ipo-intel/ipo-intel/.venv_airflow/lib/python3.11/site-packages/airflow/example_dags/example_task_group_decorator.py for tasks to queue
[2026-03-18T16:20:18.670+0100] {logging_mixin.py:190} INFO - [2026-03-18T16:20:18.670+0100] {dagbag.py:588} INFO - Filling up the DagBag from /Users/atanasivanov/ipo-intel/ipo-intel/.venv_airflow/lib/python3.11/site-packages/airflow/example_dags/example_task_group_decorator.py
[2026-03-18T16:20:18.714+0100] {processor.py:925} INFO - DAG(s) 'example_task_group_decorator' retrieved from /Users/atanasivanov/ipo-intel/ipo-intel/.venv_airflow/lib/python3.11/site-packages/airflow/example_dags/example_task_group_decorator.py
[2026-03-18T16:20:18.802+0100] {logging_mixin.py:190} INFO - [2026-03-18T16:20:18.801+0100] {dag.py:3239} INFO - Sync 1 DAGs
[2026-03-18T16:20:18.862+0100] {logging_mixin.py:190} INFO - [2026-03-18T16:20:18.862+0100] {dag.py:4180} INFO - Setting next_dagrun for example_task_group_decorator to None, run_after=None
[2026-03-18T16:20:18.879+0100] {processor.py:208} INFO - Processing /Users/atanasivanov/ipo-intel/ipo-intel/.venv_airflow/lib/python3.11/site-packages/airflow/example_dags/example_task_group_decorator.py took 0.216 seconds
[2026-03-18T16:22:57.585+0100] {processor.py:186} INFO - Started process (PID=45940) to work on /Users/atanasivanov/ipo-intel/ipo-intel/.venv_airflow/lib/python3.11/site-packages/airflow/example_dags/example_task_group_decorator.py
[2026-03-18T16:22:57.586+0100] {processor.py:914} INFO - Processing file /Users/atanasivanov/ipo-intel/ipo-intel/.venv_airflow/lib/python3.11/site-packages/airflow/example_dags/example_task_group_decorator.py for tasks to queue
[2026-03-18T16:22:57.588+0100] {logging_mixin.py:190} INFO - [2026-03-18T16:22:57.588+0100] {dagbag.py:588} INFO - Filling up the DagBag from /Users/atanasivanov/ipo-intel/ipo-intel/.venv_airflow/lib/python3.11/site-packages/airflow/example_dags/example_task_group_decorator.py
[2026-03-18T16:22:57.625+0100] {processor.py:925} INFO - DAG(s) 'example_task_group_decorator' retrieved from /Users/atanasivanov/ipo-intel/ipo-intel/.venv_airflow/lib/python3.11/site-packages/airflow/example_dags/example_task_group_decorator.py
[2026-03-18T16:22:57.708+0100] {logging_mixin.py:190} INFO - [2026-03-18T16:22:57.708+0100] {dag.py:3239} INFO - Sync 1 DAGs
[2026-03-18T16:22:57.766+0100] {logging_mixin.py:190} INFO - [2026-03-18T16:22:57.765+0100] {dag.py:4180} INFO - Setting next_dagrun for example_task_group_decorator to None, run_after=None
[2026-03-18T16:22:57.781+0100] {processor.py:208} INFO - Processing /Users/atanasivanov/ipo-intel/ipo-intel/.venv_airflow/lib/python3.11/site-packages/airflow/example_dags/example_task_group_decorator.py took 0.201 seconds
[2026-03-18T16:25:02.156+0100] {processor.py:186} INFO - Started process (PID=46392) to work on /Users/atanasivanov/ipo-intel/ipo-intel/.venv_airflow/lib/python3.11/site-packages/airflow/example_dags/example_task_group_decorator.py
[2026-03-18T16:25:02.157+0100] {processor.py:914} INFO - Processing file /Users/atanasivanov/ipo-intel/ipo-intel/.venv_airflow/lib/python3.11/site-packages/airflow/example_dags/example_task_group_decorator.py for tasks to queue
[2026-03-18T16:25:02.158+0100] {logging_mixin.py:190} INFO - [2026-03-18T16:25:02.158+0100] {dagbag.py:588} INFO - Filling up the DagBag from /Users/atanasivanov/ipo-intel/ipo-intel/.venv_airflow/lib/python3.11/site-packages/airflow/example_dags/example_task_group_decorator.py
[2026-03-18T16:25:02.198+0100] {processor.py:925} INFO - DAG(s) 'example_task_group_decorator' retrieved from /Users/atanasivanov/ipo-intel/ipo-intel/.venv_airflow/lib/python3.11/site-packages/airflow/example_dags/example_task_group_decorator.py
[2026-03-18T16:25:02.280+0100] {logging_mixin.py:190} INFO - [2026-03-18T16:25:02.280+0100] {dag.py:3239} INFO - Sync 1 DAGs
[2026-03-18T16:25:02.339+0100] {logging_mixin.py:190} INFO - [2026-03-18T16:25:02.339+0100] {dag.py:4180} INFO - Setting next_dagrun for example_task_group_decorator to None, run_after=None
[2026-03-18T16:25:02.357+0100] {processor.py:208} INFO - Processing /Users/atanasivanov/ipo-intel/ipo-intel/.venv_airflow/lib/python3.11/site-packages/airflow/example_dags/example_task_group_decorator.py took 0.206 seconds
[2026-03-18T16:27:04.357+0100] {processor.py:186} INFO - Started process (PID=46847) to work on /Users/atanasivanov/ipo-intel/ipo-intel/.venv_airflow/lib/python3.11/site-packages/airflow/example_dags/example_task_group_decorator.py
[2026-03-18T16:27:04.358+0100] {processor.py:914} INFO - Processing file /Users/atanasivanov/ipo-intel/ipo-intel/.venv_airflow/lib/python3.11/site-packages/airflow/example_dags/example_task_group_decorator.py for tasks to queue
[2026-03-18T16:27:04.359+0100] {logging_mixin.py:190} INFO - [2026-03-18T16:27:04.359+0100] {dagbag.py:588} INFO - Filling up the DagBag from /Users/atanasivanov/ipo-intel/ipo-intel/.venv_airflow/lib/python3.11/site-packages/airflow/example_dags/example_task_group_decorator.py
[2026-03-18T16:27:04.403+0100] {processor.py:925} INFO - DAG(s) 'example_task_group_decorator' retrieved from /Users/atanasivanov/ipo-intel/ipo-intel/.venv_airflow/lib/python3.11/site-packages/airflow/example_dags/example_task_group_decorator.py
[2026-03-18T16:27:04.489+0100] {logging_mixin.py:190} INFO - [2026-03-18T16:27:04.489+0100] {dag.py:3239} INFO - Sync 1 DAGs
[2026-03-18T16:27:04.549+0100] {logging_mixin.py:190} INFO - [2026-03-18T16:27:04.549+0100] {dag.py:4180} INFO - Setting next_dagrun for example_task_group_decorator to None, run_after=None
[2026-03-18T16:27:04.567+0100] {processor.py:208} INFO - Processing /Users/atanasivanov/ipo-intel/ipo-intel/.venv_airflow/lib/python3.11/site-packages/airflow/example_dags/example_task_group_decorator.py took 0.215 seconds
[2026-03-18T16:29:09.081+0100] {processor.py:186} INFO - Started process (PID=47991) to work on /Users/atanasivanov/ipo-intel/ipo-intel/.venv_airflow/lib/python3.11/site-packages/airflow/example_dags/example_task_group_decorator.py
[2026-03-18T16:29:09.082+0100] {processor.py:914} INFO - Processing file /Users/atanasivanov/ipo-intel/ipo-intel/.venv_airflow/lib/python3.11/site-packages/airflow/example_dags/example_task_group_decorator.py for tasks to queue
[2026-03-18T16:29:09.083+0100] {logging_mixin.py:190} INFO - [2026-03-18T16:29:09.083+0100] {dagbag.py:588} INFO - Filling up the DagBag from /Users/atanasivanov/ipo-intel/ipo-intel/.venv_airflow/lib/python3.11/site-packages/airflow/example_dags/example_task_group_decorator.py
[2026-03-18T16:29:09.128+0100] {processor.py:925} INFO - DAG(s) 'example_task_group_decorator' retrieved from /Users/atanasivanov/ipo-intel/ipo-intel/.venv_airflow/lib/python3.11/site-packages/airflow/example_dags/example_task_group_decorator.py
[2026-03-18T16:29:09.215+0100] {logging_mixin.py:190} INFO - [2026-03-18T16:29:09.215+0100] {dag.py:3239} INFO - Sync 1 DAGs
[2026-03-18T16:29:09.276+0100] {logging_mixin.py:190} INFO - [2026-03-18T16:29:09.276+0100] {dag.py:4180} INFO - Setting next_dagrun for example_task_group_decorator to None, run_after=None
[2026-03-18T16:29:09.294+0100] {processor.py:208} INFO - Processing /Users/atanasivanov/ipo-intel/ipo-intel/.venv_airflow/lib/python3.11/site-packages/airflow/example_dags/example_task_group_decorator.py took 0.220 seconds
[2026-03-18T16:31:04.273+0100] {processor.py:186} INFO - Started process (PID=48412) to work on /Users/atanasivanov/ipo-intel/ipo-intel/.venv_airflow/lib/python3.11/site-packages/airflow/example_dags/example_task_group_decorator.py
[2026-03-18T16:31:04.274+0100] {processor.py:914} INFO - Processing file /Users/atanasivanov/ipo-intel/ipo-intel/.venv_airflow/lib/python3.11/site-packages/airflow/example_dags/example_task_group_decorator.py for tasks to queue
[2026-03-18T16:31:04.275+0100] {logging_mixin.py:190} INFO - [2026-03-18T16:31:04.275+0100] {dagbag.py:588} INFO - Filling up the DagBag from /Users/atanasivanov/ipo-intel/ipo-intel/.venv_airflow/lib/python3.11/site-packages/airflow/example_dags/example_task_group_decorator.py
[2026-03-18T16:31:04.314+0100] {processor.py:925} INFO - DAG(s) 'example_task_group_decorator' retrieved from /Users/atanasivanov/ipo-intel/ipo-intel/.venv_airflow/lib/python3.11/site-packages/airflow/example_dags/example_task_group_decorator.py
[2026-03-18T16:31:04.394+0100] {logging_mixin.py:190} INFO - [2026-03-18T16:31:04.393+0100] {dag.py:3239} INFO - Sync 1 DAGs
[2026-03-18T16:31:04.451+0100] {logging_mixin.py:190} INFO - [2026-03-18T16:31:04.450+0100] {dag.py:4180} INFO - Setting next_dagrun for example_task_group_decorator to None, run_after=None
[2026-03-18T16:31:04.469+0100] {processor.py:208} INFO - Processing /Users/atanasivanov/ipo-intel/ipo-intel/.venv_airflow/lib/python3.11/site-packages/airflow/example_dags/example_task_group_decorator.py took 0.200 seconds
[2026-03-18T16:32:56.554+0100] {processor.py:186} INFO - Started process (PID=48816) to work on /Users/atanasivanov/ipo-intel/ipo-intel/.venv_airflow/lib/python3.11/site-packages/airflow/example_dags/example_task_group_decorator.py
[2026-03-18T16:32:56.555+0100] {processor.py:914} INFO - Processing file /Users/atanasivanov/ipo-intel/ipo-intel/.venv_airflow/lib/python3.11/site-packages/airflow/example_dags/example_task_group_decorator.py for tasks to queue
[2026-03-18T16:32:56.556+0100] {logging_mixin.py:190} INFO - [2026-03-18T16:32:56.556+0100] {dagbag.py:588} INFO - Filling up the DagBag from /Users/atanasivanov/ipo-intel/ipo-intel/.venv_airflow/lib/python3.11/site-packages/airflow/example_dags/example_task_group_decorator.py
[2026-03-18T16:32:56.596+0100] {processor.py:925} INFO - DAG(s) 'example_task_group_decorator' retrieved from /Users/atanasivanov/ipo-intel/ipo-intel/.venv_airflow/lib/python3.11/site-packages/airflow/example_dags/example_task_group_decorator.py
[2026-03-18T16:32:56.676+0100] {logging_mixin.py:190} INFO - [2026-03-18T16:32:56.675+0100] {dag.py:3239} INFO - Sync 1 DAGs
[2026-03-18T16:32:56.731+0100] {logging_mixin.py:190} INFO - [2026-03-18T16:32:56.731+0100] {dag.py:4180} INFO - Setting next_dagrun for example_task_group_decorator to None, run_after=None
[2026-03-18T16:32:56.748+0100] {processor.py:208} INFO - Processing /Users/atanasivanov/ipo-intel/ipo-intel/.venv_airflow/lib/python3.11/site-packages/airflow/example_dags/example_task_group_decorator.py took 0.198 seconds
[2026-03-18T16:34:51.516+0100] {processor.py:186} INFO - Started process (PID=49241) to work on /Users/atanasivanov/ipo-intel/ipo-intel/.venv_airflow/lib/python3.11/site-packages/airflow/example_dags/example_task_group_decorator.py
[2026-03-18T16:34:51.517+0100] {processor.py:914} INFO - Processing file /Users/atanasivanov/ipo-intel/ipo-intel/.venv_airflow/lib/python3.11/site-packages/airflow/example_dags/example_task_group_decorator.py for tasks to queue
[2026-03-18T16:34:51.518+0100] {logging_mixin.py:190} INFO - [2026-03-18T16:34:51.518+0100] {dagbag.py:588} INFO - Filling up the DagBag from /Users/atanasivanov/ipo-intel/ipo-intel/.venv_airflow/lib/python3.11/site-packages/airflow/example_dags/example_task_group_decorator.py
[2026-03-18T16:34:51.559+0100] {processor.py:925} INFO - DAG(s) 'example_task_group_decorator' retrieved from /Users/atanasivanov/ipo-intel/ipo-intel/.venv_airflow/lib/python3.11/site-packages/airflow/example_dags/example_task_group_decorator.py
[2026-03-18T16:34:51.645+0100] {logging_mixin.py:190} INFO - [2026-03-18T16:34:51.645+0100] {dag.py:3239} INFO - Sync 1 DAGs
[2026-03-18T16:34:51.702+0100] {logging_mixin.py:190} INFO - [2026-03-18T16:34:51.701+0100] {dag.py:4180} INFO - Setting next_dagrun for example_task_group_decorator to None, run_after=None
[2026-03-18T16:34:51.718+0100] {processor.py:208} INFO - Processing /Users/atanasivanov/ipo-intel/ipo-intel/.venv_airflow/lib/python3.11/site-packages/airflow/example_dags/example_task_group_decorator.py took 0.207 seconds
[2026-03-18T16:36:45.921+0100] {processor.py:186} INFO - Started process (PID=49655) to work on /Users/atanasivanov/ipo-intel/ipo-intel/.venv_airflow/lib/python3.11/site-packages/airflow/example_dags/example_task_group_decorator.py
[2026-03-18T16:36:45.922+0100] {processor.py:914} INFO - Processing file /Users/atanasivanov/ipo-intel/ipo-intel/.venv_airflow/lib/python3.11/site-packages/airflow/example_dags/example_task_group_decorator.py for tasks to queue
[2026-03-18T16:36:45.923+0100] {logging_mixin.py:190} INFO - [2026-03-18T16:36:45.923+0100] {dagbag.py:588} INFO - Filling up the DagBag from /Users/atanasivanov/ipo-intel/ipo-intel/.venv_airflow/lib/python3.11/site-packages/airflow/example_dags/example_task_group_decorator.py
[2026-03-18T16:36:45.964+0100] {processor.py:925} INFO - DAG(s) 'example_task_group_decorator' retrieved from /Users/atanasivanov/ipo-intel/ipo-intel/.venv_airflow/lib/python3.11/site-packages/airflow/example_dags/example_task_group_decorator.py
[2026-03-18T16:36:46.044+0100] {logging_mixin.py:190} INFO - [2026-03-18T16:36:46.044+0100] {dag.py:3239} INFO - Sync 1 DAGs
[2026-03-18T16:36:46.107+0100] {logging_mixin.py:190} INFO - [2026-03-18T16:36:46.107+0100] {dag.py:4180} INFO - Setting next_dagrun for example_task_group_decorator to None, run_after=None
[2026-03-18T16:36:46.125+0100] {processor.py:208} INFO - Processing /Users/atanasivanov/ipo-intel/ipo-intel/.venv_airflow/lib/python3.11/site-packages/airflow/example_dags/example_task_group_decorator.py took 0.208 seconds
[2026-03-18T16:38:37.682+0100] {processor.py:186} INFO - Started process (PID=50060) to work on /Users/atanasivanov/ipo-intel/ipo-intel/.venv_airflow/lib/python3.11/site-packages/airflow/example_dags/example_task_group_decorator.py
[2026-03-18T16:38:37.683+0100] {processor.py:914} INFO - Processing file /Users/atanasivanov/ipo-intel/ipo-intel/.venv_airflow/lib/python3.11/site-packages/airflow/example_dags/example_task_group_decorator.py for tasks to queue
[2026-03-18T16:38:37.684+0100] {logging_mixin.py:190} INFO - [2026-03-18T16:38:37.684+0100] {dagbag.py:588} INFO - Filling up the DagBag from /Users/atanasivanov/ipo-intel/ipo-intel/.venv_airflow/lib/python3.11/site-packages/airflow/example_dags/example_task_group_decorator.py
[2026-03-18T16:38:37.725+0100] {processor.py:925} INFO - DAG(s) 'example_task_group_decorator' retrieved from /Users/atanasivanov/ipo-intel/ipo-intel/.venv_airflow/lib/python3.11/site-packages/airflow/example_dags/example_task_group_decorator.py
[2026-03-18T16:38:37.805+0100] {logging_mixin.py:190} INFO - [2026-03-18T16:38:37.805+0100] {dag.py:3239} INFO - Sync 1 DAGs
[2026-03-18T16:38:37.864+0100] {logging_mixin.py:190} INFO - [2026-03-18T16:38:37.864+0100] {dag.py:4180} INFO - Setting next_dagrun for example_task_group_decorator to None, run_after=None
[2026-03-18T16:38:37.881+0100] {processor.py:208} INFO - Processing /Users/atanasivanov/ipo-intel/ipo-intel/.venv_airflow/lib/python3.11/site-packages/airflow/example_dags/example_task_group_decorator.py took 0.203 seconds
[2026-03-18T16:40:39.336+0100] {processor.py:186} INFO - Started process (PID=51394) to work on /Users/atanasivanov/ipo-intel/ipo-intel/.venv_airflow/lib/python3.11/site-packages/airflow/example_dags/example_task_group_decorator.py
[2026-03-18T16:40:39.337+0100] {processor.py:914} INFO - Processing file /Users/atanasivanov/ipo-intel/ipo-intel/.venv_airflow/lib/python3.11/site-packages/airflow/example_dags/example_task_group_decorator.py for tasks to queue
[2026-03-18T16:40:39.338+0100] {logging_mixin.py:190} INFO - [2026-03-18T16:40:39.337+0100] {dagbag.py:588} INFO - Filling up the DagBag from /Users/atanasivanov/ipo-intel/ipo-intel/.venv_airflow/lib/python3.11/site-packages/airflow/example_dags/example_task_group_decorator.py
[2026-03-18T16:40:39.380+0100] {processor.py:925} INFO - DAG(s) 'example_task_group_decorator' retrieved from /Users/atanasivanov/ipo-intel/ipo-intel/.venv_airflow/lib/python3.11/site-packages/airflow/example_dags/example_task_group_decorator.py
[2026-03-18T16:40:39.464+0100] {logging_mixin.py:190} INFO - [2026-03-18T16:40:39.464+0100] {dag.py:3239} INFO - Sync 1 DAGs
[2026-03-18T16:40:39.526+0100] {logging_mixin.py:190} INFO - [2026-03-18T16:40:39.526+0100] {dag.py:4180} INFO - Setting next_dagrun for example_task_group_decorator to None, run_after=None
[2026-03-18T16:40:39.545+0100] {processor.py:208} INFO - Processing /Users/atanasivanov/ipo-intel/ipo-intel/.venv_airflow/lib/python3.11/site-packages/airflow/example_dags/example_task_group_decorator.py took 0.215 seconds
[2026-03-18T16:42:43.308+0100] {processor.py:186} INFO - Started process (PID=52066) to work on /Users/atanasivanov/ipo-intel/ipo-intel/.venv_airflow/lib/python3.11/site-packages/airflow/example_dags/example_task_group_decorator.py
[2026-03-18T16:42:43.310+0100] {processor.py:914} INFO - Processing file /Users/atanasivanov/ipo-intel/ipo-intel/.venv_airflow/lib/python3.11/site-packages/airflow/example_dags/example_task_group_decorator.py for tasks to queue
[2026-03-18T16:42:43.311+0100] {logging_mixin.py:190} INFO - [2026-03-18T16:42:43.311+0100] {dagbag.py:588} INFO - Filling up the DagBag from /Users/atanasivanov/ipo-intel/ipo-intel/.venv_airflow/lib/python3.11/site-packages/airflow/example_dags/example_task_group_decorator.py
[2026-03-18T16:42:43.349+0100] {processor.py:925} INFO - DAG(s) 'example_task_group_decorator' retrieved from /Users/atanasivanov/ipo-intel/ipo-intel/.venv_airflow/lib/python3.11/site-packages/airflow/example_dags/example_task_group_decorator.py
[2026-03-18T16:42:43.446+0100] {logging_mixin.py:190} INFO - [2026-03-18T16:42:43.446+0100] {dag.py:3239} INFO - Sync 1 DAGs
[2026-03-18T16:42:43.514+0100] {logging_mixin.py:190} INFO - [2026-03-18T16:42:43.514+0100] {dag.py:4180} INFO - Setting next_dagrun for example_task_group_decorator to None, run_after=None
[2026-03-18T16:42:43.533+0100] {processor.py:208} INFO - Processing /Users/atanasivanov/ipo-intel/ipo-intel/.venv_airflow/lib/python3.11/site-packages/airflow/example_dags/example_task_group_decorator.py took 0.230 seconds
[2026-03-18T16:48:20.685+0100] {processor.py:186} INFO - Started process (PID=53288) to work on /Users/atanasivanov/ipo-intel/ipo-intel/.venv_airflow/lib/python3.11/site-packages/airflow/example_dags/example_task_group_decorator.py
[2026-03-18T16:48:20.686+0100] {processor.py:914} INFO - Processing file /Users/atanasivanov/ipo-intel/ipo-intel/.venv_airflow/lib/python3.11/site-packages/airflow/example_dags/example_task_group_decorator.py for tasks to queue
[2026-03-18T16:48:20.687+0100] {logging_mixin.py:190} INFO - [2026-03-18T16:48:20.686+0100] {dagbag.py:588} INFO - Filling up the DagBag from /Users/atanasivanov/ipo-intel/ipo-intel/.venv_airflow/lib/python3.11/site-packages/airflow/example_dags/example_task_group_decorator.py
[2026-03-18T16:48:20.724+0100] {processor.py:925} INFO - DAG(s) 'example_task_group_decorator' retrieved from /Users/atanasivanov/ipo-intel/ipo-intel/.venv_airflow/lib/python3.11/site-packages/airflow/example_dags/example_task_group_decorator.py
[2026-03-18T16:48:20.803+0100] {logging_mixin.py:190} INFO - [2026-03-18T16:48:20.803+0100] {dag.py:3239} INFO - Sync 1 DAGs
[2026-03-18T16:48:20.865+0100] {logging_mixin.py:190} INFO - [2026-03-18T16:48:20.865+0100] {dag.py:4180} INFO - Setting next_dagrun for example_task_group_decorator to None, run_after=None
[2026-03-18T16:48:20.883+0100] {processor.py:208} INFO - Processing /Users/atanasivanov/ipo-intel/ipo-intel/.venv_airflow/lib/python3.11/site-packages/airflow/example_dags/example_task_group_decorator.py took 0.204 seconds
[2026-03-18T16:50:48.592+0100] {processor.py:186} INFO - Started process (PID=53815) to work on /Users/atanasivanov/ipo-intel/ipo-intel/.venv_airflow/lib/python3.11/site-packages/airflow/example_dags/example_task_group_decorator.py
[2026-03-18T16:50:48.594+0100] {processor.py:914} INFO - Processing file /Users/atanasivanov/ipo-intel/ipo-intel/.venv_airflow/lib/python3.11/site-packages/airflow/example_dags/example_task_group_decorator.py for tasks to queue
[2026-03-18T16:50:48.594+0100] {logging_mixin.py:190} INFO - [2026-03-18T16:50:48.594+0100] {dagbag.py:588} INFO - Filling up the DagBag from /Users/atanasivanov/ipo-intel/ipo-intel/.venv_airflow/lib/python3.11/site-packages/airflow/example_dags/example_task_group_decorator.py
[2026-03-18T16:50:48.632+0100] {processor.py:925} INFO - DAG(s) 'example_task_group_decorator' retrieved from /Users/atanasivanov/ipo-intel/ipo-intel/.venv_airflow/lib/python3.11/site-packages/airflow/example_dags/example_task_group_decorator.py
[2026-03-18T16:50:48.709+0100] {logging_mixin.py:190} INFO - [2026-03-18T16:50:48.709+0100] {dag.py:3239} INFO - Sync 1 DAGs
[2026-03-18T16:50:48.767+0100] {logging_mixin.py:190} INFO - [2026-03-18T16:50:48.767+0100] {dag.py:4180} INFO - Setting next_dagrun for example_task_group_decorator to None, run_after=None
[2026-03-18T16:50:48.784+0100] {processor.py:208} INFO - Processing /Users/atanasivanov/ipo-intel/ipo-intel/.venv_airflow/lib/python3.11/site-packages/airflow/example_dags/example_task_group_decorator.py took 0.197 seconds
[2026-03-18T16:52:51.373+0100] {processor.py:186} INFO - Started process (PID=54267) to work on /Users/atanasivanov/ipo-intel/ipo-intel/.venv_airflow/lib/python3.11/site-packages/airflow/example_dags/example_task_group_decorator.py
[2026-03-18T16:52:51.374+0100] {processor.py:914} INFO - Processing file /Users/atanasivanov/ipo-intel/ipo-intel/.venv_airflow/lib/python3.11/site-packages/airflow/example_dags/example_task_group_decorator.py for tasks to queue
[2026-03-18T16:52:51.375+0100] {logging_mixin.py:190} INFO - [2026-03-18T16:52:51.375+0100] {dagbag.py:588} INFO - Filling up the DagBag from /Users/atanasivanov/ipo-intel/ipo-intel/.venv_airflow/lib/python3.11/site-packages/airflow/example_dags/example_task_group_decorator.py
[2026-03-18T16:52:51.415+0100] {processor.py:925} INFO - DAG(s) 'example_task_group_decorator' retrieved from /Users/atanasivanov/ipo-intel/ipo-intel/.venv_airflow/lib/python3.11/site-packages/airflow/example_dags/example_task_group_decorator.py
[2026-03-18T16:52:51.494+0100] {logging_mixin.py:190} INFO - [2026-03-18T16:52:51.494+0100] {dag.py:3239} INFO - Sync 1 DAGs
[2026-03-18T16:52:51.551+0100] {logging_mixin.py:190} INFO - [2026-03-18T16:52:51.551+0100] {dag.py:4180} INFO - Setting next_dagrun for example_task_group_decorator to None, run_after=None
[2026-03-18T16:52:51.569+0100] {processor.py:208} INFO - Processing /Users/atanasivanov/ipo-intel/ipo-intel/.venv_airflow/lib/python3.11/site-packages/airflow/example_dags/example_task_group_decorator.py took 0.201 seconds
[2026-03-18T16:54:58.755+0100] {processor.py:186} INFO - Started process (PID=55036) to work on /Users/atanasivanov/ipo-intel/ipo-intel/.venv_airflow/lib/python3.11/site-packages/airflow/example_dags/example_task_group_decorator.py
[2026-03-18T16:54:58.756+0100] {processor.py:914} INFO - Processing file /Users/atanasivanov/ipo-intel/ipo-intel/.venv_airflow/lib/python3.11/site-packages/airflow/example_dags/example_task_group_decorator.py for tasks to queue
[2026-03-18T16:54:58.757+0100] {logging_mixin.py:190} INFO - [2026-03-18T16:54:58.757+0100] {dagbag.py:588} INFO - Filling up the DagBag from /Users/atanasivanov/ipo-intel/ipo-intel/.venv_airflow/lib/python3.11/site-packages/airflow/example_dags/example_task_group_decorator.py
[2026-03-18T16:54:58.795+0100] {processor.py:925} INFO - DAG(s) 'example_task_group_decorator' retrieved from /Users/atanasivanov/ipo-intel/ipo-intel/.venv_airflow/lib/python3.11/site-packages/airflow/example_dags/example_task_group_decorator.py
[2026-03-18T16:54:58.877+0100] {logging_mixin.py:190} INFO - [2026-03-18T16:54:58.877+0100] {dag.py:3239} INFO - Sync 1 DAGs
[2026-03-18T16:54:58.943+0100] {logging_mixin.py:190} INFO - [2026-03-18T16:54:58.943+0100] {dag.py:4180} INFO - Setting next_dagrun for example_task_group_decorator to None, run_after=None
[2026-03-18T16:54:58.967+0100] {processor.py:208} INFO - Processing /Users/atanasivanov/ipo-intel/ipo-intel/.venv_airflow/lib/python3.11/site-packages/airflow/example_dags/example_task_group_decorator.py took 0.217 seconds
[2026-03-18T16:57:02.770+0100] {processor.py:186} INFO - Started process (PID=55490) to work on /Users/atanasivanov/ipo-intel/ipo-intel/.venv_airflow/lib/python3.11/site-packages/airflow/example_dags/example_task_group_decorator.py
[2026-03-18T16:57:02.771+0100] {processor.py:914} INFO - Processing file /Users/atanasivanov/ipo-intel/ipo-intel/.venv_airflow/lib/python3.11/site-packages/airflow/example_dags/example_task_group_decorator.py for tasks to queue
[2026-03-18T16:57:02.772+0100] {logging_mixin.py:190} INFO - [2026-03-18T16:57:02.772+0100] {dagbag.py:588} INFO - Filling up the DagBag from /Users/atanasivanov/ipo-intel/ipo-intel/.venv_airflow/lib/python3.11/site-packages/airflow/example_dags/example_task_group_decorator.py
[2026-03-18T16:57:02.808+0100] {processor.py:925} INFO - DAG(s) 'example_task_group_decorator' retrieved from /Users/atanasivanov/ipo-intel/ipo-intel/.venv_airflow/lib/python3.11/site-packages/airflow/example_dags/example_task_group_decorator.py
[2026-03-18T16:57:02.888+0100] {logging_mixin.py:190} INFO - [2026-03-18T16:57:02.888+0100] {dag.py:3239} INFO - Sync 1 DAGs
[2026-03-18T16:57:02.958+0100] {logging_mixin.py:190} INFO - [2026-03-18T16:57:02.958+0100] {dag.py:4180} INFO - Setting next_dagrun for example_task_group_decorator to None, run_after=None
[2026-03-18T16:57:02.981+0100] {processor.py:208} INFO - Processing /Users/atanasivanov/ipo-intel/ipo-intel/.venv_airflow/lib/python3.11/site-packages/airflow/example_dags/example_task_group_decorator.py took 0.216 seconds
[2026-03-18T16:59:07.567+0100] {processor.py:186} INFO - Started process (PID=55961) to work on /Users/atanasivanov/ipo-intel/ipo-intel/.venv_airflow/lib/python3.11/site-packages/airflow/example_dags/example_task_group_decorator.py
[2026-03-18T16:59:07.568+0100] {processor.py:914} INFO - Processing file /Users/atanasivanov/ipo-intel/ipo-intel/.venv_airflow/lib/python3.11/site-packages/airflow/example_dags/example_task_group_decorator.py for tasks to queue
[2026-03-18T16:59:07.569+0100] {logging_mixin.py:190} INFO - [2026-03-18T16:59:07.569+0100] {dagbag.py:588} INFO - Filling up the DagBag from /Users/atanasivanov/ipo-intel/ipo-intel/.venv_airflow/lib/python3.11/site-packages/airflow/example_dags/example_task_group_decorator.py
[2026-03-18T16:59:07.610+0100] {processor.py:925} INFO - DAG(s) 'example_task_group_decorator' retrieved from /Users/atanasivanov/ipo-intel/ipo-intel/.venv_airflow/lib/python3.11/site-packages/airflow/example_dags/example_task_group_decorator.py
[2026-03-18T16:59:07.694+0100] {logging_mixin.py:190} INFO - [2026-03-18T16:59:07.693+0100] {dag.py:3239} INFO - Sync 1 DAGs
[2026-03-18T16:59:07.755+0100] {logging_mixin.py:190} INFO - [2026-03-18T16:59:07.755+0100] {dag.py:4180} INFO - Setting next_dagrun for example_task_group_decorator to None, run_after=None
[2026-03-18T16:59:07.773+0100] {processor.py:208} INFO - Processing /Users/atanasivanov/ipo-intel/ipo-intel/.venv_airflow/lib/python3.11/site-packages/airflow/example_dags/example_task_group_decorator.py took 0.211 seconds
[2026-03-18T17:01:09.409+0100] {processor.py:186} INFO - Started process (PID=56400) to work on /Users/atanasivanov/ipo-intel/ipo-intel/.venv_airflow/lib/python3.11/site-packages/airflow/example_dags/example_task_group_decorator.py
[2026-03-18T17:01:09.410+0100] {processor.py:914} INFO - Processing file /Users/atanasivanov/ipo-intel/ipo-intel/.venv_airflow/lib/python3.11/site-packages/airflow/example_dags/example_task_group_decorator.py for tasks to queue
[2026-03-18T17:01:09.411+0100] {logging_mixin.py:190} INFO - [2026-03-18T17:01:09.411+0100] {dagbag.py:588} INFO - Filling up the DagBag from /Users/atanasivanov/ipo-intel/ipo-intel/.venv_airflow/lib/python3.11/site-packages/airflow/example_dags/example_task_group_decorator.py
[2026-03-18T17:01:09.448+0100] {processor.py:925} INFO - DAG(s) 'example_task_group_decorator' retrieved from /Users/atanasivanov/ipo-intel/ipo-intel/.venv_airflow/lib/python3.11/site-packages/airflow/example_dags/example_task_group_decorator.py
[2026-03-18T17:01:09.528+0100] {logging_mixin.py:190} INFO - [2026-03-18T17:01:09.528+0100] {dag.py:3239} INFO - Sync 1 DAGs
[2026-03-18T17:01:09.586+0100] {logging_mixin.py:190} INFO - [2026-03-18T17:01:09.585+0100] {dag.py:4180} INFO - Setting next_dagrun for example_task_group_decorator to None, run_after=None
[2026-03-18T17:01:09.601+0100] {processor.py:208} INFO - Processing /Users/atanasivanov/ipo-intel/ipo-intel/.venv_airflow/lib/python3.11/site-packages/airflow/example_dags/example_task_group_decorator.py took 0.197 seconds
[2026-03-18T17:03:03.949+0100] {processor.py:186} INFO - Started process (PID=56820) to work on /Users/atanasivanov/ipo-intel/ipo-intel/.venv_airflow/lib/python3.11/site-packages/airflow/example_dags/example_task_group_decorator.py
[2026-03-18T17:03:03.950+0100] {processor.py:914} INFO - Processing file /Users/atanasivanov/ipo-intel/ipo-intel/.venv_airflow/lib/python3.11/site-packages/airflow/example_dags/example_task_group_decorator.py for tasks to queue
[2026-03-18T17:03:03.951+0100] {logging_mixin.py:190} INFO - [2026-03-18T17:03:03.951+0100] {dagbag.py:588} INFO - Filling up the DagBag from /Users/atanasivanov/ipo-intel/ipo-intel/.venv_airflow/lib/python3.11/site-packages/airflow/example_dags/example_task_group_decorator.py
[2026-03-18T17:03:03.987+0100] {processor.py:925} INFO - DAG(s) 'example_task_group_decorator' retrieved from /Users/atanasivanov/ipo-intel/ipo-intel/.venv_airflow/lib/python3.11/site-packages/airflow/example_dags/example_task_group_decorator.py
[2026-03-18T17:03:04.067+0100] {logging_mixin.py:190} INFO - [2026-03-18T17:03:04.067+0100] {dag.py:3239} INFO - Sync 1 DAGs
[2026-03-18T17:03:04.123+0100] {logging_mixin.py:190} INFO - [2026-03-18T17:03:04.123+0100] {dag.py:4180} INFO - Setting next_dagrun for example_task_group_decorator to None, run_after=None
[2026-03-18T17:03:04.140+0100] {processor.py:208} INFO - Processing /Users/atanasivanov/ipo-intel/ipo-intel/.venv_airflow/lib/python3.11/site-packages/airflow/example_dags/example_task_group_decorator.py took 0.196 seconds
[2026-03-18T17:04:59.818+0100] {processor.py:186} INFO - Started process (PID=57245) to work on /Users/atanasivanov/ipo-intel/ipo-intel/.venv_airflow/lib/python3.11/site-packages/airflow/example_dags/example_task_group_decorator.py
[2026-03-18T17:04:59.818+0100] {processor.py:914} INFO - Processing file /Users/atanasivanov/ipo-intel/ipo-intel/.venv_airflow/lib/python3.11/site-packages/airflow/example_dags/example_task_group_decorator.py for tasks to queue
[2026-03-18T17:04:59.819+0100] {logging_mixin.py:190} INFO - [2026-03-18T17:04:59.819+0100] {dagbag.py:588} INFO - Filling up the DagBag from /Users/atanasivanov/ipo-intel/ipo-intel/.venv_airflow/lib/python3.11/site-packages/airflow/example_dags/example_task_group_decorator.py
[2026-03-18T17:04:59.860+0100] {processor.py:925} INFO - DAG(s) 'example_task_group_decorator' retrieved from /Users/atanasivanov/ipo-intel/ipo-intel/.venv_airflow/lib/python3.11/site-packages/airflow/example_dags/example_task_group_decorator.py
[2026-03-18T17:04:59.960+0100] {logging_mixin.py:190} INFO - [2026-03-18T17:04:59.960+0100] {dag.py:3239} INFO - Sync 1 DAGs
[2026-03-18T17:05:00.019+0100] {logging_mixin.py:190} INFO - [2026-03-18T17:05:00.019+0100] {dag.py:4180} INFO - Setting next_dagrun for example_task_group_decorator to None, run_after=None
[2026-03-18T17:05:00.037+0100] {processor.py:208} INFO - Processing /Users/atanasivanov/ipo-intel/ipo-intel/.venv_airflow/lib/python3.11/site-packages/airflow/example_dags/example_task_group_decorator.py took 0.224 seconds
[2026-03-18T17:06:57.863+0100] {processor.py:186} INFO - Started process (PID=57674) to work on /Users/atanasivanov/ipo-intel/ipo-intel/.venv_airflow/lib/python3.11/site-packages/airflow/example_dags/example_task_group_decorator.py
[2026-03-18T17:06:57.864+0100] {processor.py:914} INFO - Processing file /Users/atanasivanov/ipo-intel/ipo-intel/.venv_airflow/lib/python3.11/site-packages/airflow/example_dags/example_task_group_decorator.py for tasks to queue
[2026-03-18T17:06:57.865+0100] {logging_mixin.py:190} INFO - [2026-03-18T17:06:57.865+0100] {dagbag.py:588} INFO - Filling up the DagBag from /Users/atanasivanov/ipo-intel/ipo-intel/.venv_airflow/lib/python3.11/site-packages/airflow/example_dags/example_task_group_decorator.py
[2026-03-18T17:06:57.906+0100] {processor.py:925} INFO - DAG(s) 'example_task_group_decorator' retrieved from /Users/atanasivanov/ipo-intel/ipo-intel/.venv_airflow/lib/python3.11/site-packages/airflow/example_dags/example_task_group_decorator.py
[2026-03-18T17:06:57.986+0100] {logging_mixin.py:190} INFO - [2026-03-18T17:06:57.986+0100] {dag.py:3239} INFO - Sync 1 DAGs
[2026-03-18T17:06:58.043+0100] {logging_mixin.py:190} INFO - [2026-03-18T17:06:58.043+0100] {dag.py:4180} INFO - Setting next_dagrun for example_task_group_decorator to None, run_after=None
[2026-03-18T17:06:58.060+0100] {processor.py:208} INFO - Processing /Users/atanasivanov/ipo-intel/ipo-intel/.venv_airflow/lib/python3.11/site-packages/airflow/example_dags/example_task_group_decorator.py took 0.202 seconds
[2026-03-18T17:08:51.138+0100] {processor.py:186} INFO - Started process (PID=58083) to work on /Users/atanasivanov/ipo-intel/ipo-intel/.venv_airflow/lib/python3.11/site-packages/airflow/example_dags/example_task_group_decorator.py
[2026-03-18T17:08:51.138+0100] {processor.py:914} INFO - Processing file /Users/atanasivanov/ipo-intel/ipo-intel/.venv_airflow/lib/python3.11/site-packages/airflow/example_dags/example_task_group_decorator.py for tasks to queue
[2026-03-18T17:08:51.139+0100] {logging_mixin.py:190} INFO - [2026-03-18T17:08:51.139+0100] {dagbag.py:588} INFO - Filling up the DagBag from /Users/atanasivanov/ipo-intel/ipo-intel/.venv_airflow/lib/python3.11/site-packages/airflow/example_dags/example_task_group_decorator.py
[2026-03-18T17:08:51.178+0100] {processor.py:925} INFO - DAG(s) 'example_task_group_decorator' retrieved from /Users/atanasivanov/ipo-intel/ipo-intel/.venv_airflow/lib/python3.11/site-packages/airflow/example_dags/example_task_group_decorator.py
[2026-03-18T17:08:51.257+0100] {logging_mixin.py:190} INFO - [2026-03-18T17:08:51.257+0100] {dag.py:3239} INFO - Sync 1 DAGs
[2026-03-18T17:08:51.316+0100] {logging_mixin.py:190} INFO - [2026-03-18T17:08:51.316+0100] {dag.py:4180} INFO - Setting next_dagrun for example_task_group_decorator to None, run_after=None
[2026-03-18T17:08:51.333+0100] {processor.py:208} INFO - Processing /Users/atanasivanov/ipo-intel/ipo-intel/.venv_airflow/lib/python3.11/site-packages/airflow/example_dags/example_task_group_decorator.py took 0.201 seconds
[2026-03-18T17:10:51.687+0100] {processor.py:186} INFO - Started process (PID=58601) to work on /Users/atanasivanov/ipo-intel/ipo-intel/.venv_airflow/lib/python3.11/site-packages/airflow/example_dags/example_task_group_decorator.py
[2026-03-18T17:10:51.688+0100] {processor.py:914} INFO - Processing file /Users/atanasivanov/ipo-intel/ipo-intel/.venv_airflow/lib/python3.11/site-packages/airflow/example_dags/example_task_group_decorator.py for tasks to queue
[2026-03-18T17:10:51.689+0100] {logging_mixin.py:190} INFO - [2026-03-18T17:10:51.689+0100] {dagbag.py:588} INFO - Filling up the DagBag from /Users/atanasivanov/ipo-intel/ipo-intel/.venv_airflow/lib/python3.11/site-packages/airflow/example_dags/example_task_group_decorator.py
[2026-03-18T17:10:51.728+0100] {processor.py:925} INFO - DAG(s) 'example_task_group_decorator' retrieved from /Users/atanasivanov/ipo-intel/ipo-intel/.venv_airflow/lib/python3.11/site-packages/airflow/example_dags/example_task_group_decorator.py
[2026-03-18T17:10:51.820+0100] {logging_mixin.py:190} INFO - [2026-03-18T17:10:51.820+0100] {dag.py:3239} INFO - Sync 1 DAGs
[2026-03-18T17:10:51.878+0100] {logging_mixin.py:190} INFO - [2026-03-18T17:10:51.877+0100] {dag.py:4180} INFO - Setting next_dagrun for example_task_group_decorator to None, run_after=None
[2026-03-18T17:10:51.894+0100] {processor.py:208} INFO - Processing /Users/atanasivanov/ipo-intel/ipo-intel/.venv_airflow/lib/python3.11/site-packages/airflow/example_dags/example_task_group_decorator.py took 0.212 seconds
[2026-03-18T17:12:55.065+0100] {processor.py:186} INFO - Started process (PID=59294) to work on /Users/atanasivanov/ipo-intel/ipo-intel/.venv_airflow/lib/python3.11/site-packages/airflow/example_dags/example_task_group_decorator.py
[2026-03-18T17:12:55.066+0100] {processor.py:914} INFO - Processing file /Users/atanasivanov/ipo-intel/ipo-intel/.venv_airflow/lib/python3.11/site-packages/airflow/example_dags/example_task_group_decorator.py for tasks to queue
[2026-03-18T17:12:55.067+0100] {logging_mixin.py:190} INFO - [2026-03-18T17:12:55.067+0100] {dagbag.py:588} INFO - Filling up the DagBag from /Users/atanasivanov/ipo-intel/ipo-intel/.venv_airflow/lib/python3.11/site-packages/airflow/example_dags/example_task_group_decorator.py
[2026-03-18T17:12:55.106+0100] {processor.py:925} INFO - DAG(s) 'example_task_group_decorator' retrieved from /Users/atanasivanov/ipo-intel/ipo-intel/.venv_airflow/lib/python3.11/site-packages/airflow/example_dags/example_task_group_decorator.py
[2026-03-18T17:12:55.185+0100] {logging_mixin.py:190} INFO - [2026-03-18T17:12:55.184+0100] {dag.py:3239} INFO - Sync 1 DAGs
[2026-03-18T17:12:55.248+0100] {logging_mixin.py:190} INFO - [2026-03-18T17:12:55.248+0100] {dag.py:4180} INFO - Setting next_dagrun for example_task_group_decorator to None, run_after=None
[2026-03-18T17:12:55.267+0100] {processor.py:208} INFO - Processing /Users/atanasivanov/ipo-intel/ipo-intel/.venv_airflow/lib/python3.11/site-packages/airflow/example_dags/example_task_group_decorator.py took 0.207 seconds
[2026-03-18T17:14:59.358+0100] {processor.py:186} INFO - Started process (PID=59931) to work on /Users/atanasivanov/ipo-intel/ipo-intel/.venv_airflow/lib/python3.11/site-packages/airflow/example_dags/example_task_group_decorator.py
[2026-03-18T17:14:59.359+0100] {processor.py:914} INFO - Processing file /Users/atanasivanov/ipo-intel/ipo-intel/.venv_airflow/lib/python3.11/site-packages/airflow/example_dags/example_task_group_decorator.py for tasks to queue
[2026-03-18T17:14:59.361+0100] {logging_mixin.py:190} INFO - [2026-03-18T17:14:59.361+0100] {dagbag.py:588} INFO - Filling up the DagBag from /Users/atanasivanov/ipo-intel/ipo-intel/.venv_airflow/lib/python3.11/site-packages/airflow/example_dags/example_task_group_decorator.py
[2026-03-18T17:14:59.408+0100] {processor.py:925} INFO - DAG(s) 'example_task_group_decorator' retrieved from /Users/atanasivanov/ipo-intel/ipo-intel/.venv_airflow/lib/python3.11/site-packages/airflow/example_dags/example_task_group_decorator.py
[2026-03-18T17:14:59.497+0100] {logging_mixin.py:190} INFO - [2026-03-18T17:14:59.496+0100] {dag.py:3239} INFO - Sync 1 DAGs
[2026-03-18T17:14:59.562+0100] {logging_mixin.py:190} INFO - [2026-03-18T17:14:59.561+0100] {dag.py:4180} INFO - Setting next_dagrun for example_task_group_decorator to None, run_after=None
[2026-03-18T17:14:59.580+0100] {processor.py:208} INFO - Processing /Users/atanasivanov/ipo-intel/ipo-intel/.venv_airflow/lib/python3.11/site-packages/airflow/example_dags/example_task_group_decorator.py took 0.227 seconds
