[2026-03-18T16:16:10.303+0100] {processor.py:186} INFO - Started process (PID=44462) to work on /Users/atanasivanov/ipo-intel/ipo-intel/.venv_airflow/lib/python3.11/site-packages/airflow/example_dags/example_task_group.py
[2026-03-18T16:16:10.304+0100] {processor.py:914} INFO - Processing file /Users/atanasivanov/ipo-intel/ipo-intel/.venv_airflow/lib/python3.11/site-packages/airflow/example_dags/example_task_group.py for tasks to queue
[2026-03-18T16:16:10.305+0100] {logging_mixin.py:190} INFO - [2026-03-18T16:16:10.305+0100] {dagbag.py:588} INFO - Filling up the DagBag from /Users/atanasivanov/ipo-intel/ipo-intel/.venv_airflow/lib/python3.11/site-packages/airflow/example_dags/example_task_group.py
[2026-03-18T16:16:10.313+0100] {processor.py:925} INFO - DAG(s) 'example_task_group' retrieved from /Users/atanasivanov/ipo-intel/ipo-intel/.venv_airflow/lib/python3.11/site-packages/airflow/example_dags/example_task_group.py
[2026-03-18T16:16:10.512+0100] {logging_mixin.py:190} INFO - [2026-03-18T16:16:10.512+0100] {override.py:1912} INFO - Created Permission View: can edit on DAG:example_task_group
[2026-03-18T16:16:10.522+0100] {logging_mixin.py:190} INFO - [2026-03-18T16:16:10.521+0100] {override.py:1912} INFO - Created Permission View: can read on DAG:example_task_group
[2026-03-18T16:16:10.527+0100] {logging_mixin.py:190} INFO - [2026-03-18T16:16:10.527+0100] {override.py:1912} INFO - Created Permission View: can delete on DAG:example_task_group
[2026-03-18T16:16:10.534+0100] {logging_mixin.py:190} INFO - [2026-03-18T16:16:10.534+0100] {override.py:1912} INFO - Created Permission View: can create on DAG Run:example_task_group
[2026-03-18T16:16:10.539+0100] {logging_mixin.py:190} INFO - [2026-03-18T16:16:10.538+0100] {override.py:1912} INFO - Created Permission View: menu access on DAG Run:example_task_group
[2026-03-18T16:16:10.543+0100] {logging_mixin.py:190} INFO - [2026-03-18T16:16:10.543+0100] {override.py:1912} INFO - Created Permission View: can read on DAG Run:example_task_group
[2026-03-18T16:16:10.548+0100] {logging_mixin.py:190} INFO - [2026-03-18T16:16:10.548+0100] {override.py:1912} INFO - Created Permission View: can delete on DAG Run:example_task_group
[2026-03-18T16:16:10.548+0100] {logging_mixin.py:190} INFO - [2026-03-18T16:16:10.548+0100] {dag.py:3239} INFO - Sync 1 DAGs
[2026-03-18T16:16:10.558+0100] {logging_mixin.py:190} INFO - [2026-03-18T16:16:10.557+0100] {dag.py:3262} INFO - Creating ORM DAG for example_task_group
[2026-03-18T16:16:10.558+0100] {logging_mixin.py:190} INFO - [2026-03-18T16:16:10.558+0100] {dag.py:4180} INFO - Setting next_dagrun for example_task_group to None, run_after=None
[2026-03-18T16:16:10.571+0100] {processor.py:208} INFO - Processing /Users/atanasivanov/ipo-intel/ipo-intel/.venv_airflow/lib/python3.11/site-packages/airflow/example_dags/example_task_group.py took 0.273 seconds
[2026-03-18T16:20:20.693+0100] {processor.py:186} INFO - Started process (PID=45324) to work on /Users/atanasivanov/ipo-intel/ipo-intel/.venv_airflow/lib/python3.11/site-packages/airflow/example_dags/example_task_group.py
[2026-03-18T16:20:20.694+0100] {processor.py:914} INFO - Processing file /Users/atanasivanov/ipo-intel/ipo-intel/.venv_airflow/lib/python3.11/site-packages/airflow/example_dags/example_task_group.py for tasks to queue
[2026-03-18T16:20:20.695+0100] {logging_mixin.py:190} INFO - [2026-03-18T16:20:20.695+0100] {dagbag.py:588} INFO - Filling up the DagBag from /Users/atanasivanov/ipo-intel/ipo-intel/.venv_airflow/lib/python3.11/site-packages/airflow/example_dags/example_task_group.py
[2026-03-18T16:20:20.704+0100] {processor.py:925} INFO - DAG(s) 'example_task_group' retrieved from /Users/atanasivanov/ipo-intel/ipo-intel/.venv_airflow/lib/python3.11/site-packages/airflow/example_dags/example_task_group.py
[2026-03-18T16:20:20.790+0100] {logging_mixin.py:190} INFO - [2026-03-18T16:20:20.790+0100] {dag.py:3239} INFO - Sync 1 DAGs
[2026-03-18T16:20:20.798+0100] {logging_mixin.py:190} INFO - [2026-03-18T16:20:20.798+0100] {dag.py:4180} INFO - Setting next_dagrun for example_task_group to None, run_after=None
[2026-03-18T16:20:20.812+0100] {processor.py:208} INFO - Processing /Users/atanasivanov/ipo-intel/ipo-intel/.venv_airflow/lib/python3.11/site-packages/airflow/example_dags/example_task_group.py took 0.125 seconds
[2026-03-18T16:23:00.379+0100] {processor.py:186} INFO - Started process (PID=45947) to work on /Users/atanasivanov/ipo-intel/ipo-intel/.venv_airflow/lib/python3.11/site-packages/airflow/example_dags/example_task_group.py
[2026-03-18T16:23:00.380+0100] {processor.py:914} INFO - Processing file /Users/atanasivanov/ipo-intel/ipo-intel/.venv_airflow/lib/python3.11/site-packages/airflow/example_dags/example_task_group.py for tasks to queue
[2026-03-18T16:23:00.380+0100] {logging_mixin.py:190} INFO - [2026-03-18T16:23:00.380+0100] {dagbag.py:588} INFO - Filling up the DagBag from /Users/atanasivanov/ipo-intel/ipo-intel/.venv_airflow/lib/python3.11/site-packages/airflow/example_dags/example_task_group.py
[2026-03-18T16:23:00.389+0100] {processor.py:925} INFO - DAG(s) 'example_task_group' retrieved from /Users/atanasivanov/ipo-intel/ipo-intel/.venv_airflow/lib/python3.11/site-packages/airflow/example_dags/example_task_group.py
[2026-03-18T16:23:00.468+0100] {logging_mixin.py:190} INFO - [2026-03-18T16:23:00.468+0100] {dag.py:3239} INFO - Sync 1 DAGs
[2026-03-18T16:23:00.479+0100] {logging_mixin.py:190} INFO - [2026-03-18T16:23:00.479+0100] {dag.py:4180} INFO - Setting next_dagrun for example_task_group to None, run_after=None
[2026-03-18T16:23:00.496+0100] {processor.py:208} INFO - Processing /Users/atanasivanov/ipo-intel/ipo-intel/.venv_airflow/lib/python3.11/site-packages/airflow/example_dags/example_task_group.py took 0.122 seconds
[2026-03-18T16:25:04.842+0100] {processor.py:186} INFO - Started process (PID=46402) to work on /Users/atanasivanov/ipo-intel/ipo-intel/.venv_airflow/lib/python3.11/site-packages/airflow/example_dags/example_task_group.py
[2026-03-18T16:25:04.843+0100] {processor.py:914} INFO - Processing file /Users/atanasivanov/ipo-intel/ipo-intel/.venv_airflow/lib/python3.11/site-packages/airflow/example_dags/example_task_group.py for tasks to queue
[2026-03-18T16:25:04.845+0100] {logging_mixin.py:190} INFO - [2026-03-18T16:25:04.845+0100] {dagbag.py:588} INFO - Filling up the DagBag from /Users/atanasivanov/ipo-intel/ipo-intel/.venv_airflow/lib/python3.11/site-packages/airflow/example_dags/example_task_group.py
[2026-03-18T16:25:04.854+0100] {processor.py:925} INFO - DAG(s) 'example_task_group' retrieved from /Users/atanasivanov/ipo-intel/ipo-intel/.venv_airflow/lib/python3.11/site-packages/airflow/example_dags/example_task_group.py
[2026-03-18T16:25:04.937+0100] {logging_mixin.py:190} INFO - [2026-03-18T16:25:04.937+0100] {dag.py:3239} INFO - Sync 1 DAGs
[2026-03-18T16:25:04.945+0100] {logging_mixin.py:190} INFO - [2026-03-18T16:25:04.945+0100] {dag.py:4180} INFO - Setting next_dagrun for example_task_group to None, run_after=None
[2026-03-18T16:25:04.960+0100] {processor.py:208} INFO - Processing /Users/atanasivanov/ipo-intel/ipo-intel/.venv_airflow/lib/python3.11/site-packages/airflow/example_dags/example_task_group.py took 0.123 seconds
[2026-03-18T16:27:06.687+0100] {processor.py:186} INFO - Started process (PID=46854) to work on /Users/atanasivanov/ipo-intel/ipo-intel/.venv_airflow/lib/python3.11/site-packages/airflow/example_dags/example_task_group.py
[2026-03-18T16:27:06.688+0100] {processor.py:914} INFO - Processing file /Users/atanasivanov/ipo-intel/ipo-intel/.venv_airflow/lib/python3.11/site-packages/airflow/example_dags/example_task_group.py for tasks to queue
[2026-03-18T16:27:06.689+0100] {logging_mixin.py:190} INFO - [2026-03-18T16:27:06.689+0100] {dagbag.py:588} INFO - Filling up the DagBag from /Users/atanasivanov/ipo-intel/ipo-intel/.venv_airflow/lib/python3.11/site-packages/airflow/example_dags/example_task_group.py
[2026-03-18T16:27:06.699+0100] {processor.py:925} INFO - DAG(s) 'example_task_group' retrieved from /Users/atanasivanov/ipo-intel/ipo-intel/.venv_airflow/lib/python3.11/site-packages/airflow/example_dags/example_task_group.py
[2026-03-18T16:27:06.786+0100] {logging_mixin.py:190} INFO - [2026-03-18T16:27:06.786+0100] {dag.py:3239} INFO - Sync 1 DAGs
[2026-03-18T16:27:06.793+0100] {logging_mixin.py:190} INFO - [2026-03-18T16:27:06.793+0100] {dag.py:4180} INFO - Setting next_dagrun for example_task_group to None, run_after=None
[2026-03-18T16:27:06.808+0100] {processor.py:208} INFO - Processing /Users/atanasivanov/ipo-intel/ipo-intel/.venv_airflow/lib/python3.11/site-packages/airflow/example_dags/example_task_group.py took 0.126 seconds
[2026-03-18T16:29:11.833+0100] {processor.py:186} INFO - Started process (PID=48003) to work on /Users/atanasivanov/ipo-intel/ipo-intel/.venv_airflow/lib/python3.11/site-packages/airflow/example_dags/example_task_group.py
[2026-03-18T16:29:11.834+0100] {processor.py:914} INFO - Processing file /Users/atanasivanov/ipo-intel/ipo-intel/.venv_airflow/lib/python3.11/site-packages/airflow/example_dags/example_task_group.py for tasks to queue
[2026-03-18T16:29:11.834+0100] {logging_mixin.py:190} INFO - [2026-03-18T16:29:11.834+0100] {dagbag.py:588} INFO - Filling up the DagBag from /Users/atanasivanov/ipo-intel/ipo-intel/.venv_airflow/lib/python3.11/site-packages/airflow/example_dags/example_task_group.py
[2026-03-18T16:29:11.842+0100] {processor.py:925} INFO - DAG(s) 'example_task_group' retrieved from /Users/atanasivanov/ipo-intel/ipo-intel/.venv_airflow/lib/python3.11/site-packages/airflow/example_dags/example_task_group.py
[2026-03-18T16:29:11.921+0100] {logging_mixin.py:190} INFO - [2026-03-18T16:29:11.921+0100] {dag.py:3239} INFO - Sync 1 DAGs
[2026-03-18T16:29:11.929+0100] {logging_mixin.py:190} INFO - [2026-03-18T16:29:11.929+0100] {dag.py:4180} INFO - Setting next_dagrun for example_task_group to None, run_after=None
[2026-03-18T16:29:11.942+0100] {processor.py:208} INFO - Processing /Users/atanasivanov/ipo-intel/ipo-intel/.venv_airflow/lib/python3.11/site-packages/airflow/example_dags/example_task_group.py took 0.114 seconds
[2026-03-18T16:31:06.263+0100] {processor.py:186} INFO - Started process (PID=48419) to work on /Users/atanasivanov/ipo-intel/ipo-intel/.venv_airflow/lib/python3.11/site-packages/airflow/example_dags/example_task_group.py
[2026-03-18T16:31:06.264+0100] {processor.py:914} INFO - Processing file /Users/atanasivanov/ipo-intel/ipo-intel/.venv_airflow/lib/python3.11/site-packages/airflow/example_dags/example_task_group.py for tasks to queue
[2026-03-18T16:31:06.265+0100] {logging_mixin.py:190} INFO - [2026-03-18T16:31:06.265+0100] {dagbag.py:588} INFO - Filling up the DagBag from /Users/atanasivanov/ipo-intel/ipo-intel/.venv_airflow/lib/python3.11/site-packages/airflow/example_dags/example_task_group.py
[2026-03-18T16:31:06.273+0100] {processor.py:925} INFO - DAG(s) 'example_task_group' retrieved from /Users/atanasivanov/ipo-intel/ipo-intel/.venv_airflow/lib/python3.11/site-packages/airflow/example_dags/example_task_group.py
[2026-03-18T16:31:06.354+0100] {logging_mixin.py:190} INFO - [2026-03-18T16:31:06.353+0100] {dag.py:3239} INFO - Sync 1 DAGs
[2026-03-18T16:31:06.361+0100] {logging_mixin.py:190} INFO - [2026-03-18T16:31:06.361+0100] {dag.py:4180} INFO - Setting next_dagrun for example_task_group to None, run_after=None
[2026-03-18T16:31:06.375+0100] {processor.py:208} INFO - Processing /Users/atanasivanov/ipo-intel/ipo-intel/.venv_airflow/lib/python3.11/site-packages/airflow/example_dags/example_task_group.py took 0.116 seconds
[2026-03-18T16:32:59.156+0100] {processor.py:186} INFO - Started process (PID=48828) to work on /Users/atanasivanov/ipo-intel/ipo-intel/.venv_airflow/lib/python3.11/site-packages/airflow/example_dags/example_task_group.py
[2026-03-18T16:32:59.157+0100] {processor.py:914} INFO - Processing file /Users/atanasivanov/ipo-intel/ipo-intel/.venv_airflow/lib/python3.11/site-packages/airflow/example_dags/example_task_group.py for tasks to queue
[2026-03-18T16:32:59.158+0100] {logging_mixin.py:190} INFO - [2026-03-18T16:32:59.157+0100] {dagbag.py:588} INFO - Filling up the DagBag from /Users/atanasivanov/ipo-intel/ipo-intel/.venv_airflow/lib/python3.11/site-packages/airflow/example_dags/example_task_group.py
[2026-03-18T16:32:59.166+0100] {processor.py:925} INFO - DAG(s) 'example_task_group' retrieved from /Users/atanasivanov/ipo-intel/ipo-intel/.venv_airflow/lib/python3.11/site-packages/airflow/example_dags/example_task_group.py
[2026-03-18T16:32:59.246+0100] {logging_mixin.py:190} INFO - [2026-03-18T16:32:59.246+0100] {dag.py:3239} INFO - Sync 1 DAGs
[2026-03-18T16:32:59.254+0100] {logging_mixin.py:190} INFO - [2026-03-18T16:32:59.253+0100] {dag.py:4180} INFO - Setting next_dagrun for example_task_group to None, run_after=None
[2026-03-18T16:32:59.267+0100] {processor.py:208} INFO - Processing /Users/atanasivanov/ipo-intel/ipo-intel/.venv_airflow/lib/python3.11/site-packages/airflow/example_dags/example_task_group.py took 0.117 seconds
[2026-03-18T16:34:54.181+0100] {processor.py:186} INFO - Started process (PID=49251) to work on /Users/atanasivanov/ipo-intel/ipo-intel/.venv_airflow/lib/python3.11/site-packages/airflow/example_dags/example_task_group.py
[2026-03-18T16:34:54.182+0100] {processor.py:914} INFO - Processing file /Users/atanasivanov/ipo-intel/ipo-intel/.venv_airflow/lib/python3.11/site-packages/airflow/example_dags/example_task_group.py for tasks to queue
[2026-03-18T16:34:54.183+0100] {logging_mixin.py:190} INFO - [2026-03-18T16:34:54.183+0100] {dagbag.py:588} INFO - Filling up the DagBag from /Users/atanasivanov/ipo-intel/ipo-intel/.venv_airflow/lib/python3.11/site-packages/airflow/example_dags/example_task_group.py
[2026-03-18T16:34:54.193+0100] {processor.py:925} INFO - DAG(s) 'example_task_group' retrieved from /Users/atanasivanov/ipo-intel/ipo-intel/.venv_airflow/lib/python3.11/site-packages/airflow/example_dags/example_task_group.py
[2026-03-18T16:34:54.273+0100] {logging_mixin.py:190} INFO - [2026-03-18T16:34:54.273+0100] {dag.py:3239} INFO - Sync 1 DAGs
[2026-03-18T16:34:54.280+0100] {logging_mixin.py:190} INFO - [2026-03-18T16:34:54.280+0100] {dag.py:4180} INFO - Setting next_dagrun for example_task_group to None, run_after=None
[2026-03-18T16:34:54.294+0100] {processor.py:208} INFO - Processing /Users/atanasivanov/ipo-intel/ipo-intel/.venv_airflow/lib/python3.11/site-packages/airflow/example_dags/example_task_group.py took 0.118 seconds
[2026-03-18T16:36:48.548+0100] {processor.py:186} INFO - Started process (PID=49663) to work on /Users/atanasivanov/ipo-intel/ipo-intel/.venv_airflow/lib/python3.11/site-packages/airflow/example_dags/example_task_group.py
[2026-03-18T16:36:48.549+0100] {processor.py:914} INFO - Processing file /Users/atanasivanov/ipo-intel/ipo-intel/.venv_airflow/lib/python3.11/site-packages/airflow/example_dags/example_task_group.py for tasks to queue
[2026-03-18T16:36:48.550+0100] {logging_mixin.py:190} INFO - [2026-03-18T16:36:48.550+0100] {dagbag.py:588} INFO - Filling up the DagBag from /Users/atanasivanov/ipo-intel/ipo-intel/.venv_airflow/lib/python3.11/site-packages/airflow/example_dags/example_task_group.py
[2026-03-18T16:36:48.559+0100] {processor.py:925} INFO - DAG(s) 'example_task_group' retrieved from /Users/atanasivanov/ipo-intel/ipo-intel/.venv_airflow/lib/python3.11/site-packages/airflow/example_dags/example_task_group.py
[2026-03-18T16:36:48.638+0100] {logging_mixin.py:190} INFO - [2026-03-18T16:36:48.638+0100] {dag.py:3239} INFO - Sync 1 DAGs
[2026-03-18T16:36:48.646+0100] {logging_mixin.py:190} INFO - [2026-03-18T16:36:48.646+0100] {dag.py:4180} INFO - Setting next_dagrun for example_task_group to None, run_after=None
[2026-03-18T16:36:48.659+0100] {processor.py:208} INFO - Processing /Users/atanasivanov/ipo-intel/ipo-intel/.venv_airflow/lib/python3.11/site-packages/airflow/example_dags/example_task_group.py took 0.116 seconds
[2026-03-18T16:38:39.703+0100] {processor.py:186} INFO - Started process (PID=50067) to work on /Users/atanasivanov/ipo-intel/ipo-intel/.venv_airflow/lib/python3.11/site-packages/airflow/example_dags/example_task_group.py
[2026-03-18T16:38:39.704+0100] {processor.py:914} INFO - Processing file /Users/atanasivanov/ipo-intel/ipo-intel/.venv_airflow/lib/python3.11/site-packages/airflow/example_dags/example_task_group.py for tasks to queue
[2026-03-18T16:38:39.705+0100] {logging_mixin.py:190} INFO - [2026-03-18T16:38:39.705+0100] {dagbag.py:588} INFO - Filling up the DagBag from /Users/atanasivanov/ipo-intel/ipo-intel/.venv_airflow/lib/python3.11/site-packages/airflow/example_dags/example_task_group.py
[2026-03-18T16:38:39.713+0100] {processor.py:925} INFO - DAG(s) 'example_task_group' retrieved from /Users/atanasivanov/ipo-intel/ipo-intel/.venv_airflow/lib/python3.11/site-packages/airflow/example_dags/example_task_group.py
[2026-03-18T16:38:39.794+0100] {logging_mixin.py:190} INFO - [2026-03-18T16:38:39.794+0100] {dag.py:3239} INFO - Sync 1 DAGs
[2026-03-18T16:38:39.802+0100] {logging_mixin.py:190} INFO - [2026-03-18T16:38:39.802+0100] {dag.py:4180} INFO - Setting next_dagrun for example_task_group to None, run_after=None
[2026-03-18T16:38:39.814+0100] {processor.py:208} INFO - Processing /Users/atanasivanov/ipo-intel/ipo-intel/.venv_airflow/lib/python3.11/site-packages/airflow/example_dags/example_task_group.py took 0.116 seconds
[2026-03-18T16:40:42.306+0100] {processor.py:186} INFO - Started process (PID=51402) to work on /Users/atanasivanov/ipo-intel/ipo-intel/.venv_airflow/lib/python3.11/site-packages/airflow/example_dags/example_task_group.py
[2026-03-18T16:40:42.308+0100] {processor.py:914} INFO - Processing file /Users/atanasivanov/ipo-intel/ipo-intel/.venv_airflow/lib/python3.11/site-packages/airflow/example_dags/example_task_group.py for tasks to queue
[2026-03-18T16:40:42.309+0100] {logging_mixin.py:190} INFO - [2026-03-18T16:40:42.309+0100] {dagbag.py:588} INFO - Filling up the DagBag from /Users/atanasivanov/ipo-intel/ipo-intel/.venv_airflow/lib/python3.11/site-packages/airflow/example_dags/example_task_group.py
[2026-03-18T16:40:42.319+0100] {processor.py:925} INFO - DAG(s) 'example_task_group' retrieved from /Users/atanasivanov/ipo-intel/ipo-intel/.venv_airflow/lib/python3.11/site-packages/airflow/example_dags/example_task_group.py
[2026-03-18T16:40:42.426+0100] {logging_mixin.py:190} INFO - [2026-03-18T16:40:42.426+0100] {dag.py:3239} INFO - Sync 1 DAGs
[2026-03-18T16:40:42.438+0100] {logging_mixin.py:190} INFO - [2026-03-18T16:40:42.437+0100] {dag.py:4180} INFO - Setting next_dagrun for example_task_group to None, run_after=None
[2026-03-18T16:40:42.455+0100] {processor.py:208} INFO - Processing /Users/atanasivanov/ipo-intel/ipo-intel/.venv_airflow/lib/python3.11/site-packages/airflow/example_dags/example_task_group.py took 0.155 seconds
[2026-03-18T16:42:45.988+0100] {processor.py:186} INFO - Started process (PID=52077) to work on /Users/atanasivanov/ipo-intel/ipo-intel/.venv_airflow/lib/python3.11/site-packages/airflow/example_dags/example_task_group.py
[2026-03-18T16:42:45.989+0100] {processor.py:914} INFO - Processing file /Users/atanasivanov/ipo-intel/ipo-intel/.venv_airflow/lib/python3.11/site-packages/airflow/example_dags/example_task_group.py for tasks to queue
[2026-03-18T16:42:45.990+0100] {logging_mixin.py:190} INFO - [2026-03-18T16:42:45.989+0100] {dagbag.py:588} INFO - Filling up the DagBag from /Users/atanasivanov/ipo-intel/ipo-intel/.venv_airflow/lib/python3.11/site-packages/airflow/example_dags/example_task_group.py
[2026-03-18T16:42:45.998+0100] {processor.py:925} INFO - DAG(s) 'example_task_group' retrieved from /Users/atanasivanov/ipo-intel/ipo-intel/.venv_airflow/lib/python3.11/site-packages/airflow/example_dags/example_task_group.py
[2026-03-18T16:42:46.083+0100] {logging_mixin.py:190} INFO - [2026-03-18T16:42:46.083+0100] {dag.py:3239} INFO - Sync 1 DAGs
[2026-03-18T16:42:46.091+0100] {logging_mixin.py:190} INFO - [2026-03-18T16:42:46.090+0100] {dag.py:4180} INFO - Setting next_dagrun for example_task_group to None, run_after=None
[2026-03-18T16:42:46.104+0100] {processor.py:208} INFO - Processing /Users/atanasivanov/ipo-intel/ipo-intel/.venv_airflow/lib/python3.11/site-packages/airflow/example_dags/example_task_group.py took 0.121 seconds
[2026-03-18T16:48:23.386+0100] {processor.py:186} INFO - Started process (PID=53298) to work on /Users/atanasivanov/ipo-intel/ipo-intel/.venv_airflow/lib/python3.11/site-packages/airflow/example_dags/example_task_group.py
[2026-03-18T16:48:23.387+0100] {processor.py:914} INFO - Processing file /Users/atanasivanov/ipo-intel/ipo-intel/.venv_airflow/lib/python3.11/site-packages/airflow/example_dags/example_task_group.py for tasks to queue
[2026-03-18T16:48:23.388+0100] {logging_mixin.py:190} INFO - [2026-03-18T16:48:23.388+0100] {dagbag.py:588} INFO - Filling up the DagBag from /Users/atanasivanov/ipo-intel/ipo-intel/.venv_airflow/lib/python3.11/site-packages/airflow/example_dags/example_task_group.py
[2026-03-18T16:48:23.396+0100] {processor.py:925} INFO - DAG(s) 'example_task_group' retrieved from /Users/atanasivanov/ipo-intel/ipo-intel/.venv_airflow/lib/python3.11/site-packages/airflow/example_dags/example_task_group.py
[2026-03-18T16:48:23.476+0100] {logging_mixin.py:190} INFO - [2026-03-18T16:48:23.476+0100] {dag.py:3239} INFO - Sync 1 DAGs
[2026-03-18T16:48:23.484+0100] {logging_mixin.py:190} INFO - [2026-03-18T16:48:23.484+0100] {dag.py:4180} INFO - Setting next_dagrun for example_task_group to None, run_after=None
[2026-03-18T16:48:23.498+0100] {processor.py:208} INFO - Processing /Users/atanasivanov/ipo-intel/ipo-intel/.venv_airflow/lib/python3.11/site-packages/airflow/example_dags/example_task_group.py took 0.117 seconds
[2026-03-18T16:50:51.142+0100] {processor.py:186} INFO - Started process (PID=53827) to work on /Users/atanasivanov/ipo-intel/ipo-intel/.venv_airflow/lib/python3.11/site-packages/airflow/example_dags/example_task_group.py
[2026-03-18T16:50:51.144+0100] {processor.py:914} INFO - Processing file /Users/atanasivanov/ipo-intel/ipo-intel/.venv_airflow/lib/python3.11/site-packages/airflow/example_dags/example_task_group.py for tasks to queue
[2026-03-18T16:50:51.145+0100] {logging_mixin.py:190} INFO - [2026-03-18T16:50:51.144+0100] {dagbag.py:588} INFO - Filling up the DagBag from /Users/atanasivanov/ipo-intel/ipo-intel/.venv_airflow/lib/python3.11/site-packages/airflow/example_dags/example_task_group.py
[2026-03-18T16:50:51.153+0100] {processor.py:925} INFO - DAG(s) 'example_task_group' retrieved from /Users/atanasivanov/ipo-intel/ipo-intel/.venv_airflow/lib/python3.11/site-packages/airflow/example_dags/example_task_group.py
[2026-03-18T16:50:51.233+0100] {logging_mixin.py:190} INFO - [2026-03-18T16:50:51.233+0100] {dag.py:3239} INFO - Sync 1 DAGs
[2026-03-18T16:50:51.240+0100] {logging_mixin.py:190} INFO - [2026-03-18T16:50:51.240+0100] {dag.py:4180} INFO - Setting next_dagrun for example_task_group to None, run_after=None
[2026-03-18T16:50:51.255+0100] {processor.py:208} INFO - Processing /Users/atanasivanov/ipo-intel/ipo-intel/.venv_airflow/lib/python3.11/site-packages/airflow/example_dags/example_task_group.py took 0.117 seconds
[2026-03-18T16:52:54.106+0100] {processor.py:186} INFO - Started process (PID=54277) to work on /Users/atanasivanov/ipo-intel/ipo-intel/.venv_airflow/lib/python3.11/site-packages/airflow/example_dags/example_task_group.py
[2026-03-18T16:52:54.107+0100] {processor.py:914} INFO - Processing file /Users/atanasivanov/ipo-intel/ipo-intel/.venv_airflow/lib/python3.11/site-packages/airflow/example_dags/example_task_group.py for tasks to queue
[2026-03-18T16:52:54.108+0100] {logging_mixin.py:190} INFO - [2026-03-18T16:52:54.108+0100] {dagbag.py:588} INFO - Filling up the DagBag from /Users/atanasivanov/ipo-intel/ipo-intel/.venv_airflow/lib/python3.11/site-packages/airflow/example_dags/example_task_group.py
[2026-03-18T16:52:54.118+0100] {processor.py:925} INFO - DAG(s) 'example_task_group' retrieved from /Users/atanasivanov/ipo-intel/ipo-intel/.venv_airflow/lib/python3.11/site-packages/airflow/example_dags/example_task_group.py
[2026-03-18T16:52:54.221+0100] {logging_mixin.py:190} INFO - [2026-03-18T16:52:54.220+0100] {dag.py:3239} INFO - Sync 1 DAGs
[2026-03-18T16:52:54.230+0100] {logging_mixin.py:190} INFO - [2026-03-18T16:52:54.230+0100] {dag.py:4180} INFO - Setting next_dagrun for example_task_group to None, run_after=None
[2026-03-18T16:52:54.245+0100] {processor.py:208} INFO - Processing /Users/atanasivanov/ipo-intel/ipo-intel/.venv_airflow/lib/python3.11/site-packages/airflow/example_dags/example_task_group.py took 0.145 seconds
[2026-03-18T16:55:01.513+0100] {processor.py:186} INFO - Started process (PID=55048) to work on /Users/atanasivanov/ipo-intel/ipo-intel/.venv_airflow/lib/python3.11/site-packages/airflow/example_dags/example_task_group.py
[2026-03-18T16:55:01.514+0100] {processor.py:914} INFO - Processing file /Users/atanasivanov/ipo-intel/ipo-intel/.venv_airflow/lib/python3.11/site-packages/airflow/example_dags/example_task_group.py for tasks to queue
[2026-03-18T16:55:01.515+0100] {logging_mixin.py:190} INFO - [2026-03-18T16:55:01.514+0100] {dagbag.py:588} INFO - Filling up the DagBag from /Users/atanasivanov/ipo-intel/ipo-intel/.venv_airflow/lib/python3.11/site-packages/airflow/example_dags/example_task_group.py
[2026-03-18T16:55:01.523+0100] {processor.py:925} INFO - DAG(s) 'example_task_group' retrieved from /Users/atanasivanov/ipo-intel/ipo-intel/.venv_airflow/lib/python3.11/site-packages/airflow/example_dags/example_task_group.py
[2026-03-18T16:55:01.604+0100] {logging_mixin.py:190} INFO - [2026-03-18T16:55:01.604+0100] {dag.py:3239} INFO - Sync 1 DAGs
[2026-03-18T16:55:01.612+0100] {logging_mixin.py:190} INFO - [2026-03-18T16:55:01.612+0100] {dag.py:4180} INFO - Setting next_dagrun for example_task_group to None, run_after=None
[2026-03-18T16:55:01.627+0100] {processor.py:208} INFO - Processing /Users/atanasivanov/ipo-intel/ipo-intel/.venv_airflow/lib/python3.11/site-packages/airflow/example_dags/example_task_group.py took 0.119 seconds
[2026-03-18T16:57:05.481+0100] {processor.py:186} INFO - Started process (PID=55510) to work on /Users/atanasivanov/ipo-intel/ipo-intel/.venv_airflow/lib/python3.11/site-packages/airflow/example_dags/example_task_group.py
[2026-03-18T16:57:05.482+0100] {processor.py:914} INFO - Processing file /Users/atanasivanov/ipo-intel/ipo-intel/.venv_airflow/lib/python3.11/site-packages/airflow/example_dags/example_task_group.py for tasks to queue
[2026-03-18T16:57:05.484+0100] {logging_mixin.py:190} INFO - [2026-03-18T16:57:05.483+0100] {dagbag.py:588} INFO - Filling up the DagBag from /Users/atanasivanov/ipo-intel/ipo-intel/.venv_airflow/lib/python3.11/site-packages/airflow/example_dags/example_task_group.py
[2026-03-18T16:57:05.492+0100] {processor.py:925} INFO - DAG(s) 'example_task_group' retrieved from /Users/atanasivanov/ipo-intel/ipo-intel/.venv_airflow/lib/python3.11/site-packages/airflow/example_dags/example_task_group.py
[2026-03-18T16:57:05.570+0100] {logging_mixin.py:190} INFO - [2026-03-18T16:57:05.570+0100] {dag.py:3239} INFO - Sync 1 DAGs
[2026-03-18T16:57:05.578+0100] {logging_mixin.py:190} INFO - [2026-03-18T16:57:05.578+0100] {dag.py:4180} INFO - Setting next_dagrun for example_task_group to None, run_after=None
[2026-03-18T16:57:05.591+0100] {processor.py:208} INFO - Processing /Users/atanasivanov/ipo-intel/ipo-intel/.venv_airflow/lib/python3.11/site-packages/airflow/example_dags/example_task_group.py took 0.115 seconds
[2026-03-18T16:59:10.268+0100] {processor.py:186} INFO - Started process (PID=55968) to work on /Users/atanasivanov/ipo-intel/ipo-intel/.venv_airflow/lib/python3.11/site-packages/airflow/example_dags/example_task_group.py
[2026-03-18T16:59:10.269+0100] {processor.py:914} INFO - Processing file /Users/atanasivanov/ipo-intel/ipo-intel/.venv_airflow/lib/python3.11/site-packages/airflow/example_dags/example_task_group.py for tasks to queue
[2026-03-18T16:59:10.270+0100] {logging_mixin.py:190} INFO - [2026-03-18T16:59:10.270+0100] {dagbag.py:588} INFO - Filling up the DagBag from /Users/atanasivanov/ipo-intel/ipo-intel/.venv_airflow/lib/python3.11/site-packages/airflow/example_dags/example_task_group.py
[2026-03-18T16:59:10.279+0100] {processor.py:925} INFO - DAG(s) 'example_task_group' retrieved from /Users/atanasivanov/ipo-intel/ipo-intel/.venv_airflow/lib/python3.11/site-packages/airflow/example_dags/example_task_group.py
[2026-03-18T16:59:10.363+0100] {logging_mixin.py:190} INFO - [2026-03-18T16:59:10.363+0100] {dag.py:3239} INFO - Sync 1 DAGs
[2026-03-18T16:59:10.372+0100] {logging_mixin.py:190} INFO - [2026-03-18T16:59:10.371+0100] {dag.py:4180} INFO - Setting next_dagrun for example_task_group to None, run_after=None
[2026-03-18T16:59:10.385+0100] {processor.py:208} INFO - Processing /Users/atanasivanov/ipo-intel/ipo-intel/.venv_airflow/lib/python3.11/site-packages/airflow/example_dags/example_task_group.py took 0.121 seconds
[2026-03-18T17:01:12.006+0100] {processor.py:186} INFO - Started process (PID=56407) to work on /Users/atanasivanov/ipo-intel/ipo-intel/.venv_airflow/lib/python3.11/site-packages/airflow/example_dags/example_task_group.py
[2026-03-18T17:01:12.007+0100] {processor.py:914} INFO - Processing file /Users/atanasivanov/ipo-intel/ipo-intel/.venv_airflow/lib/python3.11/site-packages/airflow/example_dags/example_task_group.py for tasks to queue
[2026-03-18T17:01:12.008+0100] {logging_mixin.py:190} INFO - [2026-03-18T17:01:12.008+0100] {dagbag.py:588} INFO - Filling up the DagBag from /Users/atanasivanov/ipo-intel/ipo-intel/.venv_airflow/lib/python3.11/site-packages/airflow/example_dags/example_task_group.py
[2026-03-18T17:01:12.016+0100] {processor.py:925} INFO - DAG(s) 'example_task_group' retrieved from /Users/atanasivanov/ipo-intel/ipo-intel/.venv_airflow/lib/python3.11/site-packages/airflow/example_dags/example_task_group.py
[2026-03-18T17:01:12.096+0100] {logging_mixin.py:190} INFO - [2026-03-18T17:01:12.096+0100] {dag.py:3239} INFO - Sync 1 DAGs
[2026-03-18T17:01:12.104+0100] {logging_mixin.py:190} INFO - [2026-03-18T17:01:12.104+0100] {dag.py:4180} INFO - Setting next_dagrun for example_task_group to None, run_after=None
[2026-03-18T17:01:12.117+0100] {processor.py:208} INFO - Processing /Users/atanasivanov/ipo-intel/ipo-intel/.venv_airflow/lib/python3.11/site-packages/airflow/example_dags/example_task_group.py took 0.116 seconds
[2026-03-18T17:03:06.546+0100] {processor.py:186} INFO - Started process (PID=56832) to work on /Users/atanasivanov/ipo-intel/ipo-intel/.venv_airflow/lib/python3.11/site-packages/airflow/example_dags/example_task_group.py
[2026-03-18T17:03:06.548+0100] {processor.py:914} INFO - Processing file /Users/atanasivanov/ipo-intel/ipo-intel/.venv_airflow/lib/python3.11/site-packages/airflow/example_dags/example_task_group.py for tasks to queue
[2026-03-18T17:03:06.549+0100] {logging_mixin.py:190} INFO - [2026-03-18T17:03:06.549+0100] {dagbag.py:588} INFO - Filling up the DagBag from /Users/atanasivanov/ipo-intel/ipo-intel/.venv_airflow/lib/python3.11/site-packages/airflow/example_dags/example_task_group.py
[2026-03-18T17:03:06.557+0100] {processor.py:925} INFO - DAG(s) 'example_task_group' retrieved from /Users/atanasivanov/ipo-intel/ipo-intel/.venv_airflow/lib/python3.11/site-packages/airflow/example_dags/example_task_group.py
[2026-03-18T17:03:06.635+0100] {logging_mixin.py:190} INFO - [2026-03-18T17:03:06.635+0100] {dag.py:3239} INFO - Sync 1 DAGs
[2026-03-18T17:03:06.643+0100] {logging_mixin.py:190} INFO - [2026-03-18T17:03:06.643+0100] {dag.py:4180} INFO - Setting next_dagrun for example_task_group to None, run_after=None
[2026-03-18T17:03:06.656+0100] {processor.py:208} INFO - Processing /Users/atanasivanov/ipo-intel/ipo-intel/.venv_airflow/lib/python3.11/site-packages/airflow/example_dags/example_task_group.py took 0.114 seconds
[2026-03-18T17:05:02.455+0100] {processor.py:186} INFO - Started process (PID=57258) to work on /Users/atanasivanov/ipo-intel/ipo-intel/.venv_airflow/lib/python3.11/site-packages/airflow/example_dags/example_task_group.py
[2026-03-18T17:05:02.456+0100] {processor.py:914} INFO - Processing file /Users/atanasivanov/ipo-intel/ipo-intel/.venv_airflow/lib/python3.11/site-packages/airflow/example_dags/example_task_group.py for tasks to queue
[2026-03-18T17:05:02.457+0100] {logging_mixin.py:190} INFO - [2026-03-18T17:05:02.457+0100] {dagbag.py:588} INFO - Filling up the DagBag from /Users/atanasivanov/ipo-intel/ipo-intel/.venv_airflow/lib/python3.11/site-packages/airflow/example_dags/example_task_group.py
[2026-03-18T17:05:02.465+0100] {processor.py:925} INFO - DAG(s) 'example_task_group' retrieved from /Users/atanasivanov/ipo-intel/ipo-intel/.venv_airflow/lib/python3.11/site-packages/airflow/example_dags/example_task_group.py
[2026-03-18T17:05:02.546+0100] {logging_mixin.py:190} INFO - [2026-03-18T17:05:02.546+0100] {dag.py:3239} INFO - Sync 1 DAGs
[2026-03-18T17:05:02.554+0100] {logging_mixin.py:190} INFO - [2026-03-18T17:05:02.553+0100] {dag.py:4180} INFO - Setting next_dagrun for example_task_group to None, run_after=None
[2026-03-18T17:05:02.566+0100] {processor.py:208} INFO - Processing /Users/atanasivanov/ipo-intel/ipo-intel/.venv_airflow/lib/python3.11/site-packages/airflow/example_dags/example_task_group.py took 0.117 seconds
[2026-03-18T17:06:59.969+0100] {processor.py:186} INFO - Started process (PID=57681) to work on /Users/atanasivanov/ipo-intel/ipo-intel/.venv_airflow/lib/python3.11/site-packages/airflow/example_dags/example_task_group.py
[2026-03-18T17:06:59.970+0100] {processor.py:914} INFO - Processing file /Users/atanasivanov/ipo-intel/ipo-intel/.venv_airflow/lib/python3.11/site-packages/airflow/example_dags/example_task_group.py for tasks to queue
[2026-03-18T17:06:59.971+0100] {logging_mixin.py:190} INFO - [2026-03-18T17:06:59.971+0100] {dagbag.py:588} INFO - Filling up the DagBag from /Users/atanasivanov/ipo-intel/ipo-intel/.venv_airflow/lib/python3.11/site-packages/airflow/example_dags/example_task_group.py
[2026-03-18T17:06:59.979+0100] {processor.py:925} INFO - DAG(s) 'example_task_group' retrieved from /Users/atanasivanov/ipo-intel/ipo-intel/.venv_airflow/lib/python3.11/site-packages/airflow/example_dags/example_task_group.py
[2026-03-18T17:07:00.064+0100] {logging_mixin.py:190} INFO - [2026-03-18T17:07:00.063+0100] {dag.py:3239} INFO - Sync 1 DAGs
[2026-03-18T17:07:00.071+0100] {logging_mixin.py:190} INFO - [2026-03-18T17:07:00.071+0100] {dag.py:4180} INFO - Setting next_dagrun for example_task_group to None, run_after=None
[2026-03-18T17:07:00.085+0100] {processor.py:208} INFO - Processing /Users/atanasivanov/ipo-intel/ipo-intel/.venv_airflow/lib/python3.11/site-packages/airflow/example_dags/example_task_group.py took 0.121 seconds
[2026-03-18T17:08:54.009+0100] {processor.py:186} INFO - Started process (PID=58093) to work on /Users/atanasivanov/ipo-intel/ipo-intel/.venv_airflow/lib/python3.11/site-packages/airflow/example_dags/example_task_group.py
[2026-03-18T17:08:54.010+0100] {processor.py:914} INFO - Processing file /Users/atanasivanov/ipo-intel/ipo-intel/.venv_airflow/lib/python3.11/site-packages/airflow/example_dags/example_task_group.py for tasks to queue
[2026-03-18T17:08:54.011+0100] {logging_mixin.py:190} INFO - [2026-03-18T17:08:54.011+0100] {dagbag.py:588} INFO - Filling up the DagBag from /Users/atanasivanov/ipo-intel/ipo-intel/.venv_airflow/lib/python3.11/site-packages/airflow/example_dags/example_task_group.py
[2026-03-18T17:08:54.019+0100] {processor.py:925} INFO - DAG(s) 'example_task_group' retrieved from /Users/atanasivanov/ipo-intel/ipo-intel/.venv_airflow/lib/python3.11/site-packages/airflow/example_dags/example_task_group.py
[2026-03-18T17:08:54.113+0100] {logging_mixin.py:190} INFO - [2026-03-18T17:08:54.113+0100] {dag.py:3239} INFO - Sync 1 DAGs
[2026-03-18T17:08:54.123+0100] {logging_mixin.py:190} INFO - [2026-03-18T17:08:54.123+0100] {dag.py:4180} INFO - Setting next_dagrun for example_task_group to None, run_after=None
[2026-03-18T17:08:54.139+0100] {processor.py:208} INFO - Processing /Users/atanasivanov/ipo-intel/ipo-intel/.venv_airflow/lib/python3.11/site-packages/airflow/example_dags/example_task_group.py took 0.136 seconds
[2026-03-18T17:10:54.332+0100] {processor.py:186} INFO - Started process (PID=58616) to work on /Users/atanasivanov/ipo-intel/ipo-intel/.venv_airflow/lib/python3.11/site-packages/airflow/example_dags/example_task_group.py
[2026-03-18T17:10:54.333+0100] {processor.py:914} INFO - Processing file /Users/atanasivanov/ipo-intel/ipo-intel/.venv_airflow/lib/python3.11/site-packages/airflow/example_dags/example_task_group.py for tasks to queue
[2026-03-18T17:10:54.333+0100] {logging_mixin.py:190} INFO - [2026-03-18T17:10:54.333+0100] {dagbag.py:588} INFO - Filling up the DagBag from /Users/atanasivanov/ipo-intel/ipo-intel/.venv_airflow/lib/python3.11/site-packages/airflow/example_dags/example_task_group.py
[2026-03-18T17:10:54.341+0100] {processor.py:925} INFO - DAG(s) 'example_task_group' retrieved from /Users/atanasivanov/ipo-intel/ipo-intel/.venv_airflow/lib/python3.11/site-packages/airflow/example_dags/example_task_group.py
[2026-03-18T17:10:54.425+0100] {logging_mixin.py:190} INFO - [2026-03-18T17:10:54.425+0100] {dag.py:3239} INFO - Sync 1 DAGs
[2026-03-18T17:10:54.433+0100] {logging_mixin.py:190} INFO - [2026-03-18T17:10:54.433+0100] {dag.py:4180} INFO - Setting next_dagrun for example_task_group to None, run_after=None
[2026-03-18T17:10:54.446+0100] {processor.py:208} INFO - Processing /Users/atanasivanov/ipo-intel/ipo-intel/.venv_airflow/lib/python3.11/site-packages/airflow/example_dags/example_task_group.py took 0.121 seconds
[2026-03-18T17:12:57.752+0100] {processor.py:186} INFO - Started process (PID=59301) to work on /Users/atanasivanov/ipo-intel/ipo-intel/.venv_airflow/lib/python3.11/site-packages/airflow/example_dags/example_task_group.py
[2026-03-18T17:12:57.752+0100] {processor.py:914} INFO - Processing file /Users/atanasivanov/ipo-intel/ipo-intel/.venv_airflow/lib/python3.11/site-packages/airflow/example_dags/example_task_group.py for tasks to queue
[2026-03-18T17:12:57.753+0100] {logging_mixin.py:190} INFO - [2026-03-18T17:12:57.753+0100] {dagbag.py:588} INFO - Filling up the DagBag from /Users/atanasivanov/ipo-intel/ipo-intel/.venv_airflow/lib/python3.11/site-packages/airflow/example_dags/example_task_group.py
[2026-03-18T17:12:57.763+0100] {processor.py:925} INFO - DAG(s) 'example_task_group' retrieved from /Users/atanasivanov/ipo-intel/ipo-intel/.venv_airflow/lib/python3.11/site-packages/airflow/example_dags/example_task_group.py
[2026-03-18T17:12:57.847+0100] {logging_mixin.py:190} INFO - [2026-03-18T17:12:57.846+0100] {dag.py:3239} INFO - Sync 1 DAGs
[2026-03-18T17:12:57.855+0100] {logging_mixin.py:190} INFO - [2026-03-18T17:12:57.855+0100] {dag.py:4180} INFO - Setting next_dagrun for example_task_group to None, run_after=None
[2026-03-18T17:12:57.868+0100] {processor.py:208} INFO - Processing /Users/atanasivanov/ipo-intel/ipo-intel/.venv_airflow/lib/python3.11/site-packages/airflow/example_dags/example_task_group.py took 0.122 seconds
[2026-03-18T17:15:02.204+0100] {processor.py:186} INFO - Started process (PID=59946) to work on /Users/atanasivanov/ipo-intel/ipo-intel/.venv_airflow/lib/python3.11/site-packages/airflow/example_dags/example_task_group.py
[2026-03-18T17:15:02.205+0100] {processor.py:914} INFO - Processing file /Users/atanasivanov/ipo-intel/ipo-intel/.venv_airflow/lib/python3.11/site-packages/airflow/example_dags/example_task_group.py for tasks to queue
[2026-03-18T17:15:02.206+0100] {logging_mixin.py:190} INFO - [2026-03-18T17:15:02.206+0100] {dagbag.py:588} INFO - Filling up the DagBag from /Users/atanasivanov/ipo-intel/ipo-intel/.venv_airflow/lib/python3.11/site-packages/airflow/example_dags/example_task_group.py
[2026-03-18T17:15:02.216+0100] {processor.py:925} INFO - DAG(s) 'example_task_group' retrieved from /Users/atanasivanov/ipo-intel/ipo-intel/.venv_airflow/lib/python3.11/site-packages/airflow/example_dags/example_task_group.py
[2026-03-18T17:15:02.305+0100] {logging_mixin.py:190} INFO - [2026-03-18T17:15:02.305+0100] {dag.py:3239} INFO - Sync 1 DAGs
[2026-03-18T17:15:02.314+0100] {logging_mixin.py:190} INFO - [2026-03-18T17:15:02.313+0100] {dag.py:4180} INFO - Setting next_dagrun for example_task_group to None, run_after=None
[2026-03-18T17:15:02.329+0100] {processor.py:208} INFO - Processing /Users/atanasivanov/ipo-intel/ipo-intel/.venv_airflow/lib/python3.11/site-packages/airflow/example_dags/example_task_group.py took 0.131 seconds
