[2026-03-18T16:21:45.125+0100] {processor.py:186} INFO - Started process (PID=45662) to work on /Users/atanasivanov/ipo-intel/ipo-intel/.venv_airflow/lib/python3.11/site-packages/airflow/example_dags/example_complex.py
[2026-03-18T16:21:45.126+0100] {processor.py:914} INFO - Processing file /Users/atanasivanov/ipo-intel/ipo-intel/.venv_airflow/lib/python3.11/site-packages/airflow/example_dags/example_complex.py for tasks to queue
[2026-03-18T16:21:45.127+0100] {logging_mixin.py:190} INFO - [2026-03-18T16:21:45.127+0100] {dagbag.py:588} INFO - Filling up the DagBag from /Users/atanasivanov/ipo-intel/ipo-intel/.venv_airflow/lib/python3.11/site-packages/airflow/example_dags/example_complex.py
[2026-03-18T16:21:45.143+0100] {processor.py:925} INFO - DAG(s) 'example_complex' retrieved from /Users/atanasivanov/ipo-intel/ipo-intel/.venv_airflow/lib/python3.11/site-packages/airflow/example_dags/example_complex.py
[2026-03-18T16:21:45.362+0100] {logging_mixin.py:190} INFO - [2026-03-18T16:21:45.362+0100] {override.py:1912} INFO - Created Permission View: can read on DAG:example_complex
[2026-03-18T16:21:45.371+0100] {logging_mixin.py:190} INFO - [2026-03-18T16:21:45.371+0100] {override.py:1912} INFO - Created Permission View: can delete on DAG:example_complex
[2026-03-18T16:21:45.377+0100] {logging_mixin.py:190} INFO - [2026-03-18T16:21:45.376+0100] {override.py:1912} INFO - Created Permission View: can edit on DAG:example_complex
[2026-03-18T16:21:45.384+0100] {logging_mixin.py:190} INFO - [2026-03-18T16:21:45.383+0100] {override.py:1912} INFO - Created Permission View: can read on DAG Run:example_complex
[2026-03-18T16:21:45.389+0100] {logging_mixin.py:190} INFO - [2026-03-18T16:21:45.389+0100] {override.py:1912} INFO - Created Permission View: can delete on DAG Run:example_complex
[2026-03-18T16:21:45.394+0100] {logging_mixin.py:190} INFO - [2026-03-18T16:21:45.394+0100] {override.py:1912} INFO - Created Permission View: can create on DAG Run:example_complex
[2026-03-18T16:21:45.399+0100] {logging_mixin.py:190} INFO - [2026-03-18T16:21:45.399+0100] {override.py:1912} INFO - Created Permission View: menu access on DAG Run:example_complex
[2026-03-18T16:21:45.399+0100] {logging_mixin.py:190} INFO - [2026-03-18T16:21:45.399+0100] {dag.py:3239} INFO - Sync 1 DAGs
[2026-03-18T16:21:45.409+0100] {logging_mixin.py:190} INFO - [2026-03-18T16:21:45.409+0100] {dag.py:3262} INFO - Creating ORM DAG for example_complex
[2026-03-18T16:21:45.409+0100] {logging_mixin.py:190} INFO - [2026-03-18T16:21:45.409+0100] {dag.py:4180} INFO - Setting next_dagrun for example_complex to None, run_after=None
[2026-03-18T16:21:45.422+0100] {processor.py:208} INFO - Processing /Users/atanasivanov/ipo-intel/ipo-intel/.venv_airflow/lib/python3.11/site-packages/airflow/example_dags/example_complex.py took 0.303 seconds
[2026-03-18T16:25:54.119+0100] {processor.py:186} INFO - Started process (PID=46592) to work on /Users/atanasivanov/ipo-intel/ipo-intel/.venv_airflow/lib/python3.11/site-packages/airflow/example_dags/example_complex.py
[2026-03-18T16:25:54.120+0100] {processor.py:914} INFO - Processing file /Users/atanasivanov/ipo-intel/ipo-intel/.venv_airflow/lib/python3.11/site-packages/airflow/example_dags/example_complex.py for tasks to queue
[2026-03-18T16:25:54.121+0100] {logging_mixin.py:190} INFO - [2026-03-18T16:25:54.121+0100] {dagbag.py:588} INFO - Filling up the DagBag from /Users/atanasivanov/ipo-intel/ipo-intel/.venv_airflow/lib/python3.11/site-packages/airflow/example_dags/example_complex.py
[2026-03-18T16:25:54.132+0100] {processor.py:925} INFO - DAG(s) 'example_complex' retrieved from /Users/atanasivanov/ipo-intel/ipo-intel/.venv_airflow/lib/python3.11/site-packages/airflow/example_dags/example_complex.py
[2026-03-18T16:25:54.250+0100] {logging_mixin.py:190} INFO - [2026-03-18T16:25:54.250+0100] {dag.py:3239} INFO - Sync 1 DAGs
[2026-03-18T16:25:54.258+0100] {logging_mixin.py:190} INFO - [2026-03-18T16:25:54.258+0100] {dag.py:4180} INFO - Setting next_dagrun for example_complex to None, run_after=None
[2026-03-18T16:25:54.271+0100] {processor.py:208} INFO - Processing /Users/atanasivanov/ipo-intel/ipo-intel/.venv_airflow/lib/python3.11/site-packages/airflow/example_dags/example_complex.py took 0.157 seconds
[2026-03-18T16:29:59.437+0100] {processor.py:186} INFO - Started process (PID=48172) to work on /Users/atanasivanov/ipo-intel/ipo-intel/.venv_airflow/lib/python3.11/site-packages/airflow/example_dags/example_complex.py
[2026-03-18T16:29:59.437+0100] {processor.py:914} INFO - Processing file /Users/atanasivanov/ipo-intel/ipo-intel/.venv_airflow/lib/python3.11/site-packages/airflow/example_dags/example_complex.py for tasks to queue
[2026-03-18T16:29:59.438+0100] {logging_mixin.py:190} INFO - [2026-03-18T16:29:59.438+0100] {dagbag.py:588} INFO - Filling up the DagBag from /Users/atanasivanov/ipo-intel/ipo-intel/.venv_airflow/lib/python3.11/site-packages/airflow/example_dags/example_complex.py
[2026-03-18T16:29:59.450+0100] {processor.py:925} INFO - DAG(s) 'example_complex' retrieved from /Users/atanasivanov/ipo-intel/ipo-intel/.venv_airflow/lib/python3.11/site-packages/airflow/example_dags/example_complex.py
[2026-03-18T16:29:59.538+0100] {logging_mixin.py:190} INFO - [2026-03-18T16:29:59.538+0100] {dag.py:3239} INFO - Sync 1 DAGs
[2026-03-18T16:29:59.546+0100] {logging_mixin.py:190} INFO - [2026-03-18T16:29:59.546+0100] {dag.py:4180} INFO - Setting next_dagrun for example_complex to None, run_after=None
[2026-03-18T16:29:59.559+0100] {processor.py:208} INFO - Processing /Users/atanasivanov/ipo-intel/ipo-intel/.venv_airflow/lib/python3.11/site-packages/airflow/example_dags/example_complex.py took 0.126 seconds
[2026-03-18T16:33:42.848+0100] {processor.py:186} INFO - Started process (PID=48993) to work on /Users/atanasivanov/ipo-intel/ipo-intel/.venv_airflow/lib/python3.11/site-packages/airflow/example_dags/example_complex.py
[2026-03-18T16:33:42.849+0100] {processor.py:914} INFO - Processing file /Users/atanasivanov/ipo-intel/ipo-intel/.venv_airflow/lib/python3.11/site-packages/airflow/example_dags/example_complex.py for tasks to queue
[2026-03-18T16:33:42.850+0100] {logging_mixin.py:190} INFO - [2026-03-18T16:33:42.850+0100] {dagbag.py:588} INFO - Filling up the DagBag from /Users/atanasivanov/ipo-intel/ipo-intel/.venv_airflow/lib/python3.11/site-packages/airflow/example_dags/example_complex.py
[2026-03-18T16:33:42.863+0100] {processor.py:925} INFO - DAG(s) 'example_complex' retrieved from /Users/atanasivanov/ipo-intel/ipo-intel/.venv_airflow/lib/python3.11/site-packages/airflow/example_dags/example_complex.py
[2026-03-18T16:33:42.951+0100] {logging_mixin.py:190} INFO - [2026-03-18T16:33:42.951+0100] {dag.py:3239} INFO - Sync 1 DAGs
[2026-03-18T16:33:42.959+0100] {logging_mixin.py:190} INFO - [2026-03-18T16:33:42.959+0100] {dag.py:4180} INFO - Setting next_dagrun for example_complex to None, run_after=None
[2026-03-18T16:33:42.972+0100] {processor.py:208} INFO - Processing /Users/atanasivanov/ipo-intel/ipo-intel/.venv_airflow/lib/python3.11/site-packages/airflow/example_dags/example_complex.py took 0.128 seconds
[2026-03-18T16:37:31.975+0100] {processor.py:186} INFO - Started process (PID=49823) to work on /Users/atanasivanov/ipo-intel/ipo-intel/.venv_airflow/lib/python3.11/site-packages/airflow/example_dags/example_complex.py
[2026-03-18T16:37:31.976+0100] {processor.py:914} INFO - Processing file /Users/atanasivanov/ipo-intel/ipo-intel/.venv_airflow/lib/python3.11/site-packages/airflow/example_dags/example_complex.py for tasks to queue
[2026-03-18T16:37:31.977+0100] {logging_mixin.py:190} INFO - [2026-03-18T16:37:31.977+0100] {dagbag.py:588} INFO - Filling up the DagBag from /Users/atanasivanov/ipo-intel/ipo-intel/.venv_airflow/lib/python3.11/site-packages/airflow/example_dags/example_complex.py
[2026-03-18T16:37:31.989+0100] {processor.py:925} INFO - DAG(s) 'example_complex' retrieved from /Users/atanasivanov/ipo-intel/ipo-intel/.venv_airflow/lib/python3.11/site-packages/airflow/example_dags/example_complex.py
[2026-03-18T16:37:32.082+0100] {logging_mixin.py:190} INFO - [2026-03-18T16:37:32.082+0100] {dag.py:3239} INFO - Sync 1 DAGs
[2026-03-18T16:37:32.090+0100] {logging_mixin.py:190} INFO - [2026-03-18T16:37:32.090+0100] {dag.py:4180} INFO - Setting next_dagrun for example_complex to None, run_after=None
[2026-03-18T16:37:32.104+0100] {processor.py:208} INFO - Processing /Users/atanasivanov/ipo-intel/ipo-intel/.venv_airflow/lib/python3.11/site-packages/airflow/example_dags/example_complex.py took 0.134 seconds
[2026-03-18T16:41:30.911+0100] {processor.py:186} INFO - Started process (PID=51716) to work on /Users/atanasivanov/ipo-intel/ipo-intel/.venv_airflow/lib/python3.11/site-packages/airflow/example_dags/example_complex.py
[2026-03-18T16:41:30.912+0100] {processor.py:914} INFO - Processing file /Users/atanasivanov/ipo-intel/ipo-intel/.venv_airflow/lib/python3.11/site-packages/airflow/example_dags/example_complex.py for tasks to queue
[2026-03-18T16:41:30.913+0100] {logging_mixin.py:190} INFO - [2026-03-18T16:41:30.913+0100] {dagbag.py:588} INFO - Filling up the DagBag from /Users/atanasivanov/ipo-intel/ipo-intel/.venv_airflow/lib/python3.11/site-packages/airflow/example_dags/example_complex.py
[2026-03-18T16:41:30.926+0100] {processor.py:925} INFO - DAG(s) 'example_complex' retrieved from /Users/atanasivanov/ipo-intel/ipo-intel/.venv_airflow/lib/python3.11/site-packages/airflow/example_dags/example_complex.py
[2026-03-18T16:41:31.017+0100] {logging_mixin.py:190} INFO - [2026-03-18T16:41:31.017+0100] {dag.py:3239} INFO - Sync 1 DAGs
[2026-03-18T16:41:31.025+0100] {logging_mixin.py:190} INFO - [2026-03-18T16:41:31.025+0100] {dag.py:4180} INFO - Setting next_dagrun for example_complex to None, run_after=None
[2026-03-18T16:41:31.038+0100] {processor.py:208} INFO - Processing /Users/atanasivanov/ipo-intel/ipo-intel/.venv_airflow/lib/python3.11/site-packages/airflow/example_dags/example_complex.py took 0.132 seconds
[2026-03-18T16:49:39.446+0100] {processor.py:186} INFO - Started process (PID=53567) to work on /Users/atanasivanov/ipo-intel/ipo-intel/.venv_airflow/lib/python3.11/site-packages/airflow/example_dags/example_complex.py
[2026-03-18T16:49:39.447+0100] {processor.py:914} INFO - Processing file /Users/atanasivanov/ipo-intel/ipo-intel/.venv_airflow/lib/python3.11/site-packages/airflow/example_dags/example_complex.py for tasks to queue
[2026-03-18T16:49:39.448+0100] {logging_mixin.py:190} INFO - [2026-03-18T16:49:39.448+0100] {dagbag.py:588} INFO - Filling up the DagBag from /Users/atanasivanov/ipo-intel/ipo-intel/.venv_airflow/lib/python3.11/site-packages/airflow/example_dags/example_complex.py
[2026-03-18T16:49:39.460+0100] {processor.py:925} INFO - DAG(s) 'example_complex' retrieved from /Users/atanasivanov/ipo-intel/ipo-intel/.venv_airflow/lib/python3.11/site-packages/airflow/example_dags/example_complex.py
[2026-03-18T16:49:39.546+0100] {logging_mixin.py:190} INFO - [2026-03-18T16:49:39.546+0100] {dag.py:3239} INFO - Sync 1 DAGs
[2026-03-18T16:49:39.554+0100] {logging_mixin.py:190} INFO - [2026-03-18T16:49:39.554+0100] {dag.py:4180} INFO - Setting next_dagrun for example_complex to None, run_after=None
[2026-03-18T16:49:39.567+0100] {processor.py:208} INFO - Processing /Users/atanasivanov/ipo-intel/ipo-intel/.venv_airflow/lib/python3.11/site-packages/airflow/example_dags/example_complex.py took 0.126 seconds
[2026-03-18T16:53:44.164+0100] {processor.py:186} INFO - Started process (PID=54552) to work on /Users/atanasivanov/ipo-intel/ipo-intel/.venv_airflow/lib/python3.11/site-packages/airflow/example_dags/example_complex.py
[2026-03-18T16:53:44.165+0100] {processor.py:914} INFO - Processing file /Users/atanasivanov/ipo-intel/ipo-intel/.venv_airflow/lib/python3.11/site-packages/airflow/example_dags/example_complex.py for tasks to queue
[2026-03-18T16:53:44.166+0100] {logging_mixin.py:190} INFO - [2026-03-18T16:53:44.166+0100] {dagbag.py:588} INFO - Filling up the DagBag from /Users/atanasivanov/ipo-intel/ipo-intel/.venv_airflow/lib/python3.11/site-packages/airflow/example_dags/example_complex.py
[2026-03-18T16:53:44.179+0100] {processor.py:925} INFO - DAG(s) 'example_complex' retrieved from /Users/atanasivanov/ipo-intel/ipo-intel/.venv_airflow/lib/python3.11/site-packages/airflow/example_dags/example_complex.py
[2026-03-18T16:53:44.271+0100] {logging_mixin.py:190} INFO - [2026-03-18T16:53:44.271+0100] {dag.py:3239} INFO - Sync 1 DAGs
[2026-03-18T16:53:44.279+0100] {logging_mixin.py:190} INFO - [2026-03-18T16:53:44.279+0100] {dag.py:4180} INFO - Setting next_dagrun for example_complex to None, run_after=None
[2026-03-18T16:53:44.292+0100] {processor.py:208} INFO - Processing /Users/atanasivanov/ipo-intel/ipo-intel/.venv_airflow/lib/python3.11/site-packages/airflow/example_dags/example_complex.py took 0.134 seconds
[2026-03-18T16:57:56.097+0100] {processor.py:186} INFO - Started process (PID=55707) to work on /Users/atanasivanov/ipo-intel/ipo-intel/.venv_airflow/lib/python3.11/site-packages/airflow/example_dags/example_complex.py
[2026-03-18T16:57:56.098+0100] {processor.py:914} INFO - Processing file /Users/atanasivanov/ipo-intel/ipo-intel/.venv_airflow/lib/python3.11/site-packages/airflow/example_dags/example_complex.py for tasks to queue
[2026-03-18T16:57:56.099+0100] {logging_mixin.py:190} INFO - [2026-03-18T16:57:56.099+0100] {dagbag.py:588} INFO - Filling up the DagBag from /Users/atanasivanov/ipo-intel/ipo-intel/.venv_airflow/lib/python3.11/site-packages/airflow/example_dags/example_complex.py
[2026-03-18T16:57:56.112+0100] {processor.py:925} INFO - DAG(s) 'example_complex' retrieved from /Users/atanasivanov/ipo-intel/ipo-intel/.venv_airflow/lib/python3.11/site-packages/airflow/example_dags/example_complex.py
[2026-03-18T16:57:56.203+0100] {logging_mixin.py:190} INFO - [2026-03-18T16:57:56.203+0100] {dag.py:3239} INFO - Sync 1 DAGs
[2026-03-18T16:57:56.211+0100] {logging_mixin.py:190} INFO - [2026-03-18T16:57:56.211+0100] {dag.py:4180} INFO - Setting next_dagrun for example_complex to None, run_after=None
[2026-03-18T16:57:56.225+0100] {processor.py:208} INFO - Processing /Users/atanasivanov/ipo-intel/ipo-intel/.venv_airflow/lib/python3.11/site-packages/airflow/example_dags/example_complex.py took 0.133 seconds
[2026-03-18T17:01:57.679+0100] {processor.py:186} INFO - Started process (PID=56579) to work on /Users/atanasivanov/ipo-intel/ipo-intel/.venv_airflow/lib/python3.11/site-packages/airflow/example_dags/example_complex.py
[2026-03-18T17:01:57.680+0100] {processor.py:914} INFO - Processing file /Users/atanasivanov/ipo-intel/ipo-intel/.venv_airflow/lib/python3.11/site-packages/airflow/example_dags/example_complex.py for tasks to queue
[2026-03-18T17:01:57.681+0100] {logging_mixin.py:190} INFO - [2026-03-18T17:01:57.680+0100] {dagbag.py:588} INFO - Filling up the DagBag from /Users/atanasivanov/ipo-intel/ipo-intel/.venv_airflow/lib/python3.11/site-packages/airflow/example_dags/example_complex.py
[2026-03-18T17:01:57.694+0100] {processor.py:925} INFO - DAG(s) 'example_complex' retrieved from /Users/atanasivanov/ipo-intel/ipo-intel/.venv_airflow/lib/python3.11/site-packages/airflow/example_dags/example_complex.py
[2026-03-18T17:01:57.783+0100] {logging_mixin.py:190} INFO - [2026-03-18T17:01:57.783+0100] {dag.py:3239} INFO - Sync 1 DAGs
[2026-03-18T17:01:57.791+0100] {logging_mixin.py:190} INFO - [2026-03-18T17:01:57.791+0100] {dag.py:4180} INFO - Setting next_dagrun for example_complex to None, run_after=None
[2026-03-18T17:01:57.804+0100] {processor.py:208} INFO - Processing /Users/atanasivanov/ipo-intel/ipo-intel/.venv_airflow/lib/python3.11/site-packages/airflow/example_dags/example_complex.py took 0.131 seconds
[2026-03-18T17:05:50.128+0100] {processor.py:186} INFO - Started process (PID=57428) to work on /Users/atanasivanov/ipo-intel/ipo-intel/.venv_airflow/lib/python3.11/site-packages/airflow/example_dags/example_complex.py
[2026-03-18T17:05:50.129+0100] {processor.py:914} INFO - Processing file /Users/atanasivanov/ipo-intel/ipo-intel/.venv_airflow/lib/python3.11/site-packages/airflow/example_dags/example_complex.py for tasks to queue
[2026-03-18T17:05:50.130+0100] {logging_mixin.py:190} INFO - [2026-03-18T17:05:50.130+0100] {dagbag.py:588} INFO - Filling up the DagBag from /Users/atanasivanov/ipo-intel/ipo-intel/.venv_airflow/lib/python3.11/site-packages/airflow/example_dags/example_complex.py
[2026-03-18T17:05:50.143+0100] {processor.py:925} INFO - DAG(s) 'example_complex' retrieved from /Users/atanasivanov/ipo-intel/ipo-intel/.venv_airflow/lib/python3.11/site-packages/airflow/example_dags/example_complex.py
[2026-03-18T17:05:50.239+0100] {logging_mixin.py:190} INFO - [2026-03-18T17:05:50.239+0100] {dag.py:3239} INFO - Sync 1 DAGs
[2026-03-18T17:05:50.247+0100] {logging_mixin.py:190} INFO - [2026-03-18T17:05:50.247+0100] {dag.py:4180} INFO - Setting next_dagrun for example_complex to None, run_after=None
[2026-03-18T17:05:50.261+0100] {processor.py:208} INFO - Processing /Users/atanasivanov/ipo-intel/ipo-intel/.venv_airflow/lib/python3.11/site-packages/airflow/example_dags/example_complex.py took 0.138 seconds
[2026-03-18T17:09:40.878+0100] {processor.py:186} INFO - Started process (PID=58311) to work on /Users/atanasivanov/ipo-intel/ipo-intel/.venv_airflow/lib/python3.11/site-packages/airflow/example_dags/example_complex.py
[2026-03-18T17:09:40.879+0100] {processor.py:914} INFO - Processing file /Users/atanasivanov/ipo-intel/ipo-intel/.venv_airflow/lib/python3.11/site-packages/airflow/example_dags/example_complex.py for tasks to queue
[2026-03-18T17:09:40.879+0100] {logging_mixin.py:190} INFO - [2026-03-18T17:09:40.879+0100] {dagbag.py:588} INFO - Filling up the DagBag from /Users/atanasivanov/ipo-intel/ipo-intel/.venv_airflow/lib/python3.11/site-packages/airflow/example_dags/example_complex.py
[2026-03-18T17:09:40.892+0100] {processor.py:925} INFO - DAG(s) 'example_complex' retrieved from /Users/atanasivanov/ipo-intel/ipo-intel/.venv_airflow/lib/python3.11/site-packages/airflow/example_dags/example_complex.py
[2026-03-18T17:09:40.982+0100] {logging_mixin.py:190} INFO - [2026-03-18T17:09:40.982+0100] {dag.py:3239} INFO - Sync 1 DAGs
[2026-03-18T17:09:40.990+0100] {logging_mixin.py:190} INFO - [2026-03-18T17:09:40.989+0100] {dag.py:4180} INFO - Setting next_dagrun for example_complex to None, run_after=None
[2026-03-18T17:09:41.003+0100] {processor.py:208} INFO - Processing /Users/atanasivanov/ipo-intel/ipo-intel/.venv_airflow/lib/python3.11/site-packages/airflow/example_dags/example_complex.py took 0.131 seconds
[2026-03-18T17:13:49.811+0100] {processor.py:186} INFO - Started process (PID=59661) to work on /Users/atanasivanov/ipo-intel/ipo-intel/.venv_airflow/lib/python3.11/site-packages/airflow/example_dags/example_complex.py
[2026-03-18T17:13:49.813+0100] {processor.py:914} INFO - Processing file /Users/atanasivanov/ipo-intel/ipo-intel/.venv_airflow/lib/python3.11/site-packages/airflow/example_dags/example_complex.py for tasks to queue
[2026-03-18T17:13:49.814+0100] {logging_mixin.py:190} INFO - [2026-03-18T17:13:49.814+0100] {dagbag.py:588} INFO - Filling up the DagBag from /Users/atanasivanov/ipo-intel/ipo-intel/.venv_airflow/lib/python3.11/site-packages/airflow/example_dags/example_complex.py
[2026-03-18T17:13:49.830+0100] {processor.py:925} INFO - DAG(s) 'example_complex' retrieved from /Users/atanasivanov/ipo-intel/ipo-intel/.venv_airflow/lib/python3.11/site-packages/airflow/example_dags/example_complex.py
[2026-03-18T17:13:49.931+0100] {logging_mixin.py:190} INFO - [2026-03-18T17:13:49.930+0100] {dag.py:3239} INFO - Sync 1 DAGs
[2026-03-18T17:13:49.939+0100] {logging_mixin.py:190} INFO - [2026-03-18T17:13:49.939+0100] {dag.py:4180} INFO - Setting next_dagrun for example_complex to None, run_after=None
[2026-03-18T17:13:49.954+0100] {processor.py:208} INFO - Processing /Users/atanasivanov/ipo-intel/ipo-intel/.venv_airflow/lib/python3.11/site-packages/airflow/example_dags/example_complex.py took 0.148 seconds
