[2026-03-18T16:15:48.090+0100] {processor.py:186} INFO - Started process (PID=44380) to work on /Users/atanasivanov/ipo-intel/ipo-intel/.venv_airflow/lib/python3.11/site-packages/airflow/example_dags/tutorial.py
[2026-03-18T16:15:48.091+0100] {processor.py:914} INFO - Processing file /Users/atanasivanov/ipo-intel/ipo-intel/.venv_airflow/lib/python3.11/site-packages/airflow/example_dags/tutorial.py for tasks to queue
[2026-03-18T16:15:48.092+0100] {logging_mixin.py:190} INFO - [2026-03-18T16:15:48.092+0100] {dagbag.py:588} INFO - Filling up the DagBag from /Users/atanasivanov/ipo-intel/ipo-intel/.venv_airflow/lib/python3.11/site-packages/airflow/example_dags/tutorial.py
[2026-03-18T16:15:48.100+0100] {processor.py:925} INFO - DAG(s) 'tutorial' retrieved from /Users/atanasivanov/ipo-intel/ipo-intel/.venv_airflow/lib/python3.11/site-packages/airflow/example_dags/tutorial.py
[2026-03-18T16:15:48.316+0100] {logging_mixin.py:190} INFO - [2026-03-18T16:15:48.316+0100] {override.py:1912} INFO - Created Permission View: can read on DAG:tutorial
[2026-03-18T16:15:48.326+0100] {logging_mixin.py:190} INFO - [2026-03-18T16:15:48.326+0100] {override.py:1912} INFO - Created Permission View: can edit on DAG:tutorial
[2026-03-18T16:15:48.331+0100] {logging_mixin.py:190} INFO - [2026-03-18T16:15:48.331+0100] {override.py:1912} INFO - Created Permission View: can delete on DAG:tutorial
[2026-03-18T16:15:48.339+0100] {logging_mixin.py:190} INFO - [2026-03-18T16:15:48.339+0100] {override.py:1912} INFO - Created Permission View: can read on DAG Run:tutorial
[2026-03-18T16:15:48.344+0100] {logging_mixin.py:190} INFO - [2026-03-18T16:15:48.344+0100] {override.py:1912} INFO - Created Permission View: menu access on DAG Run:tutorial
[2026-03-18T16:15:48.349+0100] {logging_mixin.py:190} INFO - [2026-03-18T16:15:48.349+0100] {override.py:1912} INFO - Created Permission View: can create on DAG Run:tutorial
[2026-03-18T16:15:48.354+0100] {logging_mixin.py:190} INFO - [2026-03-18T16:15:48.354+0100] {override.py:1912} INFO - Created Permission View: can delete on DAG Run:tutorial
[2026-03-18T16:15:48.354+0100] {logging_mixin.py:190} INFO - [2026-03-18T16:15:48.354+0100] {dag.py:3239} INFO - Sync 1 DAGs
[2026-03-18T16:15:48.363+0100] {logging_mixin.py:190} INFO - [2026-03-18T16:15:48.363+0100] {dag.py:3262} INFO - Creating ORM DAG for tutorial
[2026-03-18T16:15:48.370+0100] {logging_mixin.py:190} INFO - [2026-03-18T16:15:48.370+0100] {dag.py:4180} INFO - Setting next_dagrun for tutorial to 2026-03-17 00:00:00+00:00, run_after=2026-03-18 00:00:00+00:00
[2026-03-18T16:15:48.381+0100] {processor.py:208} INFO - Processing /Users/atanasivanov/ipo-intel/ipo-intel/.venv_airflow/lib/python3.11/site-packages/airflow/example_dags/tutorial.py took 0.297 seconds
[2026-03-18T16:19:59.705+0100] {processor.py:186} INFO - Started process (PID=45241) to work on /Users/atanasivanov/ipo-intel/ipo-intel/.venv_airflow/lib/python3.11/site-packages/airflow/example_dags/tutorial.py
[2026-03-18T16:19:59.706+0100] {processor.py:914} INFO - Processing file /Users/atanasivanov/ipo-intel/ipo-intel/.venv_airflow/lib/python3.11/site-packages/airflow/example_dags/tutorial.py for tasks to queue
[2026-03-18T16:19:59.707+0100] {logging_mixin.py:190} INFO - [2026-03-18T16:19:59.707+0100] {dagbag.py:588} INFO - Filling up the DagBag from /Users/atanasivanov/ipo-intel/ipo-intel/.venv_airflow/lib/python3.11/site-packages/airflow/example_dags/tutorial.py
[2026-03-18T16:19:59.714+0100] {processor.py:925} INFO - DAG(s) 'tutorial' retrieved from /Users/atanasivanov/ipo-intel/ipo-intel/.venv_airflow/lib/python3.11/site-packages/airflow/example_dags/tutorial.py
[2026-03-18T16:19:59.800+0100] {logging_mixin.py:190} INFO - [2026-03-18T16:19:59.800+0100] {dag.py:3239} INFO - Sync 1 DAGs
[2026-03-18T16:19:59.814+0100] {logging_mixin.py:190} INFO - [2026-03-18T16:19:59.814+0100] {dag.py:4180} INFO - Setting next_dagrun for tutorial to 2026-03-17 00:00:00+00:00, run_after=2026-03-18 00:00:00+00:00
[2026-03-18T16:19:59.829+0100] {processor.py:208} INFO - Processing /Users/atanasivanov/ipo-intel/ipo-intel/.venv_airflow/lib/python3.11/site-packages/airflow/example_dags/tutorial.py took 0.128 seconds
[2026-03-18T16:22:38.694+0100] {processor.py:186} INFO - Started process (PID=45868) to work on /Users/atanasivanov/ipo-intel/ipo-intel/.venv_airflow/lib/python3.11/site-packages/airflow/example_dags/tutorial.py
[2026-03-18T16:22:38.695+0100] {processor.py:914} INFO - Processing file /Users/atanasivanov/ipo-intel/ipo-intel/.venv_airflow/lib/python3.11/site-packages/airflow/example_dags/tutorial.py for tasks to queue
[2026-03-18T16:22:38.696+0100] {logging_mixin.py:190} INFO - [2026-03-18T16:22:38.696+0100] {dagbag.py:588} INFO - Filling up the DagBag from /Users/atanasivanov/ipo-intel/ipo-intel/.venv_airflow/lib/python3.11/site-packages/airflow/example_dags/tutorial.py
[2026-03-18T16:22:38.703+0100] {processor.py:925} INFO - DAG(s) 'tutorial' retrieved from /Users/atanasivanov/ipo-intel/ipo-intel/.venv_airflow/lib/python3.11/site-packages/airflow/example_dags/tutorial.py
[2026-03-18T16:22:38.784+0100] {logging_mixin.py:190} INFO - [2026-03-18T16:22:38.783+0100] {dag.py:3239} INFO - Sync 1 DAGs
[2026-03-18T16:22:38.797+0100] {logging_mixin.py:190} INFO - [2026-03-18T16:22:38.796+0100] {dag.py:4180} INFO - Setting next_dagrun for tutorial to 2026-03-17 00:00:00+00:00, run_after=2026-03-18 00:00:00+00:00
[2026-03-18T16:22:38.810+0100] {processor.py:208} INFO - Processing /Users/atanasivanov/ipo-intel/ipo-intel/.venv_airflow/lib/python3.11/site-packages/airflow/example_dags/tutorial.py took 0.122 seconds
[2026-03-18T16:24:46.221+0100] {processor.py:186} INFO - Started process (PID=46331) to work on /Users/atanasivanov/ipo-intel/ipo-intel/.venv_airflow/lib/python3.11/site-packages/airflow/example_dags/tutorial.py
[2026-03-18T16:24:46.222+0100] {processor.py:914} INFO - Processing file /Users/atanasivanov/ipo-intel/ipo-intel/.venv_airflow/lib/python3.11/site-packages/airflow/example_dags/tutorial.py for tasks to queue
[2026-03-18T16:24:46.223+0100] {logging_mixin.py:190} INFO - [2026-03-18T16:24:46.223+0100] {dagbag.py:588} INFO - Filling up the DagBag from /Users/atanasivanov/ipo-intel/ipo-intel/.venv_airflow/lib/python3.11/site-packages/airflow/example_dags/tutorial.py
[2026-03-18T16:24:46.230+0100] {processor.py:925} INFO - DAG(s) 'tutorial' retrieved from /Users/atanasivanov/ipo-intel/ipo-intel/.venv_airflow/lib/python3.11/site-packages/airflow/example_dags/tutorial.py
[2026-03-18T16:24:46.313+0100] {logging_mixin.py:190} INFO - [2026-03-18T16:24:46.312+0100] {dag.py:3239} INFO - Sync 1 DAGs
[2026-03-18T16:24:46.325+0100] {logging_mixin.py:190} INFO - [2026-03-18T16:24:46.325+0100] {dag.py:4180} INFO - Setting next_dagrun for tutorial to 2026-03-17 00:00:00+00:00, run_after=2026-03-18 00:00:00+00:00
[2026-03-18T16:24:46.339+0100] {processor.py:208} INFO - Processing /Users/atanasivanov/ipo-intel/ipo-intel/.venv_airflow/lib/python3.11/site-packages/airflow/example_dags/tutorial.py took 0.123 seconds
[2026-03-18T16:26:46.541+0100] {processor.py:186} INFO - Started process (PID=46780) to work on /Users/atanasivanov/ipo-intel/ipo-intel/.venv_airflow/lib/python3.11/site-packages/airflow/example_dags/tutorial.py
[2026-03-18T16:26:46.543+0100] {processor.py:914} INFO - Processing file /Users/atanasivanov/ipo-intel/ipo-intel/.venv_airflow/lib/python3.11/site-packages/airflow/example_dags/tutorial.py for tasks to queue
[2026-03-18T16:26:46.544+0100] {logging_mixin.py:190} INFO - [2026-03-18T16:26:46.544+0100] {dagbag.py:588} INFO - Filling up the DagBag from /Users/atanasivanov/ipo-intel/ipo-intel/.venv_airflow/lib/python3.11/site-packages/airflow/example_dags/tutorial.py
[2026-03-18T16:26:46.552+0100] {processor.py:925} INFO - DAG(s) 'tutorial' retrieved from /Users/atanasivanov/ipo-intel/ipo-intel/.venv_airflow/lib/python3.11/site-packages/airflow/example_dags/tutorial.py
[2026-03-18T16:26:46.635+0100] {logging_mixin.py:190} INFO - [2026-03-18T16:26:46.635+0100] {dag.py:3239} INFO - Sync 1 DAGs
[2026-03-18T16:26:46.649+0100] {logging_mixin.py:190} INFO - [2026-03-18T16:26:46.649+0100] {dag.py:4180} INFO - Setting next_dagrun for tutorial to 2026-03-17 00:00:00+00:00, run_after=2026-03-18 00:00:00+00:00
[2026-03-18T16:26:46.663+0100] {processor.py:208} INFO - Processing /Users/atanasivanov/ipo-intel/ipo-intel/.venv_airflow/lib/python3.11/site-packages/airflow/example_dags/tutorial.py took 0.127 seconds
[2026-03-18T16:28:49.524+0100] {processor.py:186} INFO - Started process (PID=47926) to work on /Users/atanasivanov/ipo-intel/ipo-intel/.venv_airflow/lib/python3.11/site-packages/airflow/example_dags/tutorial.py
[2026-03-18T16:28:49.525+0100] {processor.py:914} INFO - Processing file /Users/atanasivanov/ipo-intel/ipo-intel/.venv_airflow/lib/python3.11/site-packages/airflow/example_dags/tutorial.py for tasks to queue
[2026-03-18T16:28:49.526+0100] {logging_mixin.py:190} INFO - [2026-03-18T16:28:49.526+0100] {dagbag.py:588} INFO - Filling up the DagBag from /Users/atanasivanov/ipo-intel/ipo-intel/.venv_airflow/lib/python3.11/site-packages/airflow/example_dags/tutorial.py
[2026-03-18T16:28:49.532+0100] {processor.py:925} INFO - DAG(s) 'tutorial' retrieved from /Users/atanasivanov/ipo-intel/ipo-intel/.venv_airflow/lib/python3.11/site-packages/airflow/example_dags/tutorial.py
[2026-03-18T16:28:49.610+0100] {logging_mixin.py:190} INFO - [2026-03-18T16:28:49.610+0100] {dag.py:3239} INFO - Sync 1 DAGs
[2026-03-18T16:28:49.623+0100] {logging_mixin.py:190} INFO - [2026-03-18T16:28:49.623+0100] {dag.py:4180} INFO - Setting next_dagrun for tutorial to 2026-03-17 00:00:00+00:00, run_after=2026-03-18 00:00:00+00:00
[2026-03-18T16:28:49.636+0100] {processor.py:208} INFO - Processing /Users/atanasivanov/ipo-intel/ipo-intel/.venv_airflow/lib/python3.11/site-packages/airflow/example_dags/tutorial.py took 0.117 seconds
[2026-03-18T16:30:47.370+0100] {processor.py:186} INFO - Started process (PID=48350) to work on /Users/atanasivanov/ipo-intel/ipo-intel/.venv_airflow/lib/python3.11/site-packages/airflow/example_dags/tutorial.py
[2026-03-18T16:30:47.371+0100] {processor.py:914} INFO - Processing file /Users/atanasivanov/ipo-intel/ipo-intel/.venv_airflow/lib/python3.11/site-packages/airflow/example_dags/tutorial.py for tasks to queue
[2026-03-18T16:30:47.372+0100] {logging_mixin.py:190} INFO - [2026-03-18T16:30:47.372+0100] {dagbag.py:588} INFO - Filling up the DagBag from /Users/atanasivanov/ipo-intel/ipo-intel/.venv_airflow/lib/python3.11/site-packages/airflow/example_dags/tutorial.py
[2026-03-18T16:30:47.380+0100] {processor.py:925} INFO - DAG(s) 'tutorial' retrieved from /Users/atanasivanov/ipo-intel/ipo-intel/.venv_airflow/lib/python3.11/site-packages/airflow/example_dags/tutorial.py
[2026-03-18T16:30:47.460+0100] {logging_mixin.py:190} INFO - [2026-03-18T16:30:47.459+0100] {dag.py:3239} INFO - Sync 1 DAGs
[2026-03-18T16:30:47.472+0100] {logging_mixin.py:190} INFO - [2026-03-18T16:30:47.472+0100] {dag.py:4180} INFO - Setting next_dagrun for tutorial to 2026-03-17 00:00:00+00:00, run_after=2026-03-18 00:00:00+00:00
[2026-03-18T16:30:47.486+0100] {processor.py:208} INFO - Processing /Users/atanasivanov/ipo-intel/ipo-intel/.venv_airflow/lib/python3.11/site-packages/airflow/example_dags/tutorial.py took 0.121 seconds
[2026-03-18T16:32:40.762+0100] {processor.py:186} INFO - Started process (PID=48759) to work on /Users/atanasivanov/ipo-intel/ipo-intel/.venv_airflow/lib/python3.11/site-packages/airflow/example_dags/tutorial.py
[2026-03-18T16:32:40.763+0100] {processor.py:914} INFO - Processing file /Users/atanasivanov/ipo-intel/ipo-intel/.venv_airflow/lib/python3.11/site-packages/airflow/example_dags/tutorial.py for tasks to queue
[2026-03-18T16:32:40.764+0100] {logging_mixin.py:190} INFO - [2026-03-18T16:32:40.763+0100] {dagbag.py:588} INFO - Filling up the DagBag from /Users/atanasivanov/ipo-intel/ipo-intel/.venv_airflow/lib/python3.11/site-packages/airflow/example_dags/tutorial.py
[2026-03-18T16:32:40.771+0100] {processor.py:925} INFO - DAG(s) 'tutorial' retrieved from /Users/atanasivanov/ipo-intel/ipo-intel/.venv_airflow/lib/python3.11/site-packages/airflow/example_dags/tutorial.py
[2026-03-18T16:32:40.850+0100] {logging_mixin.py:190} INFO - [2026-03-18T16:32:40.850+0100] {dag.py:3239} INFO - Sync 1 DAGs
[2026-03-18T16:32:40.863+0100] {logging_mixin.py:190} INFO - [2026-03-18T16:32:40.863+0100] {dag.py:4180} INFO - Setting next_dagrun for tutorial to 2026-03-17 00:00:00+00:00, run_after=2026-03-18 00:00:00+00:00
[2026-03-18T16:32:40.877+0100] {processor.py:208} INFO - Processing /Users/atanasivanov/ipo-intel/ipo-intel/.venv_airflow/lib/python3.11/site-packages/airflow/example_dags/tutorial.py took 0.120 seconds
[2026-03-18T16:34:33.115+0100] {processor.py:186} INFO - Started process (PID=49177) to work on /Users/atanasivanov/ipo-intel/ipo-intel/.venv_airflow/lib/python3.11/site-packages/airflow/example_dags/tutorial.py
[2026-03-18T16:34:33.116+0100] {processor.py:914} INFO - Processing file /Users/atanasivanov/ipo-intel/ipo-intel/.venv_airflow/lib/python3.11/site-packages/airflow/example_dags/tutorial.py for tasks to queue
[2026-03-18T16:34:33.117+0100] {logging_mixin.py:190} INFO - [2026-03-18T16:34:33.117+0100] {dagbag.py:588} INFO - Filling up the DagBag from /Users/atanasivanov/ipo-intel/ipo-intel/.venv_airflow/lib/python3.11/site-packages/airflow/example_dags/tutorial.py
[2026-03-18T16:34:33.124+0100] {processor.py:925} INFO - DAG(s) 'tutorial' retrieved from /Users/atanasivanov/ipo-intel/ipo-intel/.venv_airflow/lib/python3.11/site-packages/airflow/example_dags/tutorial.py
[2026-03-18T16:34:33.207+0100] {logging_mixin.py:190} INFO - [2026-03-18T16:34:33.206+0100] {dag.py:3239} INFO - Sync 1 DAGs
[2026-03-18T16:34:33.220+0100] {logging_mixin.py:190} INFO - [2026-03-18T16:34:33.220+0100] {dag.py:4180} INFO - Setting next_dagrun for tutorial to 2026-03-17 00:00:00+00:00, run_after=2026-03-18 00:00:00+00:00
[2026-03-18T16:34:33.233+0100] {processor.py:208} INFO - Processing /Users/atanasivanov/ipo-intel/ipo-intel/.venv_airflow/lib/python3.11/site-packages/airflow/example_dags/tutorial.py took 0.122 seconds
[2026-03-18T16:36:29.133+0100] {processor.py:186} INFO - Started process (PID=49595) to work on /Users/atanasivanov/ipo-intel/ipo-intel/.venv_airflow/lib/python3.11/site-packages/airflow/example_dags/tutorial.py
[2026-03-18T16:36:29.134+0100] {processor.py:914} INFO - Processing file /Users/atanasivanov/ipo-intel/ipo-intel/.venv_airflow/lib/python3.11/site-packages/airflow/example_dags/tutorial.py for tasks to queue
[2026-03-18T16:36:29.135+0100] {logging_mixin.py:190} INFO - [2026-03-18T16:36:29.135+0100] {dagbag.py:588} INFO - Filling up the DagBag from /Users/atanasivanov/ipo-intel/ipo-intel/.venv_airflow/lib/python3.11/site-packages/airflow/example_dags/tutorial.py
[2026-03-18T16:36:29.144+0100] {processor.py:925} INFO - DAG(s) 'tutorial' retrieved from /Users/atanasivanov/ipo-intel/ipo-intel/.venv_airflow/lib/python3.11/site-packages/airflow/example_dags/tutorial.py
[2026-03-18T16:36:29.221+0100] {logging_mixin.py:190} INFO - [2026-03-18T16:36:29.220+0100] {dag.py:3239} INFO - Sync 1 DAGs
[2026-03-18T16:36:29.233+0100] {logging_mixin.py:190} INFO - [2026-03-18T16:36:29.233+0100] {dag.py:4180} INFO - Setting next_dagrun for tutorial to 2026-03-17 00:00:00+00:00, run_after=2026-03-18 00:00:00+00:00
[2026-03-18T16:36:29.247+0100] {processor.py:208} INFO - Processing /Users/atanasivanov/ipo-intel/ipo-intel/.venv_airflow/lib/python3.11/site-packages/airflow/example_dags/tutorial.py took 0.119 seconds
[2026-03-18T16:38:20.839+0100] {processor.py:186} INFO - Started process (PID=50000) to work on /Users/atanasivanov/ipo-intel/ipo-intel/.venv_airflow/lib/python3.11/site-packages/airflow/example_dags/tutorial.py
[2026-03-18T16:38:20.840+0100] {processor.py:914} INFO - Processing file /Users/atanasivanov/ipo-intel/ipo-intel/.venv_airflow/lib/python3.11/site-packages/airflow/example_dags/tutorial.py for tasks to queue
[2026-03-18T16:38:20.841+0100] {logging_mixin.py:190} INFO - [2026-03-18T16:38:20.841+0100] {dagbag.py:588} INFO - Filling up the DagBag from /Users/atanasivanov/ipo-intel/ipo-intel/.venv_airflow/lib/python3.11/site-packages/airflow/example_dags/tutorial.py
[2026-03-18T16:38:20.850+0100] {processor.py:925} INFO - DAG(s) 'tutorial' retrieved from /Users/atanasivanov/ipo-intel/ipo-intel/.venv_airflow/lib/python3.11/site-packages/airflow/example_dags/tutorial.py
[2026-03-18T16:38:20.930+0100] {logging_mixin.py:190} INFO - [2026-03-18T16:38:20.930+0100] {dag.py:3239} INFO - Sync 1 DAGs
[2026-03-18T16:38:20.943+0100] {logging_mixin.py:190} INFO - [2026-03-18T16:38:20.943+0100] {dag.py:4180} INFO - Setting next_dagrun for tutorial to 2026-03-17 00:00:00+00:00, run_after=2026-03-18 00:00:00+00:00
[2026-03-18T16:38:20.957+0100] {processor.py:208} INFO - Processing /Users/atanasivanov/ipo-intel/ipo-intel/.venv_airflow/lib/python3.11/site-packages/airflow/example_dags/tutorial.py took 0.123 seconds
[2026-03-18T16:40:22.107+0100] {processor.py:186} INFO - Started process (PID=51140) to work on /Users/atanasivanov/ipo-intel/ipo-intel/.venv_airflow/lib/python3.11/site-packages/airflow/example_dags/tutorial.py
[2026-03-18T16:40:22.108+0100] {processor.py:914} INFO - Processing file /Users/atanasivanov/ipo-intel/ipo-intel/.venv_airflow/lib/python3.11/site-packages/airflow/example_dags/tutorial.py for tasks to queue
[2026-03-18T16:40:22.109+0100] {logging_mixin.py:190} INFO - [2026-03-18T16:40:22.109+0100] {dagbag.py:588} INFO - Filling up the DagBag from /Users/atanasivanov/ipo-intel/ipo-intel/.venv_airflow/lib/python3.11/site-packages/airflow/example_dags/tutorial.py
[2026-03-18T16:40:22.119+0100] {processor.py:925} INFO - DAG(s) 'tutorial' retrieved from /Users/atanasivanov/ipo-intel/ipo-intel/.venv_airflow/lib/python3.11/site-packages/airflow/example_dags/tutorial.py
[2026-03-18T16:40:22.213+0100] {logging_mixin.py:190} INFO - [2026-03-18T16:40:22.213+0100] {dag.py:3239} INFO - Sync 1 DAGs
[2026-03-18T16:40:22.229+0100] {logging_mixin.py:190} INFO - [2026-03-18T16:40:22.229+0100] {dag.py:4180} INFO - Setting next_dagrun for tutorial to 2026-03-17 00:00:00+00:00, run_after=2026-03-18 00:00:00+00:00
[2026-03-18T16:40:22.246+0100] {processor.py:208} INFO - Processing /Users/atanasivanov/ipo-intel/ipo-intel/.venv_airflow/lib/python3.11/site-packages/airflow/example_dags/tutorial.py took 0.144 seconds
[2026-03-18T16:42:24.690+0100] {processor.py:186} INFO - Started process (PID=51970) to work on /Users/atanasivanov/ipo-intel/ipo-intel/.venv_airflow/lib/python3.11/site-packages/airflow/example_dags/tutorial.py
[2026-03-18T16:42:24.691+0100] {processor.py:914} INFO - Processing file /Users/atanasivanov/ipo-intel/ipo-intel/.venv_airflow/lib/python3.11/site-packages/airflow/example_dags/tutorial.py for tasks to queue
[2026-03-18T16:42:24.692+0100] {logging_mixin.py:190} INFO - [2026-03-18T16:42:24.692+0100] {dagbag.py:588} INFO - Filling up the DagBag from /Users/atanasivanov/ipo-intel/ipo-intel/.venv_airflow/lib/python3.11/site-packages/airflow/example_dags/tutorial.py
[2026-03-18T16:42:24.700+0100] {processor.py:925} INFO - DAG(s) 'tutorial' retrieved from /Users/atanasivanov/ipo-intel/ipo-intel/.venv_airflow/lib/python3.11/site-packages/airflow/example_dags/tutorial.py
[2026-03-18T16:42:24.782+0100] {logging_mixin.py:190} INFO - [2026-03-18T16:42:24.782+0100] {dag.py:3239} INFO - Sync 1 DAGs
[2026-03-18T16:42:24.795+0100] {logging_mixin.py:190} INFO - [2026-03-18T16:42:24.795+0100] {dag.py:4180} INFO - Setting next_dagrun for tutorial to 2026-03-17 00:00:00+00:00, run_after=2026-03-18 00:00:00+00:00
[2026-03-18T16:42:24.810+0100] {processor.py:208} INFO - Processing /Users/atanasivanov/ipo-intel/ipo-intel/.venv_airflow/lib/python3.11/site-packages/airflow/example_dags/tutorial.py took 0.124 seconds
[2026-03-18T16:48:01.427+0100] {processor.py:186} INFO - Started process (PID=53214) to work on /Users/atanasivanov/ipo-intel/ipo-intel/.venv_airflow/lib/python3.11/site-packages/airflow/example_dags/tutorial.py
[2026-03-18T16:48:01.428+0100] {processor.py:914} INFO - Processing file /Users/atanasivanov/ipo-intel/ipo-intel/.venv_airflow/lib/python3.11/site-packages/airflow/example_dags/tutorial.py for tasks to queue
[2026-03-18T16:48:01.429+0100] {logging_mixin.py:190} INFO - [2026-03-18T16:48:01.429+0100] {dagbag.py:588} INFO - Filling up the DagBag from /Users/atanasivanov/ipo-intel/ipo-intel/.venv_airflow/lib/python3.11/site-packages/airflow/example_dags/tutorial.py
[2026-03-18T16:48:01.437+0100] {processor.py:925} INFO - DAG(s) 'tutorial' retrieved from /Users/atanasivanov/ipo-intel/ipo-intel/.venv_airflow/lib/python3.11/site-packages/airflow/example_dags/tutorial.py
[2026-03-18T16:48:01.515+0100] {logging_mixin.py:190} INFO - [2026-03-18T16:48:01.515+0100] {dag.py:3239} INFO - Sync 1 DAGs
[2026-03-18T16:48:01.528+0100] {logging_mixin.py:190} INFO - [2026-03-18T16:48:01.527+0100] {dag.py:4180} INFO - Setting next_dagrun for tutorial to 2026-03-17 00:00:00+00:00, run_after=2026-03-18 00:00:00+00:00
[2026-03-18T16:48:01.542+0100] {processor.py:208} INFO - Processing /Users/atanasivanov/ipo-intel/ipo-intel/.venv_airflow/lib/python3.11/site-packages/airflow/example_dags/tutorial.py took 0.120 seconds
[2026-03-18T16:50:30.451+0100] {processor.py:186} INFO - Started process (PID=53750) to work on /Users/atanasivanov/ipo-intel/ipo-intel/.venv_airflow/lib/python3.11/site-packages/airflow/example_dags/tutorial.py
[2026-03-18T16:50:30.452+0100] {processor.py:914} INFO - Processing file /Users/atanasivanov/ipo-intel/ipo-intel/.venv_airflow/lib/python3.11/site-packages/airflow/example_dags/tutorial.py for tasks to queue
[2026-03-18T16:50:30.453+0100] {logging_mixin.py:190} INFO - [2026-03-18T16:50:30.453+0100] {dagbag.py:588} INFO - Filling up the DagBag from /Users/atanasivanov/ipo-intel/ipo-intel/.venv_airflow/lib/python3.11/site-packages/airflow/example_dags/tutorial.py
[2026-03-18T16:50:30.460+0100] {processor.py:925} INFO - DAG(s) 'tutorial' retrieved from /Users/atanasivanov/ipo-intel/ipo-intel/.venv_airflow/lib/python3.11/site-packages/airflow/example_dags/tutorial.py
[2026-03-18T16:50:30.540+0100] {logging_mixin.py:190} INFO - [2026-03-18T16:50:30.540+0100] {dag.py:3239} INFO - Sync 1 DAGs
[2026-03-18T16:50:30.553+0100] {logging_mixin.py:190} INFO - [2026-03-18T16:50:30.552+0100] {dag.py:4180} INFO - Setting next_dagrun for tutorial to 2026-03-17 00:00:00+00:00, run_after=2026-03-18 00:00:00+00:00
[2026-03-18T16:50:30.566+0100] {processor.py:208} INFO - Processing /Users/atanasivanov/ipo-intel/ipo-intel/.venv_airflow/lib/python3.11/site-packages/airflow/example_dags/tutorial.py took 0.120 seconds
[2026-03-18T16:52:32.651+0100] {processor.py:186} INFO - Started process (PID=54196) to work on /Users/atanasivanov/ipo-intel/ipo-intel/.venv_airflow/lib/python3.11/site-packages/airflow/example_dags/tutorial.py
[2026-03-18T16:52:32.652+0100] {processor.py:914} INFO - Processing file /Users/atanasivanov/ipo-intel/ipo-intel/.venv_airflow/lib/python3.11/site-packages/airflow/example_dags/tutorial.py for tasks to queue
[2026-03-18T16:52:32.653+0100] {logging_mixin.py:190} INFO - [2026-03-18T16:52:32.653+0100] {dagbag.py:588} INFO - Filling up the DagBag from /Users/atanasivanov/ipo-intel/ipo-intel/.venv_airflow/lib/python3.11/site-packages/airflow/example_dags/tutorial.py
[2026-03-18T16:52:32.659+0100] {processor.py:925} INFO - DAG(s) 'tutorial' retrieved from /Users/atanasivanov/ipo-intel/ipo-intel/.venv_airflow/lib/python3.11/site-packages/airflow/example_dags/tutorial.py
[2026-03-18T16:52:32.823+0100] {logging_mixin.py:190} INFO - [2026-03-18T16:52:32.823+0100] {dag.py:3239} INFO - Sync 1 DAGs
[2026-03-18T16:52:32.838+0100] {logging_mixin.py:190} INFO - [2026-03-18T16:52:32.838+0100] {dag.py:4180} INFO - Setting next_dagrun for tutorial to 2026-03-17 00:00:00+00:00, run_after=2026-03-18 00:00:00+00:00
[2026-03-18T16:52:32.853+0100] {processor.py:208} INFO - Processing /Users/atanasivanov/ipo-intel/ipo-intel/.venv_airflow/lib/python3.11/site-packages/airflow/example_dags/tutorial.py took 0.208 seconds
[2026-03-18T16:54:39.771+0100] {processor.py:186} INFO - Started process (PID=54969) to work on /Users/atanasivanov/ipo-intel/ipo-intel/.venv_airflow/lib/python3.11/site-packages/airflow/example_dags/tutorial.py
[2026-03-18T16:54:39.772+0100] {processor.py:914} INFO - Processing file /Users/atanasivanov/ipo-intel/ipo-intel/.venv_airflow/lib/python3.11/site-packages/airflow/example_dags/tutorial.py for tasks to queue
[2026-03-18T16:54:39.774+0100] {logging_mixin.py:190} INFO - [2026-03-18T16:54:39.773+0100] {dagbag.py:588} INFO - Filling up the DagBag from /Users/atanasivanov/ipo-intel/ipo-intel/.venv_airflow/lib/python3.11/site-packages/airflow/example_dags/tutorial.py
[2026-03-18T16:54:39.781+0100] {processor.py:925} INFO - DAG(s) 'tutorial' retrieved from /Users/atanasivanov/ipo-intel/ipo-intel/.venv_airflow/lib/python3.11/site-packages/airflow/example_dags/tutorial.py
[2026-03-18T16:54:39.871+0100] {logging_mixin.py:190} INFO - [2026-03-18T16:54:39.871+0100] {dag.py:3239} INFO - Sync 1 DAGs
[2026-03-18T16:54:39.885+0100] {logging_mixin.py:190} INFO - [2026-03-18T16:54:39.884+0100] {dag.py:4180} INFO - Setting next_dagrun for tutorial to 2026-03-17 00:00:00+00:00, run_after=2026-03-18 00:00:00+00:00
[2026-03-18T16:54:39.899+0100] {processor.py:208} INFO - Processing /Users/atanasivanov/ipo-intel/ipo-intel/.venv_airflow/lib/python3.11/site-packages/airflow/example_dags/tutorial.py took 0.134 seconds
[2026-03-18T16:56:45.450+0100] {processor.py:186} INFO - Started process (PID=55421) to work on /Users/atanasivanov/ipo-intel/ipo-intel/.venv_airflow/lib/python3.11/site-packages/airflow/example_dags/tutorial.py
[2026-03-18T16:56:45.451+0100] {processor.py:914} INFO - Processing file /Users/atanasivanov/ipo-intel/ipo-intel/.venv_airflow/lib/python3.11/site-packages/airflow/example_dags/tutorial.py for tasks to queue
[2026-03-18T16:56:45.452+0100] {logging_mixin.py:190} INFO - [2026-03-18T16:56:45.451+0100] {dagbag.py:588} INFO - Filling up the DagBag from /Users/atanasivanov/ipo-intel/ipo-intel/.venv_airflow/lib/python3.11/site-packages/airflow/example_dags/tutorial.py
[2026-03-18T16:56:45.458+0100] {processor.py:925} INFO - DAG(s) 'tutorial' retrieved from /Users/atanasivanov/ipo-intel/ipo-intel/.venv_airflow/lib/python3.11/site-packages/airflow/example_dags/tutorial.py
[2026-03-18T16:56:45.535+0100] {logging_mixin.py:190} INFO - [2026-03-18T16:56:45.535+0100] {dag.py:3239} INFO - Sync 1 DAGs
[2026-03-18T16:56:45.548+0100] {logging_mixin.py:190} INFO - [2026-03-18T16:56:45.548+0100] {dag.py:4180} INFO - Setting next_dagrun for tutorial to 2026-03-17 00:00:00+00:00, run_after=2026-03-18 00:00:00+00:00
[2026-03-18T16:56:45.561+0100] {processor.py:208} INFO - Processing /Users/atanasivanov/ipo-intel/ipo-intel/.venv_airflow/lib/python3.11/site-packages/airflow/example_dags/tutorial.py took 0.117 seconds
[2026-03-18T16:58:48.932+0100] {processor.py:186} INFO - Started process (PID=55893) to work on /Users/atanasivanov/ipo-intel/ipo-intel/.venv_airflow/lib/python3.11/site-packages/airflow/example_dags/tutorial.py
[2026-03-18T16:58:48.933+0100] {processor.py:914} INFO - Processing file /Users/atanasivanov/ipo-intel/ipo-intel/.venv_airflow/lib/python3.11/site-packages/airflow/example_dags/tutorial.py for tasks to queue
[2026-03-18T16:58:48.934+0100] {logging_mixin.py:190} INFO - [2026-03-18T16:58:48.934+0100] {dagbag.py:588} INFO - Filling up the DagBag from /Users/atanasivanov/ipo-intel/ipo-intel/.venv_airflow/lib/python3.11/site-packages/airflow/example_dags/tutorial.py
[2026-03-18T16:58:48.943+0100] {processor.py:925} INFO - DAG(s) 'tutorial' retrieved from /Users/atanasivanov/ipo-intel/ipo-intel/.venv_airflow/lib/python3.11/site-packages/airflow/example_dags/tutorial.py
[2026-03-18T16:58:49.025+0100] {logging_mixin.py:190} INFO - [2026-03-18T16:58:49.024+0100] {dag.py:3239} INFO - Sync 1 DAGs
[2026-03-18T16:58:49.038+0100] {logging_mixin.py:190} INFO - [2026-03-18T16:58:49.038+0100] {dag.py:4180} INFO - Setting next_dagrun for tutorial to 2026-03-17 00:00:00+00:00, run_after=2026-03-18 00:00:00+00:00
[2026-03-18T16:58:49.052+0100] {processor.py:208} INFO - Processing /Users/atanasivanov/ipo-intel/ipo-intel/.venv_airflow/lib/python3.11/site-packages/airflow/example_dags/tutorial.py took 0.125 seconds
[2026-03-18T17:00:52.891+0100] {processor.py:186} INFO - Started process (PID=56338) to work on /Users/atanasivanov/ipo-intel/ipo-intel/.venv_airflow/lib/python3.11/site-packages/airflow/example_dags/tutorial.py
[2026-03-18T17:00:52.892+0100] {processor.py:914} INFO - Processing file /Users/atanasivanov/ipo-intel/ipo-intel/.venv_airflow/lib/python3.11/site-packages/airflow/example_dags/tutorial.py for tasks to queue
[2026-03-18T17:00:52.894+0100] {logging_mixin.py:190} INFO - [2026-03-18T17:00:52.894+0100] {dagbag.py:588} INFO - Filling up the DagBag from /Users/atanasivanov/ipo-intel/ipo-intel/.venv_airflow/lib/python3.11/site-packages/airflow/example_dags/tutorial.py
[2026-03-18T17:00:52.901+0100] {processor.py:925} INFO - DAG(s) 'tutorial' retrieved from /Users/atanasivanov/ipo-intel/ipo-intel/.venv_airflow/lib/python3.11/site-packages/airflow/example_dags/tutorial.py
[2026-03-18T17:00:52.978+0100] {logging_mixin.py:190} INFO - [2026-03-18T17:00:52.978+0100] {dag.py:3239} INFO - Sync 1 DAGs
[2026-03-18T17:00:52.991+0100] {logging_mixin.py:190} INFO - [2026-03-18T17:00:52.991+0100] {dag.py:4180} INFO - Setting next_dagrun for tutorial to 2026-03-17 00:00:00+00:00, run_after=2026-03-18 00:00:00+00:00
[2026-03-18T17:00:53.005+0100] {processor.py:208} INFO - Processing /Users/atanasivanov/ipo-intel/ipo-intel/.venv_airflow/lib/python3.11/site-packages/airflow/example_dags/tutorial.py took 0.119 seconds
[2026-03-18T17:02:45.952+0100] {processor.py:186} INFO - Started process (PID=56752) to work on /Users/atanasivanov/ipo-intel/ipo-intel/.venv_airflow/lib/python3.11/site-packages/airflow/example_dags/tutorial.py
[2026-03-18T17:02:45.954+0100] {processor.py:914} INFO - Processing file /Users/atanasivanov/ipo-intel/ipo-intel/.venv_airflow/lib/python3.11/site-packages/airflow/example_dags/tutorial.py for tasks to queue
[2026-03-18T17:02:45.954+0100] {logging_mixin.py:190} INFO - [2026-03-18T17:02:45.954+0100] {dagbag.py:588} INFO - Filling up the DagBag from /Users/atanasivanov/ipo-intel/ipo-intel/.venv_airflow/lib/python3.11/site-packages/airflow/example_dags/tutorial.py
[2026-03-18T17:02:45.962+0100] {processor.py:925} INFO - DAG(s) 'tutorial' retrieved from /Users/atanasivanov/ipo-intel/ipo-intel/.venv_airflow/lib/python3.11/site-packages/airflow/example_dags/tutorial.py
[2026-03-18T17:02:46.043+0100] {logging_mixin.py:190} INFO - [2026-03-18T17:02:46.043+0100] {dag.py:3239} INFO - Sync 1 DAGs
[2026-03-18T17:02:46.056+0100] {logging_mixin.py:190} INFO - [2026-03-18T17:02:46.056+0100] {dag.py:4180} INFO - Setting next_dagrun for tutorial to 2026-03-17 00:00:00+00:00, run_after=2026-03-18 00:00:00+00:00
[2026-03-18T17:02:46.070+0100] {processor.py:208} INFO - Processing /Users/atanasivanov/ipo-intel/ipo-intel/.venv_airflow/lib/python3.11/site-packages/airflow/example_dags/tutorial.py took 0.123 seconds
[2026-03-18T17:04:41.580+0100] {processor.py:186} INFO - Started process (PID=57168) to work on /Users/atanasivanov/ipo-intel/ipo-intel/.venv_airflow/lib/python3.11/site-packages/airflow/example_dags/tutorial.py
[2026-03-18T17:04:41.581+0100] {processor.py:914} INFO - Processing file /Users/atanasivanov/ipo-intel/ipo-intel/.venv_airflow/lib/python3.11/site-packages/airflow/example_dags/tutorial.py for tasks to queue
[2026-03-18T17:04:41.582+0100] {logging_mixin.py:190} INFO - [2026-03-18T17:04:41.582+0100] {dagbag.py:588} INFO - Filling up the DagBag from /Users/atanasivanov/ipo-intel/ipo-intel/.venv_airflow/lib/python3.11/site-packages/airflow/example_dags/tutorial.py
[2026-03-18T17:04:41.589+0100] {processor.py:925} INFO - DAG(s) 'tutorial' retrieved from /Users/atanasivanov/ipo-intel/ipo-intel/.venv_airflow/lib/python3.11/site-packages/airflow/example_dags/tutorial.py
[2026-03-18T17:04:41.679+0100] {logging_mixin.py:190} INFO - [2026-03-18T17:04:41.679+0100] {dag.py:3239} INFO - Sync 1 DAGs
[2026-03-18T17:04:41.693+0100] {logging_mixin.py:190} INFO - [2026-03-18T17:04:41.692+0100] {dag.py:4180} INFO - Setting next_dagrun for tutorial to 2026-03-17 00:00:00+00:00, run_after=2026-03-18 00:00:00+00:00
[2026-03-18T17:04:41.707+0100] {processor.py:208} INFO - Processing /Users/atanasivanov/ipo-intel/ipo-intel/.venv_airflow/lib/python3.11/site-packages/airflow/example_dags/tutorial.py took 0.132 seconds
[2026-03-18T17:06:40.669+0100] {processor.py:186} INFO - Started process (PID=57610) to work on /Users/atanasivanov/ipo-intel/ipo-intel/.venv_airflow/lib/python3.11/site-packages/airflow/example_dags/tutorial.py
[2026-03-18T17:06:40.670+0100] {processor.py:914} INFO - Processing file /Users/atanasivanov/ipo-intel/ipo-intel/.venv_airflow/lib/python3.11/site-packages/airflow/example_dags/tutorial.py for tasks to queue
[2026-03-18T17:06:40.671+0100] {logging_mixin.py:190} INFO - [2026-03-18T17:06:40.671+0100] {dagbag.py:588} INFO - Filling up the DagBag from /Users/atanasivanov/ipo-intel/ipo-intel/.venv_airflow/lib/python3.11/site-packages/airflow/example_dags/tutorial.py
[2026-03-18T17:06:40.679+0100] {processor.py:925} INFO - DAG(s) 'tutorial' retrieved from /Users/atanasivanov/ipo-intel/ipo-intel/.venv_airflow/lib/python3.11/site-packages/airflow/example_dags/tutorial.py
[2026-03-18T17:06:40.763+0100] {logging_mixin.py:190} INFO - [2026-03-18T17:06:40.763+0100] {dag.py:3239} INFO - Sync 1 DAGs
[2026-03-18T17:06:40.775+0100] {logging_mixin.py:190} INFO - [2026-03-18T17:06:40.775+0100] {dag.py:4180} INFO - Setting next_dagrun for tutorial to 2026-03-17 00:00:00+00:00, run_after=2026-03-18 00:00:00+00:00
[2026-03-18T17:06:40.790+0100] {processor.py:208} INFO - Processing /Users/atanasivanov/ipo-intel/ipo-intel/.venv_airflow/lib/python3.11/site-packages/airflow/example_dags/tutorial.py took 0.126 seconds
[2026-03-18T17:08:31.775+0100] {processor.py:186} INFO - Started process (PID=58018) to work on /Users/atanasivanov/ipo-intel/ipo-intel/.venv_airflow/lib/python3.11/site-packages/airflow/example_dags/tutorial.py
[2026-03-18T17:08:31.776+0100] {processor.py:914} INFO - Processing file /Users/atanasivanov/ipo-intel/ipo-intel/.venv_airflow/lib/python3.11/site-packages/airflow/example_dags/tutorial.py for tasks to queue
[2026-03-18T17:08:31.777+0100] {logging_mixin.py:190} INFO - [2026-03-18T17:08:31.777+0100] {dagbag.py:588} INFO - Filling up the DagBag from /Users/atanasivanov/ipo-intel/ipo-intel/.venv_airflow/lib/python3.11/site-packages/airflow/example_dags/tutorial.py
[2026-03-18T17:08:31.784+0100] {processor.py:925} INFO - DAG(s) 'tutorial' retrieved from /Users/atanasivanov/ipo-intel/ipo-intel/.venv_airflow/lib/python3.11/site-packages/airflow/example_dags/tutorial.py
[2026-03-18T17:08:31.862+0100] {logging_mixin.py:190} INFO - [2026-03-18T17:08:31.862+0100] {dag.py:3239} INFO - Sync 1 DAGs
[2026-03-18T17:08:31.874+0100] {logging_mixin.py:190} INFO - [2026-03-18T17:08:31.874+0100] {dag.py:4180} INFO - Setting next_dagrun for tutorial to 2026-03-17 00:00:00+00:00, run_after=2026-03-18 00:00:00+00:00
[2026-03-18T17:08:31.889+0100] {processor.py:208} INFO - Processing /Users/atanasivanov/ipo-intel/ipo-intel/.venv_airflow/lib/python3.11/site-packages/airflow/example_dags/tutorial.py took 0.118 seconds
[2026-03-18T17:10:33.186+0100] {processor.py:186} INFO - Started process (PID=58528) to work on /Users/atanasivanov/ipo-intel/ipo-intel/.venv_airflow/lib/python3.11/site-packages/airflow/example_dags/tutorial.py
[2026-03-18T17:10:33.187+0100] {processor.py:914} INFO - Processing file /Users/atanasivanov/ipo-intel/ipo-intel/.venv_airflow/lib/python3.11/site-packages/airflow/example_dags/tutorial.py for tasks to queue
[2026-03-18T17:10:33.187+0100] {logging_mixin.py:190} INFO - [2026-03-18T17:10:33.187+0100] {dagbag.py:588} INFO - Filling up the DagBag from /Users/atanasivanov/ipo-intel/ipo-intel/.venv_airflow/lib/python3.11/site-packages/airflow/example_dags/tutorial.py
[2026-03-18T17:10:33.194+0100] {processor.py:925} INFO - DAG(s) 'tutorial' retrieved from /Users/atanasivanov/ipo-intel/ipo-intel/.venv_airflow/lib/python3.11/site-packages/airflow/example_dags/tutorial.py
[2026-03-18T17:10:33.272+0100] {logging_mixin.py:190} INFO - [2026-03-18T17:10:33.271+0100] {dag.py:3239} INFO - Sync 1 DAGs
[2026-03-18T17:10:33.284+0100] {logging_mixin.py:190} INFO - [2026-03-18T17:10:33.284+0100] {dag.py:4180} INFO - Setting next_dagrun for tutorial to 2026-03-17 00:00:00+00:00, run_after=2026-03-18 00:00:00+00:00
[2026-03-18T17:10:33.298+0100] {processor.py:208} INFO - Processing /Users/atanasivanov/ipo-intel/ipo-intel/.venv_airflow/lib/python3.11/site-packages/airflow/example_dags/tutorial.py took 0.118 seconds
[2026-03-18T17:12:35.665+0100] {processor.py:186} INFO - Started process (PID=59195) to work on /Users/atanasivanov/ipo-intel/ipo-intel/.venv_airflow/lib/python3.11/site-packages/airflow/example_dags/tutorial.py
[2026-03-18T17:12:35.667+0100] {processor.py:914} INFO - Processing file /Users/atanasivanov/ipo-intel/ipo-intel/.venv_airflow/lib/python3.11/site-packages/airflow/example_dags/tutorial.py for tasks to queue
[2026-03-18T17:12:35.668+0100] {logging_mixin.py:190} INFO - [2026-03-18T17:12:35.668+0100] {dagbag.py:588} INFO - Filling up the DagBag from /Users/atanasivanov/ipo-intel/ipo-intel/.venv_airflow/lib/python3.11/site-packages/airflow/example_dags/tutorial.py
[2026-03-18T17:12:35.767+0100] {processor.py:925} INFO - DAG(s) 'tutorial' retrieved from /Users/atanasivanov/ipo-intel/ipo-intel/.venv_airflow/lib/python3.11/site-packages/airflow/example_dags/tutorial.py
[2026-03-18T17:12:35.872+0100] {logging_mixin.py:190} INFO - [2026-03-18T17:12:35.872+0100] {dag.py:3239} INFO - Sync 1 DAGs
[2026-03-18T17:12:35.888+0100] {logging_mixin.py:190} INFO - [2026-03-18T17:12:35.887+0100] {dag.py:4180} INFO - Setting next_dagrun for tutorial to 2026-03-17 00:00:00+00:00, run_after=2026-03-18 00:00:00+00:00
[2026-03-18T17:12:35.905+0100] {processor.py:208} INFO - Processing /Users/atanasivanov/ipo-intel/ipo-intel/.venv_airflow/lib/python3.11/site-packages/airflow/example_dags/tutorial.py took 0.245 seconds
[2026-03-18T17:14:40.690+0100] {processor.py:186} INFO - Started process (PID=59858) to work on /Users/atanasivanov/ipo-intel/ipo-intel/.venv_airflow/lib/python3.11/site-packages/airflow/example_dags/tutorial.py
[2026-03-18T17:14:40.691+0100] {processor.py:914} INFO - Processing file /Users/atanasivanov/ipo-intel/ipo-intel/.venv_airflow/lib/python3.11/site-packages/airflow/example_dags/tutorial.py for tasks to queue
[2026-03-18T17:14:40.692+0100] {logging_mixin.py:190} INFO - [2026-03-18T17:14:40.692+0100] {dagbag.py:588} INFO - Filling up the DagBag from /Users/atanasivanov/ipo-intel/ipo-intel/.venv_airflow/lib/python3.11/site-packages/airflow/example_dags/tutorial.py
[2026-03-18T17:14:40.699+0100] {processor.py:925} INFO - DAG(s) 'tutorial' retrieved from /Users/atanasivanov/ipo-intel/ipo-intel/.venv_airflow/lib/python3.11/site-packages/airflow/example_dags/tutorial.py
[2026-03-18T17:14:40.793+0100] {logging_mixin.py:190} INFO - [2026-03-18T17:14:40.793+0100] {dag.py:3239} INFO - Sync 1 DAGs
[2026-03-18T17:14:40.813+0100] {logging_mixin.py:190} INFO - [2026-03-18T17:14:40.813+0100] {dag.py:4180} INFO - Setting next_dagrun for tutorial to 2026-03-17 00:00:00+00:00, run_after=2026-03-18 00:00:00+00:00
[2026-03-18T17:14:40.834+0100] {processor.py:208} INFO - Processing /Users/atanasivanov/ipo-intel/ipo-intel/.venv_airflow/lib/python3.11/site-packages/airflow/example_dags/tutorial.py took 0.149 seconds
