[2026-03-18T16:15:42.279+0100] {processor.py:186} INFO - Started process (PID=44359) to work on /Users/atanasivanov/ipo-intel/ipo-intel/.venv_airflow/lib/python3.11/site-packages/airflow/example_dags/tutorial_objectstorage.py
[2026-03-18T16:15:42.280+0100] {processor.py:914} INFO - Processing file /Users/atanasivanov/ipo-intel/ipo-intel/.venv_airflow/lib/python3.11/site-packages/airflow/example_dags/tutorial_objectstorage.py for tasks to queue
[2026-03-18T16:15:42.282+0100] {logging_mixin.py:190} INFO - [2026-03-18T16:15:42.282+0100] {dagbag.py:588} INFO - Filling up the DagBag from /Users/atanasivanov/ipo-intel/ipo-intel/.venv_airflow/lib/python3.11/site-packages/airflow/example_dags/tutorial_objectstorage.py
[2026-03-18T16:15:42.314+0100] {processor.py:925} INFO - DAG(s) 'tutorial_objectstorage' retrieved from /Users/atanasivanov/ipo-intel/ipo-intel/.venv_airflow/lib/python3.11/site-packages/airflow/example_dags/tutorial_objectstorage.py
[2026-03-18T16:15:42.521+0100] {logging_mixin.py:190} INFO - [2026-03-18T16:15:42.521+0100] {override.py:1912} INFO - Created Permission View: can delete on DAG:tutorial_objectstorage
[2026-03-18T16:15:42.529+0100] {logging_mixin.py:190} INFO - [2026-03-18T16:15:42.529+0100] {override.py:1912} INFO - Created Permission View: can read on DAG:tutorial_objectstorage
[2026-03-18T16:15:42.535+0100] {logging_mixin.py:190} INFO - [2026-03-18T16:15:42.534+0100] {override.py:1912} INFO - Created Permission View: can edit on DAG:tutorial_objectstorage
[2026-03-18T16:15:42.541+0100] {logging_mixin.py:190} INFO - [2026-03-18T16:15:42.541+0100] {override.py:1912} INFO - Created Permission View: can delete on DAG Run:tutorial_objectstorage
[2026-03-18T16:15:42.546+0100] {logging_mixin.py:190} INFO - [2026-03-18T16:15:42.546+0100] {override.py:1912} INFO - Created Permission View: can read on DAG Run:tutorial_objectstorage
[2026-03-18T16:15:42.551+0100] {logging_mixin.py:190} INFO - [2026-03-18T16:15:42.551+0100] {override.py:1912} INFO - Created Permission View: can create on DAG Run:tutorial_objectstorage
[2026-03-18T16:15:42.556+0100] {logging_mixin.py:190} INFO - [2026-03-18T16:15:42.556+0100] {override.py:1912} INFO - Created Permission View: menu access on DAG Run:tutorial_objectstorage
[2026-03-18T16:15:42.557+0100] {logging_mixin.py:190} INFO - [2026-03-18T16:15:42.556+0100] {dag.py:3239} INFO - Sync 1 DAGs
[2026-03-18T16:15:42.566+0100] {logging_mixin.py:190} INFO - [2026-03-18T16:15:42.566+0100] {dag.py:3262} INFO - Creating ORM DAG for tutorial_objectstorage
[2026-03-18T16:15:42.566+0100] {logging_mixin.py:190} INFO - [2026-03-18T16:15:42.566+0100] {dag.py:4180} INFO - Setting next_dagrun for tutorial_objectstorage to None, run_after=None
[2026-03-18T16:15:42.581+0100] {processor.py:208} INFO - Processing /Users/atanasivanov/ipo-intel/ipo-intel/.venv_airflow/lib/python3.11/site-packages/airflow/example_dags/tutorial_objectstorage.py took 0.306 seconds
[2026-03-18T16:19:54.280+0100] {processor.py:186} INFO - Started process (PID=45220) to work on /Users/atanasivanov/ipo-intel/ipo-intel/.venv_airflow/lib/python3.11/site-packages/airflow/example_dags/tutorial_objectstorage.py
[2026-03-18T16:19:54.282+0100] {processor.py:914} INFO - Processing file /Users/atanasivanov/ipo-intel/ipo-intel/.venv_airflow/lib/python3.11/site-packages/airflow/example_dags/tutorial_objectstorage.py for tasks to queue
[2026-03-18T16:19:54.283+0100] {logging_mixin.py:190} INFO - [2026-03-18T16:19:54.283+0100] {dagbag.py:588} INFO - Filling up the DagBag from /Users/atanasivanov/ipo-intel/ipo-intel/.venv_airflow/lib/python3.11/site-packages/airflow/example_dags/tutorial_objectstorage.py
[2026-03-18T16:19:54.320+0100] {processor.py:925} INFO - DAG(s) 'tutorial_objectstorage' retrieved from /Users/atanasivanov/ipo-intel/ipo-intel/.venv_airflow/lib/python3.11/site-packages/airflow/example_dags/tutorial_objectstorage.py
[2026-03-18T16:19:54.400+0100] {logging_mixin.py:190} INFO - [2026-03-18T16:19:54.399+0100] {dag.py:3239} INFO - Sync 1 DAGs
[2026-03-18T16:19:54.460+0100] {logging_mixin.py:190} INFO - [2026-03-18T16:19:54.460+0100] {dag.py:4180} INFO - Setting next_dagrun for tutorial_objectstorage to None, run_after=None
[2026-03-18T16:19:54.477+0100] {processor.py:208} INFO - Processing /Users/atanasivanov/ipo-intel/ipo-intel/.venv_airflow/lib/python3.11/site-packages/airflow/example_dags/tutorial_objectstorage.py took 0.202 seconds
[2026-03-18T16:22:33.298+0100] {processor.py:186} INFO - Started process (PID=45854) to work on /Users/atanasivanov/ipo-intel/ipo-intel/.venv_airflow/lib/python3.11/site-packages/airflow/example_dags/tutorial_objectstorage.py
[2026-03-18T16:22:33.299+0100] {processor.py:914} INFO - Processing file /Users/atanasivanov/ipo-intel/ipo-intel/.venv_airflow/lib/python3.11/site-packages/airflow/example_dags/tutorial_objectstorage.py for tasks to queue
[2026-03-18T16:22:33.300+0100] {logging_mixin.py:190} INFO - [2026-03-18T16:22:33.300+0100] {dagbag.py:588} INFO - Filling up the DagBag from /Users/atanasivanov/ipo-intel/ipo-intel/.venv_airflow/lib/python3.11/site-packages/airflow/example_dags/tutorial_objectstorage.py
[2026-03-18T16:22:33.331+0100] {processor.py:925} INFO - DAG(s) 'tutorial_objectstorage' retrieved from /Users/atanasivanov/ipo-intel/ipo-intel/.venv_airflow/lib/python3.11/site-packages/airflow/example_dags/tutorial_objectstorage.py
[2026-03-18T16:22:33.421+0100] {logging_mixin.py:190} INFO - [2026-03-18T16:22:33.421+0100] {dag.py:3239} INFO - Sync 1 DAGs
[2026-03-18T16:22:33.502+0100] {logging_mixin.py:190} INFO - [2026-03-18T16:22:33.502+0100] {dag.py:4180} INFO - Setting next_dagrun for tutorial_objectstorage to None, run_after=None
[2026-03-18T16:22:33.519+0100] {processor.py:208} INFO - Processing /Users/atanasivanov/ipo-intel/ipo-intel/.venv_airflow/lib/python3.11/site-packages/airflow/example_dags/tutorial_objectstorage.py took 0.227 seconds
[2026-03-18T16:24:41.193+0100] {processor.py:186} INFO - Started process (PID=46312) to work on /Users/atanasivanov/ipo-intel/ipo-intel/.venv_airflow/lib/python3.11/site-packages/airflow/example_dags/tutorial_objectstorage.py
[2026-03-18T16:24:41.194+0100] {processor.py:914} INFO - Processing file /Users/atanasivanov/ipo-intel/ipo-intel/.venv_airflow/lib/python3.11/site-packages/airflow/example_dags/tutorial_objectstorage.py for tasks to queue
[2026-03-18T16:24:41.195+0100] {logging_mixin.py:190} INFO - [2026-03-18T16:24:41.194+0100] {dagbag.py:588} INFO - Filling up the DagBag from /Users/atanasivanov/ipo-intel/ipo-intel/.venv_airflow/lib/python3.11/site-packages/airflow/example_dags/tutorial_objectstorage.py
[2026-03-18T16:24:41.227+0100] {processor.py:925} INFO - DAG(s) 'tutorial_objectstorage' retrieved from /Users/atanasivanov/ipo-intel/ipo-intel/.venv_airflow/lib/python3.11/site-packages/airflow/example_dags/tutorial_objectstorage.py
[2026-03-18T16:24:41.302+0100] {logging_mixin.py:190} INFO - [2026-03-18T16:24:41.301+0100] {dag.py:3239} INFO - Sync 1 DAGs
[2026-03-18T16:24:41.358+0100] {logging_mixin.py:190} INFO - [2026-03-18T16:24:41.358+0100] {dag.py:4180} INFO - Setting next_dagrun for tutorial_objectstorage to None, run_after=None
[2026-03-18T16:24:41.376+0100] {processor.py:208} INFO - Processing /Users/atanasivanov/ipo-intel/ipo-intel/.venv_airflow/lib/python3.11/site-packages/airflow/example_dags/tutorial_objectstorage.py took 0.188 seconds
[2026-03-18T16:26:40.912+0100] {processor.py:186} INFO - Started process (PID=46758) to work on /Users/atanasivanov/ipo-intel/ipo-intel/.venv_airflow/lib/python3.11/site-packages/airflow/example_dags/tutorial_objectstorage.py
[2026-03-18T16:26:40.913+0100] {processor.py:914} INFO - Processing file /Users/atanasivanov/ipo-intel/ipo-intel/.venv_airflow/lib/python3.11/site-packages/airflow/example_dags/tutorial_objectstorage.py for tasks to queue
[2026-03-18T16:26:40.914+0100] {logging_mixin.py:190} INFO - [2026-03-18T16:26:40.914+0100] {dagbag.py:588} INFO - Filling up the DagBag from /Users/atanasivanov/ipo-intel/ipo-intel/.venv_airflow/lib/python3.11/site-packages/airflow/example_dags/tutorial_objectstorage.py
[2026-03-18T16:26:40.948+0100] {processor.py:925} INFO - DAG(s) 'tutorial_objectstorage' retrieved from /Users/atanasivanov/ipo-intel/ipo-intel/.venv_airflow/lib/python3.11/site-packages/airflow/example_dags/tutorial_objectstorage.py
[2026-03-18T16:26:41.024+0100] {logging_mixin.py:190} INFO - [2026-03-18T16:26:41.024+0100] {dag.py:3239} INFO - Sync 1 DAGs
[2026-03-18T16:26:41.081+0100] {logging_mixin.py:190} INFO - [2026-03-18T16:26:41.081+0100] {dag.py:4180} INFO - Setting next_dagrun for tutorial_objectstorage to None, run_after=None
[2026-03-18T16:26:41.104+0100] {processor.py:208} INFO - Processing /Users/atanasivanov/ipo-intel/ipo-intel/.venv_airflow/lib/python3.11/site-packages/airflow/example_dags/tutorial_objectstorage.py took 0.197 seconds
[2026-03-18T16:28:44.165+0100] {processor.py:186} INFO - Started process (PID=47905) to work on /Users/atanasivanov/ipo-intel/ipo-intel/.venv_airflow/lib/python3.11/site-packages/airflow/example_dags/tutorial_objectstorage.py
[2026-03-18T16:28:44.166+0100] {processor.py:914} INFO - Processing file /Users/atanasivanov/ipo-intel/ipo-intel/.venv_airflow/lib/python3.11/site-packages/airflow/example_dags/tutorial_objectstorage.py for tasks to queue
[2026-03-18T16:28:44.167+0100] {logging_mixin.py:190} INFO - [2026-03-18T16:28:44.167+0100] {dagbag.py:588} INFO - Filling up the DagBag from /Users/atanasivanov/ipo-intel/ipo-intel/.venv_airflow/lib/python3.11/site-packages/airflow/example_dags/tutorial_objectstorage.py
[2026-03-18T16:28:44.198+0100] {processor.py:925} INFO - DAG(s) 'tutorial_objectstorage' retrieved from /Users/atanasivanov/ipo-intel/ipo-intel/.venv_airflow/lib/python3.11/site-packages/airflow/example_dags/tutorial_objectstorage.py
[2026-03-18T16:28:44.274+0100] {logging_mixin.py:190} INFO - [2026-03-18T16:28:44.274+0100] {dag.py:3239} INFO - Sync 1 DAGs
[2026-03-18T16:28:44.330+0100] {logging_mixin.py:190} INFO - [2026-03-18T16:28:44.330+0100] {dag.py:4180} INFO - Setting next_dagrun for tutorial_objectstorage to None, run_after=None
[2026-03-18T16:28:44.347+0100] {processor.py:208} INFO - Processing /Users/atanasivanov/ipo-intel/ipo-intel/.venv_airflow/lib/python3.11/site-packages/airflow/example_dags/tutorial_objectstorage.py took 0.186 seconds
[2026-03-18T16:30:43.094+0100] {processor.py:186} INFO - Started process (PID=48336) to work on /Users/atanasivanov/ipo-intel/ipo-intel/.venv_airflow/lib/python3.11/site-packages/airflow/example_dags/tutorial_objectstorage.py
[2026-03-18T16:30:43.095+0100] {processor.py:914} INFO - Processing file /Users/atanasivanov/ipo-intel/ipo-intel/.venv_airflow/lib/python3.11/site-packages/airflow/example_dags/tutorial_objectstorage.py for tasks to queue
[2026-03-18T16:30:43.096+0100] {logging_mixin.py:190} INFO - [2026-03-18T16:30:43.096+0100] {dagbag.py:588} INFO - Filling up the DagBag from /Users/atanasivanov/ipo-intel/ipo-intel/.venv_airflow/lib/python3.11/site-packages/airflow/example_dags/tutorial_objectstorage.py
[2026-03-18T16:30:43.129+0100] {processor.py:925} INFO - DAG(s) 'tutorial_objectstorage' retrieved from /Users/atanasivanov/ipo-intel/ipo-intel/.venv_airflow/lib/python3.11/site-packages/airflow/example_dags/tutorial_objectstorage.py
[2026-03-18T16:30:43.203+0100] {logging_mixin.py:190} INFO - [2026-03-18T16:30:43.203+0100] {dag.py:3239} INFO - Sync 1 DAGs
[2026-03-18T16:30:43.262+0100] {logging_mixin.py:190} INFO - [2026-03-18T16:30:43.262+0100] {dag.py:4180} INFO - Setting next_dagrun for tutorial_objectstorage to None, run_after=None
[2026-03-18T16:30:43.280+0100] {processor.py:208} INFO - Processing /Users/atanasivanov/ipo-intel/ipo-intel/.venv_airflow/lib/python3.11/site-packages/airflow/example_dags/tutorial_objectstorage.py took 0.191 seconds
[2026-03-18T16:32:35.574+0100] {processor.py:186} INFO - Started process (PID=48740) to work on /Users/atanasivanov/ipo-intel/ipo-intel/.venv_airflow/lib/python3.11/site-packages/airflow/example_dags/tutorial_objectstorage.py
[2026-03-18T16:32:35.575+0100] {processor.py:914} INFO - Processing file /Users/atanasivanov/ipo-intel/ipo-intel/.venv_airflow/lib/python3.11/site-packages/airflow/example_dags/tutorial_objectstorage.py for tasks to queue
[2026-03-18T16:32:35.576+0100] {logging_mixin.py:190} INFO - [2026-03-18T16:32:35.576+0100] {dagbag.py:588} INFO - Filling up the DagBag from /Users/atanasivanov/ipo-intel/ipo-intel/.venv_airflow/lib/python3.11/site-packages/airflow/example_dags/tutorial_objectstorage.py
[2026-03-18T16:32:35.612+0100] {processor.py:925} INFO - DAG(s) 'tutorial_objectstorage' retrieved from /Users/atanasivanov/ipo-intel/ipo-intel/.venv_airflow/lib/python3.11/site-packages/airflow/example_dags/tutorial_objectstorage.py
[2026-03-18T16:32:35.690+0100] {logging_mixin.py:190} INFO - [2026-03-18T16:32:35.690+0100] {dag.py:3239} INFO - Sync 1 DAGs
[2026-03-18T16:32:35.747+0100] {logging_mixin.py:190} INFO - [2026-03-18T16:32:35.747+0100] {dag.py:4180} INFO - Setting next_dagrun for tutorial_objectstorage to None, run_after=None
[2026-03-18T16:32:35.765+0100] {processor.py:208} INFO - Processing /Users/atanasivanov/ipo-intel/ipo-intel/.venv_airflow/lib/python3.11/site-packages/airflow/example_dags/tutorial_objectstorage.py took 0.195 seconds
[2026-03-18T16:34:27.821+0100] {processor.py:186} INFO - Started process (PID=49154) to work on /Users/atanasivanov/ipo-intel/ipo-intel/.venv_airflow/lib/python3.11/site-packages/airflow/example_dags/tutorial_objectstorage.py
[2026-03-18T16:34:27.822+0100] {processor.py:914} INFO - Processing file /Users/atanasivanov/ipo-intel/ipo-intel/.venv_airflow/lib/python3.11/site-packages/airflow/example_dags/tutorial_objectstorage.py for tasks to queue
[2026-03-18T16:34:27.822+0100] {logging_mixin.py:190} INFO - [2026-03-18T16:34:27.822+0100] {dagbag.py:588} INFO - Filling up the DagBag from /Users/atanasivanov/ipo-intel/ipo-intel/.venv_airflow/lib/python3.11/site-packages/airflow/example_dags/tutorial_objectstorage.py
[2026-03-18T16:34:27.859+0100] {processor.py:925} INFO - DAG(s) 'tutorial_objectstorage' retrieved from /Users/atanasivanov/ipo-intel/ipo-intel/.venv_airflow/lib/python3.11/site-packages/airflow/example_dags/tutorial_objectstorage.py
[2026-03-18T16:34:27.941+0100] {logging_mixin.py:190} INFO - [2026-03-18T16:34:27.941+0100] {dag.py:3239} INFO - Sync 1 DAGs
[2026-03-18T16:34:28.000+0100] {logging_mixin.py:190} INFO - [2026-03-18T16:34:27.999+0100] {dag.py:4180} INFO - Setting next_dagrun for tutorial_objectstorage to None, run_after=None
[2026-03-18T16:34:28.017+0100] {processor.py:208} INFO - Processing /Users/atanasivanov/ipo-intel/ipo-intel/.venv_airflow/lib/python3.11/site-packages/airflow/example_dags/tutorial_objectstorage.py took 0.202 seconds
[2026-03-18T16:36:25.164+0100] {processor.py:186} INFO - Started process (PID=49581) to work on /Users/atanasivanov/ipo-intel/ipo-intel/.venv_airflow/lib/python3.11/site-packages/airflow/example_dags/tutorial_objectstorage.py
[2026-03-18T16:36:25.165+0100] {processor.py:914} INFO - Processing file /Users/atanasivanov/ipo-intel/ipo-intel/.venv_airflow/lib/python3.11/site-packages/airflow/example_dags/tutorial_objectstorage.py for tasks to queue
[2026-03-18T16:36:25.166+0100] {logging_mixin.py:190} INFO - [2026-03-18T16:36:25.166+0100] {dagbag.py:588} INFO - Filling up the DagBag from /Users/atanasivanov/ipo-intel/ipo-intel/.venv_airflow/lib/python3.11/site-packages/airflow/example_dags/tutorial_objectstorage.py
[2026-03-18T16:36:25.200+0100] {processor.py:925} INFO - DAG(s) 'tutorial_objectstorage' retrieved from /Users/atanasivanov/ipo-intel/ipo-intel/.venv_airflow/lib/python3.11/site-packages/airflow/example_dags/tutorial_objectstorage.py
[2026-03-18T16:36:25.277+0100] {logging_mixin.py:190} INFO - [2026-03-18T16:36:25.277+0100] {dag.py:3239} INFO - Sync 1 DAGs
[2026-03-18T16:36:25.333+0100] {logging_mixin.py:190} INFO - [2026-03-18T16:36:25.333+0100] {dag.py:4180} INFO - Setting next_dagrun for tutorial_objectstorage to None, run_after=None
[2026-03-18T16:36:25.350+0100] {processor.py:208} INFO - Processing /Users/atanasivanov/ipo-intel/ipo-intel/.venv_airflow/lib/python3.11/site-packages/airflow/example_dags/tutorial_objectstorage.py took 0.191 seconds
[2026-03-18T16:38:16.551+0100] {processor.py:186} INFO - Started process (PID=49986) to work on /Users/atanasivanov/ipo-intel/ipo-intel/.venv_airflow/lib/python3.11/site-packages/airflow/example_dags/tutorial_objectstorage.py
[2026-03-18T16:38:16.552+0100] {processor.py:914} INFO - Processing file /Users/atanasivanov/ipo-intel/ipo-intel/.venv_airflow/lib/python3.11/site-packages/airflow/example_dags/tutorial_objectstorage.py for tasks to queue
[2026-03-18T16:38:16.553+0100] {logging_mixin.py:190} INFO - [2026-03-18T16:38:16.553+0100] {dagbag.py:588} INFO - Filling up the DagBag from /Users/atanasivanov/ipo-intel/ipo-intel/.venv_airflow/lib/python3.11/site-packages/airflow/example_dags/tutorial_objectstorage.py
[2026-03-18T16:38:16.586+0100] {processor.py:925} INFO - DAG(s) 'tutorial_objectstorage' retrieved from /Users/atanasivanov/ipo-intel/ipo-intel/.venv_airflow/lib/python3.11/site-packages/airflow/example_dags/tutorial_objectstorage.py
[2026-03-18T16:38:16.661+0100] {logging_mixin.py:190} INFO - [2026-03-18T16:38:16.661+0100] {dag.py:3239} INFO - Sync 1 DAGs
[2026-03-18T16:38:16.717+0100] {logging_mixin.py:190} INFO - [2026-03-18T16:38:16.716+0100] {dag.py:4180} INFO - Setting next_dagrun for tutorial_objectstorage to None, run_after=None
[2026-03-18T16:38:16.734+0100] {processor.py:208} INFO - Processing /Users/atanasivanov/ipo-intel/ipo-intel/.venv_airflow/lib/python3.11/site-packages/airflow/example_dags/tutorial_objectstorage.py took 0.188 seconds
[2026-03-18T16:40:17.183+0100] {processor.py:186} INFO - Started process (PID=51120) to work on /Users/atanasivanov/ipo-intel/ipo-intel/.venv_airflow/lib/python3.11/site-packages/airflow/example_dags/tutorial_objectstorage.py
[2026-03-18T16:40:17.184+0100] {processor.py:914} INFO - Processing file /Users/atanasivanov/ipo-intel/ipo-intel/.venv_airflow/lib/python3.11/site-packages/airflow/example_dags/tutorial_objectstorage.py for tasks to queue
[2026-03-18T16:40:17.185+0100] {logging_mixin.py:190} INFO - [2026-03-18T16:40:17.185+0100] {dagbag.py:588} INFO - Filling up the DagBag from /Users/atanasivanov/ipo-intel/ipo-intel/.venv_airflow/lib/python3.11/site-packages/airflow/example_dags/tutorial_objectstorage.py
[2026-03-18T16:40:17.226+0100] {processor.py:925} INFO - DAG(s) 'tutorial_objectstorage' retrieved from /Users/atanasivanov/ipo-intel/ipo-intel/.venv_airflow/lib/python3.11/site-packages/airflow/example_dags/tutorial_objectstorage.py
[2026-03-18T16:40:17.312+0100] {logging_mixin.py:190} INFO - [2026-03-18T16:40:17.311+0100] {dag.py:3239} INFO - Sync 1 DAGs
[2026-03-18T16:40:17.375+0100] {logging_mixin.py:190} INFO - [2026-03-18T16:40:17.375+0100] {dag.py:4180} INFO - Setting next_dagrun for tutorial_objectstorage to None, run_after=None
[2026-03-18T16:40:17.394+0100] {processor.py:208} INFO - Processing /Users/atanasivanov/ipo-intel/ipo-intel/.venv_airflow/lib/python3.11/site-packages/airflow/example_dags/tutorial_objectstorage.py took 0.218 seconds
[2026-03-18T16:42:18.983+0100] {processor.py:186} INFO - Started process (PID=51944) to work on /Users/atanasivanov/ipo-intel/ipo-intel/.venv_airflow/lib/python3.11/site-packages/airflow/example_dags/tutorial_objectstorage.py
[2026-03-18T16:42:18.984+0100] {processor.py:914} INFO - Processing file /Users/atanasivanov/ipo-intel/ipo-intel/.venv_airflow/lib/python3.11/site-packages/airflow/example_dags/tutorial_objectstorage.py for tasks to queue
[2026-03-18T16:42:18.985+0100] {logging_mixin.py:190} INFO - [2026-03-18T16:42:18.985+0100] {dagbag.py:588} INFO - Filling up the DagBag from /Users/atanasivanov/ipo-intel/ipo-intel/.venv_airflow/lib/python3.11/site-packages/airflow/example_dags/tutorial_objectstorage.py
[2026-03-18T16:42:19.023+0100] {processor.py:925} INFO - DAG(s) 'tutorial_objectstorage' retrieved from /Users/atanasivanov/ipo-intel/ipo-intel/.venv_airflow/lib/python3.11/site-packages/airflow/example_dags/tutorial_objectstorage.py
[2026-03-18T16:42:19.102+0100] {logging_mixin.py:190} INFO - [2026-03-18T16:42:19.102+0100] {dag.py:3239} INFO - Sync 1 DAGs
[2026-03-18T16:42:19.165+0100] {logging_mixin.py:190} INFO - [2026-03-18T16:42:19.164+0100] {dag.py:4180} INFO - Setting next_dagrun for tutorial_objectstorage to None, run_after=None
[2026-03-18T16:42:19.183+0100] {processor.py:208} INFO - Processing /Users/atanasivanov/ipo-intel/ipo-intel/.venv_airflow/lib/python3.11/site-packages/airflow/example_dags/tutorial_objectstorage.py took 0.206 seconds
[2026-03-18T16:47:56.054+0100] {processor.py:186} INFO - Started process (PID=53189) to work on /Users/atanasivanov/ipo-intel/ipo-intel/.venv_airflow/lib/python3.11/site-packages/airflow/example_dags/tutorial_objectstorage.py
[2026-03-18T16:47:56.056+0100] {processor.py:914} INFO - Processing file /Users/atanasivanov/ipo-intel/ipo-intel/.venv_airflow/lib/python3.11/site-packages/airflow/example_dags/tutorial_objectstorage.py for tasks to queue
[2026-03-18T16:47:56.057+0100] {logging_mixin.py:190} INFO - [2026-03-18T16:47:56.057+0100] {dagbag.py:588} INFO - Filling up the DagBag from /Users/atanasivanov/ipo-intel/ipo-intel/.venv_airflow/lib/python3.11/site-packages/airflow/example_dags/tutorial_objectstorage.py
[2026-03-18T16:47:56.090+0100] {processor.py:925} INFO - DAG(s) 'tutorial_objectstorage' retrieved from /Users/atanasivanov/ipo-intel/ipo-intel/.venv_airflow/lib/python3.11/site-packages/airflow/example_dags/tutorial_objectstorage.py
[2026-03-18T16:47:56.165+0100] {logging_mixin.py:190} INFO - [2026-03-18T16:47:56.165+0100] {dag.py:3239} INFO - Sync 1 DAGs
[2026-03-18T16:47:56.221+0100] {logging_mixin.py:190} INFO - [2026-03-18T16:47:56.221+0100] {dag.py:4180} INFO - Setting next_dagrun for tutorial_objectstorage to None, run_after=None
[2026-03-18T16:47:56.239+0100] {processor.py:208} INFO - Processing /Users/atanasivanov/ipo-intel/ipo-intel/.venv_airflow/lib/python3.11/site-packages/airflow/example_dags/tutorial_objectstorage.py took 0.189 seconds
[2026-03-18T16:50:24.865+0100] {processor.py:186} INFO - Started process (PID=53736) to work on /Users/atanasivanov/ipo-intel/ipo-intel/.venv_airflow/lib/python3.11/site-packages/airflow/example_dags/tutorial_objectstorage.py
[2026-03-18T16:50:24.866+0100] {processor.py:914} INFO - Processing file /Users/atanasivanov/ipo-intel/ipo-intel/.venv_airflow/lib/python3.11/site-packages/airflow/example_dags/tutorial_objectstorage.py for tasks to queue
[2026-03-18T16:50:24.867+0100] {logging_mixin.py:190} INFO - [2026-03-18T16:50:24.867+0100] {dagbag.py:588} INFO - Filling up the DagBag from /Users/atanasivanov/ipo-intel/ipo-intel/.venv_airflow/lib/python3.11/site-packages/airflow/example_dags/tutorial_objectstorage.py
[2026-03-18T16:50:24.902+0100] {processor.py:925} INFO - DAG(s) 'tutorial_objectstorage' retrieved from /Users/atanasivanov/ipo-intel/ipo-intel/.venv_airflow/lib/python3.11/site-packages/airflow/example_dags/tutorial_objectstorage.py
[2026-03-18T16:50:24.977+0100] {logging_mixin.py:190} INFO - [2026-03-18T16:50:24.977+0100] {dag.py:3239} INFO - Sync 1 DAGs
[2026-03-18T16:50:25.040+0100] {logging_mixin.py:190} INFO - [2026-03-18T16:50:25.040+0100] {dag.py:4180} INFO - Setting next_dagrun for tutorial_objectstorage to None, run_after=None
[2026-03-18T16:50:25.059+0100] {processor.py:208} INFO - Processing /Users/atanasivanov/ipo-intel/ipo-intel/.venv_airflow/lib/python3.11/site-packages/airflow/example_dags/tutorial_objectstorage.py took 0.199 seconds
[2026-03-18T16:52:27.287+0100] {processor.py:186} INFO - Started process (PID=54182) to work on /Users/atanasivanov/ipo-intel/ipo-intel/.venv_airflow/lib/python3.11/site-packages/airflow/example_dags/tutorial_objectstorage.py
[2026-03-18T16:52:27.288+0100] {processor.py:914} INFO - Processing file /Users/atanasivanov/ipo-intel/ipo-intel/.venv_airflow/lib/python3.11/site-packages/airflow/example_dags/tutorial_objectstorage.py for tasks to queue
[2026-03-18T16:52:27.289+0100] {logging_mixin.py:190} INFO - [2026-03-18T16:52:27.289+0100] {dagbag.py:588} INFO - Filling up the DagBag from /Users/atanasivanov/ipo-intel/ipo-intel/.venv_airflow/lib/python3.11/site-packages/airflow/example_dags/tutorial_objectstorage.py
[2026-03-18T16:52:27.322+0100] {processor.py:925} INFO - DAG(s) 'tutorial_objectstorage' retrieved from /Users/atanasivanov/ipo-intel/ipo-intel/.venv_airflow/lib/python3.11/site-packages/airflow/example_dags/tutorial_objectstorage.py
[2026-03-18T16:52:27.396+0100] {logging_mixin.py:190} INFO - [2026-03-18T16:52:27.396+0100] {dag.py:3239} INFO - Sync 1 DAGs
[2026-03-18T16:52:27.459+0100] {logging_mixin.py:190} INFO - [2026-03-18T16:52:27.459+0100] {dag.py:4180} INFO - Setting next_dagrun for tutorial_objectstorage to None, run_after=None
[2026-03-18T16:52:27.476+0100] {processor.py:208} INFO - Processing /Users/atanasivanov/ipo-intel/ipo-intel/.venv_airflow/lib/python3.11/site-packages/airflow/example_dags/tutorial_objectstorage.py took 0.193 seconds
[2026-03-18T16:54:34.487+0100] {processor.py:186} INFO - Started process (PID=54946) to work on /Users/atanasivanov/ipo-intel/ipo-intel/.venv_airflow/lib/python3.11/site-packages/airflow/example_dags/tutorial_objectstorage.py
[2026-03-18T16:54:34.488+0100] {processor.py:914} INFO - Processing file /Users/atanasivanov/ipo-intel/ipo-intel/.venv_airflow/lib/python3.11/site-packages/airflow/example_dags/tutorial_objectstorage.py for tasks to queue
[2026-03-18T16:54:34.489+0100] {logging_mixin.py:190} INFO - [2026-03-18T16:54:34.488+0100] {dagbag.py:588} INFO - Filling up the DagBag from /Users/atanasivanov/ipo-intel/ipo-intel/.venv_airflow/lib/python3.11/site-packages/airflow/example_dags/tutorial_objectstorage.py
[2026-03-18T16:54:34.532+0100] {processor.py:925} INFO - DAG(s) 'tutorial_objectstorage' retrieved from /Users/atanasivanov/ipo-intel/ipo-intel/.venv_airflow/lib/python3.11/site-packages/airflow/example_dags/tutorial_objectstorage.py
[2026-03-18T16:54:34.615+0100] {logging_mixin.py:190} INFO - [2026-03-18T16:54:34.615+0100] {dag.py:3239} INFO - Sync 1 DAGs
[2026-03-18T16:54:34.677+0100] {logging_mixin.py:190} INFO - [2026-03-18T16:54:34.676+0100] {dag.py:4180} INFO - Setting next_dagrun for tutorial_objectstorage to None, run_after=None
[2026-03-18T16:54:34.694+0100] {processor.py:208} INFO - Processing /Users/atanasivanov/ipo-intel/ipo-intel/.venv_airflow/lib/python3.11/site-packages/airflow/example_dags/tutorial_objectstorage.py took 0.214 seconds
[2026-03-18T16:56:39.885+0100] {processor.py:186} INFO - Started process (PID=55399) to work on /Users/atanasivanov/ipo-intel/ipo-intel/.venv_airflow/lib/python3.11/site-packages/airflow/example_dags/tutorial_objectstorage.py
[2026-03-18T16:56:39.886+0100] {processor.py:914} INFO - Processing file /Users/atanasivanov/ipo-intel/ipo-intel/.venv_airflow/lib/python3.11/site-packages/airflow/example_dags/tutorial_objectstorage.py for tasks to queue
[2026-03-18T16:56:39.887+0100] {logging_mixin.py:190} INFO - [2026-03-18T16:56:39.887+0100] {dagbag.py:588} INFO - Filling up the DagBag from /Users/atanasivanov/ipo-intel/ipo-intel/.venv_airflow/lib/python3.11/site-packages/airflow/example_dags/tutorial_objectstorage.py
[2026-03-18T16:56:39.921+0100] {processor.py:925} INFO - DAG(s) 'tutorial_objectstorage' retrieved from /Users/atanasivanov/ipo-intel/ipo-intel/.venv_airflow/lib/python3.11/site-packages/airflow/example_dags/tutorial_objectstorage.py
[2026-03-18T16:56:39.997+0100] {logging_mixin.py:190} INFO - [2026-03-18T16:56:39.996+0100] {dag.py:3239} INFO - Sync 1 DAGs
[2026-03-18T16:56:40.052+0100] {logging_mixin.py:190} INFO - [2026-03-18T16:56:40.051+0100] {dag.py:4180} INFO - Setting next_dagrun for tutorial_objectstorage to None, run_after=None
[2026-03-18T16:56:40.067+0100] {processor.py:208} INFO - Processing /Users/atanasivanov/ipo-intel/ipo-intel/.venv_airflow/lib/python3.11/site-packages/airflow/example_dags/tutorial_objectstorage.py took 0.188 seconds
[2026-03-18T16:58:43.597+0100] {processor.py:186} INFO - Started process (PID=55874) to work on /Users/atanasivanov/ipo-intel/ipo-intel/.venv_airflow/lib/python3.11/site-packages/airflow/example_dags/tutorial_objectstorage.py
[2026-03-18T16:58:43.599+0100] {processor.py:914} INFO - Processing file /Users/atanasivanov/ipo-intel/ipo-intel/.venv_airflow/lib/python3.11/site-packages/airflow/example_dags/tutorial_objectstorage.py for tasks to queue
[2026-03-18T16:58:43.600+0100] {logging_mixin.py:190} INFO - [2026-03-18T16:58:43.599+0100] {dagbag.py:588} INFO - Filling up the DagBag from /Users/atanasivanov/ipo-intel/ipo-intel/.venv_airflow/lib/python3.11/site-packages/airflow/example_dags/tutorial_objectstorage.py
[2026-03-18T16:58:43.634+0100] {processor.py:925} INFO - DAG(s) 'tutorial_objectstorage' retrieved from /Users/atanasivanov/ipo-intel/ipo-intel/.venv_airflow/lib/python3.11/site-packages/airflow/example_dags/tutorial_objectstorage.py
[2026-03-18T16:58:43.711+0100] {logging_mixin.py:190} INFO - [2026-03-18T16:58:43.710+0100] {dag.py:3239} INFO - Sync 1 DAGs
[2026-03-18T16:58:43.771+0100] {logging_mixin.py:190} INFO - [2026-03-18T16:58:43.771+0100] {dag.py:4180} INFO - Setting next_dagrun for tutorial_objectstorage to None, run_after=None
[2026-03-18T16:58:43.789+0100] {processor.py:208} INFO - Processing /Users/atanasivanov/ipo-intel/ipo-intel/.venv_airflow/lib/python3.11/site-packages/airflow/example_dags/tutorial_objectstorage.py took 0.196 seconds
[2026-03-18T17:00:48.103+0100] {processor.py:186} INFO - Started process (PID=56319) to work on /Users/atanasivanov/ipo-intel/ipo-intel/.venv_airflow/lib/python3.11/site-packages/airflow/example_dags/tutorial_objectstorage.py
[2026-03-18T17:00:48.104+0100] {processor.py:914} INFO - Processing file /Users/atanasivanov/ipo-intel/ipo-intel/.venv_airflow/lib/python3.11/site-packages/airflow/example_dags/tutorial_objectstorage.py for tasks to queue
[2026-03-18T17:00:48.105+0100] {logging_mixin.py:190} INFO - [2026-03-18T17:00:48.105+0100] {dagbag.py:588} INFO - Filling up the DagBag from /Users/atanasivanov/ipo-intel/ipo-intel/.venv_airflow/lib/python3.11/site-packages/airflow/example_dags/tutorial_objectstorage.py
[2026-03-18T17:00:48.135+0100] {processor.py:925} INFO - DAG(s) 'tutorial_objectstorage' retrieved from /Users/atanasivanov/ipo-intel/ipo-intel/.venv_airflow/lib/python3.11/site-packages/airflow/example_dags/tutorial_objectstorage.py
[2026-03-18T17:00:48.210+0100] {logging_mixin.py:190} INFO - [2026-03-18T17:00:48.210+0100] {dag.py:3239} INFO - Sync 1 DAGs
[2026-03-18T17:00:48.266+0100] {logging_mixin.py:190} INFO - [2026-03-18T17:00:48.265+0100] {dag.py:4180} INFO - Setting next_dagrun for tutorial_objectstorage to None, run_after=None
[2026-03-18T17:00:48.282+0100] {processor.py:208} INFO - Processing /Users/atanasivanov/ipo-intel/ipo-intel/.venv_airflow/lib/python3.11/site-packages/airflow/example_dags/tutorial_objectstorage.py took 0.184 seconds
[2026-03-18T17:02:41.767+0100] {processor.py:186} INFO - Started process (PID=56735) to work on /Users/atanasivanov/ipo-intel/ipo-intel/.venv_airflow/lib/python3.11/site-packages/airflow/example_dags/tutorial_objectstorage.py
[2026-03-18T17:02:41.768+0100] {processor.py:914} INFO - Processing file /Users/atanasivanov/ipo-intel/ipo-intel/.venv_airflow/lib/python3.11/site-packages/airflow/example_dags/tutorial_objectstorage.py for tasks to queue
[2026-03-18T17:02:41.769+0100] {logging_mixin.py:190} INFO - [2026-03-18T17:02:41.769+0100] {dagbag.py:588} INFO - Filling up the DagBag from /Users/atanasivanov/ipo-intel/ipo-intel/.venv_airflow/lib/python3.11/site-packages/airflow/example_dags/tutorial_objectstorage.py
[2026-03-18T17:02:41.801+0100] {processor.py:925} INFO - DAG(s) 'tutorial_objectstorage' retrieved from /Users/atanasivanov/ipo-intel/ipo-intel/.venv_airflow/lib/python3.11/site-packages/airflow/example_dags/tutorial_objectstorage.py
[2026-03-18T17:02:41.876+0100] {logging_mixin.py:190} INFO - [2026-03-18T17:02:41.876+0100] {dag.py:3239} INFO - Sync 1 DAGs
[2026-03-18T17:02:41.934+0100] {logging_mixin.py:190} INFO - [2026-03-18T17:02:41.934+0100] {dag.py:4180} INFO - Setting next_dagrun for tutorial_objectstorage to None, run_after=None
[2026-03-18T17:02:41.951+0100] {processor.py:208} INFO - Processing /Users/atanasivanov/ipo-intel/ipo-intel/.venv_airflow/lib/python3.11/site-packages/airflow/example_dags/tutorial_objectstorage.py took 0.190 seconds
[2026-03-18T17:04:36.344+0100] {processor.py:186} INFO - Started process (PID=57154) to work on /Users/atanasivanov/ipo-intel/ipo-intel/.venv_airflow/lib/python3.11/site-packages/airflow/example_dags/tutorial_objectstorage.py
[2026-03-18T17:04:36.345+0100] {processor.py:914} INFO - Processing file /Users/atanasivanov/ipo-intel/ipo-intel/.venv_airflow/lib/python3.11/site-packages/airflow/example_dags/tutorial_objectstorage.py for tasks to queue
[2026-03-18T17:04:36.347+0100] {logging_mixin.py:190} INFO - [2026-03-18T17:04:36.347+0100] {dagbag.py:588} INFO - Filling up the DagBag from /Users/atanasivanov/ipo-intel/ipo-intel/.venv_airflow/lib/python3.11/site-packages/airflow/example_dags/tutorial_objectstorage.py
[2026-03-18T17:04:36.377+0100] {processor.py:925} INFO - DAG(s) 'tutorial_objectstorage' retrieved from /Users/atanasivanov/ipo-intel/ipo-intel/.venv_airflow/lib/python3.11/site-packages/airflow/example_dags/tutorial_objectstorage.py
[2026-03-18T17:04:36.451+0100] {logging_mixin.py:190} INFO - [2026-03-18T17:04:36.451+0100] {dag.py:3239} INFO - Sync 1 DAGs
[2026-03-18T17:04:36.508+0100] {logging_mixin.py:190} INFO - [2026-03-18T17:04:36.508+0100] {dag.py:4180} INFO - Setting next_dagrun for tutorial_objectstorage to None, run_after=None
[2026-03-18T17:04:36.524+0100] {processor.py:208} INFO - Processing /Users/atanasivanov/ipo-intel/ipo-intel/.venv_airflow/lib/python3.11/site-packages/airflow/example_dags/tutorial_objectstorage.py took 0.185 seconds
[2026-03-18T17:06:35.442+0100] {processor.py:186} INFO - Started process (PID=57591) to work on /Users/atanasivanov/ipo-intel/ipo-intel/.venv_airflow/lib/python3.11/site-packages/airflow/example_dags/tutorial_objectstorage.py
[2026-03-18T17:06:35.443+0100] {processor.py:914} INFO - Processing file /Users/atanasivanov/ipo-intel/ipo-intel/.venv_airflow/lib/python3.11/site-packages/airflow/example_dags/tutorial_objectstorage.py for tasks to queue
[2026-03-18T17:06:35.443+0100] {logging_mixin.py:190} INFO - [2026-03-18T17:06:35.443+0100] {dagbag.py:588} INFO - Filling up the DagBag from /Users/atanasivanov/ipo-intel/ipo-intel/.venv_airflow/lib/python3.11/site-packages/airflow/example_dags/tutorial_objectstorage.py
[2026-03-18T17:06:35.481+0100] {processor.py:925} INFO - DAG(s) 'tutorial_objectstorage' retrieved from /Users/atanasivanov/ipo-intel/ipo-intel/.venv_airflow/lib/python3.11/site-packages/airflow/example_dags/tutorial_objectstorage.py
[2026-03-18T17:06:35.560+0100] {logging_mixin.py:190} INFO - [2026-03-18T17:06:35.560+0100] {dag.py:3239} INFO - Sync 1 DAGs
[2026-03-18T17:06:35.619+0100] {logging_mixin.py:190} INFO - [2026-03-18T17:06:35.619+0100] {dag.py:4180} INFO - Setting next_dagrun for tutorial_objectstorage to None, run_after=None
[2026-03-18T17:06:35.636+0100] {processor.py:208} INFO - Processing /Users/atanasivanov/ipo-intel/ipo-intel/.venv_airflow/lib/python3.11/site-packages/airflow/example_dags/tutorial_objectstorage.py took 0.199 seconds
[2026-03-18T17:08:26.580+0100] {processor.py:186} INFO - Started process (PID=57999) to work on /Users/atanasivanov/ipo-intel/ipo-intel/.venv_airflow/lib/python3.11/site-packages/airflow/example_dags/tutorial_objectstorage.py
[2026-03-18T17:08:26.580+0100] {processor.py:914} INFO - Processing file /Users/atanasivanov/ipo-intel/ipo-intel/.venv_airflow/lib/python3.11/site-packages/airflow/example_dags/tutorial_objectstorage.py for tasks to queue
[2026-03-18T17:08:26.581+0100] {logging_mixin.py:190} INFO - [2026-03-18T17:08:26.581+0100] {dagbag.py:588} INFO - Filling up the DagBag from /Users/atanasivanov/ipo-intel/ipo-intel/.venv_airflow/lib/python3.11/site-packages/airflow/example_dags/tutorial_objectstorage.py
[2026-03-18T17:08:26.616+0100] {processor.py:925} INFO - DAG(s) 'tutorial_objectstorage' retrieved from /Users/atanasivanov/ipo-intel/ipo-intel/.venv_airflow/lib/python3.11/site-packages/airflow/example_dags/tutorial_objectstorage.py
[2026-03-18T17:08:26.691+0100] {logging_mixin.py:190} INFO - [2026-03-18T17:08:26.691+0100] {dag.py:3239} INFO - Sync 1 DAGs
[2026-03-18T17:08:26.747+0100] {logging_mixin.py:190} INFO - [2026-03-18T17:08:26.747+0100] {dag.py:4180} INFO - Setting next_dagrun for tutorial_objectstorage to None, run_after=None
[2026-03-18T17:08:26.764+0100] {processor.py:208} INFO - Processing /Users/atanasivanov/ipo-intel/ipo-intel/.venv_airflow/lib/python3.11/site-packages/airflow/example_dags/tutorial_objectstorage.py took 0.190 seconds
[2026-03-18T17:10:27.781+0100] {processor.py:186} INFO - Started process (PID=58514) to work on /Users/atanasivanov/ipo-intel/ipo-intel/.venv_airflow/lib/python3.11/site-packages/airflow/example_dags/tutorial_objectstorage.py
[2026-03-18T17:10:27.782+0100] {processor.py:914} INFO - Processing file /Users/atanasivanov/ipo-intel/ipo-intel/.venv_airflow/lib/python3.11/site-packages/airflow/example_dags/tutorial_objectstorage.py for tasks to queue
[2026-03-18T17:10:27.783+0100] {logging_mixin.py:190} INFO - [2026-03-18T17:10:27.783+0100] {dagbag.py:588} INFO - Filling up the DagBag from /Users/atanasivanov/ipo-intel/ipo-intel/.venv_airflow/lib/python3.11/site-packages/airflow/example_dags/tutorial_objectstorage.py
[2026-03-18T17:10:27.815+0100] {processor.py:925} INFO - DAG(s) 'tutorial_objectstorage' retrieved from /Users/atanasivanov/ipo-intel/ipo-intel/.venv_airflow/lib/python3.11/site-packages/airflow/example_dags/tutorial_objectstorage.py
[2026-03-18T17:10:27.890+0100] {logging_mixin.py:190} INFO - [2026-03-18T17:10:27.889+0100] {dag.py:3239} INFO - Sync 1 DAGs
[2026-03-18T17:10:27.944+0100] {logging_mixin.py:190} INFO - [2026-03-18T17:10:27.944+0100] {dag.py:4180} INFO - Setting next_dagrun for tutorial_objectstorage to None, run_after=None
[2026-03-18T17:10:27.960+0100] {processor.py:208} INFO - Processing /Users/atanasivanov/ipo-intel/ipo-intel/.venv_airflow/lib/python3.11/site-packages/airflow/example_dags/tutorial_objectstorage.py took 0.184 seconds
[2026-03-18T17:12:29.984+0100] {processor.py:186} INFO - Started process (PID=59169) to work on /Users/atanasivanov/ipo-intel/ipo-intel/.venv_airflow/lib/python3.11/site-packages/airflow/example_dags/tutorial_objectstorage.py
[2026-03-18T17:12:29.985+0100] {processor.py:914} INFO - Processing file /Users/atanasivanov/ipo-intel/ipo-intel/.venv_airflow/lib/python3.11/site-packages/airflow/example_dags/tutorial_objectstorage.py for tasks to queue
[2026-03-18T17:12:29.986+0100] {logging_mixin.py:190} INFO - [2026-03-18T17:12:29.985+0100] {dagbag.py:588} INFO - Filling up the DagBag from /Users/atanasivanov/ipo-intel/ipo-intel/.venv_airflow/lib/python3.11/site-packages/airflow/example_dags/tutorial_objectstorage.py
[2026-03-18T17:12:30.021+0100] {processor.py:925} INFO - DAG(s) 'tutorial_objectstorage' retrieved from /Users/atanasivanov/ipo-intel/ipo-intel/.venv_airflow/lib/python3.11/site-packages/airflow/example_dags/tutorial_objectstorage.py
[2026-03-18T17:12:30.100+0100] {logging_mixin.py:190} INFO - [2026-03-18T17:12:30.100+0100] {dag.py:3239} INFO - Sync 1 DAGs
[2026-03-18T17:12:30.161+0100] {logging_mixin.py:190} INFO - [2026-03-18T17:12:30.161+0100] {dag.py:4180} INFO - Setting next_dagrun for tutorial_objectstorage to None, run_after=None
[2026-03-18T17:12:30.181+0100] {processor.py:208} INFO - Processing /Users/atanasivanov/ipo-intel/ipo-intel/.venv_airflow/lib/python3.11/site-packages/airflow/example_dags/tutorial_objectstorage.py took 0.202 seconds
[2026-03-18T17:14:35.703+0100] {processor.py:186} INFO - Started process (PID=59844) to work on /Users/atanasivanov/ipo-intel/ipo-intel/.venv_airflow/lib/python3.11/site-packages/airflow/example_dags/tutorial_objectstorage.py
[2026-03-18T17:14:35.704+0100] {processor.py:914} INFO - Processing file /Users/atanasivanov/ipo-intel/ipo-intel/.venv_airflow/lib/python3.11/site-packages/airflow/example_dags/tutorial_objectstorage.py for tasks to queue
[2026-03-18T17:14:35.705+0100] {logging_mixin.py:190} INFO - [2026-03-18T17:14:35.705+0100] {dagbag.py:588} INFO - Filling up the DagBag from /Users/atanasivanov/ipo-intel/ipo-intel/.venv_airflow/lib/python3.11/site-packages/airflow/example_dags/tutorial_objectstorage.py
[2026-03-18T17:14:35.737+0100] {processor.py:925} INFO - DAG(s) 'tutorial_objectstorage' retrieved from /Users/atanasivanov/ipo-intel/ipo-intel/.venv_airflow/lib/python3.11/site-packages/airflow/example_dags/tutorial_objectstorage.py
[2026-03-18T17:14:35.816+0100] {logging_mixin.py:190} INFO - [2026-03-18T17:14:35.815+0100] {dag.py:3239} INFO - Sync 1 DAGs
[2026-03-18T17:14:35.875+0100] {logging_mixin.py:190} INFO - [2026-03-18T17:14:35.875+0100] {dag.py:4180} INFO - Setting next_dagrun for tutorial_objectstorage to None, run_after=None
[2026-03-18T17:14:35.894+0100] {processor.py:208} INFO - Processing /Users/atanasivanov/ipo-intel/ipo-intel/.venv_airflow/lib/python3.11/site-packages/airflow/example_dags/tutorial_objectstorage.py took 0.196 seconds
