[2026-03-18T16:15:35.404+0100] {processor.py:186} INFO - Started process (PID=44331) to work on /Users/atanasivanov/ipo-intel/ipo-intel/.venv_airflow/lib/python3.11/site-packages/airflow/example_dags/tutorial_taskflow_templates.py
[2026-03-18T16:15:35.405+0100] {processor.py:914} INFO - Processing file /Users/atanasivanov/ipo-intel/ipo-intel/.venv_airflow/lib/python3.11/site-packages/airflow/example_dags/tutorial_taskflow_templates.py for tasks to queue
[2026-03-18T16:15:35.406+0100] {logging_mixin.py:190} INFO - [2026-03-18T16:15:35.406+0100] {dagbag.py:588} INFO - Filling up the DagBag from /Users/atanasivanov/ipo-intel/ipo-intel/.venv_airflow/lib/python3.11/site-packages/airflow/example_dags/tutorial_taskflow_templates.py
[2026-03-18T16:15:35.449+0100] {processor.py:925} INFO - DAG(s) 'tutorial_taskflow_templates' retrieved from /Users/atanasivanov/ipo-intel/ipo-intel/.venv_airflow/lib/python3.11/site-packages/airflow/example_dags/tutorial_taskflow_templates.py
[2026-03-18T16:15:35.676+0100] {logging_mixin.py:190} INFO - [2026-03-18T16:15:35.676+0100] {override.py:1912} INFO - Created Permission View: can edit on DAG:tutorial_taskflow_templates
[2026-03-18T16:15:35.684+0100] {logging_mixin.py:190} INFO - [2026-03-18T16:15:35.684+0100] {override.py:1912} INFO - Created Permission View: can delete on DAG:tutorial_taskflow_templates
[2026-03-18T16:15:35.690+0100] {logging_mixin.py:190} INFO - [2026-03-18T16:15:35.690+0100] {override.py:1912} INFO - Created Permission View: can read on DAG:tutorial_taskflow_templates
[2026-03-18T16:15:35.697+0100] {logging_mixin.py:190} INFO - [2026-03-18T16:15:35.697+0100] {override.py:1912} INFO - Created Permission View: can create on DAG Run:tutorial_taskflow_templates
[2026-03-18T16:15:35.703+0100] {logging_mixin.py:190} INFO - [2026-03-18T16:15:35.702+0100] {override.py:1912} INFO - Created Permission View: can delete on DAG Run:tutorial_taskflow_templates
[2026-03-18T16:15:35.707+0100] {logging_mixin.py:190} INFO - [2026-03-18T16:15:35.707+0100] {override.py:1912} INFO - Created Permission View: can read on DAG Run:tutorial_taskflow_templates
[2026-03-18T16:15:35.712+0100] {logging_mixin.py:190} INFO - [2026-03-18T16:15:35.712+0100] {override.py:1912} INFO - Created Permission View: menu access on DAG Run:tutorial_taskflow_templates
[2026-03-18T16:15:35.713+0100] {logging_mixin.py:190} INFO - [2026-03-18T16:15:35.713+0100] {dag.py:3239} INFO - Sync 1 DAGs
[2026-03-18T16:15:35.723+0100] {logging_mixin.py:190} INFO - [2026-03-18T16:15:35.722+0100] {dag.py:3262} INFO - Creating ORM DAG for tutorial_taskflow_templates
[2026-03-18T16:15:35.731+0100] {logging_mixin.py:190} INFO - [2026-03-18T16:15:35.731+0100] {dag.py:4180} INFO - Setting next_dagrun for tutorial_taskflow_templates to 2026-03-17 00:00:00+00:00, run_after=2026-03-18 00:00:00+00:00
[2026-03-18T16:15:35.746+0100] {processor.py:208} INFO - Processing /Users/atanasivanov/ipo-intel/ipo-intel/.venv_airflow/lib/python3.11/site-packages/airflow/example_dags/tutorial_taskflow_templates.py took 0.347 seconds
[2026-03-18T16:19:45.764+0100] {processor.py:186} INFO - Started process (PID=45184) to work on /Users/atanasivanov/ipo-intel/ipo-intel/.venv_airflow/lib/python3.11/site-packages/airflow/example_dags/tutorial_taskflow_templates.py
[2026-03-18T16:19:45.765+0100] {processor.py:914} INFO - Processing file /Users/atanasivanov/ipo-intel/ipo-intel/.venv_airflow/lib/python3.11/site-packages/airflow/example_dags/tutorial_taskflow_templates.py for tasks to queue
[2026-03-18T16:19:45.766+0100] {logging_mixin.py:190} INFO - [2026-03-18T16:19:45.766+0100] {dagbag.py:588} INFO - Filling up the DagBag from /Users/atanasivanov/ipo-intel/ipo-intel/.venv_airflow/lib/python3.11/site-packages/airflow/example_dags/tutorial_taskflow_templates.py
[2026-03-18T16:19:45.805+0100] {processor.py:925} INFO - DAG(s) 'tutorial_taskflow_templates' retrieved from /Users/atanasivanov/ipo-intel/ipo-intel/.venv_airflow/lib/python3.11/site-packages/airflow/example_dags/tutorial_taskflow_templates.py
[2026-03-18T16:19:45.887+0100] {logging_mixin.py:190} INFO - [2026-03-18T16:19:45.887+0100] {dag.py:3239} INFO - Sync 1 DAGs
[2026-03-18T16:19:45.956+0100] {logging_mixin.py:190} INFO - [2026-03-18T16:19:45.956+0100] {dag.py:4180} INFO - Setting next_dagrun for tutorial_taskflow_templates to 2026-03-17 00:00:00+00:00, run_after=2026-03-18 00:00:00+00:00
[2026-03-18T16:19:45.973+0100] {processor.py:208} INFO - Processing /Users/atanasivanov/ipo-intel/ipo-intel/.venv_airflow/lib/python3.11/site-packages/airflow/example_dags/tutorial_taskflow_templates.py took 0.213 seconds
[2026-03-18T16:22:25.242+0100] {processor.py:186} INFO - Started process (PID=45816) to work on /Users/atanasivanov/ipo-intel/ipo-intel/.venv_airflow/lib/python3.11/site-packages/airflow/example_dags/tutorial_taskflow_templates.py
[2026-03-18T16:22:25.243+0100] {processor.py:914} INFO - Processing file /Users/atanasivanov/ipo-intel/ipo-intel/.venv_airflow/lib/python3.11/site-packages/airflow/example_dags/tutorial_taskflow_templates.py for tasks to queue
[2026-03-18T16:22:25.244+0100] {logging_mixin.py:190} INFO - [2026-03-18T16:22:25.244+0100] {dagbag.py:588} INFO - Filling up the DagBag from /Users/atanasivanov/ipo-intel/ipo-intel/.venv_airflow/lib/python3.11/site-packages/airflow/example_dags/tutorial_taskflow_templates.py
[2026-03-18T16:22:25.279+0100] {processor.py:925} INFO - DAG(s) 'tutorial_taskflow_templates' retrieved from /Users/atanasivanov/ipo-intel/ipo-intel/.venv_airflow/lib/python3.11/site-packages/airflow/example_dags/tutorial_taskflow_templates.py
[2026-03-18T16:22:25.355+0100] {logging_mixin.py:190} INFO - [2026-03-18T16:22:25.354+0100] {dag.py:3239} INFO - Sync 1 DAGs
[2026-03-18T16:22:25.423+0100] {logging_mixin.py:190} INFO - [2026-03-18T16:22:25.423+0100] {dag.py:4180} INFO - Setting next_dagrun for tutorial_taskflow_templates to 2026-03-17 00:00:00+00:00, run_after=2026-03-18 00:00:00+00:00
[2026-03-18T16:22:25.440+0100] {processor.py:208} INFO - Processing /Users/atanasivanov/ipo-intel/ipo-intel/.venv_airflow/lib/python3.11/site-packages/airflow/example_dags/tutorial_taskflow_templates.py took 0.204 seconds
[2026-03-18T16:24:30.888+0100] {processor.py:186} INFO - Started process (PID=46269) to work on /Users/atanasivanov/ipo-intel/ipo-intel/.venv_airflow/lib/python3.11/site-packages/airflow/example_dags/tutorial_taskflow_templates.py
[2026-03-18T16:24:30.889+0100] {processor.py:914} INFO - Processing file /Users/atanasivanov/ipo-intel/ipo-intel/.venv_airflow/lib/python3.11/site-packages/airflow/example_dags/tutorial_taskflow_templates.py for tasks to queue
[2026-03-18T16:24:30.890+0100] {logging_mixin.py:190} INFO - [2026-03-18T16:24:30.890+0100] {dagbag.py:588} INFO - Filling up the DagBag from /Users/atanasivanov/ipo-intel/ipo-intel/.venv_airflow/lib/python3.11/site-packages/airflow/example_dags/tutorial_taskflow_templates.py
[2026-03-18T16:24:30.926+0100] {processor.py:925} INFO - DAG(s) 'tutorial_taskflow_templates' retrieved from /Users/atanasivanov/ipo-intel/ipo-intel/.venv_airflow/lib/python3.11/site-packages/airflow/example_dags/tutorial_taskflow_templates.py
[2026-03-18T16:24:31.006+0100] {logging_mixin.py:190} INFO - [2026-03-18T16:24:31.006+0100] {dag.py:3239} INFO - Sync 1 DAGs
[2026-03-18T16:24:31.076+0100] {logging_mixin.py:190} INFO - [2026-03-18T16:24:31.076+0100] {dag.py:4180} INFO - Setting next_dagrun for tutorial_taskflow_templates to 2026-03-17 00:00:00+00:00, run_after=2026-03-18 00:00:00+00:00
[2026-03-18T16:24:31.094+0100] {processor.py:208} INFO - Processing /Users/atanasivanov/ipo-intel/ipo-intel/.venv_airflow/lib/python3.11/site-packages/airflow/example_dags/tutorial_taskflow_templates.py took 0.211 seconds
[2026-03-18T16:26:32.490+0100] {processor.py:186} INFO - Started process (PID=46728) to work on /Users/atanasivanov/ipo-intel/ipo-intel/.venv_airflow/lib/python3.11/site-packages/airflow/example_dags/tutorial_taskflow_templates.py
[2026-03-18T16:26:32.492+0100] {processor.py:914} INFO - Processing file /Users/atanasivanov/ipo-intel/ipo-intel/.venv_airflow/lib/python3.11/site-packages/airflow/example_dags/tutorial_taskflow_templates.py for tasks to queue
[2026-03-18T16:26:32.493+0100] {logging_mixin.py:190} INFO - [2026-03-18T16:26:32.493+0100] {dagbag.py:588} INFO - Filling up the DagBag from /Users/atanasivanov/ipo-intel/ipo-intel/.venv_airflow/lib/python3.11/site-packages/airflow/example_dags/tutorial_taskflow_templates.py
[2026-03-18T16:26:32.539+0100] {processor.py:925} INFO - DAG(s) 'tutorial_taskflow_templates' retrieved from /Users/atanasivanov/ipo-intel/ipo-intel/.venv_airflow/lib/python3.11/site-packages/airflow/example_dags/tutorial_taskflow_templates.py
[2026-03-18T16:26:32.652+0100] {logging_mixin.py:190} INFO - [2026-03-18T16:26:32.651+0100] {dag.py:3239} INFO - Sync 1 DAGs
[2026-03-18T16:26:32.727+0100] {logging_mixin.py:190} INFO - [2026-03-18T16:26:32.727+0100] {dag.py:4180} INFO - Setting next_dagrun for tutorial_taskflow_templates to 2026-03-17 00:00:00+00:00, run_after=2026-03-18 00:00:00+00:00
[2026-03-18T16:26:32.746+0100] {processor.py:208} INFO - Processing /Users/atanasivanov/ipo-intel/ipo-intel/.venv_airflow/lib/python3.11/site-packages/airflow/example_dags/tutorial_taskflow_templates.py took 0.261 seconds
[2026-03-18T16:28:36.229+0100] {processor.py:186} INFO - Started process (PID=47876) to work on /Users/atanasivanov/ipo-intel/ipo-intel/.venv_airflow/lib/python3.11/site-packages/airflow/example_dags/tutorial_taskflow_templates.py
[2026-03-18T16:28:36.230+0100] {processor.py:914} INFO - Processing file /Users/atanasivanov/ipo-intel/ipo-intel/.venv_airflow/lib/python3.11/site-packages/airflow/example_dags/tutorial_taskflow_templates.py for tasks to queue
[2026-03-18T16:28:36.230+0100] {logging_mixin.py:190} INFO - [2026-03-18T16:28:36.230+0100] {dagbag.py:588} INFO - Filling up the DagBag from /Users/atanasivanov/ipo-intel/ipo-intel/.venv_airflow/lib/python3.11/site-packages/airflow/example_dags/tutorial_taskflow_templates.py
[2026-03-18T16:28:36.264+0100] {processor.py:925} INFO - DAG(s) 'tutorial_taskflow_templates' retrieved from /Users/atanasivanov/ipo-intel/ipo-intel/.venv_airflow/lib/python3.11/site-packages/airflow/example_dags/tutorial_taskflow_templates.py
[2026-03-18T16:28:36.340+0100] {logging_mixin.py:190} INFO - [2026-03-18T16:28:36.340+0100] {dag.py:3239} INFO - Sync 1 DAGs
[2026-03-18T16:28:36.405+0100] {logging_mixin.py:190} INFO - [2026-03-18T16:28:36.405+0100] {dag.py:4180} INFO - Setting next_dagrun for tutorial_taskflow_templates to 2026-03-17 00:00:00+00:00, run_after=2026-03-18 00:00:00+00:00
[2026-03-18T16:28:36.420+0100] {processor.py:208} INFO - Processing /Users/atanasivanov/ipo-intel/ipo-intel/.venv_airflow/lib/python3.11/site-packages/airflow/example_dags/tutorial_taskflow_templates.py took 0.196 seconds
[2026-03-18T16:30:35.663+0100] {processor.py:186} INFO - Started process (PID=48307) to work on /Users/atanasivanov/ipo-intel/ipo-intel/.venv_airflow/lib/python3.11/site-packages/airflow/example_dags/tutorial_taskflow_templates.py
[2026-03-18T16:30:35.664+0100] {processor.py:914} INFO - Processing file /Users/atanasivanov/ipo-intel/ipo-intel/.venv_airflow/lib/python3.11/site-packages/airflow/example_dags/tutorial_taskflow_templates.py for tasks to queue
[2026-03-18T16:30:35.665+0100] {logging_mixin.py:190} INFO - [2026-03-18T16:30:35.664+0100] {dagbag.py:588} INFO - Filling up the DagBag from /Users/atanasivanov/ipo-intel/ipo-intel/.venv_airflow/lib/python3.11/site-packages/airflow/example_dags/tutorial_taskflow_templates.py
[2026-03-18T16:30:35.703+0100] {processor.py:925} INFO - DAG(s) 'tutorial_taskflow_templates' retrieved from /Users/atanasivanov/ipo-intel/ipo-intel/.venv_airflow/lib/python3.11/site-packages/airflow/example_dags/tutorial_taskflow_templates.py
[2026-03-18T16:30:35.784+0100] {logging_mixin.py:190} INFO - [2026-03-18T16:30:35.784+0100] {dag.py:3239} INFO - Sync 1 DAGs
[2026-03-18T16:30:35.851+0100] {logging_mixin.py:190} INFO - [2026-03-18T16:30:35.851+0100] {dag.py:4180} INFO - Setting next_dagrun for tutorial_taskflow_templates to 2026-03-17 00:00:00+00:00, run_after=2026-03-18 00:00:00+00:00
[2026-03-18T16:30:35.868+0100] {processor.py:208} INFO - Processing /Users/atanasivanov/ipo-intel/ipo-intel/.venv_airflow/lib/python3.11/site-packages/airflow/example_dags/tutorial_taskflow_templates.py took 0.210 seconds
[2026-03-18T16:32:27.800+0100] {processor.py:186} INFO - Started process (PID=48711) to work on /Users/atanasivanov/ipo-intel/ipo-intel/.venv_airflow/lib/python3.11/site-packages/airflow/example_dags/tutorial_taskflow_templates.py
[2026-03-18T16:32:27.801+0100] {processor.py:914} INFO - Processing file /Users/atanasivanov/ipo-intel/ipo-intel/.venv_airflow/lib/python3.11/site-packages/airflow/example_dags/tutorial_taskflow_templates.py for tasks to queue
[2026-03-18T16:32:27.802+0100] {logging_mixin.py:190} INFO - [2026-03-18T16:32:27.802+0100] {dagbag.py:588} INFO - Filling up the DagBag from /Users/atanasivanov/ipo-intel/ipo-intel/.venv_airflow/lib/python3.11/site-packages/airflow/example_dags/tutorial_taskflow_templates.py
[2026-03-18T16:32:27.840+0100] {processor.py:925} INFO - DAG(s) 'tutorial_taskflow_templates' retrieved from /Users/atanasivanov/ipo-intel/ipo-intel/.venv_airflow/lib/python3.11/site-packages/airflow/example_dags/tutorial_taskflow_templates.py
[2026-03-18T16:32:27.920+0100] {logging_mixin.py:190} INFO - [2026-03-18T16:32:27.919+0100] {dag.py:3239} INFO - Sync 1 DAGs
[2026-03-18T16:32:27.985+0100] {logging_mixin.py:190} INFO - [2026-03-18T16:32:27.984+0100] {dag.py:4180} INFO - Setting next_dagrun for tutorial_taskflow_templates to 2026-03-17 00:00:00+00:00, run_after=2026-03-18 00:00:00+00:00
[2026-03-18T16:32:28.001+0100] {processor.py:208} INFO - Processing /Users/atanasivanov/ipo-intel/ipo-intel/.venv_airflow/lib/python3.11/site-packages/airflow/example_dags/tutorial_taskflow_templates.py took 0.206 seconds
[2026-03-18T16:34:20.012+0100] {processor.py:186} INFO - Started process (PID=49124) to work on /Users/atanasivanov/ipo-intel/ipo-intel/.venv_airflow/lib/python3.11/site-packages/airflow/example_dags/tutorial_taskflow_templates.py
[2026-03-18T16:34:20.013+0100] {processor.py:914} INFO - Processing file /Users/atanasivanov/ipo-intel/ipo-intel/.venv_airflow/lib/python3.11/site-packages/airflow/example_dags/tutorial_taskflow_templates.py for tasks to queue
[2026-03-18T16:34:20.014+0100] {logging_mixin.py:190} INFO - [2026-03-18T16:34:20.013+0100] {dagbag.py:588} INFO - Filling up the DagBag from /Users/atanasivanov/ipo-intel/ipo-intel/.venv_airflow/lib/python3.11/site-packages/airflow/example_dags/tutorial_taskflow_templates.py
[2026-03-18T16:34:20.049+0100] {processor.py:925} INFO - DAG(s) 'tutorial_taskflow_templates' retrieved from /Users/atanasivanov/ipo-intel/ipo-intel/.venv_airflow/lib/python3.11/site-packages/airflow/example_dags/tutorial_taskflow_templates.py
[2026-03-18T16:34:20.125+0100] {logging_mixin.py:190} INFO - [2026-03-18T16:34:20.125+0100] {dag.py:3239} INFO - Sync 1 DAGs
[2026-03-18T16:34:20.189+0100] {logging_mixin.py:190} INFO - [2026-03-18T16:34:20.189+0100] {dag.py:4180} INFO - Setting next_dagrun for tutorial_taskflow_templates to 2026-03-17 00:00:00+00:00, run_after=2026-03-18 00:00:00+00:00
[2026-03-18T16:34:20.206+0100] {processor.py:208} INFO - Processing /Users/atanasivanov/ipo-intel/ipo-intel/.venv_airflow/lib/python3.11/site-packages/airflow/example_dags/tutorial_taskflow_templates.py took 0.199 seconds
[2026-03-18T16:36:17.428+0100] {processor.py:186} INFO - Started process (PID=49552) to work on /Users/atanasivanov/ipo-intel/ipo-intel/.venv_airflow/lib/python3.11/site-packages/airflow/example_dags/tutorial_taskflow_templates.py
[2026-03-18T16:36:17.429+0100] {processor.py:914} INFO - Processing file /Users/atanasivanov/ipo-intel/ipo-intel/.venv_airflow/lib/python3.11/site-packages/airflow/example_dags/tutorial_taskflow_templates.py for tasks to queue
[2026-03-18T16:36:17.430+0100] {logging_mixin.py:190} INFO - [2026-03-18T16:36:17.430+0100] {dagbag.py:588} INFO - Filling up the DagBag from /Users/atanasivanov/ipo-intel/ipo-intel/.venv_airflow/lib/python3.11/site-packages/airflow/example_dags/tutorial_taskflow_templates.py
[2026-03-18T16:36:17.467+0100] {processor.py:925} INFO - DAG(s) 'tutorial_taskflow_templates' retrieved from /Users/atanasivanov/ipo-intel/ipo-intel/.venv_airflow/lib/python3.11/site-packages/airflow/example_dags/tutorial_taskflow_templates.py
[2026-03-18T16:36:17.541+0100] {logging_mixin.py:190} INFO - [2026-03-18T16:36:17.541+0100] {dag.py:3239} INFO - Sync 1 DAGs
[2026-03-18T16:36:17.607+0100] {logging_mixin.py:190} INFO - [2026-03-18T16:36:17.606+0100] {dag.py:4180} INFO - Setting next_dagrun for tutorial_taskflow_templates to 2026-03-17 00:00:00+00:00, run_after=2026-03-18 00:00:00+00:00
[2026-03-18T16:36:17.623+0100] {processor.py:208} INFO - Processing /Users/atanasivanov/ipo-intel/ipo-intel/.venv_airflow/lib/python3.11/site-packages/airflow/example_dags/tutorial_taskflow_templates.py took 0.199 seconds
[2026-03-18T16:38:09.045+0100] {processor.py:186} INFO - Started process (PID=49957) to work on /Users/atanasivanov/ipo-intel/ipo-intel/.venv_airflow/lib/python3.11/site-packages/airflow/example_dags/tutorial_taskflow_templates.py
[2026-03-18T16:38:09.046+0100] {processor.py:914} INFO - Processing file /Users/atanasivanov/ipo-intel/ipo-intel/.venv_airflow/lib/python3.11/site-packages/airflow/example_dags/tutorial_taskflow_templates.py for tasks to queue
[2026-03-18T16:38:09.048+0100] {logging_mixin.py:190} INFO - [2026-03-18T16:38:09.047+0100] {dagbag.py:588} INFO - Filling up the DagBag from /Users/atanasivanov/ipo-intel/ipo-intel/.venv_airflow/lib/python3.11/site-packages/airflow/example_dags/tutorial_taskflow_templates.py
[2026-03-18T16:38:09.083+0100] {processor.py:925} INFO - DAG(s) 'tutorial_taskflow_templates' retrieved from /Users/atanasivanov/ipo-intel/ipo-intel/.venv_airflow/lib/python3.11/site-packages/airflow/example_dags/tutorial_taskflow_templates.py
[2026-03-18T16:38:09.161+0100] {logging_mixin.py:190} INFO - [2026-03-18T16:38:09.161+0100] {dag.py:3239} INFO - Sync 1 DAGs
[2026-03-18T16:38:09.232+0100] {logging_mixin.py:190} INFO - [2026-03-18T16:38:09.232+0100] {dag.py:4180} INFO - Setting next_dagrun for tutorial_taskflow_templates to 2026-03-17 00:00:00+00:00, run_after=2026-03-18 00:00:00+00:00
[2026-03-18T16:38:09.249+0100] {processor.py:208} INFO - Processing /Users/atanasivanov/ipo-intel/ipo-intel/.venv_airflow/lib/python3.11/site-packages/airflow/example_dags/tutorial_taskflow_templates.py took 0.209 seconds
[2026-03-18T16:40:08.584+0100] {processor.py:186} INFO - Started process (PID=51033) to work on /Users/atanasivanov/ipo-intel/ipo-intel/.venv_airflow/lib/python3.11/site-packages/airflow/example_dags/tutorial_taskflow_templates.py
[2026-03-18T16:40:08.585+0100] {processor.py:914} INFO - Processing file /Users/atanasivanov/ipo-intel/ipo-intel/.venv_airflow/lib/python3.11/site-packages/airflow/example_dags/tutorial_taskflow_templates.py for tasks to queue
[2026-03-18T16:40:08.587+0100] {logging_mixin.py:190} INFO - [2026-03-18T16:40:08.586+0100] {dagbag.py:588} INFO - Filling up the DagBag from /Users/atanasivanov/ipo-intel/ipo-intel/.venv_airflow/lib/python3.11/site-packages/airflow/example_dags/tutorial_taskflow_templates.py
[2026-03-18T16:40:08.636+0100] {processor.py:925} INFO - DAG(s) 'tutorial_taskflow_templates' retrieved from /Users/atanasivanov/ipo-intel/ipo-intel/.venv_airflow/lib/python3.11/site-packages/airflow/example_dags/tutorial_taskflow_templates.py
[2026-03-18T16:40:08.753+0100] {logging_mixin.py:190} INFO - [2026-03-18T16:40:08.753+0100] {dag.py:3239} INFO - Sync 1 DAGs
[2026-03-18T16:40:08.843+0100] {logging_mixin.py:190} INFO - [2026-03-18T16:40:08.843+0100] {dag.py:4180} INFO - Setting next_dagrun for tutorial_taskflow_templates to 2026-03-17 00:00:00+00:00, run_after=2026-03-18 00:00:00+00:00
[2026-03-18T16:40:08.863+0100] {processor.py:208} INFO - Processing /Users/atanasivanov/ipo-intel/ipo-intel/.venv_airflow/lib/python3.11/site-packages/airflow/example_dags/tutorial_taskflow_templates.py took 0.286 seconds
[2026-03-18T16:42:11.030+0100] {processor.py:186} INFO - Started process (PID=51901) to work on /Users/atanasivanov/ipo-intel/ipo-intel/.venv_airflow/lib/python3.11/site-packages/airflow/example_dags/tutorial_taskflow_templates.py
[2026-03-18T16:42:11.031+0100] {processor.py:914} INFO - Processing file /Users/atanasivanov/ipo-intel/ipo-intel/.venv_airflow/lib/python3.11/site-packages/airflow/example_dags/tutorial_taskflow_templates.py for tasks to queue
[2026-03-18T16:42:11.032+0100] {logging_mixin.py:190} INFO - [2026-03-18T16:42:11.032+0100] {dagbag.py:588} INFO - Filling up the DagBag from /Users/atanasivanov/ipo-intel/ipo-intel/.venv_airflow/lib/python3.11/site-packages/airflow/example_dags/tutorial_taskflow_templates.py
[2026-03-18T16:42:11.071+0100] {processor.py:925} INFO - DAG(s) 'tutorial_taskflow_templates' retrieved from /Users/atanasivanov/ipo-intel/ipo-intel/.venv_airflow/lib/python3.11/site-packages/airflow/example_dags/tutorial_taskflow_templates.py
[2026-03-18T16:42:11.152+0100] {logging_mixin.py:190} INFO - [2026-03-18T16:42:11.151+0100] {dag.py:3239} INFO - Sync 1 DAGs
[2026-03-18T16:42:11.219+0100] {logging_mixin.py:190} INFO - [2026-03-18T16:42:11.219+0100] {dag.py:4180} INFO - Setting next_dagrun for tutorial_taskflow_templates to 2026-03-17 00:00:00+00:00, run_after=2026-03-18 00:00:00+00:00
[2026-03-18T16:42:11.236+0100] {processor.py:208} INFO - Processing /Users/atanasivanov/ipo-intel/ipo-intel/.venv_airflow/lib/python3.11/site-packages/airflow/example_dags/tutorial_taskflow_templates.py took 0.210 seconds
[2026-03-18T16:47:47.633+0100] {processor.py:186} INFO - Started process (PID=53158) to work on /Users/atanasivanov/ipo-intel/ipo-intel/.venv_airflow/lib/python3.11/site-packages/airflow/example_dags/tutorial_taskflow_templates.py
[2026-03-18T16:47:47.634+0100] {processor.py:914} INFO - Processing file /Users/atanasivanov/ipo-intel/ipo-intel/.venv_airflow/lib/python3.11/site-packages/airflow/example_dags/tutorial_taskflow_templates.py for tasks to queue
[2026-03-18T16:47:47.635+0100] {logging_mixin.py:190} INFO - [2026-03-18T16:47:47.635+0100] {dagbag.py:588} INFO - Filling up the DagBag from /Users/atanasivanov/ipo-intel/ipo-intel/.venv_airflow/lib/python3.11/site-packages/airflow/example_dags/tutorial_taskflow_templates.py
[2026-03-18T16:47:47.670+0100] {processor.py:925} INFO - DAG(s) 'tutorial_taskflow_templates' retrieved from /Users/atanasivanov/ipo-intel/ipo-intel/.venv_airflow/lib/python3.11/site-packages/airflow/example_dags/tutorial_taskflow_templates.py
[2026-03-18T16:47:47.744+0100] {logging_mixin.py:190} INFO - [2026-03-18T16:47:47.744+0100] {dag.py:3239} INFO - Sync 1 DAGs
[2026-03-18T16:47:47.810+0100] {logging_mixin.py:190} INFO - [2026-03-18T16:47:47.810+0100] {dag.py:4180} INFO - Setting next_dagrun for tutorial_taskflow_templates to 2026-03-17 00:00:00+00:00, run_after=2026-03-18 00:00:00+00:00
[2026-03-18T16:47:47.827+0100] {processor.py:208} INFO - Processing /Users/atanasivanov/ipo-intel/ipo-intel/.venv_airflow/lib/python3.11/site-packages/airflow/example_dags/tutorial_taskflow_templates.py took 0.199 seconds
[2026-03-18T16:50:17.020+0100] {processor.py:186} INFO - Started process (PID=53707) to work on /Users/atanasivanov/ipo-intel/ipo-intel/.venv_airflow/lib/python3.11/site-packages/airflow/example_dags/tutorial_taskflow_templates.py
[2026-03-18T16:50:17.021+0100] {processor.py:914} INFO - Processing file /Users/atanasivanov/ipo-intel/ipo-intel/.venv_airflow/lib/python3.11/site-packages/airflow/example_dags/tutorial_taskflow_templates.py for tasks to queue
[2026-03-18T16:50:17.022+0100] {logging_mixin.py:190} INFO - [2026-03-18T16:50:17.022+0100] {dagbag.py:588} INFO - Filling up the DagBag from /Users/atanasivanov/ipo-intel/ipo-intel/.venv_airflow/lib/python3.11/site-packages/airflow/example_dags/tutorial_taskflow_templates.py
[2026-03-18T16:50:17.060+0100] {processor.py:925} INFO - DAG(s) 'tutorial_taskflow_templates' retrieved from /Users/atanasivanov/ipo-intel/ipo-intel/.venv_airflow/lib/python3.11/site-packages/airflow/example_dags/tutorial_taskflow_templates.py
[2026-03-18T16:50:17.139+0100] {logging_mixin.py:190} INFO - [2026-03-18T16:50:17.138+0100] {dag.py:3239} INFO - Sync 1 DAGs
[2026-03-18T16:50:17.203+0100] {logging_mixin.py:190} INFO - [2026-03-18T16:50:17.203+0100] {dag.py:4180} INFO - Setting next_dagrun for tutorial_taskflow_templates to 2026-03-17 00:00:00+00:00, run_after=2026-03-18 00:00:00+00:00
[2026-03-18T16:50:17.220+0100] {processor.py:208} INFO - Processing /Users/atanasivanov/ipo-intel/ipo-intel/.venv_airflow/lib/python3.11/site-packages/airflow/example_dags/tutorial_taskflow_templates.py took 0.204 seconds
[2026-03-18T16:52:19.307+0100] {processor.py:186} INFO - Started process (PID=54153) to work on /Users/atanasivanov/ipo-intel/ipo-intel/.venv_airflow/lib/python3.11/site-packages/airflow/example_dags/tutorial_taskflow_templates.py
[2026-03-18T16:52:19.308+0100] {processor.py:914} INFO - Processing file /Users/atanasivanov/ipo-intel/ipo-intel/.venv_airflow/lib/python3.11/site-packages/airflow/example_dags/tutorial_taskflow_templates.py for tasks to queue
[2026-03-18T16:52:19.309+0100] {logging_mixin.py:190} INFO - [2026-03-18T16:52:19.309+0100] {dagbag.py:588} INFO - Filling up the DagBag from /Users/atanasivanov/ipo-intel/ipo-intel/.venv_airflow/lib/python3.11/site-packages/airflow/example_dags/tutorial_taskflow_templates.py
[2026-03-18T16:52:19.348+0100] {processor.py:925} INFO - DAG(s) 'tutorial_taskflow_templates' retrieved from /Users/atanasivanov/ipo-intel/ipo-intel/.venv_airflow/lib/python3.11/site-packages/airflow/example_dags/tutorial_taskflow_templates.py
[2026-03-18T16:52:19.436+0100] {logging_mixin.py:190} INFO - [2026-03-18T16:52:19.436+0100] {dag.py:3239} INFO - Sync 1 DAGs
[2026-03-18T16:52:19.505+0100] {logging_mixin.py:190} INFO - [2026-03-18T16:52:19.505+0100] {dag.py:4180} INFO - Setting next_dagrun for tutorial_taskflow_templates to 2026-03-17 00:00:00+00:00, run_after=2026-03-18 00:00:00+00:00
[2026-03-18T16:52:19.522+0100] {processor.py:208} INFO - Processing /Users/atanasivanov/ipo-intel/ipo-intel/.venv_airflow/lib/python3.11/site-packages/airflow/example_dags/tutorial_taskflow_templates.py took 0.221 seconds
[2026-03-18T16:54:25.616+0100] {processor.py:186} INFO - Started process (PID=54911) to work on /Users/atanasivanov/ipo-intel/ipo-intel/.venv_airflow/lib/python3.11/site-packages/airflow/example_dags/tutorial_taskflow_templates.py
[2026-03-18T16:54:25.617+0100] {processor.py:914} INFO - Processing file /Users/atanasivanov/ipo-intel/ipo-intel/.venv_airflow/lib/python3.11/site-packages/airflow/example_dags/tutorial_taskflow_templates.py for tasks to queue
[2026-03-18T16:54:25.618+0100] {logging_mixin.py:190} INFO - [2026-03-18T16:54:25.618+0100] {dagbag.py:588} INFO - Filling up the DagBag from /Users/atanasivanov/ipo-intel/ipo-intel/.venv_airflow/lib/python3.11/site-packages/airflow/example_dags/tutorial_taskflow_templates.py
[2026-03-18T16:54:25.663+0100] {processor.py:925} INFO - DAG(s) 'tutorial_taskflow_templates' retrieved from /Users/atanasivanov/ipo-intel/ipo-intel/.venv_airflow/lib/python3.11/site-packages/airflow/example_dags/tutorial_taskflow_templates.py
[2026-03-18T16:54:25.759+0100] {logging_mixin.py:190} INFO - [2026-03-18T16:54:25.758+0100] {dag.py:3239} INFO - Sync 1 DAGs
[2026-03-18T16:54:25.832+0100] {logging_mixin.py:190} INFO - [2026-03-18T16:54:25.832+0100] {dag.py:4180} INFO - Setting next_dagrun for tutorial_taskflow_templates to 2026-03-17 00:00:00+00:00, run_after=2026-03-18 00:00:00+00:00
[2026-03-18T16:54:25.850+0100] {processor.py:208} INFO - Processing /Users/atanasivanov/ipo-intel/ipo-intel/.venv_airflow/lib/python3.11/site-packages/airflow/example_dags/tutorial_taskflow_templates.py took 0.241 seconds
[2026-03-18T16:56:31.973+0100] {processor.py:186} INFO - Started process (PID=55370) to work on /Users/atanasivanov/ipo-intel/ipo-intel/.venv_airflow/lib/python3.11/site-packages/airflow/example_dags/tutorial_taskflow_templates.py
[2026-03-18T16:56:31.974+0100] {processor.py:914} INFO - Processing file /Users/atanasivanov/ipo-intel/ipo-intel/.venv_airflow/lib/python3.11/site-packages/airflow/example_dags/tutorial_taskflow_templates.py for tasks to queue
[2026-03-18T16:56:31.974+0100] {logging_mixin.py:190} INFO - [2026-03-18T16:56:31.974+0100] {dagbag.py:588} INFO - Filling up the DagBag from /Users/atanasivanov/ipo-intel/ipo-intel/.venv_airflow/lib/python3.11/site-packages/airflow/example_dags/tutorial_taskflow_templates.py
[2026-03-18T16:56:32.010+0100] {processor.py:925} INFO - DAG(s) 'tutorial_taskflow_templates' retrieved from /Users/atanasivanov/ipo-intel/ipo-intel/.venv_airflow/lib/python3.11/site-packages/airflow/example_dags/tutorial_taskflow_templates.py
[2026-03-18T16:56:32.095+0100] {logging_mixin.py:190} INFO - [2026-03-18T16:56:32.095+0100] {dag.py:3239} INFO - Sync 1 DAGs
[2026-03-18T16:56:32.163+0100] {logging_mixin.py:190} INFO - [2026-03-18T16:56:32.162+0100] {dag.py:4180} INFO - Setting next_dagrun for tutorial_taskflow_templates to 2026-03-17 00:00:00+00:00, run_after=2026-03-18 00:00:00+00:00
[2026-03-18T16:56:32.178+0100] {processor.py:208} INFO - Processing /Users/atanasivanov/ipo-intel/ipo-intel/.venv_airflow/lib/python3.11/site-packages/airflow/example_dags/tutorial_taskflow_templates.py took 0.211 seconds
[2026-03-18T16:58:35.616+0100] {processor.py:186} INFO - Started process (PID=55845) to work on /Users/atanasivanov/ipo-intel/ipo-intel/.venv_airflow/lib/python3.11/site-packages/airflow/example_dags/tutorial_taskflow_templates.py
[2026-03-18T16:58:35.617+0100] {processor.py:914} INFO - Processing file /Users/atanasivanov/ipo-intel/ipo-intel/.venv_airflow/lib/python3.11/site-packages/airflow/example_dags/tutorial_taskflow_templates.py for tasks to queue
[2026-03-18T16:58:35.618+0100] {logging_mixin.py:190} INFO - [2026-03-18T16:58:35.618+0100] {dagbag.py:588} INFO - Filling up the DagBag from /Users/atanasivanov/ipo-intel/ipo-intel/.venv_airflow/lib/python3.11/site-packages/airflow/example_dags/tutorial_taskflow_templates.py
[2026-03-18T16:58:35.655+0100] {processor.py:925} INFO - DAG(s) 'tutorial_taskflow_templates' retrieved from /Users/atanasivanov/ipo-intel/ipo-intel/.venv_airflow/lib/python3.11/site-packages/airflow/example_dags/tutorial_taskflow_templates.py
[2026-03-18T16:58:35.736+0100] {logging_mixin.py:190} INFO - [2026-03-18T16:58:35.735+0100] {dag.py:3239} INFO - Sync 1 DAGs
[2026-03-18T16:58:35.805+0100] {logging_mixin.py:190} INFO - [2026-03-18T16:58:35.805+0100] {dag.py:4180} INFO - Setting next_dagrun for tutorial_taskflow_templates to 2026-03-17 00:00:00+00:00, run_after=2026-03-18 00:00:00+00:00
[2026-03-18T16:58:35.822+0100] {processor.py:208} INFO - Processing /Users/atanasivanov/ipo-intel/ipo-intel/.venv_airflow/lib/python3.11/site-packages/airflow/example_dags/tutorial_taskflow_templates.py took 0.211 seconds
[2026-03-18T17:00:40.411+0100] {processor.py:186} INFO - Started process (PID=56295) to work on /Users/atanasivanov/ipo-intel/ipo-intel/.venv_airflow/lib/python3.11/site-packages/airflow/example_dags/tutorial_taskflow_templates.py
[2026-03-18T17:00:40.412+0100] {processor.py:914} INFO - Processing file /Users/atanasivanov/ipo-intel/ipo-intel/.venv_airflow/lib/python3.11/site-packages/airflow/example_dags/tutorial_taskflow_templates.py for tasks to queue
[2026-03-18T17:00:40.413+0100] {logging_mixin.py:190} INFO - [2026-03-18T17:00:40.412+0100] {dagbag.py:588} INFO - Filling up the DagBag from /Users/atanasivanov/ipo-intel/ipo-intel/.venv_airflow/lib/python3.11/site-packages/airflow/example_dags/tutorial_taskflow_templates.py
[2026-03-18T17:00:40.447+0100] {processor.py:925} INFO - DAG(s) 'tutorial_taskflow_templates' retrieved from /Users/atanasivanov/ipo-intel/ipo-intel/.venv_airflow/lib/python3.11/site-packages/airflow/example_dags/tutorial_taskflow_templates.py
[2026-03-18T17:00:40.525+0100] {logging_mixin.py:190} INFO - [2026-03-18T17:00:40.525+0100] {dag.py:3239} INFO - Sync 1 DAGs
[2026-03-18T17:00:40.588+0100] {logging_mixin.py:190} INFO - [2026-03-18T17:00:40.587+0100] {dag.py:4180} INFO - Setting next_dagrun for tutorial_taskflow_templates to 2026-03-17 00:00:00+00:00, run_after=2026-03-18 00:00:00+00:00
[2026-03-18T17:00:40.603+0100] {processor.py:208} INFO - Processing /Users/atanasivanov/ipo-intel/ipo-intel/.venv_airflow/lib/python3.11/site-packages/airflow/example_dags/tutorial_taskflow_templates.py took 0.197 seconds
[2026-03-18T17:02:34.032+0100] {processor.py:186} INFO - Started process (PID=56714) to work on /Users/atanasivanov/ipo-intel/ipo-intel/.venv_airflow/lib/python3.11/site-packages/airflow/example_dags/tutorial_taskflow_templates.py
[2026-03-18T17:02:34.033+0100] {processor.py:914} INFO - Processing file /Users/atanasivanov/ipo-intel/ipo-intel/.venv_airflow/lib/python3.11/site-packages/airflow/example_dags/tutorial_taskflow_templates.py for tasks to queue
[2026-03-18T17:02:34.034+0100] {logging_mixin.py:190} INFO - [2026-03-18T17:02:34.033+0100] {dagbag.py:588} INFO - Filling up the DagBag from /Users/atanasivanov/ipo-intel/ipo-intel/.venv_airflow/lib/python3.11/site-packages/airflow/example_dags/tutorial_taskflow_templates.py
[2026-03-18T17:02:34.071+0100] {processor.py:925} INFO - DAG(s) 'tutorial_taskflow_templates' retrieved from /Users/atanasivanov/ipo-intel/ipo-intel/.venv_airflow/lib/python3.11/site-packages/airflow/example_dags/tutorial_taskflow_templates.py
[2026-03-18T17:02:34.147+0100] {logging_mixin.py:190} INFO - [2026-03-18T17:02:34.147+0100] {dag.py:3239} INFO - Sync 1 DAGs
[2026-03-18T17:02:34.211+0100] {logging_mixin.py:190} INFO - [2026-03-18T17:02:34.210+0100] {dag.py:4180} INFO - Setting next_dagrun for tutorial_taskflow_templates to 2026-03-17 00:00:00+00:00, run_after=2026-03-18 00:00:00+00:00
[2026-03-18T17:02:34.226+0100] {processor.py:208} INFO - Processing /Users/atanasivanov/ipo-intel/ipo-intel/.venv_airflow/lib/python3.11/site-packages/airflow/example_dags/tutorial_taskflow_templates.py took 0.199 seconds
[2026-03-18T17:04:28.719+0100] {processor.py:186} INFO - Started process (PID=57125) to work on /Users/atanasivanov/ipo-intel/ipo-intel/.venv_airflow/lib/python3.11/site-packages/airflow/example_dags/tutorial_taskflow_templates.py
[2026-03-18T17:04:28.720+0100] {processor.py:914} INFO - Processing file /Users/atanasivanov/ipo-intel/ipo-intel/.venv_airflow/lib/python3.11/site-packages/airflow/example_dags/tutorial_taskflow_templates.py for tasks to queue
[2026-03-18T17:04:28.721+0100] {logging_mixin.py:190} INFO - [2026-03-18T17:04:28.720+0100] {dagbag.py:588} INFO - Filling up the DagBag from /Users/atanasivanov/ipo-intel/ipo-intel/.venv_airflow/lib/python3.11/site-packages/airflow/example_dags/tutorial_taskflow_templates.py
[2026-03-18T17:04:28.754+0100] {processor.py:925} INFO - DAG(s) 'tutorial_taskflow_templates' retrieved from /Users/atanasivanov/ipo-intel/ipo-intel/.venv_airflow/lib/python3.11/site-packages/airflow/example_dags/tutorial_taskflow_templates.py
[2026-03-18T17:04:28.828+0100] {logging_mixin.py:190} INFO - [2026-03-18T17:04:28.828+0100] {dag.py:3239} INFO - Sync 1 DAGs
[2026-03-18T17:04:28.892+0100] {logging_mixin.py:190} INFO - [2026-03-18T17:04:28.892+0100] {dag.py:4180} INFO - Setting next_dagrun for tutorial_taskflow_templates to 2026-03-17 00:00:00+00:00, run_after=2026-03-18 00:00:00+00:00
[2026-03-18T17:04:28.908+0100] {processor.py:208} INFO - Processing /Users/atanasivanov/ipo-intel/ipo-intel/.venv_airflow/lib/python3.11/site-packages/airflow/example_dags/tutorial_taskflow_templates.py took 0.194 seconds
[2026-03-18T17:06:27.416+0100] {processor.py:186} INFO - Started process (PID=57562) to work on /Users/atanasivanov/ipo-intel/ipo-intel/.venv_airflow/lib/python3.11/site-packages/airflow/example_dags/tutorial_taskflow_templates.py
[2026-03-18T17:06:27.417+0100] {processor.py:914} INFO - Processing file /Users/atanasivanov/ipo-intel/ipo-intel/.venv_airflow/lib/python3.11/site-packages/airflow/example_dags/tutorial_taskflow_templates.py for tasks to queue
[2026-03-18T17:06:27.418+0100] {logging_mixin.py:190} INFO - [2026-03-18T17:06:27.418+0100] {dagbag.py:588} INFO - Filling up the DagBag from /Users/atanasivanov/ipo-intel/ipo-intel/.venv_airflow/lib/python3.11/site-packages/airflow/example_dags/tutorial_taskflow_templates.py
[2026-03-18T17:06:27.457+0100] {processor.py:925} INFO - DAG(s) 'tutorial_taskflow_templates' retrieved from /Users/atanasivanov/ipo-intel/ipo-intel/.venv_airflow/lib/python3.11/site-packages/airflow/example_dags/tutorial_taskflow_templates.py
[2026-03-18T17:06:27.534+0100] {logging_mixin.py:190} INFO - [2026-03-18T17:06:27.534+0100] {dag.py:3239} INFO - Sync 1 DAGs
[2026-03-18T17:06:27.599+0100] {logging_mixin.py:190} INFO - [2026-03-18T17:06:27.599+0100] {dag.py:4180} INFO - Setting next_dagrun for tutorial_taskflow_templates to 2026-03-17 00:00:00+00:00, run_after=2026-03-18 00:00:00+00:00
[2026-03-18T17:06:27.616+0100] {processor.py:208} INFO - Processing /Users/atanasivanov/ipo-intel/ipo-intel/.venv_airflow/lib/python3.11/site-packages/airflow/example_dags/tutorial_taskflow_templates.py took 0.205 seconds
[2026-03-18T17:08:18.850+0100] {processor.py:186} INFO - Started process (PID=57970) to work on /Users/atanasivanov/ipo-intel/ipo-intel/.venv_airflow/lib/python3.11/site-packages/airflow/example_dags/tutorial_taskflow_templates.py
[2026-03-18T17:08:18.852+0100] {processor.py:914} INFO - Processing file /Users/atanasivanov/ipo-intel/ipo-intel/.venv_airflow/lib/python3.11/site-packages/airflow/example_dags/tutorial_taskflow_templates.py for tasks to queue
[2026-03-18T17:08:18.853+0100] {logging_mixin.py:190} INFO - [2026-03-18T17:08:18.853+0100] {dagbag.py:588} INFO - Filling up the DagBag from /Users/atanasivanov/ipo-intel/ipo-intel/.venv_airflow/lib/python3.11/site-packages/airflow/example_dags/tutorial_taskflow_templates.py
[2026-03-18T17:08:18.890+0100] {processor.py:925} INFO - DAG(s) 'tutorial_taskflow_templates' retrieved from /Users/atanasivanov/ipo-intel/ipo-intel/.venv_airflow/lib/python3.11/site-packages/airflow/example_dags/tutorial_taskflow_templates.py
[2026-03-18T17:08:18.969+0100] {logging_mixin.py:190} INFO - [2026-03-18T17:08:18.969+0100] {dag.py:3239} INFO - Sync 1 DAGs
[2026-03-18T17:08:19.034+0100] {logging_mixin.py:190} INFO - [2026-03-18T17:08:19.034+0100] {dag.py:4180} INFO - Setting next_dagrun for tutorial_taskflow_templates to 2026-03-17 00:00:00+00:00, run_after=2026-03-18 00:00:00+00:00
[2026-03-18T17:08:19.051+0100] {processor.py:208} INFO - Processing /Users/atanasivanov/ipo-intel/ipo-intel/.venv_airflow/lib/python3.11/site-packages/airflow/example_dags/tutorial_taskflow_templates.py took 0.206 seconds
[2026-03-18T17:10:19.793+0100] {processor.py:186} INFO - Started process (PID=58480) to work on /Users/atanasivanov/ipo-intel/ipo-intel/.venv_airflow/lib/python3.11/site-packages/airflow/example_dags/tutorial_taskflow_templates.py
[2026-03-18T17:10:19.794+0100] {processor.py:914} INFO - Processing file /Users/atanasivanov/ipo-intel/ipo-intel/.venv_airflow/lib/python3.11/site-packages/airflow/example_dags/tutorial_taskflow_templates.py for tasks to queue
[2026-03-18T17:10:19.795+0100] {logging_mixin.py:190} INFO - [2026-03-18T17:10:19.795+0100] {dagbag.py:588} INFO - Filling up the DagBag from /Users/atanasivanov/ipo-intel/ipo-intel/.venv_airflow/lib/python3.11/site-packages/airflow/example_dags/tutorial_taskflow_templates.py
[2026-03-18T17:10:19.832+0100] {processor.py:925} INFO - DAG(s) 'tutorial_taskflow_templates' retrieved from /Users/atanasivanov/ipo-intel/ipo-intel/.venv_airflow/lib/python3.11/site-packages/airflow/example_dags/tutorial_taskflow_templates.py
[2026-03-18T17:10:19.923+0100] {logging_mixin.py:190} INFO - [2026-03-18T17:10:19.923+0100] {dag.py:3239} INFO - Sync 1 DAGs
[2026-03-18T17:10:19.991+0100] {logging_mixin.py:190} INFO - [2026-03-18T17:10:19.991+0100] {dag.py:4180} INFO - Setting next_dagrun for tutorial_taskflow_templates to 2026-03-17 00:00:00+00:00, run_after=2026-03-18 00:00:00+00:00
[2026-03-18T17:10:20.007+0100] {processor.py:208} INFO - Processing /Users/atanasivanov/ipo-intel/ipo-intel/.venv_airflow/lib/python3.11/site-packages/airflow/example_dags/tutorial_taskflow_templates.py took 0.219 seconds
[2026-03-18T17:12:21.363+0100] {processor.py:186} INFO - Started process (PID=58981) to work on /Users/atanasivanov/ipo-intel/ipo-intel/.venv_airflow/lib/python3.11/site-packages/airflow/example_dags/tutorial_taskflow_templates.py
[2026-03-18T17:12:21.365+0100] {processor.py:914} INFO - Processing file /Users/atanasivanov/ipo-intel/ipo-intel/.venv_airflow/lib/python3.11/site-packages/airflow/example_dags/tutorial_taskflow_templates.py for tasks to queue
[2026-03-18T17:12:21.366+0100] {logging_mixin.py:190} INFO - [2026-03-18T17:12:21.366+0100] {dagbag.py:588} INFO - Filling up the DagBag from /Users/atanasivanov/ipo-intel/ipo-intel/.venv_airflow/lib/python3.11/site-packages/airflow/example_dags/tutorial_taskflow_templates.py
[2026-03-18T17:12:21.407+0100] {processor.py:925} INFO - DAG(s) 'tutorial_taskflow_templates' retrieved from /Users/atanasivanov/ipo-intel/ipo-intel/.venv_airflow/lib/python3.11/site-packages/airflow/example_dags/tutorial_taskflow_templates.py
[2026-03-18T17:12:21.498+0100] {logging_mixin.py:190} INFO - [2026-03-18T17:12:21.498+0100] {dag.py:3239} INFO - Sync 1 DAGs
[2026-03-18T17:12:21.571+0100] {logging_mixin.py:190} INFO - [2026-03-18T17:12:21.570+0100] {dag.py:4180} INFO - Setting next_dagrun for tutorial_taskflow_templates to 2026-03-17 00:00:00+00:00, run_after=2026-03-18 00:00:00+00:00
[2026-03-18T17:12:21.589+0100] {processor.py:208} INFO - Processing /Users/atanasivanov/ipo-intel/ipo-intel/.venv_airflow/lib/python3.11/site-packages/airflow/example_dags/tutorial_taskflow_templates.py took 0.232 seconds
[2026-03-18T17:14:28.398+0100] {processor.py:186} INFO - Started process (PID=59815) to work on /Users/atanasivanov/ipo-intel/ipo-intel/.venv_airflow/lib/python3.11/site-packages/airflow/example_dags/tutorial_taskflow_templates.py
[2026-03-18T17:14:28.399+0100] {processor.py:914} INFO - Processing file /Users/atanasivanov/ipo-intel/ipo-intel/.venv_airflow/lib/python3.11/site-packages/airflow/example_dags/tutorial_taskflow_templates.py for tasks to queue
[2026-03-18T17:14:28.400+0100] {logging_mixin.py:190} INFO - [2026-03-18T17:14:28.400+0100] {dagbag.py:588} INFO - Filling up the DagBag from /Users/atanasivanov/ipo-intel/ipo-intel/.venv_airflow/lib/python3.11/site-packages/airflow/example_dags/tutorial_taskflow_templates.py
[2026-03-18T17:14:28.440+0100] {processor.py:925} INFO - DAG(s) 'tutorial_taskflow_templates' retrieved from /Users/atanasivanov/ipo-intel/ipo-intel/.venv_airflow/lib/python3.11/site-packages/airflow/example_dags/tutorial_taskflow_templates.py
[2026-03-18T17:14:28.522+0100] {logging_mixin.py:190} INFO - [2026-03-18T17:14:28.522+0100] {dag.py:3239} INFO - Sync 1 DAGs
[2026-03-18T17:14:28.591+0100] {logging_mixin.py:190} INFO - [2026-03-18T17:14:28.591+0100] {dag.py:4180} INFO - Setting next_dagrun for tutorial_taskflow_templates to 2026-03-17 00:00:00+00:00, run_after=2026-03-18 00:00:00+00:00
[2026-03-18T17:14:28.608+0100] {processor.py:208} INFO - Processing /Users/atanasivanov/ipo-intel/ipo-intel/.venv_airflow/lib/python3.11/site-packages/airflow/example_dags/tutorial_taskflow_templates.py took 0.216 seconds
