[2026-03-18T16:15:40.246+0100] {processor.py:186} INFO - Started process (PID=44352) to work on /Users/atanasivanov/ipo-intel/ipo-intel/.venv_airflow/lib/python3.11/site-packages/airflow/example_dags/tutorial_taskflow_api.py
[2026-03-18T16:15:40.247+0100] {processor.py:914} INFO - Processing file /Users/atanasivanov/ipo-intel/ipo-intel/.venv_airflow/lib/python3.11/site-packages/airflow/example_dags/tutorial_taskflow_api.py for tasks to queue
[2026-03-18T16:15:40.248+0100] {logging_mixin.py:190} INFO - [2026-03-18T16:15:40.248+0100] {dagbag.py:588} INFO - Filling up the DagBag from /Users/atanasivanov/ipo-intel/ipo-intel/.venv_airflow/lib/python3.11/site-packages/airflow/example_dags/tutorial_taskflow_api.py
[2026-03-18T16:15:40.282+0100] {processor.py:925} INFO - DAG(s) 'tutorial_taskflow_api' retrieved from /Users/atanasivanov/ipo-intel/ipo-intel/.venv_airflow/lib/python3.11/site-packages/airflow/example_dags/tutorial_taskflow_api.py
[2026-03-18T16:15:40.489+0100] {logging_mixin.py:190} INFO - [2026-03-18T16:15:40.488+0100] {override.py:1912} INFO - Created Permission View: can edit on DAG:tutorial_taskflow_api
[2026-03-18T16:15:40.496+0100] {logging_mixin.py:190} INFO - [2026-03-18T16:15:40.496+0100] {override.py:1912} INFO - Created Permission View: can read on DAG:tutorial_taskflow_api
[2026-03-18T16:15:40.501+0100] {logging_mixin.py:190} INFO - [2026-03-18T16:15:40.501+0100] {override.py:1912} INFO - Created Permission View: can delete on DAG:tutorial_taskflow_api
[2026-03-18T16:15:40.508+0100] {logging_mixin.py:190} INFO - [2026-03-18T16:15:40.507+0100] {override.py:1912} INFO - Created Permission View: can create on DAG Run:tutorial_taskflow_api
[2026-03-18T16:15:40.512+0100] {logging_mixin.py:190} INFO - [2026-03-18T16:15:40.512+0100] {override.py:1912} INFO - Created Permission View: menu access on DAG Run:tutorial_taskflow_api
[2026-03-18T16:15:40.518+0100] {logging_mixin.py:190} INFO - [2026-03-18T16:15:40.518+0100] {override.py:1912} INFO - Created Permission View: can read on DAG Run:tutorial_taskflow_api
[2026-03-18T16:15:40.523+0100] {logging_mixin.py:190} INFO - [2026-03-18T16:15:40.523+0100] {override.py:1912} INFO - Created Permission View: can delete on DAG Run:tutorial_taskflow_api
[2026-03-18T16:15:40.523+0100] {logging_mixin.py:190} INFO - [2026-03-18T16:15:40.523+0100] {dag.py:3239} INFO - Sync 1 DAGs
[2026-03-18T16:15:40.533+0100] {logging_mixin.py:190} INFO - [2026-03-18T16:15:40.533+0100] {dag.py:3262} INFO - Creating ORM DAG for tutorial_taskflow_api
[2026-03-18T16:15:40.533+0100] {logging_mixin.py:190} INFO - [2026-03-18T16:15:40.533+0100] {dag.py:4180} INFO - Setting next_dagrun for tutorial_taskflow_api to None, run_after=None
[2026-03-18T16:15:40.547+0100] {processor.py:208} INFO - Processing /Users/atanasivanov/ipo-intel/ipo-intel/.venv_airflow/lib/python3.11/site-packages/airflow/example_dags/tutorial_taskflow_api.py took 0.306 seconds
[2026-03-18T16:19:51.333+0100] {processor.py:186} INFO - Started process (PID=45207) to work on /Users/atanasivanov/ipo-intel/ipo-intel/.venv_airflow/lib/python3.11/site-packages/airflow/example_dags/tutorial_taskflow_api.py
[2026-03-18T16:19:51.334+0100] {processor.py:914} INFO - Processing file /Users/atanasivanov/ipo-intel/ipo-intel/.venv_airflow/lib/python3.11/site-packages/airflow/example_dags/tutorial_taskflow_api.py for tasks to queue
[2026-03-18T16:19:51.336+0100] {logging_mixin.py:190} INFO - [2026-03-18T16:19:51.336+0100] {dagbag.py:588} INFO - Filling up the DagBag from /Users/atanasivanov/ipo-intel/ipo-intel/.venv_airflow/lib/python3.11/site-packages/airflow/example_dags/tutorial_taskflow_api.py
[2026-03-18T16:19:51.378+0100] {processor.py:925} INFO - DAG(s) 'tutorial_taskflow_api' retrieved from /Users/atanasivanov/ipo-intel/ipo-intel/.venv_airflow/lib/python3.11/site-packages/airflow/example_dags/tutorial_taskflow_api.py
[2026-03-18T16:19:51.472+0100] {logging_mixin.py:190} INFO - [2026-03-18T16:19:51.471+0100] {dag.py:3239} INFO - Sync 1 DAGs
[2026-03-18T16:19:51.532+0100] {logging_mixin.py:190} INFO - [2026-03-18T16:19:51.531+0100] {dag.py:4180} INFO - Setting next_dagrun for tutorial_taskflow_api to None, run_after=None
[2026-03-18T16:19:51.550+0100] {processor.py:208} INFO - Processing /Users/atanasivanov/ipo-intel/ipo-intel/.venv_airflow/lib/python3.11/site-packages/airflow/example_dags/tutorial_taskflow_api.py took 0.223 seconds
[2026-03-18T16:22:30.676+0100] {processor.py:186} INFO - Started process (PID=45839) to work on /Users/atanasivanov/ipo-intel/ipo-intel/.venv_airflow/lib/python3.11/site-packages/airflow/example_dags/tutorial_taskflow_api.py
[2026-03-18T16:22:30.677+0100] {processor.py:914} INFO - Processing file /Users/atanasivanov/ipo-intel/ipo-intel/.venv_airflow/lib/python3.11/site-packages/airflow/example_dags/tutorial_taskflow_api.py for tasks to queue
[2026-03-18T16:22:30.677+0100] {logging_mixin.py:190} INFO - [2026-03-18T16:22:30.677+0100] {dagbag.py:588} INFO - Filling up the DagBag from /Users/atanasivanov/ipo-intel/ipo-intel/.venv_airflow/lib/python3.11/site-packages/airflow/example_dags/tutorial_taskflow_api.py
[2026-03-18T16:22:30.709+0100] {processor.py:925} INFO - DAG(s) 'tutorial_taskflow_api' retrieved from /Users/atanasivanov/ipo-intel/ipo-intel/.venv_airflow/lib/python3.11/site-packages/airflow/example_dags/tutorial_taskflow_api.py
[2026-03-18T16:22:30.785+0100] {logging_mixin.py:190} INFO - [2026-03-18T16:22:30.785+0100] {dag.py:3239} INFO - Sync 1 DAGs
[2026-03-18T16:22:30.844+0100] {logging_mixin.py:190} INFO - [2026-03-18T16:22:30.844+0100] {dag.py:4180} INFO - Setting next_dagrun for tutorial_taskflow_api to None, run_after=None
[2026-03-18T16:22:30.860+0100] {processor.py:208} INFO - Processing /Users/atanasivanov/ipo-intel/ipo-intel/.venv_airflow/lib/python3.11/site-packages/airflow/example_dags/tutorial_taskflow_api.py took 0.190 seconds
[2026-03-18T16:24:38.488+0100] {processor.py:186} INFO - Started process (PID=46300) to work on /Users/atanasivanov/ipo-intel/ipo-intel/.venv_airflow/lib/python3.11/site-packages/airflow/example_dags/tutorial_taskflow_api.py
[2026-03-18T16:24:38.490+0100] {processor.py:914} INFO - Processing file /Users/atanasivanov/ipo-intel/ipo-intel/.venv_airflow/lib/python3.11/site-packages/airflow/example_dags/tutorial_taskflow_api.py for tasks to queue
[2026-03-18T16:24:38.491+0100] {logging_mixin.py:190} INFO - [2026-03-18T16:24:38.491+0100] {dagbag.py:588} INFO - Filling up the DagBag from /Users/atanasivanov/ipo-intel/ipo-intel/.venv_airflow/lib/python3.11/site-packages/airflow/example_dags/tutorial_taskflow_api.py
[2026-03-18T16:24:38.527+0100] {processor.py:925} INFO - DAG(s) 'tutorial_taskflow_api' retrieved from /Users/atanasivanov/ipo-intel/ipo-intel/.venv_airflow/lib/python3.11/site-packages/airflow/example_dags/tutorial_taskflow_api.py
[2026-03-18T16:24:38.606+0100] {logging_mixin.py:190} INFO - [2026-03-18T16:24:38.605+0100] {dag.py:3239} INFO - Sync 1 DAGs
[2026-03-18T16:24:38.664+0100] {logging_mixin.py:190} INFO - [2026-03-18T16:24:38.664+0100] {dag.py:4180} INFO - Setting next_dagrun for tutorial_taskflow_api to None, run_after=None
[2026-03-18T16:24:38.682+0100] {processor.py:208} INFO - Processing /Users/atanasivanov/ipo-intel/ipo-intel/.venv_airflow/lib/python3.11/site-packages/airflow/example_dags/tutorial_taskflow_api.py took 0.199 seconds
[2026-03-18T16:26:37.996+0100] {processor.py:186} INFO - Started process (PID=46751) to work on /Users/atanasivanov/ipo-intel/ipo-intel/.venv_airflow/lib/python3.11/site-packages/airflow/example_dags/tutorial_taskflow_api.py
[2026-03-18T16:26:37.998+0100] {processor.py:914} INFO - Processing file /Users/atanasivanov/ipo-intel/ipo-intel/.venv_airflow/lib/python3.11/site-packages/airflow/example_dags/tutorial_taskflow_api.py for tasks to queue
[2026-03-18T16:26:38.000+0100] {logging_mixin.py:190} INFO - [2026-03-18T16:26:37.999+0100] {dagbag.py:588} INFO - Filling up the DagBag from /Users/atanasivanov/ipo-intel/ipo-intel/.venv_airflow/lib/python3.11/site-packages/airflow/example_dags/tutorial_taskflow_api.py
[2026-03-18T16:26:38.040+0100] {processor.py:925} INFO - DAG(s) 'tutorial_taskflow_api' retrieved from /Users/atanasivanov/ipo-intel/ipo-intel/.venv_airflow/lib/python3.11/site-packages/airflow/example_dags/tutorial_taskflow_api.py
[2026-03-18T16:26:38.130+0100] {logging_mixin.py:190} INFO - [2026-03-18T16:26:38.130+0100] {dag.py:3239} INFO - Sync 1 DAGs
[2026-03-18T16:26:38.193+0100] {logging_mixin.py:190} INFO - [2026-03-18T16:26:38.193+0100] {dag.py:4180} INFO - Setting next_dagrun for tutorial_taskflow_api to None, run_after=None
[2026-03-18T16:26:38.211+0100] {processor.py:208} INFO - Processing /Users/atanasivanov/ipo-intel/ipo-intel/.venv_airflow/lib/python3.11/site-packages/airflow/example_dags/tutorial_taskflow_api.py took 0.222 seconds
[2026-03-18T16:28:41.385+0100] {processor.py:186} INFO - Started process (PID=47895) to work on /Users/atanasivanov/ipo-intel/ipo-intel/.venv_airflow/lib/python3.11/site-packages/airflow/example_dags/tutorial_taskflow_api.py
[2026-03-18T16:28:41.386+0100] {processor.py:914} INFO - Processing file /Users/atanasivanov/ipo-intel/ipo-intel/.venv_airflow/lib/python3.11/site-packages/airflow/example_dags/tutorial_taskflow_api.py for tasks to queue
[2026-03-18T16:28:41.387+0100] {logging_mixin.py:190} INFO - [2026-03-18T16:28:41.386+0100] {dagbag.py:588} INFO - Filling up the DagBag from /Users/atanasivanov/ipo-intel/ipo-intel/.venv_airflow/lib/python3.11/site-packages/airflow/example_dags/tutorial_taskflow_api.py
[2026-03-18T16:28:41.418+0100] {processor.py:925} INFO - DAG(s) 'tutorial_taskflow_api' retrieved from /Users/atanasivanov/ipo-intel/ipo-intel/.venv_airflow/lib/python3.11/site-packages/airflow/example_dags/tutorial_taskflow_api.py
[2026-03-18T16:28:41.493+0100] {logging_mixin.py:190} INFO - [2026-03-18T16:28:41.493+0100] {dag.py:3239} INFO - Sync 1 DAGs
[2026-03-18T16:28:41.550+0100] {logging_mixin.py:190} INFO - [2026-03-18T16:28:41.549+0100] {dag.py:4180} INFO - Setting next_dagrun for tutorial_taskflow_api to None, run_after=None
[2026-03-18T16:28:41.573+0100] {processor.py:208} INFO - Processing /Users/atanasivanov/ipo-intel/ipo-intel/.venv_airflow/lib/python3.11/site-packages/airflow/example_dags/tutorial_taskflow_api.py took 0.194 seconds
[2026-03-18T16:30:40.781+0100] {processor.py:186} INFO - Started process (PID=48321) to work on /Users/atanasivanov/ipo-intel/ipo-intel/.venv_airflow/lib/python3.11/site-packages/airflow/example_dags/tutorial_taskflow_api.py
[2026-03-18T16:30:40.782+0100] {processor.py:914} INFO - Processing file /Users/atanasivanov/ipo-intel/ipo-intel/.venv_airflow/lib/python3.11/site-packages/airflow/example_dags/tutorial_taskflow_api.py for tasks to queue
[2026-03-18T16:30:40.783+0100] {logging_mixin.py:190} INFO - [2026-03-18T16:30:40.782+0100] {dagbag.py:588} INFO - Filling up the DagBag from /Users/atanasivanov/ipo-intel/ipo-intel/.venv_airflow/lib/python3.11/site-packages/airflow/example_dags/tutorial_taskflow_api.py
[2026-03-18T16:30:40.816+0100] {processor.py:925} INFO - DAG(s) 'tutorial_taskflow_api' retrieved from /Users/atanasivanov/ipo-intel/ipo-intel/.venv_airflow/lib/python3.11/site-packages/airflow/example_dags/tutorial_taskflow_api.py
[2026-03-18T16:30:40.890+0100] {logging_mixin.py:190} INFO - [2026-03-18T16:30:40.890+0100] {dag.py:3239} INFO - Sync 1 DAGs
[2026-03-18T16:30:40.948+0100] {logging_mixin.py:190} INFO - [2026-03-18T16:30:40.947+0100] {dag.py:4180} INFO - Setting next_dagrun for tutorial_taskflow_api to None, run_after=None
[2026-03-18T16:30:40.965+0100] {processor.py:208} INFO - Processing /Users/atanasivanov/ipo-intel/ipo-intel/.venv_airflow/lib/python3.11/site-packages/airflow/example_dags/tutorial_taskflow_api.py took 0.190 seconds
[2026-03-18T16:32:32.934+0100] {processor.py:186} INFO - Started process (PID=48733) to work on /Users/atanasivanov/ipo-intel/ipo-intel/.venv_airflow/lib/python3.11/site-packages/airflow/example_dags/tutorial_taskflow_api.py
[2026-03-18T16:32:32.935+0100] {processor.py:914} INFO - Processing file /Users/atanasivanov/ipo-intel/ipo-intel/.venv_airflow/lib/python3.11/site-packages/airflow/example_dags/tutorial_taskflow_api.py for tasks to queue
[2026-03-18T16:32:32.937+0100] {logging_mixin.py:190} INFO - [2026-03-18T16:32:32.937+0100] {dagbag.py:588} INFO - Filling up the DagBag from /Users/atanasivanov/ipo-intel/ipo-intel/.venv_airflow/lib/python3.11/site-packages/airflow/example_dags/tutorial_taskflow_api.py
[2026-03-18T16:32:32.969+0100] {processor.py:925} INFO - DAG(s) 'tutorial_taskflow_api' retrieved from /Users/atanasivanov/ipo-intel/ipo-intel/.venv_airflow/lib/python3.11/site-packages/airflow/example_dags/tutorial_taskflow_api.py
[2026-03-18T16:32:33.042+0100] {logging_mixin.py:190} INFO - [2026-03-18T16:32:33.042+0100] {dag.py:3239} INFO - Sync 1 DAGs
[2026-03-18T16:32:33.101+0100] {logging_mixin.py:190} INFO - [2026-03-18T16:32:33.101+0100] {dag.py:4180} INFO - Setting next_dagrun for tutorial_taskflow_api to None, run_after=None
[2026-03-18T16:32:33.119+0100] {processor.py:208} INFO - Processing /Users/atanasivanov/ipo-intel/ipo-intel/.venv_airflow/lib/python3.11/site-packages/airflow/example_dags/tutorial_taskflow_api.py took 0.189 seconds
[2026-03-18T16:34:25.167+0100] {processor.py:186} INFO - Started process (PID=49146) to work on /Users/atanasivanov/ipo-intel/ipo-intel/.venv_airflow/lib/python3.11/site-packages/airflow/example_dags/tutorial_taskflow_api.py
[2026-03-18T16:34:25.168+0100] {processor.py:914} INFO - Processing file /Users/atanasivanov/ipo-intel/ipo-intel/.venv_airflow/lib/python3.11/site-packages/airflow/example_dags/tutorial_taskflow_api.py for tasks to queue
[2026-03-18T16:34:25.169+0100] {logging_mixin.py:190} INFO - [2026-03-18T16:34:25.169+0100] {dagbag.py:588} INFO - Filling up the DagBag from /Users/atanasivanov/ipo-intel/ipo-intel/.venv_airflow/lib/python3.11/site-packages/airflow/example_dags/tutorial_taskflow_api.py
[2026-03-18T16:34:25.203+0100] {processor.py:925} INFO - DAG(s) 'tutorial_taskflow_api' retrieved from /Users/atanasivanov/ipo-intel/ipo-intel/.venv_airflow/lib/python3.11/site-packages/airflow/example_dags/tutorial_taskflow_api.py
[2026-03-18T16:34:25.278+0100] {logging_mixin.py:190} INFO - [2026-03-18T16:34:25.278+0100] {dag.py:3239} INFO - Sync 1 DAGs
[2026-03-18T16:34:25.335+0100] {logging_mixin.py:190} INFO - [2026-03-18T16:34:25.335+0100] {dag.py:4180} INFO - Setting next_dagrun for tutorial_taskflow_api to None, run_after=None
[2026-03-18T16:34:25.353+0100] {processor.py:208} INFO - Processing /Users/atanasivanov/ipo-intel/ipo-intel/.venv_airflow/lib/python3.11/site-packages/airflow/example_dags/tutorial_taskflow_api.py took 0.192 seconds
[2026-03-18T16:36:22.544+0100] {processor.py:186} INFO - Started process (PID=49571) to work on /Users/atanasivanov/ipo-intel/ipo-intel/.venv_airflow/lib/python3.11/site-packages/airflow/example_dags/tutorial_taskflow_api.py
[2026-03-18T16:36:22.545+0100] {processor.py:914} INFO - Processing file /Users/atanasivanov/ipo-intel/ipo-intel/.venv_airflow/lib/python3.11/site-packages/airflow/example_dags/tutorial_taskflow_api.py for tasks to queue
[2026-03-18T16:36:22.546+0100] {logging_mixin.py:190} INFO - [2026-03-18T16:36:22.546+0100] {dagbag.py:588} INFO - Filling up the DagBag from /Users/atanasivanov/ipo-intel/ipo-intel/.venv_airflow/lib/python3.11/site-packages/airflow/example_dags/tutorial_taskflow_api.py
[2026-03-18T16:36:22.579+0100] {processor.py:925} INFO - DAG(s) 'tutorial_taskflow_api' retrieved from /Users/atanasivanov/ipo-intel/ipo-intel/.venv_airflow/lib/python3.11/site-packages/airflow/example_dags/tutorial_taskflow_api.py
[2026-03-18T16:36:22.652+0100] {logging_mixin.py:190} INFO - [2026-03-18T16:36:22.652+0100] {dag.py:3239} INFO - Sync 1 DAGs
[2026-03-18T16:36:22.709+0100] {logging_mixin.py:190} INFO - [2026-03-18T16:36:22.709+0100] {dag.py:4180} INFO - Setting next_dagrun for tutorial_taskflow_api to None, run_after=None
[2026-03-18T16:36:22.727+0100] {processor.py:208} INFO - Processing /Users/atanasivanov/ipo-intel/ipo-intel/.venv_airflow/lib/python3.11/site-packages/airflow/example_dags/tutorial_taskflow_api.py took 0.186 seconds
[2026-03-18T16:38:14.223+0100] {processor.py:186} INFO - Started process (PID=49974) to work on /Users/atanasivanov/ipo-intel/ipo-intel/.venv_airflow/lib/python3.11/site-packages/airflow/example_dags/tutorial_taskflow_api.py
[2026-03-18T16:38:14.224+0100] {processor.py:914} INFO - Processing file /Users/atanasivanov/ipo-intel/ipo-intel/.venv_airflow/lib/python3.11/site-packages/airflow/example_dags/tutorial_taskflow_api.py for tasks to queue
[2026-03-18T16:38:14.225+0100] {logging_mixin.py:190} INFO - [2026-03-18T16:38:14.225+0100] {dagbag.py:588} INFO - Filling up the DagBag from /Users/atanasivanov/ipo-intel/ipo-intel/.venv_airflow/lib/python3.11/site-packages/airflow/example_dags/tutorial_taskflow_api.py
[2026-03-18T16:38:14.260+0100] {processor.py:925} INFO - DAG(s) 'tutorial_taskflow_api' retrieved from /Users/atanasivanov/ipo-intel/ipo-intel/.venv_airflow/lib/python3.11/site-packages/airflow/example_dags/tutorial_taskflow_api.py
[2026-03-18T16:38:14.334+0100] {logging_mixin.py:190} INFO - [2026-03-18T16:38:14.334+0100] {dag.py:3239} INFO - Sync 1 DAGs
[2026-03-18T16:38:14.392+0100] {logging_mixin.py:190} INFO - [2026-03-18T16:38:14.392+0100] {dag.py:4180} INFO - Setting next_dagrun for tutorial_taskflow_api to None, run_after=None
[2026-03-18T16:38:14.410+0100] {processor.py:208} INFO - Processing /Users/atanasivanov/ipo-intel/ipo-intel/.venv_airflow/lib/python3.11/site-packages/airflow/example_dags/tutorial_taskflow_api.py took 0.192 seconds
[2026-03-18T16:40:14.291+0100] {processor.py:186} INFO - Started process (PID=51104) to work on /Users/atanasivanov/ipo-intel/ipo-intel/.venv_airflow/lib/python3.11/site-packages/airflow/example_dags/tutorial_taskflow_api.py
[2026-03-18T16:40:14.292+0100] {processor.py:914} INFO - Processing file /Users/atanasivanov/ipo-intel/ipo-intel/.venv_airflow/lib/python3.11/site-packages/airflow/example_dags/tutorial_taskflow_api.py for tasks to queue
[2026-03-18T16:40:14.293+0100] {logging_mixin.py:190} INFO - [2026-03-18T16:40:14.293+0100] {dagbag.py:588} INFO - Filling up the DagBag from /Users/atanasivanov/ipo-intel/ipo-intel/.venv_airflow/lib/python3.11/site-packages/airflow/example_dags/tutorial_taskflow_api.py
[2026-03-18T16:40:14.329+0100] {processor.py:925} INFO - DAG(s) 'tutorial_taskflow_api' retrieved from /Users/atanasivanov/ipo-intel/ipo-intel/.venv_airflow/lib/python3.11/site-packages/airflow/example_dags/tutorial_taskflow_api.py
[2026-03-18T16:40:14.410+0100] {logging_mixin.py:190} INFO - [2026-03-18T16:40:14.409+0100] {dag.py:3239} INFO - Sync 1 DAGs
[2026-03-18T16:40:14.470+0100] {logging_mixin.py:190} INFO - [2026-03-18T16:40:14.469+0100] {dag.py:4180} INFO - Setting next_dagrun for tutorial_taskflow_api to None, run_after=None
[2026-03-18T16:40:14.486+0100] {processor.py:208} INFO - Processing /Users/atanasivanov/ipo-intel/ipo-intel/.venv_airflow/lib/python3.11/site-packages/airflow/example_dags/tutorial_taskflow_api.py took 0.200 seconds
[2026-03-18T16:42:16.213+0100] {processor.py:186} INFO - Started process (PID=51923) to work on /Users/atanasivanov/ipo-intel/ipo-intel/.venv_airflow/lib/python3.11/site-packages/airflow/example_dags/tutorial_taskflow_api.py
[2026-03-18T16:42:16.214+0100] {processor.py:914} INFO - Processing file /Users/atanasivanov/ipo-intel/ipo-intel/.venv_airflow/lib/python3.11/site-packages/airflow/example_dags/tutorial_taskflow_api.py for tasks to queue
[2026-03-18T16:42:16.215+0100] {logging_mixin.py:190} INFO - [2026-03-18T16:42:16.215+0100] {dagbag.py:588} INFO - Filling up the DagBag from /Users/atanasivanov/ipo-intel/ipo-intel/.venv_airflow/lib/python3.11/site-packages/airflow/example_dags/tutorial_taskflow_api.py
[2026-03-18T16:42:16.248+0100] {processor.py:925} INFO - DAG(s) 'tutorial_taskflow_api' retrieved from /Users/atanasivanov/ipo-intel/ipo-intel/.venv_airflow/lib/python3.11/site-packages/airflow/example_dags/tutorial_taskflow_api.py
[2026-03-18T16:42:16.323+0100] {logging_mixin.py:190} INFO - [2026-03-18T16:42:16.322+0100] {dag.py:3239} INFO - Sync 1 DAGs
[2026-03-18T16:42:16.386+0100] {logging_mixin.py:190} INFO - [2026-03-18T16:42:16.386+0100] {dag.py:4180} INFO - Setting next_dagrun for tutorial_taskflow_api to None, run_after=None
[2026-03-18T16:42:16.409+0100] {processor.py:208} INFO - Processing /Users/atanasivanov/ipo-intel/ipo-intel/.venv_airflow/lib/python3.11/site-packages/airflow/example_dags/tutorial_taskflow_api.py took 0.201 seconds
[2026-03-18T16:47:53.306+0100] {processor.py:186} INFO - Started process (PID=53179) to work on /Users/atanasivanov/ipo-intel/ipo-intel/.venv_airflow/lib/python3.11/site-packages/airflow/example_dags/tutorial_taskflow_api.py
[2026-03-18T16:47:53.307+0100] {processor.py:914} INFO - Processing file /Users/atanasivanov/ipo-intel/ipo-intel/.venv_airflow/lib/python3.11/site-packages/airflow/example_dags/tutorial_taskflow_api.py for tasks to queue
[2026-03-18T16:47:53.309+0100] {logging_mixin.py:190} INFO - [2026-03-18T16:47:53.308+0100] {dagbag.py:588} INFO - Filling up the DagBag from /Users/atanasivanov/ipo-intel/ipo-intel/.venv_airflow/lib/python3.11/site-packages/airflow/example_dags/tutorial_taskflow_api.py
[2026-03-18T16:47:53.354+0100] {processor.py:925} INFO - DAG(s) 'tutorial_taskflow_api' retrieved from /Users/atanasivanov/ipo-intel/ipo-intel/.venv_airflow/lib/python3.11/site-packages/airflow/example_dags/tutorial_taskflow_api.py
[2026-03-18T16:47:53.459+0100] {logging_mixin.py:190} INFO - [2026-03-18T16:47:53.459+0100] {dag.py:3239} INFO - Sync 1 DAGs
[2026-03-18T16:47:53.533+0100] {logging_mixin.py:190} INFO - [2026-03-18T16:47:53.533+0100] {dag.py:4180} INFO - Setting next_dagrun for tutorial_taskflow_api to None, run_after=None
[2026-03-18T16:47:53.554+0100] {processor.py:208} INFO - Processing /Users/atanasivanov/ipo-intel/ipo-intel/.venv_airflow/lib/python3.11/site-packages/airflow/example_dags/tutorial_taskflow_api.py took 0.255 seconds
[2026-03-18T16:50:22.171+0100] {processor.py:186} INFO - Started process (PID=53721) to work on /Users/atanasivanov/ipo-intel/ipo-intel/.venv_airflow/lib/python3.11/site-packages/airflow/example_dags/tutorial_taskflow_api.py
[2026-03-18T16:50:22.172+0100] {processor.py:914} INFO - Processing file /Users/atanasivanov/ipo-intel/ipo-intel/.venv_airflow/lib/python3.11/site-packages/airflow/example_dags/tutorial_taskflow_api.py for tasks to queue
[2026-03-18T16:50:22.173+0100] {logging_mixin.py:190} INFO - [2026-03-18T16:50:22.173+0100] {dagbag.py:588} INFO - Filling up the DagBag from /Users/atanasivanov/ipo-intel/ipo-intel/.venv_airflow/lib/python3.11/site-packages/airflow/example_dags/tutorial_taskflow_api.py
[2026-03-18T16:50:22.206+0100] {processor.py:925} INFO - DAG(s) 'tutorial_taskflow_api' retrieved from /Users/atanasivanov/ipo-intel/ipo-intel/.venv_airflow/lib/python3.11/site-packages/airflow/example_dags/tutorial_taskflow_api.py
[2026-03-18T16:50:22.280+0100] {logging_mixin.py:190} INFO - [2026-03-18T16:50:22.280+0100] {dag.py:3239} INFO - Sync 1 DAGs
[2026-03-18T16:50:22.338+0100] {logging_mixin.py:190} INFO - [2026-03-18T16:50:22.337+0100] {dag.py:4180} INFO - Setting next_dagrun for tutorial_taskflow_api to None, run_after=None
[2026-03-18T16:50:22.355+0100] {processor.py:208} INFO - Processing /Users/atanasivanov/ipo-intel/ipo-intel/.venv_airflow/lib/python3.11/site-packages/airflow/example_dags/tutorial_taskflow_api.py took 0.189 seconds
[2026-03-18T16:52:24.659+0100] {processor.py:186} INFO - Started process (PID=54175) to work on /Users/atanasivanov/ipo-intel/ipo-intel/.venv_airflow/lib/python3.11/site-packages/airflow/example_dags/tutorial_taskflow_api.py
[2026-03-18T16:52:24.660+0100] {processor.py:914} INFO - Processing file /Users/atanasivanov/ipo-intel/ipo-intel/.venv_airflow/lib/python3.11/site-packages/airflow/example_dags/tutorial_taskflow_api.py for tasks to queue
[2026-03-18T16:52:24.661+0100] {logging_mixin.py:190} INFO - [2026-03-18T16:52:24.660+0100] {dagbag.py:588} INFO - Filling up the DagBag from /Users/atanasivanov/ipo-intel/ipo-intel/.venv_airflow/lib/python3.11/site-packages/airflow/example_dags/tutorial_taskflow_api.py
[2026-03-18T16:52:24.693+0100] {processor.py:925} INFO - DAG(s) 'tutorial_taskflow_api' retrieved from /Users/atanasivanov/ipo-intel/ipo-intel/.venv_airflow/lib/python3.11/site-packages/airflow/example_dags/tutorial_taskflow_api.py
[2026-03-18T16:52:24.767+0100] {logging_mixin.py:190} INFO - [2026-03-18T16:52:24.767+0100] {dag.py:3239} INFO - Sync 1 DAGs
[2026-03-18T16:52:24.825+0100] {logging_mixin.py:190} INFO - [2026-03-18T16:52:24.824+0100] {dag.py:4180} INFO - Setting next_dagrun for tutorial_taskflow_api to None, run_after=None
[2026-03-18T16:52:24.843+0100] {processor.py:208} INFO - Processing /Users/atanasivanov/ipo-intel/ipo-intel/.venv_airflow/lib/python3.11/site-packages/airflow/example_dags/tutorial_taskflow_api.py took 0.189 seconds
[2026-03-18T16:54:31.538+0100] {processor.py:186} INFO - Started process (PID=54936) to work on /Users/atanasivanov/ipo-intel/ipo-intel/.venv_airflow/lib/python3.11/site-packages/airflow/example_dags/tutorial_taskflow_api.py
[2026-03-18T16:54:31.539+0100] {processor.py:914} INFO - Processing file /Users/atanasivanov/ipo-intel/ipo-intel/.venv_airflow/lib/python3.11/site-packages/airflow/example_dags/tutorial_taskflow_api.py for tasks to queue
[2026-03-18T16:54:31.540+0100] {logging_mixin.py:190} INFO - [2026-03-18T16:54:31.540+0100] {dagbag.py:588} INFO - Filling up the DagBag from /Users/atanasivanov/ipo-intel/ipo-intel/.venv_airflow/lib/python3.11/site-packages/airflow/example_dags/tutorial_taskflow_api.py
[2026-03-18T16:54:31.582+0100] {processor.py:925} INFO - DAG(s) 'tutorial_taskflow_api' retrieved from /Users/atanasivanov/ipo-intel/ipo-intel/.venv_airflow/lib/python3.11/site-packages/airflow/example_dags/tutorial_taskflow_api.py
[2026-03-18T16:54:31.668+0100] {logging_mixin.py:190} INFO - [2026-03-18T16:54:31.668+0100] {dag.py:3239} INFO - Sync 1 DAGs
[2026-03-18T16:54:31.735+0100] {logging_mixin.py:190} INFO - [2026-03-18T16:54:31.734+0100] {dag.py:4180} INFO - Setting next_dagrun for tutorial_taskflow_api to None, run_after=None
[2026-03-18T16:54:31.753+0100] {processor.py:208} INFO - Processing /Users/atanasivanov/ipo-intel/ipo-intel/.venv_airflow/lib/python3.11/site-packages/airflow/example_dags/tutorial_taskflow_api.py took 0.220 seconds
[2026-03-18T16:56:37.116+0100] {processor.py:186} INFO - Started process (PID=55392) to work on /Users/atanasivanov/ipo-intel/ipo-intel/.venv_airflow/lib/python3.11/site-packages/airflow/example_dags/tutorial_taskflow_api.py
[2026-03-18T16:56:37.117+0100] {processor.py:914} INFO - Processing file /Users/atanasivanov/ipo-intel/ipo-intel/.venv_airflow/lib/python3.11/site-packages/airflow/example_dags/tutorial_taskflow_api.py for tasks to queue
[2026-03-18T16:56:37.118+0100] {logging_mixin.py:190} INFO - [2026-03-18T16:56:37.118+0100] {dagbag.py:588} INFO - Filling up the DagBag from /Users/atanasivanov/ipo-intel/ipo-intel/.venv_airflow/lib/python3.11/site-packages/airflow/example_dags/tutorial_taskflow_api.py
[2026-03-18T16:56:37.164+0100] {processor.py:925} INFO - DAG(s) 'tutorial_taskflow_api' retrieved from /Users/atanasivanov/ipo-intel/ipo-intel/.venv_airflow/lib/python3.11/site-packages/airflow/example_dags/tutorial_taskflow_api.py
[2026-03-18T16:56:37.261+0100] {logging_mixin.py:190} INFO - [2026-03-18T16:56:37.260+0100] {dag.py:3239} INFO - Sync 1 DAGs
[2026-03-18T16:56:37.321+0100] {logging_mixin.py:190} INFO - [2026-03-18T16:56:37.321+0100] {dag.py:4180} INFO - Setting next_dagrun for tutorial_taskflow_api to None, run_after=None
[2026-03-18T16:56:37.338+0100] {processor.py:208} INFO - Processing /Users/atanasivanov/ipo-intel/ipo-intel/.venv_airflow/lib/python3.11/site-packages/airflow/example_dags/tutorial_taskflow_api.py took 0.228 seconds
[2026-03-18T16:58:40.913+0100] {processor.py:186} INFO - Started process (PID=55864) to work on /Users/atanasivanov/ipo-intel/ipo-intel/.venv_airflow/lib/python3.11/site-packages/airflow/example_dags/tutorial_taskflow_api.py
[2026-03-18T16:58:40.914+0100] {processor.py:914} INFO - Processing file /Users/atanasivanov/ipo-intel/ipo-intel/.venv_airflow/lib/python3.11/site-packages/airflow/example_dags/tutorial_taskflow_api.py for tasks to queue
[2026-03-18T16:58:40.915+0100] {logging_mixin.py:190} INFO - [2026-03-18T16:58:40.914+0100] {dagbag.py:588} INFO - Filling up the DagBag from /Users/atanasivanov/ipo-intel/ipo-intel/.venv_airflow/lib/python3.11/site-packages/airflow/example_dags/tutorial_taskflow_api.py
[2026-03-18T16:58:40.948+0100] {processor.py:925} INFO - DAG(s) 'tutorial_taskflow_api' retrieved from /Users/atanasivanov/ipo-intel/ipo-intel/.venv_airflow/lib/python3.11/site-packages/airflow/example_dags/tutorial_taskflow_api.py
[2026-03-18T16:58:41.025+0100] {logging_mixin.py:190} INFO - [2026-03-18T16:58:41.025+0100] {dag.py:3239} INFO - Sync 1 DAGs
[2026-03-18T16:58:41.087+0100] {logging_mixin.py:190} INFO - [2026-03-18T16:58:41.087+0100] {dag.py:4180} INFO - Setting next_dagrun for tutorial_taskflow_api to None, run_after=None
[2026-03-18T16:58:41.104+0100] {processor.py:208} INFO - Processing /Users/atanasivanov/ipo-intel/ipo-intel/.venv_airflow/lib/python3.11/site-packages/airflow/example_dags/tutorial_taskflow_api.py took 0.196 seconds
[2026-03-18T17:00:45.523+0100] {processor.py:186} INFO - Started process (PID=56312) to work on /Users/atanasivanov/ipo-intel/ipo-intel/.venv_airflow/lib/python3.11/site-packages/airflow/example_dags/tutorial_taskflow_api.py
[2026-03-18T17:00:45.524+0100] {processor.py:914} INFO - Processing file /Users/atanasivanov/ipo-intel/ipo-intel/.venv_airflow/lib/python3.11/site-packages/airflow/example_dags/tutorial_taskflow_api.py for tasks to queue
[2026-03-18T17:00:45.525+0100] {logging_mixin.py:190} INFO - [2026-03-18T17:00:45.524+0100] {dagbag.py:588} INFO - Filling up the DagBag from /Users/atanasivanov/ipo-intel/ipo-intel/.venv_airflow/lib/python3.11/site-packages/airflow/example_dags/tutorial_taskflow_api.py
[2026-03-18T17:00:45.556+0100] {processor.py:925} INFO - DAG(s) 'tutorial_taskflow_api' retrieved from /Users/atanasivanov/ipo-intel/ipo-intel/.venv_airflow/lib/python3.11/site-packages/airflow/example_dags/tutorial_taskflow_api.py
[2026-03-18T17:00:45.631+0100] {logging_mixin.py:190} INFO - [2026-03-18T17:00:45.631+0100] {dag.py:3239} INFO - Sync 1 DAGs
[2026-03-18T17:00:45.687+0100] {logging_mixin.py:190} INFO - [2026-03-18T17:00:45.687+0100] {dag.py:4180} INFO - Setting next_dagrun for tutorial_taskflow_api to None, run_after=None
[2026-03-18T17:00:45.704+0100] {processor.py:208} INFO - Processing /Users/atanasivanov/ipo-intel/ipo-intel/.venv_airflow/lib/python3.11/site-packages/airflow/example_dags/tutorial_taskflow_api.py took 0.186 seconds
[2026-03-18T17:02:39.130+0100] {processor.py:186} INFO - Started process (PID=56728) to work on /Users/atanasivanov/ipo-intel/ipo-intel/.venv_airflow/lib/python3.11/site-packages/airflow/example_dags/tutorial_taskflow_api.py
[2026-03-18T17:02:39.130+0100] {processor.py:914} INFO - Processing file /Users/atanasivanov/ipo-intel/ipo-intel/.venv_airflow/lib/python3.11/site-packages/airflow/example_dags/tutorial_taskflow_api.py for tasks to queue
[2026-03-18T17:02:39.131+0100] {logging_mixin.py:190} INFO - [2026-03-18T17:02:39.131+0100] {dagbag.py:588} INFO - Filling up the DagBag from /Users/atanasivanov/ipo-intel/ipo-intel/.venv_airflow/lib/python3.11/site-packages/airflow/example_dags/tutorial_taskflow_api.py
[2026-03-18T17:02:39.164+0100] {processor.py:925} INFO - DAG(s) 'tutorial_taskflow_api' retrieved from /Users/atanasivanov/ipo-intel/ipo-intel/.venv_airflow/lib/python3.11/site-packages/airflow/example_dags/tutorial_taskflow_api.py
[2026-03-18T17:02:39.239+0100] {logging_mixin.py:190} INFO - [2026-03-18T17:02:39.239+0100] {dag.py:3239} INFO - Sync 1 DAGs
[2026-03-18T17:02:39.297+0100] {logging_mixin.py:190} INFO - [2026-03-18T17:02:39.297+0100] {dag.py:4180} INFO - Setting next_dagrun for tutorial_taskflow_api to None, run_after=None
[2026-03-18T17:02:39.313+0100] {processor.py:208} INFO - Processing /Users/atanasivanov/ipo-intel/ipo-intel/.venv_airflow/lib/python3.11/site-packages/airflow/example_dags/tutorial_taskflow_api.py took 0.188 seconds
[2026-03-18T17:04:33.776+0100] {processor.py:186} INFO - Started process (PID=57142) to work on /Users/atanasivanov/ipo-intel/ipo-intel/.venv_airflow/lib/python3.11/site-packages/airflow/example_dags/tutorial_taskflow_api.py
[2026-03-18T17:04:33.777+0100] {processor.py:914} INFO - Processing file /Users/atanasivanov/ipo-intel/ipo-intel/.venv_airflow/lib/python3.11/site-packages/airflow/example_dags/tutorial_taskflow_api.py for tasks to queue
[2026-03-18T17:04:33.778+0100] {logging_mixin.py:190} INFO - [2026-03-18T17:04:33.777+0100] {dagbag.py:588} INFO - Filling up the DagBag from /Users/atanasivanov/ipo-intel/ipo-intel/.venv_airflow/lib/python3.11/site-packages/airflow/example_dags/tutorial_taskflow_api.py
[2026-03-18T17:04:33.808+0100] {processor.py:925} INFO - DAG(s) 'tutorial_taskflow_api' retrieved from /Users/atanasivanov/ipo-intel/ipo-intel/.venv_airflow/lib/python3.11/site-packages/airflow/example_dags/tutorial_taskflow_api.py
[2026-03-18T17:04:33.881+0100] {logging_mixin.py:190} INFO - [2026-03-18T17:04:33.881+0100] {dag.py:3239} INFO - Sync 1 DAGs
[2026-03-18T17:04:33.937+0100] {logging_mixin.py:190} INFO - [2026-03-18T17:04:33.937+0100] {dag.py:4180} INFO - Setting next_dagrun for tutorial_taskflow_api to None, run_after=None
[2026-03-18T17:04:33.954+0100] {processor.py:208} INFO - Processing /Users/atanasivanov/ipo-intel/ipo-intel/.venv_airflow/lib/python3.11/site-packages/airflow/example_dags/tutorial_taskflow_api.py took 0.183 seconds
[2026-03-18T17:06:32.715+0100] {processor.py:186} INFO - Started process (PID=57581) to work on /Users/atanasivanov/ipo-intel/ipo-intel/.venv_airflow/lib/python3.11/site-packages/airflow/example_dags/tutorial_taskflow_api.py
[2026-03-18T17:06:32.716+0100] {processor.py:914} INFO - Processing file /Users/atanasivanov/ipo-intel/ipo-intel/.venv_airflow/lib/python3.11/site-packages/airflow/example_dags/tutorial_taskflow_api.py for tasks to queue
[2026-03-18T17:06:32.717+0100] {logging_mixin.py:190} INFO - [2026-03-18T17:06:32.717+0100] {dagbag.py:588} INFO - Filling up the DagBag from /Users/atanasivanov/ipo-intel/ipo-intel/.venv_airflow/lib/python3.11/site-packages/airflow/example_dags/tutorial_taskflow_api.py
[2026-03-18T17:06:32.757+0100] {processor.py:925} INFO - DAG(s) 'tutorial_taskflow_api' retrieved from /Users/atanasivanov/ipo-intel/ipo-intel/.venv_airflow/lib/python3.11/site-packages/airflow/example_dags/tutorial_taskflow_api.py
[2026-03-18T17:06:32.839+0100] {logging_mixin.py:190} INFO - [2026-03-18T17:06:32.839+0100] {dag.py:3239} INFO - Sync 1 DAGs
[2026-03-18T17:06:32.897+0100] {logging_mixin.py:190} INFO - [2026-03-18T17:06:32.897+0100] {dag.py:4180} INFO - Setting next_dagrun for tutorial_taskflow_api to None, run_after=None
[2026-03-18T17:06:32.914+0100] {processor.py:208} INFO - Processing /Users/atanasivanov/ipo-intel/ipo-intel/.venv_airflow/lib/python3.11/site-packages/airflow/example_dags/tutorial_taskflow_api.py took 0.205 seconds
[2026-03-18T17:08:23.973+0100] {processor.py:186} INFO - Started process (PID=57992) to work on /Users/atanasivanov/ipo-intel/ipo-intel/.venv_airflow/lib/python3.11/site-packages/airflow/example_dags/tutorial_taskflow_api.py
[2026-03-18T17:08:23.974+0100] {processor.py:914} INFO - Processing file /Users/atanasivanov/ipo-intel/ipo-intel/.venv_airflow/lib/python3.11/site-packages/airflow/example_dags/tutorial_taskflow_api.py for tasks to queue
[2026-03-18T17:08:23.975+0100] {logging_mixin.py:190} INFO - [2026-03-18T17:08:23.975+0100] {dagbag.py:588} INFO - Filling up the DagBag from /Users/atanasivanov/ipo-intel/ipo-intel/.venv_airflow/lib/python3.11/site-packages/airflow/example_dags/tutorial_taskflow_api.py
[2026-03-18T17:08:24.008+0100] {processor.py:925} INFO - DAG(s) 'tutorial_taskflow_api' retrieved from /Users/atanasivanov/ipo-intel/ipo-intel/.venv_airflow/lib/python3.11/site-packages/airflow/example_dags/tutorial_taskflow_api.py
[2026-03-18T17:08:24.083+0100] {logging_mixin.py:190} INFO - [2026-03-18T17:08:24.083+0100] {dag.py:3239} INFO - Sync 1 DAGs
[2026-03-18T17:08:24.140+0100] {logging_mixin.py:190} INFO - [2026-03-18T17:08:24.140+0100] {dag.py:4180} INFO - Setting next_dagrun for tutorial_taskflow_api to None, run_after=None
[2026-03-18T17:08:24.157+0100] {processor.py:208} INFO - Processing /Users/atanasivanov/ipo-intel/ipo-intel/.venv_airflow/lib/python3.11/site-packages/airflow/example_dags/tutorial_taskflow_api.py took 0.189 seconds
[2026-03-18T17:10:25.163+0100] {processor.py:186} INFO - Started process (PID=58502) to work on /Users/atanasivanov/ipo-intel/ipo-intel/.venv_airflow/lib/python3.11/site-packages/airflow/example_dags/tutorial_taskflow_api.py
[2026-03-18T17:10:25.164+0100] {processor.py:914} INFO - Processing file /Users/atanasivanov/ipo-intel/ipo-intel/.venv_airflow/lib/python3.11/site-packages/airflow/example_dags/tutorial_taskflow_api.py for tasks to queue
[2026-03-18T17:10:25.165+0100] {logging_mixin.py:190} INFO - [2026-03-18T17:10:25.165+0100] {dagbag.py:588} INFO - Filling up the DagBag from /Users/atanasivanov/ipo-intel/ipo-intel/.venv_airflow/lib/python3.11/site-packages/airflow/example_dags/tutorial_taskflow_api.py
[2026-03-18T17:10:25.196+0100] {processor.py:925} INFO - DAG(s) 'tutorial_taskflow_api' retrieved from /Users/atanasivanov/ipo-intel/ipo-intel/.venv_airflow/lib/python3.11/site-packages/airflow/example_dags/tutorial_taskflow_api.py
[2026-03-18T17:10:25.272+0100] {logging_mixin.py:190} INFO - [2026-03-18T17:10:25.272+0100] {dag.py:3239} INFO - Sync 1 DAGs
[2026-03-18T17:10:25.329+0100] {logging_mixin.py:190} INFO - [2026-03-18T17:10:25.329+0100] {dag.py:4180} INFO - Setting next_dagrun for tutorial_taskflow_api to None, run_after=None
[2026-03-18T17:10:25.344+0100] {processor.py:208} INFO - Processing /Users/atanasivanov/ipo-intel/ipo-intel/.venv_airflow/lib/python3.11/site-packages/airflow/example_dags/tutorial_taskflow_api.py took 0.186 seconds
[2026-03-18T17:12:27.151+0100] {processor.py:186} INFO - Started process (PID=59112) to work on /Users/atanasivanov/ipo-intel/ipo-intel/.venv_airflow/lib/python3.11/site-packages/airflow/example_dags/tutorial_taskflow_api.py
[2026-03-18T17:12:27.152+0100] {processor.py:914} INFO - Processing file /Users/atanasivanov/ipo-intel/ipo-intel/.venv_airflow/lib/python3.11/site-packages/airflow/example_dags/tutorial_taskflow_api.py for tasks to queue
[2026-03-18T17:12:27.154+0100] {logging_mixin.py:190} INFO - [2026-03-18T17:12:27.153+0100] {dagbag.py:588} INFO - Filling up the DagBag from /Users/atanasivanov/ipo-intel/ipo-intel/.venv_airflow/lib/python3.11/site-packages/airflow/example_dags/tutorial_taskflow_api.py
[2026-03-18T17:12:27.192+0100] {processor.py:925} INFO - DAG(s) 'tutorial_taskflow_api' retrieved from /Users/atanasivanov/ipo-intel/ipo-intel/.venv_airflow/lib/python3.11/site-packages/airflow/example_dags/tutorial_taskflow_api.py
[2026-03-18T17:12:27.274+0100] {logging_mixin.py:190} INFO - [2026-03-18T17:12:27.273+0100] {dag.py:3239} INFO - Sync 1 DAGs
[2026-03-18T17:12:27.337+0100] {logging_mixin.py:190} INFO - [2026-03-18T17:12:27.337+0100] {dag.py:4180} INFO - Setting next_dagrun for tutorial_taskflow_api to None, run_after=None
[2026-03-18T17:12:27.354+0100] {processor.py:208} INFO - Processing /Users/atanasivanov/ipo-intel/ipo-intel/.venv_airflow/lib/python3.11/site-packages/airflow/example_dags/tutorial_taskflow_api.py took 0.209 seconds
[2026-03-18T17:14:33.921+0100] {processor.py:186} INFO - Started process (PID=59837) to work on /Users/atanasivanov/ipo-intel/ipo-intel/.venv_airflow/lib/python3.11/site-packages/airflow/example_dags/tutorial_taskflow_api.py
[2026-03-18T17:14:33.922+0100] {processor.py:914} INFO - Processing file /Users/atanasivanov/ipo-intel/ipo-intel/.venv_airflow/lib/python3.11/site-packages/airflow/example_dags/tutorial_taskflow_api.py for tasks to queue
[2026-03-18T17:14:33.923+0100] {logging_mixin.py:190} INFO - [2026-03-18T17:14:33.923+0100] {dagbag.py:588} INFO - Filling up the DagBag from /Users/atanasivanov/ipo-intel/ipo-intel/.venv_airflow/lib/python3.11/site-packages/airflow/example_dags/tutorial_taskflow_api.py
[2026-03-18T17:14:33.955+0100] {processor.py:925} INFO - DAG(s) 'tutorial_taskflow_api' retrieved from /Users/atanasivanov/ipo-intel/ipo-intel/.venv_airflow/lib/python3.11/site-packages/airflow/example_dags/tutorial_taskflow_api.py
[2026-03-18T17:14:34.032+0100] {logging_mixin.py:190} INFO - [2026-03-18T17:14:34.032+0100] {dag.py:3239} INFO - Sync 1 DAGs
[2026-03-18T17:14:34.089+0100] {logging_mixin.py:190} INFO - [2026-03-18T17:14:34.089+0100] {dag.py:4180} INFO - Setting next_dagrun for tutorial_taskflow_api to None, run_after=None
[2026-03-18T17:14:34.105+0100] {processor.py:208} INFO - Processing /Users/atanasivanov/ipo-intel/ipo-intel/.venv_airflow/lib/python3.11/site-packages/airflow/example_dags/tutorial_taskflow_api.py took 0.189 seconds
