[2026-03-18T16:15:45.212+0100] {processor.py:186} INFO - Started process (PID=44373) to work on /Users/atanasivanov/ipo-intel/ipo-intel/.venv_airflow/lib/python3.11/site-packages/airflow/example_dags/tutorial_dag.py
[2026-03-18T16:15:45.213+0100] {processor.py:914} INFO - Processing file /Users/atanasivanov/ipo-intel/ipo-intel/.venv_airflow/lib/python3.11/site-packages/airflow/example_dags/tutorial_dag.py for tasks to queue
[2026-03-18T16:15:45.214+0100] {logging_mixin.py:190} INFO - [2026-03-18T16:15:45.213+0100] {dagbag.py:588} INFO - Filling up the DagBag from /Users/atanasivanov/ipo-intel/ipo-intel/.venv_airflow/lib/python3.11/site-packages/airflow/example_dags/tutorial_dag.py
[2026-03-18T16:15:45.239+0100] {processor.py:925} INFO - DAG(s) 'tutorial_dag' retrieved from /Users/atanasivanov/ipo-intel/ipo-intel/.venv_airflow/lib/python3.11/site-packages/airflow/example_dags/tutorial_dag.py
[2026-03-18T16:15:45.452+0100] {logging_mixin.py:190} INFO - [2026-03-18T16:15:45.452+0100] {override.py:1912} INFO - Created Permission View: can read on DAG:tutorial_dag
[2026-03-18T16:15:45.460+0100] {logging_mixin.py:190} INFO - [2026-03-18T16:15:45.460+0100] {override.py:1912} INFO - Created Permission View: can edit on DAG:tutorial_dag
[2026-03-18T16:15:45.465+0100] {logging_mixin.py:190} INFO - [2026-03-18T16:15:45.465+0100] {override.py:1912} INFO - Created Permission View: can delete on DAG:tutorial_dag
[2026-03-18T16:15:45.472+0100] {logging_mixin.py:190} INFO - [2026-03-18T16:15:45.472+0100] {override.py:1912} INFO - Created Permission View: can create on DAG Run:tutorial_dag
[2026-03-18T16:15:45.477+0100] {logging_mixin.py:190} INFO - [2026-03-18T16:15:45.477+0100] {override.py:1912} INFO - Created Permission View: can read on DAG Run:tutorial_dag
[2026-03-18T16:15:45.482+0100] {logging_mixin.py:190} INFO - [2026-03-18T16:15:45.482+0100] {override.py:1912} INFO - Created Permission View: menu access on DAG Run:tutorial_dag
[2026-03-18T16:15:45.488+0100] {logging_mixin.py:190} INFO - [2026-03-18T16:15:45.487+0100] {override.py:1912} INFO - Created Permission View: can delete on DAG Run:tutorial_dag
[2026-03-18T16:15:45.488+0100] {logging_mixin.py:190} INFO - [2026-03-18T16:15:45.488+0100] {dag.py:3239} INFO - Sync 1 DAGs
[2026-03-18T16:15:45.498+0100] {logging_mixin.py:190} INFO - [2026-03-18T16:15:45.497+0100] {dag.py:3262} INFO - Creating ORM DAG for tutorial_dag
[2026-03-18T16:15:45.498+0100] {logging_mixin.py:190} INFO - [2026-03-18T16:15:45.498+0100] {dag.py:4180} INFO - Setting next_dagrun for tutorial_dag to None, run_after=None
[2026-03-18T16:15:45.511+0100] {processor.py:208} INFO - Processing /Users/atanasivanov/ipo-intel/ipo-intel/.venv_airflow/lib/python3.11/site-packages/airflow/example_dags/tutorial_dag.py took 0.305 seconds
[2026-03-18T16:19:57.086+0100] {processor.py:186} INFO - Started process (PID=45234) to work on /Users/atanasivanov/ipo-intel/ipo-intel/.venv_airflow/lib/python3.11/site-packages/airflow/example_dags/tutorial_dag.py
[2026-03-18T16:19:57.088+0100] {processor.py:914} INFO - Processing file /Users/atanasivanov/ipo-intel/ipo-intel/.venv_airflow/lib/python3.11/site-packages/airflow/example_dags/tutorial_dag.py for tasks to queue
[2026-03-18T16:19:57.090+0100] {logging_mixin.py:190} INFO - [2026-03-18T16:19:57.089+0100] {dagbag.py:588} INFO - Filling up the DagBag from /Users/atanasivanov/ipo-intel/ipo-intel/.venv_airflow/lib/python3.11/site-packages/airflow/example_dags/tutorial_dag.py
[2026-03-18T16:19:57.114+0100] {processor.py:925} INFO - DAG(s) 'tutorial_dag' retrieved from /Users/atanasivanov/ipo-intel/ipo-intel/.venv_airflow/lib/python3.11/site-packages/airflow/example_dags/tutorial_dag.py
[2026-03-18T16:19:57.195+0100] {logging_mixin.py:190} INFO - [2026-03-18T16:19:57.195+0100] {dag.py:3239} INFO - Sync 1 DAGs
[2026-03-18T16:19:57.254+0100] {logging_mixin.py:190} INFO - [2026-03-18T16:19:57.254+0100] {dag.py:4180} INFO - Setting next_dagrun for tutorial_dag to None, run_after=None
[2026-03-18T16:19:57.271+0100] {processor.py:208} INFO - Processing /Users/atanasivanov/ipo-intel/ipo-intel/.venv_airflow/lib/python3.11/site-packages/airflow/example_dags/tutorial_dag.py took 0.191 seconds
[2026-03-18T16:22:36.049+0100] {processor.py:186} INFO - Started process (PID=45861) to work on /Users/atanasivanov/ipo-intel/ipo-intel/.venv_airflow/lib/python3.11/site-packages/airflow/example_dags/tutorial_dag.py
[2026-03-18T16:22:36.050+0100] {processor.py:914} INFO - Processing file /Users/atanasivanov/ipo-intel/ipo-intel/.venv_airflow/lib/python3.11/site-packages/airflow/example_dags/tutorial_dag.py for tasks to queue
[2026-03-18T16:22:36.051+0100] {logging_mixin.py:190} INFO - [2026-03-18T16:22:36.051+0100] {dagbag.py:588} INFO - Filling up the DagBag from /Users/atanasivanov/ipo-intel/ipo-intel/.venv_airflow/lib/python3.11/site-packages/airflow/example_dags/tutorial_dag.py
[2026-03-18T16:22:36.074+0100] {processor.py:925} INFO - DAG(s) 'tutorial_dag' retrieved from /Users/atanasivanov/ipo-intel/ipo-intel/.venv_airflow/lib/python3.11/site-packages/airflow/example_dags/tutorial_dag.py
[2026-03-18T16:22:36.152+0100] {logging_mixin.py:190} INFO - [2026-03-18T16:22:36.152+0100] {dag.py:3239} INFO - Sync 1 DAGs
[2026-03-18T16:22:36.208+0100] {logging_mixin.py:190} INFO - [2026-03-18T16:22:36.207+0100] {dag.py:4180} INFO - Setting next_dagrun for tutorial_dag to None, run_after=None
[2026-03-18T16:22:36.226+0100] {processor.py:208} INFO - Processing /Users/atanasivanov/ipo-intel/ipo-intel/.venv_airflow/lib/python3.11/site-packages/airflow/example_dags/tutorial_dag.py took 0.182 seconds
[2026-03-18T16:24:43.499+0100] {processor.py:186} INFO - Started process (PID=46324) to work on /Users/atanasivanov/ipo-intel/ipo-intel/.venv_airflow/lib/python3.11/site-packages/airflow/example_dags/tutorial_dag.py
[2026-03-18T16:24:43.500+0100] {processor.py:914} INFO - Processing file /Users/atanasivanov/ipo-intel/ipo-intel/.venv_airflow/lib/python3.11/site-packages/airflow/example_dags/tutorial_dag.py for tasks to queue
[2026-03-18T16:24:43.501+0100] {logging_mixin.py:190} INFO - [2026-03-18T16:24:43.501+0100] {dagbag.py:588} INFO - Filling up the DagBag from /Users/atanasivanov/ipo-intel/ipo-intel/.venv_airflow/lib/python3.11/site-packages/airflow/example_dags/tutorial_dag.py
[2026-03-18T16:24:43.524+0100] {processor.py:925} INFO - DAG(s) 'tutorial_dag' retrieved from /Users/atanasivanov/ipo-intel/ipo-intel/.venv_airflow/lib/python3.11/site-packages/airflow/example_dags/tutorial_dag.py
[2026-03-18T16:24:43.609+0100] {logging_mixin.py:190} INFO - [2026-03-18T16:24:43.609+0100] {dag.py:3239} INFO - Sync 1 DAGs
[2026-03-18T16:24:43.668+0100] {logging_mixin.py:190} INFO - [2026-03-18T16:24:43.668+0100] {dag.py:4180} INFO - Setting next_dagrun for tutorial_dag to None, run_after=None
[2026-03-18T16:24:43.686+0100] {processor.py:208} INFO - Processing /Users/atanasivanov/ipo-intel/ipo-intel/.venv_airflow/lib/python3.11/site-packages/airflow/example_dags/tutorial_dag.py took 0.192 seconds
[2026-03-18T16:26:43.658+0100] {processor.py:186} INFO - Started process (PID=46773) to work on /Users/atanasivanov/ipo-intel/ipo-intel/.venv_airflow/lib/python3.11/site-packages/airflow/example_dags/tutorial_dag.py
[2026-03-18T16:26:43.659+0100] {processor.py:914} INFO - Processing file /Users/atanasivanov/ipo-intel/ipo-intel/.venv_airflow/lib/python3.11/site-packages/airflow/example_dags/tutorial_dag.py for tasks to queue
[2026-03-18T16:26:43.660+0100] {logging_mixin.py:190} INFO - [2026-03-18T16:26:43.659+0100] {dagbag.py:588} INFO - Filling up the DagBag from /Users/atanasivanov/ipo-intel/ipo-intel/.venv_airflow/lib/python3.11/site-packages/airflow/example_dags/tutorial_dag.py
[2026-03-18T16:26:43.683+0100] {processor.py:925} INFO - DAG(s) 'tutorial_dag' retrieved from /Users/atanasivanov/ipo-intel/ipo-intel/.venv_airflow/lib/python3.11/site-packages/airflow/example_dags/tutorial_dag.py
[2026-03-18T16:26:43.765+0100] {logging_mixin.py:190} INFO - [2026-03-18T16:26:43.765+0100] {dag.py:3239} INFO - Sync 1 DAGs
[2026-03-18T16:26:43.824+0100] {logging_mixin.py:190} INFO - [2026-03-18T16:26:43.824+0100] {dag.py:4180} INFO - Setting next_dagrun for tutorial_dag to None, run_after=None
[2026-03-18T16:26:43.844+0100] {processor.py:208} INFO - Processing /Users/atanasivanov/ipo-intel/ipo-intel/.venv_airflow/lib/python3.11/site-packages/airflow/example_dags/tutorial_dag.py took 0.191 seconds
[2026-03-18T16:28:46.847+0100] {processor.py:186} INFO - Started process (PID=47912) to work on /Users/atanasivanov/ipo-intel/ipo-intel/.venv_airflow/lib/python3.11/site-packages/airflow/example_dags/tutorial_dag.py
[2026-03-18T16:28:46.849+0100] {processor.py:914} INFO - Processing file /Users/atanasivanov/ipo-intel/ipo-intel/.venv_airflow/lib/python3.11/site-packages/airflow/example_dags/tutorial_dag.py for tasks to queue
[2026-03-18T16:28:46.850+0100] {logging_mixin.py:190} INFO - [2026-03-18T16:28:46.850+0100] {dagbag.py:588} INFO - Filling up the DagBag from /Users/atanasivanov/ipo-intel/ipo-intel/.venv_airflow/lib/python3.11/site-packages/airflow/example_dags/tutorial_dag.py
[2026-03-18T16:28:46.877+0100] {processor.py:925} INFO - DAG(s) 'tutorial_dag' retrieved from /Users/atanasivanov/ipo-intel/ipo-intel/.venv_airflow/lib/python3.11/site-packages/airflow/example_dags/tutorial_dag.py
[2026-03-18T16:28:46.963+0100] {logging_mixin.py:190} INFO - [2026-03-18T16:28:46.963+0100] {dag.py:3239} INFO - Sync 1 DAGs
[2026-03-18T16:28:47.024+0100] {logging_mixin.py:190} INFO - [2026-03-18T16:28:47.023+0100] {dag.py:4180} INFO - Setting next_dagrun for tutorial_dag to None, run_after=None
[2026-03-18T16:28:47.042+0100] {processor.py:208} INFO - Processing /Users/atanasivanov/ipo-intel/ipo-intel/.venv_airflow/lib/python3.11/site-packages/airflow/example_dags/tutorial_dag.py took 0.201 seconds
[2026-03-18T16:30:45.691+0100] {processor.py:186} INFO - Started process (PID=48343) to work on /Users/atanasivanov/ipo-intel/ipo-intel/.venv_airflow/lib/python3.11/site-packages/airflow/example_dags/tutorial_dag.py
[2026-03-18T16:30:45.693+0100] {processor.py:914} INFO - Processing file /Users/atanasivanov/ipo-intel/ipo-intel/.venv_airflow/lib/python3.11/site-packages/airflow/example_dags/tutorial_dag.py for tasks to queue
[2026-03-18T16:30:45.694+0100] {logging_mixin.py:190} INFO - [2026-03-18T16:30:45.694+0100] {dagbag.py:588} INFO - Filling up the DagBag from /Users/atanasivanov/ipo-intel/ipo-intel/.venv_airflow/lib/python3.11/site-packages/airflow/example_dags/tutorial_dag.py
[2026-03-18T16:30:45.717+0100] {processor.py:925} INFO - DAG(s) 'tutorial_dag' retrieved from /Users/atanasivanov/ipo-intel/ipo-intel/.venv_airflow/lib/python3.11/site-packages/airflow/example_dags/tutorial_dag.py
[2026-03-18T16:30:45.792+0100] {logging_mixin.py:190} INFO - [2026-03-18T16:30:45.791+0100] {dag.py:3239} INFO - Sync 1 DAGs
[2026-03-18T16:30:45.849+0100] {logging_mixin.py:190} INFO - [2026-03-18T16:30:45.848+0100] {dag.py:4180} INFO - Setting next_dagrun for tutorial_dag to None, run_after=None
[2026-03-18T16:30:45.866+0100] {processor.py:208} INFO - Processing /Users/atanasivanov/ipo-intel/ipo-intel/.venv_airflow/lib/python3.11/site-packages/airflow/example_dags/tutorial_dag.py took 0.180 seconds
[2026-03-18T16:32:38.178+0100] {processor.py:186} INFO - Started process (PID=48747) to work on /Users/atanasivanov/ipo-intel/ipo-intel/.venv_airflow/lib/python3.11/site-packages/airflow/example_dags/tutorial_dag.py
[2026-03-18T16:32:38.179+0100] {processor.py:914} INFO - Processing file /Users/atanasivanov/ipo-intel/ipo-intel/.venv_airflow/lib/python3.11/site-packages/airflow/example_dags/tutorial_dag.py for tasks to queue
[2026-03-18T16:32:38.180+0100] {logging_mixin.py:190} INFO - [2026-03-18T16:32:38.179+0100] {dagbag.py:588} INFO - Filling up the DagBag from /Users/atanasivanov/ipo-intel/ipo-intel/.venv_airflow/lib/python3.11/site-packages/airflow/example_dags/tutorial_dag.py
[2026-03-18T16:32:38.203+0100] {processor.py:925} INFO - DAG(s) 'tutorial_dag' retrieved from /Users/atanasivanov/ipo-intel/ipo-intel/.venv_airflow/lib/python3.11/site-packages/airflow/example_dags/tutorial_dag.py
[2026-03-18T16:32:38.280+0100] {logging_mixin.py:190} INFO - [2026-03-18T16:32:38.280+0100] {dag.py:3239} INFO - Sync 1 DAGs
[2026-03-18T16:32:38.336+0100] {logging_mixin.py:190} INFO - [2026-03-18T16:32:38.335+0100] {dag.py:4180} INFO - Setting next_dagrun for tutorial_dag to None, run_after=None
[2026-03-18T16:32:38.353+0100] {processor.py:208} INFO - Processing /Users/atanasivanov/ipo-intel/ipo-intel/.venv_airflow/lib/python3.11/site-packages/airflow/example_dags/tutorial_dag.py took 0.182 seconds
[2026-03-18T16:34:30.484+0100] {processor.py:186} INFO - Started process (PID=49161) to work on /Users/atanasivanov/ipo-intel/ipo-intel/.venv_airflow/lib/python3.11/site-packages/airflow/example_dags/tutorial_dag.py
[2026-03-18T16:34:30.485+0100] {processor.py:914} INFO - Processing file /Users/atanasivanov/ipo-intel/ipo-intel/.venv_airflow/lib/python3.11/site-packages/airflow/example_dags/tutorial_dag.py for tasks to queue
[2026-03-18T16:34:30.486+0100] {logging_mixin.py:190} INFO - [2026-03-18T16:34:30.486+0100] {dagbag.py:588} INFO - Filling up the DagBag from /Users/atanasivanov/ipo-intel/ipo-intel/.venv_airflow/lib/python3.11/site-packages/airflow/example_dags/tutorial_dag.py
[2026-03-18T16:34:30.509+0100] {processor.py:925} INFO - DAG(s) 'tutorial_dag' retrieved from /Users/atanasivanov/ipo-intel/ipo-intel/.venv_airflow/lib/python3.11/site-packages/airflow/example_dags/tutorial_dag.py
[2026-03-18T16:34:30.585+0100] {logging_mixin.py:190} INFO - [2026-03-18T16:34:30.584+0100] {dag.py:3239} INFO - Sync 1 DAGs
[2026-03-18T16:34:30.641+0100] {logging_mixin.py:190} INFO - [2026-03-18T16:34:30.641+0100] {dag.py:4180} INFO - Setting next_dagrun for tutorial_dag to None, run_after=None
[2026-03-18T16:34:30.658+0100] {processor.py:208} INFO - Processing /Users/atanasivanov/ipo-intel/ipo-intel/.venv_airflow/lib/python3.11/site-packages/airflow/example_dags/tutorial_dag.py took 0.178 seconds
[2026-03-18T16:36:27.421+0100] {processor.py:186} INFO - Started process (PID=49588) to work on /Users/atanasivanov/ipo-intel/ipo-intel/.venv_airflow/lib/python3.11/site-packages/airflow/example_dags/tutorial_dag.py
[2026-03-18T16:36:27.422+0100] {processor.py:914} INFO - Processing file /Users/atanasivanov/ipo-intel/ipo-intel/.venv_airflow/lib/python3.11/site-packages/airflow/example_dags/tutorial_dag.py for tasks to queue
[2026-03-18T16:36:27.423+0100] {logging_mixin.py:190} INFO - [2026-03-18T16:36:27.423+0100] {dagbag.py:588} INFO - Filling up the DagBag from /Users/atanasivanov/ipo-intel/ipo-intel/.venv_airflow/lib/python3.11/site-packages/airflow/example_dags/tutorial_dag.py
[2026-03-18T16:36:27.447+0100] {processor.py:925} INFO - DAG(s) 'tutorial_dag' retrieved from /Users/atanasivanov/ipo-intel/ipo-intel/.venv_airflow/lib/python3.11/site-packages/airflow/example_dags/tutorial_dag.py
[2026-03-18T16:36:27.523+0100] {logging_mixin.py:190} INFO - [2026-03-18T16:36:27.523+0100] {dag.py:3239} INFO - Sync 1 DAGs
[2026-03-18T16:36:27.583+0100] {logging_mixin.py:190} INFO - [2026-03-18T16:36:27.583+0100] {dag.py:4180} INFO - Setting next_dagrun for tutorial_dag to None, run_after=None
[2026-03-18T16:36:27.602+0100] {processor.py:208} INFO - Processing /Users/atanasivanov/ipo-intel/ipo-intel/.venv_airflow/lib/python3.11/site-packages/airflow/example_dags/tutorial_dag.py took 0.185 seconds
[2026-03-18T16:38:19.155+0100] {processor.py:186} INFO - Started process (PID=49993) to work on /Users/atanasivanov/ipo-intel/ipo-intel/.venv_airflow/lib/python3.11/site-packages/airflow/example_dags/tutorial_dag.py
[2026-03-18T16:38:19.156+0100] {processor.py:914} INFO - Processing file /Users/atanasivanov/ipo-intel/ipo-intel/.venv_airflow/lib/python3.11/site-packages/airflow/example_dags/tutorial_dag.py for tasks to queue
[2026-03-18T16:38:19.157+0100] {logging_mixin.py:190} INFO - [2026-03-18T16:38:19.157+0100] {dagbag.py:588} INFO - Filling up the DagBag from /Users/atanasivanov/ipo-intel/ipo-intel/.venv_airflow/lib/python3.11/site-packages/airflow/example_dags/tutorial_dag.py
[2026-03-18T16:38:19.180+0100] {processor.py:925} INFO - DAG(s) 'tutorial_dag' retrieved from /Users/atanasivanov/ipo-intel/ipo-intel/.venv_airflow/lib/python3.11/site-packages/airflow/example_dags/tutorial_dag.py
[2026-03-18T16:38:19.257+0100] {logging_mixin.py:190} INFO - [2026-03-18T16:38:19.257+0100] {dag.py:3239} INFO - Sync 1 DAGs
[2026-03-18T16:38:19.317+0100] {logging_mixin.py:190} INFO - [2026-03-18T16:38:19.317+0100] {dag.py:4180} INFO - Setting next_dagrun for tutorial_dag to None, run_after=None
[2026-03-18T16:38:19.334+0100] {processor.py:208} INFO - Processing /Users/atanasivanov/ipo-intel/ipo-intel/.venv_airflow/lib/python3.11/site-packages/airflow/example_dags/tutorial_dag.py took 0.183 seconds
[2026-03-18T16:40:20.180+0100] {processor.py:186} INFO - Started process (PID=51133) to work on /Users/atanasivanov/ipo-intel/ipo-intel/.venv_airflow/lib/python3.11/site-packages/airflow/example_dags/tutorial_dag.py
[2026-03-18T16:40:20.181+0100] {processor.py:914} INFO - Processing file /Users/atanasivanov/ipo-intel/ipo-intel/.venv_airflow/lib/python3.11/site-packages/airflow/example_dags/tutorial_dag.py for tasks to queue
[2026-03-18T16:40:20.182+0100] {logging_mixin.py:190} INFO - [2026-03-18T16:40:20.182+0100] {dagbag.py:588} INFO - Filling up the DagBag from /Users/atanasivanov/ipo-intel/ipo-intel/.venv_airflow/lib/python3.11/site-packages/airflow/example_dags/tutorial_dag.py
[2026-03-18T16:40:20.210+0100] {processor.py:925} INFO - DAG(s) 'tutorial_dag' retrieved from /Users/atanasivanov/ipo-intel/ipo-intel/.venv_airflow/lib/python3.11/site-packages/airflow/example_dags/tutorial_dag.py
[2026-03-18T16:40:20.308+0100] {logging_mixin.py:190} INFO - [2026-03-18T16:40:20.308+0100] {dag.py:3239} INFO - Sync 1 DAGs
[2026-03-18T16:40:20.369+0100] {logging_mixin.py:190} INFO - [2026-03-18T16:40:20.368+0100] {dag.py:4180} INFO - Setting next_dagrun for tutorial_dag to None, run_after=None
[2026-03-18T16:40:20.389+0100] {processor.py:208} INFO - Processing /Users/atanasivanov/ipo-intel/ipo-intel/.venv_airflow/lib/python3.11/site-packages/airflow/example_dags/tutorial_dag.py took 0.214 seconds
[2026-03-18T16:42:21.913+0100] {processor.py:186} INFO - Started process (PID=51951) to work on /Users/atanasivanov/ipo-intel/ipo-intel/.venv_airflow/lib/python3.11/site-packages/airflow/example_dags/tutorial_dag.py
[2026-03-18T16:42:21.914+0100] {processor.py:914} INFO - Processing file /Users/atanasivanov/ipo-intel/ipo-intel/.venv_airflow/lib/python3.11/site-packages/airflow/example_dags/tutorial_dag.py for tasks to queue
[2026-03-18T16:42:21.915+0100] {logging_mixin.py:190} INFO - [2026-03-18T16:42:21.915+0100] {dagbag.py:588} INFO - Filling up the DagBag from /Users/atanasivanov/ipo-intel/ipo-intel/.venv_airflow/lib/python3.11/site-packages/airflow/example_dags/tutorial_dag.py
[2026-03-18T16:42:21.940+0100] {processor.py:925} INFO - DAG(s) 'tutorial_dag' retrieved from /Users/atanasivanov/ipo-intel/ipo-intel/.venv_airflow/lib/python3.11/site-packages/airflow/example_dags/tutorial_dag.py
[2026-03-18T16:42:22.028+0100] {logging_mixin.py:190} INFO - [2026-03-18T16:42:22.028+0100] {dag.py:3239} INFO - Sync 1 DAGs
[2026-03-18T16:42:22.090+0100] {logging_mixin.py:190} INFO - [2026-03-18T16:42:22.090+0100] {dag.py:4180} INFO - Setting next_dagrun for tutorial_dag to None, run_after=None
[2026-03-18T16:42:22.110+0100] {processor.py:208} INFO - Processing /Users/atanasivanov/ipo-intel/ipo-intel/.venv_airflow/lib/python3.11/site-packages/airflow/example_dags/tutorial_dag.py took 0.203 seconds
[2026-03-18T16:47:58.748+0100] {processor.py:186} INFO - Started process (PID=53207) to work on /Users/atanasivanov/ipo-intel/ipo-intel/.venv_airflow/lib/python3.11/site-packages/airflow/example_dags/tutorial_dag.py
[2026-03-18T16:47:58.749+0100] {processor.py:914} INFO - Processing file /Users/atanasivanov/ipo-intel/ipo-intel/.venv_airflow/lib/python3.11/site-packages/airflow/example_dags/tutorial_dag.py for tasks to queue
[2026-03-18T16:47:58.750+0100] {logging_mixin.py:190} INFO - [2026-03-18T16:47:58.750+0100] {dagbag.py:588} INFO - Filling up the DagBag from /Users/atanasivanov/ipo-intel/ipo-intel/.venv_airflow/lib/python3.11/site-packages/airflow/example_dags/tutorial_dag.py
[2026-03-18T16:47:58.774+0100] {processor.py:925} INFO - DAG(s) 'tutorial_dag' retrieved from /Users/atanasivanov/ipo-intel/ipo-intel/.venv_airflow/lib/python3.11/site-packages/airflow/example_dags/tutorial_dag.py
[2026-03-18T16:47:58.862+0100] {logging_mixin.py:190} INFO - [2026-03-18T16:47:58.862+0100] {dag.py:3239} INFO - Sync 1 DAGs
[2026-03-18T16:47:58.922+0100] {logging_mixin.py:190} INFO - [2026-03-18T16:47:58.922+0100] {dag.py:4180} INFO - Setting next_dagrun for tutorial_dag to None, run_after=None
[2026-03-18T16:47:58.941+0100] {processor.py:208} INFO - Processing /Users/atanasivanov/ipo-intel/ipo-intel/.venv_airflow/lib/python3.11/site-packages/airflow/example_dags/tutorial_dag.py took 0.199 seconds
[2026-03-18T16:50:27.690+0100] {processor.py:186} INFO - Started process (PID=53743) to work on /Users/atanasivanov/ipo-intel/ipo-intel/.venv_airflow/lib/python3.11/site-packages/airflow/example_dags/tutorial_dag.py
[2026-03-18T16:50:27.692+0100] {processor.py:914} INFO - Processing file /Users/atanasivanov/ipo-intel/ipo-intel/.venv_airflow/lib/python3.11/site-packages/airflow/example_dags/tutorial_dag.py for tasks to queue
[2026-03-18T16:50:27.693+0100] {logging_mixin.py:190} INFO - [2026-03-18T16:50:27.693+0100] {dagbag.py:588} INFO - Filling up the DagBag from /Users/atanasivanov/ipo-intel/ipo-intel/.venv_airflow/lib/python3.11/site-packages/airflow/example_dags/tutorial_dag.py
[2026-03-18T16:50:27.720+0100] {processor.py:925} INFO - DAG(s) 'tutorial_dag' retrieved from /Users/atanasivanov/ipo-intel/ipo-intel/.venv_airflow/lib/python3.11/site-packages/airflow/example_dags/tutorial_dag.py
[2026-03-18T16:50:27.818+0100] {logging_mixin.py:190} INFO - [2026-03-18T16:50:27.818+0100] {dag.py:3239} INFO - Sync 1 DAGs
[2026-03-18T16:50:27.885+0100] {logging_mixin.py:190} INFO - [2026-03-18T16:50:27.885+0100] {dag.py:4180} INFO - Setting next_dagrun for tutorial_dag to None, run_after=None
[2026-03-18T16:50:27.907+0100] {processor.py:208} INFO - Processing /Users/atanasivanov/ipo-intel/ipo-intel/.venv_airflow/lib/python3.11/site-packages/airflow/example_dags/tutorial_dag.py took 0.223 seconds
[2026-03-18T16:52:29.992+0100] {processor.py:186} INFO - Started process (PID=54189) to work on /Users/atanasivanov/ipo-intel/ipo-intel/.venv_airflow/lib/python3.11/site-packages/airflow/example_dags/tutorial_dag.py
[2026-03-18T16:52:29.993+0100] {processor.py:914} INFO - Processing file /Users/atanasivanov/ipo-intel/ipo-intel/.venv_airflow/lib/python3.11/site-packages/airflow/example_dags/tutorial_dag.py for tasks to queue
[2026-03-18T16:52:29.994+0100] {logging_mixin.py:190} INFO - [2026-03-18T16:52:29.994+0100] {dagbag.py:588} INFO - Filling up the DagBag from /Users/atanasivanov/ipo-intel/ipo-intel/.venv_airflow/lib/python3.11/site-packages/airflow/example_dags/tutorial_dag.py
[2026-03-18T16:52:30.019+0100] {processor.py:925} INFO - DAG(s) 'tutorial_dag' retrieved from /Users/atanasivanov/ipo-intel/ipo-intel/.venv_airflow/lib/python3.11/site-packages/airflow/example_dags/tutorial_dag.py
[2026-03-18T16:52:30.105+0100] {logging_mixin.py:190} INFO - [2026-03-18T16:52:30.105+0100] {dag.py:3239} INFO - Sync 1 DAGs
[2026-03-18T16:52:30.162+0100] {logging_mixin.py:190} INFO - [2026-03-18T16:52:30.161+0100] {dag.py:4180} INFO - Setting next_dagrun for tutorial_dag to None, run_after=None
[2026-03-18T16:52:30.180+0100] {processor.py:208} INFO - Processing /Users/atanasivanov/ipo-intel/ipo-intel/.venv_airflow/lib/python3.11/site-packages/airflow/example_dags/tutorial_dag.py took 0.194 seconds
[2026-03-18T16:54:37.458+0100] {processor.py:186} INFO - Started process (PID=54962) to work on /Users/atanasivanov/ipo-intel/ipo-intel/.venv_airflow/lib/python3.11/site-packages/airflow/example_dags/tutorial_dag.py
[2026-03-18T16:54:37.460+0100] {processor.py:914} INFO - Processing file /Users/atanasivanov/ipo-intel/ipo-intel/.venv_airflow/lib/python3.11/site-packages/airflow/example_dags/tutorial_dag.py for tasks to queue
[2026-03-18T16:54:37.461+0100] {logging_mixin.py:190} INFO - [2026-03-18T16:54:37.461+0100] {dagbag.py:588} INFO - Filling up the DagBag from /Users/atanasivanov/ipo-intel/ipo-intel/.venv_airflow/lib/python3.11/site-packages/airflow/example_dags/tutorial_dag.py
[2026-03-18T16:54:37.500+0100] {processor.py:925} INFO - DAG(s) 'tutorial_dag' retrieved from /Users/atanasivanov/ipo-intel/ipo-intel/.venv_airflow/lib/python3.11/site-packages/airflow/example_dags/tutorial_dag.py
[2026-03-18T16:54:37.608+0100] {logging_mixin.py:190} INFO - [2026-03-18T16:54:37.607+0100] {dag.py:3239} INFO - Sync 1 DAGs
[2026-03-18T16:54:37.677+0100] {logging_mixin.py:190} INFO - [2026-03-18T16:54:37.676+0100] {dag.py:4180} INFO - Setting next_dagrun for tutorial_dag to None, run_after=None
[2026-03-18T16:54:37.696+0100] {processor.py:208} INFO - Processing /Users/atanasivanov/ipo-intel/ipo-intel/.venv_airflow/lib/python3.11/site-packages/airflow/example_dags/tutorial_dag.py took 0.250 seconds
[2026-03-18T16:56:42.826+0100] {processor.py:186} INFO - Started process (PID=55406) to work on /Users/atanasivanov/ipo-intel/ipo-intel/.venv_airflow/lib/python3.11/site-packages/airflow/example_dags/tutorial_dag.py
[2026-03-18T16:56:42.827+0100] {processor.py:914} INFO - Processing file /Users/atanasivanov/ipo-intel/ipo-intel/.venv_airflow/lib/python3.11/site-packages/airflow/example_dags/tutorial_dag.py for tasks to queue
[2026-03-18T16:56:42.828+0100] {logging_mixin.py:190} INFO - [2026-03-18T16:56:42.828+0100] {dagbag.py:588} INFO - Filling up the DagBag from /Users/atanasivanov/ipo-intel/ipo-intel/.venv_airflow/lib/python3.11/site-packages/airflow/example_dags/tutorial_dag.py
[2026-03-18T16:56:42.857+0100] {processor.py:925} INFO - DAG(s) 'tutorial_dag' retrieved from /Users/atanasivanov/ipo-intel/ipo-intel/.venv_airflow/lib/python3.11/site-packages/airflow/example_dags/tutorial_dag.py
[2026-03-18T16:56:42.941+0100] {logging_mixin.py:190} INFO - [2026-03-18T16:56:42.941+0100] {dag.py:3239} INFO - Sync 1 DAGs
[2026-03-18T16:56:42.997+0100] {logging_mixin.py:190} INFO - [2026-03-18T16:56:42.997+0100] {dag.py:4180} INFO - Setting next_dagrun for tutorial_dag to None, run_after=None
[2026-03-18T16:56:43.014+0100] {processor.py:208} INFO - Processing /Users/atanasivanov/ipo-intel/ipo-intel/.venv_airflow/lib/python3.11/site-packages/airflow/example_dags/tutorial_dag.py took 0.194 seconds
[2026-03-18T16:58:46.268+0100] {processor.py:186} INFO - Started process (PID=55881) to work on /Users/atanasivanov/ipo-intel/ipo-intel/.venv_airflow/lib/python3.11/site-packages/airflow/example_dags/tutorial_dag.py
[2026-03-18T16:58:46.269+0100] {processor.py:914} INFO - Processing file /Users/atanasivanov/ipo-intel/ipo-intel/.venv_airflow/lib/python3.11/site-packages/airflow/example_dags/tutorial_dag.py for tasks to queue
[2026-03-18T16:58:46.269+0100] {logging_mixin.py:190} INFO - [2026-03-18T16:58:46.269+0100] {dagbag.py:588} INFO - Filling up the DagBag from /Users/atanasivanov/ipo-intel/ipo-intel/.venv_airflow/lib/python3.11/site-packages/airflow/example_dags/tutorial_dag.py
[2026-03-18T16:58:46.293+0100] {processor.py:925} INFO - DAG(s) 'tutorial_dag' retrieved from /Users/atanasivanov/ipo-intel/ipo-intel/.venv_airflow/lib/python3.11/site-packages/airflow/example_dags/tutorial_dag.py
[2026-03-18T16:58:46.372+0100] {logging_mixin.py:190} INFO - [2026-03-18T16:58:46.372+0100] {dag.py:3239} INFO - Sync 1 DAGs
[2026-03-18T16:58:46.431+0100] {logging_mixin.py:190} INFO - [2026-03-18T16:58:46.431+0100] {dag.py:4180} INFO - Setting next_dagrun for tutorial_dag to None, run_after=None
[2026-03-18T16:58:46.449+0100] {processor.py:208} INFO - Processing /Users/atanasivanov/ipo-intel/ipo-intel/.venv_airflow/lib/python3.11/site-packages/airflow/example_dags/tutorial_dag.py took 0.186 seconds
[2026-03-18T17:00:50.656+0100] {processor.py:186} INFO - Started process (PID=56331) to work on /Users/atanasivanov/ipo-intel/ipo-intel/.venv_airflow/lib/python3.11/site-packages/airflow/example_dags/tutorial_dag.py
[2026-03-18T17:00:50.657+0100] {processor.py:914} INFO - Processing file /Users/atanasivanov/ipo-intel/ipo-intel/.venv_airflow/lib/python3.11/site-packages/airflow/example_dags/tutorial_dag.py for tasks to queue
[2026-03-18T17:00:50.658+0100] {logging_mixin.py:190} INFO - [2026-03-18T17:00:50.658+0100] {dagbag.py:588} INFO - Filling up the DagBag from /Users/atanasivanov/ipo-intel/ipo-intel/.venv_airflow/lib/python3.11/site-packages/airflow/example_dags/tutorial_dag.py
[2026-03-18T17:00:50.679+0100] {processor.py:925} INFO - DAG(s) 'tutorial_dag' retrieved from /Users/atanasivanov/ipo-intel/ipo-intel/.venv_airflow/lib/python3.11/site-packages/airflow/example_dags/tutorial_dag.py
[2026-03-18T17:00:50.755+0100] {logging_mixin.py:190} INFO - [2026-03-18T17:00:50.754+0100] {dag.py:3239} INFO - Sync 1 DAGs
[2026-03-18T17:00:50.809+0100] {logging_mixin.py:190} INFO - [2026-03-18T17:00:50.809+0100] {dag.py:4180} INFO - Setting next_dagrun for tutorial_dag to None, run_after=None
[2026-03-18T17:00:50.825+0100] {processor.py:208} INFO - Processing /Users/atanasivanov/ipo-intel/ipo-intel/.venv_airflow/lib/python3.11/site-packages/airflow/example_dags/tutorial_dag.py took 0.174 seconds
[2026-03-18T17:02:43.511+0100] {processor.py:186} INFO - Started process (PID=56745) to work on /Users/atanasivanov/ipo-intel/ipo-intel/.venv_airflow/lib/python3.11/site-packages/airflow/example_dags/tutorial_dag.py
[2026-03-18T17:02:43.512+0100] {processor.py:914} INFO - Processing file /Users/atanasivanov/ipo-intel/ipo-intel/.venv_airflow/lib/python3.11/site-packages/airflow/example_dags/tutorial_dag.py for tasks to queue
[2026-03-18T17:02:43.513+0100] {logging_mixin.py:190} INFO - [2026-03-18T17:02:43.513+0100] {dagbag.py:588} INFO - Filling up the DagBag from /Users/atanasivanov/ipo-intel/ipo-intel/.venv_airflow/lib/python3.11/site-packages/airflow/example_dags/tutorial_dag.py
[2026-03-18T17:02:43.537+0100] {processor.py:925} INFO - DAG(s) 'tutorial_dag' retrieved from /Users/atanasivanov/ipo-intel/ipo-intel/.venv_airflow/lib/python3.11/site-packages/airflow/example_dags/tutorial_dag.py
[2026-03-18T17:02:43.615+0100] {logging_mixin.py:190} INFO - [2026-03-18T17:02:43.615+0100] {dag.py:3239} INFO - Sync 1 DAGs
[2026-03-18T17:02:43.669+0100] {logging_mixin.py:190} INFO - [2026-03-18T17:02:43.669+0100] {dag.py:4180} INFO - Setting next_dagrun for tutorial_dag to None, run_after=None
[2026-03-18T17:02:43.686+0100] {processor.py:208} INFO - Processing /Users/atanasivanov/ipo-intel/ipo-intel/.venv_airflow/lib/python3.11/site-packages/airflow/example_dags/tutorial_dag.py took 0.180 seconds
[2026-03-18T17:04:38.909+0100] {processor.py:186} INFO - Started process (PID=57161) to work on /Users/atanasivanov/ipo-intel/ipo-intel/.venv_airflow/lib/python3.11/site-packages/airflow/example_dags/tutorial_dag.py
[2026-03-18T17:04:38.909+0100] {processor.py:914} INFO - Processing file /Users/atanasivanov/ipo-intel/ipo-intel/.venv_airflow/lib/python3.11/site-packages/airflow/example_dags/tutorial_dag.py for tasks to queue
[2026-03-18T17:04:38.910+0100] {logging_mixin.py:190} INFO - [2026-03-18T17:04:38.910+0100] {dagbag.py:588} INFO - Filling up the DagBag from /Users/atanasivanov/ipo-intel/ipo-intel/.venv_airflow/lib/python3.11/site-packages/airflow/example_dags/tutorial_dag.py
[2026-03-18T17:04:38.931+0100] {processor.py:925} INFO - DAG(s) 'tutorial_dag' retrieved from /Users/atanasivanov/ipo-intel/ipo-intel/.venv_airflow/lib/python3.11/site-packages/airflow/example_dags/tutorial_dag.py
[2026-03-18T17:04:39.006+0100] {logging_mixin.py:190} INFO - [2026-03-18T17:04:39.006+0100] {dag.py:3239} INFO - Sync 1 DAGs
[2026-03-18T17:04:39.061+0100] {logging_mixin.py:190} INFO - [2026-03-18T17:04:39.060+0100] {dag.py:4180} INFO - Setting next_dagrun for tutorial_dag to None, run_after=None
[2026-03-18T17:04:39.077+0100] {processor.py:208} INFO - Processing /Users/atanasivanov/ipo-intel/ipo-intel/.venv_airflow/lib/python3.11/site-packages/airflow/example_dags/tutorial_dag.py took 0.173 seconds
[2026-03-18T17:06:38.048+0100] {processor.py:186} INFO - Started process (PID=57603) to work on /Users/atanasivanov/ipo-intel/ipo-intel/.venv_airflow/lib/python3.11/site-packages/airflow/example_dags/tutorial_dag.py
[2026-03-18T17:06:38.050+0100] {processor.py:914} INFO - Processing file /Users/atanasivanov/ipo-intel/ipo-intel/.venv_airflow/lib/python3.11/site-packages/airflow/example_dags/tutorial_dag.py for tasks to queue
[2026-03-18T17:06:38.051+0100] {logging_mixin.py:190} INFO - [2026-03-18T17:06:38.051+0100] {dagbag.py:588} INFO - Filling up the DagBag from /Users/atanasivanov/ipo-intel/ipo-intel/.venv_airflow/lib/python3.11/site-packages/airflow/example_dags/tutorial_dag.py
[2026-03-18T17:06:38.074+0100] {processor.py:925} INFO - DAG(s) 'tutorial_dag' retrieved from /Users/atanasivanov/ipo-intel/ipo-intel/.venv_airflow/lib/python3.11/site-packages/airflow/example_dags/tutorial_dag.py
[2026-03-18T17:06:38.149+0100] {logging_mixin.py:190} INFO - [2026-03-18T17:06:38.149+0100] {dag.py:3239} INFO - Sync 1 DAGs
[2026-03-18T17:06:38.205+0100] {logging_mixin.py:190} INFO - [2026-03-18T17:06:38.205+0100] {dag.py:4180} INFO - Setting next_dagrun for tutorial_dag to None, run_after=None
[2026-03-18T17:06:38.223+0100] {processor.py:208} INFO - Processing /Users/atanasivanov/ipo-intel/ipo-intel/.venv_airflow/lib/python3.11/site-packages/airflow/example_dags/tutorial_dag.py took 0.180 seconds
[2026-03-18T17:08:29.175+0100] {processor.py:186} INFO - Started process (PID=58006) to work on /Users/atanasivanov/ipo-intel/ipo-intel/.venv_airflow/lib/python3.11/site-packages/airflow/example_dags/tutorial_dag.py
[2026-03-18T17:08:29.176+0100] {processor.py:914} INFO - Processing file /Users/atanasivanov/ipo-intel/ipo-intel/.venv_airflow/lib/python3.11/site-packages/airflow/example_dags/tutorial_dag.py for tasks to queue
[2026-03-18T17:08:29.176+0100] {logging_mixin.py:190} INFO - [2026-03-18T17:08:29.176+0100] {dagbag.py:588} INFO - Filling up the DagBag from /Users/atanasivanov/ipo-intel/ipo-intel/.venv_airflow/lib/python3.11/site-packages/airflow/example_dags/tutorial_dag.py
[2026-03-18T17:08:29.199+0100] {processor.py:925} INFO - DAG(s) 'tutorial_dag' retrieved from /Users/atanasivanov/ipo-intel/ipo-intel/.venv_airflow/lib/python3.11/site-packages/airflow/example_dags/tutorial_dag.py
[2026-03-18T17:08:29.276+0100] {logging_mixin.py:190} INFO - [2026-03-18T17:08:29.276+0100] {dag.py:3239} INFO - Sync 1 DAGs
[2026-03-18T17:08:29.332+0100] {logging_mixin.py:190} INFO - [2026-03-18T17:08:29.332+0100] {dag.py:4180} INFO - Setting next_dagrun for tutorial_dag to None, run_after=None
[2026-03-18T17:08:29.350+0100] {processor.py:208} INFO - Processing /Users/atanasivanov/ipo-intel/ipo-intel/.venv_airflow/lib/python3.11/site-packages/airflow/example_dags/tutorial_dag.py took 0.181 seconds
[2026-03-18T17:10:30.447+0100] {processor.py:186} INFO - Started process (PID=58521) to work on /Users/atanasivanov/ipo-intel/ipo-intel/.venv_airflow/lib/python3.11/site-packages/airflow/example_dags/tutorial_dag.py
[2026-03-18T17:10:30.448+0100] {processor.py:914} INFO - Processing file /Users/atanasivanov/ipo-intel/ipo-intel/.venv_airflow/lib/python3.11/site-packages/airflow/example_dags/tutorial_dag.py for tasks to queue
[2026-03-18T17:10:30.449+0100] {logging_mixin.py:190} INFO - [2026-03-18T17:10:30.449+0100] {dagbag.py:588} INFO - Filling up the DagBag from /Users/atanasivanov/ipo-intel/ipo-intel/.venv_airflow/lib/python3.11/site-packages/airflow/example_dags/tutorial_dag.py
[2026-03-18T17:10:30.473+0100] {processor.py:925} INFO - DAG(s) 'tutorial_dag' retrieved from /Users/atanasivanov/ipo-intel/ipo-intel/.venv_airflow/lib/python3.11/site-packages/airflow/example_dags/tutorial_dag.py
[2026-03-18T17:10:30.550+0100] {logging_mixin.py:190} INFO - [2026-03-18T17:10:30.550+0100] {dag.py:3239} INFO - Sync 1 DAGs
[2026-03-18T17:10:30.608+0100] {logging_mixin.py:190} INFO - [2026-03-18T17:10:30.607+0100] {dag.py:4180} INFO - Setting next_dagrun for tutorial_dag to None, run_after=None
[2026-03-18T17:10:30.626+0100] {processor.py:208} INFO - Processing /Users/atanasivanov/ipo-intel/ipo-intel/.venv_airflow/lib/python3.11/site-packages/airflow/example_dags/tutorial_dag.py took 0.184 seconds
[2026-03-18T17:12:32.750+0100] {processor.py:186} INFO - Started process (PID=59183) to work on /Users/atanasivanov/ipo-intel/ipo-intel/.venv_airflow/lib/python3.11/site-packages/airflow/example_dags/tutorial_dag.py
[2026-03-18T17:12:32.751+0100] {processor.py:914} INFO - Processing file /Users/atanasivanov/ipo-intel/ipo-intel/.venv_airflow/lib/python3.11/site-packages/airflow/example_dags/tutorial_dag.py for tasks to queue
[2026-03-18T17:12:32.752+0100] {logging_mixin.py:190} INFO - [2026-03-18T17:12:32.752+0100] {dagbag.py:588} INFO - Filling up the DagBag from /Users/atanasivanov/ipo-intel/ipo-intel/.venv_airflow/lib/python3.11/site-packages/airflow/example_dags/tutorial_dag.py
[2026-03-18T17:12:32.776+0100] {processor.py:925} INFO - DAG(s) 'tutorial_dag' retrieved from /Users/atanasivanov/ipo-intel/ipo-intel/.venv_airflow/lib/python3.11/site-packages/airflow/example_dags/tutorial_dag.py
[2026-03-18T17:12:32.856+0100] {logging_mixin.py:190} INFO - [2026-03-18T17:12:32.856+0100] {dag.py:3239} INFO - Sync 1 DAGs
[2026-03-18T17:12:32.917+0100] {logging_mixin.py:190} INFO - [2026-03-18T17:12:32.917+0100] {dag.py:4180} INFO - Setting next_dagrun for tutorial_dag to None, run_after=None
[2026-03-18T17:12:32.937+0100] {processor.py:208} INFO - Processing /Users/atanasivanov/ipo-intel/ipo-intel/.venv_airflow/lib/python3.11/site-packages/airflow/example_dags/tutorial_dag.py took 0.192 seconds
[2026-03-18T17:14:37.975+0100] {processor.py:186} INFO - Started process (PID=59851) to work on /Users/atanasivanov/ipo-intel/ipo-intel/.venv_airflow/lib/python3.11/site-packages/airflow/example_dags/tutorial_dag.py
[2026-03-18T17:14:37.976+0100] {processor.py:914} INFO - Processing file /Users/atanasivanov/ipo-intel/ipo-intel/.venv_airflow/lib/python3.11/site-packages/airflow/example_dags/tutorial_dag.py for tasks to queue
[2026-03-18T17:14:37.977+0100] {logging_mixin.py:190} INFO - [2026-03-18T17:14:37.977+0100] {dagbag.py:588} INFO - Filling up the DagBag from /Users/atanasivanov/ipo-intel/ipo-intel/.venv_airflow/lib/python3.11/site-packages/airflow/example_dags/tutorial_dag.py
[2026-03-18T17:14:38.001+0100] {processor.py:925} INFO - DAG(s) 'tutorial_dag' retrieved from /Users/atanasivanov/ipo-intel/ipo-intel/.venv_airflow/lib/python3.11/site-packages/airflow/example_dags/tutorial_dag.py
[2026-03-18T17:14:38.086+0100] {logging_mixin.py:190} INFO - [2026-03-18T17:14:38.086+0100] {dag.py:3239} INFO - Sync 1 DAGs
[2026-03-18T17:14:38.151+0100] {logging_mixin.py:190} INFO - [2026-03-18T17:14:38.151+0100] {dag.py:4180} INFO - Setting next_dagrun for tutorial_dag to None, run_after=None
[2026-03-18T17:14:38.170+0100] {processor.py:208} INFO - Processing /Users/atanasivanov/ipo-intel/ipo-intel/.venv_airflow/lib/python3.11/site-packages/airflow/example_dags/tutorial_dag.py took 0.201 seconds
